[1443876245.276900] [node008:22855:0]         sys.c:719  MXM  WARN  Conflicting CPU frequencies detected, using: 2017.78
[1443876245.293474] [node008:22855:0]         mxm.c:185  MXM  WARN  The 'ulimit -s' on the system is set to 'unlimited'. This may have negative performance implications. Please set the heap size to the default value (10240) 
[1443876245.277508] [node008:22856:0]         sys.c:719  MXM  WARN  Conflicting CPU frequencies detected, using: 2017.78
[1443876245.294445] [node008:22856:0]         mxm.c:185  MXM  WARN  The 'ulimit -s' on the system is set to 'unlimited'. This may have negative performance implications. Please set the heap size to the default value (10240) 
[1443876245.581638] [node011:20887:0]         sys.c:719  MXM  WARN  Conflicting CPU frequencies detected, using: 1461.94
[1443876245.588250] [node011:20887:0]         mxm.c:185  MXM  WARN  The 'ulimit -s' on the system is set to 'unlimited'. This may have negative performance implications. Please set the heap size to the default value (10240) 
[1443876245.578375] [node013:2656 :0]         sys.c:719  MXM  WARN  Conflicting CPU frequencies detected, using: 1711.78
[1443876245.585706] [node013:2656 :0]         mxm.c:185  MXM  WARN  The 'ulimit -s' on the system is set to 'unlimited'. This may have negative performance implications. Please set the heap size to the default value (10240) 
[1443876245.584306] [node012:3574 :0]         sys.c:719  MXM  WARN  Conflicting CPU frequencies detected, using: 1494.84
[1443876245.590750] [node012:3574 :0]         mxm.c:185  MXM  WARN  The 'ulimit -s' on the system is set to 'unlimited'. This may have negative performance implications. Please set the heap size to the default value (10240) 
[1443876245.582518] [node010:4676 :0]         sys.c:719  MXM  WARN  Conflicting CPU frequencies detected, using: 2826.84
[1443876245.585761] [node010:4676 :0]         mxm.c:185  MXM  WARN  The 'ulimit -s' on the system is set to 'unlimited'. This may have negative performance implications. Please set the heap size to the default value (10240) 
[1443876245.580105] [node010:4675 :0]         sys.c:719  MXM  WARN  Conflicting CPU frequencies detected, using: 2826.84
[1443876245.584054] [node010:4675 :0]         mxm.c:185  MXM  WARN  The 'ulimit -s' on the system is set to 'unlimited'. This may have negative performance implications. Please set the heap size to the default value (10240) 
[1443876245.601516] [node009:13881:0]         sys.c:719  MXM  WARN  Conflicting CPU frequencies detected, using: 1495.50
[1443876245.608305] [node009:13881:0]         mxm.c:185  MXM  WARN  The 'ulimit -s' on the system is set to 'unlimited'. This may have negative performance implications. Please set the heap size to the default value (10240) 
[1443876245.604850] [node009:13887:0]         sys.c:719  MXM  WARN  Conflicting CPU frequencies detected, using: 1495.50
[1443876245.611131] [node009:13887:0]         mxm.c:185  MXM  WARN  The 'ulimit -s' on the system is set to 'unlimited'. This may have negative performance implications. Please set the heap size to the default value (10240) 
[1443876245.607784] [node012:3591 :0]         sys.c:719  MXM  WARN  Conflicting CPU frequencies detected, using: 1499.62
[1443876245.615381] [node012:3591 :0]         mxm.c:185  MXM  WARN  The 'ulimit -s' on the system is set to 'unlimited'. This may have negative performance implications. Please set the heap size to the default value (10240) 
[1443876245.617444] [node056:24027:0]         sys.c:719  MXM  WARN  Conflicting CPU frequencies detected, using: 1476.75
[1443876245.623788] [node056:24027:0]         mxm.c:185  MXM  WARN  The 'ulimit -s' on the system is set to 'unlimited'. This may have negative performance implications. Please set the heap size to the default value (10240) 
[1443876245.601312] [node022:12686:0]         sys.c:719  MXM  WARN  Conflicting CPU frequencies detected, using: 3133.97
[1443876245.607831] [node022:12686:0]         mxm.c:185  MXM  WARN  The 'ulimit -s' on the system is set to 'unlimited'. This may have negative performance implications. Please set the heap size to the default value (10240) 
[1443876245.586318] [node016:31787:0]         sys.c:719  MXM  WARN  Conflicting CPU frequencies detected, using: 1488.00
[1443876245.590515] [node016:31787:0]         mxm.c:185  MXM  WARN  The 'ulimit -s' on the system is set to 'unlimited'. This may have negative performance implications. Please set the heap size to the default value (10240) 
[1443876245.626775] [node023:26155:0]         sys.c:719  MXM  WARN  Conflicting CPU frequencies detected, using: 1510.12
[1443876245.633244] [node023:26155:0]         mxm.c:185  MXM  WARN  The 'ulimit -s' on the system is set to 'unlimited'. This may have negative performance implications. Please set the heap size to the default value (10240) 
[1443876245.624818] [node020:9350 :0]         sys.c:719  MXM  WARN  Conflicting CPU frequencies detected, using: 1592.16
[1443876245.631185] [node020:9350 :0]         mxm.c:185  MXM  WARN  The 'ulimit -s' on the system is set to 'unlimited'. This may have negative performance implications. Please set the heap size to the default value (10240) 
[1443876245.580697] [node013:2657 :0]         sys.c:719  MXM  WARN  Conflicting CPU frequencies detected, using: 1752.28
[1443876245.588157] [node013:2657 :0]         mxm.c:185  MXM  WARN  The 'ulimit -s' on the system is set to 'unlimited'. This may have negative performance implications. Please set the heap size to the default value (10240) 
[1443876245.635956] [node055:20850:0]         sys.c:719  MXM  WARN  Conflicting CPU frequencies detected, using: 1499.81
[1443876245.642199] [node055:20850:0]         mxm.c:185  MXM  WARN  The 'ulimit -s' on the system is set to 'unlimited'. This may have negative performance implications. Please set the heap size to the default value (10240) 
[1443876245.611131] [node053:24016:0]         sys.c:719  MXM  WARN  Conflicting CPU frequencies detected, using: 2115.09
[1443876245.615438] [node053:24016:0]         mxm.c:185  MXM  WARN  The 'ulimit -s' on the system is set to 'unlimited'. This may have negative performance implications. Please set the heap size to the default value (10240) 
[1443876245.615744] [node016:31804:0]         sys.c:719  MXM  WARN  Conflicting CPU frequencies detected, using: 1590.47
[1443876245.620246] [node016:31804:0]         mxm.c:185  MXM  WARN  The 'ulimit -s' on the system is set to 'unlimited'. This may have negative performance implications. Please set the heap size to the default value (10240) 
[1443876245.619153] [node019:13129:0]         sys.c:719  MXM  WARN  Conflicting CPU frequencies detected, using: 1695.19
[1443876245.623492] [node019:13129:0]         mxm.c:185  MXM  WARN  The 'ulimit -s' on the system is set to 'unlimited'. This may have negative performance implications. Please set the heap size to the default value (10240) 
[1443876245.649590] [node015:23177:0]         sys.c:719  MXM  WARN  Conflicting CPU frequencies detected, using: 1597.41
[1443876245.657734] [node015:23177:0]         mxm.c:185  MXM  WARN  The 'ulimit -s' on the system is set to 'unlimited'. This may have negative performance implications. Please set the heap size to the default value (10240) 
[1443876245.648770] [node015:23169:0]         sys.c:719  MXM  WARN  Conflicting CPU frequencies detected, using: 1597.41
[1443876245.657002] [node015:23169:0]         mxm.c:185  MXM  WARN  The 'ulimit -s' on the system is set to 'unlimited'. This may have negative performance implications. Please set the heap size to the default value (10240) 
[1443876245.616837] [node018:30052:0]         sys.c:719  MXM  WARN  Conflicting CPU frequencies detected, using: 1694.53
[1443876245.622565] [node018:30052:0]         mxm.c:185  MXM  WARN  The 'ulimit -s' on the system is set to 'unlimited'. This may have negative performance implications. Please set the heap size to the default value (10240) 
[1443876245.622015] [node021:18129:0]         sys.c:719  MXM  WARN  Conflicting CPU frequencies detected, using: 1593.19
[1443876245.625801] [node021:18129:0]         mxm.c:185  MXM  WARN  The 'ulimit -s' on the system is set to 'unlimited'. This may have negative performance implications. Please set the heap size to the default value (10240) 
[1443876245.622444] [node021:18130:0]         sys.c:719  MXM  WARN  Conflicting CPU frequencies detected, using: 1593.19
[1443876245.626338] [node021:18130:0]         mxm.c:185  MXM  WARN  The 'ulimit -s' on the system is set to 'unlimited'. This may have negative performance implications. Please set the heap size to the default value (10240) 
[1443876245.627843] [node019:13143:0]         sys.c:719  MXM  WARN  Conflicting CPU frequencies detected, using: 1695.19
[1443876245.631900] [node019:13143:0]         mxm.c:185  MXM  WARN  The 'ulimit -s' on the system is set to 'unlimited'. This may have negative performance implications. Please set the heap size to the default value (10240) 
[1443876245.645674] [node057:2735 :0]         sys.c:719  MXM  WARN  Conflicting CPU frequencies detected, using: 3199.97
[1443876245.649983] [node057:2735 :0]         mxm.c:185  MXM  WARN  The 'ulimit -s' on the system is set to 'unlimited'. This may have negative performance implications. Please set the heap size to the default value (10240) 
[1443876245.632570] [node014:10705:0]         sys.c:719  MXM  WARN  Conflicting CPU frequencies detected, using: 2017.97
[1443876245.636811] [node014:10705:0]         mxm.c:185  MXM  WARN  The 'ulimit -s' on the system is set to 'unlimited'. This may have negative performance implications. Please set the heap size to the default value (10240) 
[1443876245.659177] [node057:2747 :0]         sys.c:719  MXM  WARN  Conflicting CPU frequencies detected, using: 3199.97
[1443876245.662971] [node057:2747 :0]         mxm.c:185  MXM  WARN  The 'ulimit -s' on the system is set to 'unlimited'. This may have negative performance implications. Please set the heap size to the default value (10240) 
[1443876245.663422] [node066:7607 :0]         sys.c:719  MXM  WARN  Conflicting CPU frequencies detected, using: 1545.56
[1443876245.669146] [node066:7607 :0]         mxm.c:185  MXM  WARN  The 'ulimit -s' on the system is set to 'unlimited'. This may have negative performance implications. Please set the heap size to the default value (10240) 
[1443876245.636900] [node053:24033:0]         sys.c:719  MXM  WARN  Conflicting CPU frequencies detected, using: 1699.97
[1443876245.641194] [node053:24033:0]         mxm.c:185  MXM  WARN  The 'ulimit -s' on the system is set to 'unlimited'. This may have negative performance implications. Please set the heap size to the default value (10240) 
[1443876245.666350] [node068:7634 :0]         sys.c:719  MXM  WARN  Conflicting CPU frequencies detected, using: 1583.16
[1443876245.674335] [node068:7634 :0]         mxm.c:185  MXM  WARN  The 'ulimit -s' on the system is set to 'unlimited'. This may have negative performance implications. Please set the heap size to the default value (10240) 
[1443876245.625249] [node060:31788:0]         sys.c:719  MXM  WARN  Conflicting CPU frequencies detected, using: 1586.91
[1443876245.628621] [node060:31788:0]         mxm.c:185  MXM  WARN  The 'ulimit -s' on the system is set to 'unlimited'. This may have negative performance implications. Please set the heap size to the default value (10240) 
[1443876245.666430] [node068:7628 :0]         sys.c:719  MXM  WARN  Conflicting CPU frequencies detected, using: 1583.16
[1443876245.675100] [node068:7628 :0]         mxm.c:185  MXM  WARN  The 'ulimit -s' on the system is set to 'unlimited'. This may have negative performance implications. Please set the heap size to the default value (10240) 
[1443876245.621800] [node060:31781:0]         sys.c:719  MXM  WARN  Conflicting CPU frequencies detected, using: 1586.91
[1443876245.625822] [node060:31781:0]         mxm.c:185  MXM  WARN  The 'ulimit -s' on the system is set to 'unlimited'. This may have negative performance implications. Please set the heap size to the default value (10240) 
[1443876245.634481] [node067:6757 :0]         sys.c:719  MXM  WARN  Conflicting CPU frequencies detected, using: 2945.06
[1443876245.642573] [node067:6757 :0]         mxm.c:185  MXM  WARN  The 'ulimit -s' on the system is set to 'unlimited'. This may have negative performance implications. Please set the heap size to the default value (10240) 
[1443876245.629542] [node017:14054:0]         sys.c:719  MXM  WARN  Conflicting CPU frequencies detected, using: 2635.12
[1443876245.637619] [node017:14054:0]         mxm.c:185  MXM  WARN  The 'ulimit -s' on the system is set to 'unlimited'. This may have negative performance implications. Please set the heap size to the default value (10240) 
[1443876245.630499] [node017:14055:0]         sys.c:719  MXM  WARN  Conflicting CPU frequencies detected, using: 2635.12
[1443876245.638400] [node017:14055:0]         mxm.c:185  MXM  WARN  The 'ulimit -s' on the system is set to 'unlimited'. This may have negative performance implications. Please set the heap size to the default value (10240) 
[1443876245.635671] [node067:6765 :0]         sys.c:719  MXM  WARN  Conflicting CPU frequencies detected, using: 2945.06
[1443876245.643310] [node067:6765 :0]         mxm.c:185  MXM  WARN  The 'ulimit -s' on the system is set to 'unlimited'. This may have negative performance implications. Please set the heap size to the default value (10240) 
[1443876245.647497] [node011:20908:0]         sys.c:719  MXM  WARN  Conflicting CPU frequencies detected, using: 1990.03
[1443876245.653238] [node011:20908:0]         mxm.c:185  MXM  WARN  The 'ulimit -s' on the system is set to 'unlimited'. This may have negative performance implications. Please set the heap size to the default value (10240) 
[1443876245.649428] [node065:22248:0]         sys.c:719  MXM  WARN  Conflicting CPU frequencies detected, using: 1587.00
[1443876245.652846] [node065:22248:0]         mxm.c:185  MXM  WARN  The 'ulimit -s' on the system is set to 'unlimited'. This may have negative performance implications. Please set the heap size to the default value (10240) 
[1443876245.630492] [node058:29204:0]         sys.c:719  MXM  WARN  Conflicting CPU frequencies detected, using: 1600.12
[1443876245.634930] [node058:29204:0]         mxm.c:185  MXM  WARN  The 'ulimit -s' on the system is set to 'unlimited'. This may have negative performance implications. Please set the heap size to the default value (10240) 
[1443876245.630547] [node058:29210:0]         sys.c:719  MXM  WARN  Conflicting CPU frequencies detected, using: 1600.12
[1443876245.634835] [node058:29210:0]         mxm.c:185  MXM  WARN  The 'ulimit -s' on the system is set to 'unlimited'. This may have negative performance implications. Please set the heap size to the default value (10240) 
[1443876245.644774] [node065:22234:0]         sys.c:719  MXM  WARN  Conflicting CPU frequencies detected, using: 1500.00
[1443876245.648656] [node065:22234:0]         mxm.c:185  MXM  WARN  The 'ulimit -s' on the system is set to 'unlimited'. This may have negative performance implications. Please set the heap size to the default value (10240) 
[1443876245.629256] [node020:9357 :0]         sys.c:719  MXM  WARN  Conflicting CPU frequencies detected, using: 1592.16
[1443876245.635485] [node020:9357 :0]         mxm.c:185  MXM  WARN  The 'ulimit -s' on the system is set to 'unlimited'. This may have negative performance implications. Please set the heap size to the default value (10240) 
[1443876245.647494] [node059:27292:0]         sys.c:719  MXM  WARN  Conflicting CPU frequencies detected, using: 1599.94
[1443876245.651514] [node059:27292:0]         mxm.c:185  MXM  WARN  The 'ulimit -s' on the system is set to 'unlimited'. This may have negative performance implications. Please set the heap size to the default value (10240) 
[1443876245.638938] [node064:16679:0]         sys.c:719  MXM  WARN  Conflicting CPU frequencies detected, using: 1588.31
[1443876245.645853] [node064:16679:0]         mxm.c:185  MXM  WARN  The 'ulimit -s' on the system is set to 'unlimited'. This may have negative performance implications. Please set the heap size to the default value (10240) 
[1443876245.642359] [node061:11036:0]         sys.c:719  MXM  WARN  Conflicting CPU frequencies detected, using: 1584.84
[1443876245.646504] [node061:11036:0]         mxm.c:185  MXM  WARN  The 'ulimit -s' on the system is set to 'unlimited'. This may have negative performance implications. Please set the heap size to the default value (10240) 
[1443876245.646042] [node059:27291:0]         sys.c:719  MXM  WARN  Conflicting CPU frequencies detected, using: 1599.94
[1443876245.650218] [node059:27291:0]         mxm.c:185  MXM  WARN  The 'ulimit -s' on the system is set to 'unlimited'. This may have negative performance implications. Please set the heap size to the default value (10240) 
[1443876245.665034] [node063:12159:0]         sys.c:719  MXM  WARN  Conflicting CPU frequencies detected, using: 1600.69
[1443876245.669035] [node063:12159:0]         mxm.c:185  MXM  WARN  The 'ulimit -s' on the system is set to 'unlimited'. This may have negative performance implications. Please set the heap size to the default value (10240) 
[1443876245.636163] [node054:20325:0]         sys.c:719  MXM  WARN  Conflicting CPU frequencies detected, using: 1782.00
[1443876245.644091] [node054:20325:0]         mxm.c:185  MXM  WARN  The 'ulimit -s' on the system is set to 'unlimited'. This may have negative performance implications. Please set the heap size to the default value (10240) 
[1443876245.659015] [node018:30070:0]         sys.c:719  MXM  WARN  Conflicting CPU frequencies detected, using: 1793.34
[1443876245.664551] [node018:30070:0]         mxm.c:185  MXM  WARN  The 'ulimit -s' on the system is set to 'unlimited'. This may have negative performance implications. Please set the heap size to the default value (10240) 
[1443876245.668900] [node063:12166:0]         sys.c:719  MXM  WARN  Conflicting CPU frequencies detected, using: 1600.69
[1443876245.672754] [node063:12166:0]         mxm.c:185  MXM  WARN  The 'ulimit -s' on the system is set to 'unlimited'. This may have negative performance implications. Please set the heap size to the default value (10240) 
[1443876245.637173] [node054:20333:0]         sys.c:719  MXM  WARN  Conflicting CPU frequencies detected, using: 1782.00
[1443876245.644870] [node054:20333:0]         mxm.c:185  MXM  WARN  The 'ulimit -s' on the system is set to 'unlimited'. This may have negative performance implications. Please set the heap size to the default value (10240) 
[1443876245.666567] [node056:24044:0]         sys.c:719  MXM  WARN  Conflicting CPU frequencies detected, using: 1572.09
[1443876245.672409] [node056:24044:0]         mxm.c:185  MXM  WARN  The 'ulimit -s' on the system is set to 'unlimited'. This may have negative performance implications. Please set the heap size to the default value (10240) 
[1443876245.652682] [node064:16693:0]         sys.c:719  MXM  WARN  Conflicting CPU frequencies detected, using: 1588.31
[1443876245.659112] [node064:16693:0]         mxm.c:185  MXM  WARN  The 'ulimit -s' on the system is set to 'unlimited'. This may have negative performance implications. Please set the heap size to the default value (10240) 
[1443876245.654843] [node061:11046:0]         sys.c:719  MXM  WARN  Conflicting CPU frequencies detected, using: 1584.84
[1443876245.659067] [node061:11046:0]         mxm.c:185  MXM  WARN  The 'ulimit -s' on the system is set to 'unlimited'. This may have negative performance implications. Please set the heap size to the default value (10240) 
[1443876245.669906] [node062:5447 :0]         sys.c:719  MXM  WARN  Conflicting CPU frequencies detected, using: 1612.41
[1443876245.677287] [node062:5447 :0]         mxm.c:185  MXM  WARN  The 'ulimit -s' on the system is set to 'unlimited'. This may have negative performance implications. Please set the heap size to the default value (10240) 
[1443876245.668131] [node062:5446 :0]         sys.c:719  MXM  WARN  Conflicting CPU frequencies detected, using: 1699.88
[1443876245.676307] [node062:5446 :0]         mxm.c:185  MXM  WARN  The 'ulimit -s' on the system is set to 'unlimited'. This may have negative performance implications. Please set the heap size to the default value (10240) 
[1443876245.666928] [node023:26172:0]         sys.c:719  MXM  WARN  Conflicting CPU frequencies detected, using: 1490.44
[1443876245.673141] [node023:26172:0]         mxm.c:185  MXM  WARN  The 'ulimit -s' on the system is set to 'unlimited'. This may have negative performance implications. Please set the heap size to the default value (10240) 
[1443876245.669443] [node055:20868:0]         sys.c:719  MXM  WARN  Conflicting CPU frequencies detected, using: 1499.81
[1443876245.676861] [node055:20868:0]         mxm.c:185  MXM  WARN  The 'ulimit -s' on the system is set to 'unlimited'. This may have negative performance implications. Please set the heap size to the default value (10240) 
[1443876245.654896] [node014:10722:0]         sys.c:719  MXM  WARN  Conflicting CPU frequencies detected, using: 1544.72
[1443876245.659377] [node014:10722:0]         mxm.c:185  MXM  WARN  The 'ulimit -s' on the system is set to 'unlimited'. This may have negative performance implications. Please set the heap size to the default value (10240) 
[1443876245.658432] [node066:7601 :0]         sys.c:719  MXM  WARN  Conflicting CPU frequencies detected, using: 1545.56
[1443876245.664782] [node066:7601 :0]         mxm.c:185  MXM  WARN  The 'ulimit -s' on the system is set to 'unlimited'. This may have negative performance implications. Please set the heap size to the default value (10240) 
[1443876245.666446] [node022:12707:0]         sys.c:719  MXM  WARN  Conflicting CPU frequencies detected, using: 3133.97
[1443876245.672917] [node022:12707:0]         mxm.c:185  MXM  WARN  The 'ulimit -s' on the system is set to 'unlimited'. This may have negative performance implications. Please set the heap size to the default value (10240) 
UPCR: UPC thread 29 of 64 on node022 (pshm node 14 of 32, process 29 of 64, pid=12707)
UPCR: UPC thread 23 of 64 on node019 (pshm node 11 of 32, process 23 of 64, pid=13129)
UPCR: UPC thread 38 of 64 on node056 (pshm node 19 of 32, process 38 of 64, pid=24027)
UPCR: UPC thread 22 of 64 on node019 (pshm node 11 of 32, process 22 of 64, pid=13143)
UPCR: UPC thread 54 of 64 on node064 (pshm node 27 of 32, process 54 of 64, pid=16679)
UPCR: UPC thread 55 of 64 on node064 (pshm node 27 of 32, process 55 of 64, pid=16693)
UPCR: UPC thread 24 of 64 on node020 (pshm node 12 of 32, process 24 of 64, pid=9350)
UPCR: UPC thread  1 of 64 on node008 (pshm node  0 of 32, process  1 of 64, pid=22856)
UPCR: UPC thread  0 of 64 on node008 (pshm node  0 of 32, process  0 of 64, pid=22855)
UPCR: UPC thread 56 of 64 on node065 (pshm node 28 of 32, process 56 of 64, pid=22248)
UPCR: UPC thread 52 of 64 on node063 (pshm node 26 of 32, process 52 of 64, pid=12159)
UPCR: UPC thread  7 of 64 on node011 (pshm node  3 of 32, process  7 of 64, pid=20908)
UPCR: UPC thread 45 of 64 on node059 (pshm node 22 of 32, process 45 of 64, pid=27292)
UPCR: UPC thread 59 of 64 on node066 (pshm node 29 of 32, process 59 of 64, pid=7601)
UPCR: UPC thread 42 of 64 on node058 (pshm node 21 of 32, process 42 of 64, pid=29204)
UPCR: UPC thread 58 of 64 on node066 (pshm node 29 of 32, process 58 of 64, pid=7607)
UPCR: UPC thread 61 of 64 on node067 (pshm node 30 of 32, process 61 of 64, pid=6765)
UPCR: UPC thread 28 of 64 on node022 (pshm node 14 of 32, process 28 of 64, pid=12686)
UPCR: UPC thread 44 of 64 on node059 (pshm node 22 of 32, process 44 of 64, pid=27291)
UPCR: UPC thread  4 of 64 on node010 (pshm node  2 of 32, process  4 of 64, pid=4675)
UPCR: UPC thread  6 of 64 on node011 (pshm node  3 of 32, process  6 of 64, pid=20887)
UPCR: UPC thread 53 of 64 on node063 (pshm node 26 of 32, process 53 of 64, pid=12166)
UPCR: UPC thread  5 of 64 on node010 (pshm node  2 of 32, process  5 of 64, pid=4676)
UPCR: UPC thread 21 of 64 on node018 (pshm node 10 of 32, process 21 of 64, pid=30052)
UPCR: UPC thread 36 of 64 on node055 (pshm node 18 of 32, process 36 of 64, pid=20850)
UPCR: UPC thread 63 of 64 on node068 (pshm node 31 of 32, process 63 of 64, pid=7634)
UPCR: UPC thread 26 of 64 on node021 (pshm node 13 of 32, process 26 of 64, pid=18129)
UPCR: UPC thread 11 of 64 on node013 (pshm node  5 of 32, process 11 of 64, pid=2657)
UPCR: UPC thread 25 of 64 on node020 (pshm node 12 of 32, process 25 of 64, pid=9357)
UPCR: UPC thread 47 of 64 on node060 (pshm node 23 of 32, process 47 of 64, pid=31788)
UPCR: UPC thread 41 of 64 on node057 (pshm node 20 of 32, process 41 of 64, pid=2735)
UPCR: UPC thread 43 of 64 on node058 (pshm node 21 of 32, process 43 of 64, pid=29210)
UPCR: UPC thread 62 of 64 on node068 (pshm node 31 of 32, process 62 of 64, pid=7628)
UPCR: UPC thread 51 of 64 on node062 (pshm node 25 of 32, process 51 of 64, pid=5447)
UPCR: UPC thread 34 of 64 on node054 (pshm node 17 of 32, process 34 of 64, pid=20325)
UPCR: UPC thread 35 of 64 on node054 (pshm node 17 of 32, process 35 of 64, pid=20333)
UPCR: UPC thread 40 of 64 on node057 (pshm node 20 of 32, process 40 of 64, pid=2747)
UPCR: UPC thread 46 of 64 on node060 (pshm node 23 of 32, process 46 of 64, pid=31781)
UPCR: UPC thread 27 of 64 on node021 (pshm node 13 of 32, process 27 of 64, pid=18130)
UPCR: UPC thread 31 of 64 on node023 (pshm node 15 of 32, process 31 of 64, pid=26172)
UPCR: UPC thread 49 of 64 on node061 (pshm node 24 of 32, process 49 of 64, pid=11046)
UPCR: UPC thread 48 of 64 on node061 (pshm node 24 of 32, process 48 of 64, pid=11036)
UPCR: UPC thread 12 of 64 on node014 (pshm node  6 of 32, process 12 of 64, pid=10705)
UPCR: UPC thread 13 of 64 on node014 (pshm node  6 of 32, process 13 of 64, pid=10722)
UPCR: UPC thread 37 of 64 on node055 (pshm node 18 of 32, process 37 of 64, pid=20868)
UPCR: UPC thread 32 of 64 on node053 (pshm node 16 of 32, process 32 of 64, pid=24033)
UPCR: UPC thread  8 of 64 on node012 (pshm node  4 of 32, process  8 of 64, pid=3591)
UPCR: UPC thread 39 of 64 on node056 (pshm node 19 of 32, process 39 of 64, pid=24044)
UPCR: UPC thread 10 of 64 on node013 (pshm node  5 of 32, process 10 of 64, pid=2656)
UPCR: UPC thread 18 of 64 on node017 (pshm node  9 of 32, process 18 of 64, pid=14055)
UPCR: UPC thread  3 of 64 on node009 (pshm node  1 of 32, process  3 of 64, pid=13881)
UPCR: UPC thread 19 of 64 on node017 (pshm node  9 of 32, process 19 of 64, pid=14054)
UPCR: UPC thread 57 of 64 on node065 (pshm node 28 of 32, process 57 of 64, pid=22234)
UPCR: UPC thread 20 of 64 on node018 (pshm node 10 of 32, process 20 of 64, pid=30070)
UPCR: UPC thread 15 of 64 on node015 (pshm node  7 of 32, process 15 of 64, pid=23177)
UPCR: UPC thread 60 of 64 on node067 (pshm node 30 of 32, process 60 of 64, pid=6757)
UPCR: UPC thread 14 of 64 on node015 (pshm node  7 of 32, process 14 of 64, pid=23169)
UPCR: UPC thread 16 of 64 on node016 (pshm node  8 of 32, process 16 of 64, pid=31804)
UPCR: UPC thread  9 of 64 on node012 (pshm node  4 of 32, process  9 of 64, pid=3574)
UPCR: UPC thread 50 of 64 on node062 (pshm node 25 of 32, process 50 of 64, pid=5446)
UPCR: UPC thread  2 of 64 on node009 (pshm node  1 of 32, process  2 of 64, pid=13887)
UPCR: UPC thread 17 of 64 on node016 (pshm node  8 of 32, process 17 of 64, pid=31787)
UPCR: UPC thread 33 of 64 on node053 (pshm node 16 of 32, process 33 of 64, pid=24016)
UPCR: UPC thread 30 of 64 on node023 (pshm node 15 of 32, process 30 of 64, pid=26155)
Initializing models/at.6.8-rgs.bdd!
Vector size: 14
Bits per integer: 8
Number of BDD variables: 112
Loading initial states: 
Initial states loaded... 
Loading transition relations... 
14 integers per state, 8 bits per integer, 26 transition groups
BDD nodes:
Initial states: 112 BDD nodes
Transition 0: 276 BDD nodes
Transition 1: 199 BDD nodes
Transition 2: 90 BDD nodes
Transition 3: 172 BDD nodes
Transition 4: 32 BDD nodes
Transition 5: 32 BDD nodes
Transition 6: 197 BDD nodes
Transition 7: 90 BDD nodes
Transition 8: 169 BDD nodes
Transition 9: 32 BDD nodes
Transition 10: 32 BDD nodes
Transition 11: 206 BDD nodes
Transition 12: 206 BDD nodes
Transition 13: 256 BDD nodes
Transition 14: 76 BDD nodes
Transition 15: 32 BDD nodes
Transition 16: 76 BDD nodes
Transition 17: 32 BDD nodes
Transition 18: 76 BDD nodes
Transition 19: 32 BDD nodes
Transition 20: 150 BDD nodes
Transition 21: 32 BDD nodes
Transition 22: 137 BDD nodes
Transition 23: 126 BDD nodes
Transition 24: 32 BDD nodes
Transition 25: 32 BDD nodes
Level 1... done. 
Level 2... done. 
Level 3... done. 
Level 4... done. 
Level 5... done. 
Level 6... done. 
Level 7... done. 
Level 8... done. 
Level 9... done. 
Level 10... done. 
Level 11... done. 
Level 12... done. 
Level 13... done. 
Level 14... done. 
Level 15... done. 
Level 16... done. 
Level 17... done. 
Level 18... done. 
Level 19... done. 
Level 20... done. 
Level 21... done. 
Level 22... done. 
Level 23... done. 
Level 24... done. 
Level 25... done. 
Level 26... done. 
Level 27... done. 
Level 28... done. 
Level 29... done. 
Level 30... done. 
Level 31... done. 
Level 32... done. 
Level 33... done. 
Level 34... done. 
Level 35... done. 
Level 36... done. 
Level 37... done. 
Level 38... done. 
Level 39... done. 
Level 40... done. 
Level 41... done. 
Level 42... done. 
Level 43... done. 
Level 44... done. 
Level 45... done. 
Level 46... done. 
Level 47... done. 
Level 48... done. 
Level 49... done. 
Level 50... done. 
Level 51... done. 
Level 52... done. 
Level 53... done. 
Level 54... done. 
Level 55... done. 
Level 56... done. 
Level 57... done. 
Level 58... done. 
Level 59... done. 
Level 60... done. 
Level 61... done. 
Level 62... done. 
Level 63... done. 
Level 64... done. 
Level 65... done. 
Level 66... done. 
Level 67... done. 
Level 68... done. 
Level 69... done. 
Level 70... done. 
Level 71... done. 
Level 72... done. 
Level 73... done. 
Level 74... done. 
Level 75... done. 
Level 76... done. 
Level 77... done. 
Level 78... done. 
Level 79... done. 
Level 80... done. 
Level 81... done. 
Level 82... done. 
Level 83... done. 
Level 84... done. 
Level 85... done. 
Level 86... done. 
Level 87... done. 
Level 88... done. 
Level 89... done. 
Level 90... done. 
Level 91... done. 
Level 92... done. 
Level 93... done. 
Level 94... done. 
Level 95... done. 
PAR Time: 84.821482
Final states: 160589600 states
Final states: 424124 BDD nodes
[1443876245.259936] [node008:22809:0]         sys.c:719  MXM  WARN  Conflicting CPU frequencies detected, using: 2396.34
