[1443932669.816439] [node001:8607 :0]         sys.c:719  MXM  WARN  Conflicting CPU frequencies detected, using: 1879.41
[1443932669.875412] [node001:8607 :0]         mxm.c:185  MXM  WARN  The 'ulimit -s' on the system is set to 'unlimited'. This may have negative performance implications. Please set the heap size to the default value (10240) 
[1443932669.816617] [node001:8605 :0]         sys.c:719  MXM  WARN  Conflicting CPU frequencies detected, using: 1879.41
[1443932669.877422] [node001:8605 :0]         mxm.c:185  MXM  WARN  The 'ulimit -s' on the system is set to 'unlimited'. This may have negative performance implications. Please set the heap size to the default value (10240) 
[1443932669.820353] [node001:8612 :0]         sys.c:719  MXM  WARN  Conflicting CPU frequencies detected, using: 1879.41
[1443932669.888473] [node001:8612 :0]         mxm.c:185  MXM  WARN  The 'ulimit -s' on the system is set to 'unlimited'. This may have negative performance implications. Please set the heap size to the default value (10240) 
[1443932669.817812] [node001:8614 :0]         sys.c:719  MXM  WARN  Conflicting CPU frequencies detected, using: 1879.41
[1443932669.883767] [node001:8614 :0]         mxm.c:185  MXM  WARN  The 'ulimit -s' on the system is set to 'unlimited'. This may have negative performance implications. Please set the heap size to the default value (10240) 
[1443932669.816923] [node001:8611 :0]         sys.c:719  MXM  WARN  Conflicting CPU frequencies detected, using: 1879.41
[1443932669.881270] [node001:8611 :0]         mxm.c:185  MXM  WARN  The 'ulimit -s' on the system is set to 'unlimited'. This may have negative performance implications. Please set the heap size to the default value (10240) 
[1443932669.818379] [node001:8610 :0]         sys.c:719  MXM  WARN  Conflicting CPU frequencies detected, using: 1879.41
[1443932669.886215] [node001:8610 :0]         mxm.c:185  MXM  WARN  The 'ulimit -s' on the system is set to 'unlimited'. This may have negative performance implications. Please set the heap size to the default value (10240) 
[1443932669.816706] [node001:8603 :0]         sys.c:719  MXM  WARN  Conflicting CPU frequencies detected, using: 1879.41
[1443932669.880200] [node001:8603 :0]         mxm.c:185  MXM  WARN  The 'ulimit -s' on the system is set to 'unlimited'. This may have negative performance implications. Please set the heap size to the default value (10240) 
[1443932669.818017] [node001:8604 :0]         sys.c:719  MXM  WARN  Conflicting CPU frequencies detected, using: 1879.41
[1443932669.884461] [node001:8604 :0]         mxm.c:185  MXM  WARN  The 'ulimit -s' on the system is set to 'unlimited'. This may have negative performance implications. Please set the heap size to the default value (10240) 
[1443932669.816879] [node001:8613 :0]         sys.c:719  MXM  WARN  Conflicting CPU frequencies detected, using: 1879.41
[1443932669.882759] [node001:8613 :0]         mxm.c:185  MXM  WARN  The 'ulimit -s' on the system is set to 'unlimited'. This may have negative performance implications. Please set the heap size to the default value (10240) 
[1443932669.816435] [node001:8606 :0]         sys.c:719  MXM  WARN  Conflicting CPU frequencies detected, using: 1879.41
[1443932669.877164] [node001:8606 :0]         mxm.c:185  MXM  WARN  The 'ulimit -s' on the system is set to 'unlimited'. This may have negative performance implications. Please set the heap size to the default value (10240) 
[1443932669.815141] [node001:8602 :0]         sys.c:719  MXM  WARN  Conflicting CPU frequencies detected, using: 1879.41
[1443932669.876588] [node001:8602 :0]         mxm.c:185  MXM  WARN  The 'ulimit -s' on the system is set to 'unlimited'. This may have negative performance implications. Please set the heap size to the default value (10240) 
[1443932669.817038] [node001:8608 :0]         sys.c:719  MXM  WARN  Conflicting CPU frequencies detected, using: 1879.41
[1443932669.882920] [node001:8608 :0]         mxm.c:185  MXM  WARN  The 'ulimit -s' on the system is set to 'unlimited'. This may have negative performance implications. Please set the heap size to the default value (10240) 
[1443932669.818609] [node001:8609 :0]         sys.c:719  MXM  WARN  Conflicting CPU frequencies detected, using: 1879.41
[1443932669.887784] [node001:8609 :0]         mxm.c:185  MXM  WARN  The 'ulimit -s' on the system is set to 'unlimited'. This may have negative performance implications. Please set the heap size to the default value (10240) 
[1443932669.820958] [node001:8615 :0]         sys.c:719  MXM  WARN  Conflicting CPU frequencies detected, using: 1879.41
[1443932669.892080] [node001:8615 :0]         mxm.c:185  MXM  WARN  The 'ulimit -s' on the system is set to 'unlimited'. This may have negative performance implications. Please set the heap size to the default value (10240) 
[1443932669.823711] [node001:8617 :0]         sys.c:719  MXM  WARN  Conflicting CPU frequencies detected, using: 1428.56
[1443932669.892504] [node001:8617 :0]         mxm.c:185  MXM  WARN  The 'ulimit -s' on the system is set to 'unlimited'. This may have negative performance implications. Please set the heap size to the default value (10240) 
[1443932669.822653] [node001:8616 :0]         sys.c:719  MXM  WARN  Conflicting CPU frequencies detected, using: 1388.16
[1443932669.892952] [node001:8616 :0]         mxm.c:185  MXM  WARN  The 'ulimit -s' on the system is set to 'unlimited'. This may have negative performance implications. Please set the heap size to the default value (10240) 
[1443932670.168402] [node002:31440:0]         sys.c:719  MXM  WARN  Conflicting CPU frequencies detected, using: 2020.78
[1443932670.171946] [node002:31440:0]         mxm.c:185  MXM  WARN  The 'ulimit -s' on the system is set to 'unlimited'. This may have negative performance implications. Please set the heap size to the default value (10240) 
[1443932670.169781] [node002:31451:0]         sys.c:719  MXM  WARN  Conflicting CPU frequencies detected, using: 2020.78
[1443932670.173365] [node002:31451:0]         mxm.c:185  MXM  WARN  The 'ulimit -s' on the system is set to 'unlimited'. This may have negative performance implications. Please set the heap size to the default value (10240) 
[1443932670.225971] [node002:31485:0]         sys.c:719  MXM  WARN  Conflicting CPU frequencies detected, using: 2398.03
[1443932670.229958] [node002:31485:0]         mxm.c:185  MXM  WARN  The 'ulimit -s' on the system is set to 'unlimited'. This may have negative performance implications. Please set the heap size to the default value (10240) 
[1443932670.310362] [node002:31513:0]         sys.c:719  MXM  WARN  Conflicting CPU frequencies detected, using: 2398.97
[1443932670.313498] [node002:31513:0]         mxm.c:185  MXM  WARN  The 'ulimit -s' on the system is set to 'unlimited'. This may have negative performance implications. Please set the heap size to the default value (10240) 
[1443932670.322424] [node002:31530:0]         sys.c:719  MXM  WARN  Conflicting CPU frequencies detected, using: 2297.06
[1443932670.326372] [node002:31530:0]         mxm.c:185  MXM  WARN  The 'ulimit -s' on the system is set to 'unlimited'. This may have negative performance implications. Please set the heap size to the default value (10240) 
[1443932670.337604] [node002:31538:0]         sys.c:719  MXM  WARN  Conflicting CPU frequencies detected, using: 2366.16
[1443932670.341581] [node002:31538:0]         mxm.c:185  MXM  WARN  The 'ulimit -s' on the system is set to 'unlimited'. This may have negative performance implications. Please set the heap size to the default value (10240) 
[1443932670.462247] [node002:31586:0]         sys.c:719  MXM  WARN  Conflicting CPU frequencies detected, using: 2400.00
[1443932670.465222] [node002:31586:0]         mxm.c:185  MXM  WARN  The 'ulimit -s' on the system is set to 'unlimited'. This may have negative performance implications. Please set the heap size to the default value (10240) 
[1443932670.455686] [node002:31587:0]         sys.c:719  MXM  WARN  Conflicting CPU frequencies detected, using: 2400.00
[1443932670.459512] [node002:31587:0]         mxm.c:185  MXM  WARN  The 'ulimit -s' on the system is set to 'unlimited'. This may have negative performance implications. Please set the heap size to the default value (10240) 
[1443932670.519548] [node020:10557:0]         sys.c:719  MXM  WARN  Conflicting CPU frequencies detected, using: 1500.00
[1443932670.526176] [node020:10557:0]         mxm.c:185  MXM  WARN  The 'ulimit -s' on the system is set to 'unlimited'. This may have negative performance implications. Please set the heap size to the default value (10240) 
[1443932670.611187] [node020:10580:0]         sys.c:719  MXM  WARN  Conflicting CPU frequencies detected, using: 1549.41
[1443932670.617274] [node020:10580:0]         mxm.c:185  MXM  WARN  The 'ulimit -s' on the system is set to 'unlimited'. This may have negative performance implications. Please set the heap size to the default value (10240) 
[1443932670.703760] [node021:19205:0]         sys.c:719  MXM  WARN  Conflicting CPU frequencies detected, using: 2878.12
[1443932670.708023] [node021:19205:0]         mxm.c:185  MXM  WARN  The 'ulimit -s' on the system is set to 'unlimited'. This may have negative performance implications. Please set the heap size to the default value (10240) 
[1443932670.849831] [node020:10605:0]         sys.c:719  MXM  WARN  Conflicting CPU frequencies detected, using: 1519.12
[1443932670.856250] [node020:10605:0]         mxm.c:185  MXM  WARN  The 'ulimit -s' on the system is set to 'unlimited'. This may have negative performance implications. Please set the heap size to the default value (10240) 
[1443932670.905729] [node029:8367 :0]         sys.c:719  MXM  WARN  Conflicting CPU frequencies detected, using: 1299.94
[1443932670.910172] [node029:8367 :0]         mxm.c:185  MXM  WARN  The 'ulimit -s' on the system is set to 'unlimited'. This may have negative performance implications. Please set the heap size to the default value (10240) 
[1443932671.129748] [node021:19229:0]         sys.c:719  MXM  WARN  Conflicting CPU frequencies detected, using: 2878.12
[1443932671.133784] [node021:19229:0]         mxm.c:185  MXM  WARN  The 'ulimit -s' on the system is set to 'unlimited'. This may have negative performance implications. Please set the heap size to the default value (10240) 
[1443932671.136868] [node029:8391 :0]         sys.c:719  MXM  WARN  Conflicting CPU frequencies detected, using: 1417.22
[1443932671.141065] [node029:8391 :0]         mxm.c:185  MXM  WARN  The 'ulimit -s' on the system is set to 'unlimited'. This may have negative performance implications. Please set the heap size to the default value (10240) 
[1443932671.179647] [node020:10629:0]         sys.c:719  MXM  WARN  Conflicting CPU frequencies detected, using: 1999.59
[1443932671.185472] [node020:10629:0]         mxm.c:185  MXM  WARN  The 'ulimit -s' on the system is set to 'unlimited'. This may have negative performance implications. Please set the heap size to the default value (10240) 
[1443932671.186815] [node029:8408 :0]         sys.c:719  MXM  WARN  Conflicting CPU frequencies detected, using: 1699.50
[1443932671.190895] [node029:8408 :0]         mxm.c:185  MXM  WARN  The 'ulimit -s' on the system is set to 'unlimited'. This may have negative performance implications. Please set the heap size to the default value (10240) 
[1443932671.184917] [node020:10635:0]         sys.c:719  MXM  WARN  Conflicting CPU frequencies detected, using: 1999.59
[1443932671.191378] [node020:10635:0]         mxm.c:185  MXM  WARN  The 'ulimit -s' on the system is set to 'unlimited'. This may have negative performance implications. Please set the heap size to the default value (10240) 
[1443932671.196441] [node020:10645:0]         sys.c:719  MXM  WARN  Conflicting CPU frequencies detected, using: 2005.69
[1443932671.203532] [node020:10645:0]         mxm.c:185  MXM  WARN  The 'ulimit -s' on the system is set to 'unlimited'. This may have negative performance implications. Please set the heap size to the default value (10240) 
[1443932671.273521] [node021:19253:0]         sys.c:719  MXM  WARN  Conflicting CPU frequencies detected, using: 2878.12
[1443932671.277459] [node021:19253:0]         mxm.c:185  MXM  WARN  The 'ulimit -s' on the system is set to 'unlimited'. This may have negative performance implications. Please set the heap size to the default value (10240) 
[1443932671.277424] [node026:12397:0]         sys.c:719  MXM  WARN  Conflicting CPU frequencies detected, using: 1984.78
[1443932671.281776] [node026:12397:0]         mxm.c:185  MXM  WARN  The 'ulimit -s' on the system is set to 'unlimited'. This may have negative performance implications. Please set the heap size to the default value (10240) 
[1443932671.308847] [node027:18971:0]         sys.c:719  MXM  WARN  Conflicting CPU frequencies detected, using: 2706.56
[1443932671.313111] [node027:18971:0]         mxm.c:185  MXM  WARN  The 'ulimit -s' on the system is set to 'unlimited'. This may have negative performance implications. Please set the heap size to the default value (10240) 
[1443932671.302816] [node029:8439 :0]         sys.c:719  MXM  WARN  Conflicting CPU frequencies detected, using: 1843.12
[1443932671.306670] [node029:8439 :0]         mxm.c:185  MXM  WARN  The 'ulimit -s' on the system is set to 'unlimited'. This may have negative performance implications. Please set the heap size to the default value (10240) 
[1443932671.313055] [node002:31633:0]         sys.c:719  MXM  WARN  Conflicting CPU frequencies detected, using: 2049.84
[1443932671.317392] [node002:31633:0]         mxm.c:185  MXM  WARN  The 'ulimit -s' on the system is set to 'unlimited'. This may have negative performance implications. Please set the heap size to the default value (10240) 
[1443932671.322925] [node023:27328:0]         sys.c:719  MXM  WARN  Conflicting CPU frequencies detected, using: 1882.03
[1443932671.329335] [node023:27328:0]         mxm.c:185  MXM  WARN  The 'ulimit -s' on the system is set to 'unlimited'. This may have negative performance implications. Please set the heap size to the default value (10240) 
[1443932671.375101] [node028:8392 :0]         sys.c:719  MXM  WARN  Conflicting CPU frequencies detected, using: 2638.41
[1443932671.379487] [node028:8392 :0]         mxm.c:185  MXM  WARN  The 'ulimit -s' on the system is set to 'unlimited'. This may have negative performance implications. Please set the heap size to the default value (10240) 
[1443932671.389637] [node020:10702:0]         sys.c:719  MXM  WARN  Conflicting CPU frequencies detected, using: 1782.94
[1443932671.396967] [node020:10702:0]         mxm.c:185  MXM  WARN  The 'ulimit -s' on the system is set to 'unlimited'. This may have negative performance implications. Please set the heap size to the default value (10240) 
[1443932671.425107] [node002:31665:0]         sys.c:719  MXM  WARN  Conflicting CPU frequencies detected, using: 1997.06
[1443932671.427740] [node002:31665:0]         mxm.c:185  MXM  WARN  The 'ulimit -s' on the system is set to 'unlimited'. This may have negative performance implications. Please set the heap size to the default value (10240) 
[1443932671.388483] [node020:10703:0]         sys.c:719  MXM  WARN  Conflicting CPU frequencies detected, using: 1782.94
[1443932671.396189] [node020:10703:0]         mxm.c:185  MXM  WARN  The 'ulimit -s' on the system is set to 'unlimited'. This may have negative performance implications. Please set the heap size to the default value (10240) 
[1443932671.413632] [node002:31657:0]         sys.c:719  MXM  WARN  Conflicting CPU frequencies detected, using: 1877.06
[1443932671.417586] [node002:31657:0]         mxm.c:185  MXM  WARN  The 'ulimit -s' on the system is set to 'unlimited'. This may have negative performance implications. Please set the heap size to the default value (10240) 
[1443932671.434834] [node002:31708:0]         sys.c:719  MXM  WARN  Conflicting CPU frequencies detected, using: 2100.00
[1443932671.437951] [node002:31708:0]         mxm.c:185  MXM  WARN  The 'ulimit -s' on the system is set to 'unlimited'. This may have negative performance implications. Please set the heap size to the default value (10240) 
[1443932671.426934] [node002:31664:0]         sys.c:719  MXM  WARN  Conflicting CPU frequencies detected, using: 1997.06
[1443932671.430305] [node002:31664:0]         mxm.c:185  MXM  WARN  The 'ulimit -s' on the system is set to 'unlimited'. This may have negative performance implications. Please set the heap size to the default value (10240) 
[1443932671.426463] [node022:13969:0]         sys.c:719  MXM  WARN  Conflicting CPU frequencies detected, using: 2324.53
[1443932671.432470] [node022:13969:0]         mxm.c:185  MXM  WARN  The 'ulimit -s' on the system is set to 'unlimited'. This may have negative performance implications. Please set the heap size to the default value (10240) 
[1443932671.455387] [node025:2022 :0]         sys.c:719  MXM  WARN  Conflicting CPU frequencies detected, using: 2682.56
[1443932671.459821] [node025:2022 :0]         mxm.c:185  MXM  WARN  The 'ulimit -s' on the system is set to 'unlimited'. This may have negative performance implications. Please set the heap size to the default value (10240) 
[1443932671.467820] [node002:31729:0]         sys.c:719  MXM  WARN  Conflicting CPU frequencies detected, using: 2283.56
[1443932671.471436] [node002:31729:0]         mxm.c:185  MXM  WARN  The 'ulimit -s' on the system is set to 'unlimited'. This may have negative performance implications. Please set the heap size to the default value (10240) 
[1443932671.455836] [node023:27352:0]         sys.c:719  MXM  WARN  Conflicting CPU frequencies detected, using: 1882.03
[1443932671.462095] [node023:27352:0]         mxm.c:185  MXM  WARN  The 'ulimit -s' on the system is set to 'unlimited'. This may have negative performance implications. Please set the heap size to the default value (10240) 
[1443932671.478906] [node022:13986:0]         sys.c:719  MXM  WARN  Conflicting CPU frequencies detected, using: 2324.53
[1443932671.484603] [node022:13986:0]         mxm.c:185  MXM  WARN  The 'ulimit -s' on the system is set to 'unlimited'. This may have negative performance implications. Please set the heap size to the default value (10240) 
[1443932671.478084] [node028:8416 :0]         sys.c:719  MXM  WARN  Conflicting CPU frequencies detected, using: 1799.91
[1443932671.481689] [node028:8416 :0]         mxm.c:185  MXM  WARN  The 'ulimit -s' on the system is set to 'unlimited'. This may have negative performance implications. Please set the heap size to the default value (10240) 
[1443932671.498790] [node021:19277:0]         sys.c:719  MXM  WARN  Conflicting CPU frequencies detected, using: 2878.12
[1443932671.502731] [node021:19277:0]         mxm.c:185  MXM  WARN  The 'ulimit -s' on the system is set to 'unlimited'. This may have negative performance implications. Please set the heap size to the default value (10240) 
[1443932671.481054] [node025:2039 :0]         sys.c:719  MXM  WARN  Conflicting CPU frequencies detected, using: 1595.91
[1443932671.485332] [node025:2039 :0]         mxm.c:185  MXM  WARN  The 'ulimit -s' on the system is set to 'unlimited'. This may have negative performance implications. Please set the heap size to the default value (10240) 
[1443932671.493473] [node027:18995:0]         sys.c:719  MXM  WARN  Conflicting CPU frequencies detected, using: 2150.72
[1443932671.497699] [node027:18995:0]         mxm.c:185  MXM  WARN  The 'ulimit -s' on the system is set to 'unlimited'. This may have negative performance implications. Please set the heap size to the default value (10240) 
[1443932671.533539] [node028:8436 :0]         sys.c:719  MXM  WARN  Conflicting CPU frequencies detected, using: 2265.94
[1443932671.537051] [node028:8436 :0]         mxm.c:185  MXM  WARN  The 'ulimit -s' on the system is set to 'unlimited'. This may have negative performance implications. Please set the heap size to the default value (10240) 
[1443932671.531081] [node028:8437 :0]         sys.c:719  MXM  WARN  Conflicting CPU frequencies detected, using: 2265.94
[1443932671.534695] [node028:8437 :0]         mxm.c:185  MXM  WARN  The 'ulimit -s' on the system is set to 'unlimited'. This may have negative performance implications. Please set the heap size to the default value (10240) 
[1443932671.551310] [node028:8462 :0]         sys.c:719  MXM  WARN  Conflicting CPU frequencies detected, using: 2229.94
[1443932671.554062] [node028:8462 :0]         mxm.c:185  MXM  WARN  The 'ulimit -s' on the system is set to 'unlimited'. This may have negative performance implications. Please set the heap size to the default value (10240) 
[1443932671.550654] [node028:8459 :0]         sys.c:719  MXM  WARN  Conflicting CPU frequencies detected, using: 2229.94
[1443932671.553247] [node028:8459 :0]         mxm.c:185  MXM  WARN  The 'ulimit -s' on the system is set to 'unlimited'. This may have negative performance implications. Please set the heap size to the default value (10240) 
[1443932671.550824] [node027:19016:0]         sys.c:719  MXM  WARN  Conflicting CPU frequencies detected, using: 2150.72
[1443932671.554779] [node027:19016:0]         mxm.c:185  MXM  WARN  The 'ulimit -s' on the system is set to 'unlimited'. This may have negative performance implications. Please set the heap size to the default value (10240) 
[1443932671.549131] [node029:8463 :0]         sys.c:719  MXM  WARN  Conflicting CPU frequencies detected, using: 1797.94
[1443932671.552686] [node029:8463 :0]         mxm.c:185  MXM  WARN  The 'ulimit -s' on the system is set to 'unlimited'. This may have negative performance implications. Please set the heap size to the default value (10240) 
[1443932671.539234] [node020:10749:0]         sys.c:719  MXM  WARN  Conflicting CPU frequencies detected, using: 1885.59
[1443932671.545212] [node020:10749:0]         mxm.c:185  MXM  WARN  The 'ulimit -s' on the system is set to 'unlimited'. This may have negative performance implications. Please set the heap size to the default value (10240) 
[1443932671.550601] [node023:27375:0]         sys.c:719  MXM  WARN  Conflicting CPU frequencies detected, using: 2249.91
[1443932671.556224] [node023:27375:0]         mxm.c:185  MXM  WARN  The 'ulimit -s' on the system is set to 'unlimited'. This may have negative performance implications. Please set the heap size to the default value (10240) 
[1443932671.557316] [node029:8467 :0]         sys.c:719  MXM  WARN  Conflicting CPU frequencies detected, using: 1899.00
[1443932671.561201] [node029:8467 :0]         mxm.c:185  MXM  WARN  The 'ulimit -s' on the system is set to 'unlimited'. This may have negative performance implications. Please set the heap size to the default value (10240) 
[1443932671.572455] [node029:8499 :0]         sys.c:719  MXM  WARN  Conflicting CPU frequencies detected, using: 2378.81
[1443932671.575947] [node029:8499 :0]         mxm.c:185  MXM  WARN  The 'ulimit -s' on the system is set to 'unlimited'. This may have negative performance implications. Please set the heap size to the default value (10240) 
[1443932671.560432] [node023:27382:0]         sys.c:719  MXM  WARN  Conflicting CPU frequencies detected, using: 2194.12
[1443932671.568627] [node023:27382:0]         mxm.c:185  MXM  WARN  The 'ulimit -s' on the system is set to 'unlimited'. This may have negative performance implications. Please set the heap size to the default value (10240) 
[1443932671.580493] [node029:8498 :0]         sys.c:719  MXM  WARN  Conflicting CPU frequencies detected, using: 2378.81
[1443932671.584147] [node029:8498 :0]         mxm.c:185  MXM  WARN  The 'ulimit -s' on the system is set to 'unlimited'. This may have negative performance implications. Please set the heap size to the default value (10240) 
[1443932671.568122] [node020:10766:0]         sys.c:719  MXM  WARN  Conflicting CPU frequencies detected, using: 2204.16
[1443932671.575036] [node020:10766:0]         mxm.c:185  MXM  WARN  The 'ulimit -s' on the system is set to 'unlimited'. This may have negative performance implications. Please set the heap size to the default value (10240) 
[1443932671.562401] [node023:27383:0]         sys.c:719  MXM  WARN  Conflicting CPU frequencies detected, using: 2194.12
[1443932671.570518] [node023:27383:0]         mxm.c:185  MXM  WARN  The 'ulimit -s' on the system is set to 'unlimited'. This may have negative performance implications. Please set the heap size to the default value (10240) 
[1443932671.575856] [node025:2082 :0]         sys.c:719  MXM  WARN  Conflicting CPU frequencies detected, using: 1997.91
[1443932671.579193] [node025:2082 :0]         mxm.c:185  MXM  WARN  The 'ulimit -s' on the system is set to 'unlimited'. This may have negative performance implications. Please set the heap size to the default value (10240) 
[1443932671.579073] [node025:2081 :0]         sys.c:719  MXM  WARN  Conflicting CPU frequencies detected, using: 1997.91
[1443932671.582795] [node025:2081 :0]         mxm.c:185  MXM  WARN  The 'ulimit -s' on the system is set to 'unlimited'. This may have negative performance implications. Please set the heap size to the default value (10240) 
[1443932671.590793] [node002:31777:0]         sys.c:719  MXM  WARN  Conflicting CPU frequencies detected, using: 2177.81
[1443932671.595259] [node002:31777:0]         mxm.c:185  MXM  WARN  The 'ulimit -s' on the system is set to 'unlimited'. This may have negative performance implications. Please set the heap size to the default value (10240) 
[1443932671.604016] [node002:31791:0]         sys.c:719  MXM  WARN  Conflicting CPU frequencies detected, using: 2226.75
[1443932671.607486] [node002:31791:0]         mxm.c:185  MXM  WARN  The 'ulimit -s' on the system is set to 'unlimited'. This may have negative performance implications. Please set the heap size to the default value (10240) 
[1443932671.628565] [node025:2120 :0]         sys.c:719  MXM  WARN  Conflicting CPU frequencies detected, using: 2129.53
[1443932671.632091] [node025:2120 :0]         mxm.c:185  MXM  WARN  The 'ulimit -s' on the system is set to 'unlimited'. This may have negative performance implications. Please set the heap size to the default value (10240) 
[1443932671.625971] [node020:10793:0]         sys.c:719  MXM  WARN  Conflicting CPU frequencies detected, using: 2291.25
[1443932671.631758] [node020:10793:0]         mxm.c:185  MXM  WARN  The 'ulimit -s' on the system is set to 'unlimited'. This may have negative performance implications. Please set the heap size to the default value (10240) 
[1443932671.653381] [node028:8537 :0]         sys.c:719  MXM  WARN  Conflicting CPU frequencies detected, using: 2400.00
[1443932671.657046] [node028:8537 :0]         mxm.c:185  MXM  WARN  The 'ulimit -s' on the system is set to 'unlimited'. This may have negative performance implications. Please set the heap size to the default value (10240) 
[1443932671.644036] [node024:10517:0]         sys.c:719  MXM  WARN  Conflicting CPU frequencies detected, using: 2099.91
[1443932671.648045] [node024:10517:0]         mxm.c:185  MXM  WARN  The 'ulimit -s' on the system is set to 'unlimited'. This may have negative performance implications. Please set the heap size to the default value (10240) 
[1443932671.659410] [node024:10539:0]         sys.c:719  MXM  WARN  Conflicting CPU frequencies detected, using: 2393.44
[1443932671.662579] [node024:10539:0]         mxm.c:185  MXM  WARN  The 'ulimit -s' on the system is set to 'unlimited'. This may have negative performance implications. Please set the heap size to the default value (10240) 
[1443932671.658725] [node024:10524:0]         sys.c:719  MXM  WARN  Conflicting CPU frequencies detected, using: 2393.44
[1443932671.662878] [node024:10524:0]         mxm.c:185  MXM  WARN  The 'ulimit -s' on the system is set to 'unlimited'. This may have negative performance implications. Please set the heap size to the default value (10240) 
[1443932671.660691] [node024:10525:0]         sys.c:719  MXM  WARN  Conflicting CPU frequencies detected, using: 2399.91
[1443932671.663680] [node024:10525:0]         mxm.c:185  MXM  WARN  The 'ulimit -s' on the system is set to 'unlimited'. This may have negative performance implications. Please set the heap size to the default value (10240) 
[1443932671.656435] [node022:14017:0]         sys.c:719  MXM  WARN  Conflicting CPU frequencies detected, using: 2324.53
[1443932671.662047] [node022:14017:0]         mxm.c:185  MXM  WARN  The 'ulimit -s' on the system is set to 'unlimited'. This may have negative performance implications. Please set the heap size to the default value (10240) 
[1443932671.668488] [node021:19301:0]         sys.c:719  MXM  WARN  Conflicting CPU frequencies detected, using: 1916.16
[1443932671.672170] [node021:19301:0]         mxm.c:185  MXM  WARN  The 'ulimit -s' on the system is set to 'unlimited'. This may have negative performance implications. Please set the heap size to the default value (10240) 
[1443932671.678792] [node025:2167 :0]         sys.c:719  MXM  WARN  Conflicting CPU frequencies detected, using: 2400.00
[1443932671.683089] [node025:2167 :0]         mxm.c:185  MXM  WARN  The 'ulimit -s' on the system is set to 'unlimited'. This may have negative performance implications. Please set the heap size to the default value (10240) 
[1443932671.670117] [node020:10814:0]         sys.c:719  MXM  WARN  Conflicting CPU frequencies detected, using: 2291.25
[1443932671.675722] [node020:10814:0]         mxm.c:185  MXM  WARN  The 'ulimit -s' on the system is set to 'unlimited'. This may have negative performance implications. Please set the heap size to the default value (10240) 
[1443932671.680977] [node021:19307:0]         sys.c:719  MXM  WARN  Conflicting CPU frequencies detected, using: 1994.81
[1443932671.684477] [node021:19307:0]         mxm.c:185  MXM  WARN  The 'ulimit -s' on the system is set to 'unlimited'. This may have negative performance implications. Please set the heap size to the default value (10240) 
[1443932671.673893] [node026:12421:0]         sys.c:719  MXM  WARN  Conflicting CPU frequencies detected, using: 1984.78
[1443932671.678272] [node026:12421:0]         mxm.c:185  MXM  WARN  The 'ulimit -s' on the system is set to 'unlimited'. This may have negative performance implications. Please set the heap size to the default value (10240) 
[1443932671.683006] [node021:19315:0]         sys.c:719  MXM  WARN  Conflicting CPU frequencies detected, using: 2091.66
[1443932671.686868] [node021:19315:0]         mxm.c:185  MXM  WARN  The 'ulimit -s' on the system is set to 'unlimited'. This may have negative performance implications. Please set the heap size to the default value (10240) 
[1443932671.689006] [node023:27448:0]         sys.c:719  MXM  WARN  Conflicting CPU frequencies detected, using: 2400.00
[1443932671.695200] [node023:27448:0]         mxm.c:185  MXM  WARN  The 'ulimit -s' on the system is set to 'unlimited'. This may have negative performance implications. Please set the heap size to the default value (10240) 
[1443932671.703545] [node028:8554 :0]         sys.c:719  MXM  WARN  Conflicting CPU frequencies detected, using: 2400.00
[1443932671.706746] [node028:8554 :0]         mxm.c:185  MXM  WARN  The 'ulimit -s' on the system is set to 'unlimited'. This may have negative performance implications. Please set the heap size to the default value (10240) 
[1443932671.693257] [node027:19043:0]         sys.c:719  MXM  WARN  Conflicting CPU frequencies detected, using: 2150.72
[1443932671.697314] [node027:19043:0]         mxm.c:185  MXM  WARN  The 'ulimit -s' on the system is set to 'unlimited'. This may have negative performance implications. Please set the heap size to the default value (10240) 
[1443932671.707917] [node028:8569 :0]         sys.c:719  MXM  WARN  Conflicting CPU frequencies detected, using: 2400.00
[1443932671.711209] [node028:8569 :0]         mxm.c:185  MXM  WARN  The 'ulimit -s' on the system is set to 'unlimited'. This may have negative performance implications. Please set the heap size to the default value (10240) 
[1443932671.694715] [node022:14034:0]         sys.c:719  MXM  WARN  Conflicting CPU frequencies detected, using: 2223.56
[1443932671.700668] [node022:14034:0]         mxm.c:185  MXM  WARN  The 'ulimit -s' on the system is set to 'unlimited'. This may have negative performance implications. Please set the heap size to the default value (10240) 
[1443932671.704528] [node021:19349:0]         sys.c:719  MXM  WARN  Conflicting CPU frequencies detected, using: 2139.19
[1443932671.708872] [node021:19349:0]         mxm.c:185  MXM  WARN  The 'ulimit -s' on the system is set to 'unlimited'. This may have negative performance implications. Please set the heap size to the default value (10240) 
[1443932671.709048] [node028:8570 :0]         sys.c:719  MXM  WARN  Conflicting CPU frequencies detected, using: 2400.00
[1443932671.712036] [node028:8570 :0]         mxm.c:185  MXM  WARN  The 'ulimit -s' on the system is set to 'unlimited'. This may have negative performance implications. Please set the heap size to the default value (10240) 
[1443932671.711381] [node023:27465:0]         sys.c:719  MXM  WARN  Conflicting CPU frequencies detected, using: 2399.91
[1443932671.717088] [node023:27465:0]         mxm.c:185  MXM  WARN  The 'ulimit -s' on the system is set to 'unlimited'. This may have negative performance implications. Please set the heap size to the default value (10240) 
[1443932671.715351] [node021:19360:0]         sys.c:719  MXM  WARN  Conflicting CPU frequencies detected, using: 2280.38
[1443932671.718611] [node021:19360:0]         mxm.c:185  MXM  WARN  The 'ulimit -s' on the system is set to 'unlimited'. This may have negative performance implications. Please set the heap size to the default value (10240) 
[1443932671.716740] [node022:14055:0]         sys.c:719  MXM  WARN  Conflicting CPU frequencies detected, using: 2400.00
[1443932671.722143] [node022:14055:0]         mxm.c:185  MXM  WARN  The 'ulimit -s' on the system is set to 'unlimited'. This may have negative performance implications. Please set the heap size to the default value (10240) 
[1443932671.727110] [node026:12438:0]         sys.c:719  MXM  WARN  Conflicting CPU frequencies detected, using: 2072.16
[1443932671.732017] [node026:12438:0]         mxm.c:185  MXM  WARN  The 'ulimit -s' on the system is set to 'unlimited'. This may have negative performance implications. Please set the heap size to the default value (10240) 
[1443932671.738389] [node029:8562 :0]         sys.c:719  MXM  WARN  Conflicting CPU frequencies detected, using: 2400.00
[1443932671.741589] [node029:8562 :0]         mxm.c:185  MXM  WARN  The 'ulimit -s' on the system is set to 'unlimited'. This may have negative performance implications. Please set the heap size to the default value (10240) 
[1443932671.740317] [node021:19401:0]         sys.c:719  MXM  WARN  Conflicting CPU frequencies detected, using: 2353.41
[1443932671.743572] [node021:19401:0]         mxm.c:185  MXM  WARN  The 'ulimit -s' on the system is set to 'unlimited'. This may have negative performance implications. Please set the heap size to the default value (10240) 
[1443932671.738630] [node021:19402:0]         sys.c:719  MXM  WARN  Conflicting CPU frequencies detected, using: 2299.59
[1443932671.742314] [node021:19402:0]         mxm.c:185  MXM  WARN  The 'ulimit -s' on the system is set to 'unlimited'. This may have negative performance implications. Please set the heap size to the default value (10240) 
[1443932671.733508] [node029:8589 :0]         sys.c:719  MXM  WARN  Conflicting CPU frequencies detected, using: 2400.00
[1443932671.737438] [node029:8589 :0]         mxm.c:185  MXM  WARN  The 'ulimit -s' on the system is set to 'unlimited'. This may have negative performance implications. Please set the heap size to the default value (10240) 
[1443932671.731852] [node029:8561 :0]         sys.c:719  MXM  WARN  Conflicting CPU frequencies detected, using: 2400.00
[1443932671.736314] [node029:8561 :0]         mxm.c:185  MXM  WARN  The 'ulimit -s' on the system is set to 'unlimited'. This may have negative performance implications. Please set the heap size to the default value (10240) 
[1443932671.736261] [node024:10610:0]         sys.c:719  MXM  WARN  Conflicting CPU frequencies detected, using: 2400.00
[1443932671.741762] [node024:10610:0]         mxm.c:185  MXM  WARN  The 'ulimit -s' on the system is set to 'unlimited'. This may have negative performance implications. Please set the heap size to the default value (10240) 
[1443932671.741194] [node025:2204 :0]         sys.c:719  MXM  WARN  Conflicting CPU frequencies detected, using: 2400.00
[1443932671.746047] [node025:2204 :0]         mxm.c:185  MXM  WARN  The 'ulimit -s' on the system is set to 'unlimited'. This may have negative performance implications. Please set the heap size to the default value (10240) 
[1443932671.731926] [node029:8563 :0]         sys.c:719  MXM  WARN  Conflicting CPU frequencies detected, using: 2400.00
[1443932671.736244] [node029:8563 :0]         mxm.c:185  MXM  WARN  The 'ulimit -s' on the system is set to 'unlimited'. This may have negative performance implications. Please set the heap size to the default value (10240) 
[1443932671.736729] [node023:27473:0]         sys.c:719  MXM  WARN  Conflicting CPU frequencies detected, using: 2400.00
[1443932671.743223] [node023:27473:0]         mxm.c:185  MXM  WARN  The 'ulimit -s' on the system is set to 'unlimited'. This may have negative performance implications. Please set the heap size to the default value (10240) 
[1443932671.741771] [node025:2199 :0]         sys.c:719  MXM  WARN  Conflicting CPU frequencies detected, using: 2400.00
[1443932671.746442] [node025:2199 :0]         mxm.c:185  MXM  WARN  The 'ulimit -s' on the system is set to 'unlimited'. This may have negative performance implications. Please set the heap size to the default value (10240) 
[1443932671.727281] [node027:19060:0]         sys.c:719  MXM  WARN  Conflicting CPU frequencies detected, using: 1906.12
[1443932671.732682] [node027:19060:0]         mxm.c:185  MXM  WARN  The 'ulimit -s' on the system is set to 'unlimited'. This may have negative performance implications. Please set the heap size to the default value (10240) 
[1443932671.732828] [node022:14063:0]         sys.c:719  MXM  WARN  Conflicting CPU frequencies detected, using: 2399.91
[1443932671.739310] [node022:14063:0]         mxm.c:185  MXM  WARN  The 'ulimit -s' on the system is set to 'unlimited'. This may have negative performance implications. Please set the heap size to the default value (10240) 
[1443932671.735938] [node020:10844:0]         sys.c:719  MXM  WARN  Conflicting CPU frequencies detected, using: 2400.00
[1443932671.741358] [node020:10844:0]         mxm.c:185  MXM  WARN  The 'ulimit -s' on the system is set to 'unlimited'. This may have negative performance implications. Please set the heap size to the default value (10240) 
[1443932671.746799] [node027:19081:0]         sys.c:719  MXM  WARN  Conflicting CPU frequencies detected, using: 2094.94
[1443932671.752036] [node027:19081:0]         mxm.c:185  MXM  WARN  The 'ulimit -s' on the system is set to 'unlimited'. This may have negative performance implications. Please set the heap size to the default value (10240) 
[1443932671.739508] [node022:14073:0]         sys.c:719  MXM  WARN  Conflicting CPU frequencies detected, using: 2399.91
[1443932671.748094] [node022:14073:0]         mxm.c:185  MXM  WARN  The 'ulimit -s' on the system is set to 'unlimited'. This may have negative performance implications. Please set the heap size to the default value (10240) 
[1443932671.749290] [node022:14133:0]         sys.c:719  MXM  WARN  Conflicting CPU frequencies detected, using: 2400.00
[1443932671.758766] [node022:14133:0]         mxm.c:185  MXM  WARN  The 'ulimit -s' on the system is set to 'unlimited'. This may have negative performance implications. Please set the heap size to the default value (10240) 
[1443932671.755056] [node023:27492:0]         sys.c:719  MXM  WARN  Conflicting CPU frequencies detected, using: 2400.00
[1443932671.760950] [node023:27492:0]         mxm.c:185  MXM  WARN  The 'ulimit -s' on the system is set to 'unlimited'. This may have negative performance implications. Please set the heap size to the default value (10240) 
[1443932671.743254] [node022:14083:0]         sys.c:719  MXM  WARN  Conflicting CPU frequencies detected, using: 2400.00
[1443932671.755404] [node022:14083:0]         mxm.c:185  MXM  WARN  The 'ulimit -s' on the system is set to 'unlimited'. This may have negative performance implications. Please set the heap size to the default value (10240) 
[1443932671.772637] [node025:2238 :0]         sys.c:719  MXM  WARN  Conflicting CPU frequencies detected, using: 2400.09
[1443932671.776834] [node025:2238 :0]         mxm.c:185  MXM  WARN  The 'ulimit -s' on the system is set to 'unlimited'. This may have negative performance implications. Please set the heap size to the default value (10240) 
[1443932671.758053] [node020:10855:0]         sys.c:719  MXM  WARN  Conflicting CPU frequencies detected, using: 2400.09
[1443932671.763857] [node020:10855:0]         mxm.c:185  MXM  WARN  The 'ulimit -s' on the system is set to 'unlimited'. This may have negative performance implications. Please set the heap size to the default value (10240) 
[1443932671.758182] [node023:27489:0]         sys.c:719  MXM  WARN  Conflicting CPU frequencies detected, using: 2400.00
[1443932671.768374] [node023:27489:0]         mxm.c:185  MXM  WARN  The 'ulimit -s' on the system is set to 'unlimited'. This may have negative performance implications. Please set the heap size to the default value (10240) 
[1443932671.758485] [node023:27493:0]         sys.c:719  MXM  WARN  Conflicting CPU frequencies detected, using: 2400.00
[1443932671.769127] [node023:27493:0]         mxm.c:185  MXM  WARN  The 'ulimit -s' on the system is set to 'unlimited'. This may have negative performance implications. Please set the heap size to the default value (10240) 
[1443932671.775004] [node020:10881:0]         sys.c:719  MXM  WARN  Conflicting CPU frequencies detected, using: 2400.00
[1443932671.780290] [node020:10881:0]         mxm.c:185  MXM  WARN  The 'ulimit -s' on the system is set to 'unlimited'. This may have negative performance implications. Please set the heap size to the default value (10240) 
[1443932671.795699] [node025:2239 :0]         sys.c:719  MXM  WARN  Conflicting CPU frequencies detected, using: 2400.00
[1443932671.798726] [node025:2239 :0]         mxm.c:185  MXM  WARN  The 'ulimit -s' on the system is set to 'unlimited'. This may have negative performance implications. Please set the heap size to the default value (10240) 
[1443932671.796447] [node025:2240 :0]         sys.c:719  MXM  WARN  Conflicting CPU frequencies detected, using: 2400.00
[1443932671.798971] [node025:2240 :0]         mxm.c:185  MXM  WARN  The 'ulimit -s' on the system is set to 'unlimited'. This may have negative performance implications. Please set the heap size to the default value (10240) 
[1443932671.791183] [node024:10620:0]         sys.c:719  MXM  WARN  Conflicting CPU frequencies detected, using: 2400.19
[1443932671.795886] [node024:10620:0]         mxm.c:185  MXM  WARN  The 'ulimit -s' on the system is set to 'unlimited'. This may have negative performance implications. Please set the heap size to the default value (10240) 
[1443932671.802047] [node029:8630 :0]         sys.c:719  MXM  WARN  Conflicting CPU frequencies detected, using: 2400.00
[1443932671.804457] [node029:8630 :0]         mxm.c:185  MXM  WARN  The 'ulimit -s' on the system is set to 'unlimited'. This may have negative performance implications. Please set the heap size to the default value (10240) 
[1443932671.800551] [node029:8704 :0]         sys.c:719  MXM  WARN  Conflicting CPU frequencies detected, using: 2400.00
[1443932671.803306] [node029:8704 :0]         mxm.c:185  MXM  WARN  The 'ulimit -s' on the system is set to 'unlimited'. This may have negative performance implications. Please set the heap size to the default value (10240) 
[1443932671.797417] [node024:10619:0]         sys.c:719  MXM  WARN  Conflicting CPU frequencies detected, using: 2400.00
[1443932671.801639] [node024:10619:0]         mxm.c:185  MXM  WARN  The 'ulimit -s' on the system is set to 'unlimited'. This may have negative performance implications. Please set the heap size to the default value (10240) 
[1443932671.798034] [node024:10618:0]         sys.c:719  MXM  WARN  Conflicting CPU frequencies detected, using: 2400.00
[1443932671.801678] [node024:10618:0]         mxm.c:185  MXM  WARN  The 'ulimit -s' on the system is set to 'unlimited'. This may have negative performance implications. Please set the heap size to the default value (10240) 
[1443932671.783020] [node020:10879:0]         sys.c:719  MXM  WARN  Conflicting CPU frequencies detected, using: 2400.00
[1443932671.791469] [node020:10879:0]         mxm.c:185  MXM  WARN  The 'ulimit -s' on the system is set to 'unlimited'. This may have negative performance implications. Please set the heap size to the default value (10240) 
[1443932671.798127] [node029:8631 :0]         sys.c:719  MXM  WARN  Conflicting CPU frequencies detected, using: 2400.00
[1443932671.801316] [node029:8631 :0]         mxm.c:185  MXM  WARN  The 'ulimit -s' on the system is set to 'unlimited'. This may have negative performance implications. Please set the heap size to the default value (10240) 
[1443932671.800073] [node029:8629 :0]         sys.c:719  MXM  WARN  Conflicting CPU frequencies detected, using: 2400.00
[1443932671.802579] [node029:8629 :0]         mxm.c:185  MXM  WARN  The 'ulimit -s' on the system is set to 'unlimited'. This may have negative performance implications. Please set the heap size to the default value (10240) 
[1443932671.808354] [node021:19457:0]         sys.c:719  MXM  WARN  Conflicting CPU frequencies detected, using: 2399.91
[1443932671.811112] [node021:19457:0]         mxm.c:185  MXM  WARN  The 'ulimit -s' on the system is set to 'unlimited'. This may have negative performance implications. Please set the heap size to the default value (10240) 
[1443932671.812567] [node021:19463:0]         sys.c:719  MXM  WARN  Conflicting CPU frequencies detected, using: 2400.00
[1443932671.815253] [node021:19463:0]         mxm.c:185  MXM  WARN  The 'ulimit -s' on the system is set to 'unlimited'. This may have negative performance implications. Please set the heap size to the default value (10240) 
[1443932671.812621] [node027:19100:0]         sys.c:719  MXM  WARN  Conflicting CPU frequencies detected, using: 2400.09
[1443932671.817135] [node027:19100:0]         mxm.c:185  MXM  WARN  The 'ulimit -s' on the system is set to 'unlimited'. This may have negative performance implications. Please set the heap size to the default value (10240) 
[1443932671.817799] [node021:19459:0]         sys.c:719  MXM  WARN  Conflicting CPU frequencies detected, using: 2400.00
[1443932671.820728] [node021:19459:0]         mxm.c:185  MXM  WARN  The 'ulimit -s' on the system is set to 'unlimited'. This may have negative performance implications. Please set the heap size to the default value (10240) 
[1443932671.818858] [node026:12462:0]         sys.c:719  MXM  WARN  Conflicting CPU frequencies detected, using: 2400.00
[1443932671.823802] [node026:12462:0]         mxm.c:185  MXM  WARN  The 'ulimit -s' on the system is set to 'unlimited'. This may have negative performance implications. Please set the heap size to the default value (10240) 
[1443932671.813694] [node021:19460:0]         sys.c:719  MXM  WARN  Conflicting CPU frequencies detected, using: 2400.00
[1443932671.817613] [node021:19460:0]         mxm.c:185  MXM  WARN  The 'ulimit -s' on the system is set to 'unlimited'. This may have negative performance implications. Please set the heap size to the default value (10240) 
[1443932671.817292] [node021:19461:0]         sys.c:719  MXM  WARN  Conflicting CPU frequencies detected, using: 2400.00
[1443932671.820821] [node021:19461:0]         mxm.c:185  MXM  WARN  The 'ulimit -s' on the system is set to 'unlimited'. This may have negative performance implications. Please set the heap size to the default value (10240) 
[1443932671.828864] [node025:2305 :0]         sys.c:719  MXM  WARN  Conflicting CPU frequencies detected, using: 2400.00
[1443932671.831644] [node025:2305 :0]         mxm.c:185  MXM  WARN  The 'ulimit -s' on the system is set to 'unlimited'. This may have negative performance implications. Please set the heap size to the default value (10240) 
[1443932671.827855] [node025:2307 :0]         sys.c:719  MXM  WARN  Conflicting CPU frequencies detected, using: 2400.00
[1443932671.830544] [node025:2307 :0]         mxm.c:185  MXM  WARN  The 'ulimit -s' on the system is set to 'unlimited'. This may have negative performance implications. Please set the heap size to the default value (10240) 
[1443932671.821698] [node028:8630 :0]         sys.c:719  MXM  WARN  Conflicting CPU frequencies detected, using: 2400.09
[1443932671.825644] [node028:8630 :0]         mxm.c:185  MXM  WARN  The 'ulimit -s' on the system is set to 'unlimited'. This may have negative performance implications. Please set the heap size to the default value (10240) 
[1443932671.828341] [node024:10672:0]         sys.c:719  MXM  WARN  Conflicting CPU frequencies detected, using: 2400.00
[1443932671.831615] [node024:10672:0]         mxm.c:185  MXM  WARN  The 'ulimit -s' on the system is set to 'unlimited'. This may have negative performance implications. Please set the heap size to the default value (10240) 
[1443932671.827802] [node028:8639 :0]         sys.c:719  MXM  WARN  Conflicting CPU frequencies detected, using: 2400.00
[1443932671.830981] [node028:8639 :0]         mxm.c:185  MXM  WARN  The 'ulimit -s' on the system is set to 'unlimited'. This may have negative performance implications. Please set the heap size to the default value (10240) 
[1443932671.825254] [node025:2306 :0]         sys.c:719  MXM  WARN  Conflicting CPU frequencies detected, using: 2400.00
[1443932671.828295] [node025:2306 :0]         mxm.c:185  MXM  WARN  The 'ulimit -s' on the system is set to 'unlimited'. This may have negative performance implications. Please set the heap size to the default value (10240) 
[1443932671.832144] [node028:8638 :0]         sys.c:719  MXM  WARN  Conflicting CPU frequencies detected, using: 2400.00
[1443932671.834943] [node028:8638 :0]         mxm.c:185  MXM  WARN  The 'ulimit -s' on the system is set to 'unlimited'. This may have negative performance implications. Please set the heap size to the default value (10240) 
[1443932671.826723] [node025:2308 :0]         sys.c:719  MXM  WARN  Conflicting CPU frequencies detected, using: 2400.00
[1443932671.829347] [node025:2308 :0]         mxm.c:185  MXM  WARN  The 'ulimit -s' on the system is set to 'unlimited'. This may have negative performance implications. Please set the heap size to the default value (10240) 
[1443932671.832628] [node025:2304 :0]         sys.c:719  MXM  WARN  Conflicting CPU frequencies detected, using: 2400.00
[1443932671.835841] [node025:2304 :0]         mxm.c:185  MXM  WARN  The 'ulimit -s' on the system is set to 'unlimited'. This may have negative performance implications. Please set the heap size to the default value (10240) 
[1443932671.834686] [node024:10674:0]         sys.c:719  MXM  WARN  Conflicting CPU frequencies detected, using: 2400.00
[1443932671.837346] [node024:10674:0]         mxm.c:185  MXM  WARN  The 'ulimit -s' on the system is set to 'unlimited'. This may have negative performance implications. Please set the heap size to the default value (10240) 
[1443932671.837114] [node027:19108:0]         sys.c:719  MXM  WARN  Conflicting CPU frequencies detected, using: 2400.28
[1443932671.840921] [node027:19108:0]         mxm.c:185  MXM  WARN  The 'ulimit -s' on the system is set to 'unlimited'. This may have negative performance implications. Please set the heap size to the default value (10240) 
[1443932671.837443] [node028:8718 :0]         sys.c:719  MXM  WARN  Conflicting CPU frequencies detected, using: 2400.00
[1443932671.840446] [node028:8718 :0]         mxm.c:185  MXM  WARN  The 'ulimit -s' on the system is set to 'unlimited'. This may have negative performance implications. Please set the heap size to the default value (10240) 
[1443932671.830459] [node028:8640 :0]         sys.c:719  MXM  WARN  Conflicting CPU frequencies detected, using: 2400.00
[1443932671.834009] [node028:8640 :0]         mxm.c:185  MXM  WARN  The 'ulimit -s' on the system is set to 'unlimited'. This may have negative performance implications. Please set the heap size to the default value (10240) 
[1443932671.842299] [node024:10693:0]         sys.c:719  MXM  WARN  Conflicting CPU frequencies detected, using: 2400.00
[1443932671.844822] [node024:10693:0]         mxm.c:185  MXM  WARN  The 'ulimit -s' on the system is set to 'unlimited'. This may have negative performance implications. Please set the heap size to the default value (10240) 
[1443932671.815948] [node023:27569:0]         sys.c:719  MXM  WARN  Conflicting CPU frequencies detected, using: 2400.00
[1443932671.825073] [node023:27569:0]         mxm.c:185  MXM  WARN  The 'ulimit -s' on the system is set to 'unlimited'. This may have negative performance implications. Please set the heap size to the default value (10240) 
[1443932671.835365] [node028:8637 :0]         sys.c:719  MXM  WARN  Conflicting CPU frequencies detected, using: 2400.00
[1443932671.839278] [node028:8637 :0]         mxm.c:185  MXM  WARN  The 'ulimit -s' on the system is set to 'unlimited'. This may have negative performance implications. Please set the heap size to the default value (10240) 
[1443932671.845918] [node024:10732:0]         sys.c:719  MXM  WARN  Conflicting CPU frequencies detected, using: 2400.00
[1443932671.848679] [node024:10732:0]         mxm.c:185  MXM  WARN  The 'ulimit -s' on the system is set to 'unlimited'. This may have negative performance implications. Please set the heap size to the default value (10240) 
[1443932671.845788] [node024:10733:0]         sys.c:719  MXM  WARN  Conflicting CPU frequencies detected, using: 2400.00
[1443932671.848168] [node024:10733:0]         mxm.c:185  MXM  WARN  The 'ulimit -s' on the system is set to 'unlimited'. This may have negative performance implications. Please set the heap size to the default value (10240) 
[1443932671.849191] [node024:10735:0]         sys.c:719  MXM  WARN  Conflicting CPU frequencies detected, using: 2400.00
[1443932671.851742] [node024:10735:0]         mxm.c:185  MXM  WARN  The 'ulimit -s' on the system is set to 'unlimited'. This may have negative performance implications. Please set the heap size to the default value (10240) 
[1443932671.847627] [node024:10765:0]         sys.c:719  MXM  WARN  Conflicting CPU frequencies detected, using: 2400.00
[1443932671.850796] [node024:10765:0]         mxm.c:185  MXM  WARN  The 'ulimit -s' on the system is set to 'unlimited'. This may have negative performance implications. Please set the heap size to the default value (10240) 
[1443932671.848142] [node024:10734:0]         sys.c:719  MXM  WARN  Conflicting CPU frequencies detected, using: 2400.00
[1443932671.851626] [node024:10734:0]         mxm.c:185  MXM  WARN  The 'ulimit -s' on the system is set to 'unlimited'. This may have negative performance implications. Please set the heap size to the default value (10240) 
[1443932671.816758] [node023:27572:0]         sys.c:719  MXM  WARN  Conflicting CPU frequencies detected, using: 2400.00
[1443932671.831343] [node023:27572:0]         mxm.c:185  MXM  WARN  The 'ulimit -s' on the system is set to 'unlimited'. This may have negative performance implications. Please set the heap size to the default value (10240) 
[1443932671.856876] [node027:19119:0]         sys.c:719  MXM  WARN  Conflicting CPU frequencies detected, using: 2400.00
[1443932671.859573] [node027:19119:0]         mxm.c:185  MXM  WARN  The 'ulimit -s' on the system is set to 'unlimited'. This may have negative performance implications. Please set the heap size to the default value (10240) 
[1443932671.815947] [node023:27568:0]         sys.c:719  MXM  WARN  Conflicting CPU frequencies detected, using: 2400.00
[1443932671.829042] [node023:27568:0]         mxm.c:185  MXM  WARN  The 'ulimit -s' on the system is set to 'unlimited'. This may have negative performance implications. Please set the heap size to the default value (10240) 
[1443932671.859947] [node027:19127:0]         sys.c:719  MXM  WARN  Conflicting CPU frequencies detected, using: 2400.00
[1443932671.862557] [node027:19127:0]         mxm.c:185  MXM  WARN  The 'ulimit -s' on the system is set to 'unlimited'. This may have negative performance implications. Please set the heap size to the default value (10240) 
[1443932671.816567] [node023:27570:0]         sys.c:719  MXM  WARN  Conflicting CPU frequencies detected, using: 2400.00
[1443932671.833197] [node023:27570:0]         mxm.c:185  MXM  WARN  The 'ulimit -s' on the system is set to 'unlimited'. This may have negative performance implications. Please set the heap size to the default value (10240) 
[1443932671.817202] [node023:27571:0]         sys.c:719  MXM  WARN  Conflicting CPU frequencies detected, using: 2400.00
[1443932671.833935] [node023:27571:0]         mxm.c:185  MXM  WARN  The 'ulimit -s' on the system is set to 'unlimited'. This may have negative performance implications. Please set the heap size to the default value (10240) 
[1443932671.866394] [node027:19126:0]         sys.c:719  MXM  WARN  Conflicting CPU frequencies detected, using: 2400.00
[1443932671.869917] [node027:19126:0]         mxm.c:185  MXM  WARN  The 'ulimit -s' on the system is set to 'unlimited'. This may have negative performance implications. Please set the heap size to the default value (10240) 
[1443932671.866003] [node027:19123:0]         sys.c:719  MXM  WARN  Conflicting CPU frequencies detected, using: 2400.00
[1443932671.869806] [node027:19123:0]         mxm.c:185  MXM  WARN  The 'ulimit -s' on the system is set to 'unlimited'. This may have negative performance implications. Please set the heap size to the default value (10240) 
[1443932671.872018] [node027:19235:0]         sys.c:719  MXM  WARN  Conflicting CPU frequencies detected, using: 2400.00
[1443932671.875506] [node027:19235:0]         mxm.c:185  MXM  WARN  The 'ulimit -s' on the system is set to 'unlimited'. This may have negative performance implications. Please set the heap size to the default value (10240) 
[1443932671.872619] [node027:19196:0]         sys.c:719  MXM  WARN  Conflicting CPU frequencies detected, using: 2400.00
[1443932671.876013] [node027:19196:0]         mxm.c:185  MXM  WARN  The 'ulimit -s' on the system is set to 'unlimited'. This may have negative performance implications. Please set the heap size to the default value (10240) 
[1443932671.871652] [node027:19217:0]         sys.c:719  MXM  WARN  Conflicting CPU frequencies detected, using: 2400.00
[1443932671.875422] [node027:19217:0]         mxm.c:185  MXM  WARN  The 'ulimit -s' on the system is set to 'unlimited'. This may have negative performance implications. Please set the heap size to the default value (10240) 
[1443932671.842152] [node022:14163:0]         sys.c:719  MXM  WARN  Conflicting CPU frequencies detected, using: 2400.09
[1443932671.854154] [node022:14163:0]         mxm.c:185  MXM  WARN  The 'ulimit -s' on the system is set to 'unlimited'. This may have negative performance implications. Please set the heap size to the default value (10240) 
[1443932671.871477] [node027:19222:0]         sys.c:719  MXM  WARN  Conflicting CPU frequencies detected, using: 2400.00
[1443932671.875324] [node027:19222:0]         mxm.c:185  MXM  WARN  The 'ulimit -s' on the system is set to 'unlimited'. This may have negative performance implications. Please set the heap size to the default value (10240) 
[1443932671.891481] [node026:12475:0]         sys.c:719  MXM  WARN  Conflicting CPU frequencies detected, using: 2400.00
[1443932671.894161] [node026:12475:0]         mxm.c:185  MXM  WARN  The 'ulimit -s' on the system is set to 'unlimited'. This may have negative performance implications. Please set the heap size to the default value (10240) 
[1443932671.841780] [node022:14167:0]         sys.c:719  MXM  WARN  Conflicting CPU frequencies detected, using: 2400.09
[1443932671.853166] [node022:14167:0]         mxm.c:185  MXM  WARN  The 'ulimit -s' on the system is set to 'unlimited'. This may have negative performance implications. Please set the heap size to the default value (10240) 
[1443932671.842682] [node022:14164:0]         sys.c:719  MXM  WARN  Conflicting CPU frequencies detected, using: 2400.09
[1443932671.860427] [node022:14164:0]         mxm.c:185  MXM  WARN  The 'ulimit -s' on the system is set to 'unlimited'. This may have negative performance implications. Please set the heap size to the default value (10240) 
[1443932671.894000] [node026:12477:0]         sys.c:719  MXM  WARN  Conflicting CPU frequencies detected, using: 2400.00
[1443932671.897977] [node026:12477:0]         mxm.c:185  MXM  WARN  The 'ulimit -s' on the system is set to 'unlimited'. This may have negative performance implications. Please set the heap size to the default value (10240) 
[1443932671.846861] [node022:14203:0]         sys.c:719  MXM  WARN  Conflicting CPU frequencies detected, using: 2400.00
[1443932671.866355] [node022:14203:0]         mxm.c:185  MXM  WARN  The 'ulimit -s' on the system is set to 'unlimited'. This may have negative performance implications. Please set the heap size to the default value (10240) 
[1443932671.839532] [node022:14166:0]         sys.c:719  MXM  WARN  Conflicting CPU frequencies detected, using: 2400.09
[1443932671.857137] [node022:14166:0]         mxm.c:185  MXM  WARN  The 'ulimit -s' on the system is set to 'unlimited'. This may have negative performance implications. Please set the heap size to the default value (10240) 
[1443932671.900934] [node026:12516:0]         sys.c:719  MXM  WARN  Conflicting CPU frequencies detected, using: 2400.00
[1443932671.903745] [node026:12516:0]         mxm.c:185  MXM  WARN  The 'ulimit -s' on the system is set to 'unlimited'. This may have negative performance implications. Please set the heap size to the default value (10240) 
[1443932671.907283] [node026:12471:0]         sys.c:719  MXM  WARN  Conflicting CPU frequencies detected, using: 2400.00
[1443932671.910321] [node026:12471:0]         mxm.c:185  MXM  WARN  The 'ulimit -s' on the system is set to 'unlimited'. This may have negative performance implications. Please set the heap size to the default value (10240) 
[1443932671.844822] [node022:14165:0]         sys.c:719  MXM  WARN  Conflicting CPU frequencies detected, using: 2400.00
[1443932671.862876] [node022:14165:0]         mxm.c:185  MXM  WARN  The 'ulimit -s' on the system is set to 'unlimited'. This may have negative performance implications. Please set the heap size to the default value (10240) 
[1443932671.922338] [node026:12511:0]         sys.c:719  MXM  WARN  Conflicting CPU frequencies detected, using: 2400.00
[1443932671.925348] [node026:12511:0]         mxm.c:185  MXM  WARN  The 'ulimit -s' on the system is set to 'unlimited'. This may have negative performance implications. Please set the heap size to the default value (10240) 
[1443932671.923171] [node026:12508:0]         sys.c:719  MXM  WARN  Conflicting CPU frequencies detected, using: 2400.00
[1443932671.926054] [node026:12508:0]         mxm.c:185  MXM  WARN  The 'ulimit -s' on the system is set to 'unlimited'. This may have negative performance implications. Please set the heap size to the default value (10240) 
[1443932671.922578] [node026:12571:0]         sys.c:719  MXM  WARN  Conflicting CPU frequencies detected, using: 2400.00
[1443932671.925844] [node026:12571:0]         mxm.c:185  MXM  WARN  The 'ulimit -s' on the system is set to 'unlimited'. This may have negative performance implications. Please set the heap size to the default value (10240) 
[1443932671.926080] [node026:12568:0]         sys.c:719  MXM  WARN  Conflicting CPU frequencies detected, using: 2400.00
[1443932671.929965] [node026:12568:0]         mxm.c:185  MXM  WARN  The 'ulimit -s' on the system is set to 'unlimited'. This may have negative performance implications. Please set the heap size to the default value (10240) 
[1443932671.925375] [node026:12518:0]         sys.c:719  MXM  WARN  Conflicting CPU frequencies detected, using: 2400.00
[1443932671.929662] [node026:12518:0]         mxm.c:185  MXM  WARN  The 'ulimit -s' on the system is set to 'unlimited'. This may have negative performance implications. Please set the heap size to the default value (10240) 
[1443932671.925567] [node026:12514:0]         sys.c:719  MXM  WARN  Conflicting CPU frequencies detected, using: 2400.00
[1443932671.930399] [node026:12514:0]         mxm.c:185  MXM  WARN  The 'ulimit -s' on the system is set to 'unlimited'. This may have negative performance implications. Please set the heap size to the default value (10240) 
[1443932671.926580] [node026:12522:0]         sys.c:719  MXM  WARN  Conflicting CPU frequencies detected, using: 2400.00
[1443932671.930946] [node026:12522:0]         mxm.c:185  MXM  WARN  The 'ulimit -s' on the system is set to 'unlimited'. This may have negative performance implications. Please set the heap size to the default value (10240) 
[1443932671.925964] [node026:12520:0]         sys.c:719  MXM  WARN  Conflicting CPU frequencies detected, using: 2400.00
[1443932671.930348] [node026:12520:0]         mxm.c:185  MXM  WARN  The 'ulimit -s' on the system is set to 'unlimited'. This may have negative performance implications. Please set the heap size to the default value (10240) 
[1443932671.847768] [node022:14162:0]         sys.c:719  MXM  WARN  Conflicting CPU frequencies detected, using: 2400.00
[1443932671.874154] [node022:14162:0]         mxm.c:185  MXM  WARN  The 'ulimit -s' on the system is set to 'unlimited'. This may have negative performance implications. Please set the heap size to the default value (10240) 
UPCR: UPC thread  14 of 192 on node001 (pshm node  0 of 12, process  14 of 192, pid=8616)
UPCR: UPC thread  15 of 192 on node001 (pshm node  0 of 12, process  15 of 192, pid=8617)
UPCR: UPC thread   7 of 192 on node001 (pshm node  0 of 12, process   7 of 192, pid=8609)
UPCR: UPC thread  13 of 192 on node001 (pshm node  0 of 12, process  13 of 192, pid=8615)
UPCR: UPC thread   1 of 192 on node001 (pshm node  0 of 12, process   1 of 192, pid=8603)
UPCR: UPC thread   9 of 192 on node001 (pshm node  0 of 12, process   9 of 192, pid=8611)
UPCR: UPC thread   4 of 192 on node001 (pshm node  0 of 12, process   4 of 192, pid=8606)
UPCR: UPC thread  12 of 192 on node001 (pshm node  0 of 12, process  12 of 192, pid=8614)
UPCR: UPC thread   5 of 192 on node001 (pshm node  0 of 12, process   5 of 192, pid=8607)
UPCR: UPC thread   2 of 192 on node001 (pshm node  0 of 12, process   2 of 192, pid=8604)
UPCR: UPC thread  10 of 192 on node001 (pshm node  0 of 12, process  10 of 192, pid=8612)
UPCR: UPC thread   3 of 192 on node001 (pshm node  0 of 12, process   3 of 192, pid=8605)
UPCR: UPC thread   8 of 192 on node001 (pshm node  0 of 12, process   8 of 192, pid=8610)
UPCR: UPC thread   0 of 192 on node001 (pshm node  0 of 12, process   0 of 192, pid=8602)
UPCR: UPC thread  11 of 192 on node001 (pshm node  0 of 12, process  11 of 192, pid=8613)
UPCR: UPC thread   6 of 192 on node001 (pshm node  0 of 12, process   6 of 192, pid=8608)
UPCR: UPC thread  33 of 192 on node020 (pshm node  2 of 12, process  33 of 192, pid=10793)
UPCR: UPC thread  94 of 192 on node023 (pshm node  5 of 12, process  94 of 192, pid=27492)
UPCR: UPC thread  93 of 192 on node023 (pshm node  5 of 12, process  93 of 192, pid=27489)
UPCR: UPC thread  86 of 192 on node023 (pshm node  5 of 12, process  86 of 192, pid=27382)
UPCR: UPC thread  35 of 192 on node020 (pshm node  2 of 12, process  35 of 192, pid=10844)
UPCR: UPC thread  92 of 192 on node023 (pshm node  5 of 12, process  92 of 192, pid=27572)
UPCR: UPC thread  83 of 192 on node023 (pshm node  5 of 12, process  83 of 192, pid=27375)
UPCR: UPC thread  41 of 192 on node020 (pshm node  2 of 12, process  41 of 192, pid=10855)
UPCR: UPC thread  22 of 192 on node002 (pshm node  1 of 12, process  22 of 192, pid=31538)
UPCR: UPC thread 128 of 192 on node026 (pshm node  8 of 12, process 128 of 192, pid=12518)
UPCR: UPC thread  37 of 192 on node020 (pshm node  2 of 12, process  37 of 192, pid=10557)
UPCR: UPC thread  45 of 192 on node020 (pshm node  2 of 12, process  45 of 192, pid=10749)
UPCR: UPC thread  32 of 192 on node020 (pshm node  2 of 12, process  32 of 192, pid=10580)
UPCR: UPC thread  38 of 192 on node020 (pshm node  2 of 12, process  38 of 192, pid=10635)
UPCR: UPC thread  95 of 192 on node023 (pshm node  5 of 12, process  95 of 192, pid=27465)
UPCR: UPC thread  84 of 192 on node023 (pshm node  5 of 12, process  84 of 192, pid=27571)
UPCR: UPC thread  26 of 192 on node002 (pshm node  1 of 12, process  26 of 192, pid=31587)
UPCR: UPC thread 132 of 192 on node026 (pshm node  8 of 12, process 132 of 192, pid=12471)
UPCR: UPC thread  90 of 192 on node023 (pshm node  5 of 12, process  90 of 192, pid=27493)
UPCR: UPC thread  17 of 192 on node002 (pshm node  1 of 12, process  17 of 192, pid=31586)
UPCR: UPC thread 143 of 192 on node026 (pshm node  8 of 12, process 143 of 192, pid=12520)
UPCR: UPC thread  42 of 192 on node020 (pshm node  2 of 12, process  42 of 192, pid=10881)
UPCR: UPC thread  24 of 192 on node002 (pshm node  1 of 12, process  24 of 192, pid=31664)
UPCR: UPC thread 138 of 192 on node026 (pshm node  8 of 12, process 138 of 192, pid=12508)
UPCR: UPC thread  20 of 192 on node002 (pshm node  1 of 12, process  20 of 192, pid=31513)
UPCR: UPC thread  21 of 192 on node002 (pshm node  1 of 12, process  21 of 192, pid=31440)
UPCR: UPC thread  89 of 192 on node023 (pshm node  5 of 12, process  89 of 192, pid=27570)
UPCR: UPC thread  34 of 192 on node020 (pshm node  2 of 12, process  34 of 192, pid=10703)
UPCR: UPC thread 119 of 192 on node025 (pshm node  7 of 12, process 119 of 192, pid=2081)
UPCR: UPC thread 141 of 192 on node026 (pshm node  8 of 12, process 141 of 192, pid=12516)
UPCR: UPC thread  16 of 192 on node002 (pshm node  1 of 12, process  16 of 192, pid=31791)
UPCR: UPC thread 142 of 192 on node026 (pshm node  8 of 12, process 142 of 192, pid=12568)
UPCR: UPC thread  81 of 192 on node023 (pshm node  5 of 12, process  81 of 192, pid=27328)
UPCR: UPC thread  91 of 192 on node023 (pshm node  5 of 12, process  91 of 192, pid=27383)
UPCR: UPC thread 139 of 192 on node026 (pshm node  8 of 12, process 139 of 192, pid=12522)
UPCR: UPC thread  28 of 192 on node002 (pshm node  1 of 12, process  28 of 192, pid=31633)
UPCR: UPC thread 137 of 192 on node026 (pshm node  8 of 12, process 137 of 192, pid=12438)
UPCR: UPC thread  43 of 192 on node020 (pshm node  2 of 12, process  43 of 192, pid=10879)
UPCR: UPC thread 130 of 192 on node026 (pshm node  8 of 12, process 130 of 192, pid=12514)
UPCR: UPC thread  79 of 192 on node022 (pshm node  4 of 12, process  79 of 192, pid=14166)
UPCR: UPC thread 129 of 192 on node026 (pshm node  8 of 12, process 129 of 192, pid=12511)
UPCR: UPC thread  74 of 192 on node022 (pshm node  4 of 12, process  74 of 192, pid=14203)
UPCR: UPC thread  30 of 192 on node002 (pshm node  1 of 12, process  30 of 192, pid=31777)
UPCR: UPC thread  80 of 192 on node023 (pshm node  5 of 12, process  80 of 192, pid=27352)
UPCR: UPC thread  65 of 192 on node022 (pshm node  4 of 12, process  65 of 192, pid=13986)
UPCR: UPC thread  44 of 192 on node020 (pshm node  2 of 12, process  44 of 192, pid=10766)
UPCR: UPC thread  57 of 192 on node021 (pshm node  3 of 12, process  57 of 192, pid=19457)
UPCR: UPC thread 136 of 192 on node026 (pshm node  8 of 12, process 136 of 192, pid=12477)
UPCR: UPC thread  19 of 192 on node002 (pshm node  1 of 12, process  19 of 192, pid=31708)
UPCR: UPC thread 121 of 192 on node025 (pshm node  7 of 12, process 121 of 192, pid=2022)
UPCR: UPC thread 112 of 192 on node025 (pshm node  7 of 12, process 112 of 192, pid=2304)
UPCR: UPC thread  27 of 192 on node002 (pshm node  1 of 12, process  27 of 192, pid=31729)
UPCR: UPC thread  62 of 192 on node021 (pshm node  3 of 12, process  62 of 192, pid=19205)
UPCR: UPC thread  67 of 192 on node022 (pshm node  4 of 12, process  67 of 192, pid=14063)
UPCR: UPC thread  39 of 192 on node020 (pshm node  2 of 12, process  39 of 192, pid=10645)
UPCR: UPC thread 120 of 192 on node025 (pshm node  7 of 12, process 120 of 192, pid=2120)
UPCR: UPC thread 140 of 192 on node026 (pshm node  8 of 12, process 140 of 192, pid=12475)
UPCR: UPC thread  59 of 192 on node021 (pshm node  3 of 12, process  59 of 192, pid=19459)
UPCR: UPC thread  76 of 192 on node022 (pshm node  4 of 12, process  76 of 192, pid=14165)
UPCR: UPC thread  54 of 192 on node021 (pshm node  3 of 12, process  54 of 192, pid=19301)
UPCR: UPC thread  55 of 192 on node021 (pshm node  3 of 12, process  55 of 192, pid=19349)
UPCR: UPC thread  47 of 192 on node020 (pshm node  2 of 12, process  47 of 192, pid=10702)
UPCR: UPC thread 127 of 192 on node025 (pshm node  7 of 12, process 127 of 192, pid=2039)
UPCR: UPC thread 113 of 192 on node025 (pshm node  7 of 12, process 113 of 192, pid=2239)
UPCR: UPC thread 135 of 192 on node026 (pshm node  8 of 12, process 135 of 192, pid=12397)
UPCR: UPC thread  85 of 192 on node023 (pshm node  5 of 12, process  85 of 192, pid=27568)
UPCR: UPC thread 126 of 192 on node025 (pshm node  7 of 12, process 126 of 192, pid=2305)
UPCR: UPC thread  75 of 192 on node022 (pshm node  4 of 12, process  75 of 192, pid=14133)
UPCR: UPC thread  71 of 192 on node022 (pshm node  4 of 12, process  71 of 192, pid=14073)
UPCR: UPC thread  56 of 192 on node021 (pshm node  3 of 12, process  56 of 192, pid=19253)
UPCR: UPC thread 124 of 192 on node025 (pshm node  7 of 12, process 124 of 192, pid=2204)
UPCR: UPC thread  53 of 192 on node021 (pshm node  3 of 12, process  53 of 192, pid=19461)
UPCR: UPC thread  18 of 192 on node002 (pshm node  1 of 12, process  18 of 192, pid=31485)
UPCR: UPC thread 159 of 192 on node027 (pshm node  9 of 12, process 159 of 192, pid=19060)
UPCR: UPC thread 117 of 192 on node025 (pshm node  7 of 12, process 117 of 192, pid=2306)
UPCR: UPC thread 133 of 192 on node026 (pshm node  8 of 12, process 133 of 192, pid=12571)
UPCR: UPC thread  52 of 192 on node021 (pshm node  3 of 12, process  52 of 192, pid=19460)
UPCR: UPC thread  87 of 192 on node023 (pshm node  5 of 12, process  87 of 192, pid=27473)
UPCR: UPC thread  70 of 192 on node022 (pshm node  4 of 12, process  70 of 192, pid=13969)
UPCR: UPC thread  64 of 192 on node022 (pshm node  4 of 12, process  64 of 192, pid=14163)
UPCR: UPC thread 163 of 192 on node028 (pshm node 10 of 12, process 163 of 192, pid=8718)
UPCR: UPC thread 146 of 192 on node027 (pshm node  9 of 12, process 146 of 192, pid=19081)
UPCR: UPC thread 169 of 192 on node028 (pshm node 10 of 12, process 169 of 192, pid=8630)
UPCR: UPC thread  46 of 192 on node020 (pshm node  2 of 12, process  46 of 192, pid=10629)
UPCR: UPC thread 147 of 192 on node027 (pshm node  9 of 12, process 147 of 192, pid=19217)
UPCR: UPC thread 174 of 192 on node028 (pshm node 10 of 12, process 174 of 192, pid=8570)
UPCR: UPC thread 115 of 192 on node025 (pshm node  7 of 12, process 115 of 192, pid=2199)
UPCR: UPC thread  88 of 192 on node023 (pshm node  5 of 12, process  88 of 192, pid=27448)
UPCR: UPC thread  66 of 192 on node022 (pshm node  4 of 12, process  66 of 192, pid=14164)
UPCR: UPC thread 118 of 192 on node025 (pshm node  7 of 12, process 118 of 192, pid=2307)
UPCR: UPC thread 172 of 192 on node028 (pshm node 10 of 12, process 172 of 192, pid=8462)
UPCR: UPC thread 111 of 192 on node024 (pshm node  6 of 12, process 111 of 192, pid=10539)
UPCR: UPC thread 116 of 192 on node025 (pshm node  7 of 12, process 116 of 192, pid=2082)
UPCR: UPC thread 157 of 192 on node027 (pshm node  9 of 12, process 157 of 192, pid=19235)
UPCR: UPC thread  48 of 192 on node021 (pshm node  3 of 12, process  48 of 192, pid=19277)
UPCR: UPC thread 173 of 192 on node028 (pshm node 10 of 12, process 173 of 192, pid=8569)
UPCR: UPC thread  69 of 192 on node022 (pshm node  4 of 12, process  69 of 192, pid=14034)
UPCR: UPC thread 177 of 192 on node029 (pshm node 11 of 12, process 177 of 192, pid=8630)
UPCR: UPC thread 162 of 192 on node028 (pshm node 10 of 12, process 162 of 192, pid=8638)
UPCR: UPC thread 164 of 192 on node028 (pshm node 10 of 12, process 164 of 192, pid=8459)
UPCR: UPC thread  73 of 192 on node022 (pshm node  4 of 12, process  73 of 192, pid=14167)
UPCR: UPC thread 167 of 192 on node028 (pshm node 10 of 12, process 167 of 192, pid=8537)
UPCR: UPC thread 151 of 192 on node027 (pshm node  9 of 12, process 151 of 192, pid=19123)
UPCR: UPC thread 122 of 192 on node025 (pshm node  7 of 12, process 122 of 192, pid=2308)
UPCR: UPC thread  78 of 192 on node022 (pshm node  4 of 12, process  78 of 192, pid=14055)
UPCR: UPC thread 123 of 192 on node025 (pshm node  7 of 12, process 123 of 192, pid=2240)
UPCR: UPC thread 171 of 192 on node028 (pshm node 10 of 12, process 171 of 192, pid=8554)
UPCR: UPC thread 102 of 192 on node024 (pshm node  6 of 12, process 102 of 192, pid=10674)
UPCR: UPC thread 158 of 192 on node027 (pshm node  9 of 12, process 158 of 192, pid=19119)
UPCR: UPC thread 149 of 192 on node027 (pshm node  9 of 12, process 149 of 192, pid=19043)
UPCR: UPC thread  25 of 192 on node002 (pshm node  1 of 12, process  25 of 192, pid=31665)
UPCR: UPC thread 166 of 192 on node028 (pshm node 10 of 12, process 166 of 192, pid=8437)
UPCR: UPC thread  23 of 192 on node002 (pshm node  1 of 12, process  23 of 192, pid=31657)
UPCR: UPC thread 185 of 192 on node029 (pshm node 11 of 12, process 185 of 192, pid=8367)
UPCR: UPC thread  50 of 192 on node021 (pshm node  3 of 12, process  50 of 192, pid=19229)
UPCR: UPC thread 131 of 192 on node026 (pshm node  8 of 12, process 131 of 192, pid=12421)
UPCR: UPC thread 191 of 192 on node029 (pshm node 11 of 12, process 191 of 192, pid=8467)
UPCR: UPC thread 104 of 192 on node024 (pshm node  6 of 12, process 104 of 192, pid=10732)
UPCR: UPC thread 170 of 192 on node028 (pshm node 10 of 12, process 170 of 192, pid=8392)
UPCR: UPC thread 176 of 192 on node029 (pshm node 11 of 12, process 176 of 192, pid=8391)
UPCR: UPC thread 144 of 192 on node027 (pshm node  9 of 12, process 144 of 192, pid=19196)
UPCR: UPC thread  98 of 192 on node024 (pshm node  6 of 12, process  98 of 192, pid=10524)
UPCR: UPC thread 145 of 192 on node027 (pshm node  9 of 12, process 145 of 192, pid=19127)
UPCR: UPC thread 100 of 192 on node024 (pshm node  6 of 12, process 100 of 192, pid=10733)
UPCR: UPC thread  82 of 192 on node023 (pshm node  5 of 12, process  82 of 192, pid=27569)
UPCR: UPC thread  72 of 192 on node022 (pshm node  4 of 12, process  72 of 192, pid=14083)
UPCR: UPC thread  61 of 192 on node021 (pshm node  3 of 12, process  61 of 192, pid=19401)
UPCR: UPC thread 179 of 192 on node029 (pshm node 11 of 12, process 179 of 192, pid=8629)
UPCR: UPC thread 181 of 192 on node029 (pshm node 11 of 12, process 181 of 192, pid=8498)
UPCR: UPC thread  40 of 192 on node020 (pshm node  2 of 12, process  40 of 192, pid=10814)
UPCR: UPC thread  29 of 192 on node002 (pshm node  1 of 12, process  29 of 192, pid=31530)
UPCR: UPC thread 182 of 192 on node029 (pshm node 11 of 12, process 182 of 192, pid=8561)
UPCR: UPC thread 103 of 192 on node024 (pshm node  6 of 12, process 103 of 192, pid=10517)
UPCR: UPC thread 184 of 192 on node029 (pshm node 11 of 12, process 184 of 192, pid=8439)
UPCR: UPC thread 168 of 192 on node028 (pshm node 10 of 12, process 168 of 192, pid=8416)
UPCR: UPC thread 160 of 192 on node028 (pshm node 10 of 12, process 160 of 192, pid=8639)
UPCR: UPC thread 188 of 192 on node029 (pshm node 11 of 12, process 188 of 192, pid=8463)
UPCR: UPC thread  60 of 192 on node021 (pshm node  3 of 12, process  60 of 192, pid=19402)
UPCR: UPC thread  36 of 192 on node020 (pshm node  2 of 12, process  36 of 192, pid=10605)
UPCR: UPC thread 125 of 192 on node025 (pshm node  7 of 12, process 125 of 192, pid=2238)
UPCR: UPC thread 154 of 192 on node027 (pshm node  9 of 12, process 154 of 192, pid=19100)
UPCR: UPC thread 109 of 192 on node024 (pshm node  6 of 12, process 109 of 192, pid=10525)
UPCR: UPC thread 153 of 192 on node027 (pshm node  9 of 12, process 153 of 192, pid=19126)
UPCR: UPC thread 180 of 192 on node029 (pshm node 11 of 12, process 180 of 192, pid=8704)
UPCR: UPC thread  31 of 192 on node002 (pshm node  1 of 12, process  31 of 192, pid=31451)
UPCR: UPC thread  77 of 192 on node022 (pshm node  4 of 12, process  77 of 192, pid=14017)
UPCR: UPC thread 183 of 192 on node029 (pshm node 11 of 12, process 183 of 192, pid=8563)
UPCR: UPC thread 186 of 192 on node029 (pshm node 11 of 12, process 186 of 192, pid=8408)
UPCR: UPC thread  99 of 192 on node024 (pshm node  6 of 12, process  99 of 192, pid=10672)
UPCR: UPC thread 108 of 192 on node024 (pshm node  6 of 12, process 108 of 192, pid=10765)
UPCR: UPC thread 190 of 192 on node029 (pshm node 11 of 12, process 190 of 192, pid=8562)
UPCR: UPC thread 110 of 192 on node024 (pshm node  6 of 12, process 110 of 192, pid=10735)
UPCR: UPC thread 155 of 192 on node027 (pshm node  9 of 12, process 155 of 192, pid=19108)
UPCR: UPC thread  49 of 192 on node021 (pshm node  3 of 12, process  49 of 192, pid=19463)
UPCR: UPC thread 105 of 192 on node024 (pshm node  6 of 12, process 105 of 192, pid=10610)
UPCR: UPC thread 134 of 192 on node026 (pshm node  8 of 12, process 134 of 192, pid=12462)
UPCR: UPC thread 165 of 192 on node028 (pshm node 10 of 12, process 165 of 192, pid=8640)
UPCR: UPC thread 178 of 192 on node029 (pshm node 11 of 12, process 178 of 192, pid=8589)
UPCR: UPC thread  63 of 192 on node021 (pshm node  3 of 12, process  63 of 192, pid=19360)
UPCR: UPC thread  58 of 192 on node021 (pshm node  3 of 12, process  58 of 192, pid=19315)
UPCR: UPC thread 101 of 192 on node024 (pshm node  6 of 12, process 101 of 192, pid=10693)
UPCR: UPC thread 161 of 192 on node028 (pshm node 10 of 12, process 161 of 192, pid=8637)
UPCR: UPC thread 114 of 192 on node025 (pshm node  7 of 12, process 114 of 192, pid=2167)
UPCR: UPC thread  97 of 192 on node024 (pshm node  6 of 12, process  97 of 192, pid=10618)
UPCR: UPC thread 189 of 192 on node029 (pshm node 11 of 12, process 189 of 192, pid=8631)
UPCR: UPC thread 175 of 192 on node028 (pshm node 10 of 12, process 175 of 192, pid=8436)
UPCR: UPC thread 152 of 192 on node027 (pshm node  9 of 12, process 152 of 192, pid=19016)
UPCR: UPC thread 106 of 192 on node024 (pshm node  6 of 12, process 106 of 192, pid=10620)
UPCR: UPC thread 187 of 192 on node029 (pshm node 11 of 12, process 187 of 192, pid=8499)
UPCR: UPC thread  68 of 192 on node022 (pshm node  4 of 12, process  68 of 192, pid=14162)
UPCR: UPC thread  51 of 192 on node021 (pshm node  3 of 12, process  51 of 192, pid=19307)
UPCR: UPC thread 107 of 192 on node024 (pshm node  6 of 12, process 107 of 192, pid=10734)
UPCR: UPC thread 156 of 192 on node027 (pshm node  9 of 12, process 156 of 192, pid=18995)
UPCR: UPC thread 148 of 192 on node027 (pshm node  9 of 12, process 148 of 192, pid=18971)
UPCR: UPC thread 150 of 192 on node027 (pshm node  9 of 12, process 150 of 192, pid=19222)
UPCR: UPC thread  96 of 192 on node024 (pshm node  6 of 12, process  96 of 192, pid=10619)
Initializing models/at.7.8-rgs.bdd!
Vector size: 16
Bits per integer: 8
Number of BDD variables: 128
Loading initial states: 
Initial states loaded... 
Loading transition relations... 
16 integers per state, 8 bits per integer, 31 transition groups
BDD nodes:
Initial states: 128 BDD nodes
Transition 0: 348 BDD nodes
Transition 1: 182 BDD nodes
Transition 2: 94 BDD nodes
Transition 3: 205 BDD nodes
Transition 4: 32 BDD nodes
Transition 5: 32 BDD nodes
Transition 6: 182 BDD nodes
Transition 7: 94 BDD nodes
Transition 8: 205 BDD nodes
Transition 9: 32 BDD nodes
Transition 10: 32 BDD nodes
Transition 11: 137 BDD nodes
Transition 12: 144 BDD nodes
Transition 13: 143 BDD nodes
Transition 14: 136 BDD nodes
Transition 15: 94 BDD nodes
Transition 16: 203 BDD nodes
Transition 17: 32 BDD nodes
Transition 18: 32 BDD nodes
Transition 19: 81 BDD nodes
Transition 20: 32 BDD nodes
Transition 21: 81 BDD nodes
Transition 22: 32 BDD nodes
Transition 23: 81 BDD nodes
Transition 24: 32 BDD nodes
Transition 25: 249 BDD nodes
Transition 26: 32 BDD nodes
Transition 27: 208 BDD nodes
Transition 28: 273 BDD nodes
Transition 29: 32 BDD nodes
Transition 30: 32 BDD nodes
Level 1... done. 
Level 2... done. 
Level 3... done. 
Level 4... done. 
Level 5... done. 
Level 6... done. 
Level 7... done. 
Level 8... done. 
Level 9... done. 
Level 10... done. 
Level 11... done. 
Level 12... done. 
Level 13... done. 
Level 14... done. 
Level 15... done. 
Level 16... done. 
Level 17... done. 
Level 18... done. 
Level 19... done. 
Level 20... done. 
Level 21... done. 
Level 22... done. 
Level 23... done. 
Level 24... done. 
Level 25... done. 
Level 26... done. 
Level 27... done. 
Level 28... done. 
Level 29... done. 
Level 30... done. 
Level 31... done. 
Level 32... done. 
Level 33... done. 
Level 34... done. 
Level 35... done. 
Level 36... done. 
Level 37... done. 
Level 38... done. 
Level 39... done. 
Level 40... done. 
Level 41... done. 
Level 42... done. 
Level 43... done. 
Level 44... done. 
Level 45... done. 
Level 46... done. 
Level 47... done. 
Level 48... done. 
Level 49... done. 
Level 50... done. 
Level 51... done. 
Level 52... done. 
Level 53... done. 
Level 54... done. 
Level 55... done. 
Level 56... done. 
Level 57... done. 
PAR Time: 78.614081
Final states: 819243816 states
Final states: 991014 BDD nodes
[1443932669.798369] [node001:8555 :0]         sys.c:719  MXM  WARN  Conflicting CPU frequencies detected, using: 2784.94
