[1443922325.161686] [node012:25058:0]         sys.c:719  MXM  WARN  Conflicting CPU frequencies detected, using: 2083.12
[1443922325.162350] [node012:25062:0]         sys.c:719  MXM  WARN  Conflicting CPU frequencies detected, using: 2083.12
[1443922325.162554] [node012:25066:0]         sys.c:719  MXM  WARN  Conflicting CPU frequencies detected, using: 2083.12
[1443922325.162500] [node012:25064:0]         sys.c:719  MXM  WARN  Conflicting CPU frequencies detected, using: 2083.12
[1443922325.162157] [node012:25060:0]         sys.c:719  MXM  WARN  Conflicting CPU frequencies detected, using: 2083.12
[1443922325.190063] [node012:25060:0]         mxm.c:185  MXM  WARN  The 'ulimit -s' on the system is set to 'unlimited'. This may have negative performance implications. Please set the heap size to the default value (10240) 
[1443922325.160916] [node012:25056:0]         sys.c:719  MXM  WARN  Conflicting CPU frequencies detected, using: 2083.12
[1443922325.191035] [node012:25056:0]         mxm.c:185  MXM  WARN  The 'ulimit -s' on the system is set to 'unlimited'. This may have negative performance implications. Please set the heap size to the default value (10240) 
[1443922325.164101] [node012:25068:0]         sys.c:719  MXM  WARN  Conflicting CPU frequencies detected, using: 2083.12
[1443922325.188944] [node012:25068:0]         mxm.c:185  MXM  WARN  The 'ulimit -s' on the system is set to 'unlimited'. This may have negative performance implications. Please set the heap size to the default value (10240) 
[1443922325.163659] [node012:25067:0]         sys.c:719  MXM  WARN  Conflicting CPU frequencies detected, using: 2083.12
[1443922325.192186] [node012:25067:0]         mxm.c:185  MXM  WARN  The 'ulimit -s' on the system is set to 'unlimited'. This may have negative performance implications. Please set the heap size to the default value (10240) 
[1443922325.159516] [node012:25055:0]         sys.c:719  MXM  WARN  Conflicting CPU frequencies detected, using: 2083.12
[1443922325.183811] [node012:25055:0]         mxm.c:185  MXM  WARN  The 'ulimit -s' on the system is set to 'unlimited'. This may have negative performance implications. Please set the heap size to the default value (10240) 
[1443922325.221614] [node012:25064:0]         mxm.c:185  MXM  WARN  The 'ulimit -s' on the system is set to 'unlimited'. This may have negative performance implications. Please set the heap size to the default value (10240) 
[1443922325.225970] [node012:25058:0]         mxm.c:185  MXM  WARN  The 'ulimit -s' on the system is set to 'unlimited'. This may have negative performance implications. Please set the heap size to the default value (10240) 
[1443922325.239606] [node012:25062:0]         mxm.c:185  MXM  WARN  The 'ulimit -s' on the system is set to 'unlimited'. This may have negative performance implications. Please set the heap size to the default value (10240) 
[1443922325.161332] [node012:25063:0]         sys.c:719  MXM  WARN  Conflicting CPU frequencies detected, using: 2083.12
[1443922325.212085] [node012:25063:0]         mxm.c:185  MXM  WARN  The 'ulimit -s' on the system is set to 'unlimited'. This may have negative performance implications. Please set the heap size to the default value (10240) 
[1443922325.216431] [node012:25066:0]         mxm.c:185  MXM  WARN  The 'ulimit -s' on the system is set to 'unlimited'. This may have negative performance implications. Please set the heap size to the default value (10240) 
[1443922325.161563] [node012:25061:0]         sys.c:719  MXM  WARN  Conflicting CPU frequencies detected, using: 2083.12
[1443922325.201295] [node012:25061:0]         mxm.c:185  MXM  WARN  The 'ulimit -s' on the system is set to 'unlimited'. This may have negative performance implications. Please set the heap size to the default value (10240) 
[1443922325.160770] [node012:25059:0]         sys.c:719  MXM  WARN  Conflicting CPU frequencies detected, using: 2083.12
[1443922325.205524] [node012:25059:0]         mxm.c:185  MXM  WARN  The 'ulimit -s' on the system is set to 'unlimited'. This may have negative performance implications. Please set the heap size to the default value (10240) 
[1443922325.160490] [node012:25057:0]         sys.c:719  MXM  WARN  Conflicting CPU frequencies detected, using: 2083.12
[1443922325.199646] [node012:25057:0]         mxm.c:185  MXM  WARN  The 'ulimit -s' on the system is set to 'unlimited'. This may have negative performance implications. Please set the heap size to the default value (10240) 
[1443922325.163969] [node012:25070:0]         sys.c:719  MXM  WARN  Conflicting CPU frequencies detected, using: 2083.12
[1443922325.202876] [node012:25070:0]         mxm.c:185  MXM  WARN  The 'ulimit -s' on the system is set to 'unlimited'. This may have negative performance implications. Please set the heap size to the default value (10240) 
[1443922325.164078] [node012:25069:0]         sys.c:719  MXM  WARN  Conflicting CPU frequencies detected, using: 2083.12
[1443922325.209182] [node012:25069:0]         mxm.c:185  MXM  WARN  The 'ulimit -s' on the system is set to 'unlimited'. This may have negative performance implications. Please set the heap size to the default value (10240) 
[1443922325.164640] [node012:25065:0]         sys.c:719  MXM  WARN  Conflicting CPU frequencies detected, using: 2083.12
[1443922325.213727] [node012:25065:0]         mxm.c:185  MXM  WARN  The 'ulimit -s' on the system is set to 'unlimited'. This may have negative performance implications. Please set the heap size to the default value (10240) 
[1443922325.438432] [node013:24367:0]         sys.c:719  MXM  WARN  Conflicting CPU frequencies detected, using: 2400.00
[1443922325.447180] [node013:24367:0]         mxm.c:185  MXM  WARN  The 'ulimit -s' on the system is set to 'unlimited'. This may have negative performance implications. Please set the heap size to the default value (10240) 
[1443922325.426249] [node013:24366:0]         sys.c:719  MXM  WARN  Conflicting CPU frequencies detected, using: 2400.00
[1443922325.434437] [node013:24366:0]         mxm.c:185  MXM  WARN  The 'ulimit -s' on the system is set to 'unlimited'. This may have negative performance implications. Please set the heap size to the default value (10240) 
[1443922325.446583] [node013:24368:0]         sys.c:719  MXM  WARN  Conflicting CPU frequencies detected, using: 2400.00
[1443922325.455183] [node013:24368:0]         mxm.c:185  MXM  WARN  The 'ulimit -s' on the system is set to 'unlimited'. This may have negative performance implications. Please set the heap size to the default value (10240) 
[1443922325.476910] [node013:24385:0]         sys.c:719  MXM  WARN  Conflicting CPU frequencies detected, using: 2400.00
[1443922325.483055] [node013:24385:0]         mxm.c:185  MXM  WARN  The 'ulimit -s' on the system is set to 'unlimited'. This may have negative performance implications. Please set the heap size to the default value (10240) 
[1443922325.510722] [node013:24438:0]         sys.c:719  MXM  WARN  Conflicting CPU frequencies detected, using: 2400.00
[1443922325.515807] [node013:24438:0]         mxm.c:185  MXM  WARN  The 'ulimit -s' on the system is set to 'unlimited'. This may have negative performance implications. Please set the heap size to the default value (10240) 
[1443922325.514920] [node013:24424:0]         sys.c:719  MXM  WARN  Conflicting CPU frequencies detected, using: 2400.00
[1443922325.520118] [node013:24424:0]         mxm.c:185  MXM  WARN  The 'ulimit -s' on the system is set to 'unlimited'. This may have negative performance implications. Please set the heap size to the default value (10240) 
[1443922325.527266] [node013:24433:0]         sys.c:719  MXM  WARN  Conflicting CPU frequencies detected, using: 2400.00
[1443922325.550238] [node013:24433:0]         mxm.c:185  MXM  WARN  The 'ulimit -s' on the system is set to 'unlimited'. This may have negative performance implications. Please set the heap size to the default value (10240) 
[1443922325.528992] [node013:24447:0]         sys.c:719  MXM  WARN  Conflicting CPU frequencies detected, using: 2400.00
[1443922325.576129] [node013:24447:0]         mxm.c:185  MXM  WARN  The 'ulimit -s' on the system is set to 'unlimited'. This may have negative performance implications. Please set the heap size to the default value (10240) 
[1443922325.526840] [node013:24436:0]         sys.c:719  MXM  WARN  Conflicting CPU frequencies detected, using: 2400.00
[1443922325.543763] [node013:24436:0]         mxm.c:185  MXM  WARN  The 'ulimit -s' on the system is set to 'unlimited'. This may have negative performance implications. Please set the heap size to the default value (10240) 
[1443922325.529125] [node013:24441:0]         sys.c:719  MXM  WARN  Conflicting CPU frequencies detected, using: 2400.00
[1443922325.560288] [node013:24441:0]         mxm.c:185  MXM  WARN  The 'ulimit -s' on the system is set to 'unlimited'. This may have negative performance implications. Please set the heap size to the default value (10240) 
[1443922325.533312] [node013:24446:0]         sys.c:719  MXM  WARN  Conflicting CPU frequencies detected, using: 2400.00
[1443922325.575196] [node013:24446:0]         mxm.c:185  MXM  WARN  The 'ulimit -s' on the system is set to 'unlimited'. This may have negative performance implications. Please set the heap size to the default value (10240) 
[1443922325.535457] [node013:24448:0]         sys.c:719  MXM  WARN  Conflicting CPU frequencies detected, using: 2400.00
[1443922325.578568] [node013:24448:0]         mxm.c:185  MXM  WARN  The 'ulimit -s' on the system is set to 'unlimited'. This may have negative performance implications. Please set the heap size to the default value (10240) 
[1443922325.526726] [node013:24437:0]         sys.c:719  MXM  WARN  Conflicting CPU frequencies detected, using: 2400.00
[1443922325.546256] [node013:24437:0]         mxm.c:185  MXM  WARN  The 'ulimit -s' on the system is set to 'unlimited'. This may have negative performance implications. Please set the heap size to the default value (10240) 
[1443922325.534840] [node013:24449:0]         sys.c:719  MXM  WARN  Conflicting CPU frequencies detected, using: 2400.00
[1443922325.577856] [node013:24449:0]         mxm.c:185  MXM  WARN  The 'ulimit -s' on the system is set to 'unlimited'. This may have negative performance implications. Please set the heap size to the default value (10240) 
[1443922325.527686] [node013:24440:0]         sys.c:719  MXM  WARN  Conflicting CPU frequencies detected, using: 2400.00
[1443922325.540526] [node013:24440:0]         mxm.c:185  MXM  WARN  The 'ulimit -s' on the system is set to 'unlimited'. This may have negative performance implications. Please set the heap size to the default value (10240) 
[1443922325.533124] [node013:24439:0]         sys.c:719  MXM  WARN  Conflicting CPU frequencies detected, using: 2400.00
[1443922325.564439] [node013:24439:0]         mxm.c:185  MXM  WARN  The 'ulimit -s' on the system is set to 'unlimited'. This may have negative performance implications. Please set the heap size to the default value (10240) 
UPCR: UPC thread  7 of 32 on node012 (pshm node 0 of 2, process  7 of 32, pid=25062)
UPCR: UPC thread 10 of 32 on node012 (pshm node 0 of 2, process 10 of 32, pid=25065)
UPCR: UPC thread  4 of 32 on node012 (pshm node 0 of 2, process  4 of 32, pid=25059)
UPCR: UPC thread  6 of 32 on node012 (pshm node 0 of 2, process  6 of 32, pid=25061)
UPCR: UPC thread  1 of 32 on node012 (pshm node 0 of 2, process  1 of 32, pid=25056)
UPCR: UPC thread 14 of 32 on node012 (pshm node 0 of 2, process 14 of 32, pid=25069)
UPCR: UPC thread  8 of 32 on node012 (pshm node 0 of 2, process  8 of 32, pid=25063)
UPCR: UPC thread  5 of 32 on node012 (pshm node 0 of 2, process  5 of 32, pid=25060)
UPCR: UPC thread  2 of 32 on node012 (pshm node 0 of 2, process  2 of 32, pid=25057)
UPCR: UPC thread 11 of 32 on node012 (pshm node 0 of 2, process 11 of 32, pid=25066)
UPCR: UPC thread 13 of 32 on node012 (pshm node 0 of 2, process 13 of 32, pid=25068)
UPCR: UPC thread  0 of 32 on node012 (pshm node 0 of 2, process  0 of 32, pid=25055)
UPCR: UPC thread  9 of 32 on node012 (pshm node 0 of 2, process  9 of 32, pid=25064)
UPCR: UPC thread  3 of 32 on node012 (pshm node 0 of 2, process  3 of 32, pid=25058)
UPCR: UPC thread 15 of 32 on node012 (pshm node 0 of 2, process 15 of 32, pid=25070)
UPCR: UPC thread 12 of 32 on node012 (pshm node 0 of 2, process 12 of 32, pid=25067)
UPCR: UPC thread 17 of 32 on node013 (pshm node 1 of 2, process 17 of 32, pid=24439)
UPCR: UPC thread 31 of 32 on node013 (pshm node 1 of 2, process 31 of 32, pid=24440)
UPCR: UPC thread 21 of 32 on node013 (pshm node 1 of 2, process 21 of 32, pid=24441)
UPCR: UPC thread 28 of 32 on node013 (pshm node 1 of 2, process 28 of 32, pid=24446)
UPCR: UPC thread 23 of 32 on node013 (pshm node 1 of 2, process 23 of 32, pid=24433)
UPCR: UPC thread 27 of 32 on node013 (pshm node 1 of 2, process 27 of 32, pid=24438)
UPCR: UPC thread 20 of 32 on node013 (pshm node 1 of 2, process 20 of 32, pid=24424)
UPCR: UPC thread 22 of 32 on node013 (pshm node 1 of 2, process 22 of 32, pid=24368)
UPCR: UPC thread 26 of 32 on node013 (pshm node 1 of 2, process 26 of 32, pid=24367)
UPCR: UPC thread 30 of 32 on node013 (pshm node 1 of 2, process 30 of 32, pid=24449)
UPCR: UPC thread 19 of 32 on node013 (pshm node 1 of 2, process 19 of 32, pid=24448)
UPCR: UPC thread 16 of 32 on node013 (pshm node 1 of 2, process 16 of 32, pid=24385)
UPCR: UPC thread 18 of 32 on node013 (pshm node 1 of 2, process 18 of 32, pid=24366)
UPCR: UPC thread 24 of 32 on node013 (pshm node 1 of 2, process 24 of 32, pid=24437)
UPCR: UPC thread 29 of 32 on node013 (pshm node 1 of 2, process 29 of 32, pid=24436)
UPCR: UPC thread 25 of 32 on node013 (pshm node 1 of 2, process 25 of 32, pid=24447)
Initializing models/at.7.8-rgs.bdd!
Vector size: 16
Bits per integer: 8
Number of BDD variables: 128
Loading initial states: 
Initial states loaded... 
Loading transition relations... 
16 integers per state, 8 bits per integer, 31 transition groups
BDD nodes:
Initial states: 128 BDD nodes
Transition 0: 348 BDD nodes
Transition 1: 182 BDD nodes
Transition 2: 94 BDD nodes
Transition 3: 205 BDD nodes
Transition 4: 32 BDD nodes
Transition 5: 32 BDD nodes
Transition 6: 182 BDD nodes
Transition 7: 94 BDD nodes
Transition 8: 205 BDD nodes
Transition 9: 32 BDD nodes
Transition 10: 32 BDD nodes
Transition 11: 137 BDD nodes
Transition 12: 144 BDD nodes
Transition 13: 143 BDD nodes
Transition 14: 136 BDD nodes
Transition 15: 94 BDD nodes
Transition 16: 203 BDD nodes
Transition 17: 32 BDD nodes
Transition 18: 32 BDD nodes
Transition 19: 81 BDD nodes
Transition 20: 32 BDD nodes
Transition 21: 81 BDD nodes
Transition 22: 32 BDD nodes
Transition 23: 81 BDD nodes
Transition 24: 32 BDD nodes
Transition 25: 249 BDD nodes
Transition 26: 32 BDD nodes
Transition 27: 208 BDD nodes
Transition 28: 273 BDD nodes
Transition 29: 32 BDD nodes
Transition 30: 32 BDD nodes
Level 1... done. 
Level 2... done. 
Level 3... done. 
Level 4... done. 
Level 5... done. 
Level 6... done. 
Level 7... done. 
Level 8... done. 
Level 9... done. 
Level 10... done. 
Level 11... done. 
Level 12... done. 
Level 13... done. 
Level 14... done. 
Level 15... done. 
Level 16... done. 
Level 17... done. 
Level 18... done. 
Level 19... done. 
Level 20... done. 
Level 21... done. 
Level 22... done. 
Level 23... done. 
Level 24... done. 
Level 25... done. 
Level 26... done. 
Level 27... done. 
Level 28... done. 
Level 29... done. 
Level 30... done. 
Level 31... done. 
Level 32... done. 
Level 33... done. 
Level 34... done. 
Level 35... done. 
Level 36... done. 
Level 37... done. 
Level 38... done. 
Level 39... done. 
Level 40... done. 
Level 41... done. 
Level 42... done. 
Level 43... done. 
Level 44... done. 
Level 45... done. 
Level 46... done. 
Level 47... done. 
Level 48... done. 
Level 49... done. 
Level 50... done. 
Level 51... done. 
Level 52... done. 
Level 53... done. 
Level 54... done. 
Level 55... done. 
Level 56... done. 
Level 57... done. 
PAR Time: 216.739574
Final states: 819243816 states
Final states: 991014 BDD nodes
[1443922325.141421] [node012:25010:0]         sys.c:719  MXM  WARN  Conflicting CPU frequencies detected, using: 2670.94
