[1443944718.623706] [node008:19620:0]         sys.c:719  MXM  WARN  Conflicting CPU frequencies detected, using: 1293.47
[1443944718.634804] [node008:19620:0]         mxm.c:185  MXM  WARN  The 'ulimit -s' on the system is set to 'unlimited'. This may have negative performance implications. Please set the heap size to the default value (10240) 
[1443944718.980058] [node067:16401:0]         sys.c:719  MXM  WARN  Conflicting CPU frequencies detected, using: 3199.97
[1443944718.986402] [node067:16401:0]         mxm.c:185  MXM  WARN  The 'ulimit -s' on the system is set to 'unlimited'. This may have negative performance implications. Please set the heap size to the default value (10240) 
[1443944718.977911] [node063:25061:0]         sys.c:719  MXM  WARN  Conflicting CPU frequencies detected, using: 1497.00
[1443944718.982336] [node063:25061:0]         mxm.c:185  MXM  WARN  The 'ulimit -s' on the system is set to 'unlimited'. This may have negative performance implications. Please set the heap size to the default value (10240) 
[1443944719.002281] [node012:21372:0]         sys.c:719  MXM  WARN  Conflicting CPU frequencies detected, using: 2837.16
[1443944719.008794] [node012:21372:0]         mxm.c:185  MXM  WARN  The 'ulimit -s' on the system is set to 'unlimited'. This may have negative performance implications. Please set the heap size to the default value (10240) 
[1443944719.012965] [node053:9322 :0]         sys.c:719  MXM  WARN  Conflicting CPU frequencies detected, using: 3157.03
[1443944719.017255] [node053:9322 :0]         mxm.c:185  MXM  WARN  The 'ulimit -s' on the system is set to 'unlimited'. This may have negative performance implications. Please set the heap size to the default value (10240) 
[1443944719.002710] [node032:28094:0]         sys.c:719  MXM  WARN  Conflicting CPU frequencies detected, using: 2969.34
[1443944719.009200] [node032:28094:0]         mxm.c:185  MXM  WARN  The 'ulimit -s' on the system is set to 'unlimited'. This may have negative performance implications. Please set the heap size to the default value (10240) 
[1443944719.017443] [node014:28711:0]         sys.c:719  MXM  WARN  Conflicting CPU frequencies detected, using: 3000.66
[1443944719.021611] [node014:28711:0]         mxm.c:185  MXM  WARN  The 'ulimit -s' on the system is set to 'unlimited'. This may have negative performance implications. Please set the heap size to the default value (10240) 
[1443944719.033737] [node034:23038:0]         sys.c:719  MXM  WARN  Conflicting CPU frequencies detected, using: 1491.84
[1443944719.040208] [node034:23038:0]         mxm.c:185  MXM  WARN  The 'ulimit -s' on the system is set to 'unlimited'. This may have negative performance implications. Please set the heap size to the default value (10240) 
[1443944719.019390] [node044:23612:0]         sys.c:719  MXM  WARN  Conflicting CPU frequencies detected, using: 3163.03
[1443944719.025604] [node044:23612:0]         mxm.c:185  MXM  WARN  The 'ulimit -s' on the system is set to 'unlimited'. This may have negative performance implications. Please set the heap size to the default value (10240) 
[1443944719.004871] [node035:26810:0]         sys.c:719  MXM  WARN  Conflicting CPU frequencies detected, using: 1589.72
[1443944719.008953] [node035:26810:0]         mxm.c:185  MXM  WARN  The 'ulimit -s' on the system is set to 'unlimited'. This may have negative performance implications. Please set the heap size to the default value (10240) 
[1443944719.051323] [node060:13573:0]         sys.c:719  MXM  WARN  Conflicting CPU frequencies detected, using: 1395.09
[1443944719.055881] [node060:13573:0]         mxm.c:185  MXM  WARN  The 'ulimit -s' on the system is set to 'unlimited'. This may have negative performance implications. Please set the heap size to the default value (10240) 
[1443944719.009925] [node057:16609:0]         sys.c:719  MXM  WARN  Conflicting CPU frequencies detected, using: 1631.72
[1443944719.014227] [node057:16609:0]         mxm.c:185  MXM  WARN  The 'ulimit -s' on the system is set to 'unlimited'. This may have negative performance implications. Please set the heap size to the default value (10240) 
[1443944719.006410] [node015:8874 :0]         sys.c:719  MXM  WARN  Conflicting CPU frequencies detected, using: 1777.22
[1443944719.012894] [node015:8874 :0]         mxm.c:185  MXM  WARN  The 'ulimit -s' on the system is set to 'unlimited'. This may have negative performance implications. Please set the heap size to the default value (10240) 
[1443944719.011495] [node023:9363 :0]         sys.c:719  MXM  WARN  Conflicting CPU frequencies detected, using: 1743.75
[1443944719.017954] [node023:9363 :0]         mxm.c:185  MXM  WARN  The 'ulimit -s' on the system is set to 'unlimited'. This may have negative performance implications. Please set the heap size to the default value (10240) 
[1443944719.074395] [node031:28731:0]         sys.c:719  MXM  WARN  Conflicting CPU frequencies detected, using: 1446.19
[1443944719.080686] [node031:28731:0]         mxm.c:185  MXM  WARN  The 'ulimit -s' on the system is set to 'unlimited'. This may have negative performance implications. Please set the heap size to the default value (10240) 
[1443944719.051751] [node038:19899:0]         sys.c:719  MXM  WARN  Conflicting CPU frequencies detected, using: 2388.75
[1443944719.058022] [node038:19899:0]         mxm.c:185  MXM  WARN  The 'ulimit -s' on the system is set to 'unlimited'. This may have negative performance implications. Please set the heap size to the default value (10240) 
[1443944719.095494] [node058:10731:0]         sys.c:719  MXM  WARN  Conflicting CPU frequencies detected, using: 1395.84
[1443944719.099801] [node058:10731:0]         mxm.c:185  MXM  WARN  The 'ulimit -s' on the system is set to 'unlimited'. This may have negative performance implications. Please set the heap size to the default value (10240) 
[1443944719.073175] [node068:17363:0]         sys.c:719  MXM  WARN  Conflicting CPU frequencies detected, using: 3133.12
[1443944719.079582] [node068:17363:0]         mxm.c:185  MXM  WARN  The 'ulimit -s' on the system is set to 'unlimited'. This may have negative performance implications. Please set the heap size to the default value (10240) 
[1443944719.101618] [node040:26532:0]         sys.c:719  MXM  WARN  Conflicting CPU frequencies detected, using: 1412.81
[1443944719.107920] [node040:26532:0]         mxm.c:185  MXM  WARN  The 'ulimit -s' on the system is set to 'unlimited'. This may have negative performance implications. Please set the heap size to the default value (10240) 
[1443944719.096178] [node016:14335:0]         sys.c:719  MXM  WARN  Conflicting CPU frequencies detected, using: 2922.00
[1443944719.100858] [node016:14335:0]         mxm.c:185  MXM  WARN  The 'ulimit -s' on the system is set to 'unlimited'. This may have negative performance implications. Please set the heap size to the default value (10240) 
[1443944719.092758] [node055:6320 :0]         sys.c:719  MXM  WARN  Conflicting CPU frequencies detected, using: 3082.03
[1443944719.099279] [node055:6320 :0]         mxm.c:185  MXM  WARN  The 'ulimit -s' on the system is set to 'unlimited'. This may have negative performance implications. Please set the heap size to the default value (10240) 
[1443944719.077135] [node036:25680:0]         sys.c:719  MXM  WARN  Conflicting CPU frequencies detected, using: 1399.97
[1443944719.081420] [node036:25680:0]         mxm.c:185  MXM  WARN  The 'ulimit -s' on the system is set to 'unlimited'. This may have negative performance implications. Please set the heap size to the default value (10240) 
[1443944719.100934] [node019:28256:0]         sys.c:719  MXM  WARN  Conflicting CPU frequencies detected, using: 3122.34
[1443944719.105453] [node019:28256:0]         mxm.c:185  MXM  WARN  The 'ulimit -s' on the system is set to 'unlimited'. This may have negative performance implications. Please set the heap size to the default value (10240) 
[1443944719.102605] [node030:20703:0]         sys.c:719  MXM  WARN  Conflicting CPU frequencies detected, using: 3032.34
[1443944719.109101] [node030:20703:0]         mxm.c:185  MXM  WARN  The 'ulimit -s' on the system is set to 'unlimited'. This may have negative performance implications. Please set the heap size to the default value (10240) 
[1443944719.138757] [node041:21467:0]         sys.c:719  MXM  WARN  Conflicting CPU frequencies detected, using: 1399.97
[1443944719.145164] [node041:21467:0]         mxm.c:185  MXM  WARN  The 'ulimit -s' on the system is set to 'unlimited'. This may have negative performance implications. Please set the heap size to the default value (10240) 
[1443944719.132119] [node059:8776 :0]         sys.c:719  MXM  WARN  Conflicting CPU frequencies detected, using: 3199.50
[1443944719.136563] [node059:8776 :0]         mxm.c:185  MXM  WARN  The 'ulimit -s' on the system is set to 'unlimited'. This may have negative performance implications. Please set the heap size to the default value (10240) 
[1443944719.149005] [node064:29260:0]         sys.c:719  MXM  WARN  Conflicting CPU frequencies detected, using: 1299.94
[1443944719.155351] [node064:29260:0]         mxm.c:185  MXM  WARN  The 'ulimit -s' on the system is set to 'unlimited'. This may have negative performance implications. Please set the heap size to the default value (10240) 
[1443944719.106187] [node037:26955:0]         sys.c:719  MXM  WARN  Conflicting CPU frequencies detected, using: 1399.97
[1443944719.110632] [node037:26955:0]         mxm.c:185  MXM  WARN  The 'ulimit -s' on the system is set to 'unlimited'. This may have negative performance implications. Please set the heap size to the default value (10240) 
[1443944719.154595] [node062:18478:0]         sys.c:719  MXM  WARN  Conflicting CPU frequencies detected, using: 1541.44
[1443944719.160569] [node062:18478:0]         mxm.c:185  MXM  WARN  The 'ulimit -s' on the system is set to 'unlimited'. This may have negative performance implications. Please set the heap size to the default value (10240) 
[1443944719.134823] [node039:24291:0]         sys.c:719  MXM  WARN  Conflicting CPU frequencies detected, using: 3168.19
[1443944719.141566] [node039:24291:0]         mxm.c:185  MXM  WARN  The 'ulimit -s' on the system is set to 'unlimited'. This may have negative performance implications. Please set the heap size to the default value (10240) 
[1443944719.161054] [node054:5823 :0]         sys.c:719  MXM  WARN  Conflicting CPU frequencies detected, using: 1455.00
[1443944719.167211] [node054:5823 :0]         mxm.c:185  MXM  WARN  The 'ulimit -s' on the system is set to 'unlimited'. This may have negative performance implications. Please set the heap size to the default value (10240) 
[1443944719.135553] [node045:21814:0]         sys.c:719  MXM  WARN  Conflicting CPU frequencies detected, using: 2730.19
[1443944719.141852] [node045:21814:0]         mxm.c:185  MXM  WARN  The 'ulimit -s' on the system is set to 'unlimited'. This may have negative performance implications. Please set the heap size to the default value (10240) 
[1443944719.143763] [node011:7917 :0]         sys.c:719  MXM  WARN  Conflicting CPU frequencies detected, using: 3182.91
[1443944719.150120] [node011:7917 :0]         mxm.c:185  MXM  WARN  The 'ulimit -s' on the system is set to 'unlimited'. This may have negative performance implications. Please set the heap size to the default value (10240) 
[1443944719.170592] [node017:29266:0]         sys.c:719  MXM  WARN  Conflicting CPU frequencies detected, using: 1587.28
[1443944719.177084] [node017:29266:0]         mxm.c:185  MXM  WARN  The 'ulimit -s' on the system is set to 'unlimited'. This may have negative performance implications. Please set the heap size to the default value (10240) 
[1443944719.137060] [node009:1709 :0]         sys.c:719  MXM  WARN  Conflicting CPU frequencies detected, using: 2178.47
[1443944719.143833] [node009:1709 :0]         mxm.c:185  MXM  WARN  The 'ulimit -s' on the system is set to 'unlimited'. This may have negative performance implications. Please set the heap size to the default value (10240) 
[1443944719.138888] [node066:17177:0]         sys.c:719  MXM  WARN  Conflicting CPU frequencies detected, using: 2223.09
[1443944719.145364] [node066:17177:0]         mxm.c:185  MXM  WARN  The 'ulimit -s' on the system is set to 'unlimited'. This may have negative performance implications. Please set the heap size to the default value (10240) 
[1443944719.156761] [node021:1108 :0]         sys.c:719  MXM  WARN  Conflicting CPU frequencies detected, using: 3199.88
[1443944719.161147] [node021:1108 :0]         mxm.c:185  MXM  WARN  The 'ulimit -s' on the system is set to 'unlimited'. This may have negative performance implications. Please set the heap size to the default value (10240) 
[1443944719.145892] [node013:22107:0]         sys.c:719  MXM  WARN  Conflicting CPU frequencies detected, using: 2397.09
[1443944719.152463] [node013:22107:0]         mxm.c:185  MXM  WARN  The 'ulimit -s' on the system is set to 'unlimited'. This may have negative performance implications. Please set the heap size to the default value (10240) 
[1443944719.146550] [node022:28359:0]         sys.c:719  MXM  WARN  Conflicting CPU frequencies detected, using: 2472.47
[1443944719.152857] [node022:28359:0]         mxm.c:185  MXM  WARN  The 'ulimit -s' on the system is set to 'unlimited'. This may have negative performance implications. Please set the heap size to the default value (10240) 
[1443944719.152795] [node056:8361 :0]         sys.c:719  MXM  WARN  Conflicting CPU frequencies detected, using: 2995.41
[1443944719.159187] [node056:8361 :0]         mxm.c:185  MXM  WARN  The 'ulimit -s' on the system is set to 'unlimited'. This may have negative performance implications. Please set the heap size to the default value (10240) 
[1443944719.164381] [node018:12905:0]         sys.c:719  MXM  WARN  Conflicting CPU frequencies detected, using: 3189.38
[1443944719.170813] [node018:12905:0]         mxm.c:185  MXM  WARN  The 'ulimit -s' on the system is set to 'unlimited'. This may have negative performance implications. Please set the heap size to the default value (10240) 
[1443944719.148301] [node020:24948:0]         sys.c:719  MXM  WARN  Conflicting CPU frequencies detected, using: 1814.25
[1443944719.154754] [node020:24948:0]         mxm.c:185  MXM  WARN  The 'ulimit -s' on the system is set to 'unlimited'. This may have negative performance implications. Please set the heap size to the default value (10240) 
[1443944719.181879] [node061:23871:0]         sys.c:719  MXM  WARN  Conflicting CPU frequencies detected, using: 3108.09
[1443944719.186537] [node061:23871:0]         mxm.c:185  MXM  WARN  The 'ulimit -s' on the system is set to 'unlimited'. This may have negative performance implications. Please set the heap size to the default value (10240) 
[1443944719.156958] [node065:30902:0]         sys.c:719  MXM  WARN  Conflicting CPU frequencies detected, using: 1397.16
[1443944719.161320] [node065:30902:0]         mxm.c:185  MXM  WARN  The 'ulimit -s' on the system is set to 'unlimited'. This may have negative performance implications. Please set the heap size to the default value (10240) 
[1443944719.181544] [node010:23947:0]         sys.c:719  MXM  WARN  Conflicting CPU frequencies detected, using: 2307.66
[1443944719.187669] [node010:23947:0]         mxm.c:185  MXM  WARN  The 'ulimit -s' on the system is set to 'unlimited'. This may have negative performance implications. Please set the heap size to the default value (10240) 
[1443944719.182907] [node042:21557:0]         sys.c:719  MXM  WARN  Conflicting CPU frequencies detected, using: 3049.78
[1443944719.188876] [node042:21557:0]         mxm.c:185  MXM  WARN  The 'ulimit -s' on the system is set to 'unlimited'. This may have negative performance implications. Please set the heap size to the default value (10240) 
[1443944719.232428] [node043:23063:0]         sys.c:719  MXM  WARN  Conflicting CPU frequencies detected, using: 1494.47
[1443944719.239535] [node043:23063:0]         mxm.c:185  MXM  WARN  The 'ulimit -s' on the system is set to 'unlimited'. This may have negative performance implications. Please set the heap size to the default value (10240) 
[1443944719.207272] [node033:28844:0]         sys.c:719  MXM  WARN  Conflicting CPU frequencies detected, using: 3167.62
[1443944719.213989] [node033:28844:0]         mxm.c:185  MXM  WARN  The 'ulimit -s' on the system is set to 'unlimited'. This may have negative performance implications. Please set the heap size to the default value (10240) 
UPCR: UPC thread  0 of 48 on node008 (pshm node  0 of 48, process  0 of 48, pid=19620)
UPCR: UPC thread 21 of 48 on node035 (pshm node 21 of 48, process 21 of 48, pid=26810)
UPCR: UPC thread 39 of 48 on node060 (pshm node 39 of 48, process 39 of 48, pid=13573)
UPCR: UPC thread 30 of 48 on node044 (pshm node 30 of 48, process 30 of 48, pid=23612)
UPCR: UPC thread 29 of 48 on node043 (pshm node 29 of 48, process 29 of 48, pid=23063)
UPCR: UPC thread 46 of 48 on node067 (pshm node 46 of 48, process 46 of 48, pid=16401)
UPCR: UPC thread 28 of 48 on node042 (pshm node 28 of 48, process 28 of 48, pid=21557)
UPCR: UPC thread 17 of 48 on node031 (pshm node 17 of 48, process 17 of 48, pid=28731)
UPCR: UPC thread 10 of 48 on node018 (pshm node 10 of 48, process 10 of 48, pid=12905)
UPCR: UPC thread  7 of 48 on node015 (pshm node  7 of 48, process  7 of 48, pid=8874)
UPCR: UPC thread  9 of 48 on node017 (pshm node  9 of 48, process  9 of 48, pid=29266)
UPCR: UPC thread 26 of 48 on node040 (pshm node 26 of 48, process 26 of 48, pid=26532)
UPCR: UPC thread 47 of 48 on node068 (pshm node 47 of 48, process 47 of 48, pid=17363)
UPCR: UPC thread 42 of 48 on node063 (pshm node 42 of 48, process 42 of 48, pid=25061)
UPCR: UPC thread 41 of 48 on node062 (pshm node 41 of 48, process 41 of 48, pid=18478)
UPCR: UPC thread 34 of 48 on node055 (pshm node 34 of 48, process 34 of 48, pid=6320)
UPCR: UPC thread 13 of 48 on node021 (pshm node 13 of 48, process 13 of 48, pid=1108)
UPCR: UPC thread  3 of 48 on node011 (pshm node  3 of 48, process  3 of 48, pid=7917)
UPCR: UPC thread 45 of 48 on node066 (pshm node 45 of 48, process 45 of 48, pid=17177)
UPCR: UPC thread 18 of 48 on node032 (pshm node 18 of 48, process 18 of 48, pid=28094)
UPCR: UPC thread 15 of 48 on node023 (pshm node 15 of 48, process 15 of 48, pid=9363)
UPCR: UPC thread 35 of 48 on node056 (pshm node 35 of 48, process 35 of 48, pid=8361)
UPCR: UPC thread  1 of 48 on node009 (pshm node  1 of 48, process  1 of 48, pid=1709)
UPCR: UPC thread 27 of 48 on node041 (pshm node 27 of 48, process 27 of 48, pid=21467)
UPCR: UPC thread 40 of 48 on node061 (pshm node 40 of 48, process 40 of 48, pid=23871)
UPCR: UPC thread 25 of 48 on node039 (pshm node 25 of 48, process 25 of 48, pid=24291)
UPCR: UPC thread  6 of 48 on node014 (pshm node  6 of 48, process  6 of 48, pid=28711)
UPCR: UPC thread 38 of 48 on node059 (pshm node 38 of 48, process 38 of 48, pid=8776)
UPCR: UPC thread 37 of 48 on node058 (pshm node 37 of 48, process 37 of 48, pid=10731)
UPCR: UPC thread  4 of 48 on node012 (pshm node  4 of 48, process  4 of 48, pid=21372)
UPCR: UPC thread 16 of 48 on node030 (pshm node 16 of 48, process 16 of 48, pid=20703)
UPCR: UPC thread  8 of 48 on node016 (pshm node  8 of 48, process  8 of 48, pid=14335)
UPCR: UPC thread  5 of 48 on node013 (pshm node  5 of 48, process  5 of 48, pid=22107)
UPCR: UPC thread 20 of 48 on node034 (pshm node 20 of 48, process 20 of 48, pid=23038)
UPCR: UPC thread 23 of 48 on node037 (pshm node 23 of 48, process 23 of 48, pid=26955)
UPCR: UPC thread 44 of 48 on node065 (pshm node 44 of 48, process 44 of 48, pid=30902)
UPCR: UPC thread 14 of 48 on node022 (pshm node 14 of 48, process 14 of 48, pid=28359)
UPCR: UPC thread  2 of 48 on node010 (pshm node  2 of 48, process  2 of 48, pid=23947)
UPCR: UPC thread 12 of 48 on node020 (pshm node 12 of 48, process 12 of 48, pid=24948)
UPCR: UPC thread 22 of 48 on node036 (pshm node 22 of 48, process 22 of 48, pid=25680)
UPCR: UPC thread 32 of 48 on node053 (pshm node 32 of 48, process 32 of 48, pid=9322)
UPCR: UPC thread 24 of 48 on node038 (pshm node 24 of 48, process 24 of 48, pid=19899)
UPCR: UPC thread 43 of 48 on node064 (pshm node 43 of 48, process 43 of 48, pid=29260)
UPCR: UPC thread 11 of 48 on node019 (pshm node 11 of 48, process 11 of 48, pid=28256)
UPCR: UPC thread 33 of 48 on node054 (pshm node 33 of 48, process 33 of 48, pid=5823)
UPCR: UPC thread 31 of 48 on node045 (pshm node 31 of 48, process 31 of 48, pid=21814)
UPCR: UPC thread 19 of 48 on node033 (pshm node 19 of 48, process 19 of 48, pid=28844)
UPCR: UPC thread 36 of 48 on node057 (pshm node 36 of 48, process 36 of 48, pid=16609)
Initializing models/at.7.8-rgs.bdd!
Vector size: 16
Bits per integer: 8
Number of BDD variables: 128
Loading initial states: 
Initial states loaded... 
Loading transition relations... 
16 integers per state, 8 bits per integer, 31 transition groups
BDD nodes:
Initial states: 128 BDD nodes
Transition 0: 348 BDD nodes
Transition 1: 182 BDD nodes
Transition 2: 94 BDD nodes
Transition 3: 205 BDD nodes
Transition 4: 32 BDD nodes
Transition 5: 32 BDD nodes
Transition 6: 182 BDD nodes
Transition 7: 94 BDD nodes
Transition 8: 205 BDD nodes
Transition 9: 32 BDD nodes
Transition 10: 32 BDD nodes
Transition 11: 137 BDD nodes
Transition 12: 144 BDD nodes
Transition 13: 143 BDD nodes
Transition 14: 136 BDD nodes
Transition 15: 94 BDD nodes
Transition 16: 203 BDD nodes
Transition 17: 32 BDD nodes
Transition 18: 32 BDD nodes
Transition 19: 81 BDD nodes
Transition 20: 32 BDD nodes
Transition 21: 81 BDD nodes
Transition 22: 32 BDD nodes
Transition 23: 81 BDD nodes
Transition 24: 32 BDD nodes
Transition 25: 249 BDD nodes
Transition 26: 32 BDD nodes
Transition 27: 208 BDD nodes
Transition 28: 273 BDD nodes
Transition 29: 32 BDD nodes
Transition 30: 32 BDD nodes
Level 1... done. 
Level 2... done. 
Level 3... done. 
Level 4... done. 
Level 5... done. 
Level 6... done. 
Level 7... done. 
Level 8... done. 
Level 9... done. 
Level 10... done. 
Level 11... done. 
Level 12... done. 
Level 13... done. 
Level 14... done. 
Level 15... done. 
Level 16... done. 
Level 17... done. 
Level 18... done. 
Level 19... done. 
Level 20... done. 
Level 21... done. 
Level 22... done. 
Level 23... done. 
Level 24... done. 
Level 25... done. 
Level 26... done. 
Level 27... done. 
Level 28... done. 
Level 29... done. 
Level 30... done. 
Level 31... done. 
Level 32... done. 
Level 33... done. 
Level 34... done. 
Level 35... done. 
Level 36... done. 
Level 37... done. 
Level 38... done. 
Level 39... done. 
Level 40... done. 
Level 41... done. 
Level 42... done. 
Level 43... done. 
Level 44... done. 
Level 45... done. 
Level 46... done. 
Level 47... done. 
Level 48... done. 
Level 49... done. 
Level 50... done. 
Level 51... done. 
Level 52... done. 
Level 53... done. 
Level 54... done. 
Level 55... done. 
Level 56... done. 
Level 57... done. 
PAR Time: 233.001934
Final states: 819243816 states
Final states: 991014 BDD nodes
[1443944718.605267] [node008:19575:0]         sys.c:719  MXM  WARN  Conflicting CPU frequencies detected, using: 2554.12
