[1443930122.005493] [node008:28309:0]         sys.c:719  MXM  WARN  Conflicting CPU frequencies detected, using: 2069.62
[1443930122.030594] [node008:28309:0]         mxm.c:185  MXM  WARN  The 'ulimit -s' on the system is set to 'unlimited'. This may have negative performance implications. Please set the heap size to the default value (10240) 
[1443930122.006930] [node008:28311:0]         sys.c:719  MXM  WARN  Conflicting CPU frequencies detected, using: 2069.62
[1443930122.033623] [node008:28311:0]         mxm.c:185  MXM  WARN  The 'ulimit -s' on the system is set to 'unlimited'. This may have negative performance implications. Please set the heap size to the default value (10240) 
[1443930122.006544] [node008:28310:0]         sys.c:719  MXM  WARN  Conflicting CPU frequencies detected, using: 2069.62
[1443930122.036177] [node008:28310:0]         mxm.c:185  MXM  WARN  The 'ulimit -s' on the system is set to 'unlimited'. This may have negative performance implications. Please set the heap size to the default value (10240) 
[1443930122.008700] [node008:28314:0]         sys.c:719  MXM  WARN  Conflicting CPU frequencies detected, using: 2069.62
[1443930122.038486] [node008:28314:0]         mxm.c:185  MXM  WARN  The 'ulimit -s' on the system is set to 'unlimited'. This may have negative performance implications. Please set the heap size to the default value (10240) 
[1443930122.006936] [node008:28312:0]         sys.c:719  MXM  WARN  Conflicting CPU frequencies detected, using: 2069.62
[1443930122.040202] [node008:28312:0]         mxm.c:185  MXM  WARN  The 'ulimit -s' on the system is set to 'unlimited'. This may have negative performance implications. Please set the heap size to the default value (10240) 
[1443930122.006586] [node008:28307:0]         sys.c:719  MXM  WARN  Conflicting CPU frequencies detected, using: 2069.62
[1443930122.039274] [node008:28307:0]         mxm.c:185  MXM  WARN  The 'ulimit -s' on the system is set to 'unlimited'. This may have negative performance implications. Please set the heap size to the default value (10240) 
[1443930122.005543] [node008:28313:0]         sys.c:719  MXM  WARN  Conflicting CPU frequencies detected, using: 2069.62
[1443930122.050807] [node008:28313:0]         mxm.c:185  MXM  WARN  The 'ulimit -s' on the system is set to 'unlimited'. This may have negative performance implications. Please set the heap size to the default value (10240) 
[1443930122.005371] [node008:28308:0]         sys.c:719  MXM  WARN  Conflicting CPU frequencies detected, using: 2069.62
[1443930122.037689] [node008:28308:0]         mxm.c:185  MXM  WARN  The 'ulimit -s' on the system is set to 'unlimited'. This may have negative performance implications. Please set the heap size to the default value (10240) 
[1443930122.354181] [node009:13396:0]         sys.c:719  MXM  WARN  Conflicting CPU frequencies detected, using: 1796.34
[1443930122.360983] [node009:13396:0]         mxm.c:185  MXM  WARN  The 'ulimit -s' on the system is set to 'unlimited'. This may have negative performance implications. Please set the heap size to the default value (10240) 
[1443930122.355296] [node012:522  :0]         sys.c:719  MXM  WARN  Conflicting CPU frequencies detected, using: 1745.44
[1443930122.361408] [node012:522  :0]         mxm.c:185  MXM  WARN  The 'ulimit -s' on the system is set to 'unlimited'. This may have negative performance implications. Please set the heap size to the default value (10240) 
[1443930122.367942] [node011:19549:0]         sys.c:719  MXM  WARN  Conflicting CPU frequencies detected, using: 2018.81
[1443930122.373399] [node011:19549:0]         mxm.c:185  MXM  WARN  The 'ulimit -s' on the system is set to 'unlimited'. This may have negative performance implications. Please set the heap size to the default value (10240) 
[1443930122.380415] [node010:3254 :0]         sys.c:719  MXM  WARN  Conflicting CPU frequencies detected, using: 1896.28
[1443930122.384767] [node010:3254 :0]         mxm.c:185  MXM  WARN  The 'ulimit -s' on the system is set to 'unlimited'. This may have negative performance implications. Please set the heap size to the default value (10240) 
[1443930122.380465] [node010:3253 :0]         sys.c:719  MXM  WARN  Conflicting CPU frequencies detected, using: 1896.28
[1443930122.384889] [node010:3253 :0]         mxm.c:185  MXM  WARN  The 'ulimit -s' on the system is set to 'unlimited'. This may have negative performance implications. Please set the heap size to the default value (10240) 
[1443930122.373639] [node012:539  :0]         sys.c:719  MXM  WARN  Conflicting CPU frequencies detected, using: 1899.00
[1443930122.382666] [node012:539  :0]         mxm.c:185  MXM  WARN  The 'ulimit -s' on the system is set to 'unlimited'. This may have negative performance implications. Please set the heap size to the default value (10240) 
[1443930122.373896] [node012:542  :0]         sys.c:719  MXM  WARN  Conflicting CPU frequencies detected, using: 1899.00
[1443930122.383415] [node012:542  :0]         mxm.c:185  MXM  WARN  The 'ulimit -s' on the system is set to 'unlimited'. This may have negative performance implications. Please set the heap size to the default value (10240) 
[1443930122.405957] [node010:3289 :0]         sys.c:719  MXM  WARN  Conflicting CPU frequencies detected, using: 2099.91
[1443930122.409764] [node010:3289 :0]         mxm.c:185  MXM  WARN  The 'ulimit -s' on the system is set to 'unlimited'. This may have negative performance implications. Please set the heap size to the default value (10240) 
[1443930122.410461] [node010:3290 :0]         sys.c:719  MXM  WARN  Conflicting CPU frequencies detected, using: 2170.03
[1443930122.413469] [node010:3290 :0]         mxm.c:185  MXM  WARN  The 'ulimit -s' on the system is set to 'unlimited'. This may have negative performance implications. Please set the heap size to the default value (10240) 
[1443930122.393632] [node011:19559:0]         sys.c:719  MXM  WARN  Conflicting CPU frequencies detected, using: 2100.00
[1443930122.400292] [node011:19559:0]         mxm.c:185  MXM  WARN  The 'ulimit -s' on the system is set to 'unlimited'. This may have negative performance implications. Please set the heap size to the default value (10240) 
[1443930122.398572] [node011:19570:0]         sys.c:719  MXM  WARN  Conflicting CPU frequencies detected, using: 2255.81
[1443930122.407479] [node011:19570:0]         mxm.c:185  MXM  WARN  The 'ulimit -s' on the system is set to 'unlimited'. This may have negative performance implications. Please set the heap size to the default value (10240) 
[1443930122.406809] [node014:8072 :0]         sys.c:719  MXM  WARN  Conflicting CPU frequencies detected, using: 1798.31
[1443930122.411731] [node014:8072 :0]         mxm.c:185  MXM  WARN  The 'ulimit -s' on the system is set to 'unlimited'. This may have negative performance implications. Please set the heap size to the default value (10240) 
[1443930122.395541] [node011:19558:0]         sys.c:719  MXM  WARN  Conflicting CPU frequencies detected, using: 2100.00
[1443930122.405807] [node011:19558:0]         mxm.c:185  MXM  WARN  The 'ulimit -s' on the system is set to 'unlimited'. This may have negative performance implications. Please set the heap size to the default value (10240) 
[1443930122.405228] [node011:19602:0]         sys.c:719  MXM  WARN  Conflicting CPU frequencies detected, using: 2255.81
[1443930122.413193] [node011:19602:0]         mxm.c:185  MXM  WARN  The 'ulimit -s' on the system is set to 'unlimited'. This may have negative performance implications. Please set the heap size to the default value (10240) 
[1443930122.436759] [node010:3326 :0]         sys.c:719  MXM  WARN  Conflicting CPU frequencies detected, using: 2400.00
[1443930122.439893] [node010:3326 :0]         mxm.c:185  MXM  WARN  The 'ulimit -s' on the system is set to 'unlimited'. This may have negative performance implications. Please set the heap size to the default value (10240) 
[1443930122.416238] [node011:19640:0]         sys.c:719  MXM  WARN  Conflicting CPU frequencies detected, using: 2296.03
[1443930122.424743] [node011:19640:0]         mxm.c:185  MXM  WARN  The 'ulimit -s' on the system is set to 'unlimited'. This may have negative performance implications. Please set the heap size to the default value (10240) 
[1443930122.437553] [node010:3340 :0]         sys.c:719  MXM  WARN  Conflicting CPU frequencies detected, using: 2400.00
[1443930122.440413] [node010:3340 :0]         mxm.c:185  MXM  WARN  The 'ulimit -s' on the system is set to 'unlimited'. This may have negative performance implications. Please set the heap size to the default value (10240) 
[1443930122.444322] [node010:3385 :0]         sys.c:719  MXM  WARN  Conflicting CPU frequencies detected, using: 2400.00
[1443930122.448300] [node010:3385 :0]         mxm.c:185  MXM  WARN  The 'ulimit -s' on the system is set to 'unlimited'. This may have negative performance implications. Please set the heap size to the default value (10240) 
[1443930122.439049] [node010:3314 :0]         sys.c:719  MXM  WARN  Conflicting CPU frequencies detected, using: 2400.00
[1443930122.442259] [node010:3314 :0]         mxm.c:185  MXM  WARN  The 'ulimit -s' on the system is set to 'unlimited'. This may have negative performance implications. Please set the heap size to the default value (10240) 
[1443930122.417985] [node011:19639:0]         sys.c:719  MXM  WARN  Conflicting CPU frequencies detected, using: 2296.03
[1443930122.429047] [node011:19639:0]         mxm.c:185  MXM  WARN  The 'ulimit -s' on the system is set to 'unlimited'. This may have negative performance implications. Please set the heap size to the default value (10240) 
[1443930122.440584] [node011:19680:0]         sys.c:719  MXM  WARN  Conflicting CPU frequencies detected, using: 2359.22
[1443930122.446553] [node011:19680:0]         mxm.c:185  MXM  WARN  The 'ulimit -s' on the system is set to 'unlimited'. This may have negative performance implications. Please set the heap size to the default value (10240) 
[1443930122.426800] [node009:13415:0]         sys.c:719  MXM  WARN  Conflicting CPU frequencies detected, using: 2400.00
[1443930122.432125] [node009:13415:0]         mxm.c:185  MXM  WARN  The 'ulimit -s' on the system is set to 'unlimited'. This may have negative performance implications. Please set the heap size to the default value (10240) 
[1443930122.431440] [node009:13414:0]         sys.c:719  MXM  WARN  Conflicting CPU frequencies detected, using: 2400.00
[1443930122.441324] [node009:13414:0]         mxm.c:185  MXM  WARN  The 'ulimit -s' on the system is set to 'unlimited'. This may have negative performance implications. Please set the heap size to the default value (10240) 
[1443930122.440780] [node009:13504:0]         sys.c:719  MXM  WARN  Conflicting CPU frequencies detected, using: 2400.00
[1443930122.454374] [node009:13504:0]         mxm.c:185  MXM  WARN  The 'ulimit -s' on the system is set to 'unlimited'. This may have negative performance implications. Please set the heap size to the default value (10240) 
[1443930122.438750] [node009:13465:0]         sys.c:719  MXM  WARN  Conflicting CPU frequencies detected, using: 2400.00
[1443930122.449393] [node009:13465:0]         mxm.c:185  MXM  WARN  The 'ulimit -s' on the system is set to 'unlimited'. This may have negative performance implications. Please set the heap size to the default value (10240) 
[1443930122.431189] [node009:13412:0]         sys.c:719  MXM  WARN  Conflicting CPU frequencies detected, using: 2399.91
[1443930122.437953] [node009:13412:0]         mxm.c:185  MXM  WARN  The 'ulimit -s' on the system is set to 'unlimited'. This may have negative performance implications. Please set the heap size to the default value (10240) 
[1443930122.461839] [node013:530  :0]         sys.c:719  MXM  WARN  Conflicting CPU frequencies detected, using: 2400.00
[1443930122.467161] [node013:530  :0]         mxm.c:185  MXM  WARN  The 'ulimit -s' on the system is set to 'unlimited'. This may have negative performance implications. Please set the heap size to the default value (10240) 
[1443930122.481072] [node014:8089 :0]         sys.c:719  MXM  WARN  Conflicting CPU frequencies detected, using: 2397.94
[1443930122.484511] [node014:8089 :0]         mxm.c:185  MXM  WARN  The 'ulimit -s' on the system is set to 'unlimited'. This may have negative performance implications. Please set the heap size to the default value (10240) 
[1443930122.469186] [node013:531  :0]         sys.c:719  MXM  WARN  Conflicting CPU frequencies detected, using: 2400.00
[1443930122.475627] [node013:531  :0]         mxm.c:185  MXM  WARN  The 'ulimit -s' on the system is set to 'unlimited'. This may have negative performance implications. Please set the heap size to the default value (10240) 
[1443930122.433487] [node009:13423:0]         sys.c:719  MXM  WARN  Conflicting CPU frequencies detected, using: 2400.00
[1443930122.456768] [node009:13423:0]         mxm.c:185  MXM  WARN  The 'ulimit -s' on the system is set to 'unlimited'. This may have negative performance implications. Please set the heap size to the default value (10240) 
[1443930122.435485] [node009:13464:0]         sys.c:719  MXM  WARN  Conflicting CPU frequencies detected, using: 2400.00
[1443930122.455150] [node009:13464:0]         mxm.c:185  MXM  WARN  The 'ulimit -s' on the system is set to 'unlimited'. This may have negative performance implications. Please set the heap size to the default value (10240) 
[1443930122.473333] [node013:542  :0]         sys.c:719  MXM  WARN  Conflicting CPU frequencies detected, using: 2400.00
[1443930122.481163] [node013:542  :0]         mxm.c:185  MXM  WARN  The 'ulimit -s' on the system is set to 'unlimited'. This may have negative performance implications. Please set the heap size to the default value (10240) 
[1443930122.467962] [node012:597  :0]         sys.c:719  MXM  WARN  Conflicting CPU frequencies detected, using: 2400.00
[1443930122.475215] [node012:597  :0]         mxm.c:185  MXM  WARN  The 'ulimit -s' on the system is set to 'unlimited'. This may have negative performance implications. Please set the heap size to the default value (10240) 
[1443930122.473095] [node015:20542:0]         sys.c:719  MXM  WARN  Conflicting CPU frequencies detected, using: 2400.00
[1443930122.479685] [node015:20542:0]         mxm.c:185  MXM  WARN  The 'ulimit -s' on the system is set to 'unlimited'. This may have negative performance implications. Please set the heap size to the default value (10240) 
[1443930122.470331] [node012:598  :0]         sys.c:719  MXM  WARN  Conflicting CPU frequencies detected, using: 2400.00
[1443930122.480729] [node012:598  :0]         mxm.c:185  MXM  WARN  The 'ulimit -s' on the system is set to 'unlimited'. This may have negative performance implications. Please set the heap size to the default value (10240) 
[1443930122.475279] [node015:20543:0]         sys.c:719  MXM  WARN  Conflicting CPU frequencies detected, using: 2400.00
[1443930122.481715] [node015:20543:0]         mxm.c:185  MXM  WARN  The 'ulimit -s' on the system is set to 'unlimited'. This may have negative performance implications. Please set the heap size to the default value (10240) 
[1443930122.474007] [node012:594  :0]         sys.c:719  MXM  WARN  Conflicting CPU frequencies detected, using: 2400.00
[1443930122.485609] [node012:594  :0]         mxm.c:185  MXM  WARN  The 'ulimit -s' on the system is set to 'unlimited'. This may have negative performance implications. Please set the heap size to the default value (10240) 
[1443930122.500846] [node014:8094 :0]         sys.c:719  MXM  WARN  Conflicting CPU frequencies detected, using: 2399.91
[1443930122.504605] [node014:8094 :0]         mxm.c:185  MXM  WARN  The 'ulimit -s' on the system is set to 'unlimited'. This may have negative performance implications. Please set the heap size to the default value (10240) 
[1443930122.470919] [node012:596  :0]         sys.c:719  MXM  WARN  Conflicting CPU frequencies detected, using: 2400.00
[1443930122.484833] [node012:596  :0]         mxm.c:185  MXM  WARN  The 'ulimit -s' on the system is set to 'unlimited'. This may have negative performance implications. Please set the heap size to the default value (10240) 
[1443930122.474224] [node013:534  :0]         sys.c:719  MXM  WARN  Conflicting CPU frequencies detected, using: 2400.00
[1443930122.483556] [node013:534  :0]         mxm.c:185  MXM  WARN  The 'ulimit -s' on the system is set to 'unlimited'. This may have negative performance implications. Please set the heap size to the default value (10240) 
[1443930122.489123] [node013:630  :0]         sys.c:719  MXM  WARN  Conflicting CPU frequencies detected, using: 2400.00
[1443930122.506359] [node013:630  :0]         mxm.c:185  MXM  WARN  The 'ulimit -s' on the system is set to 'unlimited'. This may have negative performance implications. Please set the heap size to the default value (10240) 
[1443930122.488339] [node013:601  :0]         sys.c:719  MXM  WARN  Conflicting CPU frequencies detected, using: 2400.00
[1443930122.505268] [node013:601  :0]         mxm.c:185  MXM  WARN  The 'ulimit -s' on the system is set to 'unlimited'. This may have negative performance implications. Please set the heap size to the default value (10240) 
[1443930122.489889] [node013:621  :0]         sys.c:719  MXM  WARN  Conflicting CPU frequencies detected, using: 2400.00
[1443930122.510266] [node013:621  :0]         mxm.c:185  MXM  WARN  The 'ulimit -s' on the system is set to 'unlimited'. This may have negative performance implications. Please set the heap size to the default value (10240) 
[1443930122.496205] [node015:20556:0]         sys.c:719  MXM  WARN  Conflicting CPU frequencies detected, using: 2400.00
[1443930122.523042] [node015:20556:0]         mxm.c:185  MXM  WARN  The 'ulimit -s' on the system is set to 'unlimited'. This may have negative performance implications. Please set the heap size to the default value (10240) 
[1443930122.485867] [node015:20549:0]         sys.c:719  MXM  WARN  Conflicting CPU frequencies detected, using: 2400.00
[1443930122.495724] [node015:20549:0]         mxm.c:185  MXM  WARN  The 'ulimit -s' on the system is set to 'unlimited'. This may have negative performance implications. Please set the heap size to the default value (10240) 
[1443930122.482531] [node013:568  :0]         sys.c:719  MXM  WARN  Conflicting CPU frequencies detected, using: 2400.00
[1443930122.491249] [node013:568  :0]         mxm.c:185  MXM  WARN  The 'ulimit -s' on the system is set to 'unlimited'. This may have negative performance implications. Please set the heap size to the default value (10240) 
[1443930122.489421] [node015:20585:0]         sys.c:719  MXM  WARN  Conflicting CPU frequencies detected, using: 2400.00
[1443930122.502116] [node015:20585:0]         mxm.c:185  MXM  WARN  The 'ulimit -s' on the system is set to 'unlimited'. This may have negative performance implications. Please set the heap size to the default value (10240) 
[1443930122.496501] [node015:20645:0]         sys.c:719  MXM  WARN  Conflicting CPU frequencies detected, using: 2400.00
[1443930122.509325] [node015:20645:0]         mxm.c:185  MXM  WARN  The 'ulimit -s' on the system is set to 'unlimited'. This may have negative performance implications. Please set the heap size to the default value (10240) 
[1443930122.492440] [node015:20558:0]         sys.c:719  MXM  WARN  Conflicting CPU frequencies detected, using: 2400.00
[1443930122.512808] [node015:20558:0]         mxm.c:185  MXM  WARN  The 'ulimit -s' on the system is set to 'unlimited'. This may have negative performance implications. Please set the heap size to the default value (10240) 
[1443930122.509159] [node014:8102 :0]         sys.c:719  MXM  WARN  Conflicting CPU frequencies detected, using: 2399.91
[1443930122.512296] [node014:8102 :0]         mxm.c:185  MXM  WARN  The 'ulimit -s' on the system is set to 'unlimited'. This may have negative performance implications. Please set the heap size to the default value (10240) 
[1443930122.507529] [node014:8096 :0]         sys.c:719  MXM  WARN  Conflicting CPU frequencies detected, using: 2399.91
[1443930122.510406] [node014:8096 :0]         mxm.c:185  MXM  WARN  The 'ulimit -s' on the system is set to 'unlimited'. This may have negative performance implications. Please set the heap size to the default value (10240) 
[1443930122.515665] [node014:8138 :0]         sys.c:719  MXM  WARN  Conflicting CPU frequencies detected, using: 2399.91
[1443930122.519469] [node014:8138 :0]         mxm.c:185  MXM  WARN  The 'ulimit -s' on the system is set to 'unlimited'. This may have negative performance implications. Please set the heap size to the default value (10240) 
[1443930122.516010] [node014:8139 :0]         sys.c:719  MXM  WARN  Conflicting CPU frequencies detected, using: 2399.91
[1443930122.519196] [node014:8139 :0]         mxm.c:185  MXM  WARN  The 'ulimit -s' on the system is set to 'unlimited'. This may have negative performance implications. Please set the heap size to the default value (10240) 
[1443930122.496817] [node015:20628:0]         sys.c:719  MXM  WARN  Conflicting CPU frequencies detected, using: 2400.00
[1443930122.510079] [node015:20628:0]         mxm.c:185  MXM  WARN  The 'ulimit -s' on the system is set to 'unlimited'. This may have negative performance implications. Please set the heap size to the default value (10240) 
[1443930122.469306] [node012:595  :0]         sys.c:719  MXM  WARN  Conflicting CPU frequencies detected, using: 2400.00
[1443930122.487215] [node012:595  :0]         mxm.c:185  MXM  WARN  The 'ulimit -s' on the system is set to 'unlimited'. This may have negative performance implications. Please set the heap size to the default value (10240) 
[1443930122.517404] [node014:8135 :0]         sys.c:719  MXM  WARN  Conflicting CPU frequencies detected, using: 2399.91
[1443930122.520605] [node014:8135 :0]         mxm.c:185  MXM  WARN  The 'ulimit -s' on the system is set to 'unlimited'. This may have negative performance implications. Please set the heap size to the default value (10240) 
UPCR: UPC thread  3 of 64 on node008 (pshm node 0 of 8, process  3 of 64, pid=28310)
UPCR: UPC thread  6 of 64 on node008 (pshm node 0 of 8, process  6 of 64, pid=28313)
UPCR: UPC thread  0 of 64 on node008 (pshm node 0 of 8, process  0 of 64, pid=28307)
UPCR: UPC thread  5 of 64 on node008 (pshm node 0 of 8, process  5 of 64, pid=28312)
UPCR: UPC thread  2 of 64 on node008 (pshm node 0 of 8, process  2 of 64, pid=28309)
UPCR: UPC thread  7 of 64 on node008 (pshm node 0 of 8, process  7 of 64, pid=28314)
UPCR: UPC thread  4 of 64 on node008 (pshm node 0 of 8, process  4 of 64, pid=28311)
UPCR: UPC thread 12 of 64 on node009 (pshm node 1 of 8, process 12 of 64, pid=13464)
UPCR: UPC thread 10 of 64 on node009 (pshm node 1 of 8, process 10 of 64, pid=13423)
UPCR: UPC thread 40 of 64 on node013 (pshm node 5 of 8, process 40 of 64, pid=542)
UPCR: UPC thread  9 of 64 on node009 (pshm node 1 of 8, process  9 of 64, pid=13396)
UPCR: UPC thread 14 of 64 on node009 (pshm node 1 of 8, process 14 of 64, pid=13415)
UPCR: UPC thread 15 of 64 on node009 (pshm node 1 of 8, process 15 of 64, pid=13465)
UPCR: UPC thread 13 of 64 on node009 (pshm node 1 of 8, process 13 of 64, pid=13412)
UPCR: UPC thread 41 of 64 on node013 (pshm node 5 of 8, process 41 of 64, pid=568)
UPCR: UPC thread 44 of 64 on node013 (pshm node 5 of 8, process 44 of 64, pid=621)
UPCR: UPC thread 46 of 64 on node013 (pshm node 5 of 8, process 46 of 64, pid=630)
UPCR: UPC thread 45 of 64 on node013 (pshm node 5 of 8, process 45 of 64, pid=534)
UPCR: UPC thread  8 of 64 on node009 (pshm node 1 of 8, process  8 of 64, pid=13414)
UPCR: UPC thread  1 of 64 on node008 (pshm node 0 of 8, process  1 of 64, pid=28308)
UPCR: UPC thread 47 of 64 on node013 (pshm node 5 of 8, process 47 of 64, pid=531)
UPCR: UPC thread 43 of 64 on node013 (pshm node 5 of 8, process 43 of 64, pid=530)
UPCR: UPC thread 57 of 64 on node015 (pshm node 7 of 8, process 57 of 64, pid=20645)
UPCR: UPC thread 42 of 64 on node013 (pshm node 5 of 8, process 42 of 64, pid=601)
UPCR: UPC thread 11 of 64 on node009 (pshm node 1 of 8, process 11 of 64, pid=13504)
UPCR: UPC thread 59 of 64 on node015 (pshm node 7 of 8, process 59 of 64, pid=20549)
UPCR: UPC thread 58 of 64 on node015 (pshm node 7 of 8, process 58 of 64, pid=20585)
UPCR: UPC thread 62 of 64 on node015 (pshm node 7 of 8, process 62 of 64, pid=20628)
UPCR: UPC thread 63 of 64 on node015 (pshm node 7 of 8, process 63 of 64, pid=20556)
UPCR: UPC thread 56 of 64 on node015 (pshm node 7 of 8, process 56 of 64, pid=20558)
UPCR: UPC thread 36 of 64 on node012 (pshm node 4 of 8, process 36 of 64, pid=595)
UPCR: UPC thread 60 of 64 on node015 (pshm node 7 of 8, process 60 of 64, pid=20542)
UPCR: UPC thread 34 of 64 on node012 (pshm node 4 of 8, process 34 of 64, pid=597)
UPCR: UPC thread 38 of 64 on node012 (pshm node 4 of 8, process 38 of 64, pid=598)
UPCR: UPC thread 37 of 64 on node012 (pshm node 4 of 8, process 37 of 64, pid=596)
UPCR: UPC thread 32 of 64 on node012 (pshm node 4 of 8, process 32 of 64, pid=542)
UPCR: UPC thread 26 of 64 on node011 (pshm node 3 of 8, process 26 of 64, pid=19559)
UPCR: UPC thread 61 of 64 on node015 (pshm node 7 of 8, process 61 of 64, pid=20543)
UPCR: UPC thread 27 of 64 on node011 (pshm node 3 of 8, process 27 of 64, pid=19549)
UPCR: UPC thread 35 of 64 on node012 (pshm node 4 of 8, process 35 of 64, pid=594)
UPCR: UPC thread 29 of 64 on node011 (pshm node 3 of 8, process 29 of 64, pid=19558)
UPCR: UPC thread 50 of 64 on node014 (pshm node 6 of 8, process 50 of 64, pid=8089)
UPCR: UPC thread 28 of 64 on node011 (pshm node 3 of 8, process 28 of 64, pid=19680)
UPCR: UPC thread 39 of 64 on node012 (pshm node 4 of 8, process 39 of 64, pid=539)
UPCR: UPC thread 24 of 64 on node011 (pshm node 3 of 8, process 24 of 64, pid=19570)
UPCR: UPC thread 30 of 64 on node011 (pshm node 3 of 8, process 30 of 64, pid=19640)
UPCR: UPC thread 33 of 64 on node012 (pshm node 4 of 8, process 33 of 64, pid=522)
UPCR: UPC thread 31 of 64 on node011 (pshm node 3 of 8, process 31 of 64, pid=19639)
UPCR: UPC thread 52 of 64 on node014 (pshm node 6 of 8, process 52 of 64, pid=8096)
UPCR: UPC thread 48 of 64 on node014 (pshm node 6 of 8, process 48 of 64, pid=8094)
UPCR: UPC thread 55 of 64 on node014 (pshm node 6 of 8, process 55 of 64, pid=8072)
UPCR: UPC thread 49 of 64 on node014 (pshm node 6 of 8, process 49 of 64, pid=8135)
UPCR: UPC thread 16 of 64 on node010 (pshm node 2 of 8, process 16 of 64, pid=3385)
UPCR: UPC thread 20 of 64 on node010 (pshm node 2 of 8, process 20 of 64, pid=3289)
UPCR: UPC thread 17 of 64 on node010 (pshm node 2 of 8, process 17 of 64, pid=3314)
UPCR: UPC thread 25 of 64 on node011 (pshm node 3 of 8, process 25 of 64, pid=19602)
UPCR: UPC thread 53 of 64 on node014 (pshm node 6 of 8, process 53 of 64, pid=8138)
UPCR: UPC thread 19 of 64 on node010 (pshm node 2 of 8, process 19 of 64, pid=3253)
UPCR: UPC thread 22 of 64 on node010 (pshm node 2 of 8, process 22 of 64, pid=3254)
UPCR: UPC thread 51 of 64 on node014 (pshm node 6 of 8, process 51 of 64, pid=8102)
UPCR: UPC thread 21 of 64 on node010 (pshm node 2 of 8, process 21 of 64, pid=3340)
UPCR: UPC thread 18 of 64 on node010 (pshm node 2 of 8, process 18 of 64, pid=3326)
UPCR: UPC thread 23 of 64 on node010 (pshm node 2 of 8, process 23 of 64, pid=3290)
UPCR: UPC thread 54 of 64 on node014 (pshm node 6 of 8, process 54 of 64, pid=8139)
Initializing models/at.7.8-rgs.bdd!
Vector size: 16
Bits per integer: 8
Number of BDD variables: 128
Loading initial states: 
Initial states loaded... 
Loading transition relations... 
16 integers per state, 8 bits per integer, 31 transition groups
BDD nodes:
Initial states: 128 BDD nodes
Transition 0: 348 BDD nodes
Transition 1: 182 BDD nodes
Transition 2: 94 BDD nodes
Transition 3: 205 BDD nodes
Transition 4: 32 BDD nodes
Transition 5: 32 BDD nodes
Transition 6: 182 BDD nodes
Transition 7: 94 BDD nodes
Transition 8: 205 BDD nodes
Transition 9: 32 BDD nodes
Transition 10: 32 BDD nodes
Transition 11: 137 BDD nodes
Transition 12: 144 BDD nodes
Transition 13: 143 BDD nodes
Transition 14: 136 BDD nodes
Transition 15: 94 BDD nodes
Transition 16: 203 BDD nodes
Transition 17: 32 BDD nodes
Transition 18: 32 BDD nodes
Transition 19: 81 BDD nodes
Transition 20: 32 BDD nodes
Transition 21: 81 BDD nodes
Transition 22: 32 BDD nodes
Transition 23: 81 BDD nodes
Transition 24: 32 BDD nodes
Transition 25: 249 BDD nodes
Transition 26: 32 BDD nodes
Transition 27: 208 BDD nodes
Transition 28: 273 BDD nodes
Transition 29: 32 BDD nodes
Transition 30: 32 BDD nodes
Level 1... done. 
Level 2... done. 
Level 3... done. 
Level 4... done. 
Level 5... done. 
Level 6... done. 
Level 7... done. 
Level 8... done. 
Level 9... done. 
Level 10... done. 
Level 11... done. 
Level 12... done. 
Level 13... done. 
Level 14... done. 
Level 15... done. 
Level 16... done. 
Level 17... done. 
Level 18... done. 
Level 19... done. 
Level 20... done. 
Level 21... done. 
Level 22... done. 
Level 23... done. 
Level 24... done. 
Level 25... done. 
Level 26... done. 
Level 27... done. 
Level 28... done. 
Level 29... done. 
Level 30... done. 
Level 31... done. 
Level 32... done. 
Level 33... done. 
Level 34... done. 
Level 35... done. 
Level 36... done. 
Level 37... done. 
Level 38... done. 
Level 39... done. 
Level 40... done. 
Level 41... done. 
Level 42... done. 
Level 43... done. 
Level 44... done. 
Level 45... done. 
Level 46... done. 
Level 47... done. 
Level 48... done. 
Level 49... done. 
Level 50... done. 
Level 51... done. 
Level 52... done. 
Level 53... done. 
Level 54... done. 
Level 55... done. 
Level 56... done. 
Level 57... done. 
PAR Time: 154.138645
Final states: 819243816 states
Final states: 991014 BDD nodes
[1443930121.987596] [node008:28262:0]         sys.c:719  MXM  WARN  Conflicting CPU frequencies detected, using: 2866.22
