[1443947015.022690] [node008:22923:0]         sys.c:719  MXM  WARN  Conflicting CPU frequencies detected, using: 2008.31
[1443947015.049007] [node008:22923:0]         mxm.c:185  MXM  WARN  The 'ulimit -s' on the system is set to 'unlimited'. This may have negative performance implications. Please set the heap size to the default value (10240) 
[1443947015.022515] [node008:22922:0]         sys.c:719  MXM  WARN  Conflicting CPU frequencies detected, using: 2008.31
[1443947015.049765] [node008:22922:0]         mxm.c:185  MXM  WARN  The 'ulimit -s' on the system is set to 'unlimited'. This may have negative performance implications. Please set the heap size to the default value (10240) 
[1443947015.417131] [node010:26967:0]         sys.c:719  MXM  WARN  Conflicting CPU frequencies detected, using: 1678.22
[1443947015.421335] [node010:26967:0]         mxm.c:185  MXM  WARN  The 'ulimit -s' on the system is set to 'unlimited'. This may have negative performance implications. Please set the heap size to the default value (10240) 
[1443947015.412845] [node019:31289:0]         sys.c:719  MXM  WARN  Conflicting CPU frequencies detected, using: 1852.03
[1443947015.417226] [node019:31289:0]         mxm.c:185  MXM  WARN  The 'ulimit -s' on the system is set to 'unlimited'. This may have negative performance implications. Please set the heap size to the default value (10240) 
[1443947015.425055] [node011:10961:0]         sys.c:719  MXM  WARN  Conflicting CPU frequencies detected, using: 1595.06
[1443947015.431106] [node011:10961:0]         mxm.c:185  MXM  WARN  The 'ulimit -s' on the system is set to 'unlimited'. This may have negative performance implications. Please set the heap size to the default value (10240) 
[1443947015.444576] [node009:4809 :0]         sys.c:719  MXM  WARN  Conflicting CPU frequencies detected, using: 2565.47
[1443947015.450851] [node009:4809 :0]         mxm.c:185  MXM  WARN  The 'ulimit -s' on the system is set to 'unlimited'. This may have negative performance implications. Please set the heap size to the default value (10240) 
[1443947015.458104] [node010:26984:0]         sys.c:719  MXM  WARN  Conflicting CPU frequencies detected, using: 1678.22
[1443947015.462237] [node010:26984:0]         mxm.c:185  MXM  WARN  The 'ulimit -s' on the system is set to 'unlimited'. This may have negative performance implications. Please set the heap size to the default value (10240) 
[1443947015.457318] [node009:4823 :0]         sys.c:719  MXM  WARN  Conflicting CPU frequencies detected, using: 2565.47
[1443947015.464782] [node009:4823 :0]         mxm.c:185  MXM  WARN  The 'ulimit -s' on the system is set to 'unlimited'. This may have negative performance implications. Please set the heap size to the default value (10240) 
[1443947015.458029] [node011:10978:0]         sys.c:719  MXM  WARN  Conflicting CPU frequencies detected, using: 1595.06
[1443947015.464674] [node011:10978:0]         mxm.c:185  MXM  WARN  The 'ulimit -s' on the system is set to 'unlimited'. This may have negative performance implications. Please set the heap size to the default value (10240) 
[1443947015.618776] [node037:29510:0]         sys.c:719  MXM  WARN  Conflicting CPU frequencies detected, using: 1295.62
[1443947015.623091] [node037:29510:0]         mxm.c:185  MXM  WARN  The 'ulimit -s' on the system is set to 'unlimited'. This may have negative performance implications. Please set the heap size to the default value (10240) 
[1443947015.603641] [node014:31740:0]         sys.c:719  MXM  WARN  Conflicting CPU frequencies detected, using: 2146.97
[1443947015.607864] [node014:31740:0]         mxm.c:185  MXM  WARN  The 'ulimit -s' on the system is set to 'unlimited'. This may have negative performance implications. Please set the heap size to the default value (10240) 
[1443947015.609274] [node015:11896:0]         sys.c:719  MXM  WARN  Conflicting CPU frequencies detected, using: 2391.75
[1443947015.615228] [node015:11896:0]         mxm.c:185  MXM  WARN  The 'ulimit -s' on the system is set to 'unlimited'. This may have negative performance implications. Please set the heap size to the default value (10240) 
[1443947015.605825] [node013:25119:0]         sys.c:719  MXM  WARN  Conflicting CPU frequencies detected, using: 2081.72
[1443947015.612036] [node013:25119:0]         mxm.c:185  MXM  WARN  The 'ulimit -s' on the system is set to 'unlimited'. This may have negative performance implications. Please set the heap size to the default value (10240) 
[1443947015.671262] [node042:24066:0]         sys.c:719  MXM  WARN  Conflicting CPU frequencies detected, using: 1394.81
[1443947015.677684] [node042:24066:0]         mxm.c:185  MXM  WARN  The 'ulimit -s' on the system is set to 'unlimited'. This may have negative performance implications. Please set the heap size to the default value (10240) 
[1443947015.668821] [node034:25558:0]         sys.c:719  MXM  WARN  Conflicting CPU frequencies detected, using: 1396.31
[1443947015.675014] [node034:25558:0]         mxm.c:185  MXM  WARN  The 'ulimit -s' on the system is set to 'unlimited'. This may have negative performance implications. Please set the heap size to the default value (10240) 
[1443947015.628826] [node022:31402:0]         sys.c:719  MXM  WARN  Conflicting CPU frequencies detected, using: 1585.50
[1443947015.635193] [node022:31402:0]         mxm.c:185  MXM  WARN  The 'ulimit -s' on the system is set to 'unlimited'. This may have negative performance implications. Please set the heap size to the default value (10240) 
[1443947015.657446] [node012:24383:0]         sys.c:719  MXM  WARN  Conflicting CPU frequencies detected, using: 2616.84
[1443947015.663426] [node012:24383:0]         mxm.c:185  MXM  WARN  The 'ulimit -s' on the system is set to 'unlimited'. This may have negative performance implications. Please set the heap size to the default value (10240) 
[1443947015.653389] [node065:1480 :0]         sys.c:719  MXM  WARN  Conflicting CPU frequencies detected, using: 2041.31
[1443947015.657733] [node065:1480 :0]         mxm.c:185  MXM  WARN  The 'ulimit -s' on the system is set to 'unlimited'. This may have negative performance implications. Please set the heap size to the default value (10240) 
[1443947015.648613] [node063:28086:0]         sys.c:719  MXM  WARN  Conflicting CPU frequencies detected, using: 1791.38
[1443947015.652475] [node063:28086:0]         mxm.c:185  MXM  WARN  The 'ulimit -s' on the system is set to 'unlimited'. This may have negative performance implications. Please set the heap size to the default value (10240) 
[1443947015.649534] [node067:19414:0]         sys.c:719  MXM  WARN  Conflicting CPU frequencies detected, using: 1701.09
[1443947015.656016] [node067:19414:0]         mxm.c:185  MXM  WARN  The 'ulimit -s' on the system is set to 'unlimited'. This may have negative performance implications. Please set the heap size to the default value (10240) 
[1443947015.651455] [node058:13718:0]         sys.c:719  MXM  WARN  Conflicting CPU frequencies detected, using: 1629.38
[1443947015.655591] [node058:13718:0]         mxm.c:185  MXM  WARN  The 'ulimit -s' on the system is set to 'unlimited'. This may have negative performance implications. Please set the heap size to the default value (10240) 
[1443947015.662136] [node013:25140:0]         sys.c:719  MXM  WARN  Conflicting CPU frequencies detected, using: 1891.59
[1443947015.668756] [node013:25140:0]         mxm.c:185  MXM  WARN  The 'ulimit -s' on the system is set to 'unlimited'. This may have negative performance implications. Please set the heap size to the default value (10240) 
[1443947015.665528] [node018:15917:0]         sys.c:719  MXM  WARN  Conflicting CPU frequencies detected, using: 1894.50
[1443947015.671596] [node018:15917:0]         mxm.c:185  MXM  WARN  The 'ulimit -s' on the system is set to 'unlimited'. This may have negative performance implications. Please set the heap size to the default value (10240) 
[1443947015.666020] [node060:16598:0]         sys.c:719  MXM  WARN  Conflicting CPU frequencies detected, using: 1762.41
[1443947015.670185] [node060:16598:0]         mxm.c:185  MXM  WARN  The 'ulimit -s' on the system is set to 'unlimited'. This may have negative performance implications. Please set the heap size to the default value (10240) 
[1443947015.674422] [node016:17355:0]         sys.c:719  MXM  WARN  Conflicting CPU frequencies detected, using: 1808.91
[1443947015.678673] [node016:17355:0]         mxm.c:185  MXM  WARN  The 'ulimit -s' on the system is set to 'unlimited'. This may have negative performance implications. Please set the heap size to the default value (10240) 
[1443947015.681235] [node055:9354 :0]         sys.c:719  MXM  WARN  Conflicting CPU frequencies detected, using: 1530.28
[1443947015.687454] [node055:9354 :0]         mxm.c:185  MXM  WARN  The 'ulimit -s' on the system is set to 'unlimited'. This may have negative performance implications. Please set the heap size to the default value (10240) 
[1443947015.730674] [node030:23219:0]         sys.c:719  MXM  WARN  Conflicting CPU frequencies detected, using: 1456.69
[1443947015.737276] [node030:23219:0]         mxm.c:185  MXM  WARN  The 'ulimit -s' on the system is set to 'unlimited'. This may have negative performance implications. Please set the heap size to the default value (10240) 
[1443947015.738511] [node044:26136:0]         sys.c:719  MXM  WARN  Conflicting CPU frequencies detected, using: 1383.75
[1443947015.744667] [node044:26136:0]         mxm.c:185  MXM  WARN  The 'ulimit -s' on the system is set to 'unlimited'. This may have negative performance implications. Please set the heap size to the default value (10240) 
[1443947015.705969] [node067:19435:0]         sys.c:719  MXM  WARN  Conflicting CPU frequencies detected, using: 1784.06
[1443947015.711446] [node067:19435:0]         mxm.c:185  MXM  WARN  The 'ulimit -s' on the system is set to 'unlimited'. This may have negative performance implications. Please set the heap size to the default value (10240) 
[1443947015.742142] [node033:31375:0]         sys.c:719  MXM  WARN  Conflicting CPU frequencies detected, using: 1395.66
[1443947015.748794] [node033:31375:0]         mxm.c:185  MXM  WARN  The 'ulimit -s' on the system is set to 'unlimited'. This may have negative performance implications. Please set the heap size to the default value (10240) 
[1443947015.712221] [node015:11920:0]         sys.c:719  MXM  WARN  Conflicting CPU frequencies detected, using: 1994.91
[1443947015.718681] [node015:11920:0]         mxm.c:185  MXM  WARN  The 'ulimit -s' on the system is set to 'unlimited'. This may have negative performance implications. Please set the heap size to the default value (10240) 
[1443947015.751856] [node045:24334:0]         sys.c:719  MXM  WARN  Conflicting CPU frequencies detected, using: 1399.50
[1443947015.757941] [node045:24334:0]         mxm.c:185  MXM  WARN  The 'ulimit -s' on the system is set to 'unlimited'. This may have negative performance implications. Please set the heap size to the default value (10240) 
[1443947015.747148] [node062:21493:0]         sys.c:719  MXM  WARN  Conflicting CPU frequencies detected, using: 1716.19
[1443947015.753599] [node062:21493:0]         mxm.c:185  MXM  WARN  The 'ulimit -s' on the system is set to 'unlimited'. This may have negative performance implications. Please set the heap size to the default value (10240) 
[1443947015.734699] [node056:11337:0]         sys.c:719  MXM  WARN  Conflicting CPU frequencies detected, using: 2785.41
[1443947015.739991] [node056:11337:0]         mxm.c:185  MXM  WARN  The 'ulimit -s' on the system is set to 'unlimited'. This may have negative performance implications. Please set the heap size to the default value (10240) 
[1443947015.719409] [node020:27967:0]         sys.c:719  MXM  WARN  Conflicting CPU frequencies detected, using: 2123.53
[1443947015.725885] [node020:27967:0]         mxm.c:185  MXM  WARN  The 'ulimit -s' on the system is set to 'unlimited'. This may have negative performance implications. Please set the heap size to the default value (10240) 
[1443947015.732611] [node058:13741:0]         sys.c:719  MXM  WARN  Conflicting CPU frequencies detected, using: 1629.38
[1443947015.736662] [node058:13741:0]         mxm.c:185  MXM  WARN  The 'ulimit -s' on the system is set to 'unlimited'. This may have negative performance implications. Please set the heap size to the default value (10240) 
[1443947015.762366] [node032:30632:0]         sys.c:719  MXM  WARN  Conflicting CPU frequencies detected, using: 1495.22
[1443947015.768709] [node032:30632:0]         mxm.c:185  MXM  WARN  The 'ulimit -s' on the system is set to 'unlimited'. This may have negative performance implications. Please set the heap size to the default value (10240) 
[1443947015.735339] [node042:24087:0]         sys.c:719  MXM  WARN  Conflicting CPU frequencies detected, using: 1689.00
[1443947015.741069] [node042:24087:0]         mxm.c:185  MXM  WARN  The 'ulimit -s' on the system is set to 'unlimited'. This may have negative performance implications. Please set the heap size to the default value (10240) 
[1443947015.768844] [node031:31263:0]         sys.c:719  MXM  WARN  Conflicting CPU frequencies detected, using: 1499.16
[1443947015.776063] [node031:31263:0]         mxm.c:185  MXM  WARN  The 'ulimit -s' on the system is set to 'unlimited'. This may have negative performance implications. Please set the heap size to the default value (10240) 
[1443947015.740196] [node057:19622:0]         sys.c:719  MXM  WARN  Conflicting CPU frequencies detected, using: 1954.12
[1443947015.743997] [node057:19622:0]         mxm.c:185  MXM  WARN  The 'ulimit -s' on the system is set to 'unlimited'. This may have negative performance implications. Please set the heap size to the default value (10240) 
[1443947015.732241] [node061:26892:0]         sys.c:719  MXM  WARN  Conflicting CPU frequencies detected, using: 1797.94
[1443947015.737048] [node061:26892:0]         mxm.c:185  MXM  WARN  The 'ulimit -s' on the system is set to 'unlimited'. This may have negative performance implications. Please set the heap size to the default value (10240) 
[1443947015.744980] [node035:29342:0]         sys.c:719  MXM  WARN  Conflicting CPU frequencies detected, using: 1669.03
[1443947015.748871] [node035:29342:0]         mxm.c:185  MXM  WARN  The 'ulimit -s' on the system is set to 'unlimited'. This may have negative performance implications. Please set the heap size to the default value (10240) 
[1443947015.742789] [node060:16621:0]         sys.c:719  MXM  WARN  Conflicting CPU frequencies detected, using: 1762.41
[1443947015.747033] [node060:16621:0]         mxm.c:185  MXM  WARN  The 'ulimit -s' on the system is set to 'unlimited'. This may have negative performance implications. Please set the heap size to the default value (10240) 
[1443947015.731724] [node061:26893:0]         sys.c:719  MXM  WARN  Conflicting CPU frequencies detected, using: 1797.94
[1443947015.736599] [node061:26893:0]         mxm.c:185  MXM  WARN  The 'ulimit -s' on the system is set to 'unlimited'. This may have negative performance implications. Please set the heap size to the default value (10240) 
[1443947015.737016] [node068:20386:0]         sys.c:719  MXM  WARN  Conflicting CPU frequencies detected, using: 1881.84
[1443947015.743470] [node068:20386:0]         mxm.c:185  MXM  WARN  The 'ulimit -s' on the system is set to 'unlimited'. This may have negative performance implications. Please set the heap size to the default value (10240) 
[1443947015.754970] [node038:22410:0]         sys.c:719  MXM  WARN  Conflicting CPU frequencies detected, using: 3123.28
[1443947015.761408] [node038:22410:0]         mxm.c:185  MXM  WARN  The 'ulimit -s' on the system is set to 'unlimited'. This may have negative performance implications. Please set the heap size to the default value (10240) 
[1443947015.747806] [node064:32269:0]         sys.c:719  MXM  WARN  Conflicting CPU frequencies detected, using: 2215.12
[1443947015.753847] [node064:32269:0]         mxm.c:185  MXM  WARN  The 'ulimit -s' on the system is set to 'unlimited'. This may have negative performance implications. Please set the heap size to the default value (10240) 
[1443947015.744922] [node037:29534:0]         sys.c:719  MXM  WARN  Conflicting CPU frequencies detected, using: 1399.03
[1443947015.749113] [node037:29534:0]         mxm.c:185  MXM  WARN  The 'ulimit -s' on the system is set to 'unlimited'. This may have negative performance implications. Please set the heap size to the default value (10240) 
[1443947015.738165] [node034:25581:0]         sys.c:719  MXM  WARN  Conflicting CPU frequencies detected, using: 1572.75
[1443947015.744540] [node034:25581:0]         mxm.c:185  MXM  WARN  The 'ulimit -s' on the system is set to 'unlimited'. This may have negative performance implications. Please set the heap size to the default value (10240) 
[1443947015.784599] [node032:30649:0]         sys.c:719  MXM  WARN  Conflicting CPU frequencies detected, using: 1495.22
[1443947015.790897] [node032:30649:0]         mxm.c:185  MXM  WARN  The 'ulimit -s' on the system is set to 'unlimited'. This may have negative performance implications. Please set the heap size to the default value (10240) 
[1443947015.787012] [node033:31392:0]         sys.c:719  MXM  WARN  Conflicting CPU frequencies detected, using: 1448.53
[1443947015.793556] [node033:31392:0]         mxm.c:185  MXM  WARN  The 'ulimit -s' on the system is set to 'unlimited'. This may have negative performance implications. Please set the heap size to the default value (10240) 
[1443947015.757341] [node053:12367:0]         sys.c:719  MXM  WARN  Conflicting CPU frequencies detected, using: 1827.66
[1443947015.761068] [node053:12367:0]         mxm.c:185  MXM  WARN  The 'ulimit -s' on the system is set to 'unlimited'. This may have negative performance implications. Please set the heap size to the default value (10240) 
[1443947015.761941] [node012:24407:0]         sys.c:719  MXM  WARN  Conflicting CPU frequencies detected, using: 2616.84
[1443947015.768138] [node012:24407:0]         mxm.c:185  MXM  WARN  The 'ulimit -s' on the system is set to 'unlimited'. This may have negative performance implications. Please set the heap size to the default value (10240) 
[1443947015.760757] [node065:1504 :0]         sys.c:719  MXM  WARN  Conflicting CPU frequencies detected, using: 2041.31
[1443947015.765009] [node065:1504 :0]         mxm.c:185  MXM  WARN  The 'ulimit -s' on the system is set to 'unlimited'. This may have negative performance implications. Please set the heap size to the default value (10240) 
[1443947015.741541] [node055:9375 :0]         sys.c:719  MXM  WARN  Conflicting CPU frequencies detected, using: 1533.84
[1443947015.747975] [node055:9375 :0]         mxm.c:185  MXM  WARN  The 'ulimit -s' on the system is set to 'unlimited'. This may have negative performance implications. Please set the heap size to the default value (10240) 
[1443947015.771589] [node057:19639:0]         sys.c:719  MXM  WARN  Conflicting CPU frequencies detected, using: 2303.91
[1443947015.775785] [node057:19639:0]         mxm.c:185  MXM  WARN  The 'ulimit -s' on the system is set to 'unlimited'. This may have negative performance implications. Please set the heap size to the default value (10240) 
[1443947015.762609] [node019:31313:0]         sys.c:719  MXM  WARN  Conflicting CPU frequencies detected, using: 1652.91
[1443947015.766833] [node019:31313:0]         mxm.c:185  MXM  WARN  The 'ulimit -s' on the system is set to 'unlimited'. This may have negative performance implications. Please set the heap size to the default value (10240) 
[1443947015.754567] [node040:29072:0]         sys.c:719  MXM  WARN  Conflicting CPU frequencies detected, using: 1570.22
[1443947015.760206] [node040:29072:0]         mxm.c:185  MXM  WARN  The 'ulimit -s' on the system is set to 'unlimited'. This may have negative performance implications. Please set the heap size to the default value (10240) 
[1443947015.783902] [node056:11356:0]         sys.c:719  MXM  WARN  Conflicting CPU frequencies detected, using: 2617.31
[1443947015.789660] [node056:11356:0]         mxm.c:185  MXM  WARN  The 'ulimit -s' on the system is set to 'unlimited'. This may have negative performance implications. Please set the heap size to the default value (10240) 
[1443947015.803074] [node039:26800:0]         sys.c:719  MXM  WARN  Conflicting CPU frequencies detected, using: 1482.19
[1443947015.809570] [node039:26800:0]         mxm.c:185  MXM  WARN  The 'ulimit -s' on the system is set to 'unlimited'. This may have negative performance implications. Please set the heap size to the default value (10240) 
[1443947015.758046] [node041:23982:0]         sys.c:719  MXM  WARN  Conflicting CPU frequencies detected, using: 1495.03
[1443947015.763990] [node041:23982:0]         mxm.c:185  MXM  WARN  The 'ulimit -s' on the system is set to 'unlimited'. This may have negative performance implications. Please set the heap size to the default value (10240) 
[1443947015.782893] [node035:29359:0]         sys.c:719  MXM  WARN  Conflicting CPU frequencies detected, using: 1596.09
[1443947015.786315] [node035:29359:0]         mxm.c:185  MXM  WARN  The 'ulimit -s' on the system is set to 'unlimited'. This may have negative performance implications. Please set the heap size to the default value (10240) 
[1443947015.783877] [node038:22427:0]         sys.c:719  MXM  WARN  Conflicting CPU frequencies detected, using: 3123.28
[1443947015.790141] [node038:22427:0]         mxm.c:185  MXM  WARN  The 'ulimit -s' on the system is set to 'unlimited'. This may have negative performance implications. Please set the heap size to the default value (10240) 
[1443947015.781551] [node053:12384:0]         sys.c:719  MXM  WARN  Conflicting CPU frequencies detected, using: 1827.66
[1443947015.786091] [node053:12384:0]         mxm.c:185  MXM  WARN  The 'ulimit -s' on the system is set to 'unlimited'. This may have negative performance implications. Please set the heap size to the default value (10240) 
[1443947015.815008] [node039:26810:0]         sys.c:719  MXM  WARN  Conflicting CPU frequencies detected, using: 1482.19
[1443947015.822024] [node039:26810:0]         mxm.c:185  MXM  WARN  The 'ulimit -s' on the system is set to 'unlimited'. This may have negative performance implications. Please set the heap size to the default value (10240) 
[1443947015.780837] [node064:32286:0]         sys.c:719  MXM  WARN  Conflicting CPU frequencies detected, using: 2215.12
[1443947015.787613] [node064:32286:0]         mxm.c:185  MXM  WARN  The 'ulimit -s' on the system is set to 'unlimited'. This may have negative performance implications. Please set the heap size to the default value (10240) 
[1443947015.786352] [node063:28111:0]         sys.c:719  MXM  WARN  Conflicting CPU frequencies detected, using: 1894.69
[1443947015.790445] [node063:28111:0]         mxm.c:185  MXM  WARN  The 'ulimit -s' on the system is set to 'unlimited'. This may have negative performance implications. Please set the heap size to the default value (10240) 
[1443947015.781930] [node068:20403:0]         sys.c:719  MXM  WARN  Conflicting CPU frequencies detected, using: 1686.19
[1443947015.788343] [node068:20403:0]         mxm.c:185  MXM  WARN  The 'ulimit -s' on the system is set to 'unlimited'. This may have negative performance implications. Please set the heap size to the default value (10240) 
[1443947015.795868] [node016:17379:0]         sys.c:719  MXM  WARN  Conflicting CPU frequencies detected, using: 1798.78
[1443947015.799973] [node016:17379:0]         mxm.c:185  MXM  WARN  The 'ulimit -s' on the system is set to 'unlimited'. This may have negative performance implications. Please set the heap size to the default value (10240) 
[1443947015.785342] [node041:23999:0]         sys.c:719  MXM  WARN  Conflicting CPU frequencies detected, using: 1495.03
[1443947015.791471] [node041:23999:0]         mxm.c:185  MXM  WARN  The 'ulimit -s' on the system is set to 'unlimited'. This may have negative performance implications. Please set the heap size to the default value (10240) 
[1443947015.806655] [node014:31764:0]         sys.c:719  MXM  WARN  Conflicting CPU frequencies detected, using: 2146.97
[1443947015.810626] [node014:31764:0]         mxm.c:185  MXM  WARN  The 'ulimit -s' on the system is set to 'unlimited'. This may have negative performance implications. Please set the heap size to the default value (10240) 
[1443947015.796438] [node021:4238 :0]         sys.c:719  MXM  WARN  Conflicting CPU frequencies detected, using: 2092.59
[1443947015.800145] [node021:4238 :0]         mxm.c:185  MXM  WARN  The 'ulimit -s' on the system is set to 'unlimited'. This may have negative performance implications. Please set the heap size to the default value (10240) 
[1443947015.795825] [node021:4252 :0]         sys.c:719  MXM  WARN  Conflicting CPU frequencies detected, using: 2092.59
[1443947015.799859] [node021:4252 :0]         mxm.c:185  MXM  WARN  The 'ulimit -s' on the system is set to 'unlimited'. This may have negative performance implications. Please set the heap size to the default value (10240) 
[1443947015.790013] [node030:23240:0]         sys.c:719  MXM  WARN  Conflicting CPU frequencies detected, using: 1481.62
[1443947015.795706] [node030:23240:0]         mxm.c:185  MXM  WARN  The 'ulimit -s' on the system is set to 'unlimited'. This may have negative performance implications. Please set the heap size to the default value (10240) 
[1443947015.788783] [node062:21510:0]         sys.c:719  MXM  WARN  Conflicting CPU frequencies detected, using: 1664.44
[1443947015.795158] [node062:21510:0]         mxm.c:185  MXM  WARN  The 'ulimit -s' on the system is set to 'unlimited'. This may have negative performance implications. Please set the heap size to the default value (10240) 
[1443947015.782892] [node022:31426:0]         sys.c:719  MXM  WARN  Conflicting CPU frequencies detected, using: 1534.41
[1443947015.789016] [node022:31426:0]         mxm.c:185  MXM  WARN  The 'ulimit -s' on the system is set to 'unlimited'. This may have negative performance implications. Please set the heap size to the default value (10240) 
[1443947015.787161] [node045:24351:0]         sys.c:719  MXM  WARN  Conflicting CPU frequencies detected, using: 1494.38
[1443947015.793792] [node045:24351:0]         mxm.c:185  MXM  WARN  The 'ulimit -s' on the system is set to 'unlimited'. This may have negative performance implications. Please set the heap size to the default value (10240) 
[1443947015.798710] [node059:11778:0]         sys.c:719  MXM  WARN  Conflicting CPU frequencies detected, using: 1660.22
[1443947015.802695] [node059:11778:0]         mxm.c:185  MXM  WARN  The 'ulimit -s' on the system is set to 'unlimited'. This may have negative performance implications. Please set the heap size to the default value (10240) 
[1443947015.798442] [node059:11795:0]         sys.c:719  MXM  WARN  Conflicting CPU frequencies detected, using: 1660.22
[1443947015.802798] [node059:11795:0]         mxm.c:185  MXM  WARN  The 'ulimit -s' on the system is set to 'unlimited'. This may have negative performance implications. Please set the heap size to the default value (10240) 
[1443947015.804166] [node017:32296:0]         sys.c:719  MXM  WARN  Conflicting CPU frequencies detected, using: 2775.19
[1443947015.811167] [node017:32296:0]         mxm.c:185  MXM  WARN  The 'ulimit -s' on the system is set to 'unlimited'. This may have negative performance implications. Please set the heap size to the default value (10240) 
[1443947015.801456] [node017:32295:0]         sys.c:719  MXM  WARN  Conflicting CPU frequencies detected, using: 2775.19
[1443947015.807970] [node017:32295:0]         mxm.c:185  MXM  WARN  The 'ulimit -s' on the system is set to 'unlimited'. This may have negative performance implications. Please set the heap size to the default value (10240) 
[1443947015.791782] [node031:31277:0]         sys.c:719  MXM  WARN  Conflicting CPU frequencies detected, using: 1499.16
[1443947015.798101] [node031:31277:0]         mxm.c:185  MXM  WARN  The 'ulimit -s' on the system is set to 'unlimited'. This may have negative performance implications. Please set the heap size to the default value (10240) 
[1443947015.810069] [node018:15941:0]         sys.c:719  MXM  WARN  Conflicting CPU frequencies detected, using: 1894.50
[1443947015.816549] [node018:15941:0]         mxm.c:185  MXM  WARN  The 'ulimit -s' on the system is set to 'unlimited'. This may have negative performance implications. Please set the heap size to the default value (10240) 
[1443947015.800938] [node044:26157:0]         sys.c:719  MXM  WARN  Conflicting CPU frequencies detected, using: 1599.94
[1443947015.807136] [node044:26157:0]         mxm.c:185  MXM  WARN  The 'ulimit -s' on the system is set to 'unlimited'. This may have negative performance implications. Please set the heap size to the default value (10240) 
[1443947015.797570] [node066:20196:0]         sys.c:719  MXM  WARN  Conflicting CPU frequencies detected, using: 1699.97
[1443947015.804164] [node066:20196:0]         mxm.c:185  MXM  WARN  The 'ulimit -s' on the system is set to 'unlimited'. This may have negative performance implications. Please set the heap size to the default value (10240) 
[1443947015.798478] [node066:20195:0]         sys.c:719  MXM  WARN  Conflicting CPU frequencies detected, using: 1699.97
[1443947015.806284] [node066:20195:0]         mxm.c:185  MXM  WARN  The 'ulimit -s' on the system is set to 'unlimited'. This may have negative performance implications. Please set the heap size to the default value (10240) 
[1443947015.822378] [node020:27991:0]         sys.c:719  MXM  WARN  Conflicting CPU frequencies detected, using: 2123.53
[1443947015.828626] [node020:27991:0]         mxm.c:185  MXM  WARN  The 'ulimit -s' on the system is set to 'unlimited'. This may have negative performance implications. Please set the heap size to the default value (10240) 
[1443947015.817841] [node023:12340:0]         sys.c:719  MXM  WARN  Conflicting CPU frequencies detected, using: 2466.47
[1443947015.825626] [node023:12340:0]         mxm.c:185  MXM  WARN  The 'ulimit -s' on the system is set to 'unlimited'. This may have negative performance implications. Please set the heap size to the default value (10240) 
[1443947015.817794] [node023:12346:0]         sys.c:719  MXM  WARN  Conflicting CPU frequencies detected, using: 2466.47
[1443947015.826367] [node023:12346:0]         mxm.c:185  MXM  WARN  The 'ulimit -s' on the system is set to 'unlimited'. This may have negative performance implications. Please set the heap size to the default value (10240) 
[1443947015.815268] [node043:25586:0]         sys.c:719  MXM  WARN  Conflicting CPU frequencies detected, using: 1696.69
[1443947015.822747] [node043:25586:0]         mxm.c:185  MXM  WARN  The 'ulimit -s' on the system is set to 'unlimited'. This may have negative performance implications. Please set the heap size to the default value (10240) 
[1443947015.814118] [node043:25592:0]         sys.c:719  MXM  WARN  Conflicting CPU frequencies detected, using: 1696.69
[1443947015.821948] [node043:25592:0]         mxm.c:185  MXM  WARN  The 'ulimit -s' on the system is set to 'unlimited'. This may have negative performance implications. Please set the heap size to the default value (10240) 
[1443947015.863361] [node054:8841 :0]         sys.c:719  MXM  WARN  Conflicting CPU frequencies detected, using: 1599.38
[1443947015.871800] [node054:8841 :0]         mxm.c:185  MXM  WARN  The 'ulimit -s' on the system is set to 'unlimited'. This may have negative performance implications. Please set the heap size to the default value (10240) 
[1443947015.864052] [node054:8824 :0]         sys.c:719  MXM  WARN  Conflicting CPU frequencies detected, using: 1599.38
[1443947015.872553] [node054:8824 :0]         mxm.c:185  MXM  WARN  The 'ulimit -s' on the system is set to 'unlimited'. This may have negative performance implications. Please set the heap size to the default value (10240) 
[1443947015.835363] [node040:29095:0]         sys.c:719  MXM  WARN  Conflicting CPU frequencies detected, using: 1699.12
[1443947015.841489] [node040:29095:0]         mxm.c:185  MXM  WARN  The 'ulimit -s' on the system is set to 'unlimited'. This may have negative performance implications. Please set the heap size to the default value (10240) 
[1443947015.842622] [node036:28214:0]         sys.c:719  MXM  WARN  Conflicting CPU frequencies detected, using: 1416.94
[1443947015.847318] [node036:28214:0]         mxm.c:185  MXM  WARN  The 'ulimit -s' on the system is set to 'unlimited'. This may have negative performance implications. Please set the heap size to the default value (10240) 
[1443947015.843467] [node036:28213:0]         sys.c:719  MXM  WARN  Conflicting CPU frequencies detected, using: 1416.94
[1443947015.847621] [node036:28213:0]         mxm.c:185  MXM  WARN  The 'ulimit -s' on the system is set to 'unlimited'. This may have negative performance implications. Please set the heap size to the default value (10240) 
UPCR: UPC thread 42 of 96 on node035 (pshm node 21 of 48, process 42 of 96, pid=29342)
UPCR: UPC thread 27 of 96 on node021 (pshm node 13 of 48, process 27 of 96, pid=4238)
UPCR: UPC thread 26 of 96 on node021 (pshm node 13 of 48, process 26 of 96, pid=4252)
UPCR: UPC thread 43 of 96 on node035 (pshm node 21 of 48, process 43 of 96, pid=29359)
UPCR: UPC thread 44 of 96 on node036 (pshm node 22 of 48, process 44 of 96, pid=28214)
UPCR: UPC thread 45 of 96 on node036 (pshm node 22 of 48, process 45 of 96, pid=28213)
UPCR: UPC thread 10 of 96 on node013 (pshm node  5 of 48, process 10 of 96, pid=25119)
UPCR: UPC thread  1 of 96 on node008 (pshm node  0 of 48, process  1 of 96, pid=22923)
UPCR: UPC thread 59 of 96 on node043 (pshm node 29 of 48, process 59 of 96, pid=25586)
UPCR: UPC thread  0 of 96 on node008 (pshm node  0 of 48, process  0 of 96, pid=22922)
UPCR: UPC thread 11 of 96 on node013 (pshm node  5 of 48, process 11 of 96, pid=25140)
UPCR: UPC thread 58 of 96 on node043 (pshm node 29 of 48, process 58 of 96, pid=25592)
UPCR: UPC thread  9 of 96 on node012 (pshm node  4 of 48, process  9 of 96, pid=24383)
UPCR: UPC thread 53 of 96 on node040 (pshm node 26 of 48, process 53 of 96, pid=29072)
UPCR: UPC thread  8 of 96 on node012 (pshm node  4 of 48, process  8 of 96, pid=24407)
UPCR: UPC thread 75 of 96 on node058 (pshm node 37 of 48, process 75 of 96, pid=13718)
UPCR: UPC thread 56 of 96 on node042 (pshm node 28 of 48, process 56 of 96, pid=24066)
UPCR: UPC thread 61 of 96 on node044 (pshm node 30 of 48, process 61 of 96, pid=26157)
UPCR: UPC thread 41 of 96 on node034 (pshm node 20 of 48, process 41 of 96, pid=25558)
UPCR: UPC thread 47 of 96 on node037 (pshm node 23 of 48, process 47 of 96, pid=29534)
UPCR: UPC thread 52 of 96 on node040 (pshm node 26 of 48, process 52 of 96, pid=29095)
UPCR: UPC thread 28 of 96 on node022 (pshm node 14 of 48, process 28 of 96, pid=31426)
UPCR: UPC thread 29 of 96 on node022 (pshm node 14 of 48, process 29 of 96, pid=31402)
UPCR: UPC thread 92 of 96 on node067 (pshm node 46 of 48, process 92 of 96, pid=19435)
UPCR: UPC thread  5 of 96 on node010 (pshm node  2 of 48, process  5 of 96, pid=26984)
UPCR: UPC thread  4 of 96 on node010 (pshm node  2 of 48, process  4 of 96, pid=26967)
UPCR: UPC thread 72 of 96 on node057 (pshm node 36 of 48, process 72 of 96, pid=19639)
UPCR: UPC thread 73 of 96 on node057 (pshm node 36 of 48, process 73 of 96, pid=19622)
UPCR: UPC thread 40 of 96 on node034 (pshm node 20 of 48, process 40 of 96, pid=25581)
UPCR: UPC thread 13 of 96 on node014 (pshm node  6 of 48, process 13 of 96, pid=31740)
UPCR: UPC thread 74 of 96 on node058 (pshm node 37 of 48, process 74 of 96, pid=13741)
UPCR: UPC thread 14 of 96 on node015 (pshm node  7 of 48, process 14 of 96, pid=11920)
UPCR: UPC thread 78 of 96 on node060 (pshm node 39 of 48, process 78 of 96, pid=16598)
UPCR: UPC thread 46 of 96 on node037 (pshm node 23 of 48, process 46 of 96, pid=29510)
UPCR: UPC thread 57 of 96 on node042 (pshm node 28 of 48, process 57 of 96, pid=24087)
UPCR: UPC thread 79 of 96 on node060 (pshm node 39 of 48, process 79 of 96, pid=16621)
UPCR: UPC thread 25 of 96 on node020 (pshm node 12 of 48, process 25 of 96, pid=27967)
UPCR: UPC thread 35 of 96 on node031 (pshm node 17 of 48, process 35 of 96, pid=31263)
UPCR: UPC thread 85 of 96 on node063 (pshm node 42 of 48, process 85 of 96, pid=28086)
UPCR: UPC thread 65 of 96 on node053 (pshm node 32 of 48, process 65 of 96, pid=12384)
UPCR: UPC thread 82 of 96 on node062 (pshm node 41 of 48, process 82 of 96, pid=21493)
UPCR: UPC thread 24 of 96 on node020 (pshm node 12 of 48, process 24 of 96, pid=27991)
UPCR: UPC thread 93 of 96 on node067 (pshm node 46 of 48, process 93 of 96, pid=19414)
UPCR: UPC thread 20 of 96 on node018 (pshm node 10 of 48, process 20 of 96, pid=15917)
UPCR: UPC thread 91 of 96 on node066 (pshm node 45 of 48, process 91 of 96, pid=20196)
UPCR: UPC thread 86 of 96 on node064 (pshm node 43 of 48, process 86 of 96, pid=32286)
UPCR: UPC thread 21 of 96 on node018 (pshm node 10 of 48, process 21 of 96, pid=15941)
UPCR: UPC thread 54 of 96 on node041 (pshm node 27 of 48, process 54 of 96, pid=23999)
UPCR: UPC thread 66 of 96 on node054 (pshm node 33 of 48, process 66 of 96, pid=8824)
UPCR: UPC thread 69 of 96 on node055 (pshm node 34 of 48, process 69 of 96, pid=9375)
UPCR: UPC thread 84 of 96 on node063 (pshm node 42 of 48, process 84 of 96, pid=28111)
UPCR: UPC thread 67 of 96 on node054 (pshm node 33 of 48, process 67 of 96, pid=8841)
UPCR: UPC thread 70 of 96 on node056 (pshm node 35 of 48, process 70 of 96, pid=11356)
UPCR: UPC thread  7 of 96 on node011 (pshm node  3 of 48, process  7 of 96, pid=10961)
UPCR: UPC thread 64 of 96 on node053 (pshm node 32 of 48, process 64 of 96, pid=12367)
UPCR: UPC thread 83 of 96 on node062 (pshm node 41 of 48, process 83 of 96, pid=21510)
UPCR: UPC thread 76 of 96 on node059 (pshm node 38 of 48, process 76 of 96, pid=11795)
UPCR: UPC thread 81 of 96 on node061 (pshm node 40 of 48, process 81 of 96, pid=26893)
UPCR: UPC thread 16 of 96 on node016 (pshm node  8 of 48, process 16 of 96, pid=17355)
UPCR: UPC thread 87 of 96 on node064 (pshm node 43 of 48, process 87 of 96, pid=32269)
UPCR: UPC thread 55 of 96 on node041 (pshm node 27 of 48, process 55 of 96, pid=23982)
UPCR: UPC thread 22 of 96 on node019 (pshm node 11 of 48, process 22 of 96, pid=31289)
UPCR: UPC thread 60 of 96 on node044 (pshm node 30 of 48, process 60 of 96, pid=26136)
UPCR: UPC thread 15 of 96 on node015 (pshm node  7 of 48, process 15 of 96, pid=11896)
UPCR: UPC thread 32 of 96 on node030 (pshm node 16 of 48, process 32 of 96, pid=23240)
UPCR: UPC thread 50 of 96 on node039 (pshm node 25 of 48, process 50 of 96, pid=26800)
UPCR: UPC thread 62 of 96 on node045 (pshm node 31 of 48, process 62 of 96, pid=24351)
UPCR: UPC thread 36 of 96 on node032 (pshm node 18 of 48, process 36 of 96, pid=30632)
UPCR: UPC thread 95 of 96 on node068 (pshm node 47 of 48, process 95 of 96, pid=20386)
UPCR: UPC thread 51 of 96 on node039 (pshm node 25 of 48, process 51 of 96, pid=26810)
UPCR: UPC thread 17 of 96 on node016 (pshm node  8 of 48, process 17 of 96, pid=17379)
UPCR: UPC thread 90 of 96 on node066 (pshm node 45 of 48, process 90 of 96, pid=20195)
UPCR: UPC thread 89 of 96 on node065 (pshm node 44 of 48, process 89 of 96, pid=1504)
UPCR: UPC thread 80 of 96 on node061 (pshm node 40 of 48, process 80 of 96, pid=26892)
UPCR: UPC thread 94 of 96 on node068 (pshm node 47 of 48, process 94 of 96, pid=20403)
UPCR: UPC thread 77 of 96 on node059 (pshm node 38 of 48, process 77 of 96, pid=11778)
UPCR: UPC thread 49 of 96 on node038 (pshm node 24 of 48, process 49 of 96, pid=22427)
UPCR: UPC thread  3 of 96 on node009 (pshm node  1 of 48, process  3 of 96, pid=4809)
UPCR: UPC thread 18 of 96 on node017 (pshm node  9 of 48, process 18 of 96, pid=32295)
UPCR: UPC thread 34 of 96 on node031 (pshm node 17 of 48, process 34 of 96, pid=31277)
UPCR: UPC thread 19 of 96 on node017 (pshm node  9 of 48, process 19 of 96, pid=32296)
UPCR: UPC thread 37 of 96 on node032 (pshm node 18 of 48, process 37 of 96, pid=30649)
UPCR: UPC thread 39 of 96 on node033 (pshm node 19 of 48, process 39 of 96, pid=31392)
UPCR: UPC thread 71 of 96 on node056 (pshm node 35 of 48, process 71 of 96, pid=11337)
UPCR: UPC thread 88 of 96 on node065 (pshm node 44 of 48, process 88 of 96, pid=1480)
UPCR: UPC thread 12 of 96 on node014 (pshm node  6 of 48, process 12 of 96, pid=31764)
UPCR: UPC thread 68 of 96 on node055 (pshm node 34 of 48, process 68 of 96, pid=9354)
UPCR: UPC thread 33 of 96 on node030 (pshm node 16 of 48, process 33 of 96, pid=23219)
UPCR: UPC thread  2 of 96 on node009 (pshm node  1 of 48, process  2 of 96, pid=4823)
UPCR: UPC thread 31 of 96 on node023 (pshm node 15 of 48, process 31 of 96, pid=12346)
UPCR: UPC thread 38 of 96 on node033 (pshm node 19 of 48, process 38 of 96, pid=31375)
UPCR: UPC thread 23 of 96 on node019 (pshm node 11 of 48, process 23 of 96, pid=31313)
UPCR: UPC thread 63 of 96 on node045 (pshm node 31 of 48, process 63 of 96, pid=24334)
UPCR: UPC thread 30 of 96 on node023 (pshm node 15 of 48, process 30 of 96, pid=12340)
UPCR: UPC thread 48 of 96 on node038 (pshm node 24 of 48, process 48 of 96, pid=22410)
UPCR: UPC thread  6 of 96 on node011 (pshm node  3 of 48, process  6 of 96, pid=10978)
Initializing models/at.7.8-rgs.bdd!
Vector size: 16
Bits per integer: 8
Number of BDD variables: 128
Loading initial states: 
Initial states loaded... 
Loading transition relations... 
16 integers per state, 8 bits per integer, 31 transition groups
BDD nodes:
Initial states: 128 BDD nodes
Transition 0: 348 BDD nodes
Transition 1: 182 BDD nodes
Transition 2: 94 BDD nodes
Transition 3: 205 BDD nodes
Transition 4: 32 BDD nodes
Transition 5: 32 BDD nodes
Transition 6: 182 BDD nodes
Transition 7: 94 BDD nodes
Transition 8: 205 BDD nodes
Transition 9: 32 BDD nodes
Transition 10: 32 BDD nodes
Transition 11: 137 BDD nodes
Transition 12: 144 BDD nodes
Transition 13: 143 BDD nodes
Transition 14: 136 BDD nodes
Transition 15: 94 BDD nodes
Transition 16: 203 BDD nodes
Transition 17: 32 BDD nodes
Transition 18: 32 BDD nodes
Transition 19: 81 BDD nodes
Transition 20: 32 BDD nodes
Transition 21: 81 BDD nodes
Transition 22: 32 BDD nodes
Transition 23: 81 BDD nodes
Transition 24: 32 BDD nodes
Transition 25: 249 BDD nodes
Transition 26: 32 BDD nodes
Transition 27: 208 BDD nodes
Transition 28: 273 BDD nodes
Transition 29: 32 BDD nodes
Transition 30: 32 BDD nodes
Level 1... done. 
Level 2... done. 
Level 3... done. 
Level 4... done. 
Level 5... done. 
Level 6... done. 
Level 7... done. 
Level 8... done. 
Level 9... done. 
Level 10... done. 
Level 11... done. 
Level 12... done. 
Level 13... done. 
Level 14... done. 
Level 15... done. 
Level 16... done. 
Level 17... done. 
Level 18... done. 
Level 19... done. 
Level 20... done. 
Level 21... done. 
Level 22... done. 
Level 23... done. 
Level 24... done. 
Level 25... done. 
Level 26... done. 
Level 27... done. 
Level 28... done. 
Level 29... done. 
Level 30... done. 
Level 31... done. 
Level 32... done. 
Level 33... done. 
Level 34... done. 
Level 35... done. 
Level 36... done. 
Level 37... done. 
Level 38... done. 
Level 39... done. 
Level 40... done. 
Level 41... done. 
Level 42... done. 
Level 43... done. 
Level 44... done. 
Level 45... done. 
Level 46... done. 
Level 47... done. 
Level 48... done. 
Level 49... done. 
Level 50... done. 
Level 51... done. 
Level 52... done. 
Level 53... done. 
Level 54... done. 
Level 55... done. 
Level 56... done. 
Level 57... done. 
PAR Time: 122.670554
Final states: 819243816 states
Final states: 991014 BDD nodes
[1443947015.005127] [node008:22877:0]         sys.c:719  MXM  WARN  Conflicting CPU frequencies detected, using: 2080.88
