[1441366878.112544] [node008:3227 :0]         sys.c:719  MXM  WARN  Conflicting CPU frequencies detected, using: 1463.25
[1441366878.136553] [node008:3227 :0]         mxm.c:185  MXM  WARN  The 'ulimit -s' on the system is set to 'unlimited'. This may have negative performance implications. Please set the heap size to the default value (10240) 
[1441366878.109482] [node008:3226 :0]         sys.c:719  MXM  WARN  Conflicting CPU frequencies detected, using: 1463.25
[1441366878.135819] [node008:3226 :0]         mxm.c:185  MXM  WARN  The 'ulimit -s' on the system is set to 'unlimited'. This may have negative performance implications. Please set the heap size to the default value (10240) 
[1441366878.340851] [node013:22782:0]         sys.c:719  MXM  WARN  Conflicting CPU frequencies detected, using: 1497.38
[1441366878.346762] [node013:22782:0]         mxm.c:185  MXM  WARN  The 'ulimit -s' on the system is set to 'unlimited'. This may have negative performance implications. Please set the heap size to the default value (10240) 
[1441366878.394882] [node020:29939:0]         sys.c:719  MXM  WARN  Conflicting CPU frequencies detected, using: 1299.75
[1441366878.400809] [node020:29939:0]         mxm.c:185  MXM  WARN  The 'ulimit -s' on the system is set to 'unlimited'. This may have negative performance implications. Please set the heap size to the default value (10240) 
[1441366878.416995] [node017:10705:0]         sys.c:719  MXM  WARN  Conflicting CPU frequencies detected, using: 1494.84
[1441366878.422731] [node017:10705:0]         mxm.c:185  MXM  WARN  The 'ulimit -s' on the system is set to 'unlimited'. This may have negative performance implications. Please set the heap size to the default value (10240) 
[1441366878.381010] [node011:8268 :0]         sys.c:719  MXM  WARN  Conflicting CPU frequencies detected, using: 1580.81
[1441366878.386563] [node011:8268 :0]         mxm.c:185  MXM  WARN  The 'ulimit -s' on the system is set to 'unlimited'. This may have negative performance implications. Please set the heap size to the default value (10240) 
[1441366878.413272] [node010:8246 :0]         sys.c:719  MXM  WARN  Conflicting CPU frequencies detected, using: 1882.22
[1441366878.416135] [node010:8246 :0]         mxm.c:185  MXM  WARN  The 'ulimit -s' on the system is set to 'unlimited'. This may have negative performance implications. Please set the heap size to the default value (10240) 
[1441366878.393174] [node012:8672 :0]         sys.c:719  MXM  WARN  Conflicting CPU frequencies detected, using: 1689.19
[1441366878.398618] [node012:8672 :0]         mxm.c:185  MXM  WARN  The 'ulimit -s' on the system is set to 'unlimited'. This may have negative performance implications. Please set the heap size to the default value (10240) 
[1441366878.407210] [node010:8240 :0]         sys.c:719  MXM  WARN  Conflicting CPU frequencies detected, using: 1882.22
[1441366878.410315] [node010:8240 :0]         mxm.c:185  MXM  WARN  The 'ulimit -s' on the system is set to 'unlimited'. This may have negative performance implications. Please set the heap size to the default value (10240) 
[1441366878.393991] [node009:25942:0]         sys.c:719  MXM  WARN  Conflicting CPU frequencies detected, using: 1696.50
[1441366878.399658] [node009:25942:0]         mxm.c:185  MXM  WARN  The 'ulimit -s' on the system is set to 'unlimited'. This may have negative performance implications. Please set the heap size to the default value (10240) 
[1441366878.402692] [node011:8282 :0]         sys.c:719  MXM  WARN  Conflicting CPU frequencies detected, using: 1599.94
[1441366878.407730] [node011:8282 :0]         mxm.c:185  MXM  WARN  The 'ulimit -s' on the system is set to 'unlimited'. This may have negative performance implications. Please set the heap size to the default value (10240) 
[1441366878.408274] [node012:8688 :0]         sys.c:719  MXM  WARN  Conflicting CPU frequencies detected, using: 1699.97
[1441366878.413448] [node012:8688 :0]         mxm.c:185  MXM  WARN  The 'ulimit -s' on the system is set to 'unlimited'. This may have negative performance implications. Please set the heap size to the default value (10240) 
[1441366878.395475] [node009:25940:0]         sys.c:719  MXM  WARN  Conflicting CPU frequencies detected, using: 1696.50
[1441366878.402554] [node009:25940:0]         mxm.c:185  MXM  WARN  The 'ulimit -s' on the system is set to 'unlimited'. This may have negative performance implications. Please set the heap size to the default value (10240) 
[1441366878.432025] [node014:4682 :0]         sys.c:719  MXM  WARN  Conflicting CPU frequencies detected, using: 1699.97
[1441366878.435006] [node014:4682 :0]         mxm.c:185  MXM  WARN  The 'ulimit -s' on the system is set to 'unlimited'. This may have negative performance implications. Please set the heap size to the default value (10240) 
[1441366878.419552] [node014:4672 :0]         sys.c:719  MXM  WARN  Conflicting CPU frequencies detected, using: 1681.97
[1441366878.422723] [node014:4672 :0]         mxm.c:185  MXM  WARN  The 'ulimit -s' on the system is set to 'unlimited'. This may have negative performance implications. Please set the heap size to the default value (10240) 
[1441366878.458442] [node015:1840 :0]         sys.c:719  MXM  WARN  Conflicting CPU frequencies detected, using: 1495.69
[1441366878.463953] [node015:1840 :0]         mxm.c:185  MXM  WARN  The 'ulimit -s' on the system is set to 'unlimited'. This may have negative performance implications. Please set the heap size to the default value (10240) 
[1441366878.479349] [node031:18037:0]         sys.c:719  MXM  WARN  Conflicting CPU frequencies detected, using: 1497.56
[1441366878.484873] [node031:18037:0]         mxm.c:185  MXM  WARN  The 'ulimit -s' on the system is set to 'unlimited'. This may have negative performance implications. Please set the heap size to the default value (10240) 
[1441366878.509068] [node021:10802:0]         sys.c:719  MXM  WARN  Conflicting CPU frequencies detected, using: 1679.72
[1441366878.512503] [node021:10802:0]         mxm.c:185  MXM  WARN  The 'ulimit -s' on the system is set to 'unlimited'. This may have negative performance implications. Please set the heap size to the default value (10240) 
[1441366878.552529] [node032:16912:0]         sys.c:719  MXM  WARN  Conflicting CPU frequencies detected, using: 1599.75
[1441366878.558281] [node032:16912:0]         mxm.c:185  MXM  WARN  The 'ulimit -s' on the system is set to 'unlimited'. This may have negative performance implications. Please set the heap size to the default value (10240) 
[1441366878.530396] [node037:15129:0]         sys.c:719  MXM  WARN  Conflicting CPU frequencies detected, using: 1797.56
[1441366878.533997] [node037:15129:0]         mxm.c:185  MXM  WARN  The 'ulimit -s' on the system is set to 'unlimited'. This may have negative performance implications. Please set the heap size to the default value (10240) 
[1441366878.541929] [node037:15137:0]         sys.c:719  MXM  WARN  Conflicting CPU frequencies detected, using: 1898.62
[1441366878.546697] [node037:15137:0]         mxm.c:185  MXM  WARN  The 'ulimit -s' on the system is set to 'unlimited'. This may have negative performance implications. Please set the heap size to the default value (10240) 
[1441366878.553689] [node021:10819:0]         sys.c:719  MXM  WARN  Conflicting CPU frequencies detected, using: 1800.00
[1441366878.556893] [node021:10819:0]         mxm.c:185  MXM  WARN  The 'ulimit -s' on the system is set to 'unlimited'. This may have negative performance implications. Please set the heap size to the default value (10240) 
[1441366878.571586] [node034:14171:0]         sys.c:719  MXM  WARN  Conflicting CPU frequencies detected, using: 1699.03
[1441366878.578579] [node034:14171:0]         mxm.c:185  MXM  WARN  The 'ulimit -s' on the system is set to 'unlimited'. This may have negative performance implications. Please set the heap size to the default value (10240) 
[1441366878.542023] [node063:25113:0]         sys.c:719  MXM  WARN  Conflicting CPU frequencies detected, using: 1597.88
[1441366878.545769] [node063:25113:0]         mxm.c:185  MXM  WARN  The 'ulimit -s' on the system is set to 'unlimited'. This may have negative performance implications. Please set the heap size to the default value (10240) 
[1441366878.545689] [node020:29963:0]         sys.c:719  MXM  WARN  Conflicting CPU frequencies detected, using: 1709.25
[1441366878.551203] [node020:29963:0]         mxm.c:185  MXM  WARN  The 'ulimit -s' on the system is set to 'unlimited'. This may have negative performance implications. Please set the heap size to the default value (10240) 
[1441366878.585350] [node042:6491 :0]         sys.c:719  MXM  WARN  Conflicting CPU frequencies detected, using: 1592.53
[1441366878.590898] [node042:6491 :0]         mxm.c:185  MXM  WARN  The 'ulimit -s' on the system is set to 'unlimited'. This may have negative performance implications. Please set the heap size to the default value (10240) 
[1441366878.550422] [node019:2706 :0]         sys.c:719  MXM  WARN  Conflicting CPU frequencies detected, using: 1695.09
[1441366878.553842] [node019:2706 :0]         mxm.c:185  MXM  WARN  The 'ulimit -s' on the system is set to 'unlimited'. This may have negative performance implications. Please set the heap size to the default value (10240) 
[1441366878.562989] [node063:25130:0]         sys.c:719  MXM  WARN  Conflicting CPU frequencies detected, using: 1696.31
[1441366878.566541] [node063:25130:0]         mxm.c:185  MXM  WARN  The 'ulimit -s' on the system is set to 'unlimited'. This may have negative performance implications. Please set the heap size to the default value (10240) 
[1441366878.556185] [node035:15017:0]         sys.c:719  MXM  WARN  Conflicting CPU frequencies detected, using: 1588.03
[1441366878.559542] [node035:15017:0]         mxm.c:185  MXM  WARN  The 'ulimit -s' on the system is set to 'unlimited'. This may have negative performance implications. Please set the heap size to the default value (10240) 
[1441366878.592479] [node039:11690:0]         sys.c:719  MXM  WARN  Conflicting CPU frequencies detected, using: 1595.34
[1441366878.598142] [node039:11690:0]         mxm.c:185  MXM  WARN  The 'ulimit -s' on the system is set to 'unlimited'. This may have negative performance implications. Please set the heap size to the default value (10240) 
[1441366878.595680] [node055:27107:0]         sys.c:719  MXM  WARN  Conflicting CPU frequencies detected, using: 1576.59
[1441366878.601579] [node055:27107:0]         mxm.c:185  MXM  WARN  The 'ulimit -s' on the system is set to 'unlimited'. This may have negative performance implications. Please set the heap size to the default value (10240) 
[1441366878.596438] [node040:11740:0]         sys.c:719  MXM  WARN  Conflicting CPU frequencies detected, using: 1695.75
[1441366878.602588] [node040:11740:0]         mxm.c:185  MXM  WARN  The 'ulimit -s' on the system is set to 'unlimited'. This may have negative performance implications. Please set the heap size to the default value (10240) 
[1441366878.601686] [node059:27264:0]         sys.c:719  MXM  WARN  Conflicting CPU frequencies detected, using: 1405.97
[1441366878.605831] [node059:27264:0]         mxm.c:185  MXM  WARN  The 'ulimit -s' on the system is set to 'unlimited'. This may have negative performance implications. Please set the heap size to the default value (10240) 
[1441366878.563131] [node013:22806:0]         sys.c:719  MXM  WARN  Conflicting CPU frequencies detected, using: 1496.44
[1441366878.568904] [node013:22806:0]         mxm.c:185  MXM  WARN  The 'ulimit -s' on the system is set to 'unlimited'. This may have negative performance implications. Please set the heap size to the default value (10240) 
[1441366878.587194] [node035:15034:0]         sys.c:719  MXM  WARN  Conflicting CPU frequencies detected, using: 1686.47
[1441366878.590392] [node035:15034:0]         mxm.c:185  MXM  WARN  The 'ulimit -s' on the system is set to 'unlimited'. This may have negative performance implications. Please set the heap size to the default value (10240) 
[1441366878.606923] [node067:26054:0]         sys.c:719  MXM  WARN  Conflicting CPU frequencies detected, using: 1593.75
[1441366878.615004] [node067:26054:0]         mxm.c:185  MXM  WARN  The 'ulimit -s' on the system is set to 'unlimited'. This may have negative performance implications. Please set the heap size to the default value (10240) 
[1441366878.607292] [node067:26055:0]         sys.c:719  MXM  WARN  Conflicting CPU frequencies detected, using: 1593.75
[1441366878.615771] [node067:26055:0]         mxm.c:185  MXM  WARN  The 'ulimit -s' on the system is set to 'unlimited'. This may have negative performance implications. Please set the heap size to the default value (10240) 
[1441366878.607257] [node054:26914:0]         sys.c:719  MXM  WARN  Conflicting CPU frequencies detected, using: 1599.66
[1441366878.615502] [node054:26914:0]         mxm.c:185  MXM  WARN  The 'ulimit -s' on the system is set to 'unlimited'. This may have negative performance implications. Please set the heap size to the default value (10240) 
[1441366878.607074] [node054:26915:0]         sys.c:719  MXM  WARN  Conflicting CPU frequencies detected, using: 1599.66
[1441366878.614739] [node054:26915:0]         mxm.c:185  MXM  WARN  The 'ulimit -s' on the system is set to 'unlimited'. This may have negative performance implications. Please set the heap size to the default value (10240) 
[1441366878.563938] [node030:24600:0]         sys.c:719  MXM  WARN  Conflicting CPU frequencies detected, using: 1596.47
[1441366878.569164] [node030:24600:0]         mxm.c:185  MXM  WARN  The 'ulimit -s' on the system is set to 'unlimited'. This may have negative performance implications. Please set the heap size to the default value (10240) 
[1441366878.611321] [node062:24836:0]         sys.c:719  MXM  WARN  Conflicting CPU frequencies detected, using: 1586.81
[1441366878.617168] [node062:24836:0]         mxm.c:185  MXM  WARN  The 'ulimit -s' on the system is set to 'unlimited'. This may have negative performance implications. Please set the heap size to the default value (10240) 
[1441366878.597666] [node060:27481:0]         sys.c:719  MXM  WARN  Conflicting CPU frequencies detected, using: 2569.78
[1441366878.602493] [node060:27481:0]         mxm.c:185  MXM  WARN  The 'ulimit -s' on the system is set to 'unlimited'. This may have negative performance implications. Please set the heap size to the default value (10240) 
[1441366878.589926] [node060:27475:0]         sys.c:719  MXM  WARN  Conflicting CPU frequencies detected, using: 2569.78
[1441366878.593974] [node060:27475:0]         mxm.c:185  MXM  WARN  The 'ulimit -s' on the system is set to 'unlimited'. This may have negative performance implications. Please set the heap size to the default value (10240) 
[1441366878.578526] [node030:24610:0]         sys.c:719  MXM  WARN  Conflicting CPU frequencies detected, using: 1690.22
[1441366878.585289] [node030:24610:0]         mxm.c:185  MXM  WARN  The 'ulimit -s' on the system is set to 'unlimited'. This may have negative performance implications. Please set the heap size to the default value (10240) 
[1441366878.574580] [node017:10729:0]         sys.c:719  MXM  WARN  Conflicting CPU frequencies detected, using: 1493.62
[1441366878.580247] [node017:10729:0]         mxm.c:185  MXM  WARN  The 'ulimit -s' on the system is set to 'unlimited'. This may have negative performance implications. Please set the heap size to the default value (10240) 
[1441366878.583437] [node061:25202:0]         sys.c:719  MXM  WARN  Conflicting CPU frequencies detected, using: 1498.50
[1441366878.586278] [node061:25202:0]         mxm.c:185  MXM  WARN  The 'ulimit -s' on the system is set to 'unlimited'. This may have negative performance implications. Please set the heap size to the default value (10240) 
[1441366878.584255] [node032:16929:0]         sys.c:719  MXM  WARN  Conflicting CPU frequencies detected, using: 1689.00
[1441366878.590885] [node032:16929:0]         mxm.c:185  MXM  WARN  The 'ulimit -s' on the system is set to 'unlimited'. This may have negative performance implications. Please set the heap size to the default value (10240) 
[1441366878.588402] [node033:18102:0]         sys.c:719  MXM  WARN  Conflicting CPU frequencies detected, using: 1799.53
[1441366878.593234] [node033:18102:0]         mxm.c:185  MXM  WARN  The 'ulimit -s' on the system is set to 'unlimited'. This may have negative performance implications. Please set the heap size to the default value (10240) 
[1441366878.584550] [node043:6114 :0]         sys.c:719  MXM  WARN  Conflicting CPU frequencies detected, using: 1755.09
[1441366878.590300] [node043:6114 :0]         mxm.c:185  MXM  WARN  The 'ulimit -s' on the system is set to 'unlimited'. This may have negative performance implications. Please set the heap size to the default value (10240) 
[1441366878.572246] [node034:14170:0]         sys.c:719  MXM  WARN  Conflicting CPU frequencies detected, using: 1699.03
[1441366878.580475] [node034:14170:0]         mxm.c:185  MXM  WARN  The 'ulimit -s' on the system is set to 'unlimited'. This may have negative performance implications. Please set the heap size to the default value (10240) 
[1441366878.581781] [node061:25203:0]         sys.c:719  MXM  WARN  Conflicting CPU frequencies detected, using: 1498.50
[1441366878.585086] [node061:25203:0]         mxm.c:185  MXM  WARN  The 'ulimit -s' on the system is set to 'unlimited'. This may have negative performance implications. Please set the heap size to the default value (10240) 
[1441366878.595987] [node053:7740 :0]         sys.c:719  MXM  WARN  Conflicting CPU frequencies detected, using: 1895.62
[1441366878.602007] [node053:7740 :0]         mxm.c:185  MXM  WARN  The 'ulimit -s' on the system is set to 'unlimited'. This may have negative performance implications. Please set the heap size to the default value (10240) 
[1441366878.583455] [node031:18061:0]         sys.c:719  MXM  WARN  Conflicting CPU frequencies detected, using: 1549.41
[1441366878.589433] [node031:18061:0]         mxm.c:185  MXM  WARN  The 'ulimit -s' on the system is set to 'unlimited'. This may have negative performance implications. Please set the heap size to the default value (10240) 
[1441366878.589271] [node036:15466:0]         sys.c:719  MXM  WARN  Conflicting CPU frequencies detected, using: 1597.59
[1441366878.592723] [node036:15466:0]         mxm.c:185  MXM  WARN  The 'ulimit -s' on the system is set to 'unlimited'. This may have negative performance implications. Please set the heap size to the default value (10240) 
[1441366878.596306] [node056:25381:0]         sys.c:719  MXM  WARN  Conflicting CPU frequencies detected, using: 1987.50
[1441366878.602233] [node056:25381:0]         mxm.c:185  MXM  WARN  The 'ulimit -s' on the system is set to 'unlimited'. This may have negative performance implications. Please set the heap size to the default value (10240) 
[1441366878.601508] [node036:15473:0]         sys.c:719  MXM  WARN  Conflicting CPU frequencies detected, using: 1599.66
[1441366878.605112] [node036:15473:0]         mxm.c:185  MXM  WARN  The 'ulimit -s' on the system is set to 'unlimited'. This may have negative performance implications. Please set the heap size to the default value (10240) 
[1441366878.590797] [node042:6497 :0]         sys.c:719  MXM  WARN  Conflicting CPU frequencies detected, using: 1698.56
[1441366878.596303] [node042:6497 :0]         mxm.c:185  MXM  WARN  The 'ulimit -s' on the system is set to 'unlimited'. This may have negative performance implications. Please set the heap size to the default value (10240) 
[1441366878.583191] [node033:18096:0]         sys.c:719  MXM  WARN  Conflicting CPU frequencies detected, using: 1696.78
[1441366878.588568] [node033:18096:0]         mxm.c:185  MXM  WARN  The 'ulimit -s' on the system is set to 'unlimited'. This may have negative performance implications. Please set the heap size to the default value (10240) 
[1441366878.593353] [node053:7741 :0]         sys.c:719  MXM  WARN  Conflicting CPU frequencies detected, using: 1895.62
[1441366878.599779] [node053:7741 :0]         mxm.c:185  MXM  WARN  The 'ulimit -s' on the system is set to 'unlimited'. This may have negative performance implications. Please set the heap size to the default value (10240) 
[1441366878.598379] [node056:25380:0]         sys.c:719  MXM  WARN  Conflicting CPU frequencies detected, using: 1999.97
[1441366878.605097] [node056:25380:0]         mxm.c:185  MXM  WARN  The 'ulimit -s' on the system is set to 'unlimited'. This may have negative performance implications. Please set the heap size to the default value (10240) 
[1441366878.591453] [node018:20746:0]         sys.c:719  MXM  WARN  Conflicting CPU frequencies detected, using: 1596.38
[1441366878.596464] [node018:20746:0]         mxm.c:185  MXM  WARN  The 'ulimit -s' on the system is set to 'unlimited'. This may have negative performance implications. Please set the heap size to the default value (10240) 
[1441366878.598297] [node064:24932:0]         sys.c:719  MXM  WARN  Conflicting CPU frequencies detected, using: 1795.50
[1441366878.603430] [node064:24932:0]         mxm.c:185  MXM  WARN  The 'ulimit -s' on the system is set to 'unlimited'. This may have negative performance implications. Please set the heap size to the default value (10240) 
[1441366878.595434] [node015:1864 :0]         sys.c:719  MXM  WARN  Conflicting CPU frequencies detected, using: 1496.34
[1441366878.601304] [node015:1864 :0]         mxm.c:185  MXM  WARN  The 'ulimit -s' on the system is set to 'unlimited'. This may have negative performance implications. Please set the heap size to the default value (10240) 
[1441366878.590117] [node045:5455 :0]         sys.c:719  MXM  WARN  Conflicting CPU frequencies detected, using: 1598.34
[1441366878.596234] [node045:5455 :0]         mxm.c:185  MXM  WARN  The 'ulimit -s' on the system is set to 'unlimited'. This may have negative performance implications. Please set the heap size to the default value (10240) 
[1441366878.611513] [node043:6128 :0]         sys.c:719  MXM  WARN  Conflicting CPU frequencies detected, using: 1987.69
[1441366878.617187] [node043:6128 :0]         mxm.c:185  MXM  WARN  The 'ulimit -s' on the system is set to 'unlimited'. This may have negative performance implications. Please set the heap size to the default value (10240) 
[1441366878.641459] [node058:26673:0]         sys.c:719  MXM  WARN  Conflicting CPU frequencies detected, using: 1522.50
[1441366878.645693] [node058:26673:0]         mxm.c:185  MXM  WARN  The 'ulimit -s' on the system is set to 'unlimited'. This may have negative performance implications. Please set the heap size to the default value (10240) 
[1441366878.590944] [node064:24931:0]         sys.c:719  MXM  WARN  Conflicting CPU frequencies detected, using: 1795.50
[1441366878.596969] [node064:24931:0]         mxm.c:185  MXM  WARN  The 'ulimit -s' on the system is set to 'unlimited'. This may have negative performance implications. Please set the heap size to the default value (10240) 
[1441366878.610876] [node065:25774:0]         sys.c:719  MXM  WARN  Conflicting CPU frequencies detected, using: 2344.12
[1441366878.615293] [node065:25774:0]         mxm.c:185  MXM  WARN  The 'ulimit -s' on the system is set to 'unlimited'. This may have negative performance implications. Please set the heap size to the default value (10240) 
[1441366878.610796] [node065:25775:0]         sys.c:719  MXM  WARN  Conflicting CPU frequencies detected, using: 2344.12
[1441366878.615231] [node065:25775:0]         mxm.c:185  MXM  WARN  The 'ulimit -s' on the system is set to 'unlimited'. This may have negative performance implications. Please set the heap size to the default value (10240) 
[1441366878.599753] [node057:26829:0]         sys.c:719  MXM  WARN  Conflicting CPU frequencies detected, using: 1519.59
[1441366878.603856] [node057:26829:0]         mxm.c:185  MXM  WARN  The 'ulimit -s' on the system is set to 'unlimited'. This may have negative performance implications. Please set the heap size to the default value (10240) 
[1441366878.603900] [node038:11421:0]         sys.c:719  MXM  WARN  Conflicting CPU frequencies detected, using: 1596.19
[1441366878.608731] [node038:11421:0]         mxm.c:185  MXM  WARN  The 'ulimit -s' on the system is set to 'unlimited'. This may have negative performance implications. Please set the heap size to the default value (10240) 
[1441366878.593496] [node044:4184 :0]         sys.c:719  MXM  WARN  Conflicting CPU frequencies detected, using: 1593.84
[1441366878.599229] [node044:4184 :0]         mxm.c:185  MXM  WARN  The 'ulimit -s' on the system is set to 'unlimited'. This may have negative performance implications. Please set the heap size to the default value (10240) 
[1441366878.601025] [node057:26833:0]         sys.c:719  MXM  WARN  Conflicting CPU frequencies detected, using: 1519.59
[1441366878.605236] [node057:26833:0]         mxm.c:185  MXM  WARN  The 'ulimit -s' on the system is set to 'unlimited'. This may have negative performance implications. Please set the heap size to the default value (10240) 
[1441366878.642123] [node066:25967:0]         sys.c:719  MXM  WARN  Conflicting CPU frequencies detected, using: 1586.91
[1441366878.648326] [node066:25967:0]         mxm.c:185  MXM  WARN  The 'ulimit -s' on the system is set to 'unlimited'. This may have negative performance implications. Please set the heap size to the default value (10240) 
[1441366878.646640] [node066:25973:0]         sys.c:719  MXM  WARN  Conflicting CPU frequencies detected, using: 1586.91
[1441366878.653048] [node066:25973:0]         mxm.c:185  MXM  WARN  The 'ulimit -s' on the system is set to 'unlimited'. This may have negative performance implications. Please set the heap size to the default value (10240) 
[1441366878.597452] [node038:11414:0]         sys.c:719  MXM  WARN  Conflicting CPU frequencies detected, using: 1596.19
[1441366878.602572] [node038:11414:0]         mxm.c:185  MXM  WARN  The 'ulimit -s' on the system is set to 'unlimited'. This may have negative performance implications. Please set the heap size to the default value (10240) 
[1441366878.604617] [node039:11702:0]         sys.c:719  MXM  WARN  Conflicting CPU frequencies detected, using: 1600.03
[1441366878.611680] [node039:11702:0]         mxm.c:185  MXM  WARN  The 'ulimit -s' on the system is set to 'unlimited'. This may have negative performance implications. Please set the heap size to the default value (10240) 
[1441366878.598073] [node040:11746:0]         sys.c:719  MXM  WARN  Conflicting CPU frequencies detected, using: 1695.75
[1441366878.605223] [node040:11746:0]         mxm.c:185  MXM  WARN  The 'ulimit -s' on the system is set to 'unlimited'. This may have negative performance implications. Please set the heap size to the default value (10240) 
[1441366878.613460] [node044:4196 :0]         sys.c:719  MXM  WARN  Conflicting CPU frequencies detected, using: 1593.84
[1441366878.618678] [node044:4196 :0]         mxm.c:185  MXM  WARN  The 'ulimit -s' on the system is set to 'unlimited'. This may have negative performance implications. Please set the heap size to the default value (10240) 
[1441366878.612521] [node018:20763:0]         sys.c:719  MXM  WARN  Conflicting CPU frequencies detected, using: 1699.41
[1441366878.618298] [node018:20763:0]         mxm.c:185  MXM  WARN  The 'ulimit -s' on the system is set to 'unlimited'. This may have negative performance implications. Please set the heap size to the default value (10240) 
[1441366878.622771] [node019:2732 :0]         sys.c:719  MXM  WARN  Conflicting CPU frequencies detected, using: 1695.09
[1441366878.626569] [node019:2732 :0]         mxm.c:185  MXM  WARN  The 'ulimit -s' on the system is set to 'unlimited'. This may have negative performance implications. Please set the heap size to the default value (10240) 
[1441366878.611699] [node045:5472 :0]         sys.c:719  MXM  WARN  Conflicting CPU frequencies detected, using: 1600.03
[1441366878.617520] [node045:5472 :0]         mxm.c:185  MXM  WARN  The 'ulimit -s' on the system is set to 'unlimited'. This may have negative performance implications. Please set the heap size to the default value (10240) 
[1441366878.627110] [node041:11781:0]         sys.c:719  MXM  WARN  Conflicting CPU frequencies detected, using: 1688.16
[1441366878.632009] [node041:11781:0]         mxm.c:185  MXM  WARN  The 'ulimit -s' on the system is set to 'unlimited'. This may have negative performance implications. Please set the heap size to the default value (10240) 
[1441366878.612632] [node055:27122:0]         sys.c:719  MXM  WARN  Conflicting CPU frequencies detected, using: 1597.88
[1441366878.618590] [node055:27122:0]         mxm.c:185  MXM  WARN  The 'ulimit -s' on the system is set to 'unlimited'. This may have negative performance implications. Please set the heap size to the default value (10240) 
[1441366878.610456] [node041:11769:0]         sys.c:719  MXM  WARN  Conflicting CPU frequencies detected, using: 1597.31
[1441366878.615643] [node041:11769:0]         mxm.c:185  MXM  WARN  The 'ulimit -s' on the system is set to 'unlimited'. This may have negative performance implications. Please set the heap size to the default value (10240) 
[1441366878.617870] [node062:24841:0]         sys.c:719  MXM  WARN  Conflicting CPU frequencies detected, using: 1586.81
[1441366878.623492] [node062:24841:0]         mxm.c:185  MXM  WARN  The 'ulimit -s' on the system is set to 'unlimited'. This may have negative performance implications. Please set the heap size to the default value (10240) 
[1441366878.641292] [node059:27281:0]         sys.c:719  MXM  WARN  Conflicting CPU frequencies detected, using: 1497.75
[1441366878.645668] [node059:27281:0]         mxm.c:185  MXM  WARN  The 'ulimit -s' on the system is set to 'unlimited'. This may have negative performance implications. Please set the heap size to the default value (10240) 
[1441366878.642506] [node058:26674:0]         sys.c:719  MXM  WARN  Conflicting CPU frequencies detected, using: 1522.50
[1441366878.646342] [node058:26674:0]         mxm.c:185  MXM  WARN  The 'ulimit -s' on the system is set to 'unlimited'. This may have negative performance implications. Please set the heap size to the default value (10240) 
UPCR: UPC thread  1 of 88 on node008 (pshm node  0 of 44, process  1 of 88, pid=3227)
UPCR: UPC thread  0 of 88 on node008 (pshm node  0 of 44, process  0 of 88, pid=3226)
UPCR: UPC thread 72 of 88 on node060 (pshm node 36 of 44, process 72 of 88, pid=27475)
UPCR: UPC thread 12 of 88 on node014 (pshm node  6 of 44, process 12 of 88, pid=4672)
UPCR: UPC thread 65 of 88 on node056 (pshm node 32 of 44, process 65 of 88, pid=25381)
UPCR: UPC thread 27 of 88 on node030 (pshm node 13 of 44, process 27 of 88, pid=24610)
UPCR: UPC thread 39 of 88 on node036 (pshm node 19 of 44, process 39 of 88, pid=15466)
UPCR: UPC thread 10 of 88 on node013 (pshm node  5 of 44, process 10 of 88, pid=22782)
UPCR: UPC thread 49 of 88 on node041 (pshm node 24 of 44, process 49 of 88, pid=11781)
UPCR: UPC thread 19 of 88 on node018 (pshm node  9 of 44, process 19 of 88, pid=20746)
UPCR: UPC thread 63 of 88 on node055 (pshm node 31 of 44, process 63 of 88, pid=27122)
UPCR: UPC thread 70 of 88 on node059 (pshm node 35 of 44, process 70 of 88, pid=27281)
UPCR: UPC thread 24 of 88 on node021 (pshm node 12 of 44, process 24 of 88, pid=10802)
UPCR: UPC thread 20 of 88 on node019 (pshm node 10 of 44, process 20 of 88, pid=2706)
UPCR: UPC thread  3 of 88 on node009 (pshm node  1 of 44, process  3 of 88, pid=25942)
UPCR: UPC thread 71 of 88 on node059 (pshm node 35 of 44, process 71 of 88, pid=27264)
UPCR: UPC thread 41 of 88 on node037 (pshm node 20 of 44, process 41 of 88, pid=15129)
UPCR: UPC thread 82 of 88 on node065 (pshm node 41 of 44, process 82 of 88, pid=25775)
UPCR: UPC thread 25 of 88 on node021 (pshm node 12 of 44, process 25 of 88, pid=10819)
UPCR: UPC thread 22 of 88 on node020 (pshm node 11 of 44, process 22 of 88, pid=29939)
UPCR: UPC thread 42 of 88 on node038 (pshm node 21 of 44, process 42 of 88, pid=11414)
UPCR: UPC thread 58 of 88 on node053 (pshm node 29 of 44, process 58 of 88, pid=7741)
UPCR: UPC thread 81 of 88 on node064 (pshm node 40 of 44, process 81 of 88, pid=24932)
UPCR: UPC thread 55 of 88 on node044 (pshm node 27 of 44, process 55 of 88, pid=4184)
UPCR: UPC thread 29 of 88 on node031 (pshm node 14 of 44, process 29 of 88, pid=18061)
UPCR: UPC thread 32 of 88 on node033 (pshm node 16 of 44, process 32 of 88, pid=18096)
UPCR: UPC thread 47 of 88 on node040 (pshm node 23 of 44, process 47 of 88, pid=11746)
UPCR: UPC thread  2 of 88 on node009 (pshm node  1 of 44, process  2 of 88, pid=25940)
UPCR: UPC thread 52 of 88 on node043 (pshm node 26 of 44, process 52 of 88, pid=6128)
UPCR: UPC thread 30 of 88 on node032 (pshm node 15 of 44, process 30 of 88, pid=16929)
UPCR: UPC thread 38 of 88 on node036 (pshm node 19 of 44, process 38 of 88, pid=15473)
UPCR: UPC thread 15 of 88 on node015 (pshm node  7 of 44, process 15 of 88, pid=1864)
UPCR: UPC thread 85 of 88 on node066 (pshm node 42 of 44, process 85 of 88, pid=25967)
UPCR: UPC thread 76 of 88 on node062 (pshm node 38 of 44, process 76 of 88, pid=24836)
UPCR: UPC thread 56 of 88 on node045 (pshm node 28 of 44, process 56 of 88, pid=5472)
UPCR: UPC thread 44 of 88 on node039 (pshm node 22 of 44, process 44 of 88, pid=11702)
UPCR: UPC thread 64 of 88 on node056 (pshm node 32 of 44, process 64 of 88, pid=25380)
UPCR: UPC thread 68 of 88 on node058 (pshm node 34 of 44, process 68 of 88, pid=26673)
UPCR: UPC thread 33 of 88 on node033 (pshm node 16 of 44, process 33 of 88, pid=18102)
UPCR: UPC thread 62 of 88 on node055 (pshm node 31 of 44, process 62 of 88, pid=27107)
UPCR: UPC thread 37 of 88 on node035 (pshm node 18 of 44, process 37 of 88, pid=15017)
UPCR: UPC thread  8 of 88 on node012 (pshm node  4 of 44, process  8 of 88, pid=8688)
UPCR: UPC thread  7 of 88 on node011 (pshm node  3 of 44, process  7 of 88, pid=8268)
UPCR: UPC thread 74 of 88 on node061 (pshm node 37 of 44, process 74 of 88, pid=25203)
UPCR: UPC thread 50 of 88 on node042 (pshm node 25 of 44, process 50 of 88, pid=6491)
UPCR: UPC thread 54 of 88 on node044 (pshm node 27 of 44, process 54 of 88, pid=4196)
UPCR: UPC thread 78 of 88 on node063 (pshm node 39 of 44, process 78 of 88, pid=25113)
UPCR: UPC thread 69 of 88 on node058 (pshm node 34 of 44, process 69 of 88, pid=26674)
UPCR: UPC thread 45 of 88 on node039 (pshm node 22 of 44, process 45 of 88, pid=11690)
UPCR: UPC thread  9 of 88 on node012 (pshm node  4 of 44, process  9 of 88, pid=8672)
UPCR: UPC thread 84 of 88 on node066 (pshm node 42 of 44, process 84 of 88, pid=25973)
UPCR: UPC thread 53 of 88 on node043 (pshm node 26 of 44, process 53 of 88, pid=6114)
UPCR: UPC thread 13 of 88 on node014 (pshm node  6 of 44, process 13 of 88, pid=4682)
UPCR: UPC thread 61 of 88 on node054 (pshm node 30 of 44, process 61 of 88, pid=26915)
UPCR: UPC thread 59 of 88 on node053 (pshm node 29 of 44, process 59 of 88, pid=7740)
UPCR: UPC thread 40 of 88 on node037 (pshm node 20 of 44, process 40 of 88, pid=15137)
UPCR: UPC thread 28 of 88 on node031 (pshm node 14 of 44, process 28 of 88, pid=18037)
UPCR: UPC thread 73 of 88 on node060 (pshm node 36 of 44, process 73 of 88, pid=27481)
UPCR: UPC thread 26 of 88 on node030 (pshm node 13 of 44, process 26 of 88, pid=24600)
UPCR: UPC thread 21 of 88 on node019 (pshm node 10 of 44, process 21 of 88, pid=2732)
UPCR: UPC thread 66 of 88 on node057 (pshm node 33 of 44, process 66 of 88, pid=26829)
UPCR: UPC thread 31 of 88 on node032 (pshm node 15 of 44, process 31 of 88, pid=16912)
UPCR: UPC thread 11 of 88 on node013 (pshm node  5 of 44, process 11 of 88, pid=22806)
UPCR: UPC thread  5 of 88 on node010 (pshm node  2 of 44, process  5 of 88, pid=8240)
UPCR: UPC thread 34 of 88 on node034 (pshm node 17 of 44, process 34 of 88, pid=14170)
UPCR: UPC thread 60 of 88 on node054 (pshm node 30 of 44, process 60 of 88, pid=26914)
UPCR: UPC thread 79 of 88 on node063 (pshm node 39 of 44, process 79 of 88, pid=25130)
UPCR: UPC thread  4 of 88 on node010 (pshm node  2 of 44, process  4 of 88, pid=8246)
UPCR: UPC thread 75 of 88 on node061 (pshm node 37 of 44, process 75 of 88, pid=25202)
UPCR: UPC thread 36 of 88 on node035 (pshm node 18 of 44, process 36 of 88, pid=15034)
UPCR: UPC thread 35 of 88 on node034 (pshm node 17 of 44, process 35 of 88, pid=14171)
UPCR: UPC thread 43 of 88 on node038 (pshm node 21 of 44, process 43 of 88, pid=11421)
UPCR: UPC thread 87 of 88 on node067 (pshm node 43 of 44, process 87 of 88, pid=26054)
UPCR: UPC thread 18 of 88 on node018 (pshm node  9 of 44, process 18 of 88, pid=20763)
UPCR: UPC thread 86 of 88 on node067 (pshm node 43 of 44, process 86 of 88, pid=26055)
UPCR: UPC thread 67 of 88 on node057 (pshm node 33 of 44, process 67 of 88, pid=26833)
UPCR: UPC thread  6 of 88 on node011 (pshm node  3 of 44, process  6 of 88, pid=8282)
UPCR: UPC thread 16 of 88 on node017 (pshm node  8 of 44, process 16 of 88, pid=10705)
UPCR: UPC thread 77 of 88 on node062 (pshm node 38 of 44, process 77 of 88, pid=24841)
UPCR: UPC thread 17 of 88 on node017 (pshm node  8 of 44, process 17 of 88, pid=10729)
UPCR: UPC thread 46 of 88 on node040 (pshm node 23 of 44, process 46 of 88, pid=11740)
UPCR: UPC thread 83 of 88 on node065 (pshm node 41 of 44, process 83 of 88, pid=25774)
UPCR: UPC thread 51 of 88 on node042 (pshm node 25 of 44, process 51 of 88, pid=6497)
UPCR: UPC thread 48 of 88 on node041 (pshm node 24 of 44, process 48 of 88, pid=11769)
UPCR: UPC thread 23 of 88 on node020 (pshm node 11 of 44, process 23 of 88, pid=29963)
UPCR: UPC thread 80 of 88 on node064 (pshm node 40 of 44, process 80 of 88, pid=24931)
UPCR: UPC thread 57 of 88 on node045 (pshm node 28 of 44, process 57 of 88, pid=5455)
UPCR: UPC thread 14 of 88 on node015 (pshm node  7 of 44, process 14 of 88, pid=1840)
Initializing models/anderson.6.4-rgs.bdd!
Vector size: 19
Bits per integer: 4
Number of BDD variables: 76
Loading initial states: 
Initial states loaded... 
Loading transition relations... 
19 integers per state, 4 bits per integer, 18 transition groups
BDD nodes:
Initial states: 76 BDD nodes
Transition 0: 606 BDD nodes
Transition 1: 99 BDD nodes
Transition 2: 27 BDD nodes
Transition 3: 653 BDD nodes
Transition 4: 180 BDD nodes
Transition 5: 28 BDD nodes
Transition 6: 544 BDD nodes
Transition 7: 544 BDD nodes
Transition 8: 544 BDD nodes
Transition 9: 544 BDD nodes
Transition 10: 180 BDD nodes
Transition 11: 28 BDD nodes
Transition 12: 133 BDD nodes
Transition 13: 133 BDD nodes
Transition 14: 133 BDD nodes
Transition 15: 28 BDD nodes
Transition 16: 28 BDD nodes
Transition 17: 28 BDD nodes
Level 1... done. 
Level 2... done. 
Level 3... done. 
Level 4... done. 
Level 5... done. 
Level 6... done. 
Level 7... done. 
Level 8... done. 
Level 9... done. 
Level 10... done. 
Level 11... done. 
Level 12... done. 
Level 13... done. 
Level 14... done. 
Level 15... done. 
Level 16... done. 
Level 17... done. 
Level 18... done. 
Level 19... done. 
Level 20... done. 
Level 21... done. 
Level 22... done. 
Level 23... done. 
Level 24... done. 
Level 25... done. 
Level 26... done. 
Level 27... done. 
Level 28... done. 
Level 29... done. 
Level 30... done. 
Level 31... done. 
Level 32... done. 
Level 33... done. 
Level 34... done. 
Level 35... done. 
Level 36... done. 
Level 37... done. 
Level 38... done. 
Level 39... done. 
Level 40... done. 
Level 41... done. 
Level 42... done. 
Level 43... done. 
Level 44... done. 
Level 45... done. 
Level 46... done. 
Level 47... done. 
Level 48... done. 
Level 49... done. 
Level 50... done. 
Level 51... done. 
Level 52... done. 
Level 53... done. 
Level 54... done. 
Level 55... done. 
Level 56... done. 
Level 57... done. 
Level 58... done. 
Level 59... done. 
Level 60... done. 
Level 61... done. 
Level 62... done. 
Level 63... done. 
Level 64... done. 
Level 65... done. 
Level 66... done. 
Level 67... done. 
Level 68... done. 
Level 69... done. 
Level 70... done. 
Level 71... done. 
Level 72... done. 
Level 73... done. 
Level 74... done. 
Level 75... done. 
Level 76... done. 
Level 77... done. 
Level 78... done. 
Level 79... done. 
Level 80... done. 
Level 81... done. 
Level 82... done. 
Level 83... done. 
Level 84... done. 
Level 85... done. 
Level 86... done. 
Level 87... done. 
Level 88... done. 
Level 89... done. 
Level 90... done. 
Level 91... done. 
Level 92... done. 
Level 93... done. 
Level 94... done. 
Level 95... done. 
Level 96... done. 
Level 97... done. 
Level 98... done. 
Level 99... done. 
Level 100... done. 
Level 101... done. 
Level 102... done. 
Level 103... done. 
Level 104... done. 
Level 105... done. 
Level 106... done. 
Level 107... done. 
Level 108... done. 
Level 109... done. 
Level 110... done. 
Level 111... done. 
Level 112... done. 
Level 113... done. 
Level 114... done. 
Level 115... done. 
Level 116... done. 
Level 117... done. 
Level 118... done. 
Level 119... done. 
Level 120... done. 
Level 121... done. 
Level 122... done. 
Level 123... done. 
Level 124... done. 
Level 125... done. 
Level 126... done. 
Level 127... done. 
Level 128... done. 
Level 129... done. 
Level 130... done. 
Level 131... done. 
Level 132... done. 
Level 133... done. 
Level 134... done. 
Level 135... done. 
Level 136... done. 
Level 137... done. 
Level 138... done. 
Level 139... done. 
Level 140... done. 
Level 141... done. 
Level 142... done. 
Level 143... done. 
Level 144... done. 
Level 145... done. 
Level 146... done. 
Level 147... done. 
Level 148... done. 
Level 149... done. 
Level 150... done. 
Level 151... done. 
Level 152... done. 
Level 153... done. 
Level 154... done. 
Level 155... done. 
Level 156... done. 
Level 157... done. 
Level 158... done. 
Level 159... done. 
Level 160... done. 
Level 161... done. 
Level 162... done. 
Level 163... done. 
Level 164... done. 
Level 165... done. 
Level 166... done. 
Level 167... done. 
Level 168... done. 
Level 169... done. 
Level 170... done. 
Level 171... done. 
Level 172... done. 
Level 173... done. 
Level 174... done. 
Level 175... done. 
Level 176... done. 
Level 177... done. 
Level 178... done. 
Level 179... done. 
Level 180... done. 
Level 181... done. 
PAR Time: 10.204008
Final states: 18206917 states
Final states: 76234 BDD nodes
[1441366878.094544] [node008:3181 :0]         sys.c:719  MXM  WARN  Conflicting CPU frequencies detected, using: 1560.66
