[1443823400.513711] [node053:24318:0]         sys.c:719  MXM  WARN  Conflicting CPU frequencies detected, using: 1370.34
[1443823400.518843] [node053:24318:0]         mxm.c:185  MXM  WARN  The 'ulimit -s' on the system is set to 'unlimited'. This may have negative performance implications. Please set the heap size to the default value (10240) 
[1443823400.514129] [node053:24317:0]         sys.c:719  MXM  WARN  Conflicting CPU frequencies detected, using: 1370.34
[1443823400.518924] [node053:24317:0]         mxm.c:185  MXM  WARN  The 'ulimit -s' on the system is set to 'unlimited'. This may have negative performance implications. Please set the heap size to the default value (10240) 
[1443823400.747538] [node062:12273:0]         sys.c:719  MXM  WARN  Conflicting CPU frequencies detected, using: 1482.66
[1443823400.755184] [node062:12273:0]         mxm.c:185  MXM  WARN  The 'ulimit -s' on the system is set to 'unlimited'. This may have negative performance implications. Please set the heap size to the default value (10240) 
[1443823400.749977] [node062:12274:0]         sys.c:719  MXM  WARN  Conflicting CPU frequencies detected, using: 1482.66
[1443823400.757652] [node062:12274:0]         mxm.c:185  MXM  WARN  The 'ulimit -s' on the system is set to 'unlimited'. This may have negative performance implications. Please set the heap size to the default value (10240) 
[1443823400.753325] [node064:24462:0]         sys.c:719  MXM  WARN  Conflicting CPU frequencies detected, using: 1503.94
[1443823400.761421] [node064:24462:0]         mxm.c:185  MXM  WARN  The 'ulimit -s' on the system is set to 'unlimited'. This may have negative performance implications. Please set the heap size to the default value (10240) 
[1443823400.753992] [node064:24463:0]         sys.c:719  MXM  WARN  Conflicting CPU frequencies detected, using: 1503.94
[1443823400.762178] [node064:24463:0]         mxm.c:185  MXM  WARN  The 'ulimit -s' on the system is set to 'unlimited'. This may have negative performance implications. Please set the heap size to the default value (10240) 
[1443823400.737554] [node057:2360 :0]         sys.c:719  MXM  WARN  Conflicting CPU frequencies detected, using: 1923.00
[1443823400.741750] [node057:2360 :0]         mxm.c:185  MXM  WARN  The 'ulimit -s' on the system is set to 'unlimited'. This may have negative performance implications. Please set the heap size to the default value (10240) 
[1443823400.747501] [node065:30200:0]         sys.c:719  MXM  WARN  Conflicting CPU frequencies detected, using: 1900.12
[1443823400.751274] [node065:30200:0]         mxm.c:185  MXM  WARN  The 'ulimit -s' on the system is set to 'unlimited'. This may have negative performance implications. Please set the heap size to the default value (10240) 
[1443823400.737561] [node057:2359 :0]         sys.c:719  MXM  WARN  Conflicting CPU frequencies detected, using: 1923.00
[1443823400.741836] [node057:2359 :0]         mxm.c:185  MXM  WARN  The 'ulimit -s' on the system is set to 'unlimited'. This may have negative performance implications. Please set the heap size to the default value (10240) 
[1443823400.735801] [node060:2223 :0]         sys.c:719  MXM  WARN  Conflicting CPU frequencies detected, using: 1497.19
[1443823400.739973] [node060:2223 :0]         mxm.c:185  MXM  WARN  The 'ulimit -s' on the system is set to 'unlimited'. This may have negative performance implications. Please set the heap size to the default value (10240) 
[1443823400.735553] [node060:2222 :0]         sys.c:719  MXM  WARN  Conflicting CPU frequencies detected, using: 1497.19
[1443823400.740058] [node060:2222 :0]         mxm.c:185  MXM  WARN  The 'ulimit -s' on the system is set to 'unlimited'. This may have negative performance implications. Please set the heap size to the default value (10240) 
[1443823400.740969] [node056:24160:0]         sys.c:719  MXM  WARN  Conflicting CPU frequencies detected, using: 2620.31
[1443823400.748893] [node056:24160:0]         mxm.c:185  MXM  WARN  The 'ulimit -s' on the system is set to 'unlimited'. This may have negative performance implications. Please set the heap size to the default value (10240) 
[1443823400.741234] [node056:24161:0]         sys.c:719  MXM  WARN  Conflicting CPU frequencies detected, using: 2620.31
[1443823400.749608] [node056:24161:0]         mxm.c:185  MXM  WARN  The 'ulimit -s' on the system is set to 'unlimited'. This may have negative performance implications. Please set the heap size to the default value (10240) 
[1443823400.747301] [node065:30201:0]         sys.c:719  MXM  WARN  Conflicting CPU frequencies detected, using: 1900.12
[1443823400.751482] [node065:30201:0]         mxm.c:185  MXM  WARN  The 'ulimit -s' on the system is set to 'unlimited'. This may have negative performance implications. Please set the heap size to the default value (10240) 
[1443823400.748208] [node063:19039:0]         sys.c:719  MXM  WARN  Conflicting CPU frequencies detected, using: 1702.50
[1443823400.752125] [node063:19039:0]         mxm.c:185  MXM  WARN  The 'ulimit -s' on the system is set to 'unlimited'. This may have negative performance implications. Please set the heap size to the default value (10240) 
[1443823400.748335] [node063:19038:0]         sys.c:719  MXM  WARN  Conflicting CPU frequencies detected, using: 1702.50
[1443823400.752414] [node063:19038:0]         mxm.c:185  MXM  WARN  The 'ulimit -s' on the system is set to 'unlimited'. This may have negative performance implications. Please set the heap size to the default value (10240) 
[1443823400.743374] [node061:18320:0]         sys.c:719  MXM  WARN  Conflicting CPU frequencies detected, using: 1594.78
[1443823400.747350] [node061:18320:0]         mxm.c:185  MXM  WARN  The 'ulimit -s' on the system is set to 'unlimited'. This may have negative performance implications. Please set the heap size to the default value (10240) 
[1443823400.742906] [node061:18319:0]         sys.c:719  MXM  WARN  Conflicting CPU frequencies detected, using: 1594.78
[1443823400.747190] [node061:18319:0]         mxm.c:185  MXM  WARN  The 'ulimit -s' on the system is set to 'unlimited'. This may have negative performance implications. Please set the heap size to the default value (10240) 
[1443823400.739619] [node058:32200:0]         sys.c:719  MXM  WARN  Conflicting CPU frequencies detected, using: 1533.84
[1443823400.744254] [node058:32200:0]         mxm.c:185  MXM  WARN  The 'ulimit -s' on the system is set to 'unlimited'. This may have negative performance implications. Please set the heap size to the default value (10240) 
[1443823400.744512] [node068:14844:0]         sys.c:719  MXM  WARN  Conflicting CPU frequencies detected, using: 2296.59
[1443823400.752072] [node068:14844:0]         mxm.c:185  MXM  WARN  The 'ulimit -s' on the system is set to 'unlimited'. This may have negative performance implications. Please set the heap size to the default value (10240) 
[1443823400.751945] [node067:13898:0]         sys.c:719  MXM  WARN  Conflicting CPU frequencies detected, using: 2700.00
[1443823400.760295] [node067:13898:0]         mxm.c:185  MXM  WARN  The 'ulimit -s' on the system is set to 'unlimited'. This may have negative performance implications. Please set the heap size to the default value (10240) 
[1443823400.748399] [node058:32201:0]         sys.c:719  MXM  WARN  Conflicting CPU frequencies detected, using: 1619.16
[1443823400.752932] [node058:32201:0]         mxm.c:185  MXM  WARN  The 'ulimit -s' on the system is set to 'unlimited'. This may have negative performance implications. Please set the heap size to the default value (10240) 
[1443823400.743645] [node068:14848:0]         sys.c:719  MXM  WARN  Conflicting CPU frequencies detected, using: 2296.59
[1443823400.751330] [node068:14848:0]         mxm.c:185  MXM  WARN  The 'ulimit -s' on the system is set to 'unlimited'. This may have negative performance implications. Please set the heap size to the default value (10240) 
[1443823400.752648] [node067:13899:0]         sys.c:719  MXM  WARN  Conflicting CPU frequencies detected, using: 2700.00
[1443823400.761084] [node067:13899:0]         mxm.c:185  MXM  WARN  The 'ulimit -s' on the system is set to 'unlimited'. This may have negative performance implications. Please set the heap size to the default value (10240) 
[1443823400.754447] [node066:14903:0]         sys.c:719  MXM  WARN  Conflicting CPU frequencies detected, using: 2612.44
[1443823400.763188] [node066:14903:0]         mxm.c:185  MXM  WARN  The 'ulimit -s' on the system is set to 'unlimited'. This may have negative performance implications. Please set the heap size to the default value (10240) 
[1443823400.763090] [node055:20023:0]         sys.c:719  MXM  WARN  Conflicting CPU frequencies detected, using: 3166.41
[1443823400.769515] [node055:20023:0]         mxm.c:185  MXM  WARN  The 'ulimit -s' on the system is set to 'unlimited'. This may have negative performance implications. Please set the heap size to the default value (10240) 
[1443823400.754223] [node066:14904:0]         sys.c:719  MXM  WARN  Conflicting CPU frequencies detected, using: 2612.44
[1443823400.762214] [node066:14904:0]         mxm.c:185  MXM  WARN  The 'ulimit -s' on the system is set to 'unlimited'. This may have negative performance implications. Please set the heap size to the default value (10240) 
[1443823400.818337] [node054:19621:0]         sys.c:719  MXM  WARN  Conflicting CPU frequencies detected, using: 1581.56
[1443823400.826615] [node054:19621:0]         mxm.c:185  MXM  WARN  The 'ulimit -s' on the system is set to 'unlimited'. This may have negative performance implications. Please set the heap size to the default value (10240) 
[1443823400.819033] [node054:19622:0]         sys.c:719  MXM  WARN  Conflicting CPU frequencies detected, using: 1581.56
[1443823400.827404] [node054:19622:0]         mxm.c:185  MXM  WARN  The 'ulimit -s' on the system is set to 'unlimited'. This may have negative performance implications. Please set the heap size to the default value (10240) 
[1443823400.795273] [node059:30345:0]         sys.c:719  MXM  WARN  Conflicting CPU frequencies detected, using: 2128.69
[1443823400.800059] [node059:30345:0]         mxm.c:185  MXM  WARN  The 'ulimit -s' on the system is set to 'unlimited'. This may have negative performance implications. Please set the heap size to the default value (10240) 
[1443823400.796124] [node059:30346:0]         sys.c:719  MXM  WARN  Conflicting CPU frequencies detected, using: 2128.69
[1443823400.800246] [node059:30346:0]         mxm.c:185  MXM  WARN  The 'ulimit -s' on the system is set to 'unlimited'. This may have negative performance implications. Please set the heap size to the default value (10240) 
[1443823400.773703] [node055:20022:0]         sys.c:719  MXM  WARN  Conflicting CPU frequencies detected, using: 3166.41
[1443823400.781519] [node055:20022:0]         mxm.c:185  MXM  WARN  The 'ulimit -s' on the system is set to 'unlimited'. This may have negative performance implications. Please set the heap size to the default value (10240) 
UPCR: UPC thread 21 of 32 on node063 (pshm node 10 of 16, process 21 of 32, pid=19039)
UPCR: UPC thread 20 of 32 on node063 (pshm node 10 of 16, process 20 of 32, pid=19038)
UPCR: UPC thread  8 of 32 on node057 (pshm node  4 of 16, process  8 of 32, pid=2360)
UPCR: UPC thread 19 of 32 on node062 (pshm node  9 of 16, process 19 of 32, pid=12274)
UPCR: UPC thread 18 of 32 on node062 (pshm node  9 of 16, process 18 of 32, pid=12273)
UPCR: UPC thread  5 of 32 on node055 (pshm node  2 of 16, process  5 of 32, pid=20022)
UPCR: UPC thread  9 of 32 on node057 (pshm node  4 of 16, process  9 of 32, pid=2359)
UPCR: UPC thread  4 of 32 on node055 (pshm node  2 of 16, process  4 of 32, pid=20023)
UPCR: UPC thread 24 of 32 on node065 (pshm node 12 of 16, process 24 of 32, pid=30201)
UPCR: UPC thread 25 of 32 on node065 (pshm node 12 of 16, process 25 of 32, pid=30200)
UPCR: UPC thread  2 of 32 on node054 (pshm node  1 of 16, process  2 of 32, pid=19622)
UPCR: UPC thread 29 of 32 on node067 (pshm node 14 of 16, process 29 of 32, pid=13898)
UPCR: UPC thread 17 of 32 on node061 (pshm node  8 of 16, process 17 of 32, pid=18319)
UPCR: UPC thread  1 of 32 on node053 (pshm node  0 of 16, process  1 of 32, pid=24318)
UPCR: UPC thread  0 of 32 on node053 (pshm node  0 of 16, process  0 of 32, pid=24317)
UPCR: UPC thread 16 of 32 on node061 (pshm node  8 of 16, process 16 of 32, pid=18320)
UPCR: UPC thread 28 of 32 on node067 (pshm node 14 of 16, process 28 of 32, pid=13899)
UPCR: UPC thread 12 of 32 on node059 (pshm node  6 of 16, process 12 of 32, pid=30346)
UPCR: UPC thread 23 of 32 on node064 (pshm node 11 of 16, process 23 of 32, pid=24462)
UPCR: UPC thread 26 of 32 on node066 (pshm node 13 of 16, process 26 of 32, pid=14903)
UPCR: UPC thread 13 of 32 on node059 (pshm node  6 of 16, process 13 of 32, pid=30345)
UPCR: UPC thread 22 of 32 on node064 (pshm node 11 of 16, process 22 of 32, pid=24463)
UPCR: UPC thread 27 of 32 on node066 (pshm node 13 of 16, process 27 of 32, pid=14904)
UPCR: UPC thread  3 of 32 on node054 (pshm node  1 of 16, process  3 of 32, pid=19621)
UPCR: UPC thread  6 of 32 on node056 (pshm node  3 of 16, process  6 of 32, pid=24160)
UPCR: UPC thread  7 of 32 on node056 (pshm node  3 of 16, process  7 of 32, pid=24161)
UPCR: UPC thread 10 of 32 on node058 (pshm node  5 of 16, process 10 of 32, pid=32201)
UPCR: UPC thread 11 of 32 on node058 (pshm node  5 of 16, process 11 of 32, pid=32200)
UPCR: UPC thread 30 of 32 on node068 (pshm node 15 of 16, process 30 of 32, pid=14848)
UPCR: UPC thread 31 of 32 on node068 (pshm node 15 of 16, process 31 of 32, pid=14844)
UPCR: UPC thread 15 of 32 on node060 (pshm node  7 of 16, process 15 of 32, pid=2223)
UPCR: UPC thread 14 of 32 on node060 (pshm node  7 of 16, process 14 of 32, pid=2222)
Initializing models/at.5.8-rgs.bdd!
Vector size: 14
Bits per integer: 8
Number of BDD variables: 112
Loading initial states: 
Initial states loaded... 
Loading transition relations... 
14 integers per state, 8 bits per integer, 26 transition groups
BDD nodes:
Initial states: 112 BDD nodes
Transition 0: 288 BDD nodes
Transition 1: 205 BDD nodes
Transition 2: 94 BDD nodes
Transition 3: 181 BDD nodes
Transition 4: 32 BDD nodes
Transition 5: 32 BDD nodes
Transition 6: 203 BDD nodes
Transition 7: 94 BDD nodes
Transition 8: 178 BDD nodes
Transition 9: 32 BDD nodes
Transition 10: 32 BDD nodes
Transition 11: 213 BDD nodes
Transition 12: 213 BDD nodes
Transition 13: 274 BDD nodes
Transition 14: 81 BDD nodes
Transition 15: 32 BDD nodes
Transition 16: 81 BDD nodes
Transition 17: 32 BDD nodes
Transition 18: 81 BDD nodes
Transition 19: 32 BDD nodes
Transition 20: 159 BDD nodes
Transition 21: 32 BDD nodes
Transition 22: 146 BDD nodes
Transition 23: 135 BDD nodes
Transition 24: 32 BDD nodes
Transition 25: 32 BDD nodes
Level 1... done. 
Level 2... done. 
Level 3... done. 
Level 4... done. 
Level 5... done. 
Level 6... done. 
Level 7... done. 
Level 8... done. 
Level 9... done. 
Level 10... done. 
Level 11... done. 
Level 12... done. 
Level 13... done. 
Level 14... done. 
Level 15... done. 
Level 16... done. 
Level 17... done. 
Level 18... done. 
Level 19... done. 
Level 20... done. 
Level 21... done. 
Level 22... done. 
Level 23... done. 
Level 24... done. 
Level 25... done. 
Level 26... done. 
Level 27... done. 
Level 28... done. 
Level 29... done. 
Level 30... done. 
Level 31... done. 
Level 32... done. 
Level 33... done. 
Level 34... done. 
Level 35... done. 
Level 36... done. 
Level 37... done. 
Level 38... done. 
Level 39... done. 
Level 40... done. 
Level 41... done. 
Level 42... done. 
Level 43... done. 
Level 44... done. 
Level 45... done. 
Level 46... done. 
Level 47... done. 
Level 48... done. 
Level 49... done. 
Level 50... done. 
Level 51... done. 
PAR Time: 39.040257
Final states: 31999440 states
Final states: 159207 BDD nodes
[1443823400.494785] [node053:24272:0]         sys.c:719  MXM  WARN  Conflicting CPU frequencies detected, using: 1464.09
