[1443053943.820548] [node001:710  :0]         sys.c:719  MXM  WARN  Conflicting CPU frequencies detected, using: 1386.09
[1443053943.832617] [node001:710  :0]         mxm.c:185  MXM  WARN  The 'ulimit -s' on the system is set to 'unlimited'. This may have negative performance implications. Please set the heap size to the default value (10240) 
[1443053944.167996] [node032:10733:0]         sys.c:719  MXM  WARN  Conflicting CPU frequencies detected, using: 1483.97
[1443053944.174498] [node032:10733:0]         mxm.c:185  MXM  WARN  The 'ulimit -s' on the system is set to 'unlimited'. This may have negative performance implications. Please set the heap size to the default value (10240) 
[1443053944.174247] [node018:3252 :0]         sys.c:719  MXM  WARN  Conflicting CPU frequencies detected, using: 1396.69
[1443053944.180368] [node018:3252 :0]         mxm.c:185  MXM  WARN  The 'ulimit -s' on the system is set to 'unlimited'. This may have negative performance implications. Please set the heap size to the default value (10240) 
[1443053944.193445] [node023:15904:0]         sys.c:719  MXM  WARN  Conflicting CPU frequencies detected, using: 1396.88
[1443053944.199570] [node023:15904:0]         mxm.c:185  MXM  WARN  The 'ulimit -s' on the system is set to 'unlimited'. This may have negative performance implications. Please set the heap size to the default value (10240) 
[1443053944.200106] [node030:25262:0]         sys.c:719  MXM  WARN  Conflicting CPU frequencies detected, using: 1384.59
[1443053944.206343] [node030:25262:0]         mxm.c:185  MXM  WARN  The 'ulimit -s' on the system is set to 'unlimited'. This may have negative performance implications. Please set the heap size to the default value (10240) 
[1443053944.172085] [node010:27923:0]         sys.c:719  MXM  WARN  Conflicting CPU frequencies detected, using: 1494.84
[1443053944.176360] [node010:27923:0]         mxm.c:185  MXM  WARN  The 'ulimit -s' on the system is set to 'unlimited'. This may have negative performance implications. Please set the heap size to the default value (10240) 
[1443053944.219709] [node021:23439:0]         sys.c:719  MXM  WARN  Conflicting CPU frequencies detected, using: 1351.22
[1443053944.224017] [node021:23439:0]         mxm.c:185  MXM  WARN  The 'ulimit -s' on the system is set to 'unlimited'. This may have negative performance implications. Please set the heap size to the default value (10240) 
[1443053944.228887] [node068:18064:0]         sys.c:719  MXM  WARN  Conflicting CPU frequencies detected, using: 1399.12
[1443053944.235175] [node068:18064:0]         mxm.c:185  MXM  WARN  The 'ulimit -s' on the system is set to 'unlimited'. This may have negative performance implications. Please set the heap size to the default value (10240) 
[1443053944.233350] [node049:24942:0]         sys.c:719  MXM  WARN  Conflicting CPU frequencies detected, using: 1395.00
[1443053944.237506] [node049:24942:0]         mxm.c:185  MXM  WARN  The 'ulimit -s' on the system is set to 'unlimited'. This may have negative performance implications. Please set the heap size to the default value (10240) 
[1443053944.207284] [node060:14853:0]         sys.c:719  MXM  WARN  Conflicting CPU frequencies detected, using: 2261.81
[1443053944.211537] [node060:14853:0]         mxm.c:185  MXM  WARN  The 'ulimit -s' on the system is set to 'unlimited'. This may have negative performance implications. Please set the heap size to the default value (10240) 
[1443053944.241806] [node035:11416:0]         sys.c:719  MXM  WARN  Conflicting CPU frequencies detected, using: 1298.81
[1443053944.245986] [node035:11416:0]         mxm.c:185  MXM  WARN  The 'ulimit -s' on the system is set to 'unlimited'. This may have negative performance implications. Please set the heap size to the default value (10240) 
[1443053944.242580] [node066:19165:0]         sys.c:719  MXM  WARN  Conflicting CPU frequencies detected, using: 1511.62
[1443053944.249081] [node066:19165:0]         mxm.c:185  MXM  WARN  The 'ulimit -s' on the system is set to 'unlimited'. This may have negative performance implications. Please set the heap size to the default value (10240) 
[1443053944.248275] [node012:15073:0]         sys.c:719  MXM  WARN  Conflicting CPU frequencies detected, using: 1396.31
[1443053944.254989] [node012:15073:0]         mxm.c:185  MXM  WARN  The 'ulimit -s' on the system is set to 'unlimited'. This may have negative performance implications. Please set the heap size to the default value (10240) 
[1443053944.253415] [node002:19043:0]         sys.c:719  MXM  WARN  Conflicting CPU frequencies detected, using: 1299.94
[1443053944.257716] [node002:19043:0]         mxm.c:185  MXM  WARN  The 'ulimit -s' on the system is set to 'unlimited'. This may have negative performance implications. Please set the heap size to the default value (10240) 
[1443053944.209858] [node003:8610 :0]         sys.c:719  MXM  WARN  Conflicting CPU frequencies detected, using: 1488.19
[1443053944.214108] [node003:8610 :0]         mxm.c:185  MXM  WARN  The 'ulimit -s' on the system is set to 'unlimited'. This may have negative performance implications. Please set the heap size to the default value (10240) 
[1443053944.253559] [node046:31856:0]         sys.c:719  MXM  WARN  Conflicting CPU frequencies detected, using: 1400.06
[1443053944.257832] [node046:31856:0]         mxm.c:185  MXM  WARN  The 'ulimit -s' on the system is set to 'unlimited'. This may have negative performance implications. Please set the heap size to the default value (10240) 
[1443053944.214240] [node037:11738:0]         sys.c:719  MXM  WARN  Conflicting CPU frequencies detected, using: 1652.06
[1443053944.218570] [node037:11738:0]         mxm.c:185  MXM  WARN  The 'ulimit -s' on the system is set to 'unlimited'. This may have negative performance implications. Please set the heap size to the default value (10240) 
[1443053944.220765] [node029:7433 :0]         sys.c:719  MXM  WARN  Conflicting CPU frequencies detected, using: 1596.09
[1443053944.226596] [node029:7433 :0]         mxm.c:185  MXM  WARN  The 'ulimit -s' on the system is set to 'unlimited'. This may have negative performance implications. Please set the heap size to the default value (10240) 
[1443053944.269759] [node047:24530:0]         sys.c:719  MXM  WARN  Conflicting CPU frequencies detected, using: 1454.34
[1443053944.275214] [node047:24530:0]         mxm.c:185  MXM  WARN  The 'ulimit -s' on the system is set to 'unlimited'. This may have negative performance implications. Please set the heap size to the default value (10240) 
[1443053944.270629] [node056:17170:0]         sys.c:719  MXM  WARN  Conflicting CPU frequencies detected, using: 1404.56
[1443053944.276922] [node056:17170:0]         mxm.c:185  MXM  WARN  The 'ulimit -s' on the system is set to 'unlimited'. This may have negative performance implications. Please set the heap size to the default value (10240) 
[1443053944.228784] [node005:4784 :0]         sys.c:719  MXM  WARN  Conflicting CPU frequencies detected, using: 1404.19
[1443053944.233065] [node005:4784 :0]         mxm.c:185  MXM  WARN  The 'ulimit -s' on the system is set to 'unlimited'. This may have negative performance implications. Please set the heap size to the default value (10240) 
[1443053944.273640] [node034:8190 :0]         sys.c:719  MXM  WARN  Conflicting CPU frequencies detected, using: 1299.94
[1443053944.279695] [node034:8190 :0]         mxm.c:185  MXM  WARN  The 'ulimit -s' on the system is set to 'unlimited'. This may have negative performance implications. Please set the heap size to the default value (10240) 
[1443053944.275913] [node053:6666 :0]         sys.c:719  MXM  WARN  Conflicting CPU frequencies detected, using: 1413.47
[1443053944.280310] [node053:6666 :0]         mxm.c:185  MXM  WARN  The 'ulimit -s' on the system is set to 'unlimited'. This may have negative performance implications. Please set the heap size to the default value (10240) 
[1443053944.237160] [node061:6813 :0]         sys.c:719  MXM  WARN  Conflicting CPU frequencies detected, using: 1594.12
[1443053944.242423] [node061:6813 :0]         mxm.c:185  MXM  WARN  The 'ulimit -s' on the system is set to 'unlimited'. This may have negative performance implications. Please set the heap size to the default value (10240) 
[1443053944.237991] [node024:28500:0]         sys.c:719  MXM  WARN  Conflicting CPU frequencies detected, using: 1393.12
[1443053944.242029] [node024:28500:0]         mxm.c:185  MXM  WARN  The 'ulimit -s' on the system is set to 'unlimited'. This may have negative performance implications. Please set the heap size to the default value (10240) 
[1443053944.239280] [node065:10294:0]         sys.c:719  MXM  WARN  Conflicting CPU frequencies detected, using: 1396.50
[1443053944.243706] [node065:10294:0]         mxm.c:185  MXM  WARN  The 'ulimit -s' on the system is set to 'unlimited'. This may have negative performance implications. Please set the heap size to the default value (10240) 
[1443053944.253063] [node028:27453:0]         sys.c:719  MXM  WARN  Conflicting CPU frequencies detected, using: 1586.06
[1443053944.257410] [node028:27453:0]         mxm.c:185  MXM  WARN  The 'ulimit -s' on the system is set to 'unlimited'. This may have negative performance implications. Please set the heap size to the default value (10240) 
[1443053944.247549] [node025:22265:0]         sys.c:719  MXM  WARN  Conflicting CPU frequencies detected, using: 1395.94
[1443053944.251796] [node025:22265:0]         mxm.c:185  MXM  WARN  The 'ulimit -s' on the system is set to 'unlimited'. This may have negative performance implications. Please set the heap size to the default value (10240) 
[1443053944.296229] [node039:10939:0]         sys.c:719  MXM  WARN  Conflicting CPU frequencies detected, using: 1392.66
[1443053944.302634] [node039:10939:0]         mxm.c:185  MXM  WARN  The 'ulimit -s' on the system is set to 'unlimited'. This may have negative performance implications. Please set the heap size to the default value (10240) 
[1443053944.303974] [node042:8277 :0]         sys.c:719  MXM  WARN  Conflicting CPU frequencies detected, using: 1399.88
[1443053944.310263] [node042:8277 :0]         mxm.c:185  MXM  WARN  The 'ulimit -s' on the system is set to 'unlimited'. This may have negative performance implications. Please set the heap size to the default value (10240) 
[1443053944.267076] [node004:3150 :0]         sys.c:719  MXM  WARN  Conflicting CPU frequencies detected, using: 1685.34
[1443053944.272979] [node004:3150 :0]         mxm.c:185  MXM  WARN  The 'ulimit -s' on the system is set to 'unlimited'. This may have negative performance implications. Please set the heap size to the default value (10240) 
[1443053944.309233] [node067:16679:0]         sys.c:719  MXM  WARN  Conflicting CPU frequencies detected, using: 1529.81
[1443053944.315320] [node067:16679:0]         mxm.c:185  MXM  WARN  The 'ulimit -s' on the system is set to 'unlimited'. This may have negative performance implications. Please set the heap size to the default value (10240) 
[1443053944.311492] [node064:24860:0]         sys.c:719  MXM  WARN  Conflicting CPU frequencies detected, using: 1409.62
[1443053944.317905] [node064:24860:0]         mxm.c:185  MXM  WARN  The 'ulimit -s' on the system is set to 'unlimited'. This may have negative performance implications. Please set the heap size to the default value (10240) 
[1443053944.309876] [node038:9510 :0]         sys.c:719  MXM  WARN  Conflicting CPU frequencies detected, using: 1399.31
[1443053944.316562] [node038:9510 :0]         mxm.c:185  MXM  WARN  The 'ulimit -s' on the system is set to 'unlimited'. This may have negative performance implications. Please set the heap size to the default value (10240) 
[1443053944.309423] [node054:655  :0]         sys.c:719  MXM  WARN  Conflicting CPU frequencies detected, using: 1299.38
[1443053944.315971] [node054:655  :0]         mxm.c:185  MXM  WARN  The 'ulimit -s' on the system is set to 'unlimited'. This may have negative performance implications. Please set the heap size to the default value (10240) 
[1443053944.268585] [node048:22141:0]         sys.c:719  MXM  WARN  Conflicting CPU frequencies detected, using: 1395.94
[1443053944.272768] [node048:22141:0]         mxm.c:185  MXM  WARN  The 'ulimit -s' on the system is set to 'unlimited'. This may have negative performance implications. Please set the heap size to the default value (10240) 
[1443053944.278920] [node063:6746 :0]         sys.c:719  MXM  WARN  Conflicting CPU frequencies detected, using: 1482.66
[1443053944.283319] [node063:6746 :0]         mxm.c:185  MXM  WARN  The 'ulimit -s' on the system is set to 'unlimited'. This may have negative performance implications. Please set the heap size to the default value (10240) 
[1443053944.321764] [node027:31437:0]         sys.c:719  MXM  WARN  Conflicting CPU frequencies detected, using: 1299.94
[1443053944.326002] [node027:31437:0]         mxm.c:185  MXM  WARN  The 'ulimit -s' on the system is set to 'unlimited'. This may have negative performance implications. Please set the heap size to the default value (10240) 
[1443053944.320899] [node045:7655 :0]         sys.c:719  MXM  WARN  Conflicting CPU frequencies detected, using: 1396.69
[1443053944.327376] [node045:7655 :0]         mxm.c:185  MXM  WARN  The 'ulimit -s' on the system is set to 'unlimited'. This may have negative performance implications. Please set the heap size to the default value (10240) 
[1443053944.279411] [node043:7666 :0]         sys.c:719  MXM  WARN  Conflicting CPU frequencies detected, using: 1908.94
[1443053944.285715] [node043:7666 :0]         mxm.c:185  MXM  WARN  The 'ulimit -s' on the system is set to 'unlimited'. This may have negative performance implications. Please set the heap size to the default value (10240) 
[1443053944.322687] [node031:11539:0]         sys.c:719  MXM  WARN  Conflicting CPU frequencies detected, using: 1296.47
[1443053944.329020] [node031:11539:0]         mxm.c:185  MXM  WARN  The 'ulimit -s' on the system is set to 'unlimited'. This may have negative performance implications. Please set the heap size to the default value (10240) 
[1443053944.330526] [node017:9193 :0]         sys.c:719  MXM  WARN  Conflicting CPU frequencies detected, using: 1396.22
[1443053944.336672] [node017:9193 :0]         mxm.c:185  MXM  WARN  The 'ulimit -s' on the system is set to 'unlimited'. This may have negative performance implications. Please set the heap size to the default value (10240) 
[1443053944.308278] [node057:16756:0]         sys.c:719  MXM  WARN  Conflicting CPU frequencies detected, using: 1398.84
[1443053944.312407] [node057:16756:0]         mxm.c:185  MXM  WARN  The 'ulimit -s' on the system is set to 'unlimited'. This may have negative performance implications. Please set the heap size to the default value (10240) 
[1443053944.313960] [node058:14440:0]         sys.c:719  MXM  WARN  Conflicting CPU frequencies detected, using: 2255.62
[1443053944.318207] [node058:14440:0]         mxm.c:185  MXM  WARN  The 'ulimit -s' on the system is set to 'unlimited'. This may have negative performance implications. Please set the heap size to the default value (10240) 
[1443053944.304487] [node036:11437:0]         sys.c:719  MXM  WARN  Conflicting CPU frequencies detected, using: 1589.72
[1443053944.308503] [node036:11437:0]         mxm.c:185  MXM  WARN  The 'ulimit -s' on the system is set to 'unlimited'. This may have negative performance implications. Please set the heap size to the default value (10240) 
[1443053944.303522] [node041:10171:0]         sys.c:719  MXM  WARN  Conflicting CPU frequencies detected, using: 1859.34
[1443053944.309888] [node041:10171:0]         mxm.c:185  MXM  WARN  The 'ulimit -s' on the system is set to 'unlimited'. This may have negative performance implications. Please set the heap size to the default value (10240) 
[1443053944.301537] [node044:10422:0]         sys.c:719  MXM  WARN  Conflicting CPU frequencies detected, using: 1751.81
[1443053944.307668] [node044:10422:0]         mxm.c:185  MXM  WARN  The 'ulimit -s' on the system is set to 'unlimited'. This may have negative performance implications. Please set the heap size to the default value (10240) 
[1443053944.312273] [node062:30811:0]         sys.c:719  MXM  WARN  Conflicting CPU frequencies detected, using: 1978.97
[1443053944.318835] [node062:30811:0]         mxm.c:185  MXM  WARN  The 'ulimit -s' on the system is set to 'unlimited'. This may have negative performance implications. Please set the heap size to the default value (10240) 
[1443053944.359607] [node022:15911:0]         sys.c:719  MXM  WARN  Conflicting CPU frequencies detected, using: 1296.75
[1443053944.366106] [node022:15911:0]         mxm.c:185  MXM  WARN  The 'ulimit -s' on the system is set to 'unlimited'. This may have negative performance implications. Please set the heap size to the default value (10240) 
[1443053944.367519] [node007:2618 :0]         sys.c:719  MXM  WARN  Conflicting CPU frequencies detected, using: 1300.78
[1443053944.371800] [node007:2618 :0]         mxm.c:185  MXM  WARN  The 'ulimit -s' on the system is set to 'unlimited'. This may have negative performance implications. Please set the heap size to the default value (10240) 
[1443053944.319342] [node033:13303:0]         sys.c:719  MXM  WARN  Conflicting CPU frequencies detected, using: 1635.66
[1443053944.325571] [node033:13303:0]         mxm.c:185  MXM  WARN  The 'ulimit -s' on the system is set to 'unlimited'. This may have negative performance implications. Please set the heap size to the default value (10240) 
[1443053944.369133] [node055:32568:0]         sys.c:719  MXM  WARN  Conflicting CPU frequencies detected, using: 1300.03
[1443053944.375469] [node055:32568:0]         mxm.c:185  MXM  WARN  The 'ulimit -s' on the system is set to 'unlimited'. This may have negative performance implications. Please set the heap size to the default value (10240) 
[1443053944.363125] [node040:12045:0]         sys.c:719  MXM  WARN  Conflicting CPU frequencies detected, using: 1786.88
[1443053944.369491] [node040:12045:0]         mxm.c:185  MXM  WARN  The 'ulimit -s' on the system is set to 'unlimited'. This may have negative performance implications. Please set the heap size to the default value (10240) 
[1443053944.374596] [node050:21557:0]         sys.c:719  MXM  WARN  Conflicting CPU frequencies detected, using: 1666.97
[1443053944.379780] [node050:21557:0]         mxm.c:185  MXM  WARN  The 'ulimit -s' on the system is set to 'unlimited'. This may have negative performance implications. Please set the heap size to the default value (10240) 
[1443053944.371467] [node006:29422:0]         sys.c:719  MXM  WARN  Conflicting CPU frequencies detected, using: 1396.12
[1443053944.375904] [node006:29422:0]         mxm.c:185  MXM  WARN  The 'ulimit -s' on the system is set to 'unlimited'. This may have negative performance implications. Please set the heap size to the default value (10240) 
[1443053945.200995] [node020:22579:0]         sys.c:719  MXM  WARN  Conflicting CPU frequencies detected, using: 1299.94
[1443053945.207251] [node020:22579:0]         mxm.c:185  MXM  WARN  The 'ulimit -s' on the system is set to 'unlimited'. This may have negative performance implications. Please set the heap size to the default value (10240) 
[1443053945.274206] [node051:16578:0]         sys.c:719  MXM  WARN  Conflicting CPU frequencies detected, using: 1352.53
[1443053945.279668] [node051:16578:0]         mxm.c:185  MXM  WARN  The 'ulimit -s' on the system is set to 'unlimited'. This may have negative performance implications. Please set the heap size to the default value (10240) 
[1443053945.237921] [node059:12612:0]         sys.c:719  MXM  WARN  Conflicting CPU frequencies detected, using: 1405.31
[1443053945.242257] [node059:12612:0]         mxm.c:185  MXM  WARN  The 'ulimit -s' on the system is set to 'unlimited'. This may have negative performance implications. Please set the heap size to the default value (10240) 
[1443053945.291234] [node026:18272:0]         sys.c:719  MXM  WARN  Conflicting CPU frequencies detected, using: 1294.88
[1443053945.295716] [node026:18272:0]         mxm.c:185  MXM  WARN  The 'ulimit -s' on the system is set to 'unlimited'. This may have negative performance implications. Please set the heap size to the default value (10240) 
[1443053945.262143] [node052:25618:0]         sys.c:719  MXM  WARN  Conflicting CPU frequencies detected, using: 1360.97
[1443053945.267627] [node052:25618:0]         mxm.c:185  MXM  WARN  The 'ulimit -s' on the system is set to 'unlimited'. This may have negative performance implications. Please set the heap size to the default value (10240) 
UPCR: UPC thread  0 of 60 on node001 (pshm node  0 of 60, process  0 of 60, pid=710)
UPCR: UPC thread 55 of 60 on node064 (pshm node 55 of 60, process 55 of 60, pid=24860)
UPCR: UPC thread 38 of 60 on node047 (pshm node 38 of 60, process 38 of 60, pid=24530)
UPCR: UPC thread 19 of 60 on node028 (pshm node 19 of 60, process 19 of 60, pid=27453)
UPCR: UPC thread 21 of 60 on node030 (pshm node 21 of 60, process 21 of 60, pid=25262)
UPCR: UPC thread 33 of 60 on node042 (pshm node 33 of 60, process 33 of 60, pid=8277)
UPCR: UPC thread 28 of 60 on node037 (pshm node 28 of 60, process 28 of 60, pid=11738)
UPCR: UPC thread 18 of 60 on node027 (pshm node 18 of 60, process 18 of 60, pid=31437)
UPCR: UPC thread 40 of 60 on node049 (pshm node 40 of 60, process 40 of 60, pid=24942)
UPCR: UPC thread 29 of 60 on node038 (pshm node 29 of 60, process 29 of 60, pid=9510)
UPCR: UPC thread 49 of 60 on node058 (pshm node 49 of 60, process 49 of 60, pid=14440)
UPCR: UPC thread  5 of 60 on node006 (pshm node  5 of 60, process  5 of 60, pid=29422)
UPCR: UPC thread 48 of 60 on node057 (pshm node 48 of 60, process 48 of 60, pid=16756)
UPCR: UPC thread 11 of 60 on node020 (pshm node 11 of 60, process 11 of 60, pid=22579)
UPCR: UPC thread 20 of 60 on node029 (pshm node 20 of 60, process 20 of 60, pid=7433)
UPCR: UPC thread 59 of 60 on node068 (pshm node 59 of 60, process 59 of 60, pid=18064)
UPCR: UPC thread 32 of 60 on node041 (pshm node 32 of 60, process 32 of 60, pid=10171)
UPCR: UPC thread 58 of 60 on node067 (pshm node 58 of 60, process 58 of 60, pid=16679)
UPCR: UPC thread 45 of 60 on node054 (pshm node 45 of 60, process 45 of 60, pid=655)
UPCR: UPC thread 34 of 60 on node043 (pshm node 34 of 60, process 34 of 60, pid=7666)
UPCR: UPC thread 50 of 60 on node059 (pshm node 50 of 60, process 50 of 60, pid=12612)
UPCR: UPC thread 39 of 60 on node048 (pshm node 39 of 60, process 39 of 60, pid=22141)
UPCR: UPC thread  1 of 60 on node002 (pshm node  1 of 60, process  1 of 60, pid=19043)
UPCR: UPC thread 12 of 60 on node021 (pshm node 12 of 60, process 12 of 60, pid=23439)
UPCR: UPC thread 22 of 60 on node031 (pshm node 22 of 60, process 22 of 60, pid=11539)
UPCR: UPC thread 30 of 60 on node039 (pshm node 30 of 60, process 30 of 60, pid=10939)
UPCR: UPC thread 46 of 60 on node055 (pshm node 46 of 60, process 46 of 60, pid=32568)
UPCR: UPC thread 16 of 60 on node025 (pshm node 16 of 60, process 16 of 60, pid=22265)
UPCR: UPC thread  4 of 60 on node005 (pshm node  4 of 60, process  4 of 60, pid=4784)
UPCR: UPC thread 42 of 60 on node051 (pshm node 42 of 60, process 42 of 60, pid=16578)
UPCR: UPC thread 31 of 60 on node040 (pshm node 31 of 60, process 31 of 60, pid=12045)
UPCR: UPC thread 47 of 60 on node056 (pshm node 47 of 60, process 47 of 60, pid=17170)
UPCR: UPC thread 10 of 60 on node018 (pshm node 10 of 60, process 10 of 60, pid=3252)
UPCR: UPC thread 44 of 60 on node053 (pshm node 44 of 60, process 44 of 60, pid=6666)
UPCR: UPC thread  8 of 60 on node012 (pshm node  8 of 60, process  8 of 60, pid=15073)
UPCR: UPC thread 14 of 60 on node023 (pshm node 14 of 60, process 14 of 60, pid=15904)
UPCR: UPC thread 56 of 60 on node065 (pshm node 56 of 60, process 56 of 60, pid=10294)
UPCR: UPC thread 43 of 60 on node052 (pshm node 43 of 60, process 43 of 60, pid=25618)
UPCR: UPC thread  3 of 60 on node004 (pshm node  3 of 60, process  3 of 60, pid=3150)
UPCR: UPC thread  2 of 60 on node003 (pshm node  2 of 60, process  2 of 60, pid=8610)
UPCR: UPC thread 15 of 60 on node024 (pshm node 15 of 60, process 15 of 60, pid=28500)
UPCR: UPC thread 51 of 60 on node060 (pshm node 51 of 60, process 51 of 60, pid=14853)
UPCR: UPC thread 27 of 60 on node036 (pshm node 27 of 60, process 27 of 60, pid=11437)
UPCR: UPC thread  9 of 60 on node017 (pshm node  9 of 60, process  9 of 60, pid=9193)
UPCR: UPC thread  6 of 60 on node007 (pshm node  6 of 60, process  6 of 60, pid=2618)
UPCR: UPC thread 26 of 60 on node035 (pshm node 26 of 60, process 26 of 60, pid=11416)
UPCR: UPC thread 13 of 60 on node022 (pshm node 13 of 60, process 13 of 60, pid=15911)
UPCR: UPC thread 37 of 60 on node046 (pshm node 37 of 60, process 37 of 60, pid=31856)
UPCR: UPC thread 36 of 60 on node045 (pshm node 36 of 60, process 36 of 60, pid=7655)
UPCR: UPC thread 41 of 60 on node050 (pshm node 41 of 60, process 41 of 60, pid=21557)
UPCR: UPC thread 52 of 60 on node061 (pshm node 52 of 60, process 52 of 60, pid=6813)
UPCR: UPC thread  7 of 60 on node010 (pshm node  7 of 60, process  7 of 60, pid=27923)
UPCR: UPC thread 54 of 60 on node063 (pshm node 54 of 60, process 54 of 60, pid=6746)
UPCR: UPC thread 17 of 60 on node026 (pshm node 17 of 60, process 17 of 60, pid=18272)
UPCR: UPC thread 24 of 60 on node033 (pshm node 24 of 60, process 24 of 60, pid=13303)
UPCR: UPC thread 25 of 60 on node034 (pshm node 25 of 60, process 25 of 60, pid=8190)
UPCR: UPC thread 23 of 60 on node032 (pshm node 23 of 60, process 23 of 60, pid=10733)
UPCR: UPC thread 57 of 60 on node066 (pshm node 57 of 60, process 57 of 60, pid=19165)
UPCR: UPC thread 53 of 60 on node062 (pshm node 53 of 60, process 53 of 60, pid=30811)
UPCR: UPC thread 35 of 60 on node044 (pshm node 35 of 60, process 35 of 60, pid=10422)
Initializing models/anderson.6.4-rgs.bdd!
Vector size: 19
Bits per integer: 4
Number of BDD variables: 76
Loading initial states: 
Initial states loaded... 
Loading transition relations... 
19 integers per state, 4 bits per integer, 18 transition groups
BDD nodes:
Initial states: 76 BDD nodes
Transition 0: 606 BDD nodes
Transition 1: 99 BDD nodes
Transition 2: 27 BDD nodes
Transition 3: 653 BDD nodes
Transition 4: 180 BDD nodes
Transition 5: 28 BDD nodes
Transition 6: 544 BDD nodes
Transition 7: 544 BDD nodes
Transition 8: 544 BDD nodes
Transition 9: 544 BDD nodes
Transition 10: 180 BDD nodes
Transition 11: 28 BDD nodes
Transition 12: 133 BDD nodes
Transition 13: 133 BDD nodes
Transition 14: 133 BDD nodes
Transition 15: 28 BDD nodes
Transition 16: 28 BDD nodes
Transition 17: 28 BDD nodes
Level 1... done. 
Level 2... done. 
Level 3... done. 
Level 4... done. 
Level 5... done. 
Level 6... done. 
Level 7... done. 
Level 8... done. 
Level 9... done. 
Level 10... done. 
Level 11... done. 
Level 12... done. 
Level 13... done. 
Level 14... done. 
Level 15... done. 
Level 16... done. 
Level 17... done. 
Level 18... done. 
Level 19... done. 
Level 20... done. 
Level 21... done. 
Level 22... done. 
Level 23... done. 
Level 24... done. 
Level 25... done. 
Level 26... done. 
Level 27... done. 
Level 28... done. 
Level 29... done. 
Level 30... done. 
Level 31... done. 
Level 32... done. 
Level 33... done. 
Level 34... done. 
Level 35... done. 
Level 36... done. 
Level 37... done. 
Level 38... done. 
Level 39... done. 
Level 40... done. 
Level 41... done. 
Level 42... done. 
Level 43... done. 
Level 44... done. 
Level 45... done. 
Level 46... done. 
Level 47... done. 
Level 48... done. 
Level 49... done. 
Level 50... done. 
Level 51... done. 
Level 52... done. 
Level 53... done. 
Level 54... done. 
Level 55... done. 
Level 56... done. 
Level 57... done. 
Level 58... done. 
Level 59... done. 
Level 60... done. 
Level 61... done. 
Level 62... done. 
Level 63... done. 
Level 64... done. 
Level 65... done. 
Level 66... done. 
Level 67... done. 
Level 68... done. 
Level 69... done. 
Level 70... done. 
Level 71... done. 
Level 72... done. 
Level 73... done. 
Level 74... done. 
Level 75... done. 
Level 76... done. 
Level 77... done. 
Level 78... done. 
Level 79... done. 
Level 80... done. 
Level 81... done. 
Level 82... done. 
Level 83... done. 
Level 84... done. 
Level 85... done. 
Level 86... done. 
Level 87... done. 
Level 88... done. 
Level 89... done. 
Level 90... done. 
Level 91... done. 
Level 92... done. 
Level 93... done. 
Level 94... done. 
Level 95... done. 
Level 96... done. 
Level 97... done. 
Level 98... done. 
Level 99... done. 
Level 100... done. 
Level 101... done. 
Level 102... done. 
Level 103... done. 
Level 104... done. 
Level 105... done. 
Level 106... done. 
Level 107... done. 
Level 108... done. 
Level 109... done. 
Level 110... done. 
Level 111... done. 
Level 112... done. 
Level 113... done. 
Level 114... done. 
Level 115... done. 
Level 116... done. 
Level 117... done. 
Level 118... done. 
Level 119... done. 
Level 120... done. 
Level 121... done. 
Level 122... done. 
Level 123... done. 
Level 124... done. 
Level 125... done. 
Level 126... done. 
Level 127... done. 
Level 128... done. 
Level 129... done. 
Level 130... done. 
Level 131... done. 
Level 132... done. 
Level 133... done. 
Level 134... done. 
Level 135... done. 
Level 136... done. 
Level 137... done. 
Level 138... done. 
Level 139... done. 
Level 140... done. 
Level 141... done. 
Level 142... done. 
Level 143... done. 
Level 144... done. 
Level 145... done. 
Level 146... done. 
Level 147... done. 
Level 148... done. 
Level 149... done. 
Level 150... done. 
Level 151... done. 
Level 152... done. 
Level 153... done. 
Level 154... done. 
Level 155... done. 
Level 156... done. 
Level 157... done. 
Level 158... done. 
Level 159... done. 
Level 160... done. 
Level 161... done. 
Level 162... done. 
Level 163... done. 
Level 164... done. 
Level 165... done. 
Level 166... done. 
Level 167... done. 
Level 168... done. 
Level 169... done. 
Level 170... done. 
Level 171... done. 
Level 172... done. 
Level 173... done. 
Level 174... done. 
Level 175... done. 
Level 176... done. 
Level 177... done. 
Level 178... done. 
Level 179... done. 
Level 180... done. 
Level 181... done. 
PAR Time: 14.437852
Final states: 18206917 states
Final states: 76234 BDD nodes
[1443053943.800509] [node001:665  :0]         sys.c:719  MXM  WARN  Conflicting CPU frequencies detected, using: 1897.97
