[1443041733.767462] [node001:17977:0]         sys.c:719  MXM  WARN  Conflicting CPU frequencies detected, using: 1484.81
[1443041733.801852] [node001:17977:0]         mxm.c:185  MXM  WARN  The 'ulimit -s' on the system is set to 'unlimited'. This may have negative performance implications. Please set the heap size to the default value (10240) 
[1443041733.767889] [node001:17978:0]         sys.c:719  MXM  WARN  Conflicting CPU frequencies detected, using: 1484.81
[1443041733.801309] [node001:17978:0]         mxm.c:185  MXM  WARN  The 'ulimit -s' on the system is set to 'unlimited'. This may have negative performance implications. Please set the heap size to the default value (10240) 
[1443041733.767806] [node001:17979:0]         sys.c:719  MXM  WARN  Conflicting CPU frequencies detected, using: 1484.81
[1443041733.801857] [node001:17979:0]         mxm.c:185  MXM  WARN  The 'ulimit -s' on the system is set to 'unlimited'. This may have negative performance implications. Please set the heap size to the default value (10240) 
[1443041733.767363] [node001:17976:0]         sys.c:719  MXM  WARN  Conflicting CPU frequencies detected, using: 1484.81
[1443041733.795738] [node001:17976:0]         mxm.c:185  MXM  WARN  The 'ulimit -s' on the system is set to 'unlimited'. This may have negative performance implications. Please set the heap size to the default value (10240) 
[1443041734.087433] [node002:1628 :0]         sys.c:719  MXM  WARN  Conflicting CPU frequencies detected, using: 1486.03
[1443041734.091592] [node002:1628 :0]         mxm.c:185  MXM  WARN  The 'ulimit -s' on the system is set to 'unlimited'. This may have negative performance implications. Please set the heap size to the default value (10240) 
[1443041734.164046] [node002:1651 :0]         sys.c:719  MXM  WARN  Conflicting CPU frequencies detected, using: 1584.00
[1443041734.168265] [node002:1651 :0]         mxm.c:185  MXM  WARN  The 'ulimit -s' on the system is set to 'unlimited'. This may have negative performance implications. Please set the heap size to the default value (10240) 
[1443041734.163876] [node003:23625:0]         sys.c:719  MXM  WARN  Conflicting CPU frequencies detected, using: 1505.34
[1443041734.168053] [node003:23625:0]         mxm.c:185  MXM  WARN  The 'ulimit -s' on the system is set to 'unlimited'. This may have negative performance implications. Please set the heap size to the default value (10240) 
[1443041734.320259] [node002:1676 :0]         sys.c:719  MXM  WARN  Conflicting CPU frequencies detected, using: 1485.75
[1443041734.324590] [node002:1676 :0]         mxm.c:185  MXM  WARN  The 'ulimit -s' on the system is set to 'unlimited'. This may have negative performance implications. Please set the heap size to the default value (10240) 
[1443041734.337284] [node004:18220:0]         sys.c:719  MXM  WARN  Conflicting CPU frequencies detected, using: 1689.66
[1443041734.341429] [node004:18220:0]         mxm.c:185  MXM  WARN  The 'ulimit -s' on the system is set to 'unlimited'. This may have negative performance implications. Please set the heap size to the default value (10240) 
[1443041734.342846] [node005:19761:0]         sys.c:719  MXM  WARN  Conflicting CPU frequencies detected, using: 1399.22
[1443041734.347316] [node005:19761:0]         mxm.c:185  MXM  WARN  The 'ulimit -s' on the system is set to 'unlimited'. This may have negative performance implications. Please set the heap size to the default value (10240) 
[1443041734.379239] [node002:1697 :0]         sys.c:719  MXM  WARN  Conflicting CPU frequencies detected, using: 1790.72
[1443041734.382910] [node002:1697 :0]         mxm.c:185  MXM  WARN  The 'ulimit -s' on the system is set to 'unlimited'. This may have negative performance implications. Please set the heap size to the default value (10240) 
[1443041734.450255] [node007:17689:0]         sys.c:719  MXM  WARN  Conflicting CPU frequencies detected, using: 1675.78
[1443041734.454509] [node007:17689:0]         mxm.c:185  MXM  WARN  The 'ulimit -s' on the system is set to 'unlimited'. This may have negative performance implications. Please set the heap size to the default value (10240) 
[1443041734.492111] [node003:23649:0]         sys.c:719  MXM  WARN  Conflicting CPU frequencies detected, using: 1540.22
[1443041734.496236] [node003:23649:0]         mxm.c:185  MXM  WARN  The 'ulimit -s' on the system is set to 'unlimited'. This may have negative performance implications. Please set the heap size to the default value (10240) 
[1443041734.528889] [node023:28428:0]         sys.c:719  MXM  WARN  Conflicting CPU frequencies detected, using: 1697.53
[1443041734.536647] [node023:28428:0]         mxm.c:185  MXM  WARN  The 'ulimit -s' on the system is set to 'unlimited'. This may have negative performance implications. Please set the heap size to the default value (10240) 
[1443041734.530030] [node023:28429:0]         sys.c:719  MXM  WARN  Conflicting CPU frequencies detected, using: 1697.53
[1443041734.537453] [node023:28429:0]         mxm.c:185  MXM  WARN  The 'ulimit -s' on the system is set to 'unlimited'. This may have negative performance implications. Please set the heap size to the default value (10240) 
[1443041734.534293] [node065:14673:0]         sys.c:719  MXM  WARN  Conflicting CPU frequencies detected, using: 1901.91
[1443041734.538627] [node065:14673:0]         mxm.c:185  MXM  WARN  The 'ulimit -s' on the system is set to 'unlimited'. This may have negative performance implications. Please set the heap size to the default value (10240) 
[1443041734.537540] [node029:27274:0]         sys.c:719  MXM  WARN  Conflicting CPU frequencies detected, using: 1770.84
[1443041734.541790] [node029:27274:0]         mxm.c:185  MXM  WARN  The 'ulimit -s' on the system is set to 'unlimited'. This may have negative performance implications. Please set the heap size to the default value (10240) 
[1443041734.531055] [node021:3671 :0]         sys.c:719  MXM  WARN  Conflicting CPU frequencies detected, using: 1387.50
[1443041734.535278] [node021:3671 :0]         mxm.c:185  MXM  WARN  The 'ulimit -s' on the system is set to 'unlimited'. This may have negative performance implications. Please set the heap size to the default value (10240) 
[1443041734.550693] [node007:17713:0]         sys.c:719  MXM  WARN  Conflicting CPU frequencies detected, using: 1877.25
[1443041734.554610] [node007:17713:0]         mxm.c:185  MXM  WARN  The 'ulimit -s' on the system is set to 'unlimited'. This may have negative performance implications. Please set the heap size to the default value (10240) 
[1443041734.589813] [node022:28414:0]         sys.c:719  MXM  WARN  Conflicting CPU frequencies detected, using: 1461.28
[1443041734.595925] [node022:28414:0]         mxm.c:185  MXM  WARN  The 'ulimit -s' on the system is set to 'unlimited'. This may have negative performance implications. Please set the heap size to the default value (10240) 
[1443041734.577903] [node029:27291:0]         sys.c:719  MXM  WARN  Conflicting CPU frequencies detected, using: 1897.41
[1443041734.581540] [node029:27291:0]         mxm.c:185  MXM  WARN  The 'ulimit -s' on the system is set to 'unlimited'. This may have negative performance implications. Please set the heap size to the default value (10240) 
[1443041734.581876] [node003:23672:0]         sys.c:719  MXM  WARN  Conflicting CPU frequencies detected, using: 1517.91
[1443041734.585701] [node003:23672:0]         mxm.c:185  MXM  WARN  The 'ulimit -s' on the system is set to 'unlimited'. This may have negative performance implications. Please set the heap size to the default value (10240) 
[1443041734.587826] [node021:3692 :0]         sys.c:719  MXM  WARN  Conflicting CPU frequencies detected, using: 1572.38
[1443041734.592321] [node021:3692 :0]         mxm.c:185  MXM  WARN  The 'ulimit -s' on the system is set to 'unlimited'. This may have negative performance implications. Please set the heap size to the default value (10240) 
[1443041734.587024] [node023:28464:0]         sys.c:719  MXM  WARN  Conflicting CPU frequencies detected, using: 1697.53
[1443041734.593472] [node023:28464:0]         mxm.c:185  MXM  WARN  The 'ulimit -s' on the system is set to 'unlimited'. This may have negative performance implications. Please set the heap size to the default value (10240) 
[1443041734.603894] [node068:22280:0]         sys.c:719  MXM  WARN  Conflicting CPU frequencies detected, using: 3130.22
[1443041734.609723] [node068:22280:0]         mxm.c:185  MXM  WARN  The 'ulimit -s' on the system is set to 'unlimited'. This may have negative performance implications. Please set the heap size to the default value (10240) 
[1443041734.584220] [node005:19785:0]         sys.c:719  MXM  WARN  Conflicting CPU frequencies detected, using: 1394.91
[1443041734.588548] [node005:19785:0]         mxm.c:185  MXM  WARN  The 'ulimit -s' on the system is set to 'unlimited'. This may have negative performance implications. Please set the heap size to the default value (10240) 
[1443041734.599713] [node065:14694:0]         sys.c:719  MXM  WARN  Conflicting CPU frequencies detected, using: 1699.03
[1443041734.603834] [node065:14694:0]         mxm.c:185  MXM  WARN  The 'ulimit -s' on the system is set to 'unlimited'. This may have negative performance implications. Please set the heap size to the default value (10240) 
[1443041734.594267] [node003:23683:0]         sys.c:719  MXM  WARN  Conflicting CPU frequencies detected, using: 1508.81
[1443041734.597961] [node003:23683:0]         mxm.c:185  MXM  WARN  The 'ulimit -s' on the system is set to 'unlimited'. This may have negative performance implications. Please set the heap size to the default value (10240) 
[1443041734.626268] [node066:23373:0]         sys.c:719  MXM  WARN  Conflicting CPU frequencies detected, using: 1596.19
[1443041734.634349] [node066:23373:0]         mxm.c:185  MXM  WARN  The 'ulimit -s' on the system is set to 'unlimited'. This may have negative performance implications. Please set the heap size to the default value (10240) 
[1443041734.626481] [node066:23374:0]         sys.c:719  MXM  WARN  Conflicting CPU frequencies detected, using: 1596.19
[1443041734.635088] [node066:23374:0]         mxm.c:185  MXM  WARN  The 'ulimit -s' on the system is set to 'unlimited'. This may have negative performance implications. Please set the heap size to the default value (10240) 
[1443041734.585068] [node017:22225:0]         sys.c:719  MXM  WARN  Conflicting CPU frequencies detected, using: 1593.84
[1443041734.591310] [node017:22225:0]         mxm.c:185  MXM  WARN  The 'ulimit -s' on the system is set to 'unlimited'. This may have negative performance implications. Please set the heap size to the default value (10240) 
[1443041734.610624] [node065:14704:0]         sys.c:719  MXM  WARN  Conflicting CPU frequencies detected, using: 1758.19
[1443041734.614146] [node065:14704:0]         mxm.c:185  MXM  WARN  The 'ulimit -s' on the system is set to 'unlimited'. This may have negative performance implications. Please set the heap size to the default value (10240) 
[1443041734.591947] [node017:22231:0]         sys.c:719  MXM  WARN  Conflicting CPU frequencies detected, using: 1603.41
[1443041734.598884] [node017:22231:0]         mxm.c:185  MXM  WARN  The 'ulimit -s' on the system is set to 'unlimited'. This may have negative performance implications. Please set the heap size to the default value (10240) 
[1443041734.589464] [node017:22233:0]         sys.c:719  MXM  WARN  Conflicting CPU frequencies detected, using: 1593.84
[1443041734.596458] [node017:22233:0]         mxm.c:185  MXM  WARN  The 'ulimit -s' on the system is set to 'unlimited'. This may have negative performance implications. Please set the heap size to the default value (10240) 
[1443041734.623343] [node006:12184:0]         sys.c:719  MXM  WARN  Conflicting CPU frequencies detected, using: 1688.44
[1443041734.627157] [node006:12184:0]         mxm.c:185  MXM  WARN  The 'ulimit -s' on the system is set to 'unlimited'. This may have negative performance implications. Please set the heap size to the default value (10240) 
[1443041734.615025] [node005:19802:0]         sys.c:719  MXM  WARN  Conflicting CPU frequencies detected, using: 1504.41
[1443041734.619026] [node005:19802:0]         mxm.c:185  MXM  WARN  The 'ulimit -s' on the system is set to 'unlimited'. This may have negative performance implications. Please set the heap size to the default value (10240) 
[1443041734.619950] [node006:12176:0]         sys.c:719  MXM  WARN  Conflicting CPU frequencies detected, using: 1688.44
[1443041734.624263] [node006:12176:0]         mxm.c:185  MXM  WARN  The 'ulimit -s' on the system is set to 'unlimited'. This may have negative performance implications. Please set the heap size to the default value (10240) 
[1443041734.617706] [node048:32253:0]         sys.c:719  MXM  WARN  Conflicting CPU frequencies detected, using: 1697.34
[1443041734.622046] [node048:32253:0]         mxm.c:185  MXM  WARN  The 'ulimit -s' on the system is set to 'unlimited'. This may have negative performance implications. Please set the heap size to the default value (10240) 
[1443041734.620559] [node050:31686:0]         sys.c:719  MXM  WARN  Conflicting CPU frequencies detected, using: 1500.00
[1443041734.624937] [node050:31686:0]         mxm.c:185  MXM  WARN  The 'ulimit -s' on the system is set to 'unlimited'. This may have negative performance implications. Please set the heap size to the default value (10240) 
[1443041734.613138] [node067:20895:0]         sys.c:719  MXM  WARN  Conflicting CPU frequencies detected, using: 1689.19
[1443041734.619652] [node067:20895:0]         mxm.c:185  MXM  WARN  The 'ulimit -s' on the system is set to 'unlimited'. This may have negative performance implications. Please set the heap size to the default value (10240) 
[1443041734.619448] [node067:20907:0]         sys.c:719  MXM  WARN  Conflicting CPU frequencies detected, using: 1713.66
[1443041734.625924] [node067:20907:0]         mxm.c:185  MXM  WARN  The 'ulimit -s' on the system is set to 'unlimited'. This may have negative performance implications. Please set the heap size to the default value (10240) 
[1443041734.610432] [node067:20894:0]         sys.c:719  MXM  WARN  Conflicting CPU frequencies detected, using: 1689.19
[1443041734.617803] [node067:20894:0]         mxm.c:185  MXM  WARN  The 'ulimit -s' on the system is set to 'unlimited'. This may have negative performance implications. Please set the heap size to the default value (10240) 
[1443041734.639813] [node029:27321:0]         sys.c:719  MXM  WARN  Conflicting CPU frequencies detected, using: 2095.31
[1443041734.642960] [node029:27321:0]         mxm.c:185  MXM  WARN  The 'ulimit -s' on the system is set to 'unlimited'. This may have negative performance implications. Please set the heap size to the default value (10240) 
[1443041734.626303] [node018:20662:0]         sys.c:719  MXM  WARN  Conflicting CPU frequencies detected, using: 1588.78
[1443041734.632831] [node018:20662:0]         mxm.c:185  MXM  WARN  The 'ulimit -s' on the system is set to 'unlimited'. This may have negative performance implications. Please set the heap size to the default value (10240) 
[1443041734.654316] [node021:3716 :0]         sys.c:719  MXM  WARN  Conflicting CPU frequencies detected, using: 2253.00
[1443041734.657865] [node021:3716 :0]         mxm.c:185  MXM  WARN  The 'ulimit -s' on the system is set to 'unlimited'. This may have negative performance implications. Please set the heap size to the default value (10240) 
[1443041734.657510] [node048:32271:0]         sys.c:719  MXM  WARN  Conflicting CPU frequencies detected, using: 1800.00
[1443041734.660826] [node048:32271:0]         mxm.c:185  MXM  WARN  The 'ulimit -s' on the system is set to 'unlimited'. This may have negative performance implications. Please set the heap size to the default value (10240) 
[1443041734.661072] [node025:7382 :0]         sys.c:719  MXM  WARN  Conflicting CPU frequencies detected, using: 2003.06
[1443041734.664391] [node025:7382 :0]         mxm.c:185  MXM  WARN  The 'ulimit -s' on the system is set to 'unlimited'. This may have negative performance implications. Please set the heap size to the default value (10240) 
[1443041734.652902] [node048:32272:0]         sys.c:719  MXM  WARN  Conflicting CPU frequencies detected, using: 1800.00
[1443041734.656632] [node048:32272:0]         mxm.c:185  MXM  WARN  The 'ulimit -s' on the system is set to 'unlimited'. This may have negative performance implications. Please set the heap size to the default value (10240) 
[1443041734.657066] [node025:7381 :0]         sys.c:719  MXM  WARN  Conflicting CPU frequencies detected, using: 1999.03
[1443041734.661039] [node025:7381 :0]         mxm.c:185  MXM  WARN  The 'ulimit -s' on the system is set to 'unlimited'. This may have negative performance implications. Please set the heap size to the default value (10240) 
[1443041734.670897] [node029:27339:0]         sys.c:719  MXM  WARN  Conflicting CPU frequencies detected, using: 2400.00
[1443041734.674772] [node029:27339:0]         mxm.c:185  MXM  WARN  The 'ulimit -s' on the system is set to 'unlimited'. This may have negative performance implications. Please set the heap size to the default value (10240) 
[1443041734.676816] [node021:3736 :0]         sys.c:719  MXM  WARN  Conflicting CPU frequencies detected, using: 2329.31
[1443041734.681178] [node021:3736 :0]         mxm.c:185  MXM  WARN  The 'ulimit -s' on the system is set to 'unlimited'. This may have negative performance implications. Please set the heap size to the default value (10240) 
[1443041734.661749] [node024:11184:0]         sys.c:719  MXM  WARN  Conflicting CPU frequencies detected, using: 1800.00
[1443041734.665731] [node024:11184:0]         mxm.c:185  MXM  WARN  The 'ulimit -s' on the system is set to 'unlimited'. This may have negative performance implications. Please set the heap size to the default value (10240) 
[1443041734.680097] [node025:7419 :0]         sys.c:719  MXM  WARN  Conflicting CPU frequencies detected, using: 2087.53
[1443041734.683568] [node025:7419 :0]         mxm.c:185  MXM  WARN  The 'ulimit -s' on the system is set to 'unlimited'. This may have negative performance implications. Please set the heap size to the default value (10240) 
[1443041734.674106] [node004:18250:0]         sys.c:719  MXM  WARN  Conflicting CPU frequencies detected, using: 2007.19
[1443041734.677626] [node004:18250:0]         mxm.c:185  MXM  WARN  The 'ulimit -s' on the system is set to 'unlimited'. This may have negative performance implications. Please set the heap size to the default value (10240) 
[1443041734.669726] [node065:14741:0]         sys.c:719  MXM  WARN  Conflicting CPU frequencies detected, using: 1800.00
[1443041734.673642] [node065:14741:0]         mxm.c:185  MXM  WARN  The 'ulimit -s' on the system is set to 'unlimited'. This may have negative performance implications. Please set the heap size to the default value (10240) 
[1443041734.672322] [node025:7406 :0]         sys.c:719  MXM  WARN  Conflicting CPU frequencies detected, using: 2087.53
[1443041734.676088] [node025:7406 :0]         mxm.c:185  MXM  WARN  The 'ulimit -s' on the system is set to 'unlimited'. This may have negative performance implications. Please set the heap size to the default value (10240) 
[1443041734.671457] [node005:19830:0]         sys.c:719  MXM  WARN  Conflicting CPU frequencies detected, using: 1800.47
[1443041734.675315] [node005:19830:0]         mxm.c:185  MXM  WARN  The 'ulimit -s' on the system is set to 'unlimited'. This may have negative performance implications. Please set the heap size to the default value (10240) 
[1443041734.665766] [node049:2716 :0]         sys.c:719  MXM  WARN  Conflicting CPU frequencies detected, using: 1591.31
[1443041734.669244] [node049:2716 :0]         mxm.c:185  MXM  WARN  The 'ulimit -s' on the system is set to 'unlimited'. This may have negative performance implications. Please set the heap size to the default value (10240) 
[1443041734.675875] [node024:11194:0]         sys.c:719  MXM  WARN  Conflicting CPU frequencies detected, using: 1800.00
[1443041734.679526] [node024:11194:0]         mxm.c:185  MXM  WARN  The 'ulimit -s' on the system is set to 'unlimited'. This may have negative performance implications. Please set the heap size to the default value (10240) 
[1443041734.684002] [node051:26762:0]         sys.c:719  MXM  WARN  Conflicting CPU frequencies detected, using: 1863.94
[1443041734.686830] [node051:26762:0]         mxm.c:185  MXM  WARN  The 'ulimit -s' on the system is set to 'unlimited'. This may have negative performance implications. Please set the heap size to the default value (10240) 
[1443041734.673280] [node004:18244:0]         sys.c:719  MXM  WARN  Conflicting CPU frequencies detected, using: 2007.19
[1443041734.677099] [node004:18244:0]         mxm.c:185  MXM  WARN  The 'ulimit -s' on the system is set to 'unlimited'. This may have negative performance implications. Please set the heap size to the default value (10240) 
[1443041734.661194] [node049:2712 :0]         sys.c:719  MXM  WARN  Conflicting CPU frequencies detected, using: 1591.31
[1443041734.665333] [node049:2712 :0]         mxm.c:185  MXM  WARN  The 'ulimit -s' on the system is set to 'unlimited'. This may have negative performance implications. Please set the heap size to the default value (10240) 
[1443041734.682987] [node051:26751:0]         sys.c:719  MXM  WARN  Conflicting CPU frequencies detected, using: 1863.94
[1443041734.686692] [node051:26751:0]         mxm.c:185  MXM  WARN  The 'ulimit -s' on the system is set to 'unlimited'. This may have negative performance implications. Please set the heap size to the default value (10240) 
[1443041734.680776] [node047:2287 :0]         sys.c:719  MXM  WARN  Conflicting CPU frequencies detected, using: 1893.19
[1443041734.684477] [node047:2287 :0]         mxm.c:185  MXM  WARN  The 'ulimit -s' on the system is set to 'unlimited'. This may have negative performance implications. Please set the heap size to the default value (10240) 
[1443041734.692345] [node047:2320 :0]         sys.c:719  MXM  WARN  Conflicting CPU frequencies detected, using: 1893.19
[1443041734.695522] [node047:2320 :0]         mxm.c:185  MXM  WARN  The 'ulimit -s' on the system is set to 'unlimited'. This may have negative performance implications. Please set the heap size to the default value (10240) 
[1443041734.674197] [node067:20954:0]         sys.c:719  MXM  WARN  Conflicting CPU frequencies detected, using: 1629.94
[1443041734.679931] [node067:20954:0]         mxm.c:185  MXM  WARN  The 'ulimit -s' on the system is set to 'unlimited'. This may have negative performance implications. Please set the heap size to the default value (10240) 
[1443041734.673843] [node049:2734 :0]         sys.c:719  MXM  WARN  Conflicting CPU frequencies detected, using: 1591.31
[1443041734.677773] [node049:2734 :0]         mxm.c:185  MXM  WARN  The 'ulimit -s' on the system is set to 'unlimited'. This may have negative performance implications. Please set the heap size to the default value (10240) 
[1443041734.679745] [node047:2288 :0]         sys.c:719  MXM  WARN  Conflicting CPU frequencies detected, using: 1893.19
[1443041734.683631] [node047:2288 :0]         mxm.c:185  MXM  WARN  The 'ulimit -s' on the system is set to 'unlimited'. This may have negative performance implications. Please set the heap size to the default value (10240) 
[1443041734.678288] [node051:26750:0]         sys.c:719  MXM  WARN  Conflicting CPU frequencies detected, using: 1854.75
[1443041734.682147] [node051:26750:0]         mxm.c:185  MXM  WARN  The 'ulimit -s' on the system is set to 'unlimited'. This may have negative performance implications. Please set the heap size to the default value (10240) 
[1443041734.691622] [node004:18269:0]         sys.c:719  MXM  WARN  Conflicting CPU frequencies detected, using: 2007.19
[1443041734.695566] [node004:18269:0]         mxm.c:185  MXM  WARN  The 'ulimit -s' on the system is set to 'unlimited'. This may have negative performance implications. Please set the heap size to the default value (10240) 
[1443041734.672972] [node017:22294:0]         sys.c:719  MXM  WARN  Conflicting CPU frequencies detected, using: 1767.38
[1443041734.679418] [node017:22294:0]         mxm.c:185  MXM  WARN  The 'ulimit -s' on the system is set to 'unlimited'. This may have negative performance implications. Please set the heap size to the default value (10240) 
[1443041734.682569] [node046:9638 :0]         sys.c:719  MXM  WARN  Conflicting CPU frequencies detected, using: 1695.94
[1443041734.686650] [node046:9638 :0]         mxm.c:185  MXM  WARN  The 'ulimit -s' on the system is set to 'unlimited'. This may have negative performance implications. Please set the heap size to the default value (10240) 
[1443041734.687524] [node047:2308 :0]         sys.c:719  MXM  WARN  Conflicting CPU frequencies detected, using: 1893.19
[1443041734.691987] [node047:2308 :0]         mxm.c:185  MXM  WARN  The 'ulimit -s' on the system is set to 'unlimited'. This may have negative performance implications. Please set the heap size to the default value (10240) 
[1443041734.678676] [node022:28438:0]         sys.c:719  MXM  WARN  Conflicting CPU frequencies detected, using: 1698.09
[1443041734.684146] [node022:28438:0]         mxm.c:185  MXM  WARN  The 'ulimit -s' on the system is set to 'unlimited'. This may have negative performance implications. Please set the heap size to the default value (10240) 
[1443041734.682434] [node022:28439:0]         sys.c:719  MXM  WARN  Conflicting CPU frequencies detected, using: 1739.62
[1443041734.687729] [node022:28439:0]         mxm.c:185  MXM  WARN  The 'ulimit -s' on the system is set to 'unlimited'. This may have negative performance implications. Please set the heap size to the default value (10240) 
[1443041734.689191] [node051:26783:0]         sys.c:719  MXM  WARN  Conflicting CPU frequencies detected, using: 1986.84
[1443041734.693142] [node051:26783:0]         mxm.c:185  MXM  WARN  The 'ulimit -s' on the system is set to 'unlimited'. This may have negative performance implications. Please set the heap size to the default value (10240) 
[1443041734.694478] [node050:31710:0]         sys.c:719  MXM  WARN  Conflicting CPU frequencies detected, using: 1934.16
[1443041734.699013] [node050:31710:0]         mxm.c:185  MXM  WARN  The 'ulimit -s' on the system is set to 'unlimited'. This may have negative performance implications. Please set the heap size to the default value (10240) 
[1443041734.694339] [node024:11218:0]         sys.c:719  MXM  WARN  Conflicting CPU frequencies detected, using: 1800.00
[1443041734.698123] [node024:11218:0]         mxm.c:185  MXM  WARN  The 'ulimit -s' on the system is set to 'unlimited'. This may have negative performance implications. Please set the heap size to the default value (10240) 
[1443041734.697699] [node050:31709:0]         sys.c:719  MXM  WARN  Conflicting CPU frequencies detected, using: 1934.16
[1443041734.701932] [node050:31709:0]         mxm.c:185  MXM  WARN  The 'ulimit -s' on the system is set to 'unlimited'. This may have negative performance implications. Please set the heap size to the default value (10240) 
[1443041734.685165] [node023:28499:0]         sys.c:719  MXM  WARN  Conflicting CPU frequencies detected, using: 1897.31
[1443041734.691257] [node023:28499:0]         mxm.c:185  MXM  WARN  The 'ulimit -s' on the system is set to 'unlimited'. This may have negative performance implications. Please set the heap size to the default value (10240) 
[1443041734.685013] [node068:22303:0]         sys.c:719  MXM  WARN  Conflicting CPU frequencies detected, using: 1769.34
[1443041734.690426] [node068:22303:0]         mxm.c:185  MXM  WARN  The 'ulimit -s' on the system is set to 'unlimited'. This may have negative performance implications. Please set the heap size to the default value (10240) 
[1443041734.711642] [node052:3449 :0]         sys.c:719  MXM  WARN  Conflicting CPU frequencies detected, using: 2385.19
[1443041734.714965] [node052:3449 :0]         mxm.c:185  MXM  WARN  The 'ulimit -s' on the system is set to 'unlimited'. This may have negative performance implications. Please set the heap size to the default value (10240) 
[1443041734.702531] [node050:31711:0]         sys.c:719  MXM  WARN  Conflicting CPU frequencies detected, using: 1934.16
[1443041734.706144] [node050:31711:0]         mxm.c:185  MXM  WARN  The 'ulimit -s' on the system is set to 'unlimited'. This may have negative performance implications. Please set the heap size to the default value (10240) 
[1443041734.686076] [node007:17738:0]         sys.c:719  MXM  WARN  Conflicting CPU frequencies detected, using: 1578.19
[1443041734.690716] [node007:17738:0]         mxm.c:185  MXM  WARN  The 'ulimit -s' on the system is set to 'unlimited'. This may have negative performance implications. Please set the heap size to the default value (10240) 
[1443041734.710471] [node052:3448 :0]         sys.c:719  MXM  WARN  Conflicting CPU frequencies detected, using: 2385.19
[1443041734.713203] [node052:3448 :0]         mxm.c:185  MXM  WARN  The 'ulimit -s' on the system is set to 'unlimited'. This may have negative performance implications. Please set the heap size to the default value (10240) 
[1443041734.697544] [node018:20681:0]         sys.c:719  MXM  WARN  Conflicting CPU frequencies detected, using: 2177.81
[1443041734.704446] [node018:20681:0]         mxm.c:185  MXM  WARN  The 'ulimit -s' on the system is set to 'unlimited'. This may have negative performance implications. Please set the heap size to the default value (10240) 
[1443041734.688112] [node066:23414:0]         sys.c:719  MXM  WARN  Conflicting CPU frequencies detected, using: 1650.56
[1443041734.694089] [node066:23414:0]         mxm.c:185  MXM  WARN  The 'ulimit -s' on the system is set to 'unlimited'. This may have negative performance implications. Please set the heap size to the default value (10240) 
[1443041734.692871] [node068:22314:0]         sys.c:719  MXM  WARN  Conflicting CPU frequencies detected, using: 1772.62
[1443041734.700289] [node068:22314:0]         mxm.c:185  MXM  WARN  The 'ulimit -s' on the system is set to 'unlimited'. This may have negative performance implications. Please set the heap size to the default value (10240) 
[1443041734.700712] [node028:14932:0]         sys.c:719  MXM  WARN  Conflicting CPU frequencies detected, using: 1939.59
[1443041734.704592] [node028:14932:0]         mxm.c:185  MXM  WARN  The 'ulimit -s' on the system is set to 'unlimited'. This may have negative performance implications. Please set the heap size to the default value (10240) 
[1443041734.703942] [node052:3436 :0]         sys.c:719  MXM  WARN  Conflicting CPU frequencies detected, using: 2385.19
[1443041734.708045] [node052:3436 :0]         mxm.c:185  MXM  WARN  The 'ulimit -s' on the system is set to 'unlimited'. This may have negative performance implications. Please set the heap size to the default value (10240) 
[1443041734.704320] [node052:3437 :0]         sys.c:719  MXM  WARN  Conflicting CPU frequencies detected, using: 2385.19
[1443041734.708259] [node052:3437 :0]         mxm.c:185  MXM  WARN  The 'ulimit -s' on the system is set to 'unlimited'. This may have negative performance implications. Please set the heap size to the default value (10240) 
[1443041734.701398] [node006:12223:0]         sys.c:719  MXM  WARN  Conflicting CPU frequencies detected, using: 1650.00
[1443041734.705164] [node006:12223:0]         mxm.c:185  MXM  WARN  The 'ulimit -s' on the system is set to 'unlimited'. This may have negative performance implications. Please set the heap size to the default value (10240) 
[1443041734.718011] [node028:14940:0]         sys.c:719  MXM  WARN  Conflicting CPU frequencies detected, using: 2381.81
[1443041734.721981] [node028:14940:0]         mxm.c:185  MXM  WARN  The 'ulimit -s' on the system is set to 'unlimited'. This may have negative performance implications. Please set the heap size to the default value (10240) 
[1443041734.711504] [node024:11230:0]         sys.c:719  MXM  WARN  Conflicting CPU frequencies detected, using: 1800.00
[1443041734.715337] [node024:11230:0]         mxm.c:185  MXM  WARN  The 'ulimit -s' on the system is set to 'unlimited'. This may have negative performance implications. Please set the heap size to the default value (10240) 
[1443041734.718136] [node028:14933:0]         sys.c:719  MXM  WARN  Conflicting CPU frequencies detected, using: 2381.81
[1443041734.722070] [node028:14933:0]         mxm.c:185  MXM  WARN  The 'ulimit -s' on the system is set to 'unlimited'. This may have negative performance implications. Please set the heap size to the default value (10240) 
[1443041734.703723] [node022:28472:0]         sys.c:719  MXM  WARN  Conflicting CPU frequencies detected, using: 1795.50
[1443041734.709948] [node022:28472:0]         mxm.c:185  MXM  WARN  The 'ulimit -s' on the system is set to 'unlimited'. This may have negative performance implications. Please set the heap size to the default value (10240) 
[1443041734.717449] [node028:14941:0]         sys.c:719  MXM  WARN  Conflicting CPU frequencies detected, using: 2381.81
[1443041734.721372] [node028:14941:0]         mxm.c:185  MXM  WARN  The 'ulimit -s' on the system is set to 'unlimited'. This may have negative performance implications. Please set the heap size to the default value (10240) 
[1443041734.700512] [node018:20683:0]         sys.c:719  MXM  WARN  Conflicting CPU frequencies detected, using: 2177.81
[1443041734.708488] [node018:20683:0]         mxm.c:185  MXM  WARN  The 'ulimit -s' on the system is set to 'unlimited'. This may have negative performance implications. Please set the heap size to the default value (10240) 
[1443041734.700857] [node066:23431:0]         sys.c:719  MXM  WARN  Conflicting CPU frequencies detected, using: 1650.56
[1443041734.707179] [node066:23431:0]         mxm.c:185  MXM  WARN  The 'ulimit -s' on the system is set to 'unlimited'. This may have negative performance implications. Please set the heap size to the default value (10240) 
[1443041734.703029] [node018:20682:0]         sys.c:719  MXM  WARN  Conflicting CPU frequencies detected, using: 2177.81
[1443041734.710697] [node018:20682:0]         mxm.c:185  MXM  WARN  The 'ulimit -s' on the system is set to 'unlimited'. This may have negative performance implications. Please set the heap size to the default value (10240) 
[1443041734.701720] [node007:17752:0]         sys.c:719  MXM  WARN  Conflicting CPU frequencies detected, using: 1483.59
[1443041734.705817] [node007:17752:0]         mxm.c:185  MXM  WARN  The 'ulimit -s' on the system is set to 'unlimited'. This may have negative performance implications. Please set the heap size to the default value (10240) 
[1443041734.720291] [node046:9663 :0]         sys.c:719  MXM  WARN  Conflicting CPU frequencies detected, using: 1899.94
[1443041734.723876] [node046:9663 :0]         mxm.c:185  MXM  WARN  The 'ulimit -s' on the system is set to 'unlimited'. This may have negative performance implications. Please set the heap size to the default value (10240) 
[1443041734.721934] [node046:9660 :0]         sys.c:719  MXM  WARN  Conflicting CPU frequencies detected, using: 1899.94
[1443041734.725032] [node046:9660 :0]         mxm.c:185  MXM  WARN  The 'ulimit -s' on the system is set to 'unlimited'. This may have negative performance implications. Please set the heap size to the default value (10240) 
[1443041734.724099] [node048:32323:0]         sys.c:719  MXM  WARN  Conflicting CPU frequencies detected, using: 1996.97
[1443041734.727909] [node048:32323:0]         mxm.c:185  MXM  WARN  The 'ulimit -s' on the system is set to 'unlimited'. This may have negative performance implications. Please set the heap size to the default value (10240) 
[1443041734.720762] [node046:9652 :0]         sys.c:719  MXM  WARN  Conflicting CPU frequencies detected, using: 1899.94
[1443041734.724668] [node046:9652 :0]         mxm.c:185  MXM  WARN  The 'ulimit -s' on the system is set to 'unlimited'. This may have negative performance implications. Please set the heap size to the default value (10240) 
[1443041734.705054] [node020:31313:0]         sys.c:719  MXM  WARN  Conflicting CPU frequencies detected, using: 1997.34
[1443041734.711864] [node020:31313:0]         mxm.c:185  MXM  WARN  The 'ulimit -s' on the system is set to 'unlimited'. This may have negative performance implications. Please set the heap size to the default value (10240) 
[1443041734.724819] [node006:12239:0]         sys.c:719  MXM  WARN  Conflicting CPU frequencies detected, using: 1650.00
[1443041734.728069] [node006:12239:0]         mxm.c:185  MXM  WARN  The 'ulimit -s' on the system is set to 'unlimited'. This may have negative performance implications. Please set the heap size to the default value (10240) 
[1443041734.724994] [node068:22338:0]         sys.c:719  MXM  WARN  Conflicting CPU frequencies detected, using: 1990.97
[1443041734.731523] [node068:22338:0]         mxm.c:185  MXM  WARN  The 'ulimit -s' on the system is set to 'unlimited'. This may have negative performance implications. Please set the heap size to the default value (10240) 
[1443041734.706216] [node020:31312:0]         sys.c:719  MXM  WARN  Conflicting CPU frequencies detected, using: 1997.34
[1443041734.714915] [node020:31312:0]         mxm.c:185  MXM  WARN  The 'ulimit -s' on the system is set to 'unlimited'. This may have negative performance implications. Please set the heap size to the default value (10240) 
[1443041734.713473] [node020:31346:0]         sys.c:719  MXM  WARN  Conflicting CPU frequencies detected, using: 1997.34
[1443041734.721658] [node020:31346:0]         mxm.c:185  MXM  WARN  The 'ulimit -s' on the system is set to 'unlimited'. This may have negative performance implications. Please set the heap size to the default value (10240) 
[1443041734.710393] [node020:31314:0]         sys.c:719  MXM  WARN  Conflicting CPU frequencies detected, using: 1997.34
[1443041734.719027] [node020:31314:0]         mxm.c:185  MXM  WARN  The 'ulimit -s' on the system is set to 'unlimited'. This may have negative performance implications. Please set the heap size to the default value (10240) 
[1443041734.726565] [node049:2772 :0]         sys.c:719  MXM  WARN  Conflicting CPU frequencies detected, using: 1696.88
[1443041734.730738] [node049:2772 :0]         mxm.c:185  MXM  WARN  The 'ulimit -s' on the system is set to 'unlimited'. This may have negative performance implications. Please set the heap size to the default value (10240) 
UPCR: UPC thread   3 of 112 on node001 (pshm node  0 of 28, process   3 of 112, pid=17979)
UPCR: UPC thread   2 of 112 on node001 (pshm node  0 of 28, process   2 of 112, pid=17978)
UPCR: UPC thread   1 of 112 on node001 (pshm node  0 of 28, process   1 of 112, pid=17977)
UPCR: UPC thread   0 of 112 on node001 (pshm node  0 of 28, process   0 of 112, pid=17976)
UPCR: UPC thread  32 of 112 on node018 (pshm node  8 of 28, process  32 of 112, pid=20681)
UPCR: UPC thread  33 of 112 on node018 (pshm node  8 of 28, process  33 of 112, pid=20662)
UPCR: UPC thread  95 of 112 on node052 (pshm node 23 of 28, process  95 of 112, pid=3436)
UPCR: UPC thread  31 of 112 on node017 (pshm node  7 of 28, process  31 of 112, pid=22231)
UPCR: UPC thread 111 of 112 on node068 (pshm node 27 of 28, process 111 of 112, pid=22314)
UPCR: UPC thread  49 of 112 on node023 (pshm node 12 of 28, process  49 of 112, pid=28429)
UPCR: UPC thread  92 of 112 on node052 (pshm node 23 of 28, process  92 of 112, pid=3448)
UPCR: UPC thread  16 of 112 on node005 (pshm node  4 of 28, process  16 of 112, pid=19761)
UPCR: UPC thread  59 of 112 on node025 (pshm node 14 of 28, process  59 of 112, pid=7381)
UPCR: UPC thread  65 of 112 on node029 (pshm node 16 of 28, process  65 of 112, pid=27321)
UPCR: UPC thread  51 of 112 on node023 (pshm node 12 of 28, process  51 of 112, pid=28428)
UPCR: UPC thread  28 of 112 on node017 (pshm node  7 of 28, process  28 of 112, pid=22233)
UPCR: UPC thread  66 of 112 on node029 (pshm node 16 of 28, process  66 of 112, pid=27291)
UPCR: UPC thread  74 of 112 on node047 (pshm node 18 of 28, process  74 of 112, pid=2320)
UPCR: UPC thread  58 of 112 on node025 (pshm node 14 of 28, process  58 of 112, pid=7406)
UPCR: UPC thread 105 of 112 on node067 (pshm node 26 of 28, process 105 of 112, pid=20907)
UPCR: UPC thread  29 of 112 on node017 (pshm node  7 of 28, process  29 of 112, pid=22294)
UPCR: UPC thread   8 of 112 on node003 (pshm node  2 of 28, process   8 of 112, pid=23625)
UPCR: UPC thread  12 of 112 on node004 (pshm node  3 of 28, process  12 of 112, pid=18269)
UPCR: UPC thread  39 of 112 on node020 (pshm node  9 of 28, process  39 of 112, pid=31312)
UPCR: UPC thread   9 of 112 on node003 (pshm node  2 of 28, process   9 of 112, pid=23672)
UPCR: UPC thread  18 of 112 on node005 (pshm node  4 of 28, process  18 of 112, pid=19830)
UPCR: UPC thread  75 of 112 on node047 (pshm node 18 of 28, process  75 of 112, pid=2308)
UPCR: UPC thread  69 of 112 on node046 (pshm node 17 of 28, process  69 of 112, pid=9663)
UPCR: UPC thread  56 of 112 on node025 (pshm node 14 of 28, process  56 of 112, pid=7419)
UPCR: UPC thread  22 of 112 on node006 (pshm node  5 of 28, process  22 of 112, pid=12184)
UPCR: UPC thread  72 of 112 on node047 (pshm node 18 of 28, process  72 of 112, pid=2287)
UPCR: UPC thread   4 of 112 on node002 (pshm node  1 of 28, process   4 of 112, pid=1628)
UPCR: UPC thread  20 of 112 on node006 (pshm node  5 of 28, process  20 of 112, pid=12176)
UPCR: UPC thread  23 of 112 on node006 (pshm node  5 of 28, process  23 of 112, pid=12223)
UPCR: UPC thread  38 of 112 on node020 (pshm node  9 of 28, process  38 of 112, pid=31346)
UPCR: UPC thread  37 of 112 on node020 (pshm node  9 of 28, process  37 of 112, pid=31314)
UPCR: UPC thread  62 of 112 on node028 (pshm node 15 of 28, process  62 of 112, pid=14932)
UPCR: UPC thread  14 of 112 on node004 (pshm node  3 of 28, process  14 of 112, pid=18250)
UPCR: UPC thread  64 of 112 on node029 (pshm node 16 of 28, process  64 of 112, pid=27339)
UPCR: UPC thread  43 of 112 on node021 (pshm node 10 of 28, process  43 of 112, pid=3716)
UPCR: UPC thread  70 of 112 on node046 (pshm node 17 of 28, process  70 of 112, pid=9638)
UPCR: UPC thread  13 of 112 on node004 (pshm node  3 of 28, process  13 of 112, pid=18244)
UPCR: UPC thread  46 of 112 on node022 (pshm node 11 of 28, process  46 of 112, pid=28414)
UPCR: UPC thread  35 of 112 on node018 (pshm node  8 of 28, process  35 of 112, pid=20683)
UPCR: UPC thread  90 of 112 on node051 (pshm node 22 of 28, process  90 of 112, pid=26783)
UPCR: UPC thread 106 of 112 on node067 (pshm node 26 of 28, process 106 of 112, pid=20954)
UPCR: UPC thread  48 of 112 on node023 (pshm node 12 of 28, process  48 of 112, pid=28464)
UPCR: UPC thread  79 of 112 on node048 (pshm node 19 of 28, process  79 of 112, pid=32272)
UPCR: UPC thread 109 of 112 on node068 (pshm node 27 of 28, process 109 of 112, pid=22280)
UPCR: UPC thread  78 of 112 on node048 (pshm node 19 of 28, process  78 of 112, pid=32253)
UPCR: UPC thread 110 of 112 on node068 (pshm node 27 of 28, process 110 of 112, pid=22338)
UPCR: UPC thread  97 of 112 on node065 (pshm node 24 of 28, process  97 of 112, pid=14704)
UPCR: UPC thread  60 of 112 on node028 (pshm node 15 of 28, process  60 of 112, pid=14933)
UPCR: UPC thread  83 of 112 on node049 (pshm node 20 of 28, process  83 of 112, pid=2716)
UPCR: UPC thread   6 of 112 on node002 (pshm node  1 of 28, process   6 of 112, pid=1676)
UPCR: UPC thread  44 of 112 on node022 (pshm node 11 of 28, process  44 of 112, pid=28439)
UPCR: UPC thread  27 of 112 on node007 (pshm node  6 of 28, process  27 of 112, pid=17752)
UPCR: UPC thread 102 of 112 on node066 (pshm node 25 of 28, process 102 of 112, pid=23374)
UPCR: UPC thread  87 of 112 on node050 (pshm node 21 of 28, process  87 of 112, pid=31686)
UPCR: UPC thread  10 of 112 on node003 (pshm node  2 of 28, process  10 of 112, pid=23649)
UPCR: UPC thread  98 of 112 on node065 (pshm node 24 of 28, process  98 of 112, pid=14673)
UPCR: UPC thread  61 of 112 on node028 (pshm node 15 of 28, process  61 of 112, pid=14941)
UPCR: UPC thread  25 of 112 on node007 (pshm node  6 of 28, process  25 of 112, pid=17689)
UPCR: UPC thread 104 of 112 on node067 (pshm node 26 of 28, process 104 of 112, pid=20894)
UPCR: UPC thread  85 of 112 on node050 (pshm node 21 of 28, process  85 of 112, pid=31711)
UPCR: UPC thread  17 of 112 on node005 (pshm node  4 of 28, process  17 of 112, pid=19785)
UPCR: UPC thread 108 of 112 on node068 (pshm node 27 of 28, process 108 of 112, pid=22303)
UPCR: UPC thread  81 of 112 on node049 (pshm node 20 of 28, process  81 of 112, pid=2734)
UPCR: UPC thread  26 of 112 on node007 (pshm node  6 of 28, process  26 of 112, pid=17738)
UPCR: UPC thread  93 of 112 on node052 (pshm node 23 of 28, process  93 of 112, pid=3437)
UPCR: UPC thread  53 of 112 on node024 (pshm node 13 of 28, process  53 of 112, pid=11218)
UPCR: UPC thread  42 of 112 on node021 (pshm node 10 of 28, process  42 of 112, pid=3671)
UPCR: UPC thread 100 of 112 on node066 (pshm node 25 of 28, process 100 of 112, pid=23414)
UPCR: UPC thread  91 of 112 on node051 (pshm node 22 of 28, process  91 of 112, pid=26762)
UPCR: UPC thread  94 of 112 on node052 (pshm node 23 of 28, process  94 of 112, pid=3449)
UPCR: UPC thread  50 of 112 on node023 (pshm node 12 of 28, process  50 of 112, pid=28499)
UPCR: UPC thread  86 of 112 on node050 (pshm node 21 of 28, process  86 of 112, pid=31709)
UPCR: UPC thread  88 of 112 on node051 (pshm node 22 of 28, process  88 of 112, pid=26751)
UPCR: UPC thread  24 of 112 on node007 (pshm node  6 of 28, process  24 of 112, pid=17713)
UPCR: UPC thread  54 of 112 on node024 (pshm node 13 of 28, process  54 of 112, pid=11194)
UPCR: UPC thread 107 of 112 on node067 (pshm node 26 of 28, process 107 of 112, pid=20895)
UPCR: UPC thread  15 of 112 on node004 (pshm node  3 of 28, process  15 of 112, pid=18220)
UPCR: UPC thread   7 of 112 on node002 (pshm node  1 of 28, process   7 of 112, pid=1651)
UPCR: UPC thread  47 of 112 on node022 (pshm node 11 of 28, process  47 of 112, pid=28472)
UPCR: UPC thread   5 of 112 on node002 (pshm node  1 of 28, process   5 of 112, pid=1697)
UPCR: UPC thread  68 of 112 on node046 (pshm node 17 of 28, process  68 of 112, pid=9652)
UPCR: UPC thread  41 of 112 on node021 (pshm node 10 of 28, process  41 of 112, pid=3736)
UPCR: UPC thread  55 of 112 on node024 (pshm node 13 of 28, process  55 of 112, pid=11230)
UPCR: UPC thread  99 of 112 on node065 (pshm node 24 of 28, process  99 of 112, pid=14741)
UPCR: UPC thread  63 of 112 on node028 (pshm node 15 of 28, process  63 of 112, pid=14940)
UPCR: UPC thread  82 of 112 on node049 (pshm node 20 of 28, process  82 of 112, pid=2772)
UPCR: UPC thread  67 of 112 on node029 (pshm node 16 of 28, process  67 of 112, pid=27274)
UPCR: UPC thread  77 of 112 on node048 (pshm node 19 of 28, process  77 of 112, pid=32271)
UPCR: UPC thread 103 of 112 on node066 (pshm node 25 of 28, process 103 of 112, pid=23373)
UPCR: UPC thread  96 of 112 on node065 (pshm node 24 of 28, process  96 of 112, pid=14694)
UPCR: UPC thread  76 of 112 on node048 (pshm node 19 of 28, process  76 of 112, pid=32323)
UPCR: UPC thread  11 of 112 on node003 (pshm node  2 of 28, process  11 of 112, pid=23683)
UPCR: UPC thread  73 of 112 on node047 (pshm node 18 of 28, process  73 of 112, pid=2288)
UPCR: UPC thread  21 of 112 on node006 (pshm node  5 of 28, process  21 of 112, pid=12239)
UPCR: UPC thread  84 of 112 on node050 (pshm node 21 of 28, process  84 of 112, pid=31710)
UPCR: UPC thread  19 of 112 on node005 (pshm node  4 of 28, process  19 of 112, pid=19802)
UPCR: UPC thread  30 of 112 on node017 (pshm node  7 of 28, process  30 of 112, pid=22225)
UPCR: UPC thread 101 of 112 on node066 (pshm node 25 of 28, process 101 of 112, pid=23431)
UPCR: UPC thread  40 of 112 on node021 (pshm node 10 of 28, process  40 of 112, pid=3692)
UPCR: UPC thread  80 of 112 on node049 (pshm node 20 of 28, process  80 of 112, pid=2712)
UPCR: UPC thread  57 of 112 on node025 (pshm node 14 of 28, process  57 of 112, pid=7382)
UPCR: UPC thread  89 of 112 on node051 (pshm node 22 of 28, process  89 of 112, pid=26750)
UPCR: UPC thread  34 of 112 on node018 (pshm node  8 of 28, process  34 of 112, pid=20682)
UPCR: UPC thread  36 of 112 on node020 (pshm node  9 of 28, process  36 of 112, pid=31313)
UPCR: UPC thread  52 of 112 on node024 (pshm node 13 of 28, process  52 of 112, pid=11184)
UPCR: UPC thread  45 of 112 on node022 (pshm node 11 of 28, process  45 of 112, pid=28438)
UPCR: UPC thread  71 of 112 on node046 (pshm node 17 of 28, process  71 of 112, pid=9660)
Initializing models/anderson.6.4-rgs.bdd!
Vector size: 19
Bits per integer: 4
Number of BDD variables: 76
Loading initial states: 
Initial states loaded... 
Loading transition relations... 
19 integers per state, 4 bits per integer, 18 transition groups
BDD nodes:
Initial states: 76 BDD nodes
Transition 0: 606 BDD nodes
Transition 1: 99 BDD nodes
Transition 2: 27 BDD nodes
Transition 3: 653 BDD nodes
Transition 4: 180 BDD nodes
Transition 5: 28 BDD nodes
Transition 6: 544 BDD nodes
Transition 7: 544 BDD nodes
Transition 8: 544 BDD nodes
Transition 9: 544 BDD nodes
Transition 10: 180 BDD nodes
Transition 11: 28 BDD nodes
Transition 12: 133 BDD nodes
Transition 13: 133 BDD nodes
Transition 14: 133 BDD nodes
Transition 15: 28 BDD nodes
Transition 16: 28 BDD nodes
Transition 17: 28 BDD nodes
Level 1... done. 
Level 2... done. 
Level 3... done. 
Level 4... done. 
Level 5... done. 
Level 6... done. 
Level 7... done. 
Level 8... done. 
Level 9... done. 
Level 10... done. 
Level 11... done. 
Level 12... done. 
Level 13... done. 
Level 14... done. 
Level 15... done. 
Level 16... done. 
Level 17... done. 
Level 18... done. 
Level 19... done. 
Level 20... done. 
Level 21... done. 
Level 22... done. 
Level 23... done. 
Level 24... done. 
Level 25... done. 
Level 26... done. 
Level 27... done. 
Level 28... done. 
Level 29... done. 
Level 30... done. 
Level 31... done. 
Level 32... done. 
Level 33... done. 
Level 34... done. 
Level 35... done. 
Level 36... done. 
Level 37... done. 
Level 38... done. 
Level 39... done. 
Level 40... done. 
Level 41... done. 
Level 42... done. 
Level 43... done. 
Level 44... done. 
Level 45... done. 
Level 46... done. 
Level 47... done. 
Level 48... done. 
Level 49... done. 
Level 50... done. 
Level 51... done. 
Level 52... done. 
Level 53... done. 
Level 54... done. 
Level 55... done. 
Level 56... done. 
Level 57... done. 
Level 58... done. 
Level 59... done. 
Level 60... done. 
Level 61... done. 
Level 62... done. 
Level 63... done. 
Level 64... done. 
Level 65... done. 
Level 66... done. 
Level 67... done. 
Level 68... done. 
Level 69... done. 
Level 70... done. 
Level 71... done. 
Level 72... done. 
Level 73... done. 
Level 74... done. 
Level 75... done. 
Level 76... done. 
Level 77... done. 
Level 78... done. 
Level 79... done. 
Level 80... done. 
Level 81... done. 
Level 82... done. 
Level 83... done. 
Level 84... done. 
Level 85... done. 
Level 86... done. 
Level 87... done. 
Level 88... done. 
Level 89... done. 
Level 90... done. 
Level 91... done. 
Level 92... done. 
Level 93... done. 
Level 94... done. 
Level 95... done. 
Level 96... done. 
Level 97... done. 
Level 98... done. 
Level 99... done. 
Level 100... done. 
Level 101... done. 
Level 102... done. 
Level 103... done. 
Level 104... done. 
Level 105... done. 
Level 106... done. 
Level 107... done. 
Level 108... done. 
Level 109... done. 
Level 110... done. 
Level 111... done. 
Level 112... done. 
Level 113... done. 
Level 114... done. 
Level 115... done. 
Level 116... done. 
Level 117... done. 
Level 118... done. 
Level 119... done. 
Level 120... done. 
Level 121... done. 
Level 122... done. 
Level 123... done. 
Level 124... done. 
Level 125... done. 
Level 126... done. 
Level 127... done. 
Level 128... done. 
Level 129... done. 
Level 130... done. 
Level 131... done. 
Level 132... done. 
Level 133... done. 
Level 134... done. 
Level 135... done. 
Level 136... done. 
Level 137... done. 
Level 138... done. 
Level 139... done. 
Level 140... done. 
Level 141... done. 
Level 142... done. 
Level 143... done. 
Level 144... done. 
Level 145... done. 
Level 146... done. 
Level 147... done. 
Level 148... done. 
Level 149... done. 
Level 150... done. 
Level 151... done. 
Level 152... done. 
Level 153... done. 
Level 154... done. 
Level 155... done. 
Level 156... done. 
Level 157... done. 
Level 158... done. 
Level 159... done. 
Level 160... done. 
Level 161... done. 
Level 162... done. 
Level 163... done. 
Level 164... done. 
Level 165... done. 
Level 166... done. 
Level 167... done. 
Level 168... done. 
Level 169... done. 
Level 170... done. 
Level 171... done. 
Level 172... done. 
Level 173... done. 
Level 174... done. 
Level 175... done. 
Level 176... done. 
Level 177... done. 
Level 178... done. 
Level 179... done. 
Level 180... done. 
Level 181... done. 
PAR Time: 11.504756
Final states: 18206917 states
Final states: 76234 BDD nodes
[1443041733.749574] [node001:17931:0]         sys.c:719  MXM  WARN  Conflicting CPU frequencies detected, using: 1479.56
