[1443038714.647962] [node053:4539 :0]         sys.c:719  MXM  WARN  Conflicting CPU frequencies detected, using: 1383.84
[1443038714.652708] [node053:4539 :0]         mxm.c:185  MXM  WARN  The 'ulimit -s' on the system is set to 'unlimited'. This may have negative performance implications. Please set the heap size to the default value (10240) 
[1443038714.648687] [node053:4543 :0]         sys.c:719  MXM  WARN  Conflicting CPU frequencies detected, using: 1383.84
[1443038714.654229] [node053:4543 :0]         mxm.c:185  MXM  WARN  The 'ulimit -s' on the system is set to 'unlimited'. This may have negative performance implications. Please set the heap size to the default value (10240) 
[1443038714.648325] [node053:4540 :0]         sys.c:719  MXM  WARN  Conflicting CPU frequencies detected, using: 1383.84
[1443038714.654320] [node053:4540 :0]         mxm.c:185  MXM  WARN  The 'ulimit -s' on the system is set to 'unlimited'. This may have negative performance implications. Please set the heap size to the default value (10240) 
[1443038714.650706] [node053:4546 :0]         sys.c:719  MXM  WARN  Conflicting CPU frequencies detected, using: 1383.84
[1443038714.656235] [node053:4546 :0]         mxm.c:185  MXM  WARN  The 'ulimit -s' on the system is set to 'unlimited'. This may have negative performance implications. Please set the heap size to the default value (10240) 
[1443038714.650760] [node053:4545 :0]         sys.c:719  MXM  WARN  Conflicting CPU frequencies detected, using: 1383.84
[1443038714.656468] [node053:4545 :0]         mxm.c:185  MXM  WARN  The 'ulimit -s' on the system is set to 'unlimited'. This may have negative performance implications. Please set the heap size to the default value (10240) 
[1443038714.651007] [node053:4542 :0]         sys.c:719  MXM  WARN  Conflicting CPU frequencies detected, using: 1383.84
[1443038714.657402] [node053:4542 :0]         mxm.c:185  MXM  WARN  The 'ulimit -s' on the system is set to 'unlimited'. This may have negative performance implications. Please set the heap size to the default value (10240) 
[1443038714.647704] [node053:4544 :0]         sys.c:719  MXM  WARN  Conflicting CPU frequencies detected, using: 1383.84
[1443038714.652626] [node053:4544 :0]         mxm.c:185  MXM  WARN  The 'ulimit -s' on the system is set to 'unlimited'. This may have negative performance implications. Please set the heap size to the default value (10240) 
[1443038714.649317] [node053:4541 :0]         sys.c:719  MXM  WARN  Conflicting CPU frequencies detected, using: 1383.84
[1443038714.654845] [node053:4541 :0]         mxm.c:185  MXM  WARN  The 'ulimit -s' on the system is set to 'unlimited'. This may have negative performance implications. Please set the heap size to the default value (10240) 
[1443038714.916838] [node055:29640:0]         sys.c:719  MXM  WARN  Conflicting CPU frequencies detected, using: 2399.91
[1443038714.924175] [node055:29640:0]         mxm.c:185  MXM  WARN  The 'ulimit -s' on the system is set to 'unlimited'. This may have negative performance implications. Please set the heap size to the default value (10240) 
[1443038714.949647] [node056:14536:0]         sys.c:719  MXM  WARN  Conflicting CPU frequencies detected, using: 2400.00
[1443038714.973410] [node056:14536:0]         mxm.c:185  MXM  WARN  The 'ulimit -s' on the system is set to 'unlimited'. This may have negative performance implications. Please set the heap size to the default value (10240) 
[1443038714.916093] [node055:29639:0]         sys.c:719  MXM  WARN  Conflicting CPU frequencies detected, using: 2399.91
[1443038714.923458] [node055:29639:0]         mxm.c:185  MXM  WARN  The 'ulimit -s' on the system is set to 'unlimited'. This may have negative performance implications. Please set the heap size to the default value (10240) 
[1443038714.929141] [node055:29648:0]         sys.c:719  MXM  WARN  Conflicting CPU frequencies detected, using: 2400.00
[1443038714.939725] [node055:29648:0]         mxm.c:185  MXM  WARN  The 'ulimit -s' on the system is set to 'unlimited'. This may have negative performance implications. Please set the heap size to the default value (10240) 
[1443038714.932058] [node055:29649:0]         sys.c:719  MXM  WARN  Conflicting CPU frequencies detected, using: 2400.00
[1443038714.946030] [node055:29649:0]         mxm.c:185  MXM  WARN  The 'ulimit -s' on the system is set to 'unlimited'. This may have negative performance implications. Please set the heap size to the default value (10240) 
[1443038714.933405] [node055:29668:0]         sys.c:719  MXM  WARN  Conflicting CPU frequencies detected, using: 2400.00
[1443038714.951899] [node055:29668:0]         mxm.c:185  MXM  WARN  The 'ulimit -s' on the system is set to 'unlimited'. This may have negative performance implications. Please set the heap size to the default value (10240) 
[1443038714.935899] [node055:29670:0]         sys.c:719  MXM  WARN  Conflicting CPU frequencies detected, using: 2400.00
[1443038714.955985] [node055:29670:0]         mxm.c:185  MXM  WARN  The 'ulimit -s' on the system is set to 'unlimited'. This may have negative performance implications. Please set the heap size to the default value (10240) 
[1443038714.943860] [node056:14529:0]         sys.c:719  MXM  WARN  Conflicting CPU frequencies detected, using: 2399.91
[1443038714.954477] [node056:14529:0]         mxm.c:185  MXM  WARN  The 'ulimit -s' on the system is set to 'unlimited'. This may have negative performance implications. Please set the heap size to the default value (10240) 
[1443038714.932244] [node055:29669:0]         sys.c:719  MXM  WARN  Conflicting CPU frequencies detected, using: 2400.00
[1443038714.947864] [node055:29669:0]         mxm.c:185  MXM  WARN  The 'ulimit -s' on the system is set to 'unlimited'. This may have negative performance implications. Please set the heap size to the default value (10240) 
[1443038714.933078] [node055:29673:0]         sys.c:719  MXM  WARN  Conflicting CPU frequencies detected, using: 2400.00
[1443038714.961155] [node055:29673:0]         mxm.c:185  MXM  WARN  The 'ulimit -s' on the system is set to 'unlimited'. This may have negative performance implications. Please set the heap size to the default value (10240) 
[1443038714.946528] [node056:14537:0]         sys.c:719  MXM  WARN  Conflicting CPU frequencies detected, using: 2400.00
[1443038714.960027] [node056:14537:0]         mxm.c:185  MXM  WARN  The 'ulimit -s' on the system is set to 'unlimited'. This may have negative performance implications. Please set the heap size to the default value (10240) 
[1443038714.942898] [node056:14522:0]         sys.c:719  MXM  WARN  Conflicting CPU frequencies detected, using: 2399.91
[1443038714.950492] [node056:14522:0]         mxm.c:185  MXM  WARN  The 'ulimit -s' on the system is set to 'unlimited'. This may have negative performance implications. Please set the heap size to the default value (10240) 
[1443038714.949340] [node056:14532:0]         sys.c:719  MXM  WARN  Conflicting CPU frequencies detected, using: 2400.00
[1443038714.972620] [node056:14532:0]         mxm.c:185  MXM  WARN  The 'ulimit -s' on the system is set to 'unlimited'. This may have negative performance implications. Please set the heap size to the default value (10240) 
[1443038714.950866] [node056:14534:0]         sys.c:719  MXM  WARN  Conflicting CPU frequencies detected, using: 2400.00
[1443038714.970861] [node056:14534:0]         mxm.c:185  MXM  WARN  The 'ulimit -s' on the system is set to 'unlimited'. This may have negative performance implications. Please set the heap size to the default value (10240) 
[1443038714.937222] [node054:30215:0]         sys.c:719  MXM  WARN  Conflicting CPU frequencies detected, using: 2400.00
[1443038714.963979] [node054:30215:0]         mxm.c:185  MXM  WARN  The 'ulimit -s' on the system is set to 'unlimited'. This may have negative performance implications. Please set the heap size to the default value (10240) 
[1443038714.939700] [node054:30221:0]         sys.c:719  MXM  WARN  Conflicting CPU frequencies detected, using: 2400.00
[1443038714.959129] [node054:30221:0]         mxm.c:185  MXM  WARN  The 'ulimit -s' on the system is set to 'unlimited'. This may have negative performance implications. Please set the heap size to the default value (10240) 
[1443038714.938965] [node054:30219:0]         sys.c:719  MXM  WARN  Conflicting CPU frequencies detected, using: 2400.00
[1443038714.960610] [node054:30219:0]         mxm.c:185  MXM  WARN  The 'ulimit -s' on the system is set to 'unlimited'. This may have negative performance implications. Please set the heap size to the default value (10240) 
[1443038714.937470] [node054:30223:0]         sys.c:719  MXM  WARN  Conflicting CPU frequencies detected, using: 2400.00
[1443038714.956471] [node054:30223:0]         mxm.c:185  MXM  WARN  The 'ulimit -s' on the system is set to 'unlimited'. This may have negative performance implications. Please set the heap size to the default value (10240) 
[1443038714.948430] [node056:14535:0]         sys.c:719  MXM  WARN  Conflicting CPU frequencies detected, using: 2400.00
[1443038714.965777] [node056:14535:0]         mxm.c:185  MXM  WARN  The 'ulimit -s' on the system is set to 'unlimited'. This may have negative performance implications. Please set the heap size to the default value (10240) 
[1443038714.924778] [node054:30204:0]         sys.c:719  MXM  WARN  Conflicting CPU frequencies detected, using: 2400.00
[1443038714.933329] [node054:30204:0]         mxm.c:185  MXM  WARN  The 'ulimit -s' on the system is set to 'unlimited'. This may have negative performance implications. Please set the heap size to the default value (10240) 
[1443038714.924752] [node054:30206:0]         sys.c:719  MXM  WARN  Conflicting CPU frequencies detected, using: 2400.00
[1443038714.932563] [node054:30206:0]         mxm.c:185  MXM  WARN  The 'ulimit -s' on the system is set to 'unlimited'. This may have negative performance implications. Please set the heap size to the default value (10240) 
[1443038714.937349] [node054:30222:0]         sys.c:719  MXM  WARN  Conflicting CPU frequencies detected, using: 2400.00
[1443038714.961333] [node054:30222:0]         mxm.c:185  MXM  WARN  The 'ulimit -s' on the system is set to 'unlimited'. This may have negative performance implications. Please set the heap size to the default value (10240) 
[1443038714.937392] [node054:30220:0]         sys.c:719  MXM  WARN  Conflicting CPU frequencies detected, using: 2400.00
[1443038714.954244] [node054:30220:0]         mxm.c:185  MXM  WARN  The 'ulimit -s' on the system is set to 'unlimited'. This may have negative performance implications. Please set the heap size to the default value (10240) 
[1443038714.953350] [node056:14533:0]         sys.c:719  MXM  WARN  Conflicting CPU frequencies detected, using: 2400.00
[1443038714.975811] [node056:14533:0]         mxm.c:185  MXM  WARN  The 'ulimit -s' on the system is set to 'unlimited'. This may have negative performance implications. Please set the heap size to the default value (10240) 
UPCR: UPC thread  2 of 32 on node053 (pshm node 0 of 4, process  2 of 32, pid=4541)
UPCR: UPC thread  0 of 32 on node053 (pshm node 0 of 4, process  0 of 32, pid=4539)
UPCR: UPC thread  3 of 32 on node053 (pshm node 0 of 4, process  3 of 32, pid=4542)
UPCR: UPC thread  7 of 32 on node053 (pshm node 0 of 4, process  7 of 32, pid=4546)
UPCR: UPC thread  1 of 32 on node053 (pshm node 0 of 4, process  1 of 32, pid=4540)
UPCR: UPC thread  5 of 32 on node053 (pshm node 0 of 4, process  5 of 32, pid=4544)
UPCR: UPC thread  6 of 32 on node053 (pshm node 0 of 4, process  6 of 32, pid=4545)
UPCR: UPC thread  4 of 32 on node053 (pshm node 0 of 4, process  4 of 32, pid=4543)
UPCR: UPC thread 27 of 32 on node056 (pshm node 3 of 4, process 27 of 32, pid=14533)
UPCR: UPC thread 15 of 32 on node054 (pshm node 1 of 4, process 15 of 32, pid=30220)
UPCR: UPC thread 24 of 32 on node056 (pshm node 3 of 4, process 24 of 32, pid=14532)
UPCR: UPC thread 12 of 32 on node054 (pshm node 1 of 4, process 12 of 32, pid=30222)
UPCR: UPC thread  8 of 32 on node054 (pshm node 1 of 4, process  8 of 32, pid=30204)
UPCR: UPC thread 11 of 32 on node054 (pshm node 1 of 4, process 11 of 32, pid=30206)
UPCR: UPC thread 31 of 32 on node056 (pshm node 3 of 4, process 31 of 32, pid=14522)
UPCR: UPC thread 10 of 32 on node054 (pshm node 1 of 4, process 10 of 32, pid=30219)
UPCR: UPC thread 13 of 32 on node054 (pshm node 1 of 4, process 13 of 32, pid=30223)
UPCR: UPC thread 29 of 32 on node056 (pshm node 3 of 4, process 29 of 32, pid=14536)
UPCR: UPC thread 28 of 32 on node056 (pshm node 3 of 4, process 28 of 32, pid=14534)
UPCR: UPC thread 25 of 32 on node056 (pshm node 3 of 4, process 25 of 32, pid=14535)
UPCR: UPC thread 14 of 32 on node054 (pshm node 1 of 4, process 14 of 32, pid=30221)
UPCR: UPC thread 30 of 32 on node056 (pshm node 3 of 4, process 30 of 32, pid=14529)
UPCR: UPC thread  9 of 32 on node054 (pshm node 1 of 4, process  9 of 32, pid=30215)
UPCR: UPC thread 20 of 32 on node055 (pshm node 2 of 4, process 20 of 32, pid=29649)
UPCR: UPC thread 17 of 32 on node055 (pshm node 2 of 4, process 17 of 32, pid=29673)
UPCR: UPC thread 22 of 32 on node055 (pshm node 2 of 4, process 22 of 32, pid=29669)
UPCR: UPC thread 18 of 32 on node055 (pshm node 2 of 4, process 18 of 32, pid=29639)
UPCR: UPC thread 26 of 32 on node056 (pshm node 3 of 4, process 26 of 32, pid=14537)
UPCR: UPC thread 21 of 32 on node055 (pshm node 2 of 4, process 21 of 32, pid=29670)
UPCR: UPC thread 19 of 32 on node055 (pshm node 2 of 4, process 19 of 32, pid=29668)
UPCR: UPC thread 16 of 32 on node055 (pshm node 2 of 4, process 16 of 32, pid=29640)
UPCR: UPC thread 23 of 32 on node055 (pshm node 2 of 4, process 23 of 32, pid=29648)
Initializing models/anderson.6.4-rgs.bdd!
Vector size: 19
Bits per integer: 4
Number of BDD variables: 76
Loading initial states: 
Initial states loaded... 
Loading transition relations... 
19 integers per state, 4 bits per integer, 18 transition groups
BDD nodes:
Initial states: 76 BDD nodes
Transition 0: 606 BDD nodes
Transition 1: 99 BDD nodes
Transition 2: 27 BDD nodes
Transition 3: 653 BDD nodes
Transition 4: 180 BDD nodes
Transition 5: 28 BDD nodes
Transition 6: 544 BDD nodes
Transition 7: 544 BDD nodes
Transition 8: 544 BDD nodes
Transition 9: 544 BDD nodes
Transition 10: 180 BDD nodes
Transition 11: 28 BDD nodes
Transition 12: 133 BDD nodes
Transition 13: 133 BDD nodes
Transition 14: 133 BDD nodes
Transition 15: 28 BDD nodes
Transition 16: 28 BDD nodes
Transition 17: 28 BDD nodes
Level 1... done. 
Level 2... done. 
Level 3... done. 
Level 4... done. 
Level 5... done. 
Level 6... done. 
Level 7... done. 
Level 8... done. 
Level 9... done. 
Level 10... done. 
Level 11... done. 
Level 12... done. 
Level 13... done. 
Level 14... done. 
Level 15... done. 
Level 16... done. 
Level 17... done. 
Level 18... done. 
Level 19... done. 
Level 20... done. 
Level 21... done. 
Level 22... done. 
Level 23... done. 
Level 24... done. 
Level 25... done. 
Level 26... done. 
Level 27... done. 
Level 28... done. 
Level 29... done. 
Level 30... done. 
Level 31... done. 
Level 32... done. 
Level 33... done. 
Level 34... done. 
Level 35... done. 
Level 36... done. 
Level 37... done. 
Level 38... done. 
Level 39... done. 
Level 40... done. 
Level 41... done. 
Level 42... done. 
Level 43... done. 
Level 44... done. 
Level 45... done. 
Level 46... done. 
Level 47... done. 
Level 48... done. 
Level 49... done. 
Level 50... done. 
Level 51... done. 
Level 52... done. 
Level 53... done. 
Level 54... done. 
Level 55... done. 
Level 56... done. 
Level 57... done. 
Level 58... done. 
Level 59... done. 
Level 60... done. 
Level 61... done. 
Level 62... done. 
Level 63... done. 
Level 64... done. 
Level 65... done. 
Level 66... done. 
Level 67... done. 
Level 68... done. 
Level 69... done. 
Level 70... done. 
Level 71... done. 
Level 72... done. 
Level 73... done. 
Level 74... done. 
Level 75... done. 
Level 76... done. 
Level 77... done. 
Level 78... done. 
Level 79... done. 
Level 80... done. 
Level 81... done. 
Level 82... done. 
Level 83... done. 
Level 84... done. 
Level 85... done. 
Level 86... done. 
Level 87... done. 
Level 88... done. 
Level 89... done. 
Level 90... done. 
Level 91... done. 
Level 92... done. 
Level 93... done. 
Level 94... done. 
Level 95... done. 
Level 96... done. 
Level 97... done. 
Level 98... done. 
Level 99... done. 
Level 100... done. 
Level 101... done. 
Level 102... done. 
Level 103... done. 
Level 104... done. 
Level 105... done. 
Level 106... done. 
Level 107... done. 
Level 108... done. 
Level 109... done. 
Level 110... done. 
Level 111... done. 
Level 112... done. 
Level 113... done. 
Level 114... done. 
Level 115... done. 
Level 116... done. 
Level 117... done. 
Level 118... done. 
Level 119... done. 
Level 120... done. 
Level 121... done. 
Level 122... done. 
Level 123... done. 
Level 124... done. 
Level 125... done. 
Level 126... done. 
Level 127... done. 
Level 128... done. 
Level 129... done. 
Level 130... done. 
Level 131... done. 
Level 132... done. 
Level 133... done. 
Level 134... done. 
Level 135... done. 
Level 136... done. 
Level 137... done. 
Level 138... done. 
Level 139... done. 
Level 140... done. 
Level 141... done. 
Level 142... done. 
Level 143... done. 
Level 144... done. 
Level 145... done. 
Level 146... done. 
Level 147... done. 
Level 148... done. 
Level 149... done. 
Level 150... done. 
Level 151... done. 
Level 152... done. 
Level 153... done. 
Level 154... done. 
Level 155... done. 
Level 156... done. 
Level 157... done. 
Level 158... done. 
Level 159... done. 
Level 160... done. 
Level 161... done. 
Level 162... done. 
Level 163... done. 
Level 164... done. 
Level 165... done. 
Level 166... done. 
Level 167... done. 
Level 168... done. 
Level 169... done. 
Level 170... done. 
Level 171... done. 
Level 172... done. 
Level 173... done. 
Level 174... done. 
Level 175... done. 
Level 176... done. 
Level 177... done. 
Level 178... done. 
Level 179... done. 
Level 180... done. 
Level 181... done. 
PAR Time: 17.371116
Final states: 18206917 states
Final states: 76234 BDD nodes
[1443038714.629810] [node053:4494 :0]         sys.c:719  MXM  WARN  Conflicting CPU frequencies detected, using: 1300.03
