[1443046730.784159] [node001:805  :0]         sys.c:719  MXM  WARN  Conflicting CPU frequencies detected, using: 1799.53
[1443046730.844612] [node001:805  :0]         mxm.c:185  MXM  WARN  The 'ulimit -s' on the system is set to 'unlimited'. This may have negative performance implications. Please set the heap size to the default value (10240) 
[1443046730.784925] [node001:804  :0]         sys.c:719  MXM  WARN  Conflicting CPU frequencies detected, using: 1861.69
[1443046730.848176] [node001:804  :0]         mxm.c:185  MXM  WARN  The 'ulimit -s' on the system is set to 'unlimited'. This may have negative performance implications. Please set the heap size to the default value (10240) 
[1443046730.781559] [node001:802  :0]         sys.c:719  MXM  WARN  Conflicting CPU frequencies detected, using: 1799.53
[1443046730.844125] [node001:802  :0]         mxm.c:185  MXM  WARN  The 'ulimit -s' on the system is set to 'unlimited'. This may have negative performance implications. Please set the heap size to the default value (10240) 
[1443046730.784674] [node001:803  :0]         sys.c:719  MXM  WARN  Conflicting CPU frequencies detected, using: 1861.69
[1443046730.847433] [node001:803  :0]         mxm.c:185  MXM  WARN  The 'ulimit -s' on the system is set to 'unlimited'. This may have negative performance implications. Please set the heap size to the default value (10240) 
[1443046731.151486] [node002:6580 :0]         sys.c:719  MXM  WARN  Conflicting CPU frequencies detected, using: 1489.88
[1443046731.155407] [node002:6580 :0]         mxm.c:185  MXM  WARN  The 'ulimit -s' on the system is set to 'unlimited'. This may have negative performance implications. Please set the heap size to the default value (10240) 
[1443046731.187067] [node002:6597 :0]         sys.c:719  MXM  WARN  Conflicting CPU frequencies detected, using: 1599.94
[1443046731.190769] [node002:6597 :0]         mxm.c:185  MXM  WARN  The 'ulimit -s' on the system is set to 'unlimited'. This may have negative performance implications. Please set the heap size to the default value (10240) 
[1443046731.226728] [node002:6620 :0]         sys.c:719  MXM  WARN  Conflicting CPU frequencies detected, using: 1699.97
[1443046731.230537] [node002:6620 :0]         mxm.c:185  MXM  WARN  The 'ulimit -s' on the system is set to 'unlimited'. This may have negative performance implications. Please set the heap size to the default value (10240) 
[1443046731.393480] [node002:6653 :0]         sys.c:719  MXM  WARN  Conflicting CPU frequencies detected, using: 1839.19
[1443046731.397851] [node002:6653 :0]         mxm.c:185  MXM  WARN  The 'ulimit -s' on the system is set to 'unlimited'. This may have negative performance implications. Please set the heap size to the default value (10240) 
[1443046731.386973] [node003:28469:0]         sys.c:719  MXM  WARN  Conflicting CPU frequencies detected, using: 1564.22
[1443046731.391142] [node003:28469:0]         mxm.c:185  MXM  WARN  The 'ulimit -s' on the system is set to 'unlimited'. This may have negative performance implications. Please set the heap size to the default value (10240) 
[1443046731.450431] [node005:24624:0]         sys.c:719  MXM  WARN  Conflicting CPU frequencies detected, using: 1493.34
[1443046731.454943] [node005:24624:0]         mxm.c:185  MXM  WARN  The 'ulimit -s' on the system is set to 'unlimited'. This may have negative performance implications. Please set the heap size to the default value (10240) 
[1443046731.449221] [node004:23057:0]         sys.c:719  MXM  WARN  Conflicting CPU frequencies detected, using: 1396.69
[1443046731.453489] [node004:23057:0]         mxm.c:185  MXM  WARN  The 'ulimit -s' on the system is set to 'unlimited'. This may have negative performance implications. Please set the heap size to the default value (10240) 
[1443046731.746467] [node018:25549:0]         sys.c:719  MXM  WARN  Conflicting CPU frequencies detected, using: 1396.03
[1443046731.752668] [node018:25549:0]         mxm.c:185  MXM  WARN  The 'ulimit -s' on the system is set to 'unlimited'. This may have negative performance implications. Please set the heap size to the default value (10240) 
[1443046731.723604] [node003:28493:0]         sys.c:719  MXM  WARN  Conflicting CPU frequencies detected, using: 1695.09
[1443046731.727747] [node003:28493:0]         mxm.c:185  MXM  WARN  The 'ulimit -s' on the system is set to 'unlimited'. This may have negative performance implications. Please set the heap size to the default value (10240) 
[1443046731.895381] [node017:31452:0]         sys.c:719  MXM  WARN  Conflicting CPU frequencies detected, using: 1392.28
[1443046731.901827] [node017:31452:0]         mxm.c:185  MXM  WARN  The 'ulimit -s' on the system is set to 'unlimited'. This may have negative performance implications. Please set the heap size to the default value (10240) 
[1443046731.892744] [node005:24648:0]         sys.c:719  MXM  WARN  Conflicting CPU frequencies detected, using: 1486.69
[1443046731.896795] [node005:24648:0]         mxm.c:185  MXM  WARN  The 'ulimit -s' on the system is set to 'unlimited'. This may have negative performance implications. Please set the heap size to the default value (10240) 
[1443046731.938661] [node005:24665:0]         sys.c:719  MXM  WARN  Conflicting CPU frequencies detected, using: 1566.28
[1443046731.942520] [node005:24665:0]         mxm.c:185  MXM  WARN  The 'ulimit -s' on the system is set to 'unlimited'. This may have negative performance implications. Please set the heap size to the default value (10240) 
[1443046731.979983] [node034:27345:0]         sys.c:719  MXM  WARN  Conflicting CPU frequencies detected, using: 3063.38
[1443046731.985550] [node034:27345:0]         mxm.c:185  MXM  WARN  The 'ulimit -s' on the system is set to 'unlimited'. This may have negative performance implications. Please set the heap size to the default value (10240) 
[1443046731.964047] [node003:28517:0]         sys.c:719  MXM  WARN  Conflicting CPU frequencies detected, using: 1499.72
[1443046731.968232] [node003:28517:0]         mxm.c:185  MXM  WARN  The 'ulimit -s' on the system is set to 'unlimited'. This may have negative performance implications. Please set the heap size to the default value (10240) 
[1443046731.976992] [node031:30684:0]         sys.c:719  MXM  WARN  Conflicting CPU frequencies detected, using: 2085.84
[1443046731.983215] [node031:30684:0]         mxm.c:185  MXM  WARN  The 'ulimit -s' on the system is set to 'unlimited'. This may have negative performance implications. Please set the heap size to the default value (10240) 
[1443046731.980470] [node017:31475:0]         sys.c:719  MXM  WARN  Conflicting CPU frequencies detected, using: 1592.91
[1443046731.986504] [node017:31475:0]         mxm.c:185  MXM  WARN  The 'ulimit -s' on the system is set to 'unlimited'. This may have negative performance implications. Please set the heap size to the default value (10240) 
[1443046731.996836] [node017:31490:0]         sys.c:719  MXM  WARN  Conflicting CPU frequencies detected, using: 1788.47
[1443046732.002999] [node017:31490:0]         mxm.c:185  MXM  WARN  The 'ulimit -s' on the system is set to 'unlimited'. This may have negative performance implications. Please set the heap size to the default value (10240) 
[1443046732.049082] [node061:25986:0]         sys.c:719  MXM  WARN  Conflicting CPU frequencies detected, using: 2590.41
[1443046732.053248] [node061:25986:0]         mxm.c:185  MXM  WARN  The 'ulimit -s' on the system is set to 'unlimited'. This may have negative performance implications. Please set the heap size to the default value (10240) 
[1443046732.047187] [node004:23081:0]         sys.c:719  MXM  WARN  Conflicting CPU frequencies detected, using: 1557.09
[1443046732.051206] [node004:23081:0]         mxm.c:185  MXM  WARN  The 'ulimit -s' on the system is set to 'unlimited'. This may have negative performance implications. Please set the heap size to the default value (10240) 
[1443046732.052220] [node065:29557:0]         sys.c:719  MXM  WARN  Conflicting CPU frequencies detected, using: 1399.88
[1443046732.056423] [node065:29557:0]         mxm.c:185  MXM  WARN  The 'ulimit -s' on the system is set to 'unlimited'. This may have negative performance implications. Please set the heap size to the default value (10240) 
[1443046732.068978] [node063:25927:0]         sys.c:719  MXM  WARN  Conflicting CPU frequencies detected, using: 1580.16
[1443046732.073006] [node063:25927:0]         mxm.c:185  MXM  WARN  The 'ulimit -s' on the system is set to 'unlimited'. This may have negative performance implications. Please set the heap size to the default value (10240) 
[1443046732.078865] [node064:11823:0]         sys.c:719  MXM  WARN  Conflicting CPU frequencies detected, using: 1961.34
[1443046732.085167] [node064:11823:0]         mxm.c:185  MXM  WARN  The 'ulimit -s' on the system is set to 'unlimited'. This may have negative performance implications. Please set the heap size to the default value (10240) 
[1443046732.095214] [node065:29574:0]         sys.c:719  MXM  WARN  Conflicting CPU frequencies detected, using: 1499.25
[1443046732.098829] [node065:29574:0]         mxm.c:185  MXM  WARN  The 'ulimit -s' on the system is set to 'unlimited'. This may have negative performance implications. Please set the heap size to the default value (10240) 
[1443046732.109326] [node006:17011:0]         sys.c:719  MXM  WARN  Conflicting CPU frequencies detected, using: 1415.34
[1443046732.113649] [node006:17011:0]         mxm.c:185  MXM  WARN  The 'ulimit -s' on the system is set to 'unlimited'. This may have negative performance implications. Please set the heap size to the default value (10240) 
[1443046732.218590] [node007:22529:0]         sys.c:719  MXM  WARN  Conflicting CPU frequencies detected, using: 1496.34
[1443046732.222698] [node007:22529:0]         mxm.c:185  MXM  WARN  The 'ulimit -s' on the system is set to 'unlimited'. This may have negative performance implications. Please set the heap size to the default value (10240) 
[1443046732.226595] [node007:22536:0]         sys.c:719  MXM  WARN  Conflicting CPU frequencies detected, using: 1496.34
[1443046732.230536] [node007:22536:0]         mxm.c:185  MXM  WARN  The 'ulimit -s' on the system is set to 'unlimited'. This may have negative performance implications. Please set the heap size to the default value (10240) 
[1443046732.276884] [node060:1605 :0]         sys.c:719  MXM  WARN  Conflicting CPU frequencies detected, using: 1344.66
[1443046732.281052] [node060:1605 :0]         mxm.c:185  MXM  WARN  The 'ulimit -s' on the system is set to 'unlimited'. This may have negative performance implications. Please set the heap size to the default value (10240) 
[1443046732.284098] [node067:3521 :0]         sys.c:719  MXM  WARN  Conflicting CPU frequencies detected, using: 1595.25
[1443046732.290297] [node067:3521 :0]         mxm.c:185  MXM  WARN  The 'ulimit -s' on the system is set to 'unlimited'. This may have negative performance implications. Please set the heap size to the default value (10240) 
[1443046732.287431] [node067:3526 :0]         sys.c:719  MXM  WARN  Conflicting CPU frequencies detected, using: 1595.25
[1443046732.294260] [node067:3526 :0]         mxm.c:185  MXM  WARN  The 'ulimit -s' on the system is set to 'unlimited'. This may have negative performance implications. Please set the heap size to the default value (10240) 
[1443046732.287326] [node068:4931 :0]         sys.c:719  MXM  WARN  Conflicting CPU frequencies detected, using: 1415.44
[1443046732.293562] [node068:4931 :0]         mxm.c:185  MXM  WARN  The 'ulimit -s' on the system is set to 'unlimited'. This may have negative performance implications. Please set the heap size to the default value (10240) 
[1443046732.288532] [node066:6028 :0]         sys.c:719  MXM  WARN  Conflicting CPU frequencies detected, using: 1496.34
[1443046732.294796] [node066:6028 :0]         mxm.c:185  MXM  WARN  The 'ulimit -s' on the system is set to 'unlimited'. This may have negative performance implications. Please set the heap size to the default value (10240) 
[1443046732.275371] [node033:32463:0]         sys.c:719  MXM  WARN  Conflicting CPU frequencies detected, using: 2262.09
[1443046732.281393] [node033:32463:0]         mxm.c:185  MXM  WARN  The 'ulimit -s' on the system is set to 'unlimited'. This may have negative performance implications. Please set the heap size to the default value (10240) 
[1443046732.280531] [node064:11851:0]         sys.c:719  MXM  WARN  Conflicting CPU frequencies detected, using: 1596.66
[1443046732.285724] [node064:11851:0]         mxm.c:185  MXM  WARN  The 'ulimit -s' on the system is set to 'unlimited'. This may have negative performance implications. Please set the heap size to the default value (10240) 
[1443046732.273110] [node064:11847:0]         sys.c:719  MXM  WARN  Conflicting CPU frequencies detected, using: 1589.34
[1443046732.279298] [node064:11847:0]         mxm.c:185  MXM  WARN  The 'ulimit -s' on the system is set to 'unlimited'. This may have negative performance implications. Please set the heap size to the default value (10240) 
[1443046732.286090] [node006:17035:0]         sys.c:719  MXM  WARN  Conflicting CPU frequencies detected, using: 1498.03
[1443046732.290453] [node006:17035:0]         mxm.c:185  MXM  WARN  The 'ulimit -s' on the system is set to 'unlimited'. This may have negative performance implications. Please set the heap size to the default value (10240) 
[1443046732.287915] [node004:23105:0]         sys.c:719  MXM  WARN  Conflicting CPU frequencies detected, using: 1491.00
[1443046732.292251] [node004:23105:0]         mxm.c:185  MXM  WARN  The 'ulimit -s' on the system is set to 'unlimited'. This may have negative performance implications. Please set the heap size to the default value (10240) 
[1443046732.444550] [node038:28668:0]         sys.c:719  MXM  WARN  Conflicting CPU frequencies detected, using: 1493.44
[1443046732.451042] [node038:28668:0]         mxm.c:185  MXM  WARN  The 'ulimit -s' on the system is set to 'unlimited'. This may have negative performance implications. Please set the heap size to the default value (10240) 
[1443046732.459719] [node039:30102:0]         sys.c:719  MXM  WARN  Conflicting CPU frequencies detected, using: 1379.62
[1443046732.465614] [node039:30102:0]         mxm.c:185  MXM  WARN  The 'ulimit -s' on the system is set to 'unlimited'. This may have negative performance implications. Please set the heap size to the default value (10240) 
[1443046732.444946] [node051:4134 :0]         sys.c:719  MXM  WARN  Conflicting CPU frequencies detected, using: 1588.03
[1443046732.449700] [node051:4134 :0]         mxm.c:185  MXM  WARN  The 'ulimit -s' on the system is set to 'unlimited'. This may have negative performance implications. Please set the heap size to the default value (10240) 
[1443046732.483999] [node030:11802:0]         sys.c:719  MXM  WARN  Conflicting CPU frequencies detected, using: 1399.69
[1443046732.490179] [node030:11802:0]         mxm.c:185  MXM  WARN  The 'ulimit -s' on the system is set to 'unlimited'. This may have negative performance implications. Please set the heap size to the default value (10240) 
[1443046732.476089] [node059:31809:0]         sys.c:719  MXM  WARN  Conflicting CPU frequencies detected, using: 3197.81
[1443046732.480379] [node059:31809:0]         mxm.c:185  MXM  WARN  The 'ulimit -s' on the system is set to 'unlimited'. This may have negative performance implications. Please set the heap size to the default value (10240) 
[1443046732.459817] [node031:30708:0]         sys.c:719  MXM  WARN  Conflicting CPU frequencies detected, using: 2085.84
[1443046732.466068] [node031:30708:0]         mxm.c:185  MXM  WARN  The 'ulimit -s' on the system is set to 'unlimited'. This may have negative performance implications. Please set the heap size to the default value (10240) 
[1443046732.482302] [node059:31815:0]         sys.c:719  MXM  WARN  Conflicting CPU frequencies detected, using: 3197.81
[1443046732.486267] [node059:31815:0]         mxm.c:185  MXM  WARN  The 'ulimit -s' on the system is set to 'unlimited'. This may have negative performance implications. Please set the heap size to the default value (10240) 
[1443046732.498029] [node041:29326:0]         sys.c:719  MXM  WARN  Conflicting CPU frequencies detected, using: 1583.62
[1443046732.503837] [node041:29326:0]         mxm.c:185  MXM  WARN  The 'ulimit -s' on the system is set to 'unlimited'. This may have negative performance implications. Please set the heap size to the default value (10240) 
[1443046732.480987] [node034:27369:0]         sys.c:719  MXM  WARN  Conflicting CPU frequencies detected, using: 2672.91
[1443046732.487111] [node034:27369:0]         mxm.c:185  MXM  WARN  The 'ulimit -s' on the system is set to 'unlimited'. This may have negative performance implications. Please set the heap size to the default value (10240) 
[1443046732.478936] [node065:29605:0]         sys.c:719  MXM  WARN  Conflicting CPU frequencies detected, using: 1527.38
[1443046732.482451] [node065:29605:0]         mxm.c:185  MXM  WARN  The 'ulimit -s' on the system is set to 'unlimited'. This may have negative performance implications. Please set the heap size to the default value (10240) 
[1443046732.481812] [node033:32487:0]         sys.c:719  MXM  WARN  Conflicting CPU frequencies detected, using: 2262.09
[1443046732.488120] [node033:32487:0]         mxm.c:185  MXM  WARN  The 'ulimit -s' on the system is set to 'unlimited'. This may have negative performance implications. Please set the heap size to the default value (10240) 
[1443046732.467662] [node035:30566:0]         sys.c:719  MXM  WARN  Conflicting CPU frequencies detected, using: 1761.66
[1443046732.471872] [node035:30566:0]         mxm.c:185  MXM  WARN  The 'ulimit -s' on the system is set to 'unlimited'. This may have negative performance implications. Please set the heap size to the default value (10240) 
[1443046732.472594] [node058:1225 :0]         sys.c:719  MXM  WARN  Conflicting CPU frequencies detected, using: 1604.44
[1443046732.476425] [node058:1225 :0]         mxm.c:185  MXM  WARN  The 'ulimit -s' on the system is set to 'unlimited'. This may have negative performance implications. Please set the heap size to the default value (10240) 
[1443046732.492585] [node063:25953:0]         sys.c:719  MXM  WARN  Conflicting CPU frequencies detected, using: 1596.66
[1443046732.495912] [node063:25953:0]         mxm.c:185  MXM  WARN  The 'ulimit -s' on the system is set to 'unlimited'. This may have negative performance implications. Please set the heap size to the default value (10240) 
[1443046732.484112] [node005:24696:0]         sys.c:719  MXM  WARN  Conflicting CPU frequencies detected, using: 1471.41
[1443046732.488256] [node005:24696:0]         mxm.c:185  MXM  WARN  The 'ulimit -s' on the system is set to 'unlimited'. This may have negative performance implications. Please set the heap size to the default value (10240) 
[1443046732.473316] [node055:19394:0]         sys.c:719  MXM  WARN  Conflicting CPU frequencies detected, using: 1826.53
[1443046732.479575] [node055:19394:0]         mxm.c:185  MXM  WARN  The 'ulimit -s' on the system is set to 'unlimited'. This may have negative performance implications. Please set the heap size to the default value (10240) 
[1443046732.483181] [node062:17658:0]         sys.c:719  MXM  WARN  Conflicting CPU frequencies detected, using: 1983.28
[1443046732.489444] [node062:17658:0]         mxm.c:185  MXM  WARN  The 'ulimit -s' on the system is set to 'unlimited'. This may have negative performance implications. Please set the heap size to the default value (10240) 
[1443046732.488794] [node006:17060:0]         sys.c:719  MXM  WARN  Conflicting CPU frequencies detected, using: 1495.88
[1443046732.492741] [node006:17060:0]         mxm.c:185  MXM  WARN  The 'ulimit -s' on the system is set to 'unlimited'. This may have negative performance implications. Please set the heap size to the default value (10240) 
[1443046732.492701] [node058:1234 :0]         sys.c:719  MXM  WARN  Conflicting CPU frequencies detected, using: 1604.44
[1443046732.496970] [node058:1234 :0]         mxm.c:185  MXM  WARN  The 'ulimit -s' on the system is set to 'unlimited'. This may have negative performance implications. Please set the heap size to the default value (10240) 
[1443046732.489973] [node063:25952:0]         sys.c:719  MXM  WARN  Conflicting CPU frequencies detected, using: 1596.66
[1443046732.493986] [node063:25952:0]         mxm.c:185  MXM  WARN  The 'ulimit -s' on the system is set to 'unlimited'. This may have negative performance implications. Please set the heap size to the default value (10240) 
[1443046732.491040] [node058:1235 :0]         sys.c:719  MXM  WARN  Conflicting CPU frequencies detected, using: 1604.44
[1443046732.495240] [node058:1235 :0]         mxm.c:185  MXM  WARN  The 'ulimit -s' on the system is set to 'unlimited'. This may have negative performance implications. Please set the heap size to the default value (10240) 
[1443046732.536028] [node045:26811:0]         sys.c:719  MXM  WARN  Conflicting CPU frequencies detected, using: 1420.50
[1443046732.542522] [node045:26811:0]         mxm.c:185  MXM  WARN  The 'ulimit -s' on the system is set to 'unlimited'. This may have negative performance implications. Please set the heap size to the default value (10240) 
[1443046732.526865] [node034:27386:0]         sys.c:719  MXM  WARN  Conflicting CPU frequencies detected, using: 2764.78
[1443046732.533126] [node034:27386:0]         mxm.c:185  MXM  WARN  The 'ulimit -s' on the system is set to 'unlimited'. This may have negative performance implications. Please set the heap size to the default value (10240) 
[1443046732.569972] [node049:12475:0]         sys.c:719  MXM  WARN  Conflicting CPU frequencies detected, using: 2599.97
[1443046732.574358] [node049:12475:0]         mxm.c:185  MXM  WARN  The 'ulimit -s' on the system is set to 'unlimited'. This may have negative performance implications. Please set the heap size to the default value (10240) 
[1443046732.566371] [node036:30605:0]         sys.c:719  MXM  WARN  Conflicting CPU frequencies detected, using: 1699.97
[1443046732.570188] [node036:30605:0]         mxm.c:185  MXM  WARN  The 'ulimit -s' on the system is set to 'unlimited'. This may have negative performance implications. Please set the heap size to the default value (10240) 
[1443046732.568813] [node057:3622 :0]         sys.c:719  MXM  WARN  Conflicting CPU frequencies detected, using: 1566.28
[1443046732.572550] [node057:3622 :0]         mxm.c:185  MXM  WARN  The 'ulimit -s' on the system is set to 'unlimited'. This may have negative performance implications. Please set the heap size to the default value (10240) 
[1443046732.582510] [node036:30613:0]         sys.c:719  MXM  WARN  Conflicting CPU frequencies detected, using: 1899.19
[1443046732.586095] [node036:30613:0]         mxm.c:185  MXM  WARN  The 'ulimit -s' on the system is set to 'unlimited'. This may have negative performance implications. Please set the heap size to the default value (10240) 
[1443046732.563664] [node006:17083:0]         sys.c:719  MXM  WARN  Conflicting CPU frequencies detected, using: 1396.12
[1443046732.567898] [node006:17083:0]         mxm.c:185  MXM  WARN  The 'ulimit -s' on the system is set to 'unlimited'. This may have negative performance implications. Please set the heap size to the default value (10240) 
[1443046732.581387] [node052:13190:0]         sys.c:719  MXM  WARN  Conflicting CPU frequencies detected, using: 2388.94
[1443046732.585325] [node052:13190:0]         mxm.c:185  MXM  WARN  The 'ulimit -s' on the system is set to 'unlimited'. This may have negative performance implications. Please set the heap size to the default value (10240) 
[1443046732.573263] [node007:22577:0]         sys.c:719  MXM  WARN  Conflicting CPU frequencies detected, using: 1631.25
[1443046732.577525] [node007:22577:0]         mxm.c:185  MXM  WARN  The 'ulimit -s' on the system is set to 'unlimited'. This may have negative performance implications. Please set the heap size to the default value (10240) 
[1443046732.584202] [node036:30624:0]         sys.c:719  MXM  WARN  Conflicting CPU frequencies detected, using: 1899.19
[1443046732.588213] [node036:30624:0]         mxm.c:185  MXM  WARN  The 'ulimit -s' on the system is set to 'unlimited'. This may have negative performance implications. Please set the heap size to the default value (10240) 
[1443046732.584516] [node057:3636 :0]         sys.c:719  MXM  WARN  Conflicting CPU frequencies detected, using: 1599.56
[1443046732.588126] [node057:3636 :0]         mxm.c:185  MXM  WARN  The 'ulimit -s' on the system is set to 'unlimited'. This may have negative performance implications. Please set the heap size to the default value (10240) 
[1443046732.581026] [node035:30590:0]         sys.c:719  MXM  WARN  Conflicting CPU frequencies detected, using: 1761.66
[1443046732.585282] [node035:30590:0]         mxm.c:185  MXM  WARN  The 'ulimit -s' on the system is set to 'unlimited'. This may have negative performance implications. Please set the heap size to the default value (10240) 
[1443046732.570405] [node037:30898:0]         sys.c:719  MXM  WARN  Conflicting CPU frequencies detected, using: 1413.09
[1443046732.574358] [node037:30898:0]         mxm.c:185  MXM  WARN  The 'ulimit -s' on the system is set to 'unlimited'. This may have negative performance implications. Please set the heap size to the default value (10240) 
[1443046732.586958] [node039:30126:0]         sys.c:719  MXM  WARN  Conflicting CPU frequencies detected, using: 1499.44
[1443046732.593168] [node039:30126:0]         mxm.c:185  MXM  WARN  The 'ulimit -s' on the system is set to 'unlimited'. This may have negative performance implications. Please set the heap size to the default value (10240) 
[1443046732.614634] [node037:30915:0]         sys.c:719  MXM  WARN  Conflicting CPU frequencies detected, using: 1694.44
[1443046732.618126] [node037:30915:0]         mxm.c:185  MXM  WARN  The 'ulimit -s' on the system is set to 'unlimited'. This may have negative performance implications. Please set the heap size to the default value (10240) 
[1443046732.612244] [node041:29350:0]         sys.c:719  MXM  WARN  Conflicting CPU frequencies detected, using: 2286.66
[1443046732.617270] [node041:29350:0]         mxm.c:185  MXM  WARN  The 'ulimit -s' on the system is set to 'unlimited'. This may have negative performance implications. Please set the heap size to the default value (10240) 
[1443046732.642188] [node017:31524:0]         sys.c:719  MXM  WARN  Conflicting CPU frequencies detected, using: 1394.34
[1443046732.648359] [node017:31524:0]         mxm.c:185  MXM  WARN  The 'ulimit -s' on the system is set to 'unlimited'. This may have negative performance implications. Please set the heap size to the default value (10240) 
[1443046732.612738] [node032:29883:0]         sys.c:719  MXM  WARN  Conflicting CPU frequencies detected, using: 3116.81
[1443046732.619391] [node032:29883:0]         mxm.c:185  MXM  WARN  The 'ulimit -s' on the system is set to 'unlimited'. This may have negative performance implications. Please set the heap size to the default value (10240) 
[1443046732.622286] [node041:29362:0]         sys.c:719  MXM  WARN  Conflicting CPU frequencies detected, using: 2400.00
[1443046732.628892] [node041:29362:0]         mxm.c:185  MXM  WARN  The 'ulimit -s' on the system is set to 'unlimited'. This may have negative performance implications. Please set the heap size to the default value (10240) 
[1443046732.614862] [node060:1629 :0]         sys.c:719  MXM  WARN  Conflicting CPU frequencies detected, using: 1600.03
[1443046732.618998] [node060:1629 :0]         mxm.c:185  MXM  WARN  The 'ulimit -s' on the system is set to 'unlimited'. This may have negative performance implications. Please set the heap size to the default value (10240) 
[1443046732.644959] [node044:29585:0]         sys.c:719  MXM  WARN  Conflicting CPU frequencies detected, using: 1578.94
[1443046732.651371] [node044:29585:0]         mxm.c:185  MXM  WARN  The 'ulimit -s' on the system is set to 'unlimited'. This may have negative performance implications. Please set the heap size to the default value (10240) 
[1443046732.639022] [node036:30670:0]         sys.c:719  MXM  WARN  Conflicting CPU frequencies detected, using: 2087.91
[1443046732.641866] [node036:30670:0]         mxm.c:185  MXM  WARN  The 'ulimit -s' on the system is set to 'unlimited'. This may have negative performance implications. Please set the heap size to the default value (10240) 
[1443046732.625314] [node048:9670 :0]         sys.c:719  MXM  WARN  Conflicting CPU frequencies detected, using: 1695.09
[1443046732.628923] [node048:9670 :0]         mxm.c:185  MXM  WARN  The 'ulimit -s' on the system is set to 'unlimited'. This may have negative performance implications. Please set the heap size to the default value (10240) 
[1443046732.612571] [node067:3569 :0]         sys.c:719  MXM  WARN  Conflicting CPU frequencies detected, using: 1681.03
[1443046732.618768] [node067:3569 :0]         mxm.c:185  MXM  WARN  The 'ulimit -s' on the system is set to 'unlimited'. This may have negative performance implications. Please set the heap size to the default value (10240) 
[1443046732.641703] [node037:30938:0]         sys.c:719  MXM  WARN  Conflicting CPU frequencies detected, using: 1897.97
[1443046732.644638] [node037:30938:0]         mxm.c:185  MXM  WARN  The 'ulimit -s' on the system is set to 'unlimited'. This may have negative performance implications. Please set the heap size to the default value (10240) 
[1443046732.617189] [node061:26012:0]         sys.c:719  MXM  WARN  Conflicting CPU frequencies detected, using: 1544.62
[1443046732.621683] [node061:26012:0]         mxm.c:185  MXM  WARN  The 'ulimit -s' on the system is set to 'unlimited'. This may have negative performance implications. Please set the heap size to the default value (10240) 
[1443046732.617060] [node061:26011:0]         sys.c:719  MXM  WARN  Conflicting CPU frequencies detected, using: 1544.62
[1443046732.621798] [node061:26011:0]         mxm.c:185  MXM  WARN  The 'ulimit -s' on the system is set to 'unlimited'. This may have negative performance implications. Please set the heap size to the default value (10240) 
[1443046732.612692] [node068:4955 :0]         sys.c:719  MXM  WARN  Conflicting CPU frequencies detected, using: 1574.06
[1443046732.618869] [node068:4955 :0]         mxm.c:185  MXM  WARN  The 'ulimit -s' on the system is set to 'unlimited'. This may have negative performance implications. Please set the heap size to the default value (10240) 
[1443046732.616252] [node018:25573:0]         sys.c:719  MXM  WARN  Conflicting CPU frequencies detected, using: 1612.41
[1443046732.622205] [node018:25573:0]         mxm.c:185  MXM  WARN  The 'ulimit -s' on the system is set to 'unlimited'. This may have negative performance implications. Please set the heap size to the default value (10240) 
[1443046732.630441] [node045:26834:0]         sys.c:719  MXM  WARN  Conflicting CPU frequencies detected, using: 1799.91
[1443046732.636836] [node045:26834:0]         mxm.c:185  MXM  WARN  The 'ulimit -s' on the system is set to 'unlimited'. This may have negative performance implications. Please set the heap size to the default value (10240) 
[1443046732.650050] [node049:12499:0]         sys.c:719  MXM  WARN  Conflicting CPU frequencies detected, using: 2608.59
[1443046732.653667] [node049:12499:0]         mxm.c:185  MXM  WARN  The 'ulimit -s' on the system is set to 'unlimited'. This may have negative performance implications. Please set the heap size to the default value (10240) 
[1443046732.658309] [node049:12507:0]         sys.c:719  MXM  WARN  Conflicting CPU frequencies detected, using: 2608.59
[1443046732.661453] [node049:12507:0]         mxm.c:185  MXM  WARN  The 'ulimit -s' on the system is set to 'unlimited'. This may have negative performance implications. Please set the heap size to the default value (10240) 
[1443046732.615747] [node043:26800:0]         sys.c:719  MXM  WARN  Conflicting CPU frequencies detected, using: 1673.81
[1443046732.622041] [node043:26800:0]         mxm.c:185  MXM  WARN  The 'ulimit -s' on the system is set to 'unlimited'. This may have negative performance implications. Please set the heap size to the default value (10240) 
[1443046732.621251] [node039:30143:0]         sys.c:719  MXM  WARN  Conflicting CPU frequencies detected, using: 1499.44
[1443046732.628350] [node039:30143:0]         mxm.c:185  MXM  WARN  The 'ulimit -s' on the system is set to 'unlimited'. This may have negative performance implications. Please set the heap size to the default value (10240) 
[1443046732.653021] [node048:9688 :0]         sys.c:719  MXM  WARN  Conflicting CPU frequencies detected, using: 1800.00
[1443046732.656704] [node048:9688 :0]         mxm.c:185  MXM  WARN  The 'ulimit -s' on the system is set to 'unlimited'. This may have negative performance implications. Please set the heap size to the default value (10240) 
[1443046732.627538] [node038:28692:0]         sys.c:719  MXM  WARN  Conflicting CPU frequencies detected, using: 1560.47
[1443046732.633836] [node038:28692:0]         mxm.c:185  MXM  WARN  The 'ulimit -s' on the system is set to 'unlimited'. This may have negative performance implications. Please set the heap size to the default value (10240) 
[1443046732.627315] [node042:27400:0]         sys.c:719  MXM  WARN  Conflicting CPU frequencies detected, using: 1686.47
[1443046732.633471] [node042:27400:0]         mxm.c:185  MXM  WARN  The 'ulimit -s' on the system is set to 'unlimited'. This may have negative performance implications. Please set the heap size to the default value (10240) 
[1443046732.639098] [node007:22598:0]         sys.c:719  MXM  WARN  Conflicting CPU frequencies detected, using: 1569.56
[1443046732.643184] [node007:22598:0]         mxm.c:185  MXM  WARN  The 'ulimit -s' on the system is set to 'unlimited'. This may have negative performance implications. Please set the heap size to the default value (10240) 
[1443046732.647142] [node050:9086 :0]         sys.c:719  MXM  WARN  Conflicting CPU frequencies detected, using: 1697.25
[1443046732.651608] [node050:9086 :0]         mxm.c:185  MXM  WARN  The 'ulimit -s' on the system is set to 'unlimited'. This may have negative performance implications. Please set the heap size to the default value (10240) 
[1443046732.652817] [node048:9689 :0]         sys.c:719  MXM  WARN  Conflicting CPU frequencies detected, using: 1800.00
[1443046732.657015] [node048:9689 :0]         mxm.c:185  MXM  WARN  The 'ulimit -s' on the system is set to 'unlimited'. This may have negative performance implications. Please set the heap size to the default value (10240) 
[1443046732.639097] [node031:30732:0]         sys.c:719  MXM  WARN  Conflicting CPU frequencies detected, using: 1485.84
[1443046732.644589] [node031:30732:0]         mxm.c:185  MXM  WARN  The 'ulimit -s' on the system is set to 'unlimited'. This may have negative performance implications. Please set the heap size to the default value (10240) 
[1443046732.636216] [node030:11826:0]         sys.c:719  MXM  WARN  Conflicting CPU frequencies detected, using: 1602.09
[1443046732.642628] [node030:11826:0]         mxm.c:185  MXM  WARN  The 'ulimit -s' on the system is set to 'unlimited'. This may have negative performance implications. Please set the heap size to the default value (10240) 
[1443046732.662744] [node053:25832:0]         sys.c:719  MXM  WARN  Conflicting CPU frequencies detected, using: 3186.19
[1443046732.666810] [node053:25832:0]         mxm.c:185  MXM  WARN  The 'ulimit -s' on the system is set to 'unlimited'. This may have negative performance implications. Please set the heap size to the default value (10240) 
[1443046732.642180] [node047:12060:0]         sys.c:719  MXM  WARN  Conflicting CPU frequencies detected, using: 1599.28
[1443046732.646675] [node047:12060:0]         mxm.c:185  MXM  WARN  The 'ulimit -s' on the system is set to 'unlimited'. This may have negative performance implications. Please set the heap size to the default value (10240) 
[1443046732.664947] [node049:12506:0]         sys.c:719  MXM  WARN  Conflicting CPU frequencies detected, using: 2608.59
[1443046732.668918] [node049:12506:0]         mxm.c:185  MXM  WARN  The 'ulimit -s' on the system is set to 'unlimited'. This may have negative performance implications. Please set the heap size to the default value (10240) 
[1443046732.663420] [node053:25831:0]         sys.c:719  MXM  WARN  Conflicting CPU frequencies detected, using: 3186.19
[1443046732.666904] [node053:25831:0]         mxm.c:185  MXM  WARN  The 'ulimit -s' on the system is set to 'unlimited'. This may have negative performance implications. Please set the heap size to the default value (10240) 
[1443046732.640810] [node043:26817:0]         sys.c:719  MXM  WARN  Conflicting CPU frequencies detected, using: 1782.94
[1443046732.647015] [node043:26817:0]         mxm.c:185  MXM  WARN  The 'ulimit -s' on the system is set to 'unlimited'. This may have negative performance implications. Please set the heap size to the default value (10240) 
[1443046732.665076] [node050:9098 :0]         sys.c:719  MXM  WARN  Conflicting CPU frequencies detected, using: 1897.22
[1443046732.668815] [node050:9098 :0]         mxm.c:185  MXM  WARN  The 'ulimit -s' on the system is set to 'unlimited'. This may have negative performance implications. Please set the heap size to the default value (10240) 
[1443046732.654945] [node051:4158 :0]         sys.c:719  MXM  WARN  Conflicting CPU frequencies detected, using: 1499.62
[1443046732.659045] [node051:4158 :0]         mxm.c:185  MXM  WARN  The 'ulimit -s' on the system is set to 'unlimited'. This may have negative performance implications. Please set the heap size to the default value (10240) 
[1443046732.675506] [node052:13214:0]         sys.c:719  MXM  WARN  Conflicting CPU frequencies detected, using: 2388.94
[1443046732.679175] [node052:13214:0]         mxm.c:185  MXM  WARN  The 'ulimit -s' on the system is set to 'unlimited'. This may have negative performance implications. Please set the heap size to the default value (10240) 
[1443046732.681238] [node037:30962:0]         sys.c:719  MXM  WARN  Conflicting CPU frequencies detected, using: 1897.97
[1443046732.684829] [node037:30962:0]         mxm.c:185  MXM  WARN  The 'ulimit -s' on the system is set to 'unlimited'. This may have negative performance implications. Please set the heap size to the default value (10240) 
[1443046732.670501] [node053:25852:0]         sys.c:719  MXM  WARN  Conflicting CPU frequencies detected, using: 1737.28
[1443046732.676845] [node053:25852:0]         mxm.c:185  MXM  WARN  The 'ulimit -s' on the system is set to 'unlimited'. This may have negative performance implications. Please set the heap size to the default value (10240) 
[1443046732.683149] [node053:25881:0]         sys.c:719  MXM  WARN  Conflicting CPU frequencies detected, using: 1749.94
[1443046732.686677] [node053:25881:0]         mxm.c:185  MXM  WARN  The 'ulimit -s' on the system is set to 'unlimited'. This may have negative performance implications. Please set the heap size to the default value (10240) 
[1443046732.682181] [node065:29629:0]         sys.c:719  MXM  WARN  Conflicting CPU frequencies detected, using: 1769.06
[1443046732.685562] [node065:29629:0]         mxm.c:185  MXM  WARN  The 'ulimit -s' on the system is set to 'unlimited'. This may have negative performance implications. Please set the heap size to the default value (10240) 
[1443046732.663771] [node031:30749:0]         sys.c:719  MXM  WARN  Conflicting CPU frequencies detected, using: 1500.00
[1443046732.670522] [node031:30749:0]         mxm.c:185  MXM  WARN  The 'ulimit -s' on the system is set to 'unlimited'. This may have negative performance implications. Please set the heap size to the default value (10240) 
[1443046732.690652] [node052:13224:0]         sys.c:719  MXM  WARN  Conflicting CPU frequencies detected, using: 2388.94
[1443046732.694080] [node052:13224:0]         mxm.c:185  MXM  WARN  The 'ulimit -s' on the system is set to 'unlimited'. This may have negative performance implications. Please set the heap size to the default value (10240) 
[1443046732.687901] [node045:26856:0]         sys.c:719  MXM  WARN  Conflicting CPU frequencies detected, using: 2400.00
[1443046732.693409] [node045:26856:0]         mxm.c:185  MXM  WARN  The 'ulimit -s' on the system is set to 'unlimited'. This may have negative performance implications. Please set the heap size to the default value (10240) 
[1443046732.686394] [node061:26055:0]         sys.c:719  MXM  WARN  Conflicting CPU frequencies detected, using: 1882.50
[1443046732.690079] [node061:26055:0]         mxm.c:185  MXM  WARN  The 'ulimit -s' on the system is set to 'unlimited'. This may have negative performance implications. Please set the heap size to the default value (10240) 
[1443046732.679004] [node032:29904:0]         sys.c:719  MXM  WARN  Conflicting CPU frequencies detected, using: 1831.59
[1443046732.684630] [node032:29904:0]         mxm.c:185  MXM  WARN  The 'ulimit -s' on the system is set to 'unlimited'. This may have negative performance implications. Please set the heap size to the default value (10240) 
[1443046732.667720] [node056:4144 :0]         sys.c:719  MXM  WARN  Conflicting CPU frequencies detected, using: 1696.97
[1443046732.673933] [node056:4144 :0]         mxm.c:185  MXM  WARN  The 'ulimit -s' on the system is set to 'unlimited'. This may have negative performance implications. Please set the heap size to the default value (10240) 
[1443046732.685143] [node043:26840:0]         sys.c:719  MXM  WARN  Conflicting CPU frequencies detected, using: 1842.84
[1443046732.690515] [node043:26840:0]         mxm.c:185  MXM  WARN  The 'ulimit -s' on the system is set to 'unlimited'. This may have negative performance implications. Please set the heap size to the default value (10240) 
[1443046732.687078] [node041:29394:0]         sys.c:719  MXM  WARN  Conflicting CPU frequencies detected, using: 2400.19
[1443046732.692592] [node041:29394:0]         mxm.c:185  MXM  WARN  The 'ulimit -s' on the system is set to 'unlimited'. This may have negative performance implications. Please set the heap size to the default value (10240) 
[1443046732.701150] [node050:9122 :0]         sys.c:719  MXM  WARN  Conflicting CPU frequencies detected, using: 1946.91
[1443046732.704880] [node050:9122 :0]         mxm.c:185  MXM  WARN  The 'ulimit -s' on the system is set to 'unlimited'. This may have negative performance implications. Please set the heap size to the default value (10240) 
[1443046732.689146] [node063:25999:0]         sys.c:719  MXM  WARN  Conflicting CPU frequencies detected, using: 1638.84
[1443046732.693235] [node063:25999:0]         mxm.c:185  MXM  WARN  The 'ulimit -s' on the system is set to 'unlimited'. This may have negative performance implications. Please set the heap size to the default value (10240) 
[1443046732.700695] [node057:3676 :0]         sys.c:719  MXM  WARN  Conflicting CPU frequencies detected, using: 2069.25
[1443046732.704028] [node057:3676 :0]         mxm.c:185  MXM  WARN  The 'ulimit -s' on the system is set to 'unlimited'. This may have negative performance implications. Please set the heap size to the default value (10240) 
[1443046732.694625] [node045:26862:0]         sys.c:719  MXM  WARN  Conflicting CPU frequencies detected, using: 2400.00
[1443046732.700457] [node045:26862:0]         mxm.c:185  MXM  WARN  The 'ulimit -s' on the system is set to 'unlimited'. This may have negative performance implications. Please set the heap size to the default value (10240) 
[1443046732.682747] [node030:11845:0]         sys.c:719  MXM  WARN  Conflicting CPU frequencies detected, using: 1670.81
[1443046732.688451] [node030:11845:0]         mxm.c:185  MXM  WARN  The 'ulimit -s' on the system is set to 'unlimited'. This may have negative performance implications. Please set the heap size to the default value (10240) 
[1443046732.695246] [node057:3670 :0]         sys.c:719  MXM  WARN  Conflicting CPU frequencies detected, using: 2076.66
[1443046732.699158] [node057:3670 :0]         mxm.c:185  MXM  WARN  The 'ulimit -s' on the system is set to 'unlimited'. This may have negative performance implications. Please set the heap size to the default value (10240) 
[1443046732.690444] [node060:1652 :0]         sys.c:719  MXM  WARN  Conflicting CPU frequencies detected, using: 1793.91
[1443046732.694337] [node060:1652 :0]         mxm.c:185  MXM  WARN  The 'ulimit -s' on the system is set to 'unlimited'. This may have negative performance implications. Please set the heap size to the default value (10240) 
[1443046732.692421] [node032:29920:0]         sys.c:719  MXM  WARN  Conflicting CPU frequencies detected, using: 1961.44
[1443046732.699087] [node032:29920:0]         mxm.c:185  MXM  WARN  The 'ulimit -s' on the system is set to 'unlimited'. This may have negative performance implications. Please set the heap size to the default value (10240) 
[1443046732.694915] [node039:30173:0]         sys.c:719  MXM  WARN  Conflicting CPU frequencies detected, using: 1903.03
[1443046732.701000] [node039:30173:0]         mxm.c:185  MXM  WARN  The 'ulimit -s' on the system is set to 'unlimited'. This may have negative performance implications. Please set the heap size to the default value (10240) 
[1443046732.695450] [node062:17682:0]         sys.c:719  MXM  WARN  Conflicting CPU frequencies detected, using: 1983.28
[1443046732.701683] [node062:17682:0]         mxm.c:185  MXM  WARN  The 'ulimit -s' on the system is set to 'unlimited'. This may have negative performance implications. Please set the heap size to the default value (10240) 
[1443046732.693825] [node060:1658 :0]         sys.c:719  MXM  WARN  Conflicting CPU frequencies detected, using: 1793.91
[1443046732.697844] [node060:1658 :0]         mxm.c:185  MXM  WARN  The 'ulimit -s' on the system is set to 'unlimited'. This may have negative performance implications. Please set the heap size to the default value (10240) 
[1443046732.703892] [node047:12080:0]         sys.c:719  MXM  WARN  Conflicting CPU frequencies detected, using: 1892.44
[1443046732.707860] [node047:12080:0]         mxm.c:185  MXM  WARN  The 'ulimit -s' on the system is set to 'unlimited'. This may have negative performance implications. Please set the heap size to the default value (10240) 
[1443046732.708104] [node048:9735 :0]         sys.c:719  MXM  WARN  Conflicting CPU frequencies detected, using: 1913.25
[1443046732.711849] [node048:9735 :0]         mxm.c:185  MXM  WARN  The 'ulimit -s' on the system is set to 'unlimited'. This may have negative performance implications. Please set the heap size to the default value (10240) 
[1443046732.695037] [node043:26849:0]         sys.c:719  MXM  WARN  Conflicting CPU frequencies detected, using: 1966.03
[1443046732.701697] [node043:26849:0]         mxm.c:185  MXM  WARN  The 'ulimit -s' on the system is set to 'unlimited'. This may have negative performance implications. Please set the heap size to the default value (10240) 
[1443046732.697911] [node033:32511:0]         sys.c:719  MXM  WARN  Conflicting CPU frequencies detected, using: 2262.09
[1443046732.703904] [node033:32511:0]         mxm.c:185  MXM  WARN  The 'ulimit -s' on the system is set to 'unlimited'. This may have negative performance implications. Please set the heap size to the default value (10240) 
[1443046732.704527] [node050:9121 :0]         sys.c:719  MXM  WARN  Conflicting CPU frequencies detected, using: 1946.91
[1443046732.708484] [node050:9121 :0]         mxm.c:185  MXM  WARN  The 'ulimit -s' on the system is set to 'unlimited'. This may have negative performance implications. Please set the heap size to the default value (10240) 
[1443046732.704137] [node051:4176 :0]         sys.c:719  MXM  WARN  Conflicting CPU frequencies detected, using: 1699.97
[1443046732.708006] [node051:4176 :0]         mxm.c:185  MXM  WARN  The 'ulimit -s' on the system is set to 'unlimited'. This may have negative performance implications. Please set the heap size to the default value (10240) 
[1443046732.716975] [node046:19379:0]         sys.c:719  MXM  WARN  Conflicting CPU frequencies detected, using: 2273.16
[1443046732.720501] [node046:19379:0]         mxm.c:185  MXM  WARN  The 'ulimit -s' on the system is set to 'unlimited'. This may have negative performance implications. Please set the heap size to the default value (10240) 
[1443046732.695520] [node032:29918:0]         sys.c:719  MXM  WARN  Conflicting CPU frequencies detected, using: 1961.44
[1443046732.701945] [node032:29918:0]         mxm.c:185  MXM  WARN  The 'ulimit -s' on the system is set to 'unlimited'. This may have negative performance implications. Please set the heap size to the default value (10240) 
[1443046732.681098] [node054:19948:0]         sys.c:719  MXM  WARN  Conflicting CPU frequencies detected, using: 1695.38
[1443046732.687166] [node054:19948:0]         mxm.c:185  MXM  WARN  The 'ulimit -s' on the system is set to 'unlimited'. This may have negative performance implications. Please set the heap size to the default value (10240) 
[1443046732.692559] [node004:23129:0]         sys.c:719  MXM  WARN  Conflicting CPU frequencies detected, using: 1399.03
[1443046732.696610] [node004:23129:0]         mxm.c:185  MXM  WARN  The 'ulimit -s' on the system is set to 'unlimited'. This may have negative performance implications. Please set the heap size to the default value (10240) 
[1443046732.691801] [node003:28541:0]         sys.c:719  MXM  WARN  Conflicting CPU frequencies detected, using: 1299.94
[1443046732.695980] [node003:28541:0]         mxm.c:185  MXM  WARN  The 'ulimit -s' on the system is set to 'unlimited'. This may have negative performance implications. Please set the heap size to the default value (10240) 
[1443046732.720050] [node046:19385:0]         sys.c:719  MXM  WARN  Conflicting CPU frequencies detected, using: 2273.16
[1443046732.723377] [node046:19385:0]         mxm.c:185  MXM  WARN  The 'ulimit -s' on the system is set to 'unlimited'. This may have negative performance implications. Please set the heap size to the default value (10240) 
[1443046732.709498] [node047:12081:0]         sys.c:719  MXM  WARN  Conflicting CPU frequencies detected, using: 1892.44
[1443046732.713450] [node047:12081:0]         mxm.c:185  MXM  WARN  The 'ulimit -s' on the system is set to 'unlimited'. This may have negative performance implications. Please set the heap size to the default value (10240) 
[1443046732.692042] [node067:3592 :0]         sys.c:719  MXM  WARN  Conflicting CPU frequencies detected, using: 1681.03
[1443046732.698072] [node067:3592 :0]         mxm.c:185  MXM  WARN  The 'ulimit -s' on the system is set to 'unlimited'. This may have negative performance implications. Please set the heap size to the default value (10240) 
[1443046732.690172] [node038:28713:0]         sys.c:719  MXM  WARN  Conflicting CPU frequencies detected, using: 1593.75
[1443046732.696228] [node038:28713:0]         mxm.c:185  MXM  WARN  The 'ulimit -s' on the system is set to 'unlimited'. This may have negative performance implications. Please set the heap size to the default value (10240) 
[1443046732.692217] [node030:11853:0]         sys.c:719  MXM  WARN  Conflicting CPU frequencies detected, using: 1695.28
[1443046732.699433] [node030:11853:0]         mxm.c:185  MXM  WARN  The 'ulimit -s' on the system is set to 'unlimited'. This may have negative performance implications. Please set the heap size to the default value (10240) 
[1443046732.702258] [node058:1301 :0]         sys.c:719  MXM  WARN  Conflicting CPU frequencies detected, using: 1699.50
[1443046732.705869] [node058:1301 :0]         mxm.c:185  MXM  WARN  The 'ulimit -s' on the system is set to 'unlimited'. This may have negative performance implications. Please set the heap size to the default value (10240) 
[1443046732.696114] [node068:4978 :0]         sys.c:719  MXM  WARN  Conflicting CPU frequencies detected, using: 1935.47
[1443046732.702318] [node068:4978 :0]         mxm.c:185  MXM  WARN  The 'ulimit -s' on the system is set to 'unlimited'. This may have negative performance implications. Please set the heap size to the default value (10240) 
[1443046732.701737] [node046:19374:0]         sys.c:719  MXM  WARN  Conflicting CPU frequencies detected, using: 1899.28
[1443046732.706102] [node046:19374:0]         mxm.c:185  MXM  WARN  The 'ulimit -s' on the system is set to 'unlimited'. This may have negative performance implications. Please set the heap size to the default value (10240) 
[1443046732.705591] [node035:30616:0]         sys.c:719  MXM  WARN  Conflicting CPU frequencies detected, using: 1688.34
[1443046732.709073] [node035:30616:0]         mxm.c:185  MXM  WARN  The 'ulimit -s' on the system is set to 'unlimited'. This may have negative performance implications. Please set the heap size to the default value (10240) 
[1443046732.696646] [node018:25597:0]         sys.c:719  MXM  WARN  Conflicting CPU frequencies detected, using: 1752.66
[1443046732.702186] [node018:25597:0]         mxm.c:185  MXM  WARN  The 'ulimit -s' on the system is set to 'unlimited'. This may have negative performance implications. Please set the heap size to the default value (10240) 
[1443046732.718681] [node046:19386:0]         sys.c:719  MXM  WARN  Conflicting CPU frequencies detected, using: 2273.16
[1443046732.722211] [node046:19386:0]         mxm.c:185  MXM  WARN  The 'ulimit -s' on the system is set to 'unlimited'. This may have negative performance implications. Please set the heap size to the default value (10240) 
[1443046732.699429] [node056:4162 :0]         sys.c:719  MXM  WARN  Conflicting CPU frequencies detected, using: 1800.00
[1443046732.705997] [node056:4162 :0]         mxm.c:185  MXM  WARN  The 'ulimit -s' on the system is set to 'unlimited'. This may have negative performance implications. Please set the heap size to the default value (10240) 
[1443046732.712404] [node034:27417:0]         sys.c:719  MXM  WARN  Conflicting CPU frequencies detected, using: 2836.41
[1443046732.718577] [node034:27417:0]         mxm.c:185  MXM  WARN  The 'ulimit -s' on the system is set to 'unlimited'. This may have negative performance implications. Please set the heap size to the default value (10240) 
[1443046732.704777] [node035:30615:0]         sys.c:719  MXM  WARN  Conflicting CPU frequencies detected, using: 1688.34
[1443046732.708943] [node035:30615:0]         mxm.c:185  MXM  WARN  The 'ulimit -s' on the system is set to 'unlimited'. This may have negative performance implications. Please set the heap size to the default value (10240) 
[1443046732.706212] [node059:31859:0]         sys.c:719  MXM  WARN  Conflicting CPU frequencies detected, using: 1594.50
[1443046732.710371] [node059:31859:0]         mxm.c:185  MXM  WARN  The 'ulimit -s' on the system is set to 'unlimited'. This may have negative performance implications. Please set the heap size to the default value (10240) 
[1443046732.708420] [node051:4177 :0]         sys.c:719  MXM  WARN  Conflicting CPU frequencies detected, using: 1699.97
[1443046732.712493] [node051:4177 :0]         mxm.c:185  MXM  WARN  The 'ulimit -s' on the system is set to 'unlimited'. This may have negative performance implications. Please set the heap size to the default value (10240) 
[1443046732.697675] [node062:17688:0]         sys.c:719  MXM  WARN  Conflicting CPU frequencies detected, using: 1983.28
[1443046732.704741] [node062:17688:0]         mxm.c:185  MXM  WARN  The 'ulimit -s' on the system is set to 'unlimited'. This may have negative performance implications. Please set the heap size to the default value (10240) 
[1443046732.705590] [node042:27423:0]         sys.c:719  MXM  WARN  Conflicting CPU frequencies detected, using: 1766.25
[1443046732.712233] [node042:27423:0]         mxm.c:185  MXM  WARN  The 'ulimit -s' on the system is set to 'unlimited'. This may have negative performance implications. Please set the heap size to the default value (10240) 
[1443046732.706209] [node059:31858:0]         sys.c:719  MXM  WARN  Conflicting CPU frequencies detected, using: 1594.50
[1443046732.710469] [node059:31858:0]         mxm.c:185  MXM  WARN  The 'ulimit -s' on the system is set to 'unlimited'. This may have negative performance implications. Please set the heap size to the default value (10240) 
[1443046732.699586] [node018:25598:0]         sys.c:719  MXM  WARN  Conflicting CPU frequencies detected, using: 1777.22
[1443046732.706128] [node018:25598:0]         mxm.c:185  MXM  WARN  The 'ulimit -s' on the system is set to 'unlimited'. This may have negative performance implications. Please set the heap size to the default value (10240) 
[1443046732.697316] [node044:29602:0]         sys.c:719  MXM  WARN  Conflicting CPU frequencies detected, using: 1753.97
[1443046732.703287] [node044:29602:0]         mxm.c:185  MXM  WARN  The 'ulimit -s' on the system is set to 'unlimited'. This may have negative performance implications. Please set the heap size to the default value (10240) 
[1443046732.703596] [node056:4163 :0]         sys.c:719  MXM  WARN  Conflicting CPU frequencies detected, using: 1800.00
[1443046732.710742] [node056:4163 :0]         mxm.c:185  MXM  WARN  The 'ulimit -s' on the system is set to 'unlimited'. This may have negative performance implications. Please set the heap size to the default value (10240) 
[1443046732.698276] [node038:28721:0]         sys.c:719  MXM  WARN  Conflicting CPU frequencies detected, using: 1593.75
[1443046732.704565] [node038:28721:0]         mxm.c:185  MXM  WARN  The 'ulimit -s' on the system is set to 'unlimited'. This may have negative performance implications. Please set the heap size to the default value (10240) 
[1443046732.699507] [node064:11895:0]         sys.c:719  MXM  WARN  Conflicting CPU frequencies detected, using: 1589.34
[1443046732.705596] [node064:11895:0]         mxm.c:185  MXM  WARN  The 'ulimit -s' on the system is set to 'unlimited'. This may have negative performance implications. Please set the heap size to the default value (10240) 
[1443046732.719853] [node055:19420:0]         sys.c:719  MXM  WARN  Conflicting CPU frequencies detected, using: 1999.97
[1443046732.726114] [node055:19420:0]         mxm.c:185  MXM  WARN  The 'ulimit -s' on the system is set to 'unlimited'. This may have negative performance implications. Please set the heap size to the default value (10240) 
[1443046732.711866] [node055:19421:0]         sys.c:719  MXM  WARN  Conflicting CPU frequencies detected, using: 1999.97
[1443046732.718298] [node055:19421:0]         mxm.c:185  MXM  WARN  The 'ulimit -s' on the system is set to 'unlimited'. This may have negative performance implications. Please set the heap size to the default value (10240) 
[1443046732.710173] [node062:17710:0]         sys.c:719  MXM  WARN  Conflicting CPU frequencies detected, using: 1983.28
[1443046732.717603] [node062:17710:0]         mxm.c:185  MXM  WARN  The 'ulimit -s' on the system is set to 'unlimited'. This may have negative performance implications. Please set the heap size to the default value (10240) 
[1443046732.712739] [node054:19968:0]         sys.c:719  MXM  WARN  Conflicting CPU frequencies detected, using: 1796.16
[1443046732.718382] [node054:19968:0]         mxm.c:185  MXM  WARN  The 'ulimit -s' on the system is set to 'unlimited'. This may have negative performance implications. Please set the heap size to the default value (10240) 
[1443046732.699130] [node066:6053 :0]         sys.c:719  MXM  WARN  Conflicting CPU frequencies detected, using: 1686.47
[1443046732.707133] [node066:6053 :0]         mxm.c:185  MXM  WARN  The 'ulimit -s' on the system is set to 'unlimited'. This may have negative performance implications. Please set the heap size to the default value (10240) 
[1443046732.707191] [node054:19959:0]         sys.c:719  MXM  WARN  Conflicting CPU frequencies detected, using: 1796.16
[1443046732.712962] [node054:19959:0]         mxm.c:185  MXM  WARN  The 'ulimit -s' on the system is set to 'unlimited'. This may have negative performance implications. Please set the heap size to the default value (10240) 
[1443046732.699791] [node066:6054 :0]         sys.c:719  MXM  WARN  Conflicting CPU frequencies detected, using: 1686.47
[1443046732.707880] [node066:6054 :0]         mxm.c:185  MXM  WARN  The 'ulimit -s' on the system is set to 'unlimited'. This may have negative performance implications. Please set the heap size to the default value (10240) 
[1443046732.709114] [node042:27434:0]         sys.c:719  MXM  WARN  Conflicting CPU frequencies detected, using: 1766.25
[1443046732.716947] [node042:27434:0]         mxm.c:185  MXM  WARN  The 'ulimit -s' on the system is set to 'unlimited'. This may have negative performance implications. Please set the heap size to the default value (10240) 
[1443046732.716250] [node055:19422:0]         sys.c:719  MXM  WARN  Conflicting CPU frequencies detected, using: 1999.97
[1443046732.722078] [node055:19422:0]         mxm.c:185  MXM  WARN  The 'ulimit -s' on the system is set to 'unlimited'. This may have negative performance implications. Please set the heap size to the default value (10240) 
[1443046732.731345] [node047:12118:0]         sys.c:719  MXM  WARN  Conflicting CPU frequencies detected, using: 1895.44
[1443046732.735452] [node047:12118:0]         mxm.c:185  MXM  WARN  The 'ulimit -s' on the system is set to 'unlimited'. This may have negative performance implications. Please set the heap size to the default value (10240) 
[1443046732.706793] [node044:29614:0]         sys.c:719  MXM  WARN  Conflicting CPU frequencies detected, using: 1833.56
[1443046732.716384] [node044:29614:0]         mxm.c:185  MXM  WARN  The 'ulimit -s' on the system is set to 'unlimited'. This may have negative performance implications. Please set the heap size to the default value (10240) 
[1443046732.736219] [node052:13252:0]         sys.c:719  MXM  WARN  Conflicting CPU frequencies detected, using: 2388.94
[1443046732.739816] [node052:13252:0]         mxm.c:185  MXM  WARN  The 'ulimit -s' on the system is set to 'unlimited'. This may have negative performance implications. Please set the heap size to the default value (10240) 
[1443046732.705054] [node044:29613:0]         sys.c:719  MXM  WARN  Conflicting CPU frequencies detected, using: 1753.97
[1443046732.714137] [node044:29613:0]         mxm.c:185  MXM  WARN  The 'ulimit -s' on the system is set to 'unlimited'. This may have negative performance implications. Please set the heap size to the default value (10240) 
[1443046732.707107] [node042:27422:0]         sys.c:719  MXM  WARN  Conflicting CPU frequencies detected, using: 1766.25
[1443046732.716225] [node042:27422:0]         mxm.c:185  MXM  WARN  The 'ulimit -s' on the system is set to 'unlimited'. This may have negative performance implications. Please set the heap size to the default value (10240) 
[1443046732.723095] [node033:32528:0]         sys.c:719  MXM  WARN  Conflicting CPU frequencies detected, using: 2262.09
[1443046732.730704] [node033:32528:0]         mxm.c:185  MXM  WARN  The 'ulimit -s' on the system is set to 'unlimited'. This may have negative performance implications. Please set the heap size to the default value (10240) 
[1443046732.723833] [node068:4996 :0]         sys.c:719  MXM  WARN  Conflicting CPU frequencies detected, using: 2116.03
[1443046732.730551] [node068:4996 :0]         mxm.c:185  MXM  WARN  The 'ulimit -s' on the system is set to 'unlimited'. This may have negative performance implications. Please set the heap size to the default value (10240) 
[1443046732.714236] [node054:19960:0]         sys.c:719  MXM  WARN  Conflicting CPU frequencies detected, using: 1796.16
[1443046732.723504] [node054:19960:0]         mxm.c:185  MXM  WARN  The 'ulimit -s' on the system is set to 'unlimited'. This may have negative performance implications. Please set the heap size to the default value (10240) 
[1443046732.732935] [node056:4201 :0]         sys.c:719  MXM  WARN  Conflicting CPU frequencies detected, using: 1831.88
[1443046732.740231] [node056:4201 :0]         mxm.c:185  MXM  WARN  The 'ulimit -s' on the system is set to 'unlimited'. This may have negative performance implications. Please set the heap size to the default value (10240) 
[1443046732.726000] [node040:31202:0]         sys.c:719  MXM  WARN  Conflicting CPU frequencies detected, using: 2195.16
[1443046732.733056] [node040:31202:0]         mxm.c:185  MXM  WARN  The 'ulimit -s' on the system is set to 'unlimited'. This may have negative performance implications. Please set the heap size to the default value (10240) 
[1443046732.730514] [node066:6086 :0]         sys.c:719  MXM  WARN  Conflicting CPU frequencies detected, using: 1746.28
[1443046732.737279] [node066:6086 :0]         mxm.c:185  MXM  WARN  The 'ulimit -s' on the system is set to 'unlimited'. This may have negative performance implications. Please set the heap size to the default value (10240) 
[1443046732.734774] [node040:31217:0]         sys.c:719  MXM  WARN  Conflicting CPU frequencies detected, using: 1987.50
[1443046732.744051] [node040:31217:0]         mxm.c:185  MXM  WARN  The 'ulimit -s' on the system is set to 'unlimited'. This may have negative performance implications. Please set the heap size to the default value (10240) 
[1443046732.730543] [node040:31201:0]         sys.c:719  MXM  WARN  Conflicting CPU frequencies detected, using: 1987.50
[1443046732.738970] [node040:31201:0]         mxm.c:185  MXM  WARN  The 'ulimit -s' on the system is set to 'unlimited'. This may have negative performance implications. Please set the heap size to the default value (10240) 
[1443046732.728820] [node040:31203:0]         sys.c:719  MXM  WARN  Conflicting CPU frequencies detected, using: 1987.50
[1443046732.735568] [node040:31203:0]         mxm.c:185  MXM  WARN  The 'ulimit -s' on the system is set to 'unlimited'. This may have negative performance implications. Please set the heap size to the default value (10240) 
UPCR: UPC thread   1 of 192 on node001 (pshm node  0 of 48, process   1 of 192, pid=803)
UPCR: UPC thread   3 of 192 on node001 (pshm node  0 of 48, process   3 of 192, pid=805)
UPCR: UPC thread   2 of 192 on node001 (pshm node  0 of 48, process   2 of 192, pid=804)
UPCR: UPC thread   0 of 192 on node001 (pshm node  0 of 48, process   0 of 192, pid=802)
UPCR: UPC thread  92 of 192 on node044 (pshm node 23 of 48, process  92 of 192, pid=29585)
UPCR: UPC thread 183 of 192 on node066 (pshm node 45 of 48, process 183 of 192, pid=6053)
UPCR: UPC thread 160 of 192 on node061 (pshm node 40 of 48, process 160 of 192, pid=26012)
UPCR: UPC thread 184 of 192 on node067 (pshm node 46 of 48, process 184 of 192, pid=3526)
UPCR: UPC thread  98 of 192 on node045 (pshm node 24 of 48, process  98 of 192, pid=26834)
UPCR: UPC thread 131 of 192 on node053 (pshm node 32 of 48, process 131 of 192, pid=25831)
UPCR: UPC thread  96 of 192 on node045 (pshm node 24 of 48, process  96 of 192, pid=26811)
UPCR: UPC thread 162 of 192 on node061 (pshm node 40 of 48, process 162 of 192, pid=26055)
UPCR: UPC thread  58 of 192 on node035 (pshm node 14 of 48, process  58 of 192, pid=30566)
UPCR: UPC thread 181 of 192 on node066 (pshm node 45 of 48, process 181 of 192, pid=6054)
UPCR: UPC thread  84 of 192 on node042 (pshm node 21 of 48, process  84 of 192, pid=27423)
UPCR: UPC thread 154 of 192 on node059 (pshm node 38 of 48, process 154 of 192, pid=31815)
UPCR: UPC thread 158 of 192 on node060 (pshm node 39 of 48, process 158 of 192, pid=1605)
UPCR: UPC thread   4 of 192 on node002 (pshm node  1 of 48, process   4 of 192, pid=6620)
UPCR: UPC thread 182 of 192 on node066 (pshm node 45 of 48, process 182 of 192, pid=6086)
UPCR: UPC thread  28 of 192 on node017 (pshm node  7 of 48, process  28 of 192, pid=31452)
UPCR: UPC thread 111 of 192 on node048 (pshm node 27 of 48, process 111 of 192, pid=9689)
UPCR: UPC thread 178 of 192 on node065 (pshm node 44 of 48, process 178 of 192, pid=29557)
UPCR: UPC thread  27 of 192 on node007 (pshm node  6 of 48, process  27 of 192, pid=22529)
UPCR: UPC thread   8 of 192 on node003 (pshm node  2 of 48, process   8 of 192, pid=28541)
UPCR: UPC thread  57 of 192 on node035 (pshm node 14 of 48, process  57 of 192, pid=30616)
UPCR: UPC thread  79 of 192 on node040 (pshm node 19 of 48, process  79 of 192, pid=31217)
UPCR: UPC thread  87 of 192 on node042 (pshm node 21 of 48, process  87 of 192, pid=27434)
UPCR: UPC thread  67 of 192 on node037 (pshm node 16 of 48, process  67 of 192, pid=30962)
UPCR: UPC thread 185 of 192 on node067 (pshm node 46 of 48, process 185 of 192, pid=3569)
UPCR: UPC thread 138 of 192 on node055 (pshm node 34 of 48, process 138 of 192, pid=19394)
UPCR: UPC thread  51 of 192 on node033 (pshm node 12 of 48, process  51 of 192, pid=32511)
UPCR: UPC thread 173 of 192 on node064 (pshm node 43 of 48, process 173 of 192, pid=11847)
UPCR: UPC thread 114 of 192 on node049 (pshm node 28 of 48, process 114 of 192, pid=12499)
UPCR: UPC thread  55 of 192 on node034 (pshm node 13 of 48, process  55 of 192, pid=27417)
UPCR: UPC thread 123 of 192 on node051 (pshm node 30 of 48, process 123 of 192, pid=4134)
UPCR: UPC thread 159 of 192 on node060 (pshm node 39 of 48, process 159 of 192, pid=1652)
UPCR: UPC thread  42 of 192 on node031 (pshm node 10 of 48, process  42 of 192, pid=30684)
UPCR: UPC thread 152 of 192 on node059 (pshm node 38 of 48, process 152 of 192, pid=31809)
UPCR: UPC thread  99 of 192 on node045 (pshm node 24 of 48, process  99 of 192, pid=26856)
UPCR: UPC thread 106 of 192 on node047 (pshm node 26 of 48, process 106 of 192, pid=12081)
UPCR: UPC thread 130 of 192 on node053 (pshm node 32 of 48, process 130 of 192, pid=25832)
UPCR: UPC thread  22 of 192 on node006 (pshm node  5 of 48, process  22 of 192, pid=17035)
UPCR: UPC thread  53 of 192 on node034 (pshm node 13 of 48, process  53 of 192, pid=27369)
UPCR: UPC thread  73 of 192 on node039 (pshm node 18 of 48, process  73 of 192, pid=30143)
UPCR: UPC thread 128 of 192 on node053 (pshm node 32 of 48, process 128 of 192, pid=25852)
UPCR: UPC thread 142 of 192 on node056 (pshm node 35 of 48, process 142 of 192, pid=4201)
UPCR: UPC thread  66 of 192 on node037 (pshm node 16 of 48, process  66 of 192, pid=30915)
UPCR: UPC thread  11 of 192 on node003 (pshm node  2 of 48, process  11 of 192, pid=28469)
UPCR: UPC thread  10 of 192 on node003 (pshm node  2 of 48, process  10 of 192, pid=28493)
UPCR: UPC thread  70 of 192 on node038 (pshm node 17 of 48, process  70 of 192, pid=28713)
UPCR: UPC thread 188 of 192 on node068 (pshm node 47 of 48, process 188 of 192, pid=4931)
UPCR: UPC thread  86 of 192 on node042 (pshm node 21 of 48, process  86 of 192, pid=27400)
UPCR: UPC thread 189 of 192 on node068 (pshm node 47 of 48, process 189 of 192, pid=4978)
UPCR: UPC thread  34 of 192 on node018 (pshm node  8 of 48, process  34 of 192, pid=25597)
UPCR: UPC thread 161 of 192 on node061 (pshm node 40 of 48, process 161 of 192, pid=26011)
UPCR: UPC thread 186 of 192 on node067 (pshm node 46 of 48, process 186 of 192, pid=3592)
UPCR: UPC thread  38 of 192 on node030 (pshm node  9 of 48, process  38 of 192, pid=11845)
UPCR: UPC thread 126 of 192 on node052 (pshm node 31 of 48, process 126 of 192, pid=13252)
UPCR: UPC thread 171 of 192 on node063 (pshm node 42 of 48, process 171 of 192, pid=25953)
UPCR: UPC thread  89 of 192 on node043 (pshm node 22 of 48, process  89 of 192, pid=26849)
UPCR: UPC thread 169 of 192 on node063 (pshm node 42 of 48, process 169 of 192, pid=25999)
UPCR: UPC thread 177 of 192 on node065 (pshm node 44 of 48, process 177 of 192, pid=29574)
UPCR: UPC thread 187 of 192 on node067 (pshm node 46 of 48, process 187 of 192, pid=3521)
UPCR: UPC thread   9 of 192 on node003 (pshm node  2 of 48, process   9 of 192, pid=28517)
UPCR: UPC thread  81 of 192 on node041 (pshm node 20 of 48, process  81 of 192, pid=29362)
UPCR: UPC thread 129 of 192 on node053 (pshm node 32 of 48, process 129 of 192, pid=25881)
UPCR: UPC thread 133 of 192 on node054 (pshm node 33 of 48, process 133 of 192, pid=19948)
UPCR: UPC thread 180 of 192 on node066 (pshm node 45 of 48, process 180 of 192, pid=6028)
UPCR: UPC thread  83 of 192 on node041 (pshm node 20 of 48, process  83 of 192, pid=29394)
UPCR: UPC thread  16 of 192 on node005 (pshm node  4 of 48, process  16 of 192, pid=24696)
UPCR: UPC thread  85 of 192 on node042 (pshm node 21 of 48, process  85 of 192, pid=27422)
UPCR: UPC thread 168 of 192 on node063 (pshm node 42 of 48, process 168 of 192, pid=25952)
UPCR: UPC thread 179 of 192 on node065 (pshm node 44 of 48, process 179 of 192, pid=29605)
UPCR: UPC thread  31 of 192 on node017 (pshm node  7 of 48, process  31 of 192, pid=31524)
UPCR: UPC thread  75 of 192 on node039 (pshm node 18 of 48, process  75 of 192, pid=30173)
UPCR: UPC thread  24 of 192 on node007 (pshm node  6 of 48, process  24 of 192, pid=22598)
UPCR: UPC thread  40 of 192 on node031 (pshm node 10 of 48, process  40 of 192, pid=30732)
UPCR: UPC thread  33 of 192 on node018 (pshm node  8 of 48, process  33 of 192, pid=25598)
UPCR: UPC thread  93 of 192 on node044 (pshm node 23 of 48, process  93 of 192, pid=29613)
UPCR: UPC thread  64 of 192 on node037 (pshm node 16 of 48, process  64 of 192, pid=30898)
UPCR: UPC thread   7 of 192 on node002 (pshm node  1 of 48, process   7 of 192, pid=6597)
UPCR: UPC thread 166 of 192 on node062 (pshm node 41 of 48, process 166 of 192, pid=17688)
UPCR: UPC thread  49 of 192 on node033 (pshm node 12 of 48, process  49 of 192, pid=32528)
UPCR: UPC thread   5 of 192 on node002 (pshm node  1 of 48, process   5 of 192, pid=6653)
UPCR: UPC thread  94 of 192 on node044 (pshm node 23 of 48, process  94 of 192, pid=29614)
UPCR: UPC thread 170 of 192 on node063 (pshm node 42 of 48, process 170 of 192, pid=25927)
UPCR: UPC thread  95 of 192 on node044 (pshm node 23 of 48, process  95 of 192, pid=29602)
UPCR: UPC thread  41 of 192 on node031 (pshm node 10 of 48, process  41 of 192, pid=30708)
UPCR: UPC thread 134 of 192 on node054 (pshm node 33 of 48, process 134 of 192, pid=19959)
UPCR: UPC thread 107 of 192 on node047 (pshm node 26 of 48, process 107 of 192, pid=12118)
UPCR: UPC thread 112 of 192 on node049 (pshm node 28 of 48, process 112 of 192, pid=12506)
UPCR: UPC thread  56 of 192 on node035 (pshm node 14 of 48, process  56 of 192, pid=30615)
UPCR: UPC thread  80 of 192 on node041 (pshm node 20 of 48, process  80 of 192, pid=29350)
UPCR: UPC thread  48 of 192 on node033 (pshm node 12 of 48, process  48 of 192, pid=32463)
UPCR: UPC thread 101 of 192 on node046 (pshm node 25 of 48, process 101 of 192, pid=19379)
UPCR: UPC thread 190 of 192 on node068 (pshm node 47 of 48, process 190 of 192, pid=4996)
UPCR: UPC thread   6 of 192 on node002 (pshm node  1 of 48, process   6 of 192, pid=6580)
UPCR: UPC thread  18 of 192 on node005 (pshm node  4 of 48, process  18 of 192, pid=24648)
UPCR: UPC thread  20 of 192 on node006 (pshm node  5 of 48, process  20 of 192, pid=17060)
UPCR: UPC thread 191 of 192 on node068 (pshm node 47 of 48, process 191 of 192, pid=4955)
UPCR: UPC thread  43 of 192 on node031 (pshm node 10 of 48, process  43 of 192, pid=30749)
UPCR: UPC thread 176 of 192 on node065 (pshm node 44 of 48, process 176 of 192, pid=29629)
UPCR: UPC thread 151 of 192 on node058 (pshm node 37 of 48, process 151 of 192, pid=1225)
UPCR: UPC thread  50 of 192 on node033 (pshm node 12 of 48, process  50 of 192, pid=32487)
UPCR: UPC thread  12 of 192 on node004 (pshm node  3 of 48, process  12 of 192, pid=23081)
UPCR: UPC thread 104 of 192 on node047 (pshm node 26 of 48, process 104 of 192, pid=12080)
UPCR: UPC thread 110 of 192 on node048 (pshm node 27 of 48, process 110 of 192, pid=9688)
UPCR: UPC thread 145 of 192 on node057 (pshm node 36 of 48, process 145 of 192, pid=3676)
UPCR: UPC thread 141 of 192 on node056 (pshm node 35 of 48, process 141 of 192, pid=4162)
UPCR: UPC thread 153 of 192 on node059 (pshm node 38 of 48, process 153 of 192, pid=31858)
UPCR: UPC thread  78 of 192 on node040 (pshm node 19 of 48, process  78 of 192, pid=31203)
UPCR: UPC thread  65 of 192 on node037 (pshm node 16 of 48, process  65 of 192, pid=30938)
UPCR: UPC thread  23 of 192 on node006 (pshm node  5 of 48, process  23 of 192, pid=17083)
UPCR: UPC thread  35 of 192 on node018 (pshm node  8 of 48, process  35 of 192, pid=25573)
UPCR: UPC thread 140 of 192 on node056 (pshm node 35 of 48, process 140 of 192, pid=4144)
UPCR: UPC thread 136 of 192 on node055 (pshm node 34 of 48, process 136 of 192, pid=19421)
UPCR: UPC thread  74 of 192 on node039 (pshm node 18 of 48, process  74 of 192, pid=30102)
UPCR: UPC thread 122 of 192 on node051 (pshm node 30 of 48, process 122 of 192, pid=4176)
UPCR: UPC thread 113 of 192 on node049 (pshm node 28 of 48, process 113 of 192, pid=12507)
UPCR: UPC thread 175 of 192 on node064 (pshm node 43 of 48, process 175 of 192, pid=11851)
UPCR: UPC thread  30 of 192 on node017 (pshm node  7 of 48, process  30 of 192, pid=31490)
UPCR: UPC thread 124 of 192 on node052 (pshm node 31 of 48, process 124 of 192, pid=13214)
UPCR: UPC thread 103 of 192 on node046 (pshm node 25 of 48, process 103 of 192, pid=19386)
UPCR: UPC thread  52 of 192 on node034 (pshm node 13 of 48, process  52 of 192, pid=27386)
UPCR: UPC thread 118 of 192 on node050 (pshm node 29 of 48, process 118 of 192, pid=9121)
UPCR: UPC thread  68 of 192 on node038 (pshm node 17 of 48, process  68 of 192, pid=28692)
UPCR: UPC thread 120 of 192 on node051 (pshm node 30 of 48, process 120 of 192, pid=4177)
UPCR: UPC thread 105 of 192 on node047 (pshm node 26 of 48, process 105 of 192, pid=12060)
UPCR: UPC thread  54 of 192 on node034 (pshm node 13 of 48, process  54 of 192, pid=27345)
UPCR: UPC thread  14 of 192 on node004 (pshm node  3 of 48, process  14 of 192, pid=23105)
UPCR: UPC thread 155 of 192 on node059 (pshm node 38 of 48, process 155 of 192, pid=31859)
UPCR: UPC thread 137 of 192 on node055 (pshm node 34 of 48, process 137 of 192, pid=19422)
UPCR: UPC thread  77 of 192 on node040 (pshm node 19 of 48, process  77 of 192, pid=31201)
UPCR: UPC thread 164 of 192 on node062 (pshm node 41 of 48, process 164 of 192, pid=17710)
UPCR: UPC thread  91 of 192 on node043 (pshm node 22 of 48, process  91 of 192, pid=26800)
UPCR: UPC thread 115 of 192 on node049 (pshm node 28 of 48, process 115 of 192, pid=12475)
UPCR: UPC thread 125 of 192 on node052 (pshm node 31 of 48, process 125 of 192, pid=13190)
UPCR: UPC thread 163 of 192 on node061 (pshm node 40 of 48, process 163 of 192, pid=25986)
UPCR: UPC thread 109 of 192 on node048 (pshm node 27 of 48, process 109 of 192, pid=9735)
UPCR: UPC thread 146 of 192 on node057 (pshm node 36 of 48, process 146 of 192, pid=3622)
UPCR: UPC thread 132 of 192 on node054 (pshm node 33 of 48, process 132 of 192, pid=19968)
UPCR: UPC thread  29 of 192 on node017 (pshm node  7 of 48, process  29 of 192, pid=31475)
UPCR: UPC thread  69 of 192 on node038 (pshm node 17 of 48, process  69 of 192, pid=28668)
UPCR: UPC thread 139 of 192 on node055 (pshm node 34 of 48, process 139 of 192, pid=19420)
UPCR: UPC thread 127 of 192 on node052 (pshm node 31 of 48, process 127 of 192, pid=13224)
UPCR: UPC thread 100 of 192 on node046 (pshm node 25 of 48, process 100 of 192, pid=19385)
UPCR: UPC thread  13 of 192 on node004 (pshm node  3 of 48, process  13 of 192, pid=23057)
UPCR: UPC thread  36 of 192 on node030 (pshm node  9 of 48, process  36 of 192, pid=11853)
UPCR: UPC thread 174 of 192 on node064 (pshm node 43 of 48, process 174 of 192, pid=11895)
UPCR: UPC thread  17 of 192 on node005 (pshm node  4 of 48, process  17 of 192, pid=24665)
UPCR: UPC thread 149 of 192 on node058 (pshm node 37 of 48, process 149 of 192, pid=1301)
UPCR: UPC thread 147 of 192 on node057 (pshm node 36 of 48, process 147 of 192, pid=3670)
UPCR: UPC thread  32 of 192 on node018 (pshm node  8 of 48, process  32 of 192, pid=25549)
UPCR: UPC thread 144 of 192 on node057 (pshm node 36 of 48, process 144 of 192, pid=3636)
UPCR: UPC thread 148 of 192 on node058 (pshm node 37 of 48, process 148 of 192, pid=1235)
UPCR: UPC thread 135 of 192 on node054 (pshm node 33 of 48, process 135 of 192, pid=19960)
UPCR: UPC thread  46 of 192 on node032 (pshm node 11 of 48, process  46 of 192, pid=29920)
UPCR: UPC thread  59 of 192 on node035 (pshm node 14 of 48, process  59 of 192, pid=30590)
UPCR: UPC thread 121 of 192 on node051 (pshm node 30 of 48, process 121 of 192, pid=4158)
UPCR: UPC thread  19 of 192 on node005 (pshm node  4 of 48, process  19 of 192, pid=24624)
UPCR: UPC thread 116 of 192 on node050 (pshm node 29 of 48, process 116 of 192, pid=9122)
UPCR: UPC thread 172 of 192 on node064 (pshm node 43 of 48, process 172 of 192, pid=11823)
UPCR: UPC thread  72 of 192 on node039 (pshm node 18 of 48, process  72 of 192, pid=30126)
UPCR: UPC thread  44 of 192 on node032 (pshm node 11 of 48, process  44 of 192, pid=29883)
UPCR: UPC thread  39 of 192 on node030 (pshm node  9 of 48, process  39 of 192, pid=11826)
UPCR: UPC thread  60 of 192 on node036 (pshm node 15 of 48, process  60 of 192, pid=30613)
UPCR: UPC thread  62 of 192 on node036 (pshm node 15 of 48, process  62 of 192, pid=30605)
UPCR: UPC thread  45 of 192 on node032 (pshm node 11 of 48, process  45 of 192, pid=29904)
UPCR: UPC thread 119 of 192 on node050 (pshm node 29 of 48, process 119 of 192, pid=9086)
UPCR: UPC thread  82 of 192 on node041 (pshm node 20 of 48, process  82 of 192, pid=29326)
UPCR: UPC thread 157 of 192 on node060 (pshm node 39 of 48, process 157 of 192, pid=1629)
UPCR: UPC thread 102 of 192 on node046 (pshm node 25 of 48, process 102 of 192, pid=19374)
UPCR: UPC thread 108 of 192 on node048 (pshm node 27 of 48, process 108 of 192, pid=9670)
UPCR: UPC thread  71 of 192 on node038 (pshm node 17 of 48, process  71 of 192, pid=28721)
UPCR: UPC thread  61 of 192 on node036 (pshm node 15 of 48, process  61 of 192, pid=30624)
UPCR: UPC thread  63 of 192 on node036 (pshm node 15 of 48, process  63 of 192, pid=30670)
UPCR: UPC thread 150 of 192 on node058 (pshm node 37 of 48, process 150 of 192, pid=1234)
UPCR: UPC thread  25 of 192 on node007 (pshm node  6 of 48, process  25 of 192, pid=22536)
UPCR: UPC thread  47 of 192 on node032 (pshm node 11 of 48, process  47 of 192, pid=29918)
UPCR: UPC thread 143 of 192 on node056 (pshm node 35 of 48, process 143 of 192, pid=4163)
UPCR: UPC thread  76 of 192 on node040 (pshm node 19 of 48, process  76 of 192, pid=31202)
UPCR: UPC thread  21 of 192 on node006 (pshm node  5 of 48, process  21 of 192, pid=17011)
UPCR: UPC thread  97 of 192 on node045 (pshm node 24 of 48, process  97 of 192, pid=26862)
UPCR: UPC thread 167 of 192 on node062 (pshm node 41 of 48, process 167 of 192, pid=17658)
UPCR: UPC thread  37 of 192 on node030 (pshm node  9 of 48, process  37 of 192, pid=11802)
UPCR: UPC thread  88 of 192 on node043 (pshm node 22 of 48, process  88 of 192, pid=26840)
UPCR: UPC thread 165 of 192 on node062 (pshm node 41 of 48, process 165 of 192, pid=17682)
UPCR: UPC thread 156 of 192 on node060 (pshm node 39 of 48, process 156 of 192, pid=1658)
UPCR: UPC thread 117 of 192 on node050 (pshm node 29 of 48, process 117 of 192, pid=9098)
UPCR: UPC thread  15 of 192 on node004 (pshm node  3 of 48, process  15 of 192, pid=23129)
UPCR: UPC thread  26 of 192 on node007 (pshm node  6 of 48, process  26 of 192, pid=22577)
UPCR: UPC thread  90 of 192 on node043 (pshm node 22 of 48, process  90 of 192, pid=26817)
Initializing models/anderson.6.4-rgs.bdd!
Vector size: 19
Bits per integer: 4
Number of BDD variables: 76
Loading initial states: 
Initial states loaded... 
Loading transition relations... 
19 integers per state, 4 bits per integer, 18 transition groups
BDD nodes:
Initial states: 76 BDD nodes
Transition 0: 606 BDD nodes
Transition 1: 99 BDD nodes
Transition 2: 27 BDD nodes
Transition 3: 653 BDD nodes
Transition 4: 180 BDD nodes
Transition 5: 28 BDD nodes
Transition 6: 544 BDD nodes
Transition 7: 544 BDD nodes
Transition 8: 544 BDD nodes
Transition 9: 544 BDD nodes
Transition 10: 180 BDD nodes
Transition 11: 28 BDD nodes
Transition 12: 133 BDD nodes
Transition 13: 133 BDD nodes
Transition 14: 133 BDD nodes
Transition 15: 28 BDD nodes
Transition 16: 28 BDD nodes
Transition 17: 28 BDD nodes
Level 1... done. 
Level 2... done. 
Level 3... done. 
Level 4... done. 
Level 5... done. 
Level 6... done. 
Level 7... done. 
Level 8... done. 
Level 9... done. 
Level 10... done. 
Level 11... done. 
Level 12... done. 
Level 13... done. 
Level 14... done. 
Level 15... done. 
Level 16... done. 
Level 17... done. 
Level 18... done. 
Level 19... done. 
Level 20... done. 
Level 21... done. 
Level 22... done. 
Level 23... done. 
Level 24... done. 
Level 25... done. 
Level 26... done. 
Level 27... done. 
Level 28... done. 
Level 29... done. 
Level 30... done. 
Level 31... done. 
Level 32... done. 
Level 33... done. 
Level 34... done. 
Level 35... done. 
Level 36... done. 
Level 37... done. 
Level 38... done. 
Level 39... done. 
Level 40... done. 
Level 41... done. 
Level 42... done. 
Level 43... done. 
Level 44... done. 
Level 45... done. 
Level 46... done. 
Level 47... done. 
Level 48... done. 
Level 49... done. 
Level 50... done. 
Level 51... done. 
Level 52... done. 
Level 53... done. 
Level 54... done. 
Level 55... done. 
Level 56... done. 
Level 57... done. 
Level 58... done. 
Level 59... done. 
Level 60... done. 
Level 61... done. 
Level 62... done. 
Level 63... done. 
Level 64... done. 
Level 65... done. 
Level 66... done. 
Level 67... done. 
Level 68... done. 
Level 69... done. 
Level 70... done. 
Level 71... done. 
Level 72... done. 
Level 73... done. 
Level 74... done. 
Level 75... done. 
Level 76... done. 
Level 77... done. 
Level 78... done. 
Level 79... done. 
Level 80... done. 
Level 81... done. 
Level 82... done. 
Level 83... done. 
Level 84... done. 
Level 85... done. 
Level 86... done. 
Level 87... done. 
Level 88... done. 
Level 89... done. 
Level 90... done. 
Level 91... done. 
Level 92... done. 
Level 93... done. 
Level 94... done. 
Level 95... done. 
Level 96... done. 
Level 97... done. 
Level 98... done. 
Level 99... done. 
Level 100... done. 
Level 101... done. 
Level 102... done. 
Level 103... done. 
Level 104... done. 
Level 105... done. 
Level 106... done. 
Level 107... done. 
Level 108... done. 
Level 109... done. 
Level 110... done. 
Level 111... done. 
Level 112... done. 
Level 113... done. 
Level 114... done. 
Level 115... done. 
Level 116... done. 
Level 117... done. 
Level 118... done. 
Level 119... done. 
Level 120... done. 
Level 121... done. 
Level 122... done. 
Level 123... done. 
Level 124... done. 
Level 125... done. 
Level 126... done. 
Level 127... done. 
Level 128... done. 
Level 129... done. 
Level 130... done. 
Level 131... done. 
Level 132... done. 
Level 133... done. 
Level 134... done. 
Level 135... done. 
Level 136... done. 
Level 137... done. 
Level 138... done. 
Level 139... done. 
Level 140... done. 
Level 141... done. 
Level 142... done. 
Level 143... done. 
Level 144... done. 
Level 145... done. 
Level 146... done. 
Level 147... done. 
Level 148... done. 
Level 149... done. 
Level 150... done. 
Level 151... done. 
Level 152... done. 
Level 153... done. 
Level 154... done. 
Level 155... done. 
Level 156... done. 
Level 157... done. 
Level 158... done. 
Level 159... done. 
Level 160... done. 
Level 161... done. 
Level 162... done. 
Level 163... done. 
Level 164... done. 
Level 165... done. 
Level 166... done. 
Level 167... done. 
Level 168... done. 
Level 169... done. 
Level 170... done. 
Level 171... done. 
Level 172... done. 
Level 173... done. 
Level 174... done. 
Level 175... done. 
Level 176... done. 
Level 177... done. 
Level 178... done. 
Level 179... done. 
Level 180... done. 
Level 181... done. 
PAR Time: 7.750823
Final states: 18206917 states
Final states: 76234 BDD nodes
[1443046730.766996] [node001:757  :0]         sys.c:719  MXM  WARN  Conflicting CPU frequencies detected, using: 2370.38
