[1443889557.126845] [node001:10852:0]         sys.c:719  MXM  WARN  Conflicting CPU frequencies detected, using: 1430.91
[1443889557.158424] [node001:10852:0]         mxm.c:185  MXM  WARN  The 'ulimit -s' on the system is set to 'unlimited'. This may have negative performance implications. Please set the heap size to the default value (10240) 
[1443889557.127309] [node001:10851:0]         sys.c:719  MXM  WARN  Conflicting CPU frequencies detected, using: 1430.91
[1443889557.160993] [node001:10851:0]         mxm.c:185  MXM  WARN  The 'ulimit -s' on the system is set to 'unlimited'. This may have negative performance implications. Please set the heap size to the default value (10240) 
[1443889557.623191] [node004:7704 :0]         sys.c:719  MXM  WARN  Conflicting CPU frequencies detected, using: 1346.72
[1443889557.627620] [node004:7704 :0]         mxm.c:185  MXM  WARN  The 'ulimit -s' on the system is set to 'unlimited'. This may have negative performance implications. Please set the heap size to the default value (10240) 
[1443889557.626896] [node003:14876:0]         sys.c:719  MXM  WARN  Conflicting CPU frequencies detected, using: 1492.50
[1443889557.631046] [node003:14876:0]         mxm.c:185  MXM  WARN  The 'ulimit -s' on the system is set to 'unlimited'. This may have negative performance implications. Please set the heap size to the default value (10240) 
[1443889557.629566] [node003:14880:0]         sys.c:719  MXM  WARN  Conflicting CPU frequencies detected, using: 1492.88
[1443889557.633477] [node003:14880:0]         mxm.c:185  MXM  WARN  The 'ulimit -s' on the system is set to 'unlimited'. This may have negative performance implications. Please set the heap size to the default value (10240) 
[1443889557.724591] [node007:28105:0]         sys.c:719  MXM  WARN  Conflicting CPU frequencies detected, using: 2438.62
[1443889557.729034] [node007:28105:0]         mxm.c:185  MXM  WARN  The 'ulimit -s' on the system is set to 'unlimited'. This may have negative performance implications. Please set the heap size to the default value (10240) 
[1443889557.712870] [node004:7727 :0]         sys.c:719  MXM  WARN  Conflicting CPU frequencies detected, using: 1495.97
[1443889557.716672] [node004:7727 :0]         mxm.c:185  MXM  WARN  The 'ulimit -s' on the system is set to 'unlimited'. This may have negative performance implications. Please set the heap size to the default value (10240) 
[1443889557.751296] [node002:22308:0]         sys.c:719  MXM  WARN  Conflicting CPU frequencies detected, using: 1397.06
[1443889557.755672] [node002:22308:0]         mxm.c:185  MXM  WARN  The 'ulimit -s' on the system is set to 'unlimited'. This may have negative performance implications. Please set the heap size to the default value (10240) 
[1443889557.777022] [node005:862  :0]         sys.c:719  MXM  WARN  Conflicting CPU frequencies detected, using: 1599.38
[1443889557.781174] [node005:862  :0]         mxm.c:185  MXM  WARN  The 'ulimit -s' on the system is set to 'unlimited'. This may have negative performance implications. Please set the heap size to the default value (10240) 
[1443889557.785492] [node006:26198:0]         sys.c:719  MXM  WARN  Conflicting CPU frequencies detected, using: 1434.94
[1443889557.789871] [node006:26198:0]         mxm.c:185  MXM  WARN  The 'ulimit -s' on the system is set to 'unlimited'. This may have negative performance implications. Please set the heap size to the default value (10240) 
[1443889557.821631] [node008:12722:0]         sys.c:719  MXM  WARN  Conflicting CPU frequencies detected, using: 2957.06
[1443889557.828481] [node008:12722:0]         mxm.c:185  MXM  WARN  The 'ulimit -s' on the system is set to 'unlimited'. This may have negative performance implications. Please set the heap size to the default value (10240) 
[1443889557.880050] [node010:21476:0]         sys.c:719  MXM  WARN  Conflicting CPU frequencies detected, using: 2712.66
[1443889557.884373] [node010:21476:0]         mxm.c:185  MXM  WARN  The 'ulimit -s' on the system is set to 'unlimited'. This may have negative performance implications. Please set the heap size to the default value (10240) 
[1443889557.926803] [node056:8310 :0]         sys.c:719  MXM  WARN  Conflicting CPU frequencies detected, using: 1478.72
[1443889557.933183] [node056:8310 :0]         mxm.c:185  MXM  WARN  The 'ulimit -s' on the system is set to 'unlimited'. This may have negative performance implications. Please set the heap size to the default value (10240) 
[1443889557.900375] [node006:26222:0]         sys.c:719  MXM  WARN  Conflicting CPU frequencies detected, using: 1492.41
[1443889557.904429] [node006:26222:0]         mxm.c:185  MXM  WARN  The 'ulimit -s' on the system is set to 'unlimited'. This may have negative performance implications. Please set the heap size to the default value (10240) 
[1443889557.911191] [node009:30726:0]         sys.c:719  MXM  WARN  Conflicting CPU frequencies detected, using: 1758.84
[1443889557.917572] [node009:30726:0]         mxm.c:185  MXM  WARN  The 'ulimit -s' on the system is set to 'unlimited'. This may have negative performance implications. Please set the heap size to the default value (10240) 
[1443889557.962243] [node031:31687:0]         sys.c:719  MXM  WARN  Conflicting CPU frequencies detected, using: 1424.44
[1443889557.968604] [node031:31687:0]         mxm.c:185  MXM  WARN  The 'ulimit -s' on the system is set to 'unlimited'. This may have negative performance implications. Please set the heap size to the default value (10240) 
[1443889557.961748] [node054:4800 :0]         sys.c:719  MXM  WARN  Conflicting CPU frequencies detected, using: 1418.06
[1443889557.968112] [node054:4800 :0]         mxm.c:185  MXM  WARN  The 'ulimit -s' on the system is set to 'unlimited'. This may have negative performance implications. Please set the heap size to the default value (10240) 
[1443889557.960156] [node014:27517:0]         sys.c:719  MXM  WARN  Conflicting CPU frequencies detected, using: 2403.94
[1443889557.964745] [node014:27517:0]         mxm.c:185  MXM  WARN  The 'ulimit -s' on the system is set to 'unlimited'. This may have negative performance implications. Please set the heap size to the default value (10240) 
[1443889557.947060] [node005:889  :0]         sys.c:719  MXM  WARN  Conflicting CPU frequencies detected, using: 1599.38
[1443889557.951268] [node005:889  :0]         mxm.c:185  MXM  WARN  The 'ulimit -s' on the system is set to 'unlimited'. This may have negative performance implications. Please set the heap size to the default value (10240) 
[1443889557.954973] [node009:30743:0]         sys.c:719  MXM  WARN  Conflicting CPU frequencies detected, using: 1758.84
[1443889557.960763] [node009:30743:0]         mxm.c:185  MXM  WARN  The 'ulimit -s' on the system is set to 'unlimited'. This may have negative performance implications. Please set the heap size to the default value (10240) 
[1443889557.983887] [node010:21500:0]         sys.c:719  MXM  WARN  Conflicting CPU frequencies detected, using: 2712.66
[1443889557.987976] [node010:21500:0]         mxm.c:185  MXM  WARN  The 'ulimit -s' on the system is set to 'unlimited'. This may have negative performance implications. Please set the heap size to the default value (10240) 
[1443889557.986972] [node051:4068 :0]         sys.c:719  MXM  WARN  Conflicting CPU frequencies detected, using: 3053.62
[1443889557.991164] [node051:4068 :0]         mxm.c:185  MXM  WARN  The 'ulimit -s' on the system is set to 'unlimited'. This may have negative performance implications. Please set the heap size to the default value (10240) 
[1443889558.054155] [node013:19532:0]         sys.c:719  MXM  WARN  Conflicting CPU frequencies detected, using: 1439.81
[1443889558.060376] [node013:19532:0]         mxm.c:185  MXM  WARN  The 'ulimit -s' on the system is set to 'unlimited'. This may have negative performance implications. Please set the heap size to the default value (10240) 
[1443889558.061914] [node012:20390:0]         sys.c:719  MXM  WARN  Conflicting CPU frequencies detected, using: 1299.94
[1443889558.068427] [node012:20390:0]         mxm.c:185  MXM  WARN  The 'ulimit -s' on the system is set to 'unlimited'. This may have negative performance implications. Please set the heap size to the default value (10240) 
[1443889558.023986] [node002:22332:0]         sys.c:719  MXM  WARN  Conflicting CPU frequencies detected, using: 1530.75
[1443889558.028180] [node002:22332:0]         mxm.c:185  MXM  WARN  The 'ulimit -s' on the system is set to 'unlimited'. This may have negative performance implications. Please set the heap size to the default value (10240) 
[1443889558.059243] [node030:23786:0]         sys.c:719  MXM  WARN  Conflicting CPU frequencies detected, using: 1588.88
[1443889558.065584] [node030:23786:0]         mxm.c:185  MXM  WARN  The 'ulimit -s' on the system is set to 'unlimited'. This may have negative performance implications. Please set the heap size to the default value (10240) 
[1443889558.063124] [node030:23787:0]         sys.c:719  MXM  WARN  Conflicting CPU frequencies detected, using: 1588.88
[1443889558.069530] [node030:23787:0]         mxm.c:185  MXM  WARN  The 'ulimit -s' on the system is set to 'unlimited'. This may have negative performance implications. Please set the heap size to the default value (10240) 
[1443889558.040693] [node034:26137:0]         sys.c:719  MXM  WARN  Conflicting CPU frequencies detected, using: 2946.47
[1443889558.047076] [node034:26137:0]         mxm.c:185  MXM  WARN  The 'ulimit -s' on the system is set to 'unlimited'. This may have negative performance implications. Please set the heap size to the default value (10240) 
[1443889558.036032] [node055:5361 :0]         sys.c:719  MXM  WARN  Conflicting CPU frequencies detected, using: 2393.06
[1443889558.042567] [node055:5361 :0]         mxm.c:185  MXM  WARN  The 'ulimit -s' on the system is set to 'unlimited'. This may have negative performance implications. Please set the heap size to the default value (10240) 
[1443889558.050895] [node007:28129:0]         sys.c:719  MXM  WARN  Conflicting CPU frequencies detected, using: 2438.62
[1443889558.055057] [node007:28129:0]         mxm.c:185  MXM  WARN  The 'ulimit -s' on the system is set to 'unlimited'. This may have negative performance implications. Please set the heap size to the default value (10240) 
[1443889558.052634] [node016:16289:0]         sys.c:719  MXM  WARN  Conflicting CPU frequencies detected, using: 3069.56
[1443889558.056968] [node016:16289:0]         mxm.c:185  MXM  WARN  The 'ulimit -s' on the system is set to 'unlimited'. This may have negative performance implications. Please set the heap size to the default value (10240) 
[1443889558.073077] [node015:7663 :0]         sys.c:719  MXM  WARN  Conflicting CPU frequencies detected, using: 1492.69
[1443889558.078950] [node015:7663 :0]         mxm.c:185  MXM  WARN  The 'ulimit -s' on the system is set to 'unlimited'. This may have negative performance implications. Please set the heap size to the default value (10240) 
[1443889558.052445] [node032:31006:0]         sys.c:719  MXM  WARN  Conflicting CPU frequencies detected, using: 2620.88
[1443889558.058741] [node032:31006:0]         mxm.c:185  MXM  WARN  The 'ulimit -s' on the system is set to 'unlimited'. This may have negative performance implications. Please set the heap size to the default value (10240) 
[1443889558.054937] [node014:27541:0]         sys.c:719  MXM  WARN  Conflicting CPU frequencies detected, using: 2385.19
[1443889558.059140] [node014:27541:0]         mxm.c:185  MXM  WARN  The 'ulimit -s' on the system is set to 'unlimited'. This may have negative performance implications. Please set the heap size to the default value (10240) 
[1443889558.052703] [node036:28832:0]         sys.c:719  MXM  WARN  Conflicting CPU frequencies detected, using: 2109.84
[1443889558.056811] [node036:28832:0]         mxm.c:185  MXM  WARN  The 'ulimit -s' on the system is set to 'unlimited'. This may have negative performance implications. Please set the heap size to the default value (10240) 
[1443889558.059157] [node035:29953:0]         sys.c:719  MXM  WARN  Conflicting CPU frequencies detected, using: 2298.09
[1443889558.063103] [node035:29953:0]         mxm.c:185  MXM  WARN  The 'ulimit -s' on the system is set to 'unlimited'. This may have negative performance implications. Please set the heap size to the default value (10240) 
[1443889558.051410] [node042:24653:0]         sys.c:719  MXM  WARN  Conflicting CPU frequencies detected, using: 3131.44
[1443889558.057804] [node042:24653:0]         mxm.c:185  MXM  WARN  The 'ulimit -s' on the system is set to 'unlimited'. This may have negative performance implications. Please set the heap size to the default value (10240) 
[1443889558.067498] [node051:4091 :0]         sys.c:719  MXM  WARN  Conflicting CPU frequencies detected, using: 3053.62
[1443889558.071428] [node051:4091 :0]         mxm.c:185  MXM  WARN  The 'ulimit -s' on the system is set to 'unlimited'. This may have negative performance implications. Please set the heap size to the default value (10240) 
[1443889558.046899] [node053:8541 :0]         sys.c:719  MXM  WARN  Conflicting CPU frequencies detected, using: 1495.59
[1443889558.051235] [node053:8541 :0]         mxm.c:185  MXM  WARN  The 'ulimit -s' on the system is set to 'unlimited'. This may have negative performance implications. Please set the heap size to the default value (10240) 
[1443889558.088577] [node015:7677 :0]         sys.c:719  MXM  WARN  Conflicting CPU frequencies detected, using: 1513.97
[1443889558.096257] [node015:7677 :0]         mxm.c:185  MXM  WARN  The 'ulimit -s' on the system is set to 'unlimited'. This may have negative performance implications. Please set the heap size to the default value (10240) 
[1443889558.045683] [node056:8334 :0]         sys.c:719  MXM  WARN  Conflicting CPU frequencies detected, using: 1578.84
[1443889558.051719] [node056:8334 :0]         mxm.c:185  MXM  WARN  The 'ulimit -s' on the system is set to 'unlimited'. This may have negative performance implications. Please set the heap size to the default value (10240) 
[1443889558.077401] [node052:29920:0]         sys.c:719  MXM  WARN  Conflicting CPU frequencies detected, using: 1773.00
[1443889558.081818] [node052:29920:0]         mxm.c:185  MXM  WARN  The 'ulimit -s' on the system is set to 'unlimited'. This may have negative performance implications. Please set the heap size to the default value (10240) 
[1443889558.105403] [node016:16306:0]         sys.c:719  MXM  WARN  Conflicting CPU frequencies detected, using: 3069.56
[1443889558.109230] [node016:16306:0]         mxm.c:185  MXM  WARN  The 'ulimit -s' on the system is set to 'unlimited'. This may have negative performance implications. Please set the heap size to the default value (10240) 
[1443889558.078445] [node043:26066:0]         sys.c:719  MXM  WARN  Conflicting CPU frequencies detected, using: 1899.38
[1443889558.084864] [node043:26066:0]         mxm.c:185  MXM  WARN  The 'ulimit -s' on the system is set to 'unlimited'. This may have negative performance implications. Please set the heap size to the default value (10240) 
[1443889558.077554] [node019:29935:0]         sys.c:719  MXM  WARN  Conflicting CPU frequencies detected, using: 1454.06
[1443889558.082097] [node019:29935:0]         mxm.c:185  MXM  WARN  The 'ulimit -s' on the system is set to 'unlimited'. This may have negative performance implications. Please set the heap size to the default value (10240) 
[1443889558.101694] [node008:12746:0]         sys.c:719  MXM  WARN  Conflicting CPU frequencies detected, using: 2957.06
[1443889558.108158] [node008:12746:0]         mxm.c:185  MXM  WARN  The 'ulimit -s' on the system is set to 'unlimited'. This may have negative performance implications. Please set the heap size to the default value (10240) 
[1443889558.090881] [node044:26804:0]         sys.c:719  MXM  WARN  Conflicting CPU frequencies detected, using: 2120.06
[1443889558.097314] [node044:26804:0]         mxm.c:185  MXM  WARN  The 'ulimit -s' on the system is set to 'unlimited'. This may have negative performance implications. Please set the heap size to the default value (10240) 
[1443889558.108735] [node032:31026:0]         sys.c:719  MXM  WARN  Conflicting CPU frequencies detected, using: 2620.88
[1443889558.114944] [node032:31026:0]         mxm.c:185  MXM  WARN  The 'ulimit -s' on the system is set to 'unlimited'. This may have negative performance implications. Please set the heap size to the default value (10240) 
[1443889558.112925] [node055:5384 :0]         sys.c:719  MXM  WARN  Conflicting CPU frequencies detected, using: 2393.06
[1443889558.118928] [node055:5384 :0]         mxm.c:185  MXM  WARN  The 'ulimit -s' on the system is set to 'unlimited'. This may have negative performance implications. Please set the heap size to the default value (10240) 
[1443889558.104340] [node040:29595:0]         sys.c:719  MXM  WARN  Conflicting CPU frequencies detected, using: 2381.25
[1443889558.111056] [node040:29595:0]         mxm.c:185  MXM  WARN  The 'ulimit -s' on the system is set to 'unlimited'. This may have negative performance implications. Please set the heap size to the default value (10240) 
[1443889558.130388] [node050:5883 :0]         sys.c:719  MXM  WARN  Conflicting CPU frequencies detected, using: 2373.56
[1443889558.134499] [node050:5883 :0]         mxm.c:185  MXM  WARN  The 'ulimit -s' on the system is set to 'unlimited'. This may have negative performance implications. Please set the heap size to the default value (10240) 
[1443889558.132128] [node045:24035:0]         sys.c:719  MXM  WARN  Conflicting CPU frequencies detected, using: 3146.53
[1443889558.138480] [node045:24035:0]         mxm.c:185  MXM  WARN  The 'ulimit -s' on the system is set to 'unlimited'. This may have negative performance implications. Please set the heap size to the default value (10240) 
[1443889558.130960] [node011:5390 :0]         sys.c:719  MXM  WARN  Conflicting CPU frequencies detected, using: 2541.75
[1443889558.137196] [node011:5390 :0]         mxm.c:185  MXM  WARN  The 'ulimit -s' on the system is set to 'unlimited'. This may have negative performance implications. Please set the heap size to the default value (10240) 
[1443889558.129264] [node021:2576 :0]         sys.c:719  MXM  WARN  Conflicting CPU frequencies detected, using: 1717.69
[1443889558.133176] [node021:2576 :0]         mxm.c:185  MXM  WARN  The 'ulimit -s' on the system is set to 'unlimited'. This may have negative performance implications. Please set the heap size to the default value (10240) 
[1443889558.141793] [node019:29956:0]         sys.c:719  MXM  WARN  Conflicting CPU frequencies detected, using: 1678.59
[1443889558.145699] [node019:29956:0]         mxm.c:185  MXM  WARN  The 'ulimit -s' on the system is set to 'unlimited'. This may have negative performance implications. Please set the heap size to the default value (10240) 
[1443889558.130813] [node048:9342 :0]         sys.c:719  MXM  WARN  Conflicting CPU frequencies detected, using: 1397.06
[1443889558.134918] [node048:9342 :0]         mxm.c:185  MXM  WARN  The 'ulimit -s' on the system is set to 'unlimited'. This may have negative performance implications. Please set the heap size to the default value (10240) 
[1443889558.147494] [node047:12767:0]         sys.c:719  MXM  WARN  Conflicting CPU frequencies detected, using: 1700.06
[1443889558.151485] [node047:12767:0]         mxm.c:185  MXM  WARN  The 'ulimit -s' on the system is set to 'unlimited'. This may have negative performance implications. Please set the heap size to the default value (10240) 
[1443889558.185720] [node054:4824 :0]         sys.c:719  MXM  WARN  Conflicting CPU frequencies detected, using: 1398.75
[1443889558.192018] [node054:4824 :0]         mxm.c:185  MXM  WARN  The 'ulimit -s' on the system is set to 'unlimited'. This may have negative performance implications. Please set the heap size to the default value (10240) 
[1443889558.147955] [node025:25500:0]         sys.c:719  MXM  WARN  Conflicting CPU frequencies detected, using: 1600.12
[1443889558.152165] [node025:25500:0]         mxm.c:185  MXM  WARN  The 'ulimit -s' on the system is set to 'unlimited'. This may have negative performance implications. Please set the heap size to the default value (10240) 
[1443889558.190105] [node041:24697:0]         sys.c:719  MXM  WARN  Conflicting CPU frequencies detected, using: 1497.94
[1443889558.196307] [node041:24697:0]         mxm.c:185  MXM  WARN  The 'ulimit -s' on the system is set to 'unlimited'. This may have negative performance implications. Please set the heap size to the default value (10240) 
[1443889558.190729] [node012:20415:0]         sys.c:719  MXM  WARN  Conflicting CPU frequencies detected, using: 1399.59
[1443889558.196671] [node012:20415:0]         mxm.c:185  MXM  WARN  The 'ulimit -s' on the system is set to 'unlimited'. This may have negative performance implications. Please set the heap size to the default value (10240) 
[1443889558.159855] [node025:25512:0]         sys.c:719  MXM  WARN  Conflicting CPU frequencies detected, using: 1699.22
[1443889558.164036] [node025:25512:0]         mxm.c:185  MXM  WARN  The 'ulimit -s' on the system is set to 'unlimited'. This may have negative performance implications. Please set the heap size to the default value (10240) 
[1443889558.145480] [node018:14554:0]         sys.c:719  MXM  WARN  Conflicting CPU frequencies detected, using: 1492.22
[1443889558.151674] [node018:14554:0]         mxm.c:185  MXM  WARN  The 'ulimit -s' on the system is set to 'unlimited'. This may have negative performance implications. Please set the heap size to the default value (10240) 
[1443889558.183030] [node042:24677:0]         sys.c:719  MXM  WARN  Conflicting CPU frequencies detected, using: 3131.44
[1443889558.188786] [node042:24677:0]         mxm.c:185  MXM  WARN  The 'ulimit -s' on the system is set to 'unlimited'. This may have negative performance implications. Please set the heap size to the default value (10240) 
[1443889558.181643] [node036:28856:0]         sys.c:719  MXM  WARN  Conflicting CPU frequencies detected, using: 2109.84
[1443889558.185805] [node036:28856:0]         mxm.c:185  MXM  WARN  The 'ulimit -s' on the system is set to 'unlimited'. This may have negative performance implications. Please set the heap size to the default value (10240) 
[1443889558.184762] [node034:26161:0]         sys.c:719  MXM  WARN  Conflicting CPU frequencies detected, using: 2946.47
[1443889558.190867] [node034:26161:0]         mxm.c:185  MXM  WARN  The 'ulimit -s' on the system is set to 'unlimited'. This may have negative performance implications. Please set the heap size to the default value (10240) 
[1443889558.201765] [node017:30868:0]         sys.c:719  MXM  WARN  Conflicting CPU frequencies detected, using: 1572.38
[1443889558.209143] [node017:30868:0]         mxm.c:185  MXM  WARN  The 'ulimit -s' on the system is set to 'unlimited'. This may have negative performance implications. Please set the heap size to the default value (10240) 
[1443889558.204738] [node017:30869:0]         sys.c:719  MXM  WARN  Conflicting CPU frequencies detected, using: 1494.75
[1443889558.212152] [node017:30869:0]         mxm.c:185  MXM  WARN  The 'ulimit -s' on the system is set to 'unlimited'. This may have negative performance implications. Please set the heap size to the default value (10240) 
[1443889558.190723] [node035:29977:0]         sys.c:719  MXM  WARN  Conflicting CPU frequencies detected, using: 2298.09
[1443889558.194733] [node035:29977:0]         mxm.c:185  MXM  WARN  The 'ulimit -s' on the system is set to 'unlimited'. This may have negative performance implications. Please set the heap size to the default value (10240) 
[1443889558.183734] [node053:8565 :0]         sys.c:719  MXM  WARN  Conflicting CPU frequencies detected, using: 1898.16
[1443889558.188089] [node053:8565 :0]         mxm.c:185  MXM  WARN  The 'ulimit -s' on the system is set to 'unlimited'. This may have negative performance implications. Please set the heap size to the default value (10240) 
[1443889558.188800] [node011:5411 :0]         sys.c:719  MXM  WARN  Conflicting CPU frequencies detected, using: 2541.75
[1443889558.194836] [node011:5411 :0]         mxm.c:185  MXM  WARN  The 'ulimit -s' on the system is set to 'unlimited'. This may have negative performance implications. Please set the heap size to the default value (10240) 
[1443889558.169377] [node029:29512:0]         sys.c:719  MXM  WARN  Conflicting CPU frequencies detected, using: 1399.97
[1443889558.173465] [node029:29512:0]         mxm.c:185  MXM  WARN  The 'ulimit -s' on the system is set to 'unlimited'. This may have negative performance implications. Please set the heap size to the default value (10240) 
[1443889558.185570] [node050:5902 :0]         sys.c:719  MXM  WARN  Conflicting CPU frequencies detected, using: 1576.97
[1443889558.189584] [node050:5902 :0]         mxm.c:185  MXM  WARN  The 'ulimit -s' on the system is set to 'unlimited'. This may have negative performance implications. Please set the heap size to the default value (10240) 
[1443889558.186055] [node037:29932:0]         sys.c:719  MXM  WARN  Conflicting CPU frequencies detected, using: 1693.59
[1443889558.189960] [node037:29932:0]         mxm.c:185  MXM  WARN  The 'ulimit -s' on the system is set to 'unlimited'. This may have negative performance implications. Please set the heap size to the default value (10240) 
[1443889558.192664] [node044:26828:0]         sys.c:719  MXM  WARN  Conflicting CPU frequencies detected, using: 2120.06
[1443889558.198213] [node044:26828:0]         mxm.c:185  MXM  WARN  The 'ulimit -s' on the system is set to 'unlimited'. This may have negative performance implications. Please set the heap size to the default value (10240) 
[1443889558.192782] [node037:29946:0]         sys.c:719  MXM  WARN  Conflicting CPU frequencies detected, using: 1693.59
[1443889558.197783] [node037:29946:0]         mxm.c:185  MXM  WARN  The 'ulimit -s' on the system is set to 'unlimited'. This may have negative performance implications. Please set the heap size to the default value (10240) 
[1443889558.181589] [node013:19556:0]         sys.c:719  MXM  WARN  Conflicting CPU frequencies detected, using: 1792.03
[1443889558.188023] [node013:19556:0]         mxm.c:185  MXM  WARN  The 'ulimit -s' on the system is set to 'unlimited'. This may have negative performance implications. Please set the heap size to the default value (10240) 
[1443889558.176825] [node033:31912:0]         sys.c:719  MXM  WARN  Conflicting CPU frequencies detected, using: 1489.59
[1443889558.182768] [node033:31912:0]         mxm.c:185  MXM  WARN  The 'ulimit -s' on the system is set to 'unlimited'. This may have negative performance implications. Please set the heap size to the default value (10240) 
[1443889558.174941] [node023:10651:0]         sys.c:719  MXM  WARN  Conflicting CPU frequencies detected, using: 1666.50
[1443889558.181208] [node023:10651:0]         mxm.c:185  MXM  WARN  The 'ulimit -s' on the system is set to 'unlimited'. This may have negative performance implications. Please set the heap size to the default value (10240) 
[1443889558.185940] [node029:29526:0]         sys.c:719  MXM  WARN  Conflicting CPU frequencies detected, using: 1490.91
[1443889558.189872] [node029:29526:0]         mxm.c:185  MXM  WARN  The 'ulimit -s' on the system is set to 'unlimited'. This may have negative performance implications. Please set the heap size to the default value (10240) 
[1443889558.181083] [node027:7739 :0]         sys.c:719  MXM  WARN  Conflicting CPU frequencies detected, using: 1480.03
[1443889558.185201] [node027:7739 :0]         mxm.c:185  MXM  WARN  The 'ulimit -s' on the system is set to 'unlimited'. This may have negative performance implications. Please set the heap size to the default value (10240) 
[1443889558.188622] [node052:29944:0]         sys.c:719  MXM  WARN  Conflicting CPU frequencies detected, using: 1598.53
[1443889558.192615] [node052:29944:0]         mxm.c:185  MXM  WARN  The 'ulimit -s' on the system is set to 'unlimited'. This may have negative performance implications. Please set the heap size to the default value (10240) 
[1443889558.186707] [node040:29618:0]         sys.c:719  MXM  WARN  Conflicting CPU frequencies detected, using: 1840.78
[1443889558.192850] [node040:29618:0]         mxm.c:185  MXM  WARN  The 'ulimit -s' on the system is set to 'unlimited'. This may have negative performance implications. Please set the heap size to the default value (10240) 
[1443889558.188751] [node026:1189 :0]         sys.c:719  MXM  WARN  Conflicting CPU frequencies detected, using: 1694.91
[1443889558.193187] [node026:1189 :0]         mxm.c:185  MXM  WARN  The 'ulimit -s' on the system is set to 'unlimited'. This may have negative performance implications. Please set the heap size to the default value (10240) 
[1443889558.189653] [node048:9363 :0]         sys.c:719  MXM  WARN  Conflicting CPU frequencies detected, using: 1533.00
[1443889558.194016] [node048:9363 :0]         mxm.c:185  MXM  WARN  The 'ulimit -s' on the system is set to 'unlimited'. This may have negative performance implications. Please set the heap size to the default value (10240) 
[1443889558.202623] [node028:29591:0]         sys.c:719  MXM  WARN  Conflicting CPU frequencies detected, using: 2399.91
[1443889558.207093] [node028:29591:0]         mxm.c:185  MXM  WARN  The 'ulimit -s' on the system is set to 'unlimited'. This may have negative performance implications. Please set the heap size to the default value (10240) 
[1443889558.186261] [node018:14571:0]         sys.c:719  MXM  WARN  Conflicting CPU frequencies detected, using: 1500.00
[1443889558.192615] [node018:14571:0]         mxm.c:185  MXM  WARN  The 'ulimit -s' on the system is set to 'unlimited'. This may have negative performance implications. Please set the heap size to the default value (10240) 
[1443889558.196626] [node026:1193 :0]         sys.c:719  MXM  WARN  Conflicting CPU frequencies detected, using: 1694.91
[1443889558.200443] [node026:1193 :0]         mxm.c:185  MXM  WARN  The 'ulimit -s' on the system is set to 'unlimited'. This may have negative performance implications. Please set the heap size to the default value (10240) 
[1443889558.196322] [node023:10661:0]         sys.c:719  MXM  WARN  Conflicting CPU frequencies detected, using: 1751.53
[1443889558.202088] [node023:10661:0]         mxm.c:185  MXM  WARN  The 'ulimit -s' on the system is set to 'unlimited'. This may have negative performance implications. Please set the heap size to the default value (10240) 
[1443889558.185046] [node043:26090:0]         sys.c:719  MXM  WARN  Conflicting CPU frequencies detected, using: 1513.88
[1443889558.191337] [node043:26090:0]         mxm.c:185  MXM  WARN  The 'ulimit -s' on the system is set to 'unlimited'. This may have negative performance implications. Please set the heap size to the default value (10240) 
[1443889558.219858] [node028:29605:0]         sys.c:719  MXM  WARN  Conflicting CPU frequencies detected, using: 2399.91
[1443889558.223064] [node028:29605:0]         mxm.c:185  MXM  WARN  The 'ulimit -s' on the system is set to 'unlimited'. This may have negative performance implications. Please set the heap size to the default value (10240) 
[1443889558.200864] [node022:29541:0]         sys.c:719  MXM  WARN  Conflicting CPU frequencies detected, using: 3053.72
[1443889558.209118] [node022:29541:0]         mxm.c:185  MXM  WARN  The 'ulimit -s' on the system is set to 'unlimited'. This may have negative performance implications. Please set the heap size to the default value (10240) 
[1443889558.200826] [node022:29542:0]         sys.c:719  MXM  WARN  Conflicting CPU frequencies detected, using: 3053.72
[1443889558.210234] [node022:29542:0]         mxm.c:185  MXM  WARN  The 'ulimit -s' on the system is set to 'unlimited'. This may have negative performance implications. Please set the heap size to the default value (10240) 
[1443889558.192624] [node024:1264 :0]         sys.c:719  MXM  WARN  Conflicting CPU frequencies detected, using: 1698.19
[1443889558.197093] [node024:1264 :0]         mxm.c:185  MXM  WARN  The 'ulimit -s' on the system is set to 'unlimited'. This may have negative performance implications. Please set the heap size to the default value (10240) 
[1443889558.205204] [node024:1275 :0]         sys.c:719  MXM  WARN  Conflicting CPU frequencies detected, using: 1790.62
[1443889558.210542] [node024:1275 :0]         mxm.c:185  MXM  WARN  The 'ulimit -s' on the system is set to 'unlimited'. This may have negative performance implications. Please set the heap size to the default value (10240) 
[1443889558.192814] [node020:26188:0]         sys.c:719  MXM  WARN  Conflicting CPU frequencies detected, using: 1399.97
[1443889558.198765] [node020:26188:0]         mxm.c:185  MXM  WARN  The 'ulimit -s' on the system is set to 'unlimited'. This may have negative performance implications. Please set the heap size to the default value (10240) 
[1443889558.197601] [node049:8408 :0]         sys.c:719  MXM  WARN  Conflicting CPU frequencies detected, using: 1592.62
[1443889558.201796] [node049:8408 :0]         mxm.c:185  MXM  WARN  The 'ulimit -s' on the system is set to 'unlimited'. This may have negative performance implications. Please set the heap size to the default value (10240) 
[1443889558.197506] [node049:8409 :0]         sys.c:719  MXM  WARN  Conflicting CPU frequencies detected, using: 1592.62
[1443889558.201670] [node049:8409 :0]         mxm.c:185  MXM  WARN  The 'ulimit -s' on the system is set to 'unlimited'. This may have negative performance implications. Please set the heap size to the default value (10240) 
[1443889558.197188] [node033:31929:0]         sys.c:719  MXM  WARN  Conflicting CPU frequencies detected, using: 1500.00
[1443889558.203607] [node033:31929:0]         mxm.c:185  MXM  WARN  The 'ulimit -s' on the system is set to 'unlimited'. This may have negative performance implications. Please set the heap size to the default value (10240) 
[1443889558.202179] [node041:24707:0]         sys.c:719  MXM  WARN  Conflicting CPU frequencies detected, using: 1597.59
[1443889558.208922] [node041:24707:0]         mxm.c:185  MXM  WARN  The 'ulimit -s' on the system is set to 'unlimited'. This may have negative performance implications. Please set the heap size to the default value (10240) 
[1443889558.222824] [node047:12790:0]         sys.c:719  MXM  WARN  Conflicting CPU frequencies detected, using: 1700.06
[1443889558.226843] [node047:12790:0]         mxm.c:185  MXM  WARN  The 'ulimit -s' on the system is set to 'unlimited'. This may have negative performance implications. Please set the heap size to the default value (10240) 
[1443889558.225280] [node027:7756 :0]         sys.c:719  MXM  WARN  Conflicting CPU frequencies detected, using: 1569.00
[1443889558.229348] [node027:7756 :0]         mxm.c:185  MXM  WARN  The 'ulimit -s' on the system is set to 'unlimited'. This may have negative performance implications. Please set the heap size to the default value (10240) 
[1443889558.212230] [node039:27371:0]         sys.c:719  MXM  WARN  Conflicting CPU frequencies detected, using: 1795.50
[1443889558.218771] [node039:27371:0]         mxm.c:185  MXM  WARN  The 'ulimit -s' on the system is set to 'unlimited'. This may have negative performance implications. Please set the heap size to the default value (10240) 
[1443889558.220983] [node039:27376:0]         sys.c:719  MXM  WARN  Conflicting CPU frequencies detected, using: 1898.25
[1443889558.227442] [node039:27376:0]         mxm.c:185  MXM  WARN  The 'ulimit -s' on the system is set to 'unlimited'. This may have negative performance implications. Please set the heap size to the default value (10240) 
[1443889558.219534] [node020:26205:0]         sys.c:719  MXM  WARN  Conflicting CPU frequencies detected, using: 1497.84
[1443889558.226495] [node020:26205:0]         mxm.c:185  MXM  WARN  The 'ulimit -s' on the system is set to 'unlimited'. This may have negative performance implications. Please set the heap size to the default value (10240) 
[1443889558.229220] [node021:2600 :0]         sys.c:719  MXM  WARN  Conflicting CPU frequencies detected, using: 1717.69
[1443889558.233229] [node021:2600 :0]         mxm.c:185  MXM  WARN  The 'ulimit -s' on the system is set to 'unlimited'. This may have negative performance implications. Please set the heap size to the default value (10240) 
[1443889558.245091] [node045:24059:0]         sys.c:719  MXM  WARN  Conflicting CPU frequencies detected, using: 3146.53
[1443889558.251098] [node045:24059:0]         mxm.c:185  MXM  WARN  The 'ulimit -s' on the system is set to 'unlimited'. This may have negative performance implications. Please set the heap size to the default value (10240) 
[1443889558.235997] [node046:14231:0]         sys.c:719  MXM  WARN  Conflicting CPU frequencies detected, using: 1590.09
[1443889558.240143] [node046:14231:0]         mxm.c:185  MXM  WARN  The 'ulimit -s' on the system is set to 'unlimited'. This may have negative performance implications. Please set the heap size to the default value (10240) 
[1443889558.235364] [node031:31711:0]         sys.c:719  MXM  WARN  Conflicting CPU frequencies detected, using: 1594.88
[1443889558.241711] [node031:31711:0]         mxm.c:185  MXM  WARN  The 'ulimit -s' on the system is set to 'unlimited'. This may have negative performance implications. Please set the heap size to the default value (10240) 
[1443889558.235694] [node046:14232:0]         sys.c:719  MXM  WARN  Conflicting CPU frequencies detected, using: 1590.09
[1443889558.239750] [node046:14232:0]         mxm.c:185  MXM  WARN  The 'ulimit -s' on the system is set to 'unlimited'. This may have negative performance implications. Please set the heap size to the default value (10240) 
[1443889558.243774] [node038:23141:0]         sys.c:719  MXM  WARN  Conflicting CPU frequencies detected, using: 1790.62
[1443889558.250783] [node038:23141:0]         mxm.c:185  MXM  WARN  The 'ulimit -s' on the system is set to 'unlimited'. This may have negative performance implications. Please set the heap size to the default value (10240) 
[1443889558.244713] [node038:23140:0]         sys.c:719  MXM  WARN  Conflicting CPU frequencies detected, using: 1790.62
[1443889558.253065] [node038:23140:0]         mxm.c:185  MXM  WARN  The 'ulimit -s' on the system is set to 'unlimited'. This may have negative performance implications. Please set the heap size to the default value (10240) 
UPCR: UPC thread   0 of 112 on node001 (pshm node  0 of 56, process   0 of 112, pid=10851)
UPCR: UPC thread   1 of 112 on node001 (pshm node  0 of 56, process   1 of 112, pid=10852)
UPCR: UPC thread  65 of 112 on node033 (pshm node 32 of 56, process  65 of 112, pid=31929)
UPCR: UPC thread  95 of 112 on node048 (pshm node 47 of 56, process  95 of 112, pid=9363)
UPCR: UPC thread  96 of 112 on node049 (pshm node 48 of 56, process  96 of 112, pid=8408)
UPCR: UPC thread  94 of 112 on node048 (pshm node 47 of 56, process  94 of 112, pid=9342)
UPCR: UPC thread   5 of 112 on node003 (pshm node  2 of 56, process   5 of 112, pid=14880)
UPCR: UPC thread  21 of 112 on node011 (pshm node 10 of 56, process  21 of 112, pid=5390)
UPCR: UPC thread  20 of 112 on node011 (pshm node 10 of 56, process  20 of 112, pid=5411)
UPCR: UPC thread   4 of 112 on node003 (pshm node  2 of 56, process   4 of 112, pid=14876)
UPCR: UPC thread  31 of 112 on node016 (pshm node 15 of 56, process  31 of 112, pid=16306)
UPCR: UPC thread  30 of 112 on node016 (pshm node 15 of 56, process  30 of 112, pid=16289)
UPCR: UPC thread  76 of 112 on node039 (pshm node 38 of 56, process  76 of 112, pid=27371)
UPCR: UPC thread  47 of 112 on node024 (pshm node 23 of 56, process  47 of 112, pid=1264)
UPCR: UPC thread   9 of 112 on node005 (pshm node  4 of 56, process   9 of 112, pid=862)
UPCR: UPC thread  10 of 112 on node006 (pshm node  5 of 56, process  10 of 112, pid=26222)
UPCR: UPC thread  66 of 112 on node034 (pshm node 33 of 56, process  66 of 112, pid=26137)
UPCR: UPC thread  55 of 112 on node028 (pshm node 27 of 56, process  55 of 112, pid=29591)
UPCR: UPC thread  16 of 112 on node009 (pshm node  8 of 56, process  16 of 112, pid=30726)
UPCR: UPC thread  67 of 112 on node034 (pshm node 33 of 56, process  67 of 112, pid=26161)
UPCR: UPC thread  42 of 112 on node022 (pshm node 21 of 56, process  42 of 112, pid=29541)
UPCR: UPC thread 106 of 112 on node054 (pshm node 53 of 56, process 106 of 112, pid=4824)
UPCR: UPC thread  50 of 112 on node026 (pshm node 25 of 56, process  50 of 112, pid=1189)
UPCR: UPC thread  61 of 112 on node031 (pshm node 30 of 56, process  61 of 112, pid=31711)
UPCR: UPC thread  29 of 112 on node015 (pshm node 14 of 56, process  29 of 112, pid=7677)
UPCR: UPC thread  82 of 112 on node042 (pshm node 41 of 56, process  82 of 112, pid=24653)
UPCR: UPC thread 103 of 112 on node052 (pshm node 51 of 56, process 103 of 112, pid=29944)
UPCR: UPC thread 107 of 112 on node054 (pshm node 53 of 56, process 107 of 112, pid=4800)
UPCR: UPC thread   3 of 112 on node002 (pshm node  1 of 56, process   3 of 112, pid=22308)
UPCR: UPC thread  64 of 112 on node033 (pshm node 32 of 56, process  64 of 112, pid=31912)
UPCR: UPC thread 101 of 112 on node051 (pshm node 50 of 56, process 101 of 112, pid=4068)
UPCR: UPC thread  77 of 112 on node039 (pshm node 38 of 56, process  77 of 112, pid=27376)
UPCR: UPC thread  45 of 112 on node023 (pshm node 22 of 56, process  45 of 112, pid=10651)
UPCR: UPC thread  44 of 112 on node023 (pshm node 22 of 56, process  44 of 112, pid=10661)
UPCR: UPC thread 109 of 112 on node055 (pshm node 54 of 56, process 109 of 112, pid=5361)
UPCR: UPC thread 105 of 112 on node053 (pshm node 52 of 56, process 105 of 112, pid=8541)
UPCR: UPC thread  86 of 112 on node044 (pshm node 43 of 56, process  86 of 112, pid=26804)
UPCR: UPC thread  46 of 112 on node024 (pshm node 23 of 56, process  46 of 112, pid=1275)
UPCR: UPC thread  23 of 112 on node012 (pshm node 11 of 56, process  23 of 112, pid=20415)
UPCR: UPC thread   2 of 112 on node002 (pshm node  1 of 56, process   2 of 112, pid=22332)
UPCR: UPC thread  43 of 112 on node022 (pshm node 21 of 56, process  43 of 112, pid=29542)
UPCR: UPC thread  32 of 112 on node017 (pshm node 16 of 56, process  32 of 112, pid=30869)
UPCR: UPC thread  60 of 112 on node031 (pshm node 30 of 56, process  60 of 112, pid=31687)
UPCR: UPC thread  41 of 112 on node021 (pshm node 20 of 56, process  41 of 112, pid=2576)
UPCR: UPC thread   7 of 112 on node004 (pshm node  3 of 56, process   7 of 112, pid=7704)
UPCR: UPC thread  38 of 112 on node020 (pshm node 19 of 56, process  38 of 112, pid=26205)
UPCR: UPC thread  73 of 112 on node037 (pshm node 36 of 56, process  73 of 112, pid=29946)
UPCR: UPC thread  35 of 112 on node018 (pshm node 17 of 56, process  35 of 112, pid=14554)
UPCR: UPC thread  85 of 112 on node043 (pshm node 42 of 56, process  85 of 112, pid=26066)
UPCR: UPC thread  51 of 112 on node026 (pshm node 25 of 56, process  51 of 112, pid=1193)
UPCR: UPC thread  87 of 112 on node044 (pshm node 43 of 56, process  87 of 112, pid=26828)
UPCR: UPC thread  89 of 112 on node045 (pshm node 44 of 56, process  89 of 112, pid=24059)
UPCR: UPC thread  84 of 112 on node043 (pshm node 42 of 56, process  84 of 112, pid=26090)
UPCR: UPC thread  28 of 112 on node015 (pshm node 14 of 56, process  28 of 112, pid=7663)
UPCR: UPC thread  54 of 112 on node028 (pshm node 27 of 56, process  54 of 112, pid=29605)
UPCR: UPC thread  92 of 112 on node047 (pshm node 46 of 56, process  92 of 112, pid=12790)
UPCR: UPC thread  88 of 112 on node045 (pshm node 44 of 56, process  88 of 112, pid=24035)
UPCR: UPC thread  25 of 112 on node013 (pshm node 12 of 56, process  25 of 112, pid=19556)
UPCR: UPC thread  33 of 112 on node017 (pshm node 16 of 56, process  33 of 112, pid=30868)
UPCR: UPC thread  71 of 112 on node036 (pshm node 35 of 56, process  71 of 112, pid=28832)
UPCR: UPC thread  24 of 112 on node013 (pshm node 12 of 56, process  24 of 112, pid=19532)
UPCR: UPC thread  26 of 112 on node014 (pshm node 13 of 56, process  26 of 112, pid=27517)
UPCR: UPC thread 102 of 112 on node052 (pshm node 51 of 56, process 102 of 112, pid=29920)
UPCR: UPC thread  18 of 112 on node010 (pshm node  9 of 56, process  18 of 112, pid=21476)
UPCR: UPC thread  59 of 112 on node030 (pshm node 29 of 56, process  59 of 112, pid=23787)
UPCR: UPC thread 111 of 112 on node056 (pshm node 55 of 56, process 111 of 112, pid=8334)
UPCR: UPC thread  27 of 112 on node014 (pshm node 13 of 56, process  27 of 112, pid=27541)
UPCR: UPC thread  11 of 112 on node006 (pshm node  5 of 56, process  11 of 112, pid=26198)
UPCR: UPC thread  68 of 112 on node035 (pshm node 34 of 56, process  68 of 112, pid=29953)
UPCR: UPC thread  62 of 112 on node032 (pshm node 31 of 56, process  62 of 112, pid=31026)
UPCR: UPC thread  79 of 112 on node040 (pshm node 39 of 56, process  79 of 112, pid=29618)
UPCR: UPC thread  63 of 112 on node032 (pshm node 31 of 56, process  63 of 112, pid=31006)
UPCR: UPC thread  78 of 112 on node040 (pshm node 39 of 56, process  78 of 112, pid=29595)
UPCR: UPC thread  40 of 112 on node021 (pshm node 20 of 56, process  40 of 112, pid=2600)
UPCR: UPC thread  48 of 112 on node025 (pshm node 24 of 56, process  48 of 112, pid=25512)
UPCR: UPC thread  98 of 112 on node050 (pshm node 49 of 56, process  98 of 112, pid=5883)
UPCR: UPC thread 108 of 112 on node055 (pshm node 54 of 56, process 108 of 112, pid=5384)
UPCR: UPC thread  34 of 112 on node018 (pshm node 17 of 56, process  34 of 112, pid=14571)
UPCR: UPC thread  52 of 112 on node027 (pshm node 26 of 56, process  52 of 112, pid=7739)
UPCR: UPC thread  97 of 112 on node049 (pshm node 48 of 56, process  97 of 112, pid=8409)
UPCR: UPC thread  56 of 112 on node029 (pshm node 28 of 56, process  56 of 112, pid=29512)
UPCR: UPC thread  69 of 112 on node035 (pshm node 34 of 56, process  69 of 112, pid=29977)
UPCR: UPC thread  58 of 112 on node030 (pshm node 29 of 56, process  58 of 112, pid=23786)
UPCR: UPC thread  13 of 112 on node007 (pshm node  6 of 56, process  13 of 112, pid=28105)
UPCR: UPC thread  53 of 112 on node027 (pshm node 26 of 56, process  53 of 112, pid=7756)
UPCR: UPC thread  22 of 112 on node012 (pshm node 11 of 56, process  22 of 112, pid=20390)
UPCR: UPC thread  17 of 112 on node009 (pshm node  8 of 56, process  17 of 112, pid=30743)
UPCR: UPC thread  39 of 112 on node020 (pshm node 19 of 56, process  39 of 112, pid=26188)
UPCR: UPC thread  93 of 112 on node047 (pshm node 46 of 56, process  93 of 112, pid=12767)
UPCR: UPC thread 110 of 112 on node056 (pshm node 55 of 56, process 110 of 112, pid=8310)
UPCR: UPC thread  74 of 112 on node038 (pshm node 37 of 56, process  74 of 112, pid=23141)
UPCR: UPC thread  72 of 112 on node037 (pshm node 36 of 56, process  72 of 112, pid=29932)
UPCR: UPC thread  75 of 112 on node038 (pshm node 37 of 56, process  75 of 112, pid=23140)
UPCR: UPC thread  15 of 112 on node008 (pshm node  7 of 56, process  15 of 112, pid=12722)
UPCR: UPC thread  91 of 112 on node046 (pshm node 45 of 56, process  91 of 112, pid=14232)
UPCR: UPC thread  49 of 112 on node025 (pshm node 24 of 56, process  49 of 112, pid=25500)
UPCR: UPC thread 104 of 112 on node053 (pshm node 52 of 56, process 104 of 112, pid=8565)
UPCR: UPC thread  70 of 112 on node036 (pshm node 35 of 56, process  70 of 112, pid=28856)
UPCR: UPC thread  36 of 112 on node019 (pshm node 18 of 56, process  36 of 112, pid=29935)
UPCR: UPC thread  37 of 112 on node019 (pshm node 18 of 56, process  37 of 112, pid=29956)
UPCR: UPC thread  12 of 112 on node007 (pshm node  6 of 56, process  12 of 112, pid=28129)
UPCR: UPC thread   6 of 112 on node004 (pshm node  3 of 56, process   6 of 112, pid=7727)
UPCR: UPC thread  57 of 112 on node029 (pshm node 28 of 56, process  57 of 112, pid=29526)
UPCR: UPC thread   8 of 112 on node005 (pshm node  4 of 56, process   8 of 112, pid=889)
UPCR: UPC thread  83 of 112 on node042 (pshm node 41 of 56, process  83 of 112, pid=24677)
UPCR: UPC thread  14 of 112 on node008 (pshm node  7 of 56, process  14 of 112, pid=12746)
UPCR: UPC thread  19 of 112 on node010 (pshm node  9 of 56, process  19 of 112, pid=21500)
UPCR: UPC thread 100 of 112 on node051 (pshm node 50 of 56, process 100 of 112, pid=4091)
UPCR: UPC thread  80 of 112 on node041 (pshm node 40 of 56, process  80 of 112, pid=24697)
UPCR: UPC thread  81 of 112 on node041 (pshm node 40 of 56, process  81 of 112, pid=24707)
UPCR: UPC thread  90 of 112 on node046 (pshm node 45 of 56, process  90 of 112, pid=14231)
UPCR: UPC thread  99 of 112 on node050 (pshm node 49 of 56, process  99 of 112, pid=5902)
Initializing models/at.6.8-rgs.bdd!
Vector size: 14
Bits per integer: 8
Number of BDD variables: 112
Loading initial states: 
Initial states loaded... 
Loading transition relations... 
14 integers per state, 8 bits per integer, 26 transition groups
BDD nodes:
Initial states: 112 BDD nodes
Transition 0: 276 BDD nodes
Transition 1: 199 BDD nodes
Transition 2: 90 BDD nodes
Transition 3: 172 BDD nodes
Transition 4: 32 BDD nodes
Transition 5: 32 BDD nodes
Transition 6: 197 BDD nodes
Transition 7: 90 BDD nodes
Transition 8: 169 BDD nodes
Transition 9: 32 BDD nodes
Transition 10: 32 BDD nodes
Transition 11: 206 BDD nodes
Transition 12: 206 BDD nodes
Transition 13: 256 BDD nodes
Transition 14: 76 BDD nodes
Transition 15: 32 BDD nodes
Transition 16: 76 BDD nodes
Transition 17: 32 BDD nodes
Transition 18: 76 BDD nodes
Transition 19: 32 BDD nodes
Transition 20: 150 BDD nodes
Transition 21: 32 BDD nodes
Transition 22: 137 BDD nodes
Transition 23: 126 BDD nodes
Transition 24: 32 BDD nodes
Transition 25: 32 BDD nodes
Level 1... done. 
Level 2... done. 
Level 3... done. 
Level 4... done. 
Level 5... done. 
Level 6... done. 
Level 7... done. 
Level 8... done. 
Level 9... done. 
Level 10... done. 
Level 11... done. 
Level 12... done. 
Level 13... done. 
Level 14... done. 
Level 15... done. 
Level 16... done. 
Level 17... done. 
Level 18... done. 
Level 19... done. 
Level 20... done. 
Level 21... done. 
Level 22... done. 
Level 23... done. 
Level 24... done. 
Level 25... done. 
Level 26... done. 
Level 27... done. 
Level 28... done. 
Level 29... done. 
Level 30... done. 
Level 31... done. 
Level 32... done. 
Level 33... done. 
Level 34... done. 
Level 35... done. 
Level 36... done. 
Level 37... done. 
Level 38... done. 
Level 39... done. 
Level 40... done. 
Level 41... done. 
Level 42... done. 
Level 43... done. 
Level 44... done. 
Level 45... done. 
Level 46... done. 
Level 47... done. 
Level 48... done. 
Level 49... done. 
Level 50... done. 
Level 51... done. 
Level 52... done. 
Level 53... done. 
Level 54... done. 
Level 55... done. 
Level 56... done. 
Level 57... done. 
Level 58... done. 
Level 59... done. 
Level 60... done. 
Level 61... done. 
Level 62... done. 
Level 63... done. 
Level 64... done. 
Level 65... done. 
Level 66... done. 
Level 67... done. 
Level 68... done. 
Level 69... done. 
Level 70... done. 
Level 71... done. 
Level 72... done. 
Level 73... done. 
Level 74... done. 
Level 75... done. 
Level 76... done. 
Level 77... done. 
Level 78... done. 
Level 79... done. 
Level 80... done. 
Level 81... done. 
Level 82... done. 
Level 83... done. 
Level 84... done. 
Level 85... done. 
Level 86... done. 
Level 87... done. 
Level 88... done. 
Level 89... done. 
Level 90... done. 
Level 91... done. 
Level 92... done. 
Level 93... done. 
Level 94... done. 
Level 95... done. 
PAR Time: 57.935778
Final states: 160589600 states
Final states: 424124 BDD nodes
[1443889557.109157] [node001:10806:0]         sys.c:719  MXM  WARN  Conflicting CPU frequencies detected, using: 1848.09
