[1443877686.740108] [node001:12349:0]         sys.c:719  MXM  WARN  Conflicting CPU frequencies detected, using: 1575.19
[1443877686.784267] [node001:12349:0]         mxm.c:185  MXM  WARN  The 'ulimit -s' on the system is set to 'unlimited'. This may have negative performance implications. Please set the heap size to the default value (10240) 
[1443877686.739311] [node001:12347:0]         sys.c:719  MXM  WARN  Conflicting CPU frequencies detected, using: 1575.19
[1443877686.784994] [node001:12347:0]         mxm.c:185  MXM  WARN  The 'ulimit -s' on the system is set to 'unlimited'. This may have negative performance implications. Please set the heap size to the default value (10240) 
[1443877686.739056] [node001:12346:0]         sys.c:719  MXM  WARN  Conflicting CPU frequencies detected, using: 1575.19
[1443877686.782932] [node001:12346:0]         mxm.c:185  MXM  WARN  The 'ulimit -s' on the system is set to 'unlimited'. This may have negative performance implications. Please set the heap size to the default value (10240) 
[1443877686.738808] [node001:12348:0]         sys.c:719  MXM  WARN  Conflicting CPU frequencies detected, using: 1575.19
[1443877686.783121] [node001:12348:0]         mxm.c:185  MXM  WARN  The 'ulimit -s' on the system is set to 'unlimited'. This may have negative performance implications. Please set the heap size to the default value (10240) 
[1443877687.084257] [node002:12394:0]         sys.c:719  MXM  WARN  Conflicting CPU frequencies detected, using: 1453.78
[1443877687.089085] [node002:12394:0]         mxm.c:185  MXM  WARN  The 'ulimit -s' on the system is set to 'unlimited'. This may have negative performance implications. Please set the heap size to the default value (10240) 
[1443877687.100063] [node002:12408:0]         sys.c:719  MXM  WARN  Conflicting CPU frequencies detected, using: 1453.78
[1443877687.103916] [node002:12408:0]         mxm.c:185  MXM  WARN  The 'ulimit -s' on the system is set to 'unlimited'. This may have negative performance implications. Please set the heap size to the default value (10240) 
[1443877687.191942] [node024:23800:0]         sys.c:719  MXM  WARN  Conflicting CPU frequencies detected, using: 2862.84
[1443877687.196193] [node024:23800:0]         mxm.c:185  MXM  WARN  The 'ulimit -s' on the system is set to 'unlimited'. This may have negative performance implications. Please set the heap size to the default value (10240) 
[1443877687.186012] [node003:5028 :0]         sys.c:719  MXM  WARN  Conflicting CPU frequencies detected, using: 1524.66
[1443877687.190139] [node003:5028 :0]         mxm.c:185  MXM  WARN  The 'ulimit -s' on the system is set to 'unlimited'. This may have negative performance implications. Please set the heap size to the default value (10240) 
[1443877687.189242] [node002:12441:0]         sys.c:719  MXM  WARN  Conflicting CPU frequencies detected, using: 1494.84
[1443877687.193378] [node002:12441:0]         mxm.c:185  MXM  WARN  The 'ulimit -s' on the system is set to 'unlimited'. This may have negative performance implications. Please set the heap size to the default value (10240) 
[1443877687.337079] [node025:15637:0]         sys.c:719  MXM  WARN  Conflicting CPU frequencies detected, using: 1784.72
[1443877687.341402] [node025:15637:0]         mxm.c:185  MXM  WARN  The 'ulimit -s' on the system is set to 'unlimited'. This may have negative performance implications. Please set the heap size to the default value (10240) 
[1443877687.368715] [node002:12466:0]         sys.c:719  MXM  WARN  Conflicting CPU frequencies detected, using: 1488.56
[1443877687.372852] [node002:12466:0]         mxm.c:185  MXM  WARN  The 'ulimit -s' on the system is set to 'unlimited'. This may have negative performance implications. Please set the heap size to the default value (10240) 
[1443877687.493101] [node026:23212:0]         sys.c:719  MXM  WARN  Conflicting CPU frequencies detected, using: 2991.84
[1443877687.497315] [node026:23212:0]         mxm.c:185  MXM  WARN  The 'ulimit -s' on the system is set to 'unlimited'. This may have negative performance implications. Please set the heap size to the default value (10240) 
[1443877687.498937] [node032:16924:0]         sys.c:719  MXM  WARN  Conflicting CPU frequencies detected, using: 2259.56
[1443877687.505087] [node032:16924:0]         mxm.c:185  MXM  WARN  The 'ulimit -s' on the system is set to 'unlimited'. This may have negative performance implications. Please set the heap size to the default value (10240) 
[1443877687.512029] [node003:5053 :0]         sys.c:719  MXM  WARN  Conflicting CPU frequencies detected, using: 1349.62
[1443877687.516224] [node003:5053 :0]         mxm.c:185  MXM  WARN  The 'ulimit -s' on the system is set to 'unlimited'. This may have negative performance implications. Please set the heap size to the default value (10240) 
[1443877687.621441] [node045:9974 :0]         sys.c:719  MXM  WARN  Conflicting CPU frequencies detected, using: 1411.31
[1443877687.627961] [node045:9974 :0]         mxm.c:185  MXM  WARN  The 'ulimit -s' on the system is set to 'unlimited'. This may have negative performance implications. Please set the heap size to the default value (10240) 
[1443877687.606887] [node026:23236:0]         sys.c:719  MXM  WARN  Conflicting CPU frequencies detected, using: 2374.97
[1443877687.610999] [node026:23236:0]         mxm.c:185  MXM  WARN  The 'ulimit -s' on the system is set to 'unlimited'. This may have negative performance implications. Please set the heap size to the default value (10240) 
[1443877687.705364] [node030:9755 :0]         sys.c:719  MXM  WARN  Conflicting CPU frequencies detected, using: 1495.78
[1443877687.711453] [node030:9755 :0]         mxm.c:185  MXM  WARN  The 'ulimit -s' on the system is set to 'unlimited'. This may have negative performance implications. Please set the heap size to the default value (10240) 
[1443877687.698683] [node025:15662:0]         sys.c:719  MXM  WARN  Conflicting CPU frequencies detected, using: 1686.56
[1443877687.702789] [node025:15662:0]         mxm.c:185  MXM  WARN  The 'ulimit -s' on the system is set to 'unlimited'. This may have negative performance implications. Please set the heap size to the default value (10240) 
[1443877687.720327] [node025:15679:0]         sys.c:719  MXM  WARN  Conflicting CPU frequencies detected, using: 1686.56
[1443877687.723866] [node025:15679:0]         mxm.c:185  MXM  WARN  The 'ulimit -s' on the system is set to 'unlimited'. This may have negative performance implications. Please set the heap size to the default value (10240) 
[1443877687.709129] [node027:29653:0]         sys.c:719  MXM  WARN  Conflicting CPU frequencies detected, using: 1428.00
[1443877687.713327] [node027:29653:0]         mxm.c:185  MXM  WARN  The 'ulimit -s' on the system is set to 'unlimited'. This may have negative performance implications. Please set the heap size to the default value (10240) 
[1443877687.715600] [node027:29659:0]         sys.c:719  MXM  WARN  Conflicting CPU frequencies detected, using: 1468.50
[1443877687.719438] [node027:29659:0]         mxm.c:185  MXM  WARN  The 'ulimit -s' on the system is set to 'unlimited'. This may have negative performance implications. Please set the heap size to the default value (10240) 
[1443877687.739005] [node025:15689:0]         sys.c:719  MXM  WARN  Conflicting CPU frequencies detected, using: 1827.56
[1443877687.743146] [node025:15689:0]         mxm.c:185  MXM  WARN  The 'ulimit -s' on the system is set to 'unlimited'. This may have negative performance implications. Please set the heap size to the default value (10240) 
[1443877687.726067] [node030:9772 :0]         sys.c:719  MXM  WARN  Conflicting CPU frequencies detected, using: 1590.66
[1443877687.732233] [node030:9772 :0]         mxm.c:185  MXM  WARN  The 'ulimit -s' on the system is set to 'unlimited'. This may have negative performance implications. Please set the heap size to the default value (10240) 
[1443877687.730530] [node024:23825:0]         sys.c:719  MXM  WARN  Conflicting CPU frequencies detected, using: 1441.97
[1443877687.734576] [node024:23825:0]         mxm.c:185  MXM  WARN  The 'ulimit -s' on the system is set to 'unlimited'. This may have negative performance implications. Please set the heap size to the default value (10240) 
[1443877687.744886] [node049:30825:0]         sys.c:719  MXM  WARN  Conflicting CPU frequencies detected, using: 1397.62
[1443877687.749035] [node049:30825:0]         mxm.c:185  MXM  WARN  The 'ulimit -s' on the system is set to 'unlimited'. This may have negative performance implications. Please set the heap size to the default value (10240) 
[1443877687.801580] [node034:12111:0]         sys.c:719  MXM  WARN  Conflicting CPU frequencies detected, using: 1400.25
[1443877687.807704] [node034:12111:0]         mxm.c:185  MXM  WARN  The 'ulimit -s' on the system is set to 'unlimited'. This may have negative performance implications. Please set the heap size to the default value (10240) 
[1443877687.804427] [node052:20129:0]         sys.c:719  MXM  WARN  Conflicting CPU frequencies detected, using: 1610.44
[1443877687.808485] [node052:20129:0]         mxm.c:185  MXM  WARN  The 'ulimit -s' on the system is set to 'unlimited'. This may have negative performance implications. Please set the heap size to the default value (10240) 
[1443877687.854104] [node049:30849:0]         sys.c:719  MXM  WARN  Conflicting CPU frequencies detected, using: 1942.31
[1443877687.858235] [node049:30849:0]         mxm.c:185  MXM  WARN  The 'ulimit -s' on the system is set to 'unlimited'. This may have negative performance implications. Please set the heap size to the default value (10240) 
[1443877687.889678] [node031:17613:0]         sys.c:719  MXM  WARN  Conflicting CPU frequencies detected, using: 1384.97
[1443877687.896263] [node031:17613:0]         mxm.c:185  MXM  WARN  The 'ulimit -s' on the system is set to 'unlimited'. This may have negative performance implications. Please set the heap size to the default value (10240) 
[1443877687.893514] [node044:12740:0]         sys.c:719  MXM  WARN  Conflicting CPU frequencies detected, using: 1397.81
[1443877687.899526] [node044:12740:0]         mxm.c:185  MXM  WARN  The 'ulimit -s' on the system is set to 'unlimited'. This may have negative performance implications. Please set the heap size to the default value (10240) 
[1443877687.887428] [node027:29701:0]         sys.c:719  MXM  WARN  Conflicting CPU frequencies detected, using: 1899.94
[1443877687.891574] [node027:29701:0]         mxm.c:185  MXM  WARN  The 'ulimit -s' on the system is set to 'unlimited'. This may have negative performance implications. Please set the heap size to the default value (10240) 
[1443877687.891400] [node029:19146:0]         sys.c:719  MXM  WARN  Conflicting CPU frequencies detected, using: 2471.06
[1443877687.896115] [node029:19146:0]         mxm.c:185  MXM  WARN  The 'ulimit -s' on the system is set to 'unlimited'. This may have negative performance implications. Please set the heap size to the default value (10240) 
[1443877687.903118] [node046:4362 :0]         sys.c:719  MXM  WARN  Conflicting CPU frequencies detected, using: 2290.41
[1443877687.907467] [node046:4362 :0]         mxm.c:185  MXM  WARN  The 'ulimit -s' on the system is set to 'unlimited'. This may have negative performance implications. Please set the heap size to the default value (10240) 
[1443877687.909882] [node028:19162:0]         sys.c:719  MXM  WARN  Conflicting CPU frequencies detected, using: 1775.91
[1443877687.913789] [node028:19162:0]         mxm.c:185  MXM  WARN  The 'ulimit -s' on the system is set to 'unlimited'. This may have negative performance implications. Please set the heap size to the default value (10240) 
[1443877687.959108] [node049:30873:0]         sys.c:719  MXM  WARN  Conflicting CPU frequencies detected, using: 1579.59
[1443877687.963039] [node049:30873:0]         mxm.c:185  MXM  WARN  The 'ulimit -s' on the system is set to 'unlimited'. This may have negative performance implications. Please set the heap size to the default value (10240) 
[1443877687.964261] [node031:17636:0]         sys.c:719  MXM  WARN  Conflicting CPU frequencies detected, using: 1695.47
[1443877687.969864] [node031:17636:0]         mxm.c:185  MXM  WARN  The 'ulimit -s' on the system is set to 'unlimited'. This may have negative performance implications. Please set the heap size to the default value (10240) 
[1443877687.966086] [node034:12135:0]         sys.c:719  MXM  WARN  Conflicting CPU frequencies detected, using: 1989.75
[1443877687.972164] [node034:12135:0]         mxm.c:185  MXM  WARN  The 'ulimit -s' on the system is set to 'unlimited'. This may have negative performance implications. Please set the heap size to the default value (10240) 
[1443877687.971143] [node052:20153:0]         sys.c:719  MXM  WARN  Conflicting CPU frequencies detected, using: 1798.88
[1443877687.974781] [node052:20153:0]         mxm.c:185  MXM  WARN  The 'ulimit -s' on the system is set to 'unlimited'. This may have negative performance implications. Please set the heap size to the default value (10240) 
[1443877687.971398] [node032:16949:0]         sys.c:719  MXM  WARN  Conflicting CPU frequencies detected, using: 2259.56
[1443877687.977578] [node032:16949:0]         mxm.c:185  MXM  WARN  The 'ulimit -s' on the system is set to 'unlimited'. This may have negative performance implications. Please set the heap size to the default value (10240) 
[1443877687.978102] [node046:4385 :0]         sys.c:719  MXM  WARN  Conflicting CPU frequencies detected, using: 2397.75
[1443877687.982082] [node046:4385 :0]         mxm.c:185  MXM  WARN  The 'ulimit -s' on the system is set to 'unlimited'. This may have negative performance implications. Please set the heap size to the default value (10240) 
[1443877687.966984] [node033:17858:0]         sys.c:719  MXM  WARN  Conflicting CPU frequencies detected, using: 1886.34
[1443877687.973613] [node033:17858:0]         mxm.c:185  MXM  WARN  The 'ulimit -s' on the system is set to 'unlimited'. This may have negative performance implications. Please set the heap size to the default value (10240) 
[1443877687.976921] [node030:9803 :0]         sys.c:719  MXM  WARN  Conflicting CPU frequencies detected, using: 1876.31
[1443877687.982900] [node030:9803 :0]         mxm.c:185  MXM  WARN  The 'ulimit -s' on the system is set to 'unlimited'. This may have negative performance implications. Please set the heap size to the default value (10240) 
[1443877688.001214] [node042:10600:0]         sys.c:719  MXM  WARN  Conflicting CPU frequencies detected, using: 1600.12
[1443877688.007524] [node042:10600:0]         mxm.c:185  MXM  WARN  The 'ulimit -s' on the system is set to 'unlimited'. This may have negative performance implications. Please set the heap size to the default value (10240) 
[1443877687.968029] [node033:17857:0]         sys.c:719  MXM  WARN  Conflicting CPU frequencies detected, using: 1886.34
[1443877687.975483] [node033:17857:0]         mxm.c:185  MXM  WARN  The 'ulimit -s' on the system is set to 'unlimited'. This may have negative performance implications. Please set the heap size to the default value (10240) 
[1443877687.979233] [node027:29725:0]         sys.c:719  MXM  WARN  Conflicting CPU frequencies detected, using: 1899.94
[1443877687.983236] [node027:29725:0]         mxm.c:185  MXM  WARN  The 'ulimit -s' on the system is set to 'unlimited'. This may have negative performance implications. Please set the heap size to the default value (10240) 
[1443877687.987767] [node029:19170:0]         sys.c:719  MXM  WARN  Conflicting CPU frequencies detected, using: 1984.88
[1443877687.991170] [node029:19170:0]         mxm.c:185  MXM  WARN  The 'ulimit -s' on the system is set to 'unlimited'. This may have negative performance implications. Please set the heap size to the default value (10240) 
[1443877687.991227] [node046:4393 :0]         sys.c:719  MXM  WARN  Conflicting CPU frequencies detected, using: 2377.31
[1443877687.994668] [node046:4393 :0]         mxm.c:185  MXM  WARN  The 'ulimit -s' on the system is set to 'unlimited'. This may have negative performance implications. Please set the heap size to the default value (10240) 
[1443877687.981260] [node028:19185:0]         sys.c:719  MXM  WARN  Conflicting CPU frequencies detected, using: 1954.31
[1443877687.985308] [node028:19185:0]         mxm.c:185  MXM  WARN  The 'ulimit -s' on the system is set to 'unlimited'. This may have negative performance implications. Please set the heap size to the default value (10240) 
[1443877687.976990] [node047:2873 :0]         sys.c:719  MXM  WARN  Conflicting CPU frequencies detected, using: 1463.72
[1443877687.981338] [node047:2873 :0]         mxm.c:185  MXM  WARN  The 'ulimit -s' on the system is set to 'unlimited'. This may have negative performance implications. Please set the heap size to the default value (10240) 
[1443877688.005596] [node040:15492:0]         sys.c:719  MXM  WARN  Conflicting CPU frequencies detected, using: 1802.44
[1443877688.013443] [node040:15492:0]         mxm.c:185  MXM  WARN  The 'ulimit -s' on the system is set to 'unlimited'. This may have negative performance implications. Please set the heap size to the default value (10240) 
[1443877687.997725] [node035:15902:0]         sys.c:719  MXM  WARN  Conflicting CPU frequencies detected, using: 2166.56
[1443877688.000957] [node035:15902:0]         mxm.c:185  MXM  WARN  The 'ulimit -s' on the system is set to 'unlimited'. This may have negative performance implications. Please set the heap size to the default value (10240) 
[1443877687.982194] [node051:26502:0]         sys.c:719  MXM  WARN  Conflicting CPU frequencies detected, using: 1636.69
[1443877687.986033] [node051:26502:0]         mxm.c:185  MXM  WARN  The 'ulimit -s' on the system is set to 'unlimited'. This may have negative performance implications. Please set the heap size to the default value (10240) 
[1443877687.989464] [node030:9809 :0]         sys.c:719  MXM  WARN  Conflicting CPU frequencies detected, using: 1876.31
[1443877687.994600] [node030:9809 :0]         mxm.c:185  MXM  WARN  The 'ulimit -s' on the system is set to 'unlimited'. This may have negative performance implications. Please set the heap size to the default value (10240) 
[1443877687.980695] [node003:5077 :0]         sys.c:719  MXM  WARN  Conflicting CPU frequencies detected, using: 1598.62
[1443877687.985208] [node003:5077 :0]         mxm.c:185  MXM  WARN  The 'ulimit -s' on the system is set to 'unlimited'. This may have negative performance implications. Please set the heap size to the default value (10240) 
[1443877687.978347] [node033:17890:0]         sys.c:719  MXM  WARN  Conflicting CPU frequencies detected, using: 1918.12
[1443877687.987742] [node033:17890:0]         mxm.c:185  MXM  WARN  The 'ulimit -s' on the system is set to 'unlimited'. This may have negative performance implications. Please set the heap size to the default value (10240) 
[1443877687.990782] [node028:19191:0]         sys.c:719  MXM  WARN  Conflicting CPU frequencies detected, using: 2136.09
[1443877687.994559] [node028:19191:0]         mxm.c:185  MXM  WARN  The 'ulimit -s' on the system is set to 'unlimited'. This may have negative performance implications. Please set the heap size to the default value (10240) 
[1443877687.995819] [node035:15901:0]         sys.c:719  MXM  WARN  Conflicting CPU frequencies detected, using: 2166.56
[1443877687.999721] [node035:15901:0]         mxm.c:185  MXM  WARN  The 'ulimit -s' on the system is set to 'unlimited'. This may have negative performance implications. Please set the heap size to the default value (10240) 
[1443877687.988149] [node031:17651:0]         sys.c:719  MXM  WARN  Conflicting CPU frequencies detected, using: 1774.03
[1443877687.993679] [node031:17651:0]         mxm.c:185  MXM  WARN  The 'ulimit -s' on the system is set to 'unlimited'. This may have negative performance implications. Please set the heap size to the default value (10240) 
[1443877687.995401] [node037:15835:0]         sys.c:719  MXM  WARN  Conflicting CPU frequencies detected, using: 1794.75
[1443877687.999374] [node037:15835:0]         mxm.c:185  MXM  WARN  The 'ulimit -s' on the system is set to 'unlimited'. This may have negative performance implications. Please set the heap size to the default value (10240) 
[1443877687.991417] [node038:9111 :0]         sys.c:719  MXM  WARN  Conflicting CPU frequencies detected, using: 1799.44
[1443877687.997376] [node038:9111 :0]         mxm.c:185  MXM  WARN  The 'ulimit -s' on the system is set to 'unlimited'. This may have negative performance implications. Please set the heap size to the default value (10240) 
[1443877688.000382] [node050:28323:0]         sys.c:719  MXM  WARN  Conflicting CPU frequencies detected, using: 1774.41
[1443877688.004117] [node050:28323:0]         mxm.c:185  MXM  WARN  The 'ulimit -s' on the system is set to 'unlimited'. This may have negative performance implications. Please set the heap size to the default value (10240) 
[1443877687.973332] [node043:11953:0]         sys.c:719  MXM  WARN  Conflicting CPU frequencies detected, using: 1724.62
[1443877687.979542] [node043:11953:0]         mxm.c:185  MXM  WARN  The 'ulimit -s' on the system is set to 'unlimited'. This may have negative performance implications. Please set the heap size to the default value (10240) 
[1443877688.000560] [node048:31750:0]         sys.c:719  MXM  WARN  Conflicting CPU frequencies detected, using: 1863.38
[1443877688.004649] [node048:31750:0]         mxm.c:185  MXM  WARN  The 'ulimit -s' on the system is set to 'unlimited'. This may have negative performance implications. Please set the heap size to the default value (10240) 
[1443877688.012945] [node028:19218:0]         sys.c:719  MXM  WARN  Conflicting CPU frequencies detected, using: 2289.19
[1443877688.016113] [node028:19218:0]         mxm.c:185  MXM  WARN  The 'ulimit -s' on the system is set to 'unlimited'. This may have negative performance implications. Please set the heap size to the default value (10240) 
[1443877687.996992] [node048:31746:0]         sys.c:719  MXM  WARN  Conflicting CPU frequencies detected, using: 1863.38
[1443877688.001230] [node048:31746:0]         mxm.c:185  MXM  WARN  The 'ulimit -s' on the system is set to 'unlimited'. This may have negative performance implications. Please set the heap size to the default value (10240) 
[1443877688.002036] [node051:26516:0]         sys.c:719  MXM  WARN  Conflicting CPU frequencies detected, using: 1742.53
[1443877688.005529] [node051:26516:0]         mxm.c:185  MXM  WARN  The 'ulimit -s' on the system is set to 'unlimited'. This may have negative performance implications. Please set the heap size to the default value (10240) 
[1443877688.027365] [node045:10016:0]         sys.c:719  MXM  WARN  Conflicting CPU frequencies detected, using: 1594.12
[1443877688.035630] [node045:10016:0]         mxm.c:185  MXM  WARN  The 'ulimit -s' on the system is set to 'unlimited'. This may have negative performance implications. Please set the heap size to the default value (10240) 
[1443877688.001339] [node033:17907:0]         sys.c:719  MXM  WARN  Conflicting CPU frequencies detected, using: 2099.06
[1443877688.007764] [node033:17907:0]         mxm.c:185  MXM  WARN  The 'ulimit -s' on the system is set to 'unlimited'. This may have negative performance implications. Please set the heap size to the default value (10240) 
[1443877687.983577] [node041:10676:0]         sys.c:719  MXM  WARN  Conflicting CPU frequencies detected, using: 1472.34
[1443877687.990060] [node041:10676:0]         mxm.c:185  MXM  WARN  The 'ulimit -s' on the system is set to 'unlimited'. This may have negative performance implications. Please set the heap size to the default value (10240) 
[1443877688.000405] [node050:28322:0]         sys.c:719  MXM  WARN  Conflicting CPU frequencies detected, using: 1774.41
[1443877688.004496] [node050:28322:0]         mxm.c:185  MXM  WARN  The 'ulimit -s' on the system is set to 'unlimited'. This may have negative performance implications. Please set the heap size to the default value (10240) 
[1443877688.007821] [node026:23261:0]         sys.c:719  MXM  WARN  Conflicting CPU frequencies detected, using: 1779.66
[1443877688.011902] [node026:23261:0]         mxm.c:185  MXM  WARN  The 'ulimit -s' on the system is set to 'unlimited'. This may have negative performance implications. Please set the heap size to the default value (10240) 
[1443877687.993548] [node044:12764:0]         sys.c:719  MXM  WARN  Conflicting CPU frequencies detected, using: 1597.50
[1443877687.999821] [node044:12764:0]         mxm.c:185  MXM  WARN  The 'ulimit -s' on the system is set to 'unlimited'. This may have negative performance implications. Please set the heap size to the default value (10240) 
[1443877688.015079] [node029:19188:0]         sys.c:719  MXM  WARN  Conflicting CPU frequencies detected, using: 2095.41
[1443877688.018147] [node029:19188:0]         mxm.c:185  MXM  WARN  The 'ulimit -s' on the system is set to 'unlimited'. This may have negative performance implications. Please set the heap size to the default value (10240) 
[1443877688.015584] [node035:15935:0]         sys.c:719  MXM  WARN  Conflicting CPU frequencies detected, using: 2166.56
[1443877688.018987] [node035:15935:0]         mxm.c:185  MXM  WARN  The 'ulimit -s' on the system is set to 'unlimited'. This may have negative performance implications. Please set the heap size to the default value (10240) 
[1443877687.992493] [node031:17660:0]         sys.c:719  MXM  WARN  Conflicting CPU frequencies detected, using: 1774.03
[1443877687.998914] [node031:17660:0]         mxm.c:185  MXM  WARN  The 'ulimit -s' on the system is set to 'unlimited'. This may have negative performance implications. Please set the heap size to the default value (10240) 
[1443877688.002804] [node026:23262:0]         sys.c:719  MXM  WARN  Conflicting CPU frequencies detected, using: 1779.66
[1443877688.006864] [node026:23262:0]         mxm.c:185  MXM  WARN  The 'ulimit -s' on the system is set to 'unlimited'. This may have negative performance implications. Please set the heap size to the default value (10240) 
[1443877688.024487] [node029:19189:0]         sys.c:719  MXM  WARN  Conflicting CPU frequencies detected, using: 2095.41
[1443877688.027618] [node029:19189:0]         mxm.c:185  MXM  WARN  The 'ulimit -s' on the system is set to 'unlimited'. This may have negative performance implications. Please set the heap size to the default value (10240) 
[1443877688.017503] [node035:15937:0]         sys.c:719  MXM  WARN  Conflicting CPU frequencies detected, using: 2166.56
[1443877688.021327] [node035:15937:0]         mxm.c:185  MXM  WARN  The 'ulimit -s' on the system is set to 'unlimited'. This may have negative performance implications. Please set the heap size to the default value (10240) 
[1443877687.986248] [node043:11964:0]         sys.c:719  MXM  WARN  Conflicting CPU frequencies detected, using: 1724.62
[1443877687.995569] [node043:11964:0]         mxm.c:185  MXM  WARN  The 'ulimit -s' on the system is set to 'unlimited'. This may have negative performance implications. Please set the heap size to the default value (10240) 
[1443877688.010135] [node032:16966:0]         sys.c:719  MXM  WARN  Conflicting CPU frequencies detected, using: 2259.56
[1443877688.015970] [node032:16966:0]         mxm.c:185  MXM  WARN  The 'ulimit -s' on the system is set to 'unlimited'. This may have negative performance implications. Please set the heap size to the default value (10240) 
[1443877688.014335] [node051:26526:0]         sys.c:719  MXM  WARN  Conflicting CPU frequencies detected, using: 1761.47
[1443877688.017838] [node051:26526:0]         mxm.c:185  MXM  WARN  The 'ulimit -s' on the system is set to 'unlimited'. This may have negative performance implications. Please set the heap size to the default value (10240) 
[1443877688.015587] [node052:20170:0]         sys.c:719  MXM  WARN  Conflicting CPU frequencies detected, using: 1845.00
[1443877688.019647] [node052:20170:0]         mxm.c:185  MXM  WARN  The 'ulimit -s' on the system is set to 'unlimited'. This may have negative performance implications. Please set the heap size to the default value (10240) 
[1443877688.022887] [node037:15852:0]         sys.c:719  MXM  WARN  Conflicting CPU frequencies detected, using: 1899.09
[1443877688.026327] [node037:15852:0]         mxm.c:185  MXM  WARN  The 'ulimit -s' on the system is set to 'unlimited'. This may have negative performance implications. Please set the heap size to the default value (10240) 
[1443877688.022033] [node050:28357:0]         sys.c:719  MXM  WARN  Conflicting CPU frequencies detected, using: 1774.97
[1443877688.025410] [node050:28357:0]         mxm.c:185  MXM  WARN  The 'ulimit -s' on the system is set to 'unlimited'. This may have negative performance implications. Please set the heap size to the default value (10240) 
[1443877688.015056] [node034:12156:0]         sys.c:719  MXM  WARN  Conflicting CPU frequencies detected, using: 2349.00
[1443877688.020616] [node034:12156:0]         mxm.c:185  MXM  WARN  The 'ulimit -s' on the system is set to 'unlimited'. This may have negative performance implications. Please set the heap size to the default value (10240) 
[1443877688.019868] [node051:26537:0]         sys.c:719  MXM  WARN  Conflicting CPU frequencies detected, using: 1761.47
[1443877688.023007] [node051:26537:0]         mxm.c:185  MXM  WARN  The 'ulimit -s' on the system is set to 'unlimited'. This may have negative performance implications. Please set the heap size to the default value (10240) 
[1443877687.995993] [node045:9998 :0]         sys.c:719  MXM  WARN  Conflicting CPU frequencies detected, using: 1580.72
[1443877688.002299] [node045:9998 :0]         mxm.c:185  MXM  WARN  The 'ulimit -s' on the system is set to 'unlimited'. This may have negative performance implications. Please set the heap size to the default value (10240) 
[1443877688.012234] [node003:5094 :0]         sys.c:719  MXM  WARN  Conflicting CPU frequencies detected, using: 1692.47
[1443877688.015902] [node003:5094 :0]         mxm.c:185  MXM  WARN  The 'ulimit -s' on the system is set to 'unlimited'. This may have negative performance implications. Please set the heap size to the default value (10240) 
[1443877688.013379] [node038:9125 :0]         sys.c:719  MXM  WARN  Conflicting CPU frequencies detected, using: 1899.94
[1443877688.019296] [node038:9125 :0]         mxm.c:185  MXM  WARN  The 'ulimit -s' on the system is set to 'unlimited'. This may have negative performance implications. Please set the heap size to the default value (10240) 
[1443877688.012143] [node039:13324:0]         sys.c:719  MXM  WARN  Conflicting CPU frequencies detected, using: 1898.62
[1443877688.018960] [node039:13324:0]         mxm.c:185  MXM  WARN  The 'ulimit -s' on the system is set to 'unlimited'. This may have negative performance implications. Please set the heap size to the default value (10240) 
[1443877688.025158] [node050:28356:0]         sys.c:719  MXM  WARN  Conflicting CPU frequencies detected, using: 1774.97
[1443877688.028921] [node050:28356:0]         mxm.c:185  MXM  WARN  The 'ulimit -s' on the system is set to 'unlimited'. This may have negative performance implications. Please set the heap size to the default value (10240) 
[1443877688.030954] [node037:15855:0]         sys.c:719  MXM  WARN  Conflicting CPU frequencies detected, using: 1899.09
[1443877688.034060] [node037:15855:0]         mxm.c:185  MXM  WARN  The 'ulimit -s' on the system is set to 'unlimited'. This may have negative performance implications. Please set the heap size to the default value (10240) 
[1443877688.004082] [node039:13301:0]         sys.c:719  MXM  WARN  Conflicting CPU frequencies detected, using: 1840.41
[1443877688.011673] [node039:13301:0]         mxm.c:185  MXM  WARN  The 'ulimit -s' on the system is set to 'unlimited'. This may have negative performance implications. Please set the heap size to the default value (10240) 
[1443877688.028790] [node037:15861:0]         sys.c:719  MXM  WARN  Conflicting CPU frequencies detected, using: 1899.09
[1443877688.032685] [node037:15861:0]         mxm.c:185  MXM  WARN  The 'ulimit -s' on the system is set to 'unlimited'. This may have negative performance implications. Please set the heap size to the default value (10240) 
[1443877688.021955] [node049:30894:0]         sys.c:719  MXM  WARN  Conflicting CPU frequencies detected, using: 1691.25
[1443877688.025947] [node049:30894:0]         mxm.c:185  MXM  WARN  The 'ulimit -s' on the system is set to 'unlimited'. This may have negative performance implications. Please set the heap size to the default value (10240) 
[1443877688.023886] [node034:12155:0]         sys.c:719  MXM  WARN  Conflicting CPU frequencies detected, using: 2400.19
[1443877688.031640] [node034:12155:0]         mxm.c:185  MXM  WARN  The 'ulimit -s' on the system is set to 'unlimited'. This may have negative performance implications. Please set the heap size to the default value (10240) 
[1443877688.003950] [node039:13302:0]         sys.c:719  MXM  WARN  Conflicting CPU frequencies detected, using: 1840.41
[1443877688.012427] [node039:13302:0]         mxm.c:185  MXM  WARN  The 'ulimit -s' on the system is set to 'unlimited'. This may have negative performance implications. Please set the heap size to the default value (10240) 
[1443877688.026318] [node038:9135 :0]         sys.c:719  MXM  WARN  Conflicting CPU frequencies detected, using: 1979.25
[1443877688.034174] [node038:9135 :0]         mxm.c:185  MXM  WARN  The 'ulimit -s' on the system is set to 'unlimited'. This may have negative performance implications. Please set the heap size to the default value (10240) 
[1443877688.014496] [node042:10614:0]         sys.c:719  MXM  WARN  Conflicting CPU frequencies detected, using: 1697.34
[1443877688.023403] [node042:10614:0]         mxm.c:185  MXM  WARN  The 'ulimit -s' on the system is set to 'unlimited'. This may have negative performance implications. Please set the heap size to the default value (10240) 
[1443877688.026798] [node038:9136 :0]         sys.c:719  MXM  WARN  Conflicting CPU frequencies detected, using: 1979.25
[1443877688.034956] [node038:9136 :0]         mxm.c:185  MXM  WARN  The 'ulimit -s' on the system is set to 'unlimited'. This may have negative performance implications. Please set the heap size to the default value (10240) 
[1443877688.035744] [node052:20193:0]         sys.c:719  MXM  WARN  Conflicting CPU frequencies detected, using: 1781.53
[1443877688.039702] [node052:20193:0]         mxm.c:185  MXM  WARN  The 'ulimit -s' on the system is set to 'unlimited'. This may have negative performance implications. Please set the heap size to the default value (10240) 
[1443877688.004621] [node040:15491:0]         sys.c:719  MXM  WARN  Conflicting CPU frequencies detected, using: 1802.44
[1443877688.012486] [node040:15491:0]         mxm.c:185  MXM  WARN  The 'ulimit -s' on the system is set to 'unlimited'. This may have negative performance implications. Please set the heap size to the default value (10240) 
[1443877688.029193] [node047:2891 :0]         sys.c:719  MXM  WARN  Conflicting CPU frequencies detected, using: 1676.34
[1443877688.033085] [node047:2891 :0]         mxm.c:185  MXM  WARN  The 'ulimit -s' on the system is set to 'unlimited'. This may have negative performance implications. Please set the heap size to the default value (10240) 
[1443877688.033197] [node044:12782:0]         sys.c:719  MXM  WARN  Conflicting CPU frequencies detected, using: 1795.78
[1443877688.038837] [node044:12782:0]         mxm.c:185  MXM  WARN  The 'ulimit -s' on the system is set to 'unlimited'. This may have negative performance implications. Please set the heap size to the default value (10240) 
[1443877688.030408] [node047:2892 :0]         sys.c:719  MXM  WARN  Conflicting CPU frequencies detected, using: 1676.34
[1443877688.035428] [node047:2892 :0]         mxm.c:185  MXM  WARN  The 'ulimit -s' on the system is set to 'unlimited'. This may have negative performance implications. Please set the heap size to the default value (10240) 
[1443877688.028169] [node024:23850:0]         sys.c:719  MXM  WARN  Conflicting CPU frequencies detected, using: 1620.84
[1443877688.032273] [node024:23850:0]         mxm.c:185  MXM  WARN  The 'ulimit -s' on the system is set to 'unlimited'. This may have negative performance implications. Please set the heap size to the default value (10240) 
[1443877688.028492] [node024:23851:0]         sys.c:719  MXM  WARN  Conflicting CPU frequencies detected, using: 1620.84
[1443877688.032654] [node024:23851:0]         mxm.c:185  MXM  WARN  The 'ulimit -s' on the system is set to 'unlimited'. This may have negative performance implications. Please set the heap size to the default value (10240) 
[1443877688.032820] [node043:11991:0]         sys.c:719  MXM  WARN  Conflicting CPU frequencies detected, using: 1724.62
[1443877688.038395] [node043:11991:0]         mxm.c:185  MXM  WARN  The 'ulimit -s' on the system is set to 'unlimited'. This may have negative performance implications. Please set the heap size to the default value (10240) 
[1443877688.055380] [node036:14791:0]         sys.c:719  MXM  WARN  Conflicting CPU frequencies detected, using: 2255.53
[1443877688.059400] [node036:14791:0]         mxm.c:185  MXM  WARN  The 'ulimit -s' on the system is set to 'unlimited'. This may have negative performance implications. Please set the heap size to the default value (10240) 
[1443877688.046074] [node046:4424 :0]         sys.c:719  MXM  WARN  Conflicting CPU frequencies detected, using: 2245.03
[1443877688.050144] [node046:4424 :0]         mxm.c:185  MXM  WARN  The 'ulimit -s' on the system is set to 'unlimited'. This may have negative performance implications. Please set the heap size to the default value (10240) 
[1443877688.024991] [node045:10014:0]         sys.c:719  MXM  WARN  Conflicting CPU frequencies detected, using: 1594.12
[1443877688.033119] [node045:10014:0]         mxm.c:185  MXM  WARN  The 'ulimit -s' on the system is set to 'unlimited'. This may have negative performance implications. Please set the heap size to the default value (10240) 
[1443877688.022213] [node040:15514:0]         sys.c:719  MXM  WARN  Conflicting CPU frequencies detected, using: 1802.44
[1443877688.032512] [node040:15514:0]         mxm.c:185  MXM  WARN  The 'ulimit -s' on the system is set to 'unlimited'. This may have negative performance implications. Please set the heap size to the default value (10240) 
[1443877688.049222] [node036:14790:0]         sys.c:719  MXM  WARN  Conflicting CPU frequencies detected, using: 2255.53
[1443877688.052918] [node036:14790:0]         mxm.c:185  MXM  WARN  The 'ulimit -s' on the system is set to 'unlimited'. This may have negative performance implications. Please set the heap size to the default value (10240) 
[1443877688.034381] [node041:10697:0]         sys.c:719  MXM  WARN  Conflicting CPU frequencies detected, using: 1597.41
[1443877688.040022] [node041:10697:0]         mxm.c:185  MXM  WARN  The 'ulimit -s' on the system is set to 'unlimited'. This may have negative performance implications. Please set the heap size to the default value (10240) 
[1443877688.023740] [node040:15522:0]         sys.c:719  MXM  WARN  Conflicting CPU frequencies detected, using: 1802.44
[1443877688.033541] [node040:15522:0]         mxm.c:185  MXM  WARN  The 'ulimit -s' on the system is set to 'unlimited'. This may have negative performance implications. Please set the heap size to the default value (10240) 
[1443877688.049265] [node036:14789:0]         sys.c:719  MXM  WARN  Conflicting CPU frequencies detected, using: 2255.53
[1443877688.053497] [node036:14789:0]         mxm.c:185  MXM  WARN  The 'ulimit -s' on the system is set to 'unlimited'. This may have negative performance implications. Please set the heap size to the default value (10240) 
[1443877688.045371] [node047:2924 :0]         sys.c:719  MXM  WARN  Conflicting CPU frequencies detected, using: 1676.34
[1443877688.049153] [node047:2924 :0]         mxm.c:185  MXM  WARN  The 'ulimit -s' on the system is set to 'unlimited'. This may have negative performance implications. Please set the heap size to the default value (10240) 
[1443877688.040758] [node039:13351:0]         sys.c:719  MXM  WARN  Conflicting CPU frequencies detected, using: 2000.16
[1443877688.049806] [node039:13351:0]         mxm.c:185  MXM  WARN  The 'ulimit -s' on the system is set to 'unlimited'. This may have negative performance implications. Please set the heap size to the default value (10240) 
[1443877688.049756] [node042:10644:0]         sys.c:719  MXM  WARN  Conflicting CPU frequencies detected, using: 1998.56
[1443877688.056687] [node042:10644:0]         mxm.c:185  MXM  WARN  The 'ulimit -s' on the system is set to 'unlimited'. This may have negative performance implications. Please set the heap size to the default value (10240) 
[1443877688.042252] [node042:10631:0]         sys.c:719  MXM  WARN  Conflicting CPU frequencies detected, using: 1893.47
[1443877688.048630] [node042:10631:0]         mxm.c:185  MXM  WARN  The 'ulimit -s' on the system is set to 'unlimited'. This may have negative performance implications. Please set the heap size to the default value (10240) 
[1443877688.041991] [node044:12783:0]         sys.c:719  MXM  WARN  Conflicting CPU frequencies detected, using: 1879.03
[1443877688.049241] [node044:12783:0]         mxm.c:185  MXM  WARN  The 'ulimit -s' on the system is set to 'unlimited'. This may have negative performance implications. Please set the heap size to the default value (10240) 
[1443877688.057334] [node036:14830:0]         sys.c:719  MXM  WARN  Conflicting CPU frequencies detected, using: 2255.53
[1443877688.062630] [node036:14830:0]         mxm.c:185  MXM  WARN  The 'ulimit -s' on the system is set to 'unlimited'. This may have negative performance implications. Please set the heap size to the default value (10240) 
[1443877688.059626] [node032:16990:0]         sys.c:719  MXM  WARN  Conflicting CPU frequencies detected, using: 2259.56
[1443877688.065552] [node032:16990:0]         mxm.c:185  MXM  WARN  The 'ulimit -s' on the system is set to 'unlimited'. This may have negative performance implications. Please set the heap size to the default value (10240) 
[1443877688.057349] [node041:10713:0]         sys.c:719  MXM  WARN  Conflicting CPU frequencies detected, using: 1794.56
[1443877688.063637] [node041:10713:0]         mxm.c:185  MXM  WARN  The 'ulimit -s' on the system is set to 'unlimited'. This may have negative performance implications. Please set the heap size to the default value (10240) 
[1443877688.064052] [node043:12016:0]         sys.c:719  MXM  WARN  Conflicting CPU frequencies detected, using: 1797.75
[1443877688.071098] [node043:12016:0]         mxm.c:185  MXM  WARN  The 'ulimit -s' on the system is set to 'unlimited'. This may have negative performance implications. Please set the heap size to the default value (10240) 
[1443877688.067378] [node048:31792:0]         sys.c:719  MXM  WARN  Conflicting CPU frequencies detected, using: 1906.50
[1443877688.070995] [node048:31792:0]         mxm.c:185  MXM  WARN  The 'ulimit -s' on the system is set to 'unlimited'. This may have negative performance implications. Please set the heap size to the default value (10240) 
[1443877688.069046] [node048:31791:0]         sys.c:719  MXM  WARN  Conflicting CPU frequencies detected, using: 1906.50
[1443877688.073151] [node048:31791:0]         mxm.c:185  MXM  WARN  The 'ulimit -s' on the system is set to 'unlimited'. This may have negative performance implications. Please set the heap size to the default value (10240) 
[1443877688.061257] [node041:10718:0]         sys.c:719  MXM  WARN  Conflicting CPU frequencies detected, using: 1794.56
[1443877688.067737] [node041:10718:0]         mxm.c:185  MXM  WARN  The 'ulimit -s' on the system is set to 'unlimited'. This may have negative performance implications. Please set the heap size to the default value (10240) 
UPCR: UPC thread   1 of 128 on node001 (pshm node  0 of 32, process   1 of 128, pid=12347)
UPCR: UPC thread   3 of 128 on node001 (pshm node  0 of 32, process   3 of 128, pid=12349)
UPCR: UPC thread   0 of 128 on node001 (pshm node  0 of 32, process   0 of 128, pid=12346)
UPCR: UPC thread   2 of 128 on node001 (pshm node  0 of 32, process   2 of 128, pid=12348)
UPCR: UPC thread  66 of 128 on node037 (pshm node 16 of 32, process  66 of 128, pid=15855)
UPCR: UPC thread  64 of 128 on node037 (pshm node 16 of 32, process  64 of 128, pid=15835)
UPCR: UPC thread  19 of 128 on node025 (pshm node  4 of 32, process  19 of 128, pid=15689)
UPCR: UPC thread  65 of 128 on node037 (pshm node 16 of 32, process  65 of 128, pid=15852)
UPCR: UPC thread  17 of 128 on node025 (pshm node  4 of 32, process  17 of 128, pid=15662)
UPCR: UPC thread  35 of 128 on node029 (pshm node  8 of 32, process  35 of 128, pid=19146)
UPCR: UPC thread  51 of 128 on node033 (pshm node 12 of 32, process  51 of 128, pid=17857)
UPCR: UPC thread  16 of 128 on node025 (pshm node  4 of 32, process  16 of 128, pid=15637)
UPCR: UPC thread  24 of 128 on node027 (pshm node  6 of 32, process  24 of 128, pid=29725)
UPCR: UPC thread  73 of 128 on node039 (pshm node 18 of 32, process  73 of 128, pid=13302)
UPCR: UPC thread  49 of 128 on node033 (pshm node 12 of 32, process  49 of 128, pid=17858)
UPCR: UPC thread  75 of 128 on node039 (pshm node 18 of 32, process  75 of 128, pid=13351)
UPCR: UPC thread  50 of 128 on node033 (pshm node 12 of 32, process  50 of 128, pid=17890)
UPCR: UPC thread  26 of 128 on node027 (pshm node  6 of 32, process  26 of 128, pid=29653)
UPCR: UPC thread  10 of 128 on node003 (pshm node  2 of 32, process  10 of 128, pid=5094)
UPCR: UPC thread  48 of 128 on node033 (pshm node 12 of 32, process  48 of 128, pid=17907)
UPCR: UPC thread  42 of 128 on node031 (pshm node 10 of 32, process  42 of 128, pid=17660)
UPCR: UPC thread  53 of 128 on node034 (pshm node 13 of 32, process  53 of 128, pid=12156)
UPCR: UPC thread  45 of 128 on node032 (pshm node 11 of 32, process  45 of 128, pid=16924)
UPCR: UPC thread  52 of 128 on node034 (pshm node 13 of 32, process  52 of 128, pid=12155)
UPCR: UPC thread  82 of 128 on node041 (pshm node 20 of 32, process  82 of 128, pid=10697)
UPCR: UPC thread  83 of 128 on node041 (pshm node 20 of 32, process  83 of 128, pid=10676)
UPCR: UPC thread  96 of 128 on node045 (pshm node 24 of 32, process  96 of 128, pid=10014)
UPCR: UPC thread  85 of 128 on node042 (pshm node 21 of 32, process  85 of 128, pid=10614)
UPCR: UPC thread  84 of 128 on node042 (pshm node 21 of 32, process  84 of 128, pid=10631)
UPCR: UPC thread  99 of 128 on node045 (pshm node 24 of 32, process  99 of 128, pid=9974)
UPCR: UPC thread  54 of 128 on node034 (pshm node 13 of 32, process  54 of 128, pid=12111)
UPCR: UPC thread  41 of 128 on node031 (pshm node 10 of 32, process  41 of 128, pid=17613)
UPCR: UPC thread  46 of 128 on node032 (pshm node 11 of 32, process  46 of 128, pid=16949)
UPCR: UPC thread  74 of 128 on node039 (pshm node 18 of 32, process  74 of 128, pid=13301)
UPCR: UPC thread  11 of 128 on node003 (pshm node  2 of 32, process  11 of 128, pid=5028)
UPCR: UPC thread  39 of 128 on node030 (pshm node  9 of 32, process  39 of 128, pid=9809)
UPCR: UPC thread  34 of 128 on node029 (pshm node  8 of 32, process  34 of 128, pid=19188)
UPCR: UPC thread  20 of 128 on node026 (pshm node  5 of 32, process  20 of 128, pid=23236)
UPCR: UPC thread  88 of 128 on node043 (pshm node 22 of 32, process  88 of 128, pid=11953)
UPCR: UPC thread  47 of 128 on node032 (pshm node 11 of 32, process  47 of 128, pid=16966)
UPCR: UPC thread  40 of 128 on node031 (pshm node 10 of 32, process  40 of 128, pid=17636)
UPCR: UPC thread  55 of 128 on node034 (pshm node 13 of 32, process  55 of 128, pid=12135)
UPCR: UPC thread   4 of 128 on node002 (pshm node  1 of 32, process   4 of 128, pid=12441)
UPCR: UPC thread  69 of 128 on node038 (pshm node 17 of 32, process  69 of 128, pid=9135)
UPCR: UPC thread 107 of 128 on node047 (pshm node 26 of 32, process 107 of 128, pid=2892)
UPCR: UPC thread  71 of 128 on node038 (pshm node 17 of 32, process  71 of 128, pid=9136)
UPCR: UPC thread 104 of 128 on node047 (pshm node 26 of 32, process 104 of 128, pid=2873)
UPCR: UPC thread  59 of 128 on node035 (pshm node 14 of 32, process  59 of 128, pid=15901)
UPCR: UPC thread  87 of 128 on node042 (pshm node 21 of 32, process  87 of 128, pid=10600)
UPCR: UPC thread  98 of 128 on node045 (pshm node 24 of 32, process  98 of 128, pid=9998)
UPCR: UPC thread  86 of 128 on node042 (pshm node 21 of 32, process  86 of 128, pid=10644)
UPCR: UPC thread  70 of 128 on node038 (pshm node 17 of 32, process  70 of 128, pid=9125)
UPCR: UPC thread  36 of 128 on node030 (pshm node  9 of 32, process  36 of 128, pid=9772)
UPCR: UPC thread 112 of 128 on node049 (pshm node 28 of 32, process 112 of 128, pid=30873)
UPCR: UPC thread  97 of 128 on node045 (pshm node 24 of 32, process  97 of 128, pid=10016)
UPCR: UPC thread   8 of 128 on node003 (pshm node  2 of 32, process   8 of 128, pid=5077)
UPCR: UPC thread   7 of 128 on node002 (pshm node  1 of 32, process   7 of 128, pid=12394)
UPCR: UPC thread  80 of 128 on node041 (pshm node 20 of 32, process  80 of 128, pid=10713)
UPCR: UPC thread 115 of 128 on node049 (pshm node 28 of 32, process 115 of 128, pid=30894)
UPCR: UPC thread  57 of 128 on node035 (pshm node 14 of 32, process  57 of 128, pid=15935)
UPCR: UPC thread  67 of 128 on node037 (pshm node 16 of 32, process  67 of 128, pid=15861)
UPCR: UPC thread 100 of 128 on node046 (pshm node 25 of 32, process 100 of 128, pid=4362)
UPCR: UPC thread   9 of 128 on node003 (pshm node  2 of 32, process   9 of 128, pid=5053)
UPCR: UPC thread  18 of 128 on node025 (pshm node  4 of 32, process  18 of 128, pid=15679)
UPCR: UPC thread  38 of 128 on node030 (pshm node  9 of 32, process  38 of 128, pid=9803)
UPCR: UPC thread  15 of 128 on node024 (pshm node  3 of 32, process  15 of 128, pid=23800)
UPCR: UPC thread 126 of 128 on node052 (pshm node 31 of 32, process 126 of 128, pid=20153)
UPCR: UPC thread  68 of 128 on node038 (pshm node 17 of 32, process  68 of 128, pid=9111)
UPCR: UPC thread 105 of 128 on node047 (pshm node 26 of 32, process 105 of 128, pid=2891)
UPCR: UPC thread 114 of 128 on node049 (pshm node 28 of 32, process 114 of 128, pid=30849)
UPCR: UPC thread  22 of 128 on node026 (pshm node  5 of 32, process  22 of 128, pid=23212)
UPCR: UPC thread  44 of 128 on node032 (pshm node 11 of 32, process  44 of 128, pid=16990)
UPCR: UPC thread  37 of 128 on node030 (pshm node  9 of 32, process  37 of 128, pid=9755)
UPCR: UPC thread  76 of 128 on node040 (pshm node 19 of 32, process  76 of 128, pid=15491)
UPCR: UPC thread  91 of 128 on node043 (pshm node 22 of 32, process  91 of 128, pid=11991)
UPCR: UPC thread  43 of 128 on node031 (pshm node 10 of 32, process  43 of 128, pid=17651)
UPCR: UPC thread 117 of 128 on node050 (pshm node 29 of 32, process 117 of 128, pid=28323)
UPCR: UPC thread  81 of 128 on node041 (pshm node 20 of 32, process  81 of 128, pid=10718)
UPCR: UPC thread 109 of 128 on node048 (pshm node 27 of 32, process 109 of 128, pid=31791)
UPCR: UPC thread 121 of 128 on node051 (pshm node 30 of 32, process 121 of 128, pid=26537)
UPCR: UPC thread 122 of 128 on node051 (pshm node 30 of 32, process 122 of 128, pid=26502)
UPCR: UPC thread  13 of 128 on node024 (pshm node  3 of 32, process  13 of 128, pid=23851)
UPCR: UPC thread 118 of 128 on node050 (pshm node 29 of 32, process 118 of 128, pid=28357)
UPCR: UPC thread  32 of 128 on node029 (pshm node  8 of 32, process  32 of 128, pid=19170)
UPCR: UPC thread 120 of 128 on node051 (pshm node 30 of 32, process 120 of 128, pid=26516)
UPCR: UPC thread  33 of 128 on node029 (pshm node  8 of 32, process  33 of 128, pid=19189)
UPCR: UPC thread 116 of 128 on node050 (pshm node 29 of 32, process 116 of 128, pid=28356)
UPCR: UPC thread 111 of 128 on node048 (pshm node 27 of 32, process 111 of 128, pid=31750)
UPCR: UPC thread  27 of 128 on node027 (pshm node  6 of 32, process  27 of 128, pid=29659)
UPCR: UPC thread  12 of 128 on node024 (pshm node  3 of 32, process  12 of 128, pid=23850)
UPCR: UPC thread  58 of 128 on node035 (pshm node 14 of 32, process  58 of 128, pid=15902)
UPCR: UPC thread  77 of 128 on node040 (pshm node 19 of 32, process  77 of 128, pid=15492)
UPCR: UPC thread 106 of 128 on node047 (pshm node 26 of 32, process 106 of 128, pid=2924)
UPCR: UPC thread  62 of 128 on node036 (pshm node 15 of 32, process  62 of 128, pid=14791)
UPCR: UPC thread  63 of 128 on node036 (pshm node 15 of 32, process  63 of 128, pid=14790)
UPCR: UPC thread   5 of 128 on node002 (pshm node  1 of 32, process   5 of 128, pid=12408)
UPCR: UPC thread  56 of 128 on node035 (pshm node 14 of 32, process  56 of 128, pid=15937)
UPCR: UPC thread 123 of 128 on node051 (pshm node 30 of 32, process 123 of 128, pid=26526)
UPCR: UPC thread 102 of 128 on node046 (pshm node 25 of 32, process 102 of 128, pid=4393)
UPCR: UPC thread 119 of 128 on node050 (pshm node 29 of 32, process 119 of 128, pid=28322)
UPCR: UPC thread  95 of 128 on node044 (pshm node 23 of 32, process  95 of 128, pid=12740)
UPCR: UPC thread  14 of 128 on node024 (pshm node  3 of 32, process  14 of 128, pid=23825)
UPCR: UPC thread  90 of 128 on node043 (pshm node 22 of 32, process  90 of 128, pid=11964)
UPCR: UPC thread  92 of 128 on node044 (pshm node 23 of 32, process  92 of 128, pid=12783)
UPCR: UPC thread  79 of 128 on node040 (pshm node 19 of 32, process  79 of 128, pid=15514)
UPCR: UPC thread  60 of 128 on node036 (pshm node 15 of 32, process  60 of 128, pid=14830)
UPCR: UPC thread  72 of 128 on node039 (pshm node 18 of 32, process  72 of 128, pid=13324)
UPCR: UPC thread  21 of 128 on node026 (pshm node  5 of 32, process  21 of 128, pid=23262)
UPCR: UPC thread  61 of 128 on node036 (pshm node 15 of 32, process  61 of 128, pid=14789)
UPCR: UPC thread 103 of 128 on node046 (pshm node 25 of 32, process 103 of 128, pid=4424)
UPCR: UPC thread  94 of 128 on node044 (pshm node 23 of 32, process  94 of 128, pid=12764)
UPCR: UPC thread  23 of 128 on node026 (pshm node  5 of 32, process  23 of 128, pid=23261)
UPCR: UPC thread 113 of 128 on node049 (pshm node 28 of 32, process 113 of 128, pid=30825)
UPCR: UPC thread 108 of 128 on node048 (pshm node 27 of 32, process 108 of 128, pid=31746)
UPCR: UPC thread   6 of 128 on node002 (pshm node  1 of 32, process   6 of 128, pid=12466)
UPCR: UPC thread 110 of 128 on node048 (pshm node 27 of 32, process 110 of 128, pid=31792)
UPCR: UPC thread  78 of 128 on node040 (pshm node 19 of 32, process  78 of 128, pid=15522)
UPCR: UPC thread  89 of 128 on node043 (pshm node 22 of 32, process  89 of 128, pid=12016)
UPCR: UPC thread 125 of 128 on node052 (pshm node 31 of 32, process 125 of 128, pid=20193)
UPCR: UPC thread 101 of 128 on node046 (pshm node 25 of 32, process 101 of 128, pid=4385)
UPCR: UPC thread  25 of 128 on node027 (pshm node  6 of 32, process  25 of 128, pid=29701)
UPCR: UPC thread  31 of 128 on node028 (pshm node  7 of 32, process  31 of 128, pid=19185)
UPCR: UPC thread 124 of 128 on node052 (pshm node 31 of 32, process 124 of 128, pid=20170)
UPCR: UPC thread  93 of 128 on node044 (pshm node 23 of 32, process  93 of 128, pid=12782)
UPCR: UPC thread 127 of 128 on node052 (pshm node 31 of 32, process 127 of 128, pid=20129)
UPCR: UPC thread  29 of 128 on node028 (pshm node  7 of 32, process  29 of 128, pid=19162)
UPCR: UPC thread  28 of 128 on node028 (pshm node  7 of 32, process  28 of 128, pid=19191)
UPCR: UPC thread  30 of 128 on node028 (pshm node  7 of 32, process  30 of 128, pid=19218)
Initializing models/at.6.8-rgs.bdd!
Vector size: 14
Bits per integer: 8
Number of BDD variables: 112
Loading initial states: 
Initial states loaded... 
Loading transition relations... 
14 integers per state, 8 bits per integer, 26 transition groups
BDD nodes:
Initial states: 112 BDD nodes
Transition 0: 276 BDD nodes
Transition 1: 199 BDD nodes
Transition 2: 90 BDD nodes
Transition 3: 172 BDD nodes
Transition 4: 32 BDD nodes
Transition 5: 32 BDD nodes
Transition 6: 197 BDD nodes
Transition 7: 90 BDD nodes
Transition 8: 169 BDD nodes
Transition 9: 32 BDD nodes
Transition 10: 32 BDD nodes
Transition 11: 206 BDD nodes
Transition 12: 206 BDD nodes
Transition 13: 256 BDD nodes
Transition 14: 76 BDD nodes
Transition 15: 32 BDD nodes
Transition 16: 76 BDD nodes
Transition 17: 32 BDD nodes
Transition 18: 76 BDD nodes
Transition 19: 32 BDD nodes
Transition 20: 150 BDD nodes
Transition 21: 32 BDD nodes
Transition 22: 137 BDD nodes
Transition 23: 126 BDD nodes
Transition 24: 32 BDD nodes
Transition 25: 32 BDD nodes
Level 1... done. 
Level 2... done. 
Level 3... done. 
Level 4... done. 
Level 5... done. 
Level 6... done. 
Level 7... done. 
Level 8... done. 
Level 9... done. 
Level 10... done. 
Level 11... done. 
Level 12... done. 
Level 13... done. 
Level 14... done. 
Level 15... done. 
Level 16... done. 
Level 17... done. 
Level 18... done. 
Level 19... done. 
Level 20... done. 
Level 21... done. 
Level 22... done. 
Level 23... done. 
Level 24... done. 
Level 25... done. 
Level 26... done. 
Level 27... done. 
Level 28... done. 
Level 29... done. 
Level 30... done. 
Level 31... done. 
Level 32... done. 
Level 33... done. 
Level 34... done. 
Level 35... done. 
Level 36... done. 
Level 37... done. 
Level 38... done. 
Level 39... done. 
Level 40... done. 
Level 41... done. 
Level 42... done. 
Level 43... done. 
Level 44... done. 
Level 45... done. 
Level 46... done. 
Level 47... done. 
Level 48... done. 
Level 49... done. 
Level 50... done. 
Level 51... done. 
Level 52... done. 
Level 53... done. 
Level 54... done. 
Level 55... done. 
Level 56... done. 
Level 57... done. 
Level 58... done. 
Level 59... done. 
Level 60... done. 
Level 61... done. 
Level 62... done. 
Level 63... done. 
Level 64... done. 
Level 65... done. 
Level 66... done. 
Level 67... done. 
Level 68... done. 
Level 69... done. 
Level 70... done. 
Level 71... done. 
Level 72... done. 
Level 73... done. 
Level 74... done. 
Level 75... done. 
Level 76... done. 
Level 77... done. 
Level 78... done. 
Level 79... done. 
Level 80... done. 
Level 81... done. 
Level 82... done. 
Level 83... done. 
Level 84... done. 
Level 85... done. 
Level 86... done. 
Level 87... done. 
Level 88... done. 
Level 89... done. 
Level 90... done. 
Level 91... done. 
Level 92... done. 
Level 93... done. 
Level 94... done. 
Level 95... done. 
PAR Time: 60.135056
Final states: 160589600 states
Final states: 424124 BDD nodes
[1443877686.720774] [node001:12301:0]         sys.c:719  MXM  WARN  Conflicting CPU frequencies detected, using: 1757.44
