[1443874061.307635] [node008:19572:0]         sys.c:719  MXM  WARN  Conflicting CPU frequencies detected, using: 2088.94
[1443874061.338957] [node008:19572:0]         mxm.c:185  MXM  WARN  The 'ulimit -s' on the system is set to 'unlimited'. This may have negative performance implications. Please set the heap size to the default value (10240) 
[1443874061.307278] [node008:19571:0]         sys.c:719  MXM  WARN  Conflicting CPU frequencies detected, using: 2088.94
[1443874061.334941] [node008:19571:0]         mxm.c:185  MXM  WARN  The 'ulimit -s' on the system is set to 'unlimited'. This may have negative performance implications. Please set the heap size to the default value (10240) 
[1443874061.307773] [node008:19574:0]         sys.c:719  MXM  WARN  Conflicting CPU frequencies detected, using: 2088.94
[1443874061.339705] [node008:19574:0]         mxm.c:185  MXM  WARN  The 'ulimit -s' on the system is set to 'unlimited'. This may have negative performance implications. Please set the heap size to the default value (10240) 
[1443874061.307772] [node008:19573:0]         sys.c:719  MXM  WARN  Conflicting CPU frequencies detected, using: 2088.94
[1443874061.341963] [node008:19573:0]         mxm.c:185  MXM  WARN  The 'ulimit -s' on the system is set to 'unlimited'. This may have negative performance implications. Please set the heap size to the default value (10240) 
[1443874061.632574] [node009:10974:0]         sys.c:719  MXM  WARN  Conflicting CPU frequencies detected, using: 2894.44
[1443874061.639028] [node009:10974:0]         mxm.c:185  MXM  WARN  The 'ulimit -s' on the system is set to 'unlimited'. This may have negative performance implications. Please set the heap size to the default value (10240) 
[1443874061.703700] [node009:10997:0]         sys.c:719  MXM  WARN  Conflicting CPU frequencies detected, using: 2319.84
[1443874061.709573] [node009:10997:0]         mxm.c:185  MXM  WARN  The 'ulimit -s' on the system is set to 'unlimited'. This may have negative performance implications. Please set the heap size to the default value (10240) 
[1443874061.723664] [node015:20275:0]         sys.c:719  MXM  WARN  Conflicting CPU frequencies detected, using: 1497.84
[1443874061.729986] [node015:20275:0]         mxm.c:185  MXM  WARN  The 'ulimit -s' on the system is set to 'unlimited'. This may have negative performance implications. Please set the heap size to the default value (10240) 
[1443874061.730557] [node012:581  :0]         sys.c:719  MXM  WARN  Conflicting CPU frequencies detected, using: 1397.72
[1443874061.737167] [node012:581  :0]         mxm.c:185  MXM  WARN  The 'ulimit -s' on the system is set to 'unlimited'. This may have negative performance implications. Please set the heap size to the default value (10240) 
[1443874061.713975] [node011:17984:0]         sys.c:719  MXM  WARN  Conflicting CPU frequencies detected, using: 2842.88
[1443874061.719813] [node011:17984:0]         mxm.c:185  MXM  WARN  The 'ulimit -s' on the system is set to 'unlimited'. This may have negative performance implications. Please set the heap size to the default value (10240) 
[1443874061.716603] [node009:11005:0]         sys.c:719  MXM  WARN  Conflicting CPU frequencies detected, using: 2319.84
[1443874061.722179] [node009:11005:0]         mxm.c:185  MXM  WARN  The 'ulimit -s' on the system is set to 'unlimited'. This may have negative performance implications. Please set the heap size to the default value (10240) 
[1443874061.728496] [node009:11026:0]         sys.c:719  MXM  WARN  Conflicting CPU frequencies detected, using: 2319.84
[1443874061.735425] [node009:11026:0]         mxm.c:185  MXM  WARN  The 'ulimit -s' on the system is set to 'unlimited'. This may have negative performance implications. Please set the heap size to the default value (10240) 
[1443874061.750090] [node016:28901:0]         sys.c:719  MXM  WARN  Conflicting CPU frequencies detected, using: 2767.22
[1443874061.754340] [node016:28901:0]         mxm.c:185  MXM  WARN  The 'ulimit -s' on the system is set to 'unlimited'. This may have negative performance implications. Please set the heap size to the default value (10240) 
[1443874061.759828] [node014:7814 :0]         sys.c:719  MXM  WARN  Conflicting CPU frequencies detected, using: 2880.84
[1443874061.764122] [node014:7814 :0]         mxm.c:185  MXM  WARN  The 'ulimit -s' on the system is set to 'unlimited'. This may have negative performance implications. Please set the heap size to the default value (10240) 
[1443874061.756928] [node011:18001:0]         sys.c:719  MXM  WARN  Conflicting CPU frequencies detected, using: 2842.88
[1443874061.763038] [node011:18001:0]         mxm.c:185  MXM  WARN  The 'ulimit -s' on the system is set to 'unlimited'. This may have negative performance implications. Please set the heap size to the default value (10240) 
[1443874061.756216] [node010:1702 :0]         sys.c:719  MXM  WARN  Conflicting CPU frequencies detected, using: 2855.25
[1443874061.760198] [node010:1702 :0]         mxm.c:185  MXM  WARN  The 'ulimit -s' on the system is set to 'unlimited'. This may have negative performance implications. Please set the heap size to the default value (10240) 
[1443874061.759660] [node010:1703 :0]         sys.c:719  MXM  WARN  Conflicting CPU frequencies detected, using: 1954.41
[1443874061.764623] [node010:1703 :0]         mxm.c:185  MXM  WARN  The 'ulimit -s' on the system is set to 'unlimited'. This may have negative performance implications. Please set the heap size to the default value (10240) 
[1443874061.845392] [node055:17947:0]         sys.c:719  MXM  WARN  Conflicting CPU frequencies detected, using: 1496.91
[1443874061.851503] [node055:17947:0]         mxm.c:185  MXM  WARN  The 'ulimit -s' on the system is set to 'unlimited'. This may have negative performance implications. Please set the heap size to the default value (10240) 
[1443874061.835844] [node057:32215:0]         sys.c:719  MXM  WARN  Conflicting CPU frequencies detected, using: 1491.00
[1443874061.839984] [node057:32215:0]         mxm.c:185  MXM  WARN  The 'ulimit -s' on the system is set to 'unlimited'. This may have negative performance implications. Please set the heap size to the default value (10240) 
[1443874061.836901] [node013:32130:0]         sys.c:719  MXM  WARN  Conflicting CPU frequencies detected, using: 1733.34
[1443874061.843261] [node013:32130:0]         mxm.c:185  MXM  WARN  The 'ulimit -s' on the system is set to 'unlimited'. This may have negative performance implications. Please set the heap size to the default value (10240) 
[1443874061.847299] [node057:32225:0]         sys.c:719  MXM  WARN  Conflicting CPU frequencies detected, using: 1500.56
[1443874061.850732] [node057:32225:0]         mxm.c:185  MXM  WARN  The 'ulimit -s' on the system is set to 'unlimited'. This may have negative performance implications. Please set the heap size to the default value (10240) 
[1443874061.847880] [node012:605  :0]         sys.c:719  MXM  WARN  Conflicting CPU frequencies detected, using: 1803.75
[1443874061.853733] [node012:605  :0]         mxm.c:185  MXM  WARN  The 'ulimit -s' on the system is set to 'unlimited'. This may have negative performance implications. Please set the heap size to the default value (10240) 
[1443874061.852269] [node015:20299:0]         sys.c:719  MXM  WARN  Conflicting CPU frequencies detected, using: 1699.12
[1443874061.859185] [node015:20299:0]         mxm.c:185  MXM  WARN  The 'ulimit -s' on the system is set to 'unlimited'. This may have negative performance implications. Please set the heap size to the default value (10240) 
[1443874061.855025] [node021:15242:0]         sys.c:719  MXM  WARN  Conflicting CPU frequencies detected, using: 1599.94
[1443874061.858797] [node021:15242:0]         mxm.c:185  MXM  WARN  The 'ulimit -s' on the system is set to 'unlimited'. This may have negative performance implications. Please set the heap size to the default value (10240) 
[1443874061.856496] [node016:28925:0]         sys.c:719  MXM  WARN  Conflicting CPU frequencies detected, using: 1532.06
[1443874061.860747] [node016:28925:0]         mxm.c:185  MXM  WARN  The 'ulimit -s' on the system is set to 'unlimited'. This may have negative performance implications. Please set the heap size to the default value (10240) 
[1443874061.854659] [node021:15243:0]         sys.c:719  MXM  WARN  Conflicting CPU frequencies detected, using: 1599.94
[1443874061.858713] [node021:15243:0]         mxm.c:185  MXM  WARN  The 'ulimit -s' on the system is set to 'unlimited'. This may have negative performance implications. Please set the heap size to the default value (10240) 
[1443874061.890978] [node054:17443:0]         sys.c:719  MXM  WARN  Conflicting CPU frequencies detected, using: 1853.06
[1443874061.902431] [node054:17443:0]         mxm.c:185  MXM  WARN  The 'ulimit -s' on the system is set to 'unlimited'. This may have negative performance implications. Please set the heap size to the default value (10240) 
[1443874061.872086] [node013:32147:0]         sys.c:719  MXM  WARN  Conflicting CPU frequencies detected, using: 1796.62
[1443874061.878111] [node013:32147:0]         mxm.c:185  MXM  WARN  The 'ulimit -s' on the system is set to 'unlimited'. This may have negative performance implications. Please set the heap size to the default value (10240) 
[1443874061.858077] [node056:21170:0]         sys.c:719  MXM  WARN  Conflicting CPU frequencies detected, using: 1698.75
[1443874061.865787] [node056:21170:0]         mxm.c:185  MXM  WARN  The 'ulimit -s' on the system is set to 'unlimited'. This may have negative performance implications. Please set the heap size to the default value (10240) 
[1443874061.859605] [node023:23263:0]         sys.c:719  MXM  WARN  Conflicting CPU frequencies detected, using: 1883.06
[1443874061.867487] [node023:23263:0]         mxm.c:185  MXM  WARN  The 'ulimit -s' on the system is set to 'unlimited'. This may have negative performance implications. Please set the heap size to the default value (10240) 
[1443874061.859727] [node023:23262:0]         sys.c:719  MXM  WARN  Conflicting CPU frequencies detected, using: 1883.06
[1443874061.868237] [node023:23262:0]         mxm.c:185  MXM  WARN  The 'ulimit -s' on the system is set to 'unlimited'. This may have negative performance implications. Please set the heap size to the default value (10240) 
[1443874061.859189] [node056:21171:0]         sys.c:719  MXM  WARN  Conflicting CPU frequencies detected, using: 1698.75
[1443874061.866530] [node056:21171:0]         mxm.c:185  MXM  WARN  The 'ulimit -s' on the system is set to 'unlimited'. This may have negative performance implications. Please set the heap size to the default value (10240) 
[1443874061.880985] [node060:28875:0]         sys.c:719  MXM  WARN  Conflicting CPU frequencies detected, using: 1994.34
[1443874061.884880] [node060:28875:0]         mxm.c:185  MXM  WARN  The 'ulimit -s' on the system is set to 'unlimited'. This may have negative performance implications. Please set the heap size to the default value (10240) 
[1443874061.871735] [node056:21203:0]         sys.c:719  MXM  WARN  Conflicting CPU frequencies detected, using: 1708.03
[1443874061.880245] [node056:21203:0]         mxm.c:185  MXM  WARN  The 'ulimit -s' on the system is set to 'unlimited'. This may have negative performance implications. Please set the heap size to the default value (10240) 
[1443874061.886727] [node056:21215:0]         sys.c:719  MXM  WARN  Conflicting CPU frequencies detected, using: 1896.56
[1443874061.892864] [node056:21215:0]         mxm.c:185  MXM  WARN  The 'ulimit -s' on the system is set to 'unlimited'. This may have negative performance implications. Please set the heap size to the default value (10240) 
[1443874061.899138] [node011:18032:0]         sys.c:719  MXM  WARN  Conflicting CPU frequencies detected, using: 2842.88
[1443874061.904447] [node011:18032:0]         mxm.c:185  MXM  WARN  The 'ulimit -s' on the system is set to 'unlimited'. This may have negative performance implications. Please set the heap size to the default value (10240) 
[1443874061.893757] [node059:24389:0]         sys.c:719  MXM  WARN  Conflicting CPU frequencies detected, using: 1699.22
[1443874061.897297] [node059:24389:0]         mxm.c:185  MXM  WARN  The 'ulimit -s' on the system is set to 'unlimited'. This may have negative performance implications. Please set the heap size to the default value (10240) 
[1443874061.894103] [node060:28882:0]         sys.c:719  MXM  WARN  Conflicting CPU frequencies detected, using: 2075.81
[1443874061.898131] [node060:28882:0]         mxm.c:185  MXM  WARN  The 'ulimit -s' on the system is set to 'unlimited'. This may have negative performance implications. Please set the heap size to the default value (10240) 
[1443874061.897380] [node059:24395:0]         sys.c:719  MXM  WARN  Conflicting CPU frequencies detected, using: 1699.22
[1443874061.900920] [node059:24395:0]         mxm.c:185  MXM  WARN  The 'ulimit -s' on the system is set to 'unlimited'. This may have negative performance implications. Please set the heap size to the default value (10240) 
[1443874061.883396] [node055:17964:0]         sys.c:719  MXM  WARN  Conflicting CPU frequencies detected, using: 1698.19
[1443874061.889449] [node055:17964:0]         mxm.c:185  MXM  WARN  The 'ulimit -s' on the system is set to 'unlimited'. This may have negative performance implications. Please set the heap size to the default value (10240) 
[1443874061.892328] [node013:32168:0]         sys.c:719  MXM  WARN  Conflicting CPU frequencies detected, using: 1863.66
[1443874061.898168] [node013:32168:0]         mxm.c:185  MXM  WARN  The 'ulimit -s' on the system is set to 'unlimited'. This may have negative performance implications. Please set the heap size to the default value (10240) 
[1443874061.904657] [node060:28893:0]         sys.c:719  MXM  WARN  Conflicting CPU frequencies detected, using: 2075.44
[1443874061.908540] [node060:28893:0]         mxm.c:185  MXM  WARN  The 'ulimit -s' on the system is set to 'unlimited'. This may have negative performance implications. Please set the heap size to the default value (10240) 
[1443874061.899362] [node015:20318:0]         sys.c:719  MXM  WARN  Conflicting CPU frequencies detected, using: 1889.25
[1443874061.905354] [node015:20318:0]         mxm.c:185  MXM  WARN  The 'ulimit -s' on the system is set to 'unlimited'. This may have negative performance implications. Please set the heap size to the default value (10240) 
[1443874061.917167] [node011:18040:0]         sys.c:719  MXM  WARN  Conflicting CPU frequencies detected, using: 2842.88
[1443874061.923079] [node011:18040:0]         mxm.c:185  MXM  WARN  The 'ulimit -s' on the system is set to 'unlimited'. This may have negative performance implications. Please set the heap size to the default value (10240) 
[1443874061.886448] [node017:11155:0]         sys.c:719  MXM  WARN  Conflicting CPU frequencies detected, using: 1599.94
[1443874061.892740] [node017:11155:0]         mxm.c:185  MXM  WARN  The 'ulimit -s' on the system is set to 'unlimited'. This may have negative performance implications. Please set the heap size to the default value (10240) 
[1443874061.902064] [node023:23295:0]         sys.c:719  MXM  WARN  Conflicting CPU frequencies detected, using: 1883.06
[1443874061.908858] [node023:23295:0]         mxm.c:185  MXM  WARN  The 'ulimit -s' on the system is set to 'unlimited'. This may have negative performance implications. Please set the heap size to the default value (10240) 
[1443874061.918270] [node057:32263:0]         sys.c:719  MXM  WARN  Conflicting CPU frequencies detected, using: 1948.22
[1443874061.921378] [node057:32263:0]         mxm.c:185  MXM  WARN  The 'ulimit -s' on the system is set to 'unlimited'. This may have negative performance implications. Please set the heap size to the default value (10240) 
[1443874061.915138] [node057:32259:0]         sys.c:719  MXM  WARN  Conflicting CPU frequencies detected, using: 1901.25
[1443874061.918836] [node057:32259:0]         mxm.c:185  MXM  WARN  The 'ulimit -s' on the system is set to 'unlimited'. This may have negative performance implications. Please set the heap size to the default value (10240) 
[1443874061.900082] [node012:636  :0]         sys.c:719  MXM  WARN  Conflicting CPU frequencies detected, using: 1899.94
[1443874061.906967] [node012:636  :0]         mxm.c:185  MXM  WARN  The 'ulimit -s' on the system is set to 'unlimited'. This may have negative performance implications. Please set the heap size to the default value (10240) 
[1443874061.893009] [node012:622  :0]         sys.c:719  MXM  WARN  Conflicting CPU frequencies detected, using: 1899.94
[1443874061.899476] [node012:622  :0]         mxm.c:185  MXM  WARN  The 'ulimit -s' on the system is set to 'unlimited'. This may have negative performance implications. Please set the heap size to the default value (10240) 
[1443874061.901798] [node013:32178:0]         sys.c:719  MXM  WARN  Conflicting CPU frequencies detected, using: 1899.94
[1443874061.910636] [node013:32178:0]         mxm.c:185  MXM  WARN  The 'ulimit -s' on the system is set to 'unlimited'. This may have negative performance implications. Please set the heap size to the default value (10240) 
[1443874061.898429] [node018:27169:0]         sys.c:719  MXM  WARN  Conflicting CPU frequencies detected, using: 1880.06
[1443874061.904273] [node018:27169:0]         mxm.c:185  MXM  WARN  The 'ulimit -s' on the system is set to 'unlimited'. This may have negative performance implications. Please set the heap size to the default value (10240) 
[1443874061.919538] [node059:24420:0]         sys.c:719  MXM  WARN  Conflicting CPU frequencies detected, using: 1795.59
[1443874061.922865] [node059:24420:0]         mxm.c:185  MXM  WARN  The 'ulimit -s' on the system is set to 'unlimited'. This may have negative performance implications. Please set the heap size to the default value (10240) 
[1443874061.917808] [node059:24419:0]         sys.c:719  MXM  WARN  Conflicting CPU frequencies detected, using: 1795.59
[1443874061.922015] [node059:24419:0]         mxm.c:185  MXM  WARN  The 'ulimit -s' on the system is set to 'unlimited'. This may have negative performance implications. Please set the heap size to the default value (10240) 
[1443874061.918207] [node021:15283:0]         sys.c:719  MXM  WARN  Conflicting CPU frequencies detected, using: 1799.91
[1443874061.921683] [node021:15283:0]         mxm.c:185  MXM  WARN  The 'ulimit -s' on the system is set to 'unlimited'. This may have negative performance implications. Please set the heap size to the default value (10240) 
[1443874061.901094] [node020:6468 :0]         sys.c:719  MXM  WARN  Conflicting CPU frequencies detected, using: 1798.50
[1443874061.907314] [node020:6468 :0]         mxm.c:185  MXM  WARN  The 'ulimit -s' on the system is set to 'unlimited'. This may have negative performance implications. Please set the heap size to the default value (10240) 
[1443874061.918927] [node021:15291:0]         sys.c:719  MXM  WARN  Conflicting CPU frequencies detected, using: 1799.91
[1443874061.922665] [node021:15291:0]         mxm.c:185  MXM  WARN  The 'ulimit -s' on the system is set to 'unlimited'. This may have negative performance implications. Please set the heap size to the default value (10240) 
[1443874061.924445] [node019:10229:0]         sys.c:719  MXM  WARN  Conflicting CPU frequencies detected, using: 2099.25
[1443874061.927976] [node019:10229:0]         mxm.c:185  MXM  WARN  The 'ulimit -s' on the system is set to 'unlimited'. This may have negative performance implications. Please set the heap size to the default value (10240) 
[1443874061.909413] [node022:9789 :0]         sys.c:719  MXM  WARN  Conflicting CPU frequencies detected, using: 1886.34
[1443874061.915781] [node022:9789 :0]         mxm.c:185  MXM  WARN  The 'ulimit -s' on the system is set to 'unlimited'. This may have negative performance implications. Please set the heap size to the default value (10240) 
[1443874061.892543] [node018:27163:0]         sys.c:719  MXM  WARN  Conflicting CPU frequencies detected, using: 1810.78
[1443874061.898866] [node018:27163:0]         mxm.c:185  MXM  WARN  The 'ulimit -s' on the system is set to 'unlimited'. This may have negative performance implications. Please set the heap size to the default value (10240) 
[1443874061.914091] [node018:27195:0]         sys.c:719  MXM  WARN  Conflicting CPU frequencies detected, using: 1988.91
[1443874061.920041] [node018:27195:0]         mxm.c:185  MXM  WARN  The 'ulimit -s' on the system is set to 'unlimited'. This may have negative performance implications. Please set the heap size to the default value (10240) 
[1443874061.891062] [node054:17463:0]         sys.c:719  MXM  WARN  Conflicting CPU frequencies detected, using: 1853.06
[1443874061.900669] [node054:17463:0]         mxm.c:185  MXM  WARN  The 'ulimit -s' on the system is set to 'unlimited'. This may have negative performance implications. Please set the heap size to the default value (10240) 
[1443874061.914265] [node023:23309:0]         sys.c:719  MXM  WARN  Conflicting CPU frequencies detected, using: 1883.06
[1443874061.921029] [node023:23309:0]         mxm.c:185  MXM  WARN  The 'ulimit -s' on the system is set to 'unlimited'. This may have negative performance implications. Please set the heap size to the default value (10240) 
[1443874061.926253] [node058:26305:0]         sys.c:719  MXM  WARN  Conflicting CPU frequencies detected, using: 2292.47
[1443874061.929728] [node058:26305:0]         mxm.c:185  MXM  WARN  The 'ulimit -s' on the system is set to 'unlimited'. This may have negative performance implications. Please set the heap size to the default value (10240) 
[1443874061.890704] [node054:17429:0]         sys.c:719  MXM  WARN  Conflicting CPU frequencies detected, using: 1853.06
[1443874061.901649] [node054:17429:0]         mxm.c:185  MXM  WARN  The 'ulimit -s' on the system is set to 'unlimited'. This may have negative performance implications. Please set the heap size to the default value (10240) 
[1443874061.916457] [node022:9796 :0]         sys.c:719  MXM  WARN  Conflicting CPU frequencies detected, using: 1891.41
[1443874061.922801] [node022:9796 :0]         mxm.c:185  MXM  WARN  The 'ulimit -s' on the system is set to 'unlimited'. This may have negative performance implications. Please set the heap size to the default value (10240) 
[1443874061.922787] [node019:10228:0]         sys.c:719  MXM  WARN  Conflicting CPU frequencies detected, using: 2099.25
[1443874061.926309] [node019:10228:0]         mxm.c:185  MXM  WARN  The 'ulimit -s' on the system is set to 'unlimited'. This may have negative performance implications. Please set the heap size to the default value (10240) 
[1443874061.934584] [node019:10242:0]         sys.c:719  MXM  WARN  Conflicting CPU frequencies detected, using: 2217.84
[1443874061.938004] [node019:10242:0]         mxm.c:185  MXM  WARN  The 'ulimit -s' on the system is set to 'unlimited'. This may have negative performance implications. Please set the heap size to the default value (10240) 
[1443874061.916309] [node018:27196:0]         sys.c:719  MXM  WARN  Conflicting CPU frequencies detected, using: 1988.91
[1443874061.922705] [node018:27196:0]         mxm.c:185  MXM  WARN  The 'ulimit -s' on the system is set to 'unlimited'. This may have negative performance implications. Please set the heap size to the default value (10240) 
[1443874061.926701] [node058:26322:0]         sys.c:719  MXM  WARN  Conflicting CPU frequencies detected, using: 2292.47
[1443874061.930415] [node058:26322:0]         mxm.c:185  MXM  WARN  The 'ulimit -s' on the system is set to 'unlimited'. This may have negative performance implications. Please set the heap size to the default value (10240) 
[1443874061.931625] [node014:7838 :0]         sys.c:719  MXM  WARN  Conflicting CPU frequencies detected, using: 2454.00
[1443874061.935743] [node014:7838 :0]         mxm.c:185  MXM  WARN  The 'ulimit -s' on the system is set to 'unlimited'. This may have negative performance implications. Please set the heap size to the default value (10240) 
[1443874061.924359] [node016:28947:0]         sys.c:719  MXM  WARN  Conflicting CPU frequencies detected, using: 1662.09
[1443874061.928341] [node016:28947:0]         mxm.c:185  MXM  WARN  The 'ulimit -s' on the system is set to 'unlimited'. This may have negative performance implications. Please set the heap size to the default value (10240) 
[1443874061.931800] [node019:10240:0]         sys.c:719  MXM  WARN  Conflicting CPU frequencies detected, using: 2217.84
[1443874061.937361] [node019:10240:0]         mxm.c:185  MXM  WARN  The 'ulimit -s' on the system is set to 'unlimited'. This may have negative performance implications. Please set the heap size to the default value (10240) 
[1443874061.924285] [node016:28948:0]         sys.c:719  MXM  WARN  Conflicting CPU frequencies detected, using: 1662.09
[1443874061.928533] [node016:28948:0]         mxm.c:185  MXM  WARN  The 'ulimit -s' on the system is set to 'unlimited'. This may have negative performance implications. Please set the heap size to the default value (10240) 
[1443874061.925364] [node053:21106:0]         sys.c:719  MXM  WARN  Conflicting CPU frequencies detected, using: 1800.09
[1443874061.929451] [node053:21106:0]         mxm.c:185  MXM  WARN  The 'ulimit -s' on the system is set to 'unlimited'. This may have negative performance implications. Please set the heap size to the default value (10240) 
[1443874061.928728] [node015:20339:0]         sys.c:719  MXM  WARN  Conflicting CPU frequencies detected, using: 1889.25
[1443874061.935145] [node015:20339:0]         mxm.c:185  MXM  WARN  The 'ulimit -s' on the system is set to 'unlimited'. This may have negative performance implications. Please set the heap size to the default value (10240) 
[1443874061.930129] [node010:1750 :0]         sys.c:719  MXM  WARN  Conflicting CPU frequencies detected, using: 1789.03
[1443874061.933835] [node010:1750 :0]         mxm.c:185  MXM  WARN  The 'ulimit -s' on the system is set to 'unlimited'. This may have negative performance implications. Please set the heap size to the default value (10240) 
[1443874061.929547] [node010:1751 :0]         sys.c:719  MXM  WARN  Conflicting CPU frequencies detected, using: 1789.03
[1443874061.933705] [node010:1751 :0]         mxm.c:185  MXM  WARN  The 'ulimit -s' on the system is set to 'unlimited'. This may have negative performance implications. Please set the heap size to the default value (10240) 
[1443874061.930569] [node020:6484 :0]         sys.c:719  MXM  WARN  Conflicting CPU frequencies detected, using: 1983.75
[1443874061.938037] [node020:6484 :0]         mxm.c:185  MXM  WARN  The 'ulimit -s' on the system is set to 'unlimited'. This may have negative performance implications. Please set the heap size to the default value (10240) 
[1443874061.951907] [node058:26340:0]         sys.c:719  MXM  WARN  Conflicting CPU frequencies detected, using: 2400.00
[1443874061.955794] [node058:26340:0]         mxm.c:185  MXM  WARN  The 'ulimit -s' on the system is set to 'unlimited'. This may have negative performance implications. Please set the heap size to the default value (10240) 
[1443874061.934345] [node020:6485 :0]         sys.c:719  MXM  WARN  Conflicting CPU frequencies detected, using: 1999.97
[1443874061.942790] [node020:6485 :0]         mxm.c:185  MXM  WARN  The 'ulimit -s' on the system is set to 'unlimited'. This may have negative performance implications. Please set the heap size to the default value (10240) 
[1443874061.950597] [node058:26341:0]         sys.c:719  MXM  WARN  Conflicting CPU frequencies detected, using: 2400.00
[1443874061.955558] [node058:26341:0]         mxm.c:185  MXM  WARN  The 'ulimit -s' on the system is set to 'unlimited'. This may have negative performance implications. Please set the heap size to the default value (10240) 
[1443874061.929288] [node053:21111:0]         sys.c:719  MXM  WARN  Conflicting CPU frequencies detected, using: 1904.72
[1443874061.932661] [node053:21111:0]         mxm.c:185  MXM  WARN  The 'ulimit -s' on the system is set to 'unlimited'. This may have negative performance implications. Please set the heap size to the default value (10240) 
[1443874061.935404] [node022:9822 :0]         sys.c:719  MXM  WARN  Conflicting CPU frequencies detected, using: 1891.41
[1443874061.943129] [node022:9822 :0]         mxm.c:185  MXM  WARN  The 'ulimit -s' on the system is set to 'unlimited'. This may have negative performance implications. Please set the heap size to the default value (10240) 
[1443874061.951979] [node053:21157:0]         sys.c:719  MXM  WARN  Conflicting CPU frequencies detected, using: 1931.62
[1443874061.955554] [node053:21157:0]         mxm.c:185  MXM  WARN  The 'ulimit -s' on the system is set to 'unlimited'. This may have negative performance implications. Please set the heap size to the default value (10240) 
[1443874061.927835] [node053:21112:0]         sys.c:719  MXM  WARN  Conflicting CPU frequencies detected, using: 1904.72
[1443874061.931842] [node053:21112:0]         mxm.c:185  MXM  WARN  The 'ulimit -s' on the system is set to 'unlimited'. This may have negative performance implications. Please set the heap size to the default value (10240) 
[1443874061.948884] [node014:7850 :0]         sys.c:719  MXM  WARN  Conflicting CPU frequencies detected, using: 2454.00
[1443874061.953348] [node014:7850 :0]         mxm.c:185  MXM  WARN  The 'ulimit -s' on the system is set to 'unlimited'. This may have negative performance implications. Please set the heap size to the default value (10240) 
[1443874061.938345] [node020:6486 :0]         sys.c:719  MXM  WARN  Conflicting CPU frequencies detected, using: 1999.97
[1443874061.945421] [node020:6486 :0]         mxm.c:185  MXM  WARN  The 'ulimit -s' on the system is set to 'unlimited'. This may have negative performance implications. Please set the heap size to the default value (10240) 
[1443874061.921760] [node017:11173:0]         sys.c:719  MXM  WARN  Conflicting CPU frequencies detected, using: 1696.78
[1443874061.930351] [node017:11173:0]         mxm.c:185  MXM  WARN  The 'ulimit -s' on the system is set to 'unlimited'. This may have negative performance implications. Please set the heap size to the default value (10240) 
[1443874061.936021] [node022:9818 :0]         sys.c:719  MXM  WARN  Conflicting CPU frequencies detected, using: 1891.41
[1443874061.945176] [node022:9818 :0]         mxm.c:185  MXM  WARN  The 'ulimit -s' on the system is set to 'unlimited'. This may have negative performance implications. Please set the heap size to the default value (10240) 
[1443874061.921772] [node017:11174:0]         sys.c:719  MXM  WARN  Conflicting CPU frequencies detected, using: 1696.78
[1443874061.931318] [node017:11174:0]         mxm.c:185  MXM  WARN  The 'ulimit -s' on the system is set to 'unlimited'. This may have negative performance implications. Please set the heap size to the default value (10240) 
[1443874061.932708] [node017:11196:0]         sys.c:719  MXM  WARN  Conflicting CPU frequencies detected, using: 1798.03
[1443874061.942246] [node017:11196:0]         mxm.c:185  MXM  WARN  The 'ulimit -s' on the system is set to 'unlimited'. This may have negative performance implications. Please set the heap size to the default value (10240) 
[1443874061.964070] [node014:7865 :0]         sys.c:719  MXM  WARN  Conflicting CPU frequencies detected, using: 2454.00
[1443874061.968341] [node014:7865 :0]         mxm.c:185  MXM  WARN  The 'ulimit -s' on the system is set to 'unlimited'. This may have negative performance implications. Please set the heap size to the default value (10240) 
[1443874061.968496] [node060:28942:0]         sys.c:719  MXM  WARN  Conflicting CPU frequencies detected, using: 2055.56
[1443874061.972395] [node060:28942:0]         mxm.c:185  MXM  WARN  The 'ulimit -s' on the system is set to 'unlimited'. This may have negative performance implications. Please set the heap size to the default value (10240) 
[1443874061.953418] [node055:17994:0]         sys.c:719  MXM  WARN  Conflicting CPU frequencies detected, using: 1998.09
[1443874061.959662] [node055:17994:0]         mxm.c:185  MXM  WARN  The 'ulimit -s' on the system is set to 'unlimited'. This may have negative performance implications. Please set the heap size to the default value (10240) 
[1443874061.959673] [node055:17998:0]         sys.c:719  MXM  WARN  Conflicting CPU frequencies detected, using: 1998.09
[1443874061.965738] [node055:17998:0]         mxm.c:185  MXM  WARN  The 'ulimit -s' on the system is set to 'unlimited'. This may have negative performance implications. Please set the heap size to the default value (10240) 
[1443874061.996164] [node054:17501:0]         sys.c:719  MXM  WARN  Conflicting CPU frequencies detected, using: 1499.06
[1443874062.002255] [node054:17501:0]         mxm.c:185  MXM  WARN  The 'ulimit -s' on the system is set to 'unlimited'. This may have negative performance implications. Please set the heap size to the default value (10240) 
UPCR: UPC thread 23 of 96 on node013 (pshm node  5 of 24, process 23 of 96, pid=32168)
UPCR: UPC thread 22 of 96 on node013 (pshm node  5 of 24, process 22 of 96, pid=32178)
UPCR: UPC thread 20 of 96 on node013 (pshm node  5 of 24, process 20 of 96, pid=32147)
UPCR: UPC thread 21 of 96 on node013 (pshm node  5 of 24, process 21 of 96, pid=32130)
UPCR: UPC thread 87 of 96 on node058 (pshm node 21 of 24, process 87 of 96, pid=26305)
UPCR: UPC thread 86 of 96 on node058 (pshm node 21 of 24, process 86 of 96, pid=26341)
UPCR: UPC thread 52 of 96 on node021 (pshm node 13 of 24, process 52 of 96, pid=15291)
UPCR: UPC thread 38 of 96 on node017 (pshm node  9 of 24, process 38 of 96, pid=11155)
UPCR: UPC thread 54 of 96 on node021 (pshm node 13 of 24, process 54 of 96, pid=15242)
UPCR: UPC thread 55 of 96 on node021 (pshm node 13 of 24, process 55 of 96, pid=15243)
UPCR: UPC thread 85 of 96 on node058 (pshm node 21 of 24, process 85 of 96, pid=26322)
UPCR: UPC thread 53 of 96 on node021 (pshm node 13 of 24, process 53 of 96, pid=15283)
UPCR: UPC thread 36 of 96 on node017 (pshm node  9 of 24, process 36 of 96, pid=11174)
UPCR: UPC thread 58 of 96 on node022 (pshm node 14 of 24, process 58 of 96, pid=9789)
UPCR: UPC thread 46 of 96 on node019 (pshm node 11 of 24, process 46 of 96, pid=10229)
UPCR: UPC thread 59 of 96 on node022 (pshm node 14 of 24, process 59 of 96, pid=9822)
UPCR: UPC thread 25 of 96 on node014 (pshm node  6 of 24, process 25 of 96, pid=7850)
UPCR: UPC thread 44 of 96 on node019 (pshm node 11 of 24, process 44 of 96, pid=10228)
UPCR: UPC thread 68 of 96 on node054 (pshm node 17 of 24, process 68 of 96, pid=17429)
UPCR: UPC thread 57 of 96 on node022 (pshm node 14 of 24, process 57 of 96, pid=9796)
UPCR: UPC thread 70 of 96 on node054 (pshm node 17 of 24, process 70 of 96, pid=17443)
UPCR: UPC thread 26 of 96 on node014 (pshm node  6 of 24, process 26 of 96, pid=7838)
UPCR: UPC thread 74 of 96 on node055 (pshm node 18 of 24, process 74 of 96, pid=17964)
UPCR: UPC thread 45 of 96 on node019 (pshm node 11 of 24, process 45 of 96, pid=10240)
UPCR: UPC thread 40 of 96 on node018 (pshm node 10 of 24, process 40 of 96, pid=27196)
UPCR: UPC thread 28 of 96 on node015 (pshm node  7 of 24, process 28 of 96, pid=20275)
UPCR: UPC thread 75 of 96 on node055 (pshm node 18 of 24, process 75 of 96, pid=17998)
UPCR: UPC thread 69 of 96 on node054 (pshm node 17 of 24, process 69 of 96, pid=17463)
UPCR: UPC thread 41 of 96 on node018 (pshm node 10 of 24, process 41 of 96, pid=27169)
UPCR: UPC thread 30 of 96 on node015 (pshm node  7 of 24, process 30 of 96, pid=20339)
UPCR: UPC thread  5 of 96 on node009 (pshm node  1 of 24, process  5 of 96, pid=10974)
UPCR: UPC thread 15 of 96 on node011 (pshm node  3 of 24, process 15 of 96, pid=18032)
UPCR: UPC thread 56 of 96 on node022 (pshm node 14 of 24, process 56 of 96, pid=9818)
UPCR: UPC thread 42 of 96 on node018 (pshm node 10 of 24, process 42 of 96, pid=27163)
UPCR: UPC thread  6 of 96 on node009 (pshm node  1 of 24, process  6 of 96, pid=11026)
UPCR: UPC thread 37 of 96 on node017 (pshm node  9 of 24, process 37 of 96, pid=11196)
UPCR: UPC thread 88 of 96 on node059 (pshm node 22 of 24, process 88 of 96, pid=24419)
UPCR: UPC thread 27 of 96 on node014 (pshm node  6 of 24, process 27 of 96, pid=7865)
UPCR: UPC thread 11 of 96 on node010 (pshm node  2 of 24, process 11 of 96, pid=1703)
UPCR: UPC thread 71 of 96 on node054 (pshm node 17 of 24, process 71 of 96, pid=17501)
UPCR: UPC thread 89 of 96 on node059 (pshm node 22 of 24, process 89 of 96, pid=24389)
UPCR: UPC thread 34 of 96 on node016 (pshm node  8 of 24, process 34 of 96, pid=28925)
UPCR: UPC thread 43 of 96 on node018 (pshm node 10 of 24, process 43 of 96, pid=27195)
UPCR: UPC thread 67 of 96 on node053 (pshm node 16 of 24, process 67 of 96, pid=21106)
UPCR: UPC thread 13 of 96 on node011 (pshm node  3 of 24, process 13 of 96, pid=18040)
UPCR: UPC thread 73 of 96 on node055 (pshm node 18 of 24, process 73 of 96, pid=17947)
UPCR: UPC thread 84 of 96 on node058 (pshm node 21 of 24, process 84 of 96, pid=26340)
UPCR: UPC thread  8 of 96 on node010 (pshm node  2 of 24, process  8 of 96, pid=1750)
UPCR: UPC thread 91 of 96 on node059 (pshm node 22 of 24, process 91 of 96, pid=24395)
UPCR: UPC thread 49 of 96 on node020 (pshm node 12 of 24, process 49 of 96, pid=6485)
UPCR: UPC thread 24 of 96 on node014 (pshm node  6 of 24, process 24 of 96, pid=7814)
UPCR: UPC thread  0 of 96 on node008 (pshm node  0 of 24, process  0 of 96, pid=19571)
UPCR: UPC thread 82 of 96 on node057 (pshm node 20 of 24, process 82 of 96, pid=32263)
UPCR: UPC thread 63 of 96 on node023 (pshm node 15 of 24, process 63 of 96, pid=23309)
UPCR: UPC thread  2 of 96 on node008 (pshm node  0 of 24, process  2 of 96, pid=19573)
UPCR: UPC thread  3 of 96 on node008 (pshm node  0 of 24, process  3 of 96, pid=19574)
UPCR: UPC thread  9 of 96 on node010 (pshm node  2 of 24, process  9 of 96, pid=1702)
UPCR: UPC thread 16 of 96 on node012 (pshm node  4 of 24, process 16 of 96, pid=581)
UPCR: UPC thread 72 of 96 on node055 (pshm node 18 of 24, process 72 of 96, pid=17994)
UPCR: UPC thread 81 of 96 on node057 (pshm node 20 of 24, process 81 of 96, pid=32215)
UPCR: UPC thread 83 of 96 on node057 (pshm node 20 of 24, process 83 of 96, pid=32259)
UPCR: UPC thread 10 of 96 on node010 (pshm node  2 of 24, process 10 of 96, pid=1751)
UPCR: UPC thread 14 of 96 on node011 (pshm node  3 of 24, process 14 of 96, pid=18001)
UPCR: UPC thread  1 of 96 on node008 (pshm node  0 of 24, process  1 of 96, pid=19572)
UPCR: UPC thread 19 of 96 on node012 (pshm node  4 of 24, process 19 of 96, pid=605)
UPCR: UPC thread 62 of 96 on node023 (pshm node 15 of 24, process 62 of 96, pid=23263)
UPCR: UPC thread 95 of 96 on node060 (pshm node 23 of 24, process 95 of 96, pid=28882)
UPCR: UPC thread 29 of 96 on node015 (pshm node  7 of 24, process 29 of 96, pid=20299)
UPCR: UPC thread 61 of 96 on node023 (pshm node 15 of 24, process 61 of 96, pid=23295)
UPCR: UPC thread 17 of 96 on node012 (pshm node  4 of 24, process 17 of 96, pid=636)
UPCR: UPC thread 47 of 96 on node019 (pshm node 11 of 24, process 47 of 96, pid=10242)
UPCR: UPC thread 65 of 96 on node053 (pshm node 16 of 24, process 65 of 96, pid=21112)
UPCR: UPC thread  7 of 96 on node009 (pshm node  1 of 24, process  7 of 96, pid=11005)
UPCR: UPC thread 31 of 96 on node015 (pshm node  7 of 24, process 31 of 96, pid=20318)
UPCR: UPC thread 51 of 96 on node020 (pshm node 12 of 24, process 51 of 96, pid=6468)
UPCR: UPC thread 60 of 96 on node023 (pshm node 15 of 24, process 60 of 96, pid=23262)
UPCR: UPC thread 90 of 96 on node059 (pshm node 22 of 24, process 90 of 96, pid=24420)
UPCR: UPC thread 77 of 96 on node056 (pshm node 19 of 24, process 77 of 96, pid=21215)
UPCR: UPC thread 92 of 96 on node060 (pshm node 23 of 24, process 92 of 96, pid=28893)
UPCR: UPC thread 78 of 96 on node056 (pshm node 19 of 24, process 78 of 96, pid=21171)
UPCR: UPC thread 50 of 96 on node020 (pshm node 12 of 24, process 50 of 96, pid=6486)
UPCR: UPC thread 12 of 96 on node011 (pshm node  3 of 24, process 12 of 96, pid=17984)
UPCR: UPC thread 94 of 96 on node060 (pshm node 23 of 24, process 94 of 96, pid=28875)
UPCR: UPC thread 76 of 96 on node056 (pshm node 19 of 24, process 76 of 96, pid=21170)
UPCR: UPC thread 35 of 96 on node016 (pshm node  8 of 24, process 35 of 96, pid=28901)
UPCR: UPC thread 80 of 96 on node057 (pshm node 20 of 24, process 80 of 96, pid=32225)
UPCR: UPC thread 79 of 96 on node056 (pshm node 19 of 24, process 79 of 96, pid=21203)
UPCR: UPC thread  4 of 96 on node009 (pshm node  1 of 24, process  4 of 96, pid=10997)
UPCR: UPC thread 39 of 96 on node017 (pshm node  9 of 24, process 39 of 96, pid=11173)
UPCR: UPC thread 33 of 96 on node016 (pshm node  8 of 24, process 33 of 96, pid=28948)
UPCR: UPC thread 48 of 96 on node020 (pshm node 12 of 24, process 48 of 96, pid=6484)
UPCR: UPC thread 66 of 96 on node053 (pshm node 16 of 24, process 66 of 96, pid=21111)
UPCR: UPC thread 18 of 96 on node012 (pshm node  4 of 24, process 18 of 96, pid=622)
UPCR: UPC thread 93 of 96 on node060 (pshm node 23 of 24, process 93 of 96, pid=28942)
UPCR: UPC thread 32 of 96 on node016 (pshm node  8 of 24, process 32 of 96, pid=28947)
UPCR: UPC thread 64 of 96 on node053 (pshm node 16 of 24, process 64 of 96, pid=21157)
Initializing models/at.6.8-rgs.bdd!
Vector size: 14
Bits per integer: 8
Number of BDD variables: 112
Loading initial states: 
Initial states loaded... 
Loading transition relations... 
14 integers per state, 8 bits per integer, 26 transition groups
BDD nodes:
Initial states: 112 BDD nodes
Transition 0: 276 BDD nodes
Transition 1: 199 BDD nodes
Transition 2: 90 BDD nodes
Transition 3: 172 BDD nodes
Transition 4: 32 BDD nodes
Transition 5: 32 BDD nodes
Transition 6: 197 BDD nodes
Transition 7: 90 BDD nodes
Transition 8: 169 BDD nodes
Transition 9: 32 BDD nodes
Transition 10: 32 BDD nodes
Transition 11: 206 BDD nodes
Transition 12: 206 BDD nodes
Transition 13: 256 BDD nodes
Transition 14: 76 BDD nodes
Transition 15: 32 BDD nodes
Transition 16: 76 BDD nodes
Transition 17: 32 BDD nodes
Transition 18: 76 BDD nodes
Transition 19: 32 BDD nodes
Transition 20: 150 BDD nodes
Transition 21: 32 BDD nodes
Transition 22: 137 BDD nodes
Transition 23: 126 BDD nodes
Transition 24: 32 BDD nodes
Transition 25: 32 BDD nodes
Level 1... done. 
Level 2... done. 
Level 3... done. 
Level 4... done. 
Level 5... done. 
Level 6... done. 
Level 7... done. 
Level 8... done. 
Level 9... done. 
Level 10... done. 
Level 11... done. 
Level 12... done. 
Level 13... done. 
Level 14... done. 
Level 15... done. 
Level 16... done. 
Level 17... done. 
Level 18... done. 
Level 19... done. 
Level 20... done. 
Level 21... done. 
Level 22... done. 
Level 23... done. 
Level 24... done. 
Level 25... done. 
Level 26... done. 
Level 27... done. 
Level 28... done. 
Level 29... done. 
Level 30... done. 
Level 31... done. 
Level 32... done. 
Level 33... done. 
Level 34... done. 
Level 35... done. 
Level 36... done. 
Level 37... done. 
Level 38... done. 
Level 39... done. 
Level 40... done. 
Level 41... done. 
Level 42... done. 
Level 43... done. 
Level 44... done. 
Level 45... done. 
Level 46... done. 
Level 47... done. 
Level 48... done. 
Level 49... done. 
Level 50... done. 
Level 51... done. 
Level 52... done. 
Level 53... done. 
Level 54... done. 
Level 55... done. 
Level 56... done. 
Level 57... done. 
Level 58... done. 
Level 59... done. 
Level 60... done. 
Level 61... done. 
Level 62... done. 
Level 63... done. 
Level 64... done. 
Level 65... done. 
Level 66... done. 
Level 67... done. 
Level 68... done. 
Level 69... done. 
Level 70... done. 
Level 71... done. 
Level 72... done. 
Level 73... done. 
Level 74... done. 
Level 75... done. 
Level 76... done. 
Level 77... done. 
Level 78... done. 
Level 79... done. 
Level 80... done. 
Level 81... done. 
Level 82... done. 
Level 83... done. 
Level 84... done. 
Level 85... done. 
Level 86... done. 
Level 87... done. 
Level 88... done. 
Level 89... done. 
Level 90... done. 
Level 91... done. 
Level 92... done. 
Level 93... done. 
Level 94... done. 
Level 95... done. 
PAR Time: 57.361855
Final states: 160589600 states
Final states: 424124 BDD nodes
[1443874061.288980] [node008:19526:0]         sys.c:719  MXM  WARN  Conflicting CPU frequencies detected, using: 2851.78
