[1443871701.135799] [node024:16167:0]         sys.c:719  MXM  WARN  Conflicting CPU frequencies detected, using: 1426.69
[1443871701.139664] [node024:16167:0]         mxm.c:185  MXM  WARN  The 'ulimit -s' on the system is set to 'unlimited'. This may have negative performance implications. Please set the heap size to the default value (10240) 
[1443871701.138874] [node024:16168:0]         sys.c:719  MXM  WARN  Conflicting CPU frequencies detected, using: 1426.69
[1443871701.142800] [node024:16168:0]         mxm.c:185  MXM  WARN  The 'ulimit -s' on the system is set to 'unlimited'. This may have negative performance implications. Please set the heap size to the default value (10240) 
[1443871701.427077] [node042:1368 :0]         sys.c:719  MXM  WARN  Conflicting CPU frequencies detected, using: 1595.34
[1443871701.435720] [node042:1368 :0]         mxm.c:185  MXM  WARN  The 'ulimit -s' on the system is set to 'unlimited'. This may have negative performance implications. Please set the heap size to the default value (10240) 
[1443871701.392223] [node049:25290:0]         sys.c:719  MXM  WARN  Conflicting CPU frequencies detected, using: 1449.75
[1443871701.396447] [node049:25290:0]         mxm.c:185  MXM  WARN  The 'ulimit -s' on the system is set to 'unlimited'. This may have negative performance implications. Please set the heap size to the default value (10240) 
[1443871701.396321] [node048:26097:0]         sys.c:719  MXM  WARN  Conflicting CPU frequencies detected, using: 1590.75
[1443871701.400201] [node048:26097:0]         mxm.c:185  MXM  WARN  The 'ulimit -s' on the system is set to 'unlimited'. This may have negative performance implications. Please set the heap size to the default value (10240) 
[1443871701.394923] [node048:26098:0]         sys.c:719  MXM  WARN  Conflicting CPU frequencies detected, using: 1590.75
[1443871701.399496] [node048:26098:0]         mxm.c:185  MXM  WARN  The 'ulimit -s' on the system is set to 'unlimited'. This may have negative performance implications. Please set the heap size to the default value (10240) 
[1443871701.399858] [node047:27575:0]         sys.c:719  MXM  WARN  Conflicting CPU frequencies detected, using: 1598.53
[1443871701.404216] [node047:27575:0]         mxm.c:185  MXM  WARN  The 'ulimit -s' on the system is set to 'unlimited'. This may have negative performance implications. Please set the heap size to the default value (10240) 
[1443871701.399879] [node047:27576:0]         sys.c:719  MXM  WARN  Conflicting CPU frequencies detected, using: 1598.53
[1443871701.404132] [node047:27576:0]         mxm.c:185  MXM  WARN  The 'ulimit -s' on the system is set to 'unlimited'. This may have negative performance implications. Please set the heap size to the default value (10240) 
[1443871701.418517] [node050:22795:0]         sys.c:719  MXM  WARN  Conflicting CPU frequencies detected, using: 1494.84
[1443871701.422788] [node050:22795:0]         mxm.c:185  MXM  WARN  The 'ulimit -s' on the system is set to 'unlimited'. This may have negative performance implications. Please set the heap size to the default value (10240) 
[1443871701.427201] [node042:1369 :0]         sys.c:719  MXM  WARN  Conflicting CPU frequencies detected, using: 1595.34
[1443871701.434956] [node042:1369 :0]         mxm.c:185  MXM  WARN  The 'ulimit -s' on the system is set to 'unlimited'. This may have negative performance implications. Please set the heap size to the default value (10240) 
[1443871701.619034] [node052:14634:0]         sys.c:719  MXM  WARN  Conflicting CPU frequencies detected, using: 1599.28
[1443871701.623178] [node052:14634:0]         mxm.c:185  MXM  WARN  The 'ulimit -s' on the system is set to 'unlimited'. This may have negative performance implications. Please set the heap size to the default value (10240) 
[1443871701.619682] [node052:14635:0]         sys.c:719  MXM  WARN  Conflicting CPU frequencies detected, using: 1599.28
[1443871701.623840] [node052:14635:0]         mxm.c:185  MXM  WARN  The 'ulimit -s' on the system is set to 'unlimited'. This may have negative performance implications. Please set the heap size to the default value (10240) 
[1443871701.689262] [node043:2776 :0]         sys.c:719  MXM  WARN  Conflicting CPU frequencies detected, using: 2932.31
[1443871701.695797] [node043:2776 :0]         mxm.c:185  MXM  WARN  The 'ulimit -s' on the system is set to 'unlimited'. This may have negative performance implications. Please set the heap size to the default value (10240) 
[1443871701.694594] [node043:2777 :0]         sys.c:719  MXM  WARN  Conflicting CPU frequencies detected, using: 2932.31
[1443871701.700848] [node043:2777 :0]         mxm.c:185  MXM  WARN  The 'ulimit -s' on the system is set to 'unlimited'. This may have negative performance implications. Please set the heap size to the default value (10240) 
[1443871701.691520] [node051:20981:0]         sys.c:719  MXM  WARN  Conflicting CPU frequencies detected, using: 1590.00
[1443871701.695805] [node051:20981:0]         mxm.c:185  MXM  WARN  The 'ulimit -s' on the system is set to 'unlimited'. This may have negative performance implications. Please set the heap size to the default value (10240) 
[1443871701.691606] [node051:20980:0]         sys.c:719  MXM  WARN  Conflicting CPU frequencies detected, using: 1590.00
[1443871701.696043] [node051:20980:0]         mxm.c:185  MXM  WARN  The 'ulimit -s' on the system is set to 'unlimited'. This may have negative performance implications. Please set the heap size to the default value (10240) 
[1443871701.707180] [node045:744  :0]         sys.c:719  MXM  WARN  Conflicting CPU frequencies detected, using: 2035.03
[1443871701.714816] [node045:744  :0]         mxm.c:185  MXM  WARN  The 'ulimit -s' on the system is set to 'unlimited'. This may have negative performance implications. Please set the heap size to the default value (10240) 
[1443871701.707573] [node045:745  :0]         sys.c:719  MXM  WARN  Conflicting CPU frequencies detected, using: 2035.03
[1443871701.715567] [node045:745  :0]         mxm.c:185  MXM  WARN  The 'ulimit -s' on the system is set to 'unlimited'. This may have negative performance implications. Please set the heap size to the default value (10240) 
[1443871701.729255] [node044:3611 :0]         sys.c:719  MXM  WARN  Conflicting CPU frequencies detected, using: 1683.00
[1443871701.737783] [node044:3611 :0]         mxm.c:185  MXM  WARN  The 'ulimit -s' on the system is set to 'unlimited'. This may have negative performance implications. Please set the heap size to the default value (10240) 
[1443871701.729878] [node044:3610 :0]         sys.c:719  MXM  WARN  Conflicting CPU frequencies detected, using: 1683.00
[1443871701.738549] [node044:3610 :0]         mxm.c:185  MXM  WARN  The 'ulimit -s' on the system is set to 'unlimited'. This may have negative performance implications. Please set the heap size to the default value (10240) 
[1443871701.807650] [node046:29033:0]         sys.c:719  MXM  WARN  Conflicting CPU frequencies detected, using: 1594.88
[1443871701.812365] [node046:29033:0]         mxm.c:185  MXM  WARN  The 'ulimit -s' on the system is set to 'unlimited'. This may have negative performance implications. Please set the heap size to the default value (10240) 
[1443871701.807821] [node046:29032:0]         sys.c:719  MXM  WARN  Conflicting CPU frequencies detected, using: 1594.88
[1443871701.812442] [node046:29032:0]         mxm.c:185  MXM  WARN  The 'ulimit -s' on the system is set to 'unlimited'. This may have negative performance implications. Please set the heap size to the default value (10240) 
[1443871702.363052] [node050:22818:0]         sys.c:719  MXM  WARN  Conflicting CPU frequencies detected, using: 1415.16
[1443871702.366967] [node050:22818:0]         mxm.c:185  MXM  WARN  The 'ulimit -s' on the system is set to 'unlimited'. This may have negative performance implications. Please set the heap size to the default value (10240) 
[1443871702.382147] [node049:25315:0]         sys.c:719  MXM  WARN  Conflicting CPU frequencies detected, using: 1443.38
[1443871702.386459] [node049:25315:0]         mxm.c:185  MXM  WARN  The 'ulimit -s' on the system is set to 'unlimited'. This may have negative performance implications. Please set the heap size to the default value (10240) 
UPCR: UPC thread  3 of 24 on node042 (pshm node  1 of 12, process  3 of 24, pid=1368)
UPCR: UPC thread  2 of 24 on node042 (pshm node  1 of 12, process  2 of 24, pid=1369)
UPCR: UPC thread  1 of 24 on node024 (pshm node  0 of 12, process  1 of 24, pid=16168)
UPCR: UPC thread  0 of 24 on node024 (pshm node  0 of 12, process  0 of 24, pid=16167)
UPCR: UPC thread  5 of 24 on node043 (pshm node  2 of 12, process  5 of 24, pid=2777)
UPCR: UPC thread  4 of 24 on node043 (pshm node  2 of 12, process  4 of 24, pid=2776)
UPCR: UPC thread 19 of 24 on node050 (pshm node  9 of 12, process 19 of 24, pid=22818)
UPCR: UPC thread 12 of 24 on node047 (pshm node  6 of 12, process 12 of 24, pid=27575)
UPCR: UPC thread 14 of 24 on node048 (pshm node  7 of 12, process 14 of 24, pid=26098)
UPCR: UPC thread 13 of 24 on node047 (pshm node  6 of 12, process 13 of 24, pid=27576)
UPCR: UPC thread 18 of 24 on node050 (pshm node  9 of 12, process 18 of 24, pid=22795)
UPCR: UPC thread 15 of 24 on node048 (pshm node  7 of 12, process 15 of 24, pid=26097)
UPCR: UPC thread 20 of 24 on node051 (pshm node 10 of 12, process 20 of 24, pid=20980)
UPCR: UPC thread 16 of 24 on node049 (pshm node  8 of 12, process 16 of 24, pid=25315)
UPCR: UPC thread 21 of 24 on node051 (pshm node 10 of 12, process 21 of 24, pid=20981)
UPCR: UPC thread  9 of 24 on node045 (pshm node  4 of 12, process  9 of 24, pid=745)
UPCR: UPC thread  8 of 24 on node045 (pshm node  4 of 12, process  8 of 24, pid=744)
UPCR: UPC thread  7 of 24 on node044 (pshm node  3 of 12, process  7 of 24, pid=3611)
UPCR: UPC thread 11 of 24 on node046 (pshm node  5 of 12, process 11 of 24, pid=29032)
UPCR: UPC thread  6 of 24 on node044 (pshm node  3 of 12, process  6 of 24, pid=3610)
UPCR: UPC thread 23 of 24 on node052 (pshm node 11 of 12, process 23 of 24, pid=14634)
UPCR: UPC thread 10 of 24 on node046 (pshm node  5 of 12, process 10 of 24, pid=29033)
UPCR: UPC thread 17 of 24 on node049 (pshm node  8 of 12, process 17 of 24, pid=25290)
UPCR: UPC thread 22 of 24 on node052 (pshm node 11 of 12, process 22 of 24, pid=14635)
Initializing models/at.6.8-rgs.bdd!
Vector size: 14
Bits per integer: 8
Number of BDD variables: 112
Loading initial states: 
Initial states loaded... 
Loading transition relations... 
14 integers per state, 8 bits per integer, 26 transition groups
BDD nodes:
Initial states: 112 BDD nodes
Transition 0: 276 BDD nodes
Transition 1: 199 BDD nodes
Transition 2: 90 BDD nodes
Transition 3: 172 BDD nodes
Transition 4: 32 BDD nodes
Transition 5: 32 BDD nodes
Transition 6: 197 BDD nodes
Transition 7: 90 BDD nodes
Transition 8: 169 BDD nodes
Transition 9: 32 BDD nodes
Transition 10: 32 BDD nodes
Transition 11: 206 BDD nodes
Transition 12: 206 BDD nodes
Transition 13: 256 BDD nodes
Transition 14: 76 BDD nodes
Transition 15: 32 BDD nodes
Transition 16: 76 BDD nodes
Transition 17: 32 BDD nodes
Transition 18: 76 BDD nodes
Transition 19: 32 BDD nodes
Transition 20: 150 BDD nodes
Transition 21: 32 BDD nodes
Transition 22: 137 BDD nodes
Transition 23: 126 BDD nodes
Transition 24: 32 BDD nodes
Transition 25: 32 BDD nodes
Level 1... done. 
Level 2... done. 
Level 3... done. 
Level 4... done. 
Level 5... done. 
Level 6... done. 
Level 7... done. 
Level 8... done. 
Level 9... done. 
Level 10... done. 
Level 11... done. 
Level 12... done. 
Level 13... done. 
Level 14... done. 
Level 15... done. 
Level 16... done. 
Level 17... done. 
Level 18... done. 
Level 19... done. 
Level 20... done. 
Level 21... done. 
Level 22... done. 
Level 23... done. 
Level 24... done. 
Level 25... done. 
Level 26... done. 
Level 27... done. 
Level 28... done. 
Level 29... done. 
Level 30... done. 
Level 31... done. 
Level 32... done. 
Level 33... done. 
Level 34... done. 
Level 35... done. 
Level 36... done. 
Level 37... done. 
Level 38... done. 
Level 39... done. 
Level 40... done. 
Level 41... done. 
Level 42... done. 
Level 43... done. 
Level 44... done. 
Level 45... done. 
Level 46... done. 
Level 47... done. 
Level 48... done. 
Level 49... done. 
Level 50... done. 
Level 51... done. 
Level 52... done. 
Level 53... done. 
Level 54... done. 
Level 55... done. 
Level 56... done. 
Level 57... done. 
Level 58... done. 
Level 59... done. 
Level 60... done. 
Level 61... done. 
Level 62... done. 
Level 63... done. 
Level 64... done. 
Level 65... done. 
Level 66... done. 
Level 67... done. 
Level 68... done. 
Level 69... done. 
Level 70... done. 
Level 71... done. 
Level 72... done. 
Level 73... done. 
Level 74... done. 
Level 75... done. 
Level 76... done. 
Level 77... done. 
Level 78... done. 
Level 79... done. 
Level 80... done. 
Level 81... done. 
Level 82... done. 
Level 83... done. 
Level 84... done. 
Level 85... done. 
Level 86... done. 
Level 87... done. 
Level 88... done. 
Level 89... done. 
Level 90... done. 
Level 91... done. 
Level 92... done. 
Level 93... done. 
Level 94... done. 
Level 95... done. 
PAR Time: 228.172879
Final states: 160589600 states
Final states: 424124 BDD nodes
[1443871701.119053] [node024:16122:0]         sys.c:719  MXM  WARN  Conflicting CPU frequencies detected, using: 1696.69
