[1441404324.890876] [node001:1577 :0]         sys.c:719  MXM  WARN  Conflicting CPU frequencies detected, using: 1399.97
[1441404324.900566] [node001:1577 :0]         mxm.c:185  MXM  WARN  The 'ulimit -s' on the system is set to 'unlimited'. This may have negative performance implications. Please set the heap size to the default value (10240) 
[1441404325.188652] [node008:22204:0]         sys.c:719  MXM  WARN  Conflicting CPU frequencies detected, using: 1409.44
[1441404325.194388] [node008:22204:0]         mxm.c:185  MXM  WARN  The 'ulimit -s' on the system is set to 'unlimited'. This may have negative performance implications. Please set the heap size to the default value (10240) 
[1441404325.200916] [node012:19721:0]         sys.c:719  MXM  WARN  Conflicting CPU frequencies detected, using: 1399.03
[1441404325.207087] [node012:19721:0]         mxm.c:185  MXM  WARN  The 'ulimit -s' on the system is set to 'unlimited'. This may have negative performance implications. Please set the heap size to the default value (10240) 
[1441404325.204227] [node009:6057 :0]         sys.c:719  MXM  WARN  Conflicting CPU frequencies detected, using: 1446.09
[1441404325.210171] [node009:6057 :0]         mxm.c:185  MXM  WARN  The 'ulimit -s' on the system is set to 'unlimited'. This may have negative performance implications. Please set the heap size to the default value (10240) 
[1441404325.213521] [node014:14442:0]         sys.c:719  MXM  WARN  Conflicting CPU frequencies detected, using: 1390.22
[1441404325.217103] [node014:14442:0]         mxm.c:185  MXM  WARN  The 'ulimit -s' on the system is set to 'unlimited'. This may have negative performance implications. Please set the heap size to the default value (10240) 
[1441404325.214660] [node011:19387:0]         sys.c:719  MXM  WARN  Conflicting CPU frequencies detected, using: 1398.00
[1441404325.220627] [node011:19387:0]         mxm.c:185  MXM  WARN  The 'ulimit -s' on the system is set to 'unlimited'. This may have negative performance implications. Please set the heap size to the default value (10240) 
[1441404325.230234] [node003:8490 :0]         sys.c:719  MXM  WARN  Conflicting CPU frequencies detected, using: 1449.75
[1441404325.233887] [node003:8490 :0]         mxm.c:185  MXM  WARN  The 'ulimit -s' on the system is set to 'unlimited'. This may have negative performance implications. Please set the heap size to the default value (10240) 
[1441404325.204053] [node013:1464 :0]         sys.c:719  MXM  WARN  Conflicting CPU frequencies detected, using: 1597.12
[1441404325.209515] [node013:1464 :0]         mxm.c:185  MXM  WARN  The 'ulimit -s' on the system is set to 'unlimited'. This may have negative performance implications. Please set the heap size to the default value (10240) 
[1441404325.222886] [node006:3966 :0]         sys.c:719  MXM  WARN  Conflicting CPU frequencies detected, using: 1490.16
[1441404325.226565] [node006:3966 :0]         mxm.c:185  MXM  WARN  The 'ulimit -s' on the system is set to 'unlimited'. This may have negative performance implications. Please set the heap size to the default value (10240) 
[1441404325.260424] [node005:5508 :0]         sys.c:719  MXM  WARN  Conflicting CPU frequencies detected, using: 1397.44
[1441404325.264177] [node005:5508 :0]         mxm.c:185  MXM  WARN  The 'ulimit -s' on the system is set to 'unlimited'. This may have negative performance implications. Please set the heap size to the default value (10240) 
[1441404325.276821] [node002:10782:0]         sys.c:719  MXM  WARN  Conflicting CPU frequencies detected, using: 1396.22
[1441404325.280622] [node002:10782:0]         mxm.c:185  MXM  WARN  The 'ulimit -s' on the system is set to 'unlimited'. This may have negative performance implications. Please set the heap size to the default value (10240) 
[1441404325.319430] [node010:20414:0]         sys.c:719  MXM  WARN  Conflicting CPU frequencies detected, using: 1399.41
[1441404325.323148] [node010:20414:0]         mxm.c:185  MXM  WARN  The 'ulimit -s' on the system is set to 'unlimited'. This may have negative performance implications. Please set the heap size to the default value (10240) 
[1441404325.327142] [node004:5644 :0]         sys.c:719  MXM  WARN  Conflicting CPU frequencies detected, using: 1399.59
[1441404325.330978] [node004:5644 :0]         mxm.c:185  MXM  WARN  The 'ulimit -s' on the system is set to 'unlimited'. This may have negative performance implications. Please set the heap size to the default value (10240) 
[1441404325.329059] [node025:23183:0]         sys.c:719  MXM  WARN  Conflicting CPU frequencies detected, using: 1498.22
[1441404325.332797] [node025:23183:0]         mxm.c:185  MXM  WARN  The 'ulimit -s' on the system is set to 'unlimited'. This may have negative performance implications. Please set the heap size to the default value (10240) 
[1441404325.326696] [node020:6732 :0]         sys.c:719  MXM  WARN  Conflicting CPU frequencies detected, using: 1293.28
[1441404325.332660] [node020:6732 :0]         mxm.c:185  MXM  WARN  The 'ulimit -s' on the system is set to 'unlimited'. This may have negative performance implications. Please set the heap size to the default value (10240) 
[1441404325.334357] [node063:29413:0]         sys.c:719  MXM  WARN  Conflicting CPU frequencies detected, using: 1395.66
[1441404325.338093] [node063:29413:0]         mxm.c:185  MXM  WARN  The 'ulimit -s' on the system is set to 'unlimited'. This may have negative performance implications. Please set the heap size to the default value (10240) 
[1441404325.334882] [node036:25355:0]         sys.c:719  MXM  WARN  Conflicting CPU frequencies detected, using: 1392.94
[1441404325.338618] [node036:25355:0]         mxm.c:185  MXM  WARN  The 'ulimit -s' on the system is set to 'unlimited'. This may have negative performance implications. Please set the heap size to the default value (10240) 
[1441404325.332503] [node062:32356:0]         sys.c:719  MXM  WARN  Conflicting CPU frequencies detected, using: 1583.16
[1441404325.338435] [node062:32356:0]         mxm.c:185  MXM  WARN  The 'ulimit -s' on the system is set to 'unlimited'. This may have negative performance implications. Please set the heap size to the default value (10240) 
[1441404325.337674] [node022:954  :0]         sys.c:719  MXM  WARN  Conflicting CPU frequencies detected, using: 1399.97
[1441404325.343747] [node022:954  :0]         mxm.c:185  MXM  WARN  The 'ulimit -s' on the system is set to 'unlimited'. This may have negative performance implications. Please set the heap size to the default value (10240) 
[1441404325.337606] [node045:15397:0]         sys.c:719  MXM  WARN  Conflicting CPU frequencies detected, using: 1586.91
[1441404325.343260] [node045:15397:0]         mxm.c:185  MXM  WARN  The 'ulimit -s' on the system is set to 'unlimited'. This may have negative performance implications. Please set the heap size to the default value (10240) 
[1441404325.342044] [node017:26090:0]         sys.c:719  MXM  WARN  Conflicting CPU frequencies detected, using: 1500.09
[1441404325.348256] [node017:26090:0]         mxm.c:185  MXM  WARN  The 'ulimit -s' on the system is set to 'unlimited'. This may have negative performance implications. Please set the heap size to the default value (10240) 
[1441404325.346957] [node034:23901:0]         sys.c:719  MXM  WARN  Conflicting CPU frequencies detected, using: 1399.97
[1441404325.352527] [node034:23901:0]         mxm.c:185  MXM  WARN  The 'ulimit -s' on the system is set to 'unlimited'. This may have negative performance implications. Please set the heap size to the default value (10240) 
[1441404325.345600] [node031:27942:0]         sys.c:719  MXM  WARN  Conflicting CPU frequencies detected, using: 1594.97
[1441404325.351403] [node031:27942:0]         mxm.c:185  MXM  WARN  The 'ulimit -s' on the system is set to 'unlimited'. This may have negative performance implications. Please set the heap size to the default value (10240) 
[1441404325.346588] [node030:2497 :0]         sys.c:719  MXM  WARN  Conflicting CPU frequencies detected, using: 1497.66
[1441404325.352168] [node030:2497 :0]         mxm.c:185  MXM  WARN  The 'ulimit -s' on the system is set to 'unlimited'. This may have negative performance implications. Please set the heap size to the default value (10240) 
[1441404325.353412] [node033:27973:0]         sys.c:719  MXM  WARN  Conflicting CPU frequencies detected, using: 1498.41
[1441404325.359490] [node033:27973:0]         mxm.c:185  MXM  WARN  The 'ulimit -s' on the system is set to 'unlimited'. This may have negative performance implications. Please set the heap size to the default value (10240) 
[1441404325.325375] [node032:26651:0]         sys.c:719  MXM  WARN  Conflicting CPU frequencies detected, using: 1612.88
[1441404325.331249] [node032:26651:0]         mxm.c:185  MXM  WARN  The 'ulimit -s' on the system is set to 'unlimited'. This may have negative performance implications. Please set the heap size to the default value (10240) 
[1441404325.336310] [node019:13062:0]         sys.c:719  MXM  WARN  Conflicting CPU frequencies detected, using: 1681.41
[1441404325.339656] [node019:13062:0]         mxm.c:185  MXM  WARN  The 'ulimit -s' on the system is set to 'unlimited'. This may have negative performance implications. Please set the heap size to the default value (10240) 
[1441404325.327281] [node037:24933:0]         sys.c:719  MXM  WARN  Conflicting CPU frequencies detected, using: 1442.72
[1441404325.330976] [node037:24933:0]         mxm.c:185  MXM  WARN  The 'ulimit -s' on the system is set to 'unlimited'. This may have negative performance implications. Please set the heap size to the default value (10240) 
[1441404325.378046] [node039:21507:0]         sys.c:719  MXM  WARN  Conflicting CPU frequencies detected, using: 1500.00
[1441404325.383848] [node039:21507:0]         mxm.c:185  MXM  WARN  The 'ulimit -s' on the system is set to 'unlimited'. This may have negative performance implications. Please set the heap size to the default value (10240) 
[1441404325.342162] [node016:7441 :0]         sys.c:719  MXM  WARN  Conflicting CPU frequencies detected, using: 1591.59
[1441404325.346917] [node016:7441 :0]         mxm.c:185  MXM  WARN  The 'ulimit -s' on the system is set to 'unlimited'. This may have negative performance implications. Please set the heap size to the default value (10240) 
[1441404325.387849] [node048:4037 :0]         sys.c:719  MXM  WARN  Conflicting CPU frequencies detected, using: 1399.97
[1441404325.391532] [node048:4037 :0]         mxm.c:185  MXM  WARN  The 'ulimit -s' on the system is set to 'unlimited'. This may have negative performance implications. Please set the heap size to the default value (10240) 
[1441404325.383698] [node040:21568:0]         sys.c:719  MXM  WARN  Conflicting CPU frequencies detected, using: 1388.81
[1441404325.389744] [node040:21568:0]         mxm.c:185  MXM  WARN  The 'ulimit -s' on the system is set to 'unlimited'. This may have negative performance implications. Please set the heap size to the default value (10240) 
[1441404325.389235] [node061:1590 :0]         sys.c:719  MXM  WARN  Conflicting CPU frequencies detected, using: 1363.97
[1441404325.393237] [node061:1590 :0]         mxm.c:185  MXM  WARN  The 'ulimit -s' on the system is set to 'unlimited'. This may have negative performance implications. Please set the heap size to the default value (10240) 
[1441404325.390839] [node057:31976:0]         sys.c:719  MXM  WARN  Conflicting CPU frequencies detected, using: 1479.00
[1441404325.395304] [node057:31976:0]         mxm.c:185  MXM  WARN  The 'ulimit -s' on the system is set to 'unlimited'. This may have negative performance implications. Please set the heap size to the default value (10240) 
[1441404325.389783] [node044:14056:0]         sys.c:719  MXM  WARN  Conflicting CPU frequencies detected, using: 1449.75
[1441404325.395730] [node044:14056:0]         mxm.c:185  MXM  WARN  The 'ulimit -s' on the system is set to 'unlimited'. This may have negative performance implications. Please set the heap size to the default value (10240) 
[1441404325.390206] [node023:21329:0]         sys.c:719  MXM  WARN  Conflicting CPU frequencies detected, using: 1394.91
[1441404325.396446] [node023:21329:0]         mxm.c:185  MXM  WARN  The 'ulimit -s' on the system is set to 'unlimited'. This may have negative performance implications. Please set the heap size to the default value (10240) 
[1441404325.393355] [node056:1373 :0]         sys.c:719  MXM  WARN  Conflicting CPU frequencies detected, using: 1396.59
[1441404325.398953] [node056:1373 :0]         mxm.c:185  MXM  WARN  The 'ulimit -s' on the system is set to 'unlimited'. This may have negative performance implications. Please set the heap size to the default value (10240) 
[1441404325.394798] [node043:15991:0]         sys.c:719  MXM  WARN  Conflicting CPU frequencies detected, using: 1482.19
[1441404325.400496] [node043:15991:0]         mxm.c:185  MXM  WARN  The 'ulimit -s' on the system is set to 'unlimited'. This may have negative performance implications. Please set the heap size to the default value (10240) 
[1441404325.394615] [node015:11472:0]         sys.c:719  MXM  WARN  Conflicting CPU frequencies detected, using: 1485.09
[1441404325.400601] [node015:11472:0]         mxm.c:185  MXM  WARN  The 'ulimit -s' on the system is set to 'unlimited'. This may have negative performance implications. Please set the heap size to the default value (10240) 
[1441404325.396644] [node038:21183:0]         sys.c:719  MXM  WARN  Conflicting CPU frequencies detected, using: 1389.00
[1441404325.402533] [node038:21183:0]         mxm.c:185  MXM  WARN  The 'ulimit -s' on the system is set to 'unlimited'. This may have negative performance implications. Please set the heap size to the default value (10240) 
[1441404325.353290] [node042:16360:0]         sys.c:719  MXM  WARN  Conflicting CPU frequencies detected, using: 1623.00
[1441404325.359213] [node042:16360:0]         mxm.c:185  MXM  WARN  The 'ulimit -s' on the system is set to 'unlimited'. This may have negative performance implications. Please set the heap size to the default value (10240) 
[1441404325.409872] [node046:15772:0]         sys.c:719  MXM  WARN  Conflicting CPU frequencies detected, using: 1493.91
[1441404325.413626] [node046:15772:0]         mxm.c:185  MXM  WARN  The 'ulimit -s' on the system is set to 'unlimited'. This may have negative performance implications. Please set the heap size to the default value (10240) 
[1441404325.411370] [node064:29218:0]         sys.c:719  MXM  WARN  Conflicting CPU frequencies detected, using: 1296.84
[1441404325.417332] [node064:29218:0]         mxm.c:185  MXM  WARN  The 'ulimit -s' on the system is set to 'unlimited'. This may have negative performance implications. Please set the heap size to the default value (10240) 
[1441404325.413982] [node018:30978:0]         sys.c:719  MXM  WARN  Conflicting CPU frequencies detected, using: 1575.19
[1441404325.420006] [node018:30978:0]         mxm.c:185  MXM  WARN  The 'ulimit -s' on the system is set to 'unlimited'. This may have negative performance implications. Please set the heap size to the default value (10240) 
[1441404325.418813] [node058:31450:0]         sys.c:719  MXM  WARN  Conflicting CPU frequencies detected, using: 1398.00
[1441404325.422955] [node058:31450:0]         mxm.c:185  MXM  WARN  The 'ulimit -s' on the system is set to 'unlimited'. This may have negative performance implications. Please set the heap size to the default value (10240) 
[1441404325.391854] [node041:21712:0]         sys.c:719  MXM  WARN  Conflicting CPU frequencies detected, using: 2822.44
[1441404325.397546] [node041:21712:0]         mxm.c:185  MXM  WARN  The 'ulimit -s' on the system is set to 'unlimited'. This may have negative performance implications. Please set the heap size to the default value (10240) 
[1441404325.417838] [node066:28024:0]         sys.c:719  MXM  WARN  Conflicting CPU frequencies detected, using: 1395.47
[1441404325.424410] [node066:28024:0]         mxm.c:185  MXM  WARN  The 'ulimit -s' on the system is set to 'unlimited'. This may have negative performance implications. Please set the heap size to the default value (10240) 
[1441404325.379092] [node035:24834:0]         sys.c:719  MXM  WARN  Conflicting CPU frequencies detected, using: 1453.97
[1441404325.382700] [node035:24834:0]         mxm.c:185  MXM  WARN  The 'ulimit -s' on the system is set to 'unlimited'. This may have negative performance implications. Please set the heap size to the default value (10240) 
[1441404325.425107] [node051:15231:0]         sys.c:719  MXM  WARN  Conflicting CPU frequencies detected, using: 1397.53
[1441404325.429086] [node051:15231:0]         mxm.c:185  MXM  WARN  The 'ulimit -s' on the system is set to 'unlimited'. This may have negative performance implications. Please set the heap size to the default value (10240) 
[1441404325.437794] [node065:30207:0]         sys.c:719  MXM  WARN  Conflicting CPU frequencies detected, using: 1297.59
[1441404325.442198] [node065:30207:0]         mxm.c:185  MXM  WARN  The 'ulimit -s' on the system is set to 'unlimited'. This may have negative performance implications. Please set the heap size to the default value (10240) 
[1441404325.388256] [node021:19898:0]         sys.c:719  MXM  WARN  Conflicting CPU frequencies detected, using: 1499.91
[1441404325.391946] [node021:19898:0]         mxm.c:185  MXM  WARN  The 'ulimit -s' on the system is set to 'unlimited'. This may have negative performance implications. Please set the heap size to the default value (10240) 
[1441404325.434785] [node060:3815 :0]         sys.c:719  MXM  WARN  Conflicting CPU frequencies detected, using: 1415.91
[1441404325.440003] [node060:3815 :0]         mxm.c:185  MXM  WARN  The 'ulimit -s' on the system is set to 'unlimited'. This may have negative performance implications. Please set the heap size to the default value (10240) 
[1441404325.397699] [node050:27647:0]         sys.c:719  MXM  WARN  Conflicting CPU frequencies detected, using: 1398.00
[1441404325.401366] [node050:27647:0]         mxm.c:185  MXM  WARN  The 'ulimit -s' on the system is set to 'unlimited'. This may have negative performance implications. Please set the heap size to the default value (10240) 
[1441404325.444996] [node007:9318 :0]         sys.c:719  MXM  WARN  Conflicting CPU frequencies detected, using: 1398.19
[1441404325.448788] [node007:9318 :0]         mxm.c:185  MXM  WARN  The 'ulimit -s' on the system is set to 'unlimited'. This may have negative performance implications. Please set the heap size to the default value (10240) 
[1441404325.443159] [node055:5820 :0]         sys.c:719  MXM  WARN  Conflicting CPU frequencies detected, using: 1294.88
[1441404325.448832] [node055:5820 :0]         mxm.c:185  MXM  WARN  The 'ulimit -s' on the system is set to 'unlimited'. This may have negative performance implications. Please set the heap size to the default value (10240) 
[1441404325.455322] [node067:28029:0]         sys.c:719  MXM  WARN  Conflicting CPU frequencies detected, using: 1392.09
[1441404325.462083] [node067:28029:0]         mxm.c:185  MXM  WARN  The 'ulimit -s' on the system is set to 'unlimited'. This may have negative performance implications. Please set the heap size to the default value (10240) 
[1441404325.418835] [node028:15194:0]         sys.c:719  MXM  WARN  Conflicting CPU frequencies detected, using: 1459.88
[1441404325.422846] [node028:15194:0]         mxm.c:185  MXM  WARN  The 'ulimit -s' on the system is set to 'unlimited'. This may have negative performance implications. Please set the heap size to the default value (10240) 
[1441404325.461631] [node053:17221:0]         sys.c:719  MXM  WARN  Conflicting CPU frequencies detected, using: 1487.16
[1441404325.467567] [node053:17221:0]         mxm.c:185  MXM  WARN  The 'ulimit -s' on the system is set to 'unlimited'. This may have negative performance implications. Please set the heap size to the default value (10240) 
[1441404325.420684] [node047:3839 :0]         sys.c:719  MXM  WARN  Conflicting CPU frequencies detected, using: 1482.09
[1441404325.424516] [node047:3839 :0]         mxm.c:185  MXM  WARN  The 'ulimit -s' on the system is set to 'unlimited'. This may have negative performance implications. Please set the heap size to the default value (10240) 
[1441404325.432926] [node024:8812 :0]         sys.c:719  MXM  WARN  Conflicting CPU frequencies detected, using: 1341.56
[1441404325.436814] [node024:8812 :0]         mxm.c:185  MXM  WARN  The 'ulimit -s' on the system is set to 'unlimited'. This may have negative performance implications. Please set the heap size to the default value (10240) 
[1441404325.445988] [node029:530  :0]         sys.c:719  MXM  WARN  Conflicting CPU frequencies detected, using: 1599.66
[1441404325.449719] [node029:530  :0]         mxm.c:185  MXM  WARN  The 'ulimit -s' on the system is set to 'unlimited'. This may have negative performance implications. Please set the heap size to the default value (10240) 
[1441404325.458227] [node027:9029 :0]         sys.c:719  MXM  WARN  Conflicting CPU frequencies detected, using: 1295.44
[1441404325.461962] [node027:9029 :0]         mxm.c:185  MXM  WARN  The 'ulimit -s' on the system is set to 'unlimited'. This may have negative performance implications. Please set the heap size to the default value (10240) 
[1441404325.466989] [node052:18112:0]         sys.c:719  MXM  WARN  Conflicting CPU frequencies detected, using: 1500.00
[1441404325.470969] [node052:18112:0]         mxm.c:185  MXM  WARN  The 'ulimit -s' on the system is set to 'unlimited'. This may have negative performance implications. Please set the heap size to the default value (10240) 
[1441404325.475448] [node049:2122 :0]         sys.c:719  MXM  WARN  Conflicting CPU frequencies detected, using: 1398.28
[1441404325.479188] [node049:2122 :0]         mxm.c:185  MXM  WARN  The 'ulimit -s' on the system is set to 'unlimited'. This may have negative performance implications. Please set the heap size to the default value (10240) 
[1441404325.541825] [node054:4877 :0]         sys.c:719  MXM  WARN  Conflicting CPU frequencies detected, using: 1493.06
[1441404325.547846] [node054:4877 :0]         mxm.c:185  MXM  WARN  The 'ulimit -s' on the system is set to 'unlimited'. This may have negative performance implications. Please set the heap size to the default value (10240) 
[1441404327.315343] [node068:10247:0]         sys.c:719  MXM  WARN  Conflicting CPU frequencies detected, using: 1397.16
[1441404327.321898] [node068:10247:0]         mxm.c:185  MXM  WARN  The 'ulimit -s' on the system is set to 'unlimited'. This may have negative performance implications. Please set the heap size to the default value (10240) 
UPCR: UPC thread  0 of 66 on node001 (pshm node  0 of 66, process  0 of 66, pid=1577)
UPCR: UPC thread 17 of 66 on node018 (pshm node 17 of 66, process 17 of 66, pid=30978)
UPCR: UPC thread 42 of 66 on node044 (pshm node 42 of 66, process 42 of 66, pid=14056)
UPCR: UPC thread 59 of 66 on node062 (pshm node 59 of 66, process 59 of 66, pid=32356)
UPCR: UPC thread 46 of 66 on node048 (pshm node 46 of 66, process 46 of 66, pid=4037)
UPCR: UPC thread 61 of 66 on node064 (pshm node 61 of 66, process 61 of 66, pid=29218)
UPCR: UPC thread 43 of 66 on node045 (pshm node 43 of 66, process 43 of 66, pid=15397)
UPCR: UPC thread  2 of 66 on node003 (pshm node  2 of 66, process  2 of 66, pid=8490)
UPCR: UPC thread 33 of 66 on node035 (pshm node 33 of 66, process 33 of 66, pid=24834)
UPCR: UPC thread 18 of 66 on node019 (pshm node 18 of 66, process 18 of 66, pid=13062)
UPCR: UPC thread 37 of 66 on node039 (pshm node 37 of 66, process 37 of 66, pid=21507)
UPCR: UPC thread 13 of 66 on node014 (pshm node 13 of 66, process 13 of 66, pid=14442)
UPCR: UPC thread  3 of 66 on node004 (pshm node  3 of 66, process  3 of 66, pid=5644)
UPCR: UPC thread  4 of 66 on node005 (pshm node  4 of 66, process  4 of 66, pid=5508)
UPCR: UPC thread 15 of 66 on node016 (pshm node 15 of 66, process 15 of 66, pid=7441)
UPCR: UPC thread 47 of 66 on node049 (pshm node 47 of 66, process 47 of 66, pid=2122)
UPCR: UPC thread 10 of 66 on node011 (pshm node 10 of 66, process 10 of 66, pid=19387)
UPCR: UPC thread 52 of 66 on node054 (pshm node 52 of 66, process 52 of 66, pid=4877)
UPCR: UPC thread 12 of 66 on node013 (pshm node 12 of 66, process 12 of 66, pid=1464)
UPCR: UPC thread 51 of 66 on node053 (pshm node 51 of 66, process 51 of 66, pid=17221)
UPCR: UPC thread  7 of 66 on node008 (pshm node  7 of 66, process  7 of 66, pid=22204)
UPCR: UPC thread 58 of 66 on node061 (pshm node 58 of 66, process 58 of 66, pid=1590)
UPCR: UPC thread 31 of 66 on node033 (pshm node 31 of 66, process 31 of 66, pid=27973)
UPCR: UPC thread 14 of 66 on node015 (pshm node 14 of 66, process 14 of 66, pid=11472)
UPCR: UPC thread 34 of 66 on node036 (pshm node 34 of 66, process 34 of 66, pid=25355)
UPCR: UPC thread 60 of 66 on node063 (pshm node 60 of 66, process 60 of 66, pid=29413)
UPCR: UPC thread 36 of 66 on node038 (pshm node 36 of 66, process 36 of 66, pid=21183)
UPCR: UPC thread 28 of 66 on node030 (pshm node 28 of 66, process 28 of 66, pid=2497)
UPCR: UPC thread 19 of 66 on node020 (pshm node 19 of 66, process 19 of 66, pid=6732)
UPCR: UPC thread 23 of 66 on node024 (pshm node 23 of 66, process 23 of 66, pid=8812)
UPCR: UPC thread  9 of 66 on node010 (pshm node  9 of 66, process  9 of 66, pid=20414)
UPCR: UPC thread 29 of 66 on node031 (pshm node 29 of 66, process 29 of 66, pid=27942)
UPCR: UPC thread 49 of 66 on node051 (pshm node 49 of 66, process 49 of 66, pid=15231)
UPCR: UPC thread 11 of 66 on node012 (pshm node 11 of 66, process 11 of 66, pid=19721)
UPCR: UPC thread 38 of 66 on node040 (pshm node 38 of 66, process 38 of 66, pid=21568)
UPCR: UPC thread 56 of 66 on node058 (pshm node 56 of 66, process 56 of 66, pid=31450)
UPCR: UPC thread 20 of 66 on node021 (pshm node 20 of 66, process 20 of 66, pid=19898)
UPCR: UPC thread 32 of 66 on node034 (pshm node 32 of 66, process 32 of 66, pid=23901)
UPCR: UPC thread 22 of 66 on node023 (pshm node 22 of 66, process 22 of 66, pid=21329)
UPCR: UPC thread  6 of 66 on node007 (pshm node  6 of 66, process  6 of 66, pid=9318)
UPCR: UPC thread 64 of 66 on node067 (pshm node 64 of 66, process 64 of 66, pid=28029)
UPCR: UPC thread 65 of 66 on node068 (pshm node 65 of 66, process 65 of 66, pid=10247)
UPCR: UPC thread 16 of 66 on node017 (pshm node 16 of 66, process 16 of 66, pid=26090)
UPCR: UPC thread 45 of 66 on node047 (pshm node 45 of 66, process 45 of 66, pid=3839)
UPCR: UPC thread  1 of 66 on node002 (pshm node  1 of 66, process  1 of 66, pid=10782)
UPCR: UPC thread 50 of 66 on node052 (pshm node 50 of 66, process 50 of 66, pid=18112)
UPCR: UPC thread 27 of 66 on node029 (pshm node 27 of 66, process 27 of 66, pid=530)
UPCR: UPC thread 30 of 66 on node032 (pshm node 30 of 66, process 30 of 66, pid=26651)
UPCR: UPC thread 25 of 66 on node027 (pshm node 25 of 66, process 25 of 66, pid=9029)
UPCR: UPC thread 39 of 66 on node041 (pshm node 39 of 66, process 39 of 66, pid=21712)
UPCR: UPC thread 55 of 66 on node057 (pshm node 55 of 66, process 55 of 66, pid=31976)
UPCR: UPC thread 24 of 66 on node025 (pshm node 24 of 66, process 24 of 66, pid=23183)
UPCR: UPC thread  8 of 66 on node009 (pshm node  8 of 66, process  8 of 66, pid=6057)
UPCR: UPC thread 48 of 66 on node050 (pshm node 48 of 66, process 48 of 66, pid=27647)
UPCR: UPC thread 54 of 66 on node056 (pshm node 54 of 66, process 54 of 66, pid=1373)
UPCR: UPC thread 35 of 66 on node037 (pshm node 35 of 66, process 35 of 66, pid=24933)
UPCR: UPC thread 40 of 66 on node042 (pshm node 40 of 66, process 40 of 66, pid=16360)
UPCR: UPC thread 21 of 66 on node022 (pshm node 21 of 66, process 21 of 66, pid=954)
UPCR: UPC thread 63 of 66 on node066 (pshm node 63 of 66, process 63 of 66, pid=28024)
UPCR: UPC thread 41 of 66 on node043 (pshm node 41 of 66, process 41 of 66, pid=15991)
UPCR: UPC thread 62 of 66 on node065 (pshm node 62 of 66, process 62 of 66, pid=30207)
UPCR: UPC thread 57 of 66 on node060 (pshm node 57 of 66, process 57 of 66, pid=3815)
UPCR: UPC thread  5 of 66 on node006 (pshm node  5 of 66, process  5 of 66, pid=3966)
UPCR: UPC thread 53 of 66 on node055 (pshm node 53 of 66, process 53 of 66, pid=5820)
UPCR: UPC thread 26 of 66 on node028 (pshm node 26 of 66, process 26 of 66, pid=15194)
UPCR: UPC thread 44 of 66 on node046 (pshm node 44 of 66, process 44 of 66, pid=15772)
Initializing models/anderson.8.4-rgs.bdd!
Vector size: 22
Bits per integer: 4
Number of BDD variables: 88
Loading initial states: 
Initial states loaded... 
Loading transition relations... 
22 integers per state, 4 bits per integer, 21 transition groups
BDD nodes:
Initial states: 88 BDD nodes
Transition 0: 789 BDD nodes
Transition 1: 114 BDD nodes
Transition 2: 32 BDD nodes
Transition 3: 847 BDD nodes
Transition 4: 209 BDD nodes
Transition 5: 33 BDD nodes
Transition 6: 847 BDD nodes
Transition 7: 209 BDD nodes
Transition 8: 33 BDD nodes
Transition 9: 767 BDD nodes
Transition 10: 709 BDD nodes
Transition 11: 709 BDD nodes
Transition 12: 709 BDD nodes
Transition 13: 114 BDD nodes
Transition 14: 32 BDD nodes
Transition 15: 156 BDD nodes
Transition 16: 156 BDD nodes
Transition 17: 156 BDD nodes
Transition 18: 33 BDD nodes
Transition 19: 33 BDD nodes
Transition 20: 33 BDD nodes
Level 1... done. 
Level 2... done. 
Level 3... done. 
Level 4... done. 
Level 5... done. 
Level 6... done. 
Level 7... done. 
Level 8... done. 
Level 9... done. 
Level 10... done. 
Level 11... done. 
Level 12... done. 
Level 13... done. 
Level 14... done. 
Level 15... done. 
Level 16... done. 
Level 17... done. 
Level 18... done. 
Level 19... done. 
Level 20... done. 
Level 21... done. 
Level 22... done. 
Level 23... done. 
Level 24... done. 
Level 25... done. 
Level 26... done. 
Level 27... done. 
Level 28... done. 
Level 29... done. 
Level 30... done. 
Level 31... done. 
Level 32... done. 
Level 33... done. 
Level 34... done. 
Level 35... done. 
Level 36... done. 
Level 37... done. 
Level 38... done. 
Level 39... done. 
Level 40... done. 
Level 41... done. 
Level 42... done. 
Level 43... done. 
Level 44... done. 
Level 45... done. 
Level 46... done. 
Level 47... done. 
Level 48... done. 
Level 49... done. 
Level 50... done. 
Level 51... done. 
Level 52... done. 
Level 53... done. 
Level 54... done. 
Level 55... done. 
Level 56... done. 
Level 57... done. 
Level 58... done. 
Level 59... done. 
Level 60... done. 
Level 61... done. 
Level 62... done. 
Level 63... done. 
Level 64... done. 
Level 65... done. 
Level 66... done. 
Level 67... done. 
Level 68... done. 
Level 69... done. 
Level 70... done. 
Level 71... done. 
Level 72... done. 
Level 73... done. 
Level 74... done. 
Level 75... done. 
Level 76... done. 
Level 77... done. 
Level 78... done. 
Level 79... done. 
Level 80... done. 
Level 81... done. 
Level 82... done. 
Level 83... done. 
Level 84... done. 
Level 85... done. 
Level 86... done. 
Level 87... done. 
Level 88... done. 
Level 89... done. 
Level 90... done. 
Level 91... done. 
Level 92... done. 
Level 93... done. 
Level 94... done. 
Level 95... done. 
Level 96... done. 
Level 97... done. 
Level 98... done. 
Level 99... done. 
Level 100... done. 
Level 101... done. 
Level 102... done. 
Level 103... done. 
Level 104... done. 
Level 105... done. 
Level 106... done. 
Level 107... done. 
Level 108... done. 
Level 109... done. 
Level 110... done. 
Level 111... done. 
Level 112... done. 
Level 113... done. 
Level 114... done. 
Level 115... done. 
Level 116... done. 
Level 117... done. 
Level 118... done. 
Level 119... done. 
Level 120... done. 
Level 121... done. 
Level 122... done. 
Level 123... done. 
Level 124... done. 
Level 125... done. 
Level 126... done. 
Level 127... done. 
Level 128... done. 
Level 129... done. 
Level 130... done. 
Level 131... done. 
Level 132... done. 
Level 133... done. 
Level 134... done. 
Level 135... done. 
Level 136... done. 
Level 137... done. 
Level 138... done. 
Level 139... done. 
Level 140... done. 
Level 141... done. 
Level 142... done. 
Level 143... done. 
Level 144... done. 
Level 145... done. 
Level 146... done. 
Level 147... done. 
Level 148... done. 
Level 149... done. 
Level 150... done. 
Level 151... done. 
Level 152... done. 
Level 153... done. 
Level 154... done. 
Level 155... done. 
Level 156... done. 
Level 157... done. 
Level 158... done. 
Level 159... done. 
Level 160... done. 
Level 161... done. 
Level 162... done. 
Level 163... done. 
Level 164... done. 
Level 165... done. 
Level 166... done. 
Level 167... done. 
Level 168... done. 
Level 169... done. 
Level 170... done. 
Level 171... done. 
Level 172... done. 
Level 173... done. 
Level 174... done. 
Level 175... done. 
Level 176... done. 
Level 177... done. 
Level 178... done. 
Level 179... done. 
Level 180... done. 
Level 181... done. 
Level 182... done. 
Level 183... done. 
Level 184... done. 
Level 185... done. 
Level 186... done. 
Level 187... done. 
Level 188... done. 
Level 189... done. 
Level 190... done. 
Level 191... done. 
Level 192... done. 
Level 193... done. 
Level 194... done. 
Level 195... done. 
Level 196... done. 
Level 197... done. 
Level 198... done. 
Level 199... done. 
Level 200... done. 
Level 201... done. 
Level 202... done. 
Level 203... done. 
Level 204... done. 
Level 205... done. 
Level 206... done. 
Level 207... done. 
Level 208... done. 
Level 209... done. 
Level 210... done. 
Level 211... done. 
Level 212... done. 
Level 213... done. 
Level 214... done. 
Level 215... done. 
Level 216... done. 
Level 217... done. 
Level 218... done. 
Level 219... done. 
Level 220... done. 
Level 221... done. 
Level 222... done. 
Level 223... done. 
Level 224... done. 
Level 225... done. 
Level 226... done. 
Level 227... done. 
Level 228... done. 
Level 229... done. 
Level 230... done. 
Level 231... done. 
Level 232... done. 
Level 233... done. 
Level 234... done. 
Level 235... done. 
Level 236... done. 
Level 237... done. 
Level 238... done. 
Level 239... done. 
Level 240... done. 
Level 241... done. 
Level 242... done. 
Level 243... done. 
Level 244... done. 
Level 245... done. 
Level 246... done. 
PAR Time: 79.608387
Final states: 538699029 states
Final states: 288013 BDD nodes
[1441404324.864594] [node001:1532 :0]         sys.c:719  MXM  WARN  Conflicting CPU frequencies detected, using: 1484.34
