[1441390434.088384] [node008:314  :0]         sys.c:719  MXM  WARN  Conflicting CPU frequencies detected, using: 1499.62
[1441390434.184250] [node008:314  :0]         mxm.c:185  MXM  WARN  The 'ulimit -s' on the system is set to 'unlimited'. This may have negative performance implications. Please set the heap size to the default value (10240) 
[1441390434.080366] [node008:308  :0]         sys.c:719  MXM  WARN  Conflicting CPU frequencies detected, using: 1399.97
[1441390434.181028] [node008:308  :0]         mxm.c:185  MXM  WARN  The 'ulimit -s' on the system is set to 'unlimited'. This may have negative performance implications. Please set the heap size to the default value (10240) 
[1441390434.087980] [node008:317  :0]         sys.c:719  MXM  WARN  Conflicting CPU frequencies detected, using: 1499.62
[1441390434.179526] [node008:317  :0]         mxm.c:185  MXM  WARN  The 'ulimit -s' on the system is set to 'unlimited'. This may have negative performance implications. Please set the heap size to the default value (10240) 
[1441390434.081154] [node008:312  :0]         sys.c:719  MXM  WARN  Conflicting CPU frequencies detected, using: 1399.97
[1441390434.188215] [node008:312  :0]         mxm.c:185  MXM  WARN  The 'ulimit -s' on the system is set to 'unlimited'. This may have negative performance implications. Please set the heap size to the default value (10240) 
[1441390434.081733] [node008:316  :0]         sys.c:719  MXM  WARN  Conflicting CPU frequencies detected, using: 1399.97
[1441390434.186538] [node008:316  :0]         mxm.c:185  MXM  WARN  The 'ulimit -s' on the system is set to 'unlimited'. This may have negative performance implications. Please set the heap size to the default value (10240) 
[1441390434.087629] [node008:315  :0]         sys.c:719  MXM  WARN  Conflicting CPU frequencies detected, using: 1499.62
[1441390434.185030] [node008:315  :0]         mxm.c:185  MXM  WARN  The 'ulimit -s' on the system is set to 'unlimited'. This may have negative performance implications. Please set the heap size to the default value (10240) 
[1441390434.088529] [node008:319  :0]         sys.c:719  MXM  WARN  Conflicting CPU frequencies detected, using: 1499.62
[1441390434.199435] [node008:319  :0]         mxm.c:185  MXM  WARN  The 'ulimit -s' on the system is set to 'unlimited'. This may have negative performance implications. Please set the heap size to the default value (10240) 
[1441390434.080545] [node008:310  :0]         sys.c:719  MXM  WARN  Conflicting CPU frequencies detected, using: 1399.97
[1441390434.197471] [node008:310  :0]         mxm.c:185  MXM  WARN  The 'ulimit -s' on the system is set to 'unlimited'. This may have negative performance implications. Please set the heap size to the default value (10240) 
[1441390434.080417] [node008:311  :0]         sys.c:719  MXM  WARN  Conflicting CPU frequencies detected, using: 1399.97
[1441390434.189164] [node008:311  :0]         mxm.c:185  MXM  WARN  The 'ulimit -s' on the system is set to 'unlimited'. This may have negative performance implications. Please set the heap size to the default value (10240) 
[1441390434.081190] [node008:313  :0]         sys.c:719  MXM  WARN  Conflicting CPU frequencies detected, using: 1399.97
[1441390434.198493] [node008:313  :0]         mxm.c:185  MXM  WARN  The 'ulimit -s' on the system is set to 'unlimited'. This may have negative performance implications. Please set the heap size to the default value (10240) 
[1441390434.080372] [node008:309  :0]         sys.c:719  MXM  WARN  Conflicting CPU frequencies detected, using: 1399.97
[1441390434.183291] [node008:309  :0]         mxm.c:185  MXM  WARN  The 'ulimit -s' on the system is set to 'unlimited'. This may have negative performance implications. Please set the heap size to the default value (10240) 
[1441390434.087898] [node008:318  :0]         sys.c:719  MXM  WARN  Conflicting CPU frequencies detected, using: 1499.62
[1441390434.196487] [node008:318  :0]         mxm.c:185  MXM  WARN  The 'ulimit -s' on the system is set to 'unlimited'. This may have negative performance implications. Please set the heap size to the default value (10240) 
[1441390434.390385] [node010:3089 :0]         sys.c:719  MXM  WARN  Conflicting CPU frequencies detected, using: 2666.62
[1441390434.393872] [node010:3089 :0]         mxm.c:185  MXM  WARN  The 'ulimit -s' on the system is set to 'unlimited'. This may have negative performance implications. Please set the heap size to the default value (10240) 
[1441390434.395960] [node009:20961:0]         sys.c:719  MXM  WARN  Conflicting CPU frequencies detected, using: 1699.03
[1441390434.401335] [node009:20961:0]         mxm.c:185  MXM  WARN  The 'ulimit -s' on the system is set to 'unlimited'. This may have negative performance implications. Please set the heap size to the default value (10240) 
[1441390434.440151] [node009:20980:0]         sys.c:719  MXM  WARN  Conflicting CPU frequencies detected, using: 1899.94
[1441390434.445421] [node009:20980:0]         mxm.c:185  MXM  WARN  The 'ulimit -s' on the system is set to 'unlimited'. This may have negative performance implications. Please set the heap size to the default value (10240) 
[1441390434.477569] [node011:1919 :0]         sys.c:719  MXM  WARN  Conflicting CPU frequencies detected, using: 1569.28
[1441390434.482940] [node011:1919 :0]         mxm.c:185  MXM  WARN  The 'ulimit -s' on the system is set to 'unlimited'. This may have negative performance implications. Please set the heap size to the default value (10240) 
[1441390434.461539] [node010:3112 :0]         sys.c:719  MXM  WARN  Conflicting CPU frequencies detected, using: 1998.56
[1441390434.465009] [node010:3112 :0]         mxm.c:185  MXM  WARN  The 'ulimit -s' on the system is set to 'unlimited'. This may have negative performance implications. Please set the heap size to the default value (10240) 
[1441390434.521911] [node009:21008:0]         sys.c:719  MXM  WARN  Conflicting CPU frequencies detected, using: 2100.00
[1441390434.527139] [node009:21008:0]         mxm.c:185  MXM  WARN  The 'ulimit -s' on the system is set to 'unlimited'. This may have negative performance implications. Please set the heap size to the default value (10240) 
[1441390434.584567] [node009:21032:0]         sys.c:719  MXM  WARN  Conflicting CPU frequencies detected, using: 2299.31
[1441390434.589334] [node009:21032:0]         mxm.c:185  MXM  WARN  The 'ulimit -s' on the system is set to 'unlimited'. This may have negative performance implications. Please set the heap size to the default value (10240) 
[1441390434.599349] [node009:21046:0]         sys.c:719  MXM  WARN  Conflicting CPU frequencies detected, using: 2399.62
[1441390434.604852] [node009:21046:0]         mxm.c:185  MXM  WARN  The 'ulimit -s' on the system is set to 'unlimited'. This may have negative performance implications. Please set the heap size to the default value (10240) 
[1441390434.628276] [node010:3137 :0]         sys.c:719  MXM  WARN  Conflicting CPU frequencies detected, using: 1699.97
[1441390434.631519] [node010:3137 :0]         mxm.c:185  MXM  WARN  The 'ulimit -s' on the system is set to 'unlimited'. This may have negative performance implications. Please set the heap size to the default value (10240) 
[1441390434.710315] [node011:1947 :0]         sys.c:719  MXM  WARN  Conflicting CPU frequencies detected, using: 1596.94
[1441390434.715820] [node011:1947 :0]         mxm.c:185  MXM  WARN  The 'ulimit -s' on the system is set to 'unlimited'. This may have negative performance implications. Please set the heap size to the default value (10240) 
[1441390434.944047] [node013:16497:0]         sys.c:719  MXM  WARN  Conflicting CPU frequencies detected, using: 1494.84
[1441390434.950210] [node013:16497:0]         mxm.c:185  MXM  WARN  The 'ulimit -s' on the system is set to 'unlimited'. This may have negative performance implications. Please set the heap size to the default value (10240) 
[1441390434.967793] [node014:29402:0]         sys.c:719  MXM  WARN  Conflicting CPU frequencies detected, using: 1494.28
[1441390434.971358] [node014:29402:0]         mxm.c:185  MXM  WARN  The 'ulimit -s' on the system is set to 'unlimited'. This may have negative performance implications. Please set the heap size to the default value (10240) 
[1441390434.948651] [node009:21084:0]         sys.c:719  MXM  WARN  Conflicting CPU frequencies detected, using: 1892.44
[1441390434.954520] [node009:21084:0]         mxm.c:185  MXM  WARN  The 'ulimit -s' on the system is set to 'unlimited'. This may have negative performance implications. Please set the heap size to the default value (10240) 
[1441390434.942850] [node012:2317 :0]         sys.c:719  MXM  WARN  Conflicting CPU frequencies detected, using: 1672.78
[1441390434.948050] [node012:2317 :0]         mxm.c:185  MXM  WARN  The 'ulimit -s' on the system is set to 'unlimited'. This may have negative performance implications. Please set the heap size to the default value (10240) 
[1441390434.949078] [node011:1972 :0]         sys.c:719  MXM  WARN  Conflicting CPU frequencies detected, using: 1598.16
[1441390434.954451] [node011:1972 :0]         mxm.c:185  MXM  WARN  The 'ulimit -s' on the system is set to 'unlimited'. This may have negative performance implications. Please set the heap size to the default value (10240) 
[1441390434.950171] [node009:21083:0]         sys.c:719  MXM  WARN  Conflicting CPU frequencies detected, using: 1892.44
[1441390434.957033] [node009:21083:0]         mxm.c:185  MXM  WARN  The 'ulimit -s' on the system is set to 'unlimited'. This may have negative performance implications. Please set the heap size to the default value (10240) 
[1441390434.984351] [node010:3162 :0]         sys.c:719  MXM  WARN  Conflicting CPU frequencies detected, using: 1699.88
[1441390434.987820] [node010:3162 :0]         mxm.c:185  MXM  WARN  The 'ulimit -s' on the system is set to 'unlimited'. This may have negative performance implications. Please set the heap size to the default value (10240) 
[1441390434.984871] [node012:2334 :0]         sys.c:719  MXM  WARN  Conflicting CPU frequencies detected, using: 1897.88
[1441390434.990306] [node012:2334 :0]         mxm.c:185  MXM  WARN  The 'ulimit -s' on the system is set to 'unlimited'. This may have negative performance implications. Please set the heap size to the default value (10240) 
[1441390434.995813] [node010:3172 :0]         sys.c:719  MXM  WARN  Conflicting CPU frequencies detected, using: 1797.09
[1441390434.998756] [node010:3172 :0]         mxm.c:185  MXM  WARN  The 'ulimit -s' on the system is set to 'unlimited'. This may have negative performance implications. Please set the heap size to the default value (10240) 
[1441390434.990963] [node011:1991 :0]         sys.c:719  MXM  WARN  Conflicting CPU frequencies detected, using: 1800.00
[1441390434.996082] [node011:1991 :0]         mxm.c:185  MXM  WARN  The 'ulimit -s' on the system is set to 'unlimited'. This may have negative performance implications. Please set the heap size to the default value (10240) 
[1441390434.999758] [node011:1997 :0]         sys.c:719  MXM  WARN  Conflicting CPU frequencies detected, using: 1897.50
[1441390435.006374] [node011:1997 :0]         mxm.c:185  MXM  WARN  The 'ulimit -s' on the system is set to 'unlimited'. This may have negative performance implications. Please set the heap size to the default value (10240) 
[1441390435.012675] [node009:21126:0]         sys.c:719  MXM  WARN  Conflicting CPU frequencies detected, using: 2194.59
[1441390435.019458] [node009:21126:0]         mxm.c:185  MXM  WARN  The 'ulimit -s' on the system is set to 'unlimited'. This may have negative performance implications. Please set the heap size to the default value (10240) 
[1441390435.011537] [node009:21125:0]         sys.c:719  MXM  WARN  Conflicting CPU frequencies detected, using: 2194.59
[1441390435.017968] [node009:21125:0]         mxm.c:185  MXM  WARN  The 'ulimit -s' on the system is set to 'unlimited'. This may have negative performance implications. Please set the heap size to the default value (10240) 
[1441390434.995733] [node015:26459:0]         sys.c:719  MXM  WARN  Conflicting CPU frequencies detected, using: 1596.00
[1441390435.001316] [node015:26459:0]         mxm.c:185  MXM  WARN  The 'ulimit -s' on the system is set to 'unlimited'. This may have negative performance implications. Please set the heap size to the default value (10240) 
[1441390435.026407] [node009:21157:0]         sys.c:719  MXM  WARN  Conflicting CPU frequencies detected, using: 2295.28
[1441390435.031453] [node009:21157:0]         mxm.c:185  MXM  WARN  The 'ulimit -s' on the system is set to 'unlimited'. This may have negative performance implications. Please set the heap size to the default value (10240) 
[1441390435.048661] [node012:2364 :0]         sys.c:719  MXM  WARN  Conflicting CPU frequencies detected, using: 2399.91
[1441390435.054184] [node012:2364 :0]         mxm.c:185  MXM  WARN  The 'ulimit -s' on the system is set to 'unlimited'. This may have negative performance implications. Please set the heap size to the default value (10240) 
[1441390435.049924] [node015:26480:0]         sys.c:719  MXM  WARN  Conflicting CPU frequencies detected, using: 1887.94
[1441390435.054766] [node015:26480:0]         mxm.c:185  MXM  WARN  The 'ulimit -s' on the system is set to 'unlimited'. This may have negative performance implications. Please set the heap size to the default value (10240) 
[1441390435.067631] [node010:3209 :0]         sys.c:719  MXM  WARN  Conflicting CPU frequencies detected, using: 1994.81
[1441390435.070948] [node010:3209 :0]         mxm.c:185  MXM  WARN  The 'ulimit -s' on the system is set to 'unlimited'. This may have negative performance implications. Please set the heap size to the default value (10240) 
[1441390435.082101] [node011:2054 :0]         sys.c:719  MXM  WARN  Conflicting CPU frequencies detected, using: 2399.91
[1441390435.086825] [node011:2054 :0]         mxm.c:185  MXM  WARN  The 'ulimit -s' on the system is set to 'unlimited'. This may have negative performance implications. Please set the heap size to the default value (10240) 
[1441390435.087732] [node012:2382 :0]         sys.c:719  MXM  WARN  Conflicting CPU frequencies detected, using: 2400.00
[1441390435.092223] [node012:2382 :0]         mxm.c:185  MXM  WARN  The 'ulimit -s' on the system is set to 'unlimited'. This may have negative performance implications. Please set the heap size to the default value (10240) 
[1441390435.091668] [node011:2062 :0]         sys.c:719  MXM  WARN  Conflicting CPU frequencies detected, using: 2399.91
[1441390435.099117] [node011:2062 :0]         mxm.c:185  MXM  WARN  The 'ulimit -s' on the system is set to 'unlimited'. This may have negative performance implications. Please set the heap size to the default value (10240) 
[1441390435.088478] [node015:26500:0]         sys.c:719  MXM  WARN  Conflicting CPU frequencies detected, using: 1992.66
[1441390435.093886] [node015:26500:0]         mxm.c:185  MXM  WARN  The 'ulimit -s' on the system is set to 'unlimited'. This may have negative performance implications. Please set the heap size to the default value (10240) 
[1441390435.091574] [node011:2074 :0]         sys.c:719  MXM  WARN  Conflicting CPU frequencies detected, using: 2399.91
[1441390435.099845] [node011:2074 :0]         mxm.c:185  MXM  WARN  The 'ulimit -s' on the system is set to 'unlimited'. This may have negative performance implications. Please set the heap size to the default value (10240) 
[1441390435.102860] [node012:2388 :0]         sys.c:719  MXM  WARN  Conflicting CPU frequencies detected, using: 2399.91
[1441390435.107464] [node012:2388 :0]         mxm.c:185  MXM  WARN  The 'ulimit -s' on the system is set to 'unlimited'. This may have negative performance implications. Please set the heap size to the default value (10240) 
[1441390435.105570] [node012:2402 :0]         sys.c:719  MXM  WARN  Conflicting CPU frequencies detected, using: 2400.00
[1441390435.110729] [node012:2402 :0]         mxm.c:185  MXM  WARN  The 'ulimit -s' on the system is set to 'unlimited'. This may have negative performance implications. Please set the heap size to the default value (10240) 
[1441390435.108709] [node012:2401 :0]         sys.c:719  MXM  WARN  Conflicting CPU frequencies detected, using: 2400.00
[1441390435.116542] [node012:2401 :0]         mxm.c:185  MXM  WARN  The 'ulimit -s' on the system is set to 'unlimited'. This may have negative performance implications. Please set the heap size to the default value (10240) 
[1441390435.114890] [node011:2102 :0]         sys.c:719  MXM  WARN  Conflicting CPU frequencies detected, using: 2400.00
[1441390435.119838] [node011:2102 :0]         mxm.c:185  MXM  WARN  The 'ulimit -s' on the system is set to 'unlimited'. This may have negative performance implications. Please set the heap size to the default value (10240) 
[1441390435.128787] [node012:2461 :0]         sys.c:719  MXM  WARN  Conflicting CPU frequencies detected, using: 2399.91
[1441390435.134993] [node012:2461 :0]         mxm.c:185  MXM  WARN  The 'ulimit -s' on the system is set to 'unlimited'. This may have negative performance implications. Please set the heap size to the default value (10240) 
[1441390435.143369] [node010:3233 :0]         sys.c:719  MXM  WARN  Conflicting CPU frequencies detected, using: 2295.19
[1441390435.146168] [node010:3233 :0]         mxm.c:185  MXM  WARN  The 'ulimit -s' on the system is set to 'unlimited'. This may have negative performance implications. Please set the heap size to the default value (10240) 
[1441390435.121179] [node013:16529:0]         sys.c:719  MXM  WARN  Conflicting CPU frequencies detected, using: 1899.94
[1441390435.125741] [node013:16529:0]         mxm.c:185  MXM  WARN  The 'ulimit -s' on the system is set to 'unlimited'. This may have negative performance implications. Please set the heap size to the default value (10240) 
[1441390435.117036] [node014:29426:0]         sys.c:719  MXM  WARN  Conflicting CPU frequencies detected, using: 1451.44
[1441390435.120515] [node014:29426:0]         mxm.c:185  MXM  WARN  The 'ulimit -s' on the system is set to 'unlimited'. This may have negative performance implications. Please set the heap size to the default value (10240) 
[1441390435.126725] [node013:16528:0]         sys.c:719  MXM  WARN  Conflicting CPU frequencies detected, using: 1991.62
[1441390435.134029] [node013:16528:0]         mxm.c:185  MXM  WARN  The 'ulimit -s' on the system is set to 'unlimited'. This may have negative performance implications. Please set the heap size to the default value (10240) 
[1441390435.117114] [node013:16521:0]         sys.c:719  MXM  WARN  Conflicting CPU frequencies detected, using: 1899.94
[1441390435.122713] [node013:16521:0]         mxm.c:185  MXM  WARN  The 'ulimit -s' on the system is set to 'unlimited'. This may have negative performance implications. Please set the heap size to the default value (10240) 
[1441390435.128037] [node017:8722 :0]         sys.c:719  MXM  WARN  Conflicting CPU frequencies detected, using: 1999.31
[1441390435.136067] [node017:8722 :0]         mxm.c:185  MXM  WARN  The 'ulimit -s' on the system is set to 'unlimited'. This may have negative performance implications. Please set the heap size to the default value (10240) 
[1441390435.125263] [node017:8715 :0]         sys.c:719  MXM  WARN  Conflicting CPU frequencies detected, using: 1999.31
[1441390435.132285] [node017:8715 :0]         mxm.c:185  MXM  WARN  The 'ulimit -s' on the system is set to 'unlimited'. This may have negative performance implications. Please set the heap size to the default value (10240) 
[1441390435.126834] [node017:8716 :0]         sys.c:719  MXM  WARN  Conflicting CPU frequencies detected, using: 1999.31
[1441390435.136826] [node017:8716 :0]         mxm.c:185  MXM  WARN  The 'ulimit -s' on the system is set to 'unlimited'. This may have negative performance implications. Please set the heap size to the default value (10240) 
[1441390435.163906] [node012:2499 :0]         sys.c:719  MXM  WARN  Conflicting CPU frequencies detected, using: 2400.00
[1441390435.168610] [node012:2499 :0]         mxm.c:185  MXM  WARN  The 'ulimit -s' on the system is set to 'unlimited'. This may have negative performance implications. Please set the heap size to the default value (10240) 
[1441390435.171375] [node010:3251 :0]         sys.c:719  MXM  WARN  Conflicting CPU frequencies detected, using: 2400.00
[1441390435.174297] [node010:3251 :0]         mxm.c:185  MXM  WARN  The 'ulimit -s' on the system is set to 'unlimited'. This may have negative performance implications. Please set the heap size to the default value (10240) 
[1441390435.161992] [node013:16576:0]         sys.c:719  MXM  WARN  Conflicting CPU frequencies detected, using: 2295.84
[1441390435.166528] [node013:16576:0]         mxm.c:185  MXM  WARN  The 'ulimit -s' on the system is set to 'unlimited'. This may have negative performance implications. Please set the heap size to the default value (10240) 
[1441390435.182513] [node011:2149 :0]         sys.c:719  MXM  WARN  Conflicting CPU frequencies detected, using: 2400.00
[1441390435.187437] [node011:2149 :0]         mxm.c:185  MXM  WARN  The 'ulimit -s' on the system is set to 'unlimited'. This may have negative performance implications. Please set the heap size to the default value (10240) 
[1441390435.189337] [node012:2525 :0]         sys.c:719  MXM  WARN  Conflicting CPU frequencies detected, using: 2400.00
[1441390435.194731] [node012:2525 :0]         mxm.c:185  MXM  WARN  The 'ulimit -s' on the system is set to 'unlimited'. This may have negative performance implications. Please set the heap size to the default value (10240) 
[1441390435.198874] [node010:3274 :0]         sys.c:719  MXM  WARN  Conflicting CPU frequencies detected, using: 2400.00
[1441390435.201622] [node010:3274 :0]         mxm.c:185  MXM  WARN  The 'ulimit -s' on the system is set to 'unlimited'. This may have negative performance implications. Please set the heap size to the default value (10240) 
[1441390435.187292] [node017:8783 :0]         sys.c:719  MXM  WARN  Conflicting CPU frequencies detected, using: 2391.84
[1441390435.192572] [node017:8783 :0]         mxm.c:185  MXM  WARN  The 'ulimit -s' on the system is set to 'unlimited'. This may have negative performance implications. Please set the heap size to the default value (10240) 
[1441390435.187156] [node013:16607:0]         sys.c:719  MXM  WARN  Conflicting CPU frequencies detected, using: 2400.00
[1441390435.194438] [node013:16607:0]         mxm.c:185  MXM  WARN  The 'ulimit -s' on the system is set to 'unlimited'. This may have negative performance implications. Please set the heap size to the default value (10240) 
[1441390435.188165] [node013:16616:0]         sys.c:719  MXM  WARN  Conflicting CPU frequencies detected, using: 2400.00
[1441390435.196689] [node013:16616:0]         mxm.c:185  MXM  WARN  The 'ulimit -s' on the system is set to 'unlimited'. This may have negative performance implications. Please set the heap size to the default value (10240) 
[1441390435.199928] [node017:8789 :0]         sys.c:719  MXM  WARN  Conflicting CPU frequencies detected, using: 2391.84
[1441390435.204600] [node017:8789 :0]         mxm.c:185  MXM  WARN  The 'ulimit -s' on the system is set to 'unlimited'. This may have negative performance implications. Please set the heap size to the default value (10240) 
[1441390435.213676] [node010:3282 :0]         sys.c:719  MXM  WARN  Conflicting CPU frequencies detected, using: 2400.00
[1441390435.216507] [node010:3282 :0]         mxm.c:185  MXM  WARN  The 'ulimit -s' on the system is set to 'unlimited'. This may have negative performance implications. Please set the heap size to the default value (10240) 
[1441390435.218092] [node012:2549 :0]         sys.c:719  MXM  WARN  Conflicting CPU frequencies detected, using: 2400.00
[1441390435.222584] [node012:2549 :0]         mxm.c:185  MXM  WARN  The 'ulimit -s' on the system is set to 'unlimited'. This may have negative performance implications. Please set the heap size to the default value (10240) 
[1441390435.210550] [node017:8805 :0]         sys.c:719  MXM  WARN  Conflicting CPU frequencies detected, using: 2400.00
[1441390435.217595] [node017:8805 :0]         mxm.c:185  MXM  WARN  The 'ulimit -s' on the system is set to 'unlimited'. This may have negative performance implications. Please set the heap size to the default value (10240) 
[1441390435.200562] [node016:22255:0]         sys.c:719  MXM  WARN  Conflicting CPU frequencies detected, using: 1800.00
[1441390435.204249] [node016:22255:0]         mxm.c:185  MXM  WARN  The 'ulimit -s' on the system is set to 'unlimited'. This may have negative performance implications. Please set the heap size to the default value (10240) 
[1441390435.226534] [node010:3316 :0]         sys.c:719  MXM  WARN  Conflicting CPU frequencies detected, using: 2399.91
[1441390435.229347] [node010:3316 :0]         mxm.c:185  MXM  WARN  The 'ulimit -s' on the system is set to 'unlimited'. This may have negative performance implications. Please set the heap size to the default value (10240) 
[1441390435.213459] [node017:8814 :0]         sys.c:719  MXM  WARN  Conflicting CPU frequencies detected, using: 2400.00
[1441390435.220655] [node017:8814 :0]         mxm.c:185  MXM  WARN  The 'ulimit -s' on the system is set to 'unlimited'. This may have negative performance implications. Please set the heap size to the default value (10240) 
[1441390435.214509] [node016:22263:0]         sys.c:719  MXM  WARN  Conflicting CPU frequencies detected, using: 1886.16
[1441390435.218321] [node016:22263:0]         mxm.c:185  MXM  WARN  The 'ulimit -s' on the system is set to 'unlimited'. This may have negative performance implications. Please set the heap size to the default value (10240) 
[1441390435.231351] [node010:3317 :0]         sys.c:719  MXM  WARN  Conflicting CPU frequencies detected, using: 2400.00
[1441390435.233959] [node010:3317 :0]         mxm.c:185  MXM  WARN  The 'ulimit -s' on the system is set to 'unlimited'. This may have negative performance implications. Please set the heap size to the default value (10240) 
[1441390435.213612] [node016:22262:0]         sys.c:719  MXM  WARN  Conflicting CPU frequencies detected, using: 1886.16
[1441390435.217738] [node016:22262:0]         mxm.c:185  MXM  WARN  The 'ulimit -s' on the system is set to 'unlimited'. This may have negative performance implications. Please set the heap size to the default value (10240) 
[1441390435.214803] [node016:22294:0]         sys.c:719  MXM  WARN  Conflicting CPU frequencies detected, using: 1886.16
[1441390435.218893] [node016:22294:0]         mxm.c:185  MXM  WARN  The 'ulimit -s' on the system is set to 'unlimited'. This may have negative performance implications. Please set the heap size to the default value (10240) 
[1441390435.237545] [node011:2172 :0]         sys.c:719  MXM  WARN  Conflicting CPU frequencies detected, using: 2400.00
[1441390435.243007] [node011:2172 :0]         mxm.c:185  MXM  WARN  The 'ulimit -s' on the system is set to 'unlimited'. This may have negative performance implications. Please set the heap size to the default value (10240) 
[1441390435.242648] [node011:2173 :0]         sys.c:719  MXM  WARN  Conflicting CPU frequencies detected, using: 2400.00
[1441390435.246764] [node011:2173 :0]         mxm.c:185  MXM  WARN  The 'ulimit -s' on the system is set to 'unlimited'. This may have negative performance implications. Please set the heap size to the default value (10240) 
[1441390435.235781] [node014:29456:0]         sys.c:719  MXM  WARN  Conflicting CPU frequencies detected, using: 1790.81
[1441390435.238550] [node014:29456:0]         mxm.c:185  MXM  WARN  The 'ulimit -s' on the system is set to 'unlimited'. This may have negative performance implications. Please set the heap size to the default value (10240) 
[1441390435.221506] [node019:28004:0]         sys.c:719  MXM  WARN  Conflicting CPU frequencies detected, using: 1794.38
[1441390435.224916] [node019:28004:0]         mxm.c:185  MXM  WARN  The 'ulimit -s' on the system is set to 'unlimited'. This may have negative performance implications. Please set the heap size to the default value (10240) 
[1441390435.234260] [node014:29450:0]         sys.c:719  MXM  WARN  Conflicting CPU frequencies detected, using: 1784.62
[1441390435.237330] [node014:29450:0]         mxm.c:185  MXM  WARN  The 'ulimit -s' on the system is set to 'unlimited'. This may have negative performance implications. Please set the heap size to the default value (10240) 
[1441390435.244381] [node014:29470:0]         sys.c:719  MXM  WARN  Conflicting CPU frequencies detected, using: 1799.72
[1441390435.247168] [node014:29470:0]         mxm.c:185  MXM  WARN  The 'ulimit -s' on the system is set to 'unlimited'. This may have negative performance implications. Please set the heap size to the default value (10240) 
[1441390435.257182] [node013:16665:0]         sys.c:719  MXM  WARN  Conflicting CPU frequencies detected, using: 2400.00
[1441390435.261865] [node013:16665:0]         mxm.c:185  MXM  WARN  The 'ulimit -s' on the system is set to 'unlimited'. This may have negative performance implications. Please set the heap size to the default value (10240) 
[1441390435.231894] [node020:22917:0]         sys.c:719  MXM  WARN  Conflicting CPU frequencies detected, using: 1799.72
[1441390435.237708] [node020:22917:0]         mxm.c:185  MXM  WARN  The 'ulimit -s' on the system is set to 'unlimited'. This may have negative performance implications. Please set the heap size to the default value (10240) 
[1441390435.253193] [node016:22327:0]         sys.c:719  MXM  WARN  Conflicting CPU frequencies detected, using: 2094.84
[1441390435.256600] [node016:22327:0]         mxm.c:185  MXM  WARN  The 'ulimit -s' on the system is set to 'unlimited'. This may have negative performance implications. Please set the heap size to the default value (10240) 
[1441390435.229250] [node020:22913:0]         sys.c:719  MXM  WARN  Conflicting CPU frequencies detected, using: 1799.72
[1441390435.235215] [node020:22913:0]         mxm.c:185  MXM  WARN  The 'ulimit -s' on the system is set to 'unlimited'. This may have negative performance implications. Please set the heap size to the default value (10240) 
[1441390435.257239] [node016:22331:0]         sys.c:719  MXM  WARN  Conflicting CPU frequencies detected, using: 2135.81
[1441390435.260336] [node016:22331:0]         mxm.c:185  MXM  WARN  The 'ulimit -s' on the system is set to 'unlimited'. This may have negative performance implications. Please set the heap size to the default value (10240) 
[1441390435.258328] [node019:28023:0]         sys.c:719  MXM  WARN  Conflicting CPU frequencies detected, using: 1893.19
[1441390435.261491] [node019:28023:0]         mxm.c:185  MXM  WARN  The 'ulimit -s' on the system is set to 'unlimited'. This may have negative performance implications. Please set the heap size to the default value (10240) 
[1441390435.230614] [node018:13604:0]         sys.c:719  MXM  WARN  Conflicting CPU frequencies detected, using: 1699.03
[1441390435.236297] [node018:13604:0]         mxm.c:185  MXM  WARN  The 'ulimit -s' on the system is set to 'unlimited'. This may have negative performance implications. Please set the heap size to the default value (10240) 
[1441390435.259038] [node019:28022:0]         sys.c:719  MXM  WARN  Conflicting CPU frequencies detected, using: 1893.19
[1441390435.262263] [node019:28022:0]         mxm.c:185  MXM  WARN  The 'ulimit -s' on the system is set to 'unlimited'. This may have negative performance implications. Please set the heap size to the default value (10240) 
[1441390435.246036] [node020:22943:0]         sys.c:719  MXM  WARN  Conflicting CPU frequencies detected, using: 1893.28
[1441390435.255029] [node020:22943:0]         mxm.c:185  MXM  WARN  The 'ulimit -s' on the system is set to 'unlimited'. This may have negative performance implications. Please set the heap size to the default value (10240) 
[1441390435.245216] [node020:22944:0]         sys.c:719  MXM  WARN  Conflicting CPU frequencies detected, using: 1893.28
[1441390435.253524] [node020:22944:0]         mxm.c:185  MXM  WARN  The 'ulimit -s' on the system is set to 'unlimited'. This may have negative performance implications. Please set the heap size to the default value (10240) 
[1441390435.246808] [node015:26531:0]         sys.c:719  MXM  WARN  Conflicting CPU frequencies detected, using: 1899.94
[1441390435.252347] [node015:26531:0]         mxm.c:185  MXM  WARN  The 'ulimit -s' on the system is set to 'unlimited'. This may have negative performance implications. Please set the heap size to the default value (10240) 
[1441390435.272152] [node016:22375:0]         sys.c:719  MXM  WARN  Conflicting CPU frequencies detected, using: 2190.47
[1441390435.275194] [node016:22375:0]         mxm.c:185  MXM  WARN  The 'ulimit -s' on the system is set to 'unlimited'. This may have negative performance implications. Please set the heap size to the default value (10240) 
[1441390435.275642] [node016:22377:0]         sys.c:719  MXM  WARN  Conflicting CPU frequencies detected, using: 2199.94
[1441390435.278963] [node016:22377:0]         mxm.c:185  MXM  WARN  The 'ulimit -s' on the system is set to 'unlimited'. This may have negative performance implications. Please set the heap size to the default value (10240) 
[1441390435.257570] [node009:21203:0]         sys.c:719  MXM  WARN  Conflicting CPU frequencies detected, using: 1925.81
[1441390435.263322] [node009:21203:0]         mxm.c:185  MXM  WARN  The 'ulimit -s' on the system is set to 'unlimited'. This may have negative performance implications. Please set the heap size to the default value (10240) 
[1441390435.270940] [node015:26548:0]         sys.c:719  MXM  WARN  Conflicting CPU frequencies detected, using: 1999.97
[1441390435.276142] [node015:26548:0]         mxm.c:185  MXM  WARN  The 'ulimit -s' on the system is set to 'unlimited'. This may have negative performance implications. Please set the heap size to the default value (10240) 
[1441390435.290226] [node013:16684:0]         sys.c:719  MXM  WARN  Conflicting CPU frequencies detected, using: 2400.00
[1441390435.294984] [node013:16684:0]         mxm.c:185  MXM  WARN  The 'ulimit -s' on the system is set to 'unlimited'. This may have negative performance implications. Please set the heap size to the default value (10240) 
[1441390435.285578] [node021:3754 :0]         sys.c:719  MXM  WARN  Conflicting CPU frequencies detected, using: 1694.81
[1441390435.289080] [node021:3754 :0]         mxm.c:185  MXM  WARN  The 'ulimit -s' on the system is set to 'unlimited'. This may have negative performance implications. Please set the heap size to the default value (10240) 
[1441390435.299076] [node013:16683:0]         sys.c:719  MXM  WARN  Conflicting CPU frequencies detected, using: 2400.00
[1441390435.305086] [node013:16683:0]         mxm.c:185  MXM  WARN  The 'ulimit -s' on the system is set to 'unlimited'. This may have negative performance implications. Please set the heap size to the default value (10240) 
[1441390435.301018] [node017:8882 :0]         sys.c:719  MXM  WARN  Conflicting CPU frequencies detected, using: 2400.00
[1441390435.305474] [node017:8882 :0]         mxm.c:185  MXM  WARN  The 'ulimit -s' on the system is set to 'unlimited'. This may have negative performance implications. Please set the heap size to the default value (10240) 
[1441390435.300129] [node015:26571:0]         sys.c:719  MXM  WARN  Conflicting CPU frequencies detected, using: 2199.66
[1441390435.305066] [node015:26571:0]         mxm.c:185  MXM  WARN  The 'ulimit -s' on the system is set to 'unlimited'. This may have negative performance implications. Please set the heap size to the default value (10240) 
[1441390435.319907] [node016:22439:0]         sys.c:719  MXM  WARN  Conflicting CPU frequencies detected, using: 2395.50
[1441390435.323063] [node016:22439:0]         mxm.c:185  MXM  WARN  The 'ulimit -s' on the system is set to 'unlimited'. This may have negative performance implications. Please set the heap size to the default value (10240) 
[1441390435.313741] [node021:3771 :0]         sys.c:719  MXM  WARN  Conflicting CPU frequencies detected, using: 1998.47
[1441390435.317570] [node021:3771 :0]         mxm.c:185  MXM  WARN  The 'ulimit -s' on the system is set to 'unlimited'. This may have negative performance implications. Please set the heap size to the default value (10240) 
[1441390435.308535] [node018:13627:0]         sys.c:719  MXM  WARN  Conflicting CPU frequencies detected, using: 2193.94
[1441390435.313663] [node018:13627:0]         mxm.c:185  MXM  WARN  The 'ulimit -s' on the system is set to 'unlimited'. This may have negative performance implications. Please set the heap size to the default value (10240) 
[1441390435.321867] [node013:16722:0]         sys.c:719  MXM  WARN  Conflicting CPU frequencies detected, using: 2400.00
[1441390435.327110] [node013:16722:0]         mxm.c:185  MXM  WARN  The 'ulimit -s' on the system is set to 'unlimited'. This may have negative performance implications. Please set the heap size to the default value (10240) 
[1441390435.309814] [node012:2581 :0]         sys.c:719  MXM  WARN  Conflicting CPU frequencies detected, using: 2400.00
[1441390435.315461] [node012:2581 :0]         mxm.c:185  MXM  WARN  The 'ulimit -s' on the system is set to 'unlimited'. This may have negative performance implications. Please set the heap size to the default value (10240) 
[1441390435.327625] [node014:29522:0]         sys.c:719  MXM  WARN  Conflicting CPU frequencies detected, using: 2394.28
[1441390435.330667] [node014:29522:0]         mxm.c:185  MXM  WARN  The 'ulimit -s' on the system is set to 'unlimited'. This may have negative performance implications. Please set the heap size to the default value (10240) 
[1441390435.308851] [node023:5171 :0]         sys.c:719  MXM  WARN  Conflicting CPU frequencies detected, using: 1897.97
[1441390435.314278] [node023:5171 :0]         mxm.c:185  MXM  WARN  The 'ulimit -s' on the system is set to 'unlimited'. This may have negative performance implications. Please set the heap size to the default value (10240) 
[1441390435.332427] [node016:22457:0]         sys.c:719  MXM  WARN  Conflicting CPU frequencies detected, using: 2395.50
[1441390435.335600] [node016:22457:0]         mxm.c:185  MXM  WARN  The 'ulimit -s' on the system is set to 'unlimited'. This may have negative performance implications. Please set the heap size to the default value (10240) 
[1441390435.330214] [node020:23009:0]         sys.c:719  MXM  WARN  Conflicting CPU frequencies detected, using: 2400.00
[1441390435.334833] [node020:23009:0]         mxm.c:185  MXM  WARN  The 'ulimit -s' on the system is set to 'unlimited'. This may have negative performance implications. Please set the heap size to the default value (10240) 
[1441390435.323037] [node015:26594:0]         sys.c:719  MXM  WARN  Conflicting CPU frequencies detected, using: 2293.12
[1441390435.328723] [node015:26594:0]         mxm.c:185  MXM  WARN  The 'ulimit -s' on the system is set to 'unlimited'. This may have negative performance implications. Please set the heap size to the default value (10240) 
[1441390435.333503] [node021:3789 :0]         sys.c:719  MXM  WARN  Conflicting CPU frequencies detected, using: 2094.94
[1441390435.336179] [node021:3789 :0]         mxm.c:185  MXM  WARN  The 'ulimit -s' on the system is set to 'unlimited'. This may have negative performance implications. Please set the heap size to the default value (10240) 
[1441390435.303628] [node023:5152 :0]         sys.c:719  MXM  WARN  Conflicting CPU frequencies detected, using: 1799.81
[1441390435.310339] [node023:5152 :0]         mxm.c:185  MXM  WARN  The 'ulimit -s' on the system is set to 'unlimited'. This may have negative performance implications. Please set the heap size to the default value (10240) 
[1441390435.301940] [node023:5151 :0]         sys.c:719  MXM  WARN  Conflicting CPU frequencies detected, using: 1799.81
[1441390435.308820] [node023:5151 :0]         mxm.c:185  MXM  WARN  The 'ulimit -s' on the system is set to 'unlimited'. This may have negative performance implications. Please set the heap size to the default value (10240) 
[1441390435.344699] [node014:29532:0]         sys.c:719  MXM  WARN  Conflicting CPU frequencies detected, using: 2399.91
[1441390435.348219] [node014:29532:0]         mxm.c:185  MXM  WARN  The 'ulimit -s' on the system is set to 'unlimited'. This may have negative performance implications. Please set the heap size to the default value (10240) 
[1441390435.341370] [node021:3804 :0]         sys.c:719  MXM  WARN  Conflicting CPU frequencies detected, using: 2194.88
[1441390435.344335] [node021:3804 :0]         mxm.c:185  MXM  WARN  The 'ulimit -s' on the system is set to 'unlimited'. This may have negative performance implications. Please set the heap size to the default value (10240) 
[1441390435.340888] [node017:8899 :0]         sys.c:719  MXM  WARN  Conflicting CPU frequencies detected, using: 2400.00
[1441390435.345306] [node017:8899 :0]         mxm.c:185  MXM  WARN  The 'ulimit -s' on the system is set to 'unlimited'. This may have negative performance implications. Please set the heap size to the default value (10240) 
[1441390435.321581] [node023:5196 :0]         sys.c:719  MXM  WARN  Conflicting CPU frequencies detected, using: 1993.12
[1441390435.328298] [node023:5196 :0]         mxm.c:185  MXM  WARN  The 'ulimit -s' on the system is set to 'unlimited'. This may have negative performance implications. Please set the heap size to the default value (10240) 
[1441390435.355459] [node016:22481:0]         sys.c:719  MXM  WARN  Conflicting CPU frequencies detected, using: 2400.00
[1441390435.358579] [node016:22481:0]         mxm.c:185  MXM  WARN  The 'ulimit -s' on the system is set to 'unlimited'. This may have negative performance implications. Please set the heap size to the default value (10240) 
[1441390435.347789] [node018:13645:0]         sys.c:719  MXM  WARN  Conflicting CPU frequencies detected, using: 2399.91
[1441390435.353304] [node018:13645:0]         mxm.c:185  MXM  WARN  The 'ulimit -s' on the system is set to 'unlimited'. This may have negative performance implications. Please set the heap size to the default value (10240) 
[1441390435.360234] [node021:3827 :0]         sys.c:719  MXM  WARN  Conflicting CPU frequencies detected, using: 2398.31
[1441390435.363253] [node021:3827 :0]         mxm.c:185  MXM  WARN  The 'ulimit -s' on the system is set to 'unlimited'. This may have negative performance implications. Please set the heap size to the default value (10240) 
[1441390435.361516] [node021:3837 :0]         sys.c:719  MXM  WARN  Conflicting CPU frequencies detected, using: 2398.31
[1441390435.364219] [node021:3837 :0]         mxm.c:185  MXM  WARN  The 'ulimit -s' on the system is set to 'unlimited'. This may have negative performance implications. Please set the heap size to the default value (10240) 
[1441390435.356017] [node017:8922 :0]         sys.c:719  MXM  WARN  Conflicting CPU frequencies detected, using: 2400.00
[1441390435.360874] [node017:8922 :0]         mxm.c:185  MXM  WARN  The 'ulimit -s' on the system is set to 'unlimited'. This may have negative performance implications. Please set the heap size to the default value (10240) 
[1441390435.368326] [node019:28076:0]         sys.c:719  MXM  WARN  Conflicting CPU frequencies detected, using: 2400.00
[1441390435.371173] [node019:28076:0]         mxm.c:185  MXM  WARN  The 'ulimit -s' on the system is set to 'unlimited'. This may have negative performance implications. Please set the heap size to the default value (10240) 
[1441390435.359208] [node023:5234 :0]         sys.c:719  MXM  WARN  Conflicting CPU frequencies detected, using: 2299.31
[1441390435.364575] [node023:5234 :0]         mxm.c:185  MXM  WARN  The 'ulimit -s' on the system is set to 'unlimited'. This may have negative performance implications. Please set the heap size to the default value (10240) 
[1441390435.355428] [node020:23030:0]         sys.c:719  MXM  WARN  Conflicting CPU frequencies detected, using: 2400.00
[1441390435.363230] [node020:23030:0]         mxm.c:185  MXM  WARN  The 'ulimit -s' on the system is set to 'unlimited'. This may have negative performance implications. Please set the heap size to the default value (10240) 
[1441390435.353668] [node020:23026:0]         sys.c:719  MXM  WARN  Conflicting CPU frequencies detected, using: 2400.00
[1441390435.361519] [node020:23026:0]         mxm.c:185  MXM  WARN  The 'ulimit -s' on the system is set to 'unlimited'. This may have negative performance implications. Please set the heap size to the default value (10240) 
[1441390435.363412] [node013:16752:0]         sys.c:719  MXM  WARN  Conflicting CPU frequencies detected, using: 2400.00
[1441390435.368168] [node013:16752:0]         mxm.c:185  MXM  WARN  The 'ulimit -s' on the system is set to 'unlimited'. This may have negative performance implications. Please set the heap size to the default value (10240) 
[1441390435.370635] [node016:22503:0]         sys.c:719  MXM  WARN  Conflicting CPU frequencies detected, using: 2400.00
[1441390435.374183] [node016:22503:0]         mxm.c:185  MXM  WARN  The 'ulimit -s' on the system is set to 'unlimited'. This may have negative performance implications. Please set the heap size to the default value (10240) 
[1441390435.375249] [node021:3873 :0]         sys.c:719  MXM  WARN  Conflicting CPU frequencies detected, using: 2400.00
[1441390435.377948] [node021:3873 :0]         mxm.c:185  MXM  WARN  The 'ulimit -s' on the system is set to 'unlimited'. This may have negative performance implications. Please set the heap size to the default value (10240) 
[1441390435.376927] [node019:28089:0]         sys.c:719  MXM  WARN  Conflicting CPU frequencies detected, using: 2400.00
[1441390435.380343] [node019:28089:0]         mxm.c:185  MXM  WARN  The 'ulimit -s' on the system is set to 'unlimited'. This may have negative performance implications. Please set the heap size to the default value (10240) 
[1441390435.369578] [node020:23064:0]         sys.c:719  MXM  WARN  Conflicting CPU frequencies detected, using: 2400.00
[1441390435.374126] [node020:23064:0]         mxm.c:185  MXM  WARN  The 'ulimit -s' on the system is set to 'unlimited'. This may have negative performance implications. Please set the heap size to the default value (10240) 
[1441390435.355773] [node015:26618:0]         sys.c:719  MXM  WARN  Conflicting CPU frequencies detected, using: 2399.91
[1441390435.361040] [node015:26618:0]         mxm.c:185  MXM  WARN  The 'ulimit -s' on the system is set to 'unlimited'. This may have negative performance implications. Please set the heap size to the default value (10240) 
[1441390435.363974] [node018:13656:0]         sys.c:719  MXM  WARN  Conflicting CPU frequencies detected, using: 2400.00
[1441390435.369020] [node018:13656:0]         mxm.c:185  MXM  WARN  The 'ulimit -s' on the system is set to 'unlimited'. This may have negative performance implications. Please set the heap size to the default value (10240) 
[1441390435.364325] [node015:26637:0]         sys.c:719  MXM  WARN  Conflicting CPU frequencies detected, using: 2400.00
[1441390435.372122] [node015:26637:0]         mxm.c:185  MXM  WARN  The 'ulimit -s' on the system is set to 'unlimited'. This may have negative performance implications. Please set the heap size to the default value (10240) 
[1441390435.362493] [node015:26619:0]         sys.c:719  MXM  WARN  Conflicting CPU frequencies detected, using: 2400.00
[1441390435.371385] [node015:26619:0]         mxm.c:185  MXM  WARN  The 'ulimit -s' on the system is set to 'unlimited'. This may have negative performance implications. Please set the heap size to the default value (10240) 
[1441390435.372199] [node018:13677:0]         sys.c:719  MXM  WARN  Conflicting CPU frequencies detected, using: 2400.00
[1441390435.380474] [node018:13677:0]         mxm.c:185  MXM  WARN  The 'ulimit -s' on the system is set to 'unlimited'. This may have negative performance implications. Please set the heap size to the default value (10240) 
[1441390435.393889] [node014:29560:0]         sys.c:719  MXM  WARN  Conflicting CPU frequencies detected, using: 2400.00
[1441390435.396834] [node014:29560:0]         mxm.c:185  MXM  WARN  The 'ulimit -s' on the system is set to 'unlimited'. This may have negative performance implications. Please set the heap size to the default value (10240) 
[1441390435.386213] [node018:13720:0]         sys.c:719  MXM  WARN  Conflicting CPU frequencies detected, using: 2400.00
[1441390435.392525] [node018:13720:0]         mxm.c:185  MXM  WARN  The 'ulimit -s' on the system is set to 'unlimited'. This may have negative performance implications. Please set the heap size to the default value (10240) 
[1441390435.398510] [node019:28107:0]         sys.c:719  MXM  WARN  Conflicting CPU frequencies detected, using: 2400.00
[1441390435.401118] [node019:28107:0]         mxm.c:185  MXM  WARN  The 'ulimit -s' on the system is set to 'unlimited'. This may have negative performance implications. Please set the heap size to the default value (10240) 
[1441390435.383665] [node017:8955 :0]         sys.c:719  MXM  WARN  Conflicting CPU frequencies detected, using: 2400.00
[1441390435.390446] [node017:8955 :0]         mxm.c:185  MXM  WARN  The 'ulimit -s' on the system is set to 'unlimited'. This may have negative performance implications. Please set the heap size to the default value (10240) 
[1441390435.399285] [node019:28093:0]         sys.c:719  MXM  WARN  Conflicting CPU frequencies detected, using: 2400.00
[1441390435.401735] [node019:28093:0]         mxm.c:185  MXM  WARN  The 'ulimit -s' on the system is set to 'unlimited'. This may have negative performance implications. Please set the heap size to the default value (10240) 
[1441390435.373719] [node018:13657:0]         sys.c:719  MXM  WARN  Conflicting CPU frequencies detected, using: 2400.00
[1441390435.383797] [node018:13657:0]         mxm.c:185  MXM  WARN  The 'ulimit -s' on the system is set to 'unlimited'. This may have negative performance implications. Please set the heap size to the default value (10240) 
[1441390435.381319] [node017:8940 :0]         sys.c:719  MXM  WARN  Conflicting CPU frequencies detected, using: 2400.00
[1441390435.388254] [node017:8940 :0]         mxm.c:185  MXM  WARN  The 'ulimit -s' on the system is set to 'unlimited'. This may have negative performance implications. Please set the heap size to the default value (10240) 
[1441390435.377061] [node022:17255:0]         sys.c:719  MXM  WARN  Conflicting CPU frequencies detected, using: 1898.25
[1441390435.383294] [node022:17255:0]         mxm.c:185  MXM  WARN  The 'ulimit -s' on the system is set to 'unlimited'. This may have negative performance implications. Please set the heap size to the default value (10240) 
[1441390435.406488] [node021:3900 :0]         sys.c:719  MXM  WARN  Conflicting CPU frequencies detected, using: 2400.00
[1441390435.409119] [node021:3900 :0]         mxm.c:185  MXM  WARN  The 'ulimit -s' on the system is set to 'unlimited'. This may have negative performance implications. Please set the heap size to the default value (10240) 
[1441390435.408259] [node021:3896 :0]         sys.c:719  MXM  WARN  Conflicting CPU frequencies detected, using: 2400.00
[1441390435.410436] [node021:3896 :0]         mxm.c:185  MXM  WARN  The 'ulimit -s' on the system is set to 'unlimited'. This may have negative performance implications. Please set the heap size to the default value (10240) 
[1441390435.406488] [node021:3898 :0]         sys.c:719  MXM  WARN  Conflicting CPU frequencies detected, using: 2400.00
[1441390435.409032] [node021:3898 :0]         mxm.c:185  MXM  WARN  The 'ulimit -s' on the system is set to 'unlimited'. This may have negative performance implications. Please set the heap size to the default value (10240) 
[1441390435.408853] [node021:3911 :0]         sys.c:719  MXM  WARN  Conflicting CPU frequencies detected, using: 2400.00
[1441390435.411078] [node021:3911 :0]         mxm.c:185  MXM  WARN  The 'ulimit -s' on the system is set to 'unlimited'. This may have negative performance implications. Please set the heap size to the default value (10240) 
[1441390435.408795] [node014:29572:0]         sys.c:719  MXM  WARN  Conflicting CPU frequencies detected, using: 2400.00
[1441390435.411295] [node014:29572:0]         mxm.c:185  MXM  WARN  The 'ulimit -s' on the system is set to 'unlimited'. This may have negative performance implications. Please set the heap size to the default value (10240) 
[1441390435.403945] [node023:5262 :0]         sys.c:719  MXM  WARN  Conflicting CPU frequencies detected, using: 2400.00
[1441390435.409127] [node023:5262 :0]         mxm.c:185  MXM  WARN  The 'ulimit -s' on the system is set to 'unlimited'. This may have negative performance implications. Please set the heap size to the default value (10240) 
[1441390435.411533] [node014:29571:0]         sys.c:719  MXM  WARN  Conflicting CPU frequencies detected, using: 2400.00
[1441390435.414681] [node014:29571:0]         mxm.c:185  MXM  WARN  The 'ulimit -s' on the system is set to 'unlimited'. This may have negative performance implications. Please set the heap size to the default value (10240) 
[1441390435.414232] [node021:3981 :0]         sys.c:719  MXM  WARN  Conflicting CPU frequencies detected, using: 2400.00
[1441390435.416986] [node021:3981 :0]         mxm.c:185  MXM  WARN  The 'ulimit -s' on the system is set to 'unlimited'. This may have negative performance implications. Please set the heap size to the default value (10240) 
[1441390435.415681] [node014:29584:0]         sys.c:719  MXM  WARN  Conflicting CPU frequencies detected, using: 2400.00
[1441390435.418253] [node014:29584:0]         mxm.c:185  MXM  WARN  The 'ulimit -s' on the system is set to 'unlimited'. This may have negative performance implications. Please set the heap size to the default value (10240) 
[1441390435.399129] [node020:23082:0]         sys.c:719  MXM  WARN  Conflicting CPU frequencies detected, using: 2400.00
[1441390435.405252] [node020:23082:0]         mxm.c:185  MXM  WARN  The 'ulimit -s' on the system is set to 'unlimited'. This may have negative performance implications. Please set the heap size to the default value (10240) 
[1441390435.400095] [node020:23083:0]         sys.c:719  MXM  WARN  Conflicting CPU frequencies detected, using: 2400.00
[1441390435.407700] [node020:23083:0]         mxm.c:185  MXM  WARN  The 'ulimit -s' on the system is set to 'unlimited'. This may have negative performance implications. Please set the heap size to the default value (10240) 
[1441390435.420959] [node014:29637:0]         sys.c:719  MXM  WARN  Conflicting CPU frequencies detected, using: 2400.00
[1441390435.423792] [node014:29637:0]         mxm.c:185  MXM  WARN  The 'ulimit -s' on the system is set to 'unlimited'. This may have negative performance implications. Please set the heap size to the default value (10240) 
[1441390435.425834] [node019:28128:0]         sys.c:719  MXM  WARN  Conflicting CPU frequencies detected, using: 2400.00
[1441390435.428316] [node019:28128:0]         mxm.c:185  MXM  WARN  The 'ulimit -s' on the system is set to 'unlimited'. This may have negative performance implications. Please set the heap size to the default value (10240) 
[1441390435.426802] [node019:28129:0]         sys.c:719  MXM  WARN  Conflicting CPU frequencies detected, using: 2400.00
[1441390435.428992] [node019:28129:0]         mxm.c:185  MXM  WARN  The 'ulimit -s' on the system is set to 'unlimited'. This may have negative performance implications. Please set the heap size to the default value (10240) 
[1441390435.425508] [node019:28127:0]         sys.c:719  MXM  WARN  Conflicting CPU frequencies detected, using: 2400.00
[1441390435.428074] [node019:28127:0]         mxm.c:185  MXM  WARN  The 'ulimit -s' on the system is set to 'unlimited'. This may have negative performance implications. Please set the heap size to the default value (10240) 
[1441390435.402992] [node020:23084:0]         sys.c:719  MXM  WARN  Conflicting CPU frequencies detected, using: 2400.00
[1441390435.413388] [node020:23084:0]         mxm.c:185  MXM  WARN  The 'ulimit -s' on the system is set to 'unlimited'. This may have negative performance implications. Please set the heap size to the default value (10240) 
[1441390435.382387] [node009:21227:0]         sys.c:719  MXM  WARN  Conflicting CPU frequencies detected, using: 1499.34
[1441390435.388323] [node009:21227:0]         mxm.c:185  MXM  WARN  The 'ulimit -s' on the system is set to 'unlimited'. This may have negative performance implications. Please set the heap size to the default value (10240) 
[1441390435.405366] [node020:23147:0]         sys.c:719  MXM  WARN  Conflicting CPU frequencies detected, using: 2400.00
[1441390435.415801] [node020:23147:0]         mxm.c:185  MXM  WARN  The 'ulimit -s' on the system is set to 'unlimited'. This may have negative performance implications. Please set the heap size to the default value (10240) 
[1441390435.406964] [node018:13732:0]         sys.c:719  MXM  WARN  Conflicting CPU frequencies detected, using: 2400.00
[1441390435.415600] [node018:13732:0]         mxm.c:185  MXM  WARN  The 'ulimit -s' on the system is set to 'unlimited'. This may have negative performance implications. Please set the heap size to the default value (10240) 
[1441390435.433001] [node019:28206:0]         sys.c:719  MXM  WARN  Conflicting CPU frequencies detected, using: 2400.00
[1441390435.435642] [node019:28206:0]         mxm.c:185  MXM  WARN  The 'ulimit -s' on the system is set to 'unlimited'. This may have negative performance implications. Please set the heap size to the default value (10240) 
[1441390435.407496] [node018:13736:0]         sys.c:719  MXM  WARN  Conflicting CPU frequencies detected, using: 2400.00
[1441390435.419594] [node018:13736:0]         mxm.c:185  MXM  WARN  The 'ulimit -s' on the system is set to 'unlimited'. This may have negative performance implications. Please set the heap size to the default value (10240) 
[1441390435.437522] [node019:28209:0]         sys.c:719  MXM  WARN  Conflicting CPU frequencies detected, using: 2400.00
[1441390435.440301] [node019:28209:0]         mxm.c:185  MXM  WARN  The 'ulimit -s' on the system is set to 'unlimited'. This may have negative performance implications. Please set the heap size to the default value (10240) 
[1441390435.424246] [node015:26698:0]         sys.c:719  MXM  WARN  Conflicting CPU frequencies detected, using: 2399.91
[1441390435.430545] [node015:26698:0]         mxm.c:185  MXM  WARN  The 'ulimit -s' on the system is set to 'unlimited'. This may have negative performance implications. Please set the heap size to the default value (10240) 
[1441390435.428940] [node022:17272:0]         sys.c:719  MXM  WARN  Conflicting CPU frequencies detected, using: 2399.91
[1441390435.435231] [node022:17272:0]         mxm.c:185  MXM  WARN  The 'ulimit -s' on the system is set to 'unlimited'. This may have negative performance implications. Please set the heap size to the default value (10240) 
[1441390435.429021] [node023:5271 :0]         sys.c:719  MXM  WARN  Conflicting CPU frequencies detected, using: 2400.00
[1441390435.434601] [node023:5271 :0]         mxm.c:185  MXM  WARN  The 'ulimit -s' on the system is set to 'unlimited'. This may have negative performance implications. Please set the heap size to the default value (10240) 
[1441390435.413781] [node018:13773:0]         sys.c:719  MXM  WARN  Conflicting CPU frequencies detected, using: 2400.00
[1441390435.424461] [node018:13773:0]         mxm.c:185  MXM  WARN  The 'ulimit -s' on the system is set to 'unlimited'. This may have negative performance implications. Please set the heap size to the default value (10240) 
[1441390435.409200] [node018:13744:0]         sys.c:719  MXM  WARN  Conflicting CPU frequencies detected, using: 2400.00
[1441390435.423732] [node018:13744:0]         mxm.c:185  MXM  WARN  The 'ulimit -s' on the system is set to 'unlimited'. This may have negative performance implications. Please set the heap size to the default value (10240) 
[1441390435.433091] [node023:5268 :0]         sys.c:719  MXM  WARN  Conflicting CPU frequencies detected, using: 2400.00
[1441390435.437842] [node023:5268 :0]         mxm.c:185  MXM  WARN  The 'ulimit -s' on the system is set to 'unlimited'. This may have negative performance implications. Please set the heap size to the default value (10240) 
[1441390435.425323] [node015:26699:0]         sys.c:719  MXM  WARN  Conflicting CPU frequencies detected, using: 2400.00
[1441390435.432676] [node015:26699:0]         mxm.c:185  MXM  WARN  The 'ulimit -s' on the system is set to 'unlimited'. This may have negative performance implications. Please set the heap size to the default value (10240) 
[1441390435.426541] [node018:13835:0]         sys.c:719  MXM  WARN  Conflicting CPU frequencies detected, using: 2400.00
[1441390435.437190] [node018:13835:0]         mxm.c:185  MXM  WARN  The 'ulimit -s' on the system is set to 'unlimited'. This may have negative performance implications. Please set the heap size to the default value (10240) 
[1441390435.437149] [node023:5277 :0]         sys.c:719  MXM  WARN  Conflicting CPU frequencies detected, using: 2400.00
[1441390435.444837] [node023:5277 :0]         mxm.c:185  MXM  WARN  The 'ulimit -s' on the system is set to 'unlimited'. This may have negative performance implications. Please set the heap size to the default value (10240) 
[1441390435.443264] [node023:5313 :0]         sys.c:719  MXM  WARN  Conflicting CPU frequencies detected, using: 2400.00
[1441390435.454567] [node023:5313 :0]         mxm.c:185  MXM  WARN  The 'ulimit -s' on the system is set to 'unlimited'. This may have negative performance implications. Please set the heap size to the default value (10240) 
[1441390435.441614] [node023:5328 :0]         sys.c:719  MXM  WARN  Conflicting CPU frequencies detected, using: 2400.00
[1441390435.455304] [node023:5328 :0]         mxm.c:185  MXM  WARN  The 'ulimit -s' on the system is set to 'unlimited'. This may have negative performance implications. Please set the heap size to the default value (10240) 
[1441390435.443035] [node023:5367 :0]         sys.c:719  MXM  WARN  Conflicting CPU frequencies detected, using: 2400.00
[1441390435.459541] [node023:5367 :0]         mxm.c:185  MXM  WARN  The 'ulimit -s' on the system is set to 'unlimited'. This may have negative performance implications. Please set the heap size to the default value (10240) 
[1441390435.498871] [node022:17280:0]         sys.c:719  MXM  WARN  Conflicting CPU frequencies detected, using: 2400.00
[1441390435.506822] [node022:17280:0]         mxm.c:185  MXM  WARN  The 'ulimit -s' on the system is set to 'unlimited'. This may have negative performance implications. Please set the heap size to the default value (10240) 
[1441390435.502391] [node022:17283:0]         sys.c:719  MXM  WARN  Conflicting CPU frequencies detected, using: 2400.00
[1441390435.515890] [node022:17283:0]         mxm.c:185  MXM  WARN  The 'ulimit -s' on the system is set to 'unlimited'. This may have negative performance implications. Please set the heap size to the default value (10240) 
[1441390435.498891] [node022:17282:0]         sys.c:719  MXM  WARN  Conflicting CPU frequencies detected, using: 2400.00
[1441390435.510135] [node022:17282:0]         mxm.c:185  MXM  WARN  The 'ulimit -s' on the system is set to 'unlimited'. This may have negative performance implications. Please set the heap size to the default value (10240) 
[1441390435.502608] [node022:17288:0]         sys.c:719  MXM  WARN  Conflicting CPU frequencies detected, using: 2400.00
[1441390435.514244] [node022:17288:0]         mxm.c:185  MXM  WARN  The 'ulimit -s' on the system is set to 'unlimited'. This may have negative performance implications. Please set the heap size to the default value (10240) 
[1441390435.504477] [node022:17318:0]         sys.c:719  MXM  WARN  Conflicting CPU frequencies detected, using: 2400.00
[1441390435.525853] [node022:17318:0]         mxm.c:185  MXM  WARN  The 'ulimit -s' on the system is set to 'unlimited'. This may have negative performance implications. Please set the heap size to the default value (10240) 
[1441390435.514298] [node022:17422:0]         sys.c:719  MXM  WARN  Conflicting CPU frequencies detected, using: 2400.00
[1441390435.537978] [node022:17422:0]         mxm.c:185  MXM  WARN  The 'ulimit -s' on the system is set to 'unlimited'. This may have negative performance implications. Please set the heap size to the default value (10240) 
[1441390435.513244] [node022:17387:0]         sys.c:719  MXM  WARN  Conflicting CPU frequencies detected, using: 2400.00
[1441390435.540542] [node022:17387:0]         mxm.c:185  MXM  WARN  The 'ulimit -s' on the system is set to 'unlimited'. This may have negative performance implications. Please set the heap size to the default value (10240) 
[1441390435.509862] [node022:17307:0]         sys.c:719  MXM  WARN  Conflicting CPU frequencies detected, using: 2400.00
[1441390435.541284] [node022:17307:0]         mxm.c:185  MXM  WARN  The 'ulimit -s' on the system is set to 'unlimited'. This may have negative performance implications. Please set the heap size to the default value (10240) 
[1441390435.519682] [node022:17412:0]         sys.c:719  MXM  WARN  Conflicting CPU frequencies detected, using: 2400.00
[1441390435.543562] [node022:17412:0]         mxm.c:185  MXM  WARN  The 'ulimit -s' on the system is set to 'unlimited'. This may have negative performance implications. Please set the heap size to the default value (10240) 
[1441390435.514587] [node022:17413:0]         sys.c:719  MXM  WARN  Conflicting CPU frequencies detected, using: 2400.00
[1441390435.545414] [node022:17413:0]         mxm.c:185  MXM  WARN  The 'ulimit -s' on the system is set to 'unlimited'. This may have negative performance implications. Please set the heap size to the default value (10240) 
UPCR: UPC thread  11 of 192 on node008 (pshm node  0 of 16, process  11 of 192, pid=319)
UPCR: UPC thread   1 of 192 on node008 (pshm node  0 of 16, process   1 of 192, pid=309)
UPCR: UPC thread   0 of 192 on node008 (pshm node  0 of 16, process   0 of 192, pid=308)
UPCR: UPC thread   2 of 192 on node008 (pshm node  0 of 16, process   2 of 192, pid=310)
UPCR: UPC thread   3 of 192 on node008 (pshm node  0 of 16, process   3 of 192, pid=311)
UPCR: UPC thread  10 of 192 on node008 (pshm node  0 of 16, process  10 of 192, pid=318)
UPCR: UPC thread   9 of 192 on node008 (pshm node  0 of 16, process   9 of 192, pid=317)
UPCR: UPC thread   4 of 192 on node008 (pshm node  0 of 16, process   4 of 192, pid=312)
UPCR: UPC thread   7 of 192 on node008 (pshm node  0 of 16, process   7 of 192, pid=315)
UPCR: UPC thread   5 of 192 on node008 (pshm node  0 of 16, process   5 of 192, pid=313)
UPCR: UPC thread   8 of 192 on node008 (pshm node  0 of 16, process   8 of 192, pid=316)
UPCR: UPC thread   6 of 192 on node008 (pshm node  0 of 16, process   6 of 192, pid=314)
UPCR: UPC thread  83 of 192 on node014 (pshm node  6 of 16, process  83 of 192, pid=29450)
UPCR: UPC thread  73 of 192 on node014 (pshm node  6 of 16, process  73 of 192, pid=29560)
UPCR: UPC thread  77 of 192 on node014 (pshm node  6 of 16, process  77 of 192, pid=29584)
UPCR: UPC thread  31 of 192 on node010 (pshm node  2 of 16, process  31 of 192, pid=3317)
UPCR: UPC thread 136 of 192 on node019 (pshm node 11 of 16, process 136 of 192, pid=28128)
UPCR: UPC thread  32 of 192 on node010 (pshm node  2 of 16, process  32 of 192, pid=3112)
UPCR: UPC thread  71 of 192 on node013 (pshm node  5 of 16, process  71 of 192, pid=16665)
UPCR: UPC thread 146 of 192 on node020 (pshm node 12 of 16, process 146 of 192, pid=23083)
UPCR: UPC thread  13 of 192 on node009 (pshm node  1 of 16, process  13 of 192, pid=21157)
UPCR: UPC thread  92 of 192 on node015 (pshm node  7 of 16, process  92 of 192, pid=26618)
UPCR: UPC thread 158 of 192 on node021 (pshm node 13 of 16, process 158 of 192, pid=3837)
UPCR: UPC thread  60 of 192 on node013 (pshm node  5 of 16, process  60 of 192, pid=16576)
UPCR: UPC thread 129 of 192 on node018 (pshm node 10 of 16, process 129 of 192, pid=13657)
UPCR: UPC thread 113 of 192 on node017 (pshm node  9 of 16, process 113 of 192, pid=8715)
UPCR: UPC thread 157 of 192 on node021 (pshm node 13 of 16, process 157 of 192, pid=3804)
UPCR: UPC thread  14 of 192 on node009 (pshm node  1 of 16, process  14 of 192, pid=21046)
UPCR: UPC thread  72 of 192 on node014 (pshm node  6 of 16, process  72 of 192, pid=29402)
UPCR: UPC thread  95 of 192 on node015 (pshm node  7 of 16, process  95 of 192, pid=26459)
UPCR: UPC thread 122 of 192 on node018 (pshm node 10 of 16, process 122 of 192, pid=13627)
UPCR: UPC thread  91 of 192 on node015 (pshm node  7 of 16, process  91 of 192, pid=26699)
UPCR: UPC thread 102 of 192 on node016 (pshm node  8 of 16, process 102 of 192, pid=22439)
UPCR: UPC thread  35 of 192 on node010 (pshm node  2 of 16, process  35 of 192, pid=3282)
UPCR: UPC thread  70 of 192 on node013 (pshm node  5 of 16, process  70 of 192, pid=16722)
UPCR: UPC thread  94 of 192 on node015 (pshm node  7 of 16, process  94 of 192, pid=26531)
UPCR: UPC thread 161 of 192 on node021 (pshm node 13 of 16, process 161 of 192, pid=3873)
UPCR: UPC thread 151 of 192 on node020 (pshm node 12 of 16, process 151 of 192, pid=22917)
UPCR: UPC thread  27 of 192 on node010 (pshm node  2 of 16, process  27 of 192, pid=3137)
UPCR: UPC thread 181 of 192 on node023 (pshm node 15 of 16, process 181 of 192, pid=5328)
UPCR: UPC thread  68 of 192 on node013 (pshm node  5 of 16, process  68 of 192, pid=16616)
UPCR: UPC thread  66 of 192 on node013 (pshm node  5 of 16, process  66 of 192, pid=16529)
UPCR: UPC thread  90 of 192 on node015 (pshm node  7 of 16, process  90 of 192, pid=26698)
UPCR: UPC thread  82 of 192 on node014 (pshm node  6 of 16, process  82 of 192, pid=29532)
UPCR: UPC thread  86 of 192 on node015 (pshm node  7 of 16, process  86 of 192, pid=26548)
UPCR: UPC thread  81 of 192 on node014 (pshm node  6 of 16, process  81 of 192, pid=29637)
UPCR: UPC thread  26 of 192 on node010 (pshm node  2 of 16, process  26 of 192, pid=3209)
UPCR: UPC thread 141 of 192 on node019 (pshm node 11 of 16, process 141 of 192, pid=28129)
UPCR: UPC thread  63 of 192 on node013 (pshm node  5 of 16, process  63 of 192, pid=16607)
UPCR: UPC thread 104 of 192 on node016 (pshm node  8 of 16, process 104 of 192, pid=22263)
UPCR: UPC thread 107 of 192 on node016 (pshm node  8 of 16, process 107 of 192, pid=22457)
UPCR: UPC thread 121 of 192 on node018 (pshm node 10 of 16, process 121 of 192, pid=13835)
UPCR: UPC thread 138 of 192 on node019 (pshm node 11 of 16, process 138 of 192, pid=28022)
UPCR: UPC thread  38 of 192 on node011 (pshm node  3 of 16, process  38 of 192, pid=2074)
UPCR: UPC thread 132 of 192 on node019 (pshm node 11 of 16, process 132 of 192, pid=28089)
UPCR: UPC thread 166 of 192 on node021 (pshm node 13 of 16, process 166 of 192, pid=3898)
UPCR: UPC thread 127 of 192 on node018 (pshm node 10 of 16, process 127 of 192, pid=13604)
UPCR: UPC thread  75 of 192 on node014 (pshm node  6 of 16, process  75 of 192, pid=29456)
UPCR: UPC thread  74 of 192 on node014 (pshm node  6 of 16, process  74 of 192, pid=29522)
UPCR: UPC thread 112 of 192 on node017 (pshm node  9 of 16, process 112 of 192, pid=8814)
UPCR: UPC thread  53 of 192 on node012 (pshm node  4 of 16, process  53 of 192, pid=2581)
UPCR: UPC thread  80 of 192 on node014 (pshm node  6 of 16, process  80 of 192, pid=29470)
UPCR: UPC thread 183 of 192 on node023 (pshm node 15 of 16, process 183 of 192, pid=5234)
UPCR: UPC thread  59 of 192 on node012 (pshm node  4 of 16, process  59 of 192, pid=2364)
UPCR: UPC thread  48 of 192 on node012 (pshm node  4 of 16, process  48 of 192, pid=2317)
UPCR: UPC thread 160 of 192 on node021 (pshm node 13 of 16, process 160 of 192, pid=3911)
UPCR: UPC thread  39 of 192 on node011 (pshm node  3 of 16, process  39 of 192, pid=2062)
UPCR: UPC thread 111 of 192 on node017 (pshm node  9 of 16, process 111 of 192, pid=8805)
UPCR: UPC thread  61 of 192 on node013 (pshm node  5 of 16, process  61 of 192, pid=16683)
UPCR: UPC thread  28 of 192 on node010 (pshm node  2 of 16, process  28 of 192, pid=3251)
UPCR: UPC thread  78 of 192 on node014 (pshm node  6 of 16, process  78 of 192, pid=29571)
UPCR: UPC thread  46 of 192 on node011 (pshm node  3 of 16, process  46 of 192, pid=1997)
UPCR: UPC thread 110 of 192 on node017 (pshm node  9 of 16, process 110 of 192, pid=8955)
UPCR: UPC thread 145 of 192 on node020 (pshm node 12 of 16, process 145 of 192, pid=23147)
UPCR: UPC thread 155 of 192 on node020 (pshm node 12 of 16, process 155 of 192, pid=22944)
UPCR: UPC thread  62 of 192 on node013 (pshm node  5 of 16, process  62 of 192, pid=16497)
UPCR: UPC thread 191 of 192 on node023 (pshm node 15 of 16, process 191 of 192, pid=5152)
UPCR: UPC thread  30 of 192 on node010 (pshm node  2 of 16, process  30 of 192, pid=3172)
UPCR: UPC thread 164 of 192 on node021 (pshm node 13 of 16, process 164 of 192, pid=3981)
UPCR: UPC thread  17 of 192 on node009 (pshm node  1 of 16, process  17 of 192, pid=21032)
UPCR: UPC thread  58 of 192 on node012 (pshm node  4 of 16, process  58 of 192, pid=2402)
UPCR: UPC thread 174 of 192 on node022 (pshm node 14 of 16, process 174 of 192, pid=17272)
UPCR: UPC thread 135 of 192 on node019 (pshm node 11 of 16, process 135 of 192, pid=28004)
UPCR: UPC thread  20 of 192 on node009 (pshm node  1 of 16, process  20 of 192, pid=20961)
UPCR: UPC thread  84 of 192 on node015 (pshm node  7 of 16, process  84 of 192, pid=26500)
UPCR: UPC thread  29 of 192 on node010 (pshm node  2 of 16, process  29 of 192, pid=3089)
UPCR: UPC thread 106 of 192 on node016 (pshm node  8 of 16, process 106 of 192, pid=22331)
UPCR: UPC thread 123 of 192 on node018 (pshm node 10 of 16, process 123 of 192, pid=13773)
UPCR: UPC thread  16 of 192 on node009 (pshm node  1 of 16, process  16 of 192, pid=21083)
UPCR: UPC thread 182 of 192 on node023 (pshm node 15 of 16, process 182 of 192, pid=5151)
UPCR: UPC thread  12 of 192 on node009 (pshm node  1 of 16, process  12 of 192, pid=21008)
UPCR: UPC thread  54 of 192 on node012 (pshm node  4 of 16, process  54 of 192, pid=2388)
UPCR: UPC thread 125 of 192 on node018 (pshm node 10 of 16, process 125 of 192, pid=13677)
UPCR: UPC thread 171 of 192 on node022 (pshm node 14 of 16, process 171 of 192, pid=17413)
UPCR: UPC thread 133 of 192 on node019 (pshm node 11 of 16, process 133 of 192, pid=28127)
UPCR: UPC thread 180 of 192 on node023 (pshm node 15 of 16, process 180 of 192, pid=5262)
UPCR: UPC thread 153 of 192 on node020 (pshm node 12 of 16, process 153 of 192, pid=23026)
UPCR: UPC thread 172 of 192 on node022 (pshm node 14 of 16, process 172 of 192, pid=17280)
UPCR: UPC thread 178 of 192 on node022 (pshm node 14 of 16, process 178 of 192, pid=17255)
UPCR: UPC thread  34 of 192 on node010 (pshm node  2 of 16, process  34 of 192, pid=3162)
UPCR: UPC thread 159 of 192 on node021 (pshm node 13 of 16, process 159 of 192, pid=3771)
UPCR: UPC thread  42 of 192 on node011 (pshm node  3 of 16, process  42 of 192, pid=1947)
UPCR: UPC thread  55 of 192 on node012 (pshm node  4 of 16, process  55 of 192, pid=2461)
UPCR: UPC thread  93 of 192 on node015 (pshm node  7 of 16, process  93 of 192, pid=26594)
UPCR: UPC thread 162 of 192 on node021 (pshm node 13 of 16, process 162 of 192, pid=3827)
UPCR: UPC thread 163 of 192 on node021 (pshm node 13 of 16, process 163 of 192, pid=3900)
UPCR: UPC thread  79 of 192 on node014 (pshm node  6 of 16, process  79 of 192, pid=29572)
UPCR: UPC thread 119 of 192 on node017 (pshm node  9 of 16, process 119 of 192, pid=8783)
UPCR: UPC thread 175 of 192 on node022 (pshm node 14 of 16, process 175 of 192, pid=17307)
UPCR: UPC thread  19 of 192 on node009 (pshm node  1 of 16, process  19 of 192, pid=21126)
UPCR: UPC thread 177 of 192 on node022 (pshm node 14 of 16, process 177 of 192, pid=17283)
UPCR: UPC thread 152 of 192 on node020 (pshm node 12 of 16, process 152 of 192, pid=23030)
UPCR: UPC thread 108 of 192 on node017 (pshm node  9 of 16, process 108 of 192, pid=8789)
UPCR: UPC thread 149 of 192 on node020 (pshm node 12 of 16, process 149 of 192, pid=22913)
UPCR: UPC thread 190 of 192 on node023 (pshm node 15 of 16, process 190 of 192, pid=5196)
UPCR: UPC thread 189 of 192 on node023 (pshm node 15 of 16, process 189 of 192, pid=5367)
UPCR: UPC thread 117 of 192 on node017 (pshm node  9 of 16, process 117 of 192, pid=8940)
UPCR: UPC thread  98 of 192 on node016 (pshm node  8 of 16, process  98 of 192, pid=22503)
UPCR: UPC thread  47 of 192 on node011 (pshm node  3 of 16, process  47 of 192, pid=1919)
UPCR: UPC thread 128 of 192 on node018 (pshm node 10 of 16, process 128 of 192, pid=13744)
UPCR: UPC thread  49 of 192 on node012 (pshm node  4 of 16, process  49 of 192, pid=2401)
UPCR: UPC thread 167 of 192 on node021 (pshm node 13 of 16, process 167 of 192, pid=3789)
UPCR: UPC thread 176 of 192 on node022 (pshm node 14 of 16, process 176 of 192, pid=17282)
UPCR: UPC thread  76 of 192 on node014 (pshm node  6 of 16, process  76 of 192, pid=29426)
UPCR: UPC thread  21 of 192 on node009 (pshm node  1 of 16, process  21 of 192, pid=21084)
UPCR: UPC thread 134 of 192 on node019 (pshm node 11 of 16, process 134 of 192, pid=28023)
UPCR: UPC thread 115 of 192 on node017 (pshm node  9 of 16, process 115 of 192, pid=8716)
UPCR: UPC thread 137 of 192 on node019 (pshm node 11 of 16, process 137 of 192, pid=28076)
UPCR: UPC thread  40 of 192 on node011 (pshm node  3 of 16, process  40 of 192, pid=1972)
UPCR: UPC thread  50 of 192 on node012 (pshm node  4 of 16, process  50 of 192, pid=2382)
UPCR: UPC thread  87 of 192 on node015 (pshm node  7 of 16, process  87 of 192, pid=26480)
UPCR: UPC thread 185 of 192 on node023 (pshm node 15 of 16, process 185 of 192, pid=5171)
UPCR: UPC thread 118 of 192 on node017 (pshm node  9 of 16, process 118 of 192, pid=8899)
UPCR: UPC thread 165 of 192 on node021 (pshm node 13 of 16, process 165 of 192, pid=3754)
UPCR: UPC thread 109 of 192 on node017 (pshm node  9 of 16, process 109 of 192, pid=8722)
UPCR: UPC thread 184 of 192 on node023 (pshm node 15 of 16, process 184 of 192, pid=5313)
UPCR: UPC thread  36 of 192 on node011 (pshm node  3 of 16, process  36 of 192, pid=1991)
UPCR: UPC thread  44 of 192 on node011 (pshm node  3 of 16, process  44 of 192, pid=2102)
UPCR: UPC thread 150 of 192 on node020 (pshm node 12 of 16, process 150 of 192, pid=22943)
UPCR: UPC thread  37 of 192 on node011 (pshm node  3 of 16, process  37 of 192, pid=2172)
UPCR: UPC thread 188 of 192 on node023 (pshm node 15 of 16, process 188 of 192, pid=5268)
UPCR: UPC thread  52 of 192 on node012 (pshm node  4 of 16, process  52 of 192, pid=2334)
UPCR: UPC thread 120 of 192 on node018 (pshm node 10 of 16, process 120 of 192, pid=13645)
UPCR: UPC thread 116 of 192 on node017 (pshm node  9 of 16, process 116 of 192, pid=8922)
UPCR: UPC thread 100 of 192 on node016 (pshm node  8 of 16, process 100 of 192, pid=22375)
UPCR: UPC thread 126 of 192 on node018 (pshm node 10 of 16, process 126 of 192, pid=13656)
UPCR: UPC thread  67 of 192 on node013 (pshm node  5 of 16, process  67 of 192, pid=16521)
UPCR: UPC thread  15 of 192 on node009 (pshm node  1 of 16, process  15 of 192, pid=21125)
UPCR: UPC thread 131 of 192 on node018 (pshm node 10 of 16, process 131 of 192, pid=13736)
UPCR: UPC thread  43 of 192 on node011 (pshm node  3 of 16, process  43 of 192, pid=2054)
UPCR: UPC thread 124 of 192 on node018 (pshm node 10 of 16, process 124 of 192, pid=13720)
UPCR: UPC thread  69 of 192 on node013 (pshm node  5 of 16, process  69 of 192, pid=16752)
UPCR: UPC thread  89 of 192 on node015 (pshm node  7 of 16, process  89 of 192, pid=26571)
UPCR: UPC thread  88 of 192 on node015 (pshm node  7 of 16, process  88 of 192, pid=26637)
UPCR: UPC thread 139 of 192 on node019 (pshm node 11 of 16, process 139 of 192, pid=28206)
UPCR: UPC thread  85 of 192 on node015 (pshm node  7 of 16, process  85 of 192, pid=26619)
UPCR: UPC thread  22 of 192 on node009 (pshm node  1 of 16, process  22 of 192, pid=21203)
UPCR: UPC thread 169 of 192 on node022 (pshm node 14 of 16, process 169 of 192, pid=17412)
UPCR: UPC thread  18 of 192 on node009 (pshm node  1 of 16, process  18 of 192, pid=20980)
UPCR: UPC thread 105 of 192 on node016 (pshm node  8 of 16, process 105 of 192, pid=22262)
UPCR: UPC thread 186 of 192 on node023 (pshm node 15 of 16, process 186 of 192, pid=5271)
UPCR: UPC thread  65 of 192 on node013 (pshm node  5 of 16, process  65 of 192, pid=16684)
UPCR: UPC thread 148 of 192 on node020 (pshm node 12 of 16, process 148 of 192, pid=23009)
UPCR: UPC thread  56 of 192 on node012 (pshm node  4 of 16, process  56 of 192, pid=2525)
UPCR: UPC thread 142 of 192 on node019 (pshm node 11 of 16, process 142 of 192, pid=28107)
UPCR: UPC thread  33 of 192 on node010 (pshm node  2 of 16, process  33 of 192, pid=3233)
UPCR: UPC thread 168 of 192 on node022 (pshm node 14 of 16, process 168 of 192, pid=17288)
UPCR: UPC thread 156 of 192 on node021 (pshm node 13 of 16, process 156 of 192, pid=3896)
UPCR: UPC thread 173 of 192 on node022 (pshm node 14 of 16, process 173 of 192, pid=17422)
UPCR: UPC thread  51 of 192 on node012 (pshm node  4 of 16, process  51 of 192, pid=2549)
UPCR: UPC thread  64 of 192 on node013 (pshm node  5 of 16, process  64 of 192, pid=16528)
UPCR: UPC thread 114 of 192 on node017 (pshm node  9 of 16, process 114 of 192, pid=8882)
UPCR: UPC thread  99 of 192 on node016 (pshm node  8 of 16, process  99 of 192, pid=22255)
UPCR: UPC thread 147 of 192 on node020 (pshm node 12 of 16, process 147 of 192, pid=23084)
UPCR: UPC thread 179 of 192 on node022 (pshm node 14 of 16, process 179 of 192, pid=17387)
UPCR: UPC thread 144 of 192 on node020 (pshm node 12 of 16, process 144 of 192, pid=23064)
UPCR: UPC thread  57 of 192 on node012 (pshm node  4 of 16, process  57 of 192, pid=2499)
UPCR: UPC thread 130 of 192 on node018 (pshm node 10 of 16, process 130 of 192, pid=13732)
UPCR: UPC thread  96 of 192 on node016 (pshm node  8 of 16, process  96 of 192, pid=22294)
UPCR: UPC thread 101 of 192 on node016 (pshm node  8 of 16, process 101 of 192, pid=22481)
UPCR: UPC thread 103 of 192 on node016 (pshm node  8 of 16, process 103 of 192, pid=22327)
UPCR: UPC thread  41 of 192 on node011 (pshm node  3 of 16, process  41 of 192, pid=2149)
UPCR: UPC thread 140 of 192 on node019 (pshm node 11 of 16, process 140 of 192, pid=28093)
UPCR: UPC thread  24 of 192 on node010 (pshm node  2 of 16, process  24 of 192, pid=3316)
UPCR: UPC thread  97 of 192 on node016 (pshm node  8 of 16, process  97 of 192, pid=22377)
UPCR: UPC thread  23 of 192 on node009 (pshm node  1 of 16, process  23 of 192, pid=21227)
UPCR: UPC thread  25 of 192 on node010 (pshm node  2 of 16, process  25 of 192, pid=3274)
UPCR: UPC thread 187 of 192 on node023 (pshm node 15 of 16, process 187 of 192, pid=5277)
UPCR: UPC thread 154 of 192 on node020 (pshm node 12 of 16, process 154 of 192, pid=23082)
UPCR: UPC thread 143 of 192 on node019 (pshm node 11 of 16, process 143 of 192, pid=28209)
UPCR: UPC thread  45 of 192 on node011 (pshm node  3 of 16, process  45 of 192, pid=2173)
UPCR: UPC thread 170 of 192 on node022 (pshm node 14 of 16, process 170 of 192, pid=17318)
Initializing models/anderson.8.4-rgs.bdd!
Vector size: 22
Bits per integer: 4
Number of BDD variables: 88
Loading initial states: 
Initial states loaded... 
Loading transition relations... 
22 integers per state, 4 bits per integer, 21 transition groups
BDD nodes:
Initial states: 88 BDD nodes
Transition 0: 789 BDD nodes
Transition 1: 114 BDD nodes
Transition 2: 32 BDD nodes
Transition 3: 847 BDD nodes
Transition 4: 209 BDD nodes
Transition 5: 33 BDD nodes
Transition 6: 847 BDD nodes
Transition 7: 209 BDD nodes
Transition 8: 33 BDD nodes
Transition 9: 767 BDD nodes
Transition 10: 709 BDD nodes
Transition 11: 709 BDD nodes
Transition 12: 709 BDD nodes
Transition 13: 114 BDD nodes
Transition 14: 32 BDD nodes
Transition 15: 156 BDD nodes
Transition 16: 156 BDD nodes
Transition 17: 156 BDD nodes
Transition 18: 33 BDD nodes
Transition 19: 33 BDD nodes
Transition 20: 33 BDD nodes
Level 1... done. 
Level 2... done. 
Level 3... done. 
Level 4... done. 
Level 5... done. 
Level 6... done. 
Level 7... done. 
Level 8... done. 
Level 9... done. 
Level 10... done. 
Level 11... done. 
Level 12... done. 
Level 13... done. 
Level 14... done. 
Level 15... done. 
Level 16... done. 
Level 17... done. 
Level 18... done. 
Level 19... done. 
Level 20... done. 
Level 21... done. 
Level 22... done. 
Level 23... done. 
Level 24... done. 
Level 25... done. 
Level 26... done. 
Level 27... done. 
Level 28... done. 
Level 29... done. 
Level 30... done. 
Level 31... done. 
Level 32... done. 
Level 33... done. 
Level 34... done. 
Level 35... done. 
Level 36... done. 
Level 37... done. 
Level 38... done. 
Level 39... done. 
Level 40... done. 
Level 41... done. 
Level 42... done. 
Level 43... done. 
Level 44... done. 
Level 45... done. 
Level 46... done. 
Level 47... done. 
Level 48... done. 
Level 49... done. 
Level 50... done. 
Level 51... done. 
Level 52... done. 
Level 53... done. 
Level 54... done. 
Level 55... done. 
Level 56... done. 
Level 57... done. 
Level 58... done. 
Level 59... done. 
Level 60... done. 
Level 61... done. 
Level 62... done. 
Level 63... done. 
Level 64... done. 
Level 65... done. 
Level 66... done. 
Level 67... done. 
Level 68... done. 
Level 69... done. 
Level 70... done. 
Level 71... done. 
Level 72... done. 
Level 73... done. 
Level 74... done. 
Level 75... done. 
Level 76... done. 
Level 77... done. 
Level 78... done. 
Level 79... done. 
Level 80... done. 
Level 81... done. 
Level 82... done. 
Level 83... done. 
Level 84... done. 
Level 85... done. 
Level 86... done. 
Level 87... done. 
Level 88... done. 
Level 89... done. 
Level 90... done. 
Level 91... done. 
Level 92... done. 
Level 93... done. 
Level 94... done. 
Level 95... done. 
Level 96... done. 
Level 97... done. 
Level 98... done. 
Level 99... done. 
Level 100... done. 
Level 101... done. 
Level 102... done. 
Level 103... done. 
Level 104... done. 
Level 105... done. 
Level 106... done. 
Level 107... done. 
Level 108... done. 
Level 109... done. 
Level 110... done. 
Level 111... done. 
Level 112... done. 
Level 113... done. 
Level 114... done. 
Level 115... done. 
Level 116... done. 
Level 117... done. 
Level 118... done. 
Level 119... done. 
Level 120... done. 
Level 121... done. 
Level 122... done. 
Level 123... done. 
Level 124... done. 
Level 125... done. 
Level 126... done. 
Level 127... done. 
Level 128... done. 
Level 129... done. 
Level 130... done. 
Level 131... done. 
Level 132... done. 
Level 133... done. 
Level 134... done. 
Level 135... done. 
Level 136... done. 
Level 137... done. 
Level 138... done. 
Level 139... done. 
Level 140... done. 
Level 141... done. 
Level 142... done. 
Level 143... done. 
Level 144... done. 
Level 145... done. 
Level 146... done. 
Level 147... done. 
Level 148... done. 
Level 149... done. 
Level 150... done. 
Level 151... done. 
Level 152... done. 
Level 153... done. 
Level 154... done. 
Level 155... done. 
Level 156... done. 
Level 157... done. 
Level 158... done. 
Level 159... done. 
Level 160... done. 
Level 161... done. 
Level 162... done. 
Level 163... done. 
Level 164... done. 
Level 165... done. 
Level 166... done. 
Level 167... done. 
Level 168... done. 
Level 169... done. 
Level 170... done. 
Level 171... done. 
Level 172... done. 
Level 173... done. 
Level 174... done. 
Level 175... done. 
Level 176... done. 
Level 177... done. 
Level 178... done. 
Level 179... done. 
Level 180... done. 
Level 181... done. 
Level 182... done. 
Level 183... done. 
Level 184... done. 
Level 185... done. 
Level 186... done. 
Level 187... done. 
Level 188... done. 
Level 189... done. 
Level 190... done. 
Level 191... done. 
Level 192... done. 
Level 193... done. 
Level 194... done. 
Level 195... done. 
Level 196... done. 
Level 197... done. 
Level 198... done. 
Level 199... done. 
Level 200... done. 
Level 201... done. 
Level 202... done. 
Level 203... done. 
Level 204... done. 
Level 205... done. 
Level 206... done. 
Level 207... done. 
Level 208... done. 
Level 209... done. 
Level 210... done. 
Level 211... done. 
Level 212... done. 
Level 213... done. 
Level 214... done. 
Level 215... done. 
Level 216... done. 
Level 217... done. 
Level 218... done. 
Level 219... done. 
Level 220... done. 
Level 221... done. 
Level 222... done. 
Level 223... done. 
Level 224... done. 
Level 225... done. 
Level 226... done. 
Level 227... done. 
Level 228... done. 
Level 229... done. 
Level 230... done. 
Level 231... done. 
Level 232... done. 
Level 233... done. 
Level 234... done. 
Level 235... done. 
Level 236... done. 
Level 237... done. 
Level 238... done. 
Level 239... done. 
Level 240... done. 
Level 241... done. 
Level 242... done. 
Level 243... done. 
Level 244... done. 
Level 245... done. 
Level 246... done. 
PAR Time: 34.501482
Final states: 538699029 states
Final states: 288013 BDD nodes
[1441390434.064787] [node008:32730:0]         sys.c:719  MXM  WARN  Conflicting CPU frequencies detected, using: 1393.97
