[1441405022.455279] [node001:2284 :0]         sys.c:719  MXM  WARN  Conflicting CPU frequencies detected, using: 1910.53
[1441405022.501443] [node001:2284 :0]         mxm.c:185  MXM  WARN  The 'ulimit -s' on the system is set to 'unlimited'. This may have negative performance implications. Please set the heap size to the default value (10240) 
[1441405022.451724] [node001:2285 :0]         sys.c:719  MXM  WARN  Conflicting CPU frequencies detected, using: 1910.53
[1441405022.501543] [node001:2285 :0]         mxm.c:185  MXM  WARN  The 'ulimit -s' on the system is set to 'unlimited'. This may have negative performance implications. Please set the heap size to the default value (10240) 
[1441405022.775292] [node004:6137 :0]         sys.c:719  MXM  WARN  Conflicting CPU frequencies detected, using: 1390.78
[1441405022.780352] [node004:6137 :0]         mxm.c:185  MXM  WARN  The 'ulimit -s' on the system is set to 'unlimited'. This may have negative performance implications. Please set the heap size to the default value (10240) 
[1441405022.819933] [node008:24647:0]         sys.c:719  MXM  WARN  Conflicting CPU frequencies detected, using: 1625.81
[1441405022.825893] [node008:24647:0]         mxm.c:185  MXM  WARN  The 'ulimit -s' on the system is set to 'unlimited'. This may have negative performance implications. Please set the heap size to the default value (10240) 
[1441405022.844752] [node012:22115:0]         sys.c:719  MXM  WARN  Conflicting CPU frequencies detected, using: 1380.00
[1441405022.850568] [node012:22115:0]         mxm.c:185  MXM  WARN  The 'ulimit -s' on the system is set to 'unlimited'. This may have negative performance implications. Please set the heap size to the default value (10240) 
[1441405022.802226] [node002:11284:0]         sys.c:719  MXM  WARN  Conflicting CPU frequencies detected, using: 1597.31
[1441405022.806041] [node002:11284:0]         mxm.c:185  MXM  WARN  The 'ulimit -s' on the system is set to 'unlimited'. This may have negative performance implications. Please set the heap size to the default value (10240) 
[1441405022.802509] [node002:11286:0]         sys.c:719  MXM  WARN  Conflicting CPU frequencies detected, using: 1597.31
[1441405022.806114] [node002:11286:0]         mxm.c:185  MXM  WARN  The 'ulimit -s' on the system is set to 'unlimited'. This may have negative performance implications. Please set the heap size to the default value (10240) 
[1441405022.826976] [node006:4454 :0]         sys.c:719  MXM  WARN  Conflicting CPU frequencies detected, using: 1698.75
[1441405022.830687] [node006:4454 :0]         mxm.c:185  MXM  WARN  The 'ulimit -s' on the system is set to 'unlimited'. This may have negative performance implications. Please set the heap size to the default value (10240) 
[1441405022.828612] [node006:4458 :0]         sys.c:719  MXM  WARN  Conflicting CPU frequencies detected, using: 1698.75
[1441405022.831877] [node006:4458 :0]         mxm.c:185  MXM  WARN  The 'ulimit -s' on the system is set to 'unlimited'. This may have negative performance implications. Please set the heap size to the default value (10240) 
[1441405022.887039] [node019:15443:0]         sys.c:719  MXM  WARN  Conflicting CPU frequencies detected, using: 1497.47
[1441405022.890959] [node019:15443:0]         mxm.c:185  MXM  WARN  The 'ulimit -s' on the system is set to 'unlimited'. This may have negative performance implications. Please set the heap size to the default value (10240) 
[1441405022.955831] [node003:8982 :0]         sys.c:719  MXM  WARN  Conflicting CPU frequencies detected, using: 1290.38
[1441405022.959562] [node003:8982 :0]         mxm.c:185  MXM  WARN  The 'ulimit -s' on the system is set to 'unlimited'. This may have negative performance implications. Please set the heap size to the default value (10240) 
[1441405022.956421] [node018:917  :0]         sys.c:719  MXM  WARN  Conflicting CPU frequencies detected, using: 1581.94
[1441405022.962464] [node018:917  :0]         mxm.c:185  MXM  WARN  The 'ulimit -s' on the system is set to 'unlimited'. This may have negative performance implications. Please set the heap size to the default value (10240) 
[1441405022.968882] [node015:13850:0]         sys.c:719  MXM  WARN  Conflicting CPU frequencies detected, using: 1500.00
[1441405022.974904] [node015:13850:0]         mxm.c:185  MXM  WARN  The 'ulimit -s' on the system is set to 'unlimited'. This may have negative performance implications. Please set the heap size to the default value (10240) 
[1441405022.974491] [node005:6009 :0]         sys.c:719  MXM  WARN  Conflicting CPU frequencies detected, using: 1400.16
[1441405022.980168] [node005:6009 :0]         mxm.c:185  MXM  WARN  The 'ulimit -s' on the system is set to 'unlimited'. This may have negative performance implications. Please set the heap size to the default value (10240) 
[1441405023.033707] [node003:9005 :0]         sys.c:719  MXM  WARN  Conflicting CPU frequencies detected, using: 1499.81
[1441405023.037218] [node003:9005 :0]         mxm.c:185  MXM  WARN  The 'ulimit -s' on the system is set to 'unlimited'. This may have negative performance implications. Please set the heap size to the default value (10240) 
[1441405023.102484] [node015:13874:0]         sys.c:719  MXM  WARN  Conflicting CPU frequencies detected, using: 1397.34
[1441405023.108412] [node015:13874:0]         mxm.c:185  MXM  WARN  The 'ulimit -s' on the system is set to 'unlimited'. This may have negative performance implications. Please set the heap size to the default value (10240) 
[1441405023.135680] [node034:26279:0]         sys.c:719  MXM  WARN  Conflicting CPU frequencies detected, using: 1390.12
[1441405023.141836] [node034:26279:0]         mxm.c:185  MXM  WARN  The 'ulimit -s' on the system is set to 'unlimited'. This may have negative performance implications. Please set the heap size to the default value (10240) 
[1441405023.177941] [node039:23880:0]         sys.c:719  MXM  WARN  Conflicting CPU frequencies detected, using: 1500.00
[1441405023.183606] [node039:23880:0]         mxm.c:185  MXM  WARN  The 'ulimit -s' on the system is set to 'unlimited'. This may have negative performance implications. Please set the heap size to the default value (10240) 
[1441405023.177992] [node013:3938 :0]         sys.c:719  MXM  WARN  Conflicting CPU frequencies detected, using: 1355.62
[1441405023.184138] [node013:3938 :0]         mxm.c:185  MXM  WARN  The 'ulimit -s' on the system is set to 'unlimited'. This may have negative performance implications. Please set the heap size to the default value (10240) 
[1441405023.165709] [node028:15699:0]         sys.c:719  MXM  WARN  Conflicting CPU frequencies detected, using: 1847.16
[1441405023.169137] [node028:15699:0]         mxm.c:185  MXM  WARN  The 'ulimit -s' on the system is set to 'unlimited'. This may have negative performance implications. Please set the heap size to the default value (10240) 
[1441405023.194854] [node022:3438 :0]         sys.c:719  MXM  WARN  Conflicting CPU frequencies detected, using: 1399.69
[1441405023.200789] [node022:3438 :0]         mxm.c:185  MXM  WARN  The 'ulimit -s' on the system is set to 'unlimited'. This may have negative performance implications. Please set the heap size to the default value (10240) 
[1441405023.198640] [node046:16265:0]         sys.c:719  MXM  WARN  Conflicting CPU frequencies detected, using: 1436.53
[1441405023.202331] [node046:16265:0]         mxm.c:185  MXM  WARN  The 'ulimit -s' on the system is set to 'unlimited'. This may have negative performance implications. Please set the heap size to the default value (10240) 
[1441405023.159497] [node008:24671:0]         sys.c:719  MXM  WARN  Conflicting CPU frequencies detected, using: 1779.28
[1441405023.165496] [node008:24671:0]         mxm.c:185  MXM  WARN  The 'ulimit -s' on the system is set to 'unlimited'. This may have negative performance implications. Please set the heap size to the default value (10240) 
[1441405023.167257] [node016:9837 :0]         sys.c:719  MXM  WARN  Conflicting CPU frequencies detected, using: 1652.44
[1441405023.171264] [node016:9837 :0]         mxm.c:185  MXM  WARN  The 'ulimit -s' on the system is set to 'unlimited'. This may have negative performance implications. Please set the heap size to the default value (10240) 
[1441405023.178926] [node019:15467:0]         sys.c:719  MXM  WARN  Conflicting CPU frequencies detected, using: 1491.19
[1441405023.182474] [node019:15467:0]         mxm.c:185  MXM  WARN  The 'ulimit -s' on the system is set to 'unlimited'. This may have negative performance implications. Please set the heap size to the default value (10240) 
[1441405023.170997] [node049:2632 :0]         sys.c:719  MXM  WARN  Conflicting CPU frequencies detected, using: 1497.84
[1441405023.174759] [node049:2632 :0]         mxm.c:185  MXM  WARN  The 'ulimit -s' on the system is set to 'unlimited'. This may have negative performance implications. Please set the heap size to the default value (10240) 
[1441405023.182105] [node032:29028:0]         sys.c:719  MXM  WARN  Conflicting CPU frequencies detected, using: 1697.72
[1441405023.186828] [node032:29028:0]         mxm.c:185  MXM  WARN  The 'ulimit -s' on the system is set to 'unlimited'. This may have negative performance implications. Please set the heap size to the default value (10240) 
[1441405023.176468] [node032:29020:0]         sys.c:719  MXM  WARN  Conflicting CPU frequencies detected, using: 1697.72
[1441405023.181824] [node032:29020:0]         mxm.c:185  MXM  WARN  The 'ulimit -s' on the system is set to 'unlimited'. This may have negative performance implications. Please set the heap size to the default value (10240) 
[1441405023.173809] [node033:30361:0]         sys.c:719  MXM  WARN  Conflicting CPU frequencies detected, using: 1693.22
[1441405023.179842] [node033:30361:0]         mxm.c:185  MXM  WARN  The 'ulimit -s' on the system is set to 'unlimited'. This may have negative performance implications. Please set the heap size to the default value (10240) 
[1441405023.200260] [node029:1047 :0]         sys.c:719  MXM  WARN  Conflicting CPU frequencies detected, using: 1585.03
[1441405023.204024] [node029:1047 :0]         mxm.c:185  MXM  WARN  The 'ulimit -s' on the system is set to 'unlimited'. This may have negative performance implications. Please set the heap size to the default value (10240) 
[1441405023.192483] [node052:18609:0]         sys.c:719  MXM  WARN  Conflicting CPU frequencies detected, using: 1696.88
[1441405023.195982] [node052:18609:0]         mxm.c:185  MXM  WARN  The 'ulimit -s' on the system is set to 'unlimited'. This may have negative performance implications. Please set the heap size to the default value (10240) 
[1441405023.235956] [node020:9114 :0]         sys.c:719  MXM  WARN  Conflicting CPU frequencies detected, using: 1399.78
[1441405023.241813] [node020:9114 :0]         mxm.c:185  MXM  WARN  The 'ulimit -s' on the system is set to 'unlimited'. This may have negative performance implications. Please set the heap size to the default value (10240) 
[1441405023.211305] [node035:27223:0]         sys.c:719  MXM  WARN  Conflicting CPU frequencies detected, using: 1573.50
[1441405023.214708] [node035:27223:0]         mxm.c:185  MXM  WARN  The 'ulimit -s' on the system is set to 'unlimited'. This may have negative performance implications. Please set the heap size to the default value (10240) 
[1441405023.213958] [node012:22139:0]         sys.c:719  MXM  WARN  Conflicting CPU frequencies detected, using: 1606.59
[1441405023.219588] [node012:22139:0]         mxm.c:185  MXM  WARN  The 'ulimit -s' on the system is set to 'unlimited'. This may have negative performance implications. Please set the heap size to the default value (10240) 
[1441405023.215203] [node025:23690:0]         sys.c:719  MXM  WARN  Conflicting CPU frequencies detected, using: 1576.97
[1441405023.218869] [node025:23690:0]         mxm.c:185  MXM  WARN  The 'ulimit -s' on the system is set to 'unlimited'. This may have negative performance implications. Please set the heap size to the default value (10240) 
[1441405023.263152] [node009:8436 :0]         sys.c:719  MXM  WARN  Conflicting CPU frequencies detected, using: 1699.97
[1441405023.270742] [node009:8436 :0]         mxm.c:185  MXM  WARN  The 'ulimit -s' on the system is set to 'unlimited'. This may have negative performance implications. Please set the heap size to the default value (10240) 
[1441405023.263152] [node009:8433 :0]         sys.c:719  MXM  WARN  Conflicting CPU frequencies detected, using: 1699.97
[1441405023.271474] [node009:8433 :0]         mxm.c:185  MXM  WARN  The 'ulimit -s' on the system is set to 'unlimited'. This may have negative performance implications. Please set the heap size to the default value (10240) 
[1441405023.269629] [node017:28483:0]         sys.c:719  MXM  WARN  Conflicting CPU frequencies detected, using: 1494.75
[1441405023.275810] [node017:28483:0]         mxm.c:185  MXM  WARN  The 'ulimit -s' on the system is set to 'unlimited'. This may have negative performance implications. Please set the heap size to the default value (10240) 
[1441405023.233307] [node039:23900:0]         sys.c:719  MXM  WARN  Conflicting CPU frequencies detected, using: 1597.50
[1441405023.238540] [node039:23900:0]         mxm.c:185  MXM  WARN  The 'ulimit -s' on the system is set to 'unlimited'. This may have negative performance implications. Please set the heap size to the default value (10240) 
[1441405023.238546] [node007:9812 :0]         sys.c:719  MXM  WARN  Conflicting CPU frequencies detected, using: 1541.44
[1441405023.241960] [node007:9812 :0]         mxm.c:185  MXM  WARN  The 'ulimit -s' on the system is set to 'unlimited'. This may have negative performance implications. Please set the heap size to the default value (10240) 
[1441405023.275701] [node053:17719:0]         sys.c:719  MXM  WARN  Conflicting CPU frequencies detected, using: 1472.91
[1441405023.281297] [node053:17719:0]         mxm.c:185  MXM  WARN  The 'ulimit -s' on the system is set to 'unlimited'. This may have negative performance implications. Please set the heap size to the default value (10240) 
[1441405023.241496] [node028:15722:0]         sys.c:719  MXM  WARN  Conflicting CPU frequencies detected, using: 1476.19
[1441405023.244969] [node028:15722:0]         mxm.c:185  MXM  WARN  The 'ulimit -s' on the system is set to 'unlimited'. This may have negative performance implications. Please set the heap size to the default value (10240) 
[1441405023.249788] [node029:1069 :0]         sys.c:719  MXM  WARN  Conflicting CPU frequencies detected, using: 1495.50
[1441405023.253078] [node029:1069 :0]         mxm.c:185  MXM  WARN  The 'ulimit -s' on the system is set to 'unlimited'. This may have negative performance implications. Please set the heap size to the default value (10240) 
[1441405023.233511] [node023:23710:0]         sys.c:719  MXM  WARN  Conflicting CPU frequencies detected, using: 1499.81
[1441405023.238685] [node023:23710:0]         mxm.c:185  MXM  WARN  The 'ulimit -s' on the system is set to 'unlimited'. This may have negative performance implications. Please set the heap size to the default value (10240) 
[1441405023.282341] [node031:30325:0]         sys.c:719  MXM  WARN  Conflicting CPU frequencies detected, using: 1499.91
[1441405023.288418] [node031:30325:0]         mxm.c:185  MXM  WARN  The 'ulimit -s' on the system is set to 'unlimited'. This may have negative performance implications. Please set the heap size to the default value (10240) 
[1441405023.253838] [node016:9860 :0]         sys.c:719  MXM  WARN  Conflicting CPU frequencies detected, using: 1637.81
[1441405023.258012] [node016:9860 :0]         mxm.c:185  MXM  WARN  The 'ulimit -s' on the system is set to 'unlimited'. This may have negative performance implications. Please set the heap size to the default value (10240) 
[1441405023.284537] [node068:10748:0]         sys.c:719  MXM  WARN  Conflicting CPU frequencies detected, using: 1599.28
[1441405023.290803] [node068:10748:0]         mxm.c:185  MXM  WARN  The 'ulimit -s' on the system is set to 'unlimited'. This may have negative performance implications. Please set the heap size to the default value (10240) 
[1441405023.263669] [node035:27242:0]         sys.c:719  MXM  WARN  Conflicting CPU frequencies detected, using: 1700.06
[1441405023.267108] [node035:27242:0]         mxm.c:185  MXM  WARN  The 'ulimit -s' on the system is set to 'unlimited'. This may have negative performance implications. Please set the heap size to the default value (10240) 
[1441405023.292446] [node060:4320 :0]         sys.c:719  MXM  WARN  Conflicting CPU frequencies detected, using: 1299.75
[1441405023.296742] [node060:4320 :0]         mxm.c:185  MXM  WARN  The 'ulimit -s' on the system is set to 'unlimited'. This may have negative performance implications. Please set the heap size to the default value (10240) 
[1441405023.261077] [node023:23727:0]         sys.c:719  MXM  WARN  Conflicting CPU frequencies detected, using: 1692.28
[1441405023.266403] [node023:23727:0]         mxm.c:185  MXM  WARN  The 'ulimit -s' on the system is set to 'unlimited'. This may have negative performance implications. Please set the heap size to the default value (10240) 
[1441405023.293650] [node044:16446:0]         sys.c:719  MXM  WARN  Conflicting CPU frequencies detected, using: 1498.88
[1441405023.298753] [node044:16446:0]         mxm.c:185  MXM  WARN  The 'ulimit -s' on the system is set to 'unlimited'. This may have negative performance implications. Please set the heap size to the default value (10240) 
[1441405023.273696] [node052:18632:0]         sys.c:719  MXM  WARN  Conflicting CPU frequencies detected, using: 1899.09
[1441405023.277461] [node052:18632:0]         mxm.c:185  MXM  WARN  The 'ulimit -s' on the system is set to 'unlimited'. This may have negative performance implications. Please set the heap size to the default value (10240) 
[1441405023.298483] [node066:28529:0]         sys.c:719  MXM  WARN  Conflicting CPU frequencies detected, using: 1311.47
[1441405023.304861] [node066:28529:0]         mxm.c:185  MXM  WARN  The 'ulimit -s' on the system is set to 'unlimited'. This may have negative performance implications. Please set the heap size to the default value (10240) 
[1441405023.268323] [node010:22789:0]         sys.c:719  MXM  WARN  Conflicting CPU frequencies detected, using: 1678.97
[1441405023.271979] [node010:22789:0]         mxm.c:185  MXM  WARN  The 'ulimit -s' on the system is set to 'unlimited'. This may have negative performance implications. Please set the heap size to the default value (10240) 
[1441405023.287684] [node007:9833 :0]         sys.c:719  MXM  WARN  Conflicting CPU frequencies detected, using: 1799.53
[1441405023.291138] [node007:9833 :0]         mxm.c:185  MXM  WARN  The 'ulimit -s' on the system is set to 'unlimited'. This may have negative performance implications. Please set the heap size to the default value (10240) 
[1441405023.311664] [node034:26303:0]         sys.c:719  MXM  WARN  Conflicting CPU frequencies detected, using: 1395.56
[1441405023.317268] [node034:26303:0]         mxm.c:185  MXM  WARN  The 'ulimit -s' on the system is set to 'unlimited'. This may have negative performance implications. Please set the heap size to the default value (10240) 
[1441405023.268682] [node013:3961 :0]         sys.c:719  MXM  WARN  Conflicting CPU frequencies detected, using: 1599.94
[1441405023.274512] [node013:3961 :0]         mxm.c:185  MXM  WARN  The 'ulimit -s' on the system is set to 'unlimited'. This may have negative performance implications. Please set the heap size to the default value (10240) 
[1441405023.276446] [node027:9529 :0]         sys.c:719  MXM  WARN  Conflicting CPU frequencies detected, using: 1481.91
[1441405023.280127] [node027:9529 :0]         mxm.c:185  MXM  WARN  The 'ulimit -s' on the system is set to 'unlimited'. This may have negative performance implications. Please set the heap size to the default value (10240) 
[1441405023.271893] [node040:23946:0]         sys.c:719  MXM  WARN  Conflicting CPU frequencies detected, using: 1998.09
[1441405023.277554] [node040:23946:0]         mxm.c:185  MXM  WARN  The 'ulimit -s' on the system is set to 'unlimited'. This may have negative performance implications. Please set the heap size to the default value (10240) 
[1441405023.319553] [node067:28531:0]         sys.c:719  MXM  WARN  Conflicting CPU frequencies detected, using: 1533.75
[1441405023.327618] [node067:28531:0]         mxm.c:185  MXM  WARN  The 'ulimit -s' on the system is set to 'unlimited'. This may have negative performance implications. Please set the heap size to the default value (10240) 
[1441405023.279284] [node061:2148 :0]         sys.c:719  MXM  WARN  Conflicting CPU frequencies detected, using: 1499.91
[1441405023.283010] [node061:2148 :0]         mxm.c:185  MXM  WARN  The 'ulimit -s' on the system is set to 'unlimited'. This may have negative performance implications. Please set the heap size to the default value (10240) 
[1441405023.321128] [node067:28537:0]         sys.c:719  MXM  WARN  Conflicting CPU frequencies detected, using: 1533.75
[1441405023.328435] [node067:28537:0]         mxm.c:185  MXM  WARN  The 'ulimit -s' on the system is set to 'unlimited'. This may have negative performance implications. Please set the heap size to the default value (10240) 
[1441405023.289048] [node065:30712:0]         sys.c:719  MXM  WARN  Conflicting CPU frequencies detected, using: 1398.47
[1441405023.293348] [node065:30712:0]         mxm.c:185  MXM  WARN  The 'ulimit -s' on the system is set to 'unlimited'. This may have negative performance implications. Please set the heap size to the default value (10240) 
[1441405023.289541] [node058:31950:0]         sys.c:719  MXM  WARN  Conflicting CPU frequencies detected, using: 1497.75
[1441405023.293522] [node058:31950:0]         mxm.c:185  MXM  WARN  The 'ulimit -s' on the system is set to 'unlimited'. This may have negative performance implications. Please set the heap size to the default value (10240) 
[1441405023.289197] [node058:31951:0]         sys.c:719  MXM  WARN  Conflicting CPU frequencies detected, using: 1497.75
[1441405023.293033] [node058:31951:0]         mxm.c:185  MXM  WARN  The 'ulimit -s' on the system is set to 'unlimited'. This may have negative performance implications. Please set the heap size to the default value (10240) 
[1441405023.290707] [node030:4913 :0]         sys.c:719  MXM  WARN  Conflicting CPU frequencies detected, using: 1599.94
[1441405023.295550] [node030:4913 :0]         mxm.c:185  MXM  WARN  The 'ulimit -s' on the system is set to 'unlimited'. This may have negative performance implications. Please set the heap size to the default value (10240) 
[1441405023.303401] [node063:29928:0]         sys.c:719  MXM  WARN  Conflicting CPU frequencies detected, using: 1689.94
[1441405023.306746] [node063:29928:0]         mxm.c:185  MXM  WARN  The 'ulimit -s' on the system is set to 'unlimited'. This may have negative performance implications. Please set the heap size to the default value (10240) 
[1441405023.294668] [node018:941  :0]         sys.c:719  MXM  WARN  Conflicting CPU frequencies detected, using: 1491.09
[1441405023.300354] [node018:941  :0]         mxm.c:185  MXM  WARN  The 'ulimit -s' on the system is set to 'unlimited'. This may have negative performance implications. Please set the heap size to the default value (10240) 
[1441405023.299121] [node063:29918:0]         sys.c:719  MXM  WARN  Conflicting CPU frequencies detected, using: 1599.19
[1441405023.302460] [node063:29918:0]         mxm.c:185  MXM  WARN  The 'ulimit -s' on the system is set to 'unlimited'. This may have negative performance implications. Please set the heap size to the default value (10240) 
[1441405023.308453] [node024:9317 :0]         sys.c:719  MXM  WARN  Conflicting CPU frequencies detected, using: 1600.03
[1441405023.312024] [node024:9317 :0]         mxm.c:185  MXM  WARN  The 'ulimit -s' on the system is set to 'unlimited'. This may have negative performance implications. Please set the heap size to the default value (10240) 
[1441405023.303950] [node031:30342:0]         sys.c:719  MXM  WARN  Conflicting CPU frequencies detected, using: 1499.91
[1441405023.309421] [node031:30342:0]         mxm.c:185  MXM  WARN  The 'ulimit -s' on the system is set to 'unlimited'. This may have negative performance implications. Please set the heap size to the default value (10240) 
[1441405023.306738] [node048:4539 :0]         sys.c:719  MXM  WARN  Conflicting CPU frequencies detected, using: 1594.88
[1441405023.310439] [node048:4539 :0]         mxm.c:185  MXM  WARN  The 'ulimit -s' on the system is set to 'unlimited'. This may have negative performance implications. Please set the heap size to the default value (10240) 
[1441405023.302713] [node051:15729:0]         sys.c:719  MXM  WARN  Conflicting CPU frequencies detected, using: 1461.75
[1441405023.306584] [node051:15729:0]         mxm.c:185  MXM  WARN  The 'ulimit -s' on the system is set to 'unlimited'. This may have negative performance implications. Please set the heap size to the default value (10240) 
[1441405023.345364] [node038:23563:0]         sys.c:719  MXM  WARN  Conflicting CPU frequencies detected, using: 1599.94
[1441405023.350915] [node038:23563:0]         mxm.c:185  MXM  WARN  The 'ulimit -s' on the system is set to 'unlimited'. This may have negative performance implications. Please set the heap size to the default value (10240) 
[1441405023.306444] [node036:27744:0]         sys.c:719  MXM  WARN  Conflicting CPU frequencies detected, using: 1498.22
[1441405023.310166] [node036:27744:0]         mxm.c:185  MXM  WARN  The 'ulimit -s' on the system is set to 'unlimited'. This may have negative performance implications. Please set the heap size to the default value (10240) 
[1441405023.301053] [node041:24106:0]         sys.c:719  MXM  WARN  Conflicting CPU frequencies detected, using: 1647.66
[1441405023.306250] [node041:24106:0]         mxm.c:185  MXM  WARN  The 'ulimit -s' on the system is set to 'unlimited'. This may have negative performance implications. Please set the heap size to the default value (10240) 
[1441405023.311630] [node068:10765:0]         sys.c:719  MXM  WARN  Conflicting CPU frequencies detected, using: 1698.56
[1441405023.317834] [node068:10765:0]         mxm.c:185  MXM  WARN  The 'ulimit -s' on the system is set to 'unlimited'. This may have negative performance implications. Please set the heap size to the default value (10240) 
[1441405023.303259] [node043:18374:0]         sys.c:719  MXM  WARN  Conflicting CPU frequencies detected, using: 1698.56
[1441405023.308470] [node043:18374:0]         mxm.c:185  MXM  WARN  The 'ulimit -s' on the system is set to 'unlimited'. This may have negative performance implications. Please set the heap size to the default value (10240) 
[1441405023.329424] [node037:27338:0]         sys.c:719  MXM  WARN  Conflicting CPU frequencies detected, using: 1786.50
[1441405023.332693] [node037:27338:0]         mxm.c:185  MXM  WARN  The 'ulimit -s' on the system is set to 'unlimited'. This may have negative performance implications. Please set the heap size to the default value (10240) 
[1441405023.312459] [node022:3462 :0]         sys.c:719  MXM  WARN  Conflicting CPU frequencies detected, using: 1702.41
[1441405023.318316] [node022:3462 :0]         mxm.c:185  MXM  WARN  The 'ulimit -s' on the system is set to 'unlimited'. This may have negative performance implications. Please set the heap size to the default value (10240) 
[1441405023.315946] [node037:27326:0]         sys.c:719  MXM  WARN  Conflicting CPU frequencies detected, using: 1698.38
[1441405023.319387] [node037:27326:0]         mxm.c:185  MXM  WARN  The 'ulimit -s' on the system is set to 'unlimited'. This may have negative performance implications. Please set the heap size to the default value (10240) 
[1441405023.312003] [node014:16830:0]         sys.c:719  MXM  WARN  Conflicting CPU frequencies detected, using: 1482.66
[1441405023.315568] [node014:16830:0]         mxm.c:185  MXM  WARN  The 'ulimit -s' on the system is set to 'unlimited'. This may have negative performance implications. Please set the heap size to the default value (10240) 
[1441405023.340517] [node010:22812:0]         sys.c:719  MXM  WARN  Conflicting CPU frequencies detected, using: 1890.09
[1441405023.343813] [node010:22812:0]         mxm.c:185  MXM  WARN  The 'ulimit -s' on the system is set to 'unlimited'. This may have negative performance implications. Please set the heap size to the default value (10240) 
[1441405023.318471] [node057:32470:0]         sys.c:719  MXM  WARN  Conflicting CPU frequencies detected, using: 1564.03
[1441405023.322485] [node057:32470:0]         mxm.c:185  MXM  WARN  The 'ulimit -s' on the system is set to 'unlimited'. This may have negative performance implications. Please set the heap size to the default value (10240) 
[1441405023.313189] [node011:21772:0]         sys.c:719  MXM  WARN  Conflicting CPU frequencies detected, using: 1500.09
[1441405023.318655] [node011:21772:0]         mxm.c:185  MXM  WARN  The 'ulimit -s' on the system is set to 'unlimited'. This may have negative performance implications. Please set the heap size to the default value (10240) 
[1441405023.360624] [node055:6328 :0]         sys.c:719  MXM  WARN  Conflicting CPU frequencies detected, using: 1680.19
[1441405023.368151] [node055:6328 :0]         mxm.c:185  MXM  WARN  The 'ulimit -s' on the system is set to 'unlimited'. This may have negative performance implications. Please set the heap size to the default value (10240) 
[1441405023.360733] [node055:6327 :0]         sys.c:719  MXM  WARN  Conflicting CPU frequencies detected, using: 1680.19
[1441405023.368934] [node055:6327 :0]         mxm.c:185  MXM  WARN  The 'ulimit -s' on the system is set to 'unlimited'. This may have negative performance implications. Please set the heap size to the default value (10240) 
[1441405023.342474] [node036:27761:0]         sys.c:719  MXM  WARN  Conflicting CPU frequencies detected, using: 1598.44
[1441405023.346208] [node036:27761:0]         mxm.c:185  MXM  WARN  The 'ulimit -s' on the system is set to 'unlimited'. This may have negative performance implications. Please set the heap size to the default value (10240) 
[1441405023.330456] [node017:28504:0]         sys.c:719  MXM  WARN  Conflicting CPU frequencies detected, using: 1598.81
[1441405023.336442] [node017:28504:0]         mxm.c:185  MXM  WARN  The 'ulimit -s' on the system is set to 'unlimited'. This may have negative performance implications. Please set the heap size to the default value (10240) 
[1441405023.367275] [node054:5389 :0]         sys.c:719  MXM  WARN  Conflicting CPU frequencies detected, using: 1500.09
[1441405023.375156] [node054:5389 :0]         mxm.c:185  MXM  WARN  The 'ulimit -s' on the system is set to 'unlimited'. This may have negative performance implications. Please set the heap size to the default value (10240) 
[1441405023.367542] [node054:5379 :0]         sys.c:719  MXM  WARN  Conflicting CPU frequencies detected, using: 1500.09
[1441405023.375940] [node054:5379 :0]         mxm.c:185  MXM  WARN  The 'ulimit -s' on the system is set to 'unlimited'. This may have negative performance implications. Please set the heap size to the default value (10240) 
[1441405023.348138] [node014:16847:0]         sys.c:719  MXM  WARN  Conflicting CPU frequencies detected, using: 1584.00
[1441405023.351674] [node014:16847:0]         mxm.c:185  MXM  WARN  The 'ulimit -s' on the system is set to 'unlimited'. This may have negative performance implications. Please set the heap size to the default value (10240) 
[1441405023.347008] [node057:32487:0]         sys.c:719  MXM  WARN  Conflicting CPU frequencies detected, using: 1595.81
[1441405023.352073] [node057:32487:0]         mxm.c:185  MXM  WARN  The 'ulimit -s' on the system is set to 'unlimited'. This may have negative performance implications. Please set the heap size to the default value (10240) 
[1441405023.341011] [node044:16463:0]         sys.c:719  MXM  WARN  Conflicting CPU frequencies detected, using: 1698.75
[1441405023.346640] [node044:16463:0]         mxm.c:185  MXM  WARN  The 'ulimit -s' on the system is set to 'unlimited'. This may have negative performance implications. Please set the heap size to the default value (10240) 
[1441405023.338203] [node005:6033 :0]         sys.c:719  MXM  WARN  Conflicting CPU frequencies detected, using: 1495.12
[1441405023.341856] [node005:6033 :0]         mxm.c:185  MXM  WARN  The 'ulimit -s' on the system is set to 'unlimited'. This may have negative performance implications. Please set the heap size to the default value (10240) 
[1441405023.350563] [node011:21789:0]         sys.c:719  MXM  WARN  Conflicting CPU frequencies detected, using: 1699.97
[1441405023.355814] [node011:21789:0]         mxm.c:185  MXM  WARN  The 'ulimit -s' on the system is set to 'unlimited'. This may have negative performance implications. Please set the heap size to the default value (10240) 
[1441405023.342824] [node020:9138 :0]         sys.c:719  MXM  WARN  Conflicting CPU frequencies detected, using: 1786.97
[1441405023.348312] [node020:9138 :0]         mxm.c:185  MXM  WARN  The 'ulimit -s' on the system is set to 'unlimited'. This may have negative performance implications. Please set the heap size to the default value (10240) 
[1441405023.343620] [node042:18741:0]         sys.c:719  MXM  WARN  Conflicting CPU frequencies detected, using: 1896.75
[1441405023.348546] [node042:18741:0]         mxm.c:185  MXM  WARN  The 'ulimit -s' on the system is set to 'unlimited'. This may have negative performance implications. Please set the heap size to the default value (10240) 
[1441405023.351462] [node065:30733:0]         sys.c:719  MXM  WARN  Conflicting CPU frequencies detected, using: 1496.91
[1441405023.355725] [node065:30733:0]         mxm.c:185  MXM  WARN  The 'ulimit -s' on the system is set to 'unlimited'. This may have negative performance implications. Please set the heap size to the default value (10240) 
[1441405023.344417] [node004:6161 :0]         sys.c:719  MXM  WARN  Conflicting CPU frequencies detected, using: 1398.00
[1441405023.348074] [node004:6161 :0]         mxm.c:185  MXM  WARN  The 'ulimit -s' on the system is set to 'unlimited'. This may have negative performance implications. Please set the heap size to the default value (10240) 
[1441405023.356614] [node048:4560 :0]         sys.c:719  MXM  WARN  Conflicting CPU frequencies detected, using: 1689.94
[1441405023.359993] [node048:4560 :0]         mxm.c:185  MXM  WARN  The 'ulimit -s' on the system is set to 'unlimited'. This may have negative performance implications. Please set the heap size to the default value (10240) 
[1441405023.345104] [node049:2656 :0]         sys.c:719  MXM  WARN  Conflicting CPU frequencies detected, using: 1399.97
[1441405023.348862] [node049:2656 :0]         mxm.c:185  MXM  WARN  The 'ulimit -s' on the system is set to 'unlimited'. This may have negative performance implications. Please set the heap size to the default value (10240) 
[1441405023.346799] [node033:30385:0]         sys.c:719  MXM  WARN  Conflicting CPU frequencies detected, using: 1699.97
[1441405023.352200] [node033:30385:0]         mxm.c:185  MXM  WARN  The 'ulimit -s' on the system is set to 'unlimited'. This may have negative performance implications. Please set the heap size to the default value (10240) 
[1441405023.351966] [node060:4341 :0]         sys.c:719  MXM  WARN  Conflicting CPU frequencies detected, using: 1403.16
[1441405023.356046] [node060:4341 :0]         mxm.c:185  MXM  WARN  The 'ulimit -s' on the system is set to 'unlimited'. This may have negative performance implications. Please set the heap size to the default value (10240) 
[1441405023.345040] [node040:23969:0]         sys.c:719  MXM  WARN  Conflicting CPU frequencies detected, using: 1631.06
[1441405023.350420] [node040:23969:0]         mxm.c:185  MXM  WARN  The 'ulimit -s' on the system is set to 'unlimited'. This may have negative performance implications. Please set the heap size to the default value (10240) 
[1441405023.348299] [node025:23714:0]         sys.c:719  MXM  WARN  Conflicting CPU frequencies detected, using: 1434.66
[1441405023.352016] [node025:23714:0]         mxm.c:185  MXM  WARN  The 'ulimit -s' on the system is set to 'unlimited'. This may have negative performance implications. Please set the heap size to the default value (10240) 
[1441405023.337611] [node062:414  :0]         sys.c:719  MXM  WARN  Conflicting CPU frequencies detected, using: 1678.31
[1441405023.343431] [node062:414  :0]         mxm.c:185  MXM  WARN  The 'ulimit -s' on the system is set to 'unlimited'. This may have negative performance implications. Please set the heap size to the default value (10240) 
[1441405023.344666] [node053:17742:0]         sys.c:719  MXM  WARN  Conflicting CPU frequencies detected, using: 1492.31
[1441405023.350079] [node053:17742:0]         mxm.c:185  MXM  WARN  The 'ulimit -s' on the system is set to 'unlimited'. This may have negative performance implications. Please set the heap size to the default value (10240) 
[1441405023.352083] [node062:431  :0]         sys.c:719  MXM  WARN  Conflicting CPU frequencies detected, using: 1783.12
[1441405023.359869] [node062:431  :0]         mxm.c:185  MXM  WARN  The 'ulimit -s' on the system is set to 'unlimited'. This may have negative performance implications. Please set the heap size to the default value (10240) 
[1441405023.367132] [node024:9338 :0]         sys.c:719  MXM  WARN  Conflicting CPU frequencies detected, using: 1696.41
[1441405023.370813] [node024:9338 :0]         mxm.c:185  MXM  WARN  The 'ulimit -s' on the system is set to 'unlimited'. This may have negative performance implications. Please set the heap size to the default value (10240) 
[1441405023.356974] [node050:28138:0]         sys.c:719  MXM  WARN  Conflicting CPU frequencies detected, using: 1593.09
[1441405023.360516] [node050:28138:0]         mxm.c:185  MXM  WARN  The 'ulimit -s' on the system is set to 'unlimited'. This may have negative performance implications. Please set the heap size to the default value (10240) 
[1441405023.360642] [node030:4936 :0]         sys.c:719  MXM  WARN  Conflicting CPU frequencies detected, using: 1800.84
[1441405023.366561] [node030:4936 :0]         mxm.c:185  MXM  WARN  The 'ulimit -s' on the system is set to 'unlimited'. This may have negative performance implications. Please set the heap size to the default value (10240) 
[1441405023.355607] [node021:22290:0]         sys.c:719  MXM  WARN  Conflicting CPU frequencies detected, using: 1595.16
[1441405023.358839] [node021:22290:0]         mxm.c:185  MXM  WARN  The 'ulimit -s' on the system is set to 'unlimited'. This may have negative performance implications. Please set the heap size to the default value (10240) 
[1441405023.351466] [node064:29721:0]         sys.c:719  MXM  WARN  Conflicting CPU frequencies detected, using: 1596.75
[1441405023.357019] [node064:29721:0]         mxm.c:185  MXM  WARN  The 'ulimit -s' on the system is set to 'unlimited'. This may have negative performance implications. Please set the heap size to the default value (10240) 
[1441405023.348519] [node045:17787:0]         sys.c:719  MXM  WARN  Conflicting CPU frequencies detected, using: 1597.03
[1441405023.353425] [node045:17787:0]         mxm.c:185  MXM  WARN  The 'ulimit -s' on the system is set to 'unlimited'. This may have negative performance implications. Please set the heap size to the default value (10240) 
[1441405023.354653] [node021:22291:0]         sys.c:719  MXM  WARN  Conflicting CPU frequencies detected, using: 1595.16
[1441405023.358471] [node021:22291:0]         mxm.c:185  MXM  WARN  The 'ulimit -s' on the system is set to 'unlimited'. This may have negative performance implications. Please set the heap size to the default value (10240) 
[1441405023.369530] [node051:15752:0]         sys.c:719  MXM  WARN  Conflicting CPU frequencies detected, using: 1596.09
[1441405023.373036] [node051:15752:0]         mxm.c:185  MXM  WARN  The 'ulimit -s' on the system is set to 'unlimited'. This may have negative performance implications. Please set the heap size to the default value (10240) 
[1441405023.375399] [node042:18758:0]         sys.c:719  MXM  WARN  Conflicting CPU frequencies detected, using: 1896.75
[1441405023.380800] [node042:18758:0]         mxm.c:185  MXM  WARN  The 'ulimit -s' on the system is set to 'unlimited'. This may have negative performance implications. Please set the heap size to the default value (10240) 
[1441405023.353274] [node056:1922 :0]         sys.c:719  MXM  WARN  Conflicting CPU frequencies detected, using: 1699.97
[1441405023.361392] [node056:1922 :0]         mxm.c:185  MXM  WARN  The 'ulimit -s' on the system is set to 'unlimited'. This may have negative performance implications. Please set the heap size to the default value (10240) 
[1441405023.352391] [node056:1921 :0]         sys.c:719  MXM  WARN  Conflicting CPU frequencies detected, using: 1699.97
[1441405023.359525] [node056:1921 :0]         mxm.c:185  MXM  WARN  The 'ulimit -s' on the system is set to 'unlimited'. This may have negative performance implications. Please set the heap size to the default value (10240) 
[1441405023.374720] [node046:16289:0]         sys.c:719  MXM  WARN  Conflicting CPU frequencies detected, using: 1699.97
[1441405023.378305] [node046:16289:0]         mxm.c:185  MXM  WARN  The 'ulimit -s' on the system is set to 'unlimited'. This may have negative performance implications. Please set the heap size to the default value (10240) 
[1441405023.406431] [node066:28553:0]         sys.c:719  MXM  WARN  Conflicting CPU frequencies detected, using: 1493.62
[1441405023.413105] [node066:28553:0]         mxm.c:185  MXM  WARN  The 'ulimit -s' on the system is set to 'unlimited'. This may have negative performance implications. Please set the heap size to the default value (10240) 
[1441405023.373728] [node043:18397:0]         sys.c:719  MXM  WARN  Conflicting CPU frequencies detected, using: 1779.75
[1441405023.379822] [node043:18397:0]         mxm.c:185  MXM  WARN  The 'ulimit -s' on the system is set to 'unlimited'. This may have negative performance implications. Please set the heap size to the default value (10240) 
[1441405023.381770] [node050:28155:0]         sys.c:719  MXM  WARN  Conflicting CPU frequencies detected, using: 1687.03
[1441405023.384970] [node050:28155:0]         mxm.c:185  MXM  WARN  The 'ulimit -s' on the system is set to 'unlimited'. This may have negative performance implications. Please set the heap size to the default value (10240) 
[1441405023.376015] [node045:17804:0]         sys.c:719  MXM  WARN  Conflicting CPU frequencies detected, using: 1786.41
[1441405023.381988] [node045:17804:0]         mxm.c:185  MXM  WARN  The 'ulimit -s' on the system is set to 'unlimited'. This may have negative performance implications. Please set the heap size to the default value (10240) 
[1441405023.386667] [node041:24129:0]         sys.c:719  MXM  WARN  Conflicting CPU frequencies detected, using: 1676.62
[1441405023.391771] [node041:24129:0]         mxm.c:185  MXM  WARN  The 'ulimit -s' on the system is set to 'unlimited'. This may have negative performance implications. Please set the heap size to the default value (10240) 
[1441405023.384397] [node064:29738:0]         sys.c:719  MXM  WARN  Conflicting CPU frequencies detected, using: 1685.34
[1441405023.390805] [node064:29738:0]         mxm.c:185  MXM  WARN  The 'ulimit -s' on the system is set to 'unlimited'. This may have negative performance implications. Please set the heap size to the default value (10240) 
[1441405023.394605] [node061:2172 :0]         sys.c:719  MXM  WARN  Conflicting CPU frequencies detected, using: 1562.06
[1441405023.398147] [node061:2172 :0]         mxm.c:185  MXM  WARN  The 'ulimit -s' on the system is set to 'unlimited'. This may have negative performance implications. Please set the heap size to the default value (10240) 
[1441405023.398078] [node047:4349 :0]         sys.c:719  MXM  WARN  Conflicting CPU frequencies detected, using: 1693.97
[1441405023.401473] [node047:4349 :0]         mxm.c:185  MXM  WARN  The 'ulimit -s' on the system is set to 'unlimited'. This may have negative performance implications. Please set the heap size to the default value (10240) 
[1441405023.392911] [node038:23580:0]         sys.c:719  MXM  WARN  Conflicting CPU frequencies detected, using: 1599.94
[1441405023.398796] [node038:23580:0]         mxm.c:185  MXM  WARN  The 'ulimit -s' on the system is set to 'unlimited'. This may have negative performance implications. Please set the heap size to the default value (10240) 
[1441405023.394398] [node047:4343 :0]         sys.c:719  MXM  WARN  Conflicting CPU frequencies detected, using: 1693.97
[1441405023.398372] [node047:4343 :0]         mxm.c:185  MXM  WARN  The 'ulimit -s' on the system is set to 'unlimited'. This may have negative performance implications. Please set the heap size to the default value (10240) 
[1441405024.331849] [node027:9553 :0]         sys.c:719  MXM  WARN  Conflicting CPU frequencies detected, using: 1441.41
[1441405024.335583] [node027:9553 :0]         mxm.c:185  MXM  WARN  The 'ulimit -s' on the system is set to 'unlimited'. This may have negative performance implications. Please set the heap size to the default value (10240) 
UPCR: UPC thread   0 of 132 on node001 (pshm node  0 of 66, process   0 of 132, pid=2284)
UPCR: UPC thread   1 of 132 on node001 (pshm node  0 of 66, process   1 of 132, pid=2285)
UPCR: UPC thread  72 of 132 on node038 (pshm node 36 of 66, process  72 of 132, pid=23580)
UPCR: UPC thread  41 of 132 on node021 (pshm node 20 of 66, process  41 of 132, pid=22290)
UPCR: UPC thread  56 of 132 on node030 (pshm node 28 of 66, process  56 of 132, pid=4913)
UPCR: UPC thread  68 of 132 on node036 (pshm node 34 of 66, process  68 of 132, pid=27744)
UPCR: UPC thread  77 of 132 on node040 (pshm node 38 of 66, process  77 of 132, pid=23969)
UPCR: UPC thread 121 of 132 on node063 (pshm node 60 of 66, process 121 of 132, pid=29918)
UPCR: UPC thread 119 of 132 on node062 (pshm node 59 of 66, process 119 of 132, pid=431)
UPCR: UPC thread  49 of 132 on node025 (pshm node 24 of 66, process  49 of 132, pid=23714)
UPCR: UPC thread  17 of 132 on node009 (pshm node  8 of 66, process  17 of 132, pid=8436)
UPCR: UPC thread  69 of 132 on node036 (pshm node 34 of 66, process  69 of 132, pid=27761)
UPCR: UPC thread  44 of 132 on node023 (pshm node 22 of 66, process  44 of 132, pid=23710)
UPCR: UPC thread  60 of 132 on node032 (pshm node 30 of 66, process  60 of 132, pid=29020)
UPCR: UPC thread  65 of 132 on node034 (pshm node 32 of 66, process  65 of 132, pid=26279)
UPCR: UPC thread  61 of 132 on node032 (pshm node 30 of 66, process  61 of 132, pid=29028)
UPCR: UPC thread 129 of 132 on node067 (pshm node 64 of 66, process 129 of 132, pid=28531)
UPCR: UPC thread  52 of 132 on node028 (pshm node 26 of 66, process  52 of 132, pid=15722)
UPCR: UPC thread  29 of 132 on node015 (pshm node 14 of 66, process  29 of 132, pid=13874)
UPCR: UPC thread  40 of 132 on node021 (pshm node 20 of 66, process  40 of 132, pid=22291)
UPCR: UPC thread  76 of 132 on node040 (pshm node 38 of 66, process  76 of 132, pid=23946)
UPCR: UPC thread 117 of 132 on node061 (pshm node 58 of 66, process 117 of 132, pid=2148)
UPCR: UPC thread 112 of 132 on node058 (pshm node 56 of 66, process 112 of 132, pid=31950)
UPCR: UPC thread  45 of 132 on node023 (pshm node 22 of 66, process  45 of 132, pid=23727)
UPCR: UPC thread  33 of 132 on node017 (pshm node 16 of 66, process  33 of 132, pid=28504)
UPCR: UPC thread 118 of 132 on node062 (pshm node 59 of 66, process 118 of 132, pid=414)
UPCR: UPC thread  89 of 132 on node046 (pshm node 44 of 66, process  89 of 132, pid=16289)
UPCR: UPC thread  13 of 132 on node007 (pshm node  6 of 66, process  13 of 132, pid=9812)
UPCR: UPC thread  12 of 132 on node007 (pshm node  6 of 66, process  12 of 132, pid=9833)
UPCR: UPC thread  93 of 132 on node048 (pshm node 46 of 66, process  93 of 132, pid=4539)
UPCR: UPC thread 128 of 132 on node067 (pshm node 64 of 66, process 128 of 132, pid=28537)
UPCR: UPC thread  21 of 132 on node011 (pshm node 10 of 66, process  21 of 132, pid=21789)
UPCR: UPC thread  20 of 132 on node011 (pshm node 10 of 66, process  20 of 132, pid=21772)
UPCR: UPC thread  85 of 132 on node044 (pshm node 42 of 66, process  85 of 132, pid=16446)
UPCR: UPC thread  84 of 132 on node044 (pshm node 42 of 66, process  84 of 132, pid=16463)
UPCR: UPC thread 109 of 132 on node056 (pshm node 54 of 66, process 109 of 132, pid=1922)
UPCR: UPC thread  15 of 132 on node008 (pshm node  7 of 66, process  15 of 132, pid=24671)
UPCR: UPC thread  53 of 132 on node028 (pshm node 26 of 66, process  53 of 132, pid=15699)
UPCR: UPC thread  64 of 132 on node034 (pshm node 32 of 66, process  64 of 132, pid=26303)
UPCR: UPC thread 108 of 132 on node056 (pshm node 54 of 66, process 108 of 132, pid=1921)
UPCR: UPC thread 106 of 132 on node055 (pshm node 53 of 66, process 106 of 132, pid=6328)
UPCR: UPC thread  25 of 132 on node013 (pshm node 12 of 66, process  25 of 132, pid=3938)
UPCR: UPC thread 101 of 132 on node052 (pshm node 50 of 66, process 101 of 132, pid=18632)
UPCR: UPC thread  92 of 132 on node048 (pshm node 46 of 66, process  92 of 132, pid=4560)
UPCR: UPC thread 125 of 132 on node065 (pshm node 62 of 66, process 125 of 132, pid=30712)
UPCR: UPC thread 113 of 132 on node058 (pshm node 56 of 66, process 113 of 132, pid=31951)
UPCR: UPC thread   8 of 132 on node005 (pshm node  4 of 66, process   8 of 132, pid=6033)
UPCR: UPC thread 116 of 132 on node061 (pshm node 58 of 66, process 116 of 132, pid=2172)
UPCR: UPC thread   9 of 132 on node005 (pshm node  4 of 66, process   9 of 132, pid=6009)
UPCR: UPC thread  28 of 132 on node015 (pshm node 14 of 66, process  28 of 132, pid=13850)
UPCR: UPC thread  22 of 132 on node012 (pshm node 11 of 66, process  22 of 132, pid=22139)
UPCR: UPC thread  16 of 132 on node009 (pshm node  8 of 66, process  16 of 132, pid=8433)
UPCR: UPC thread  97 of 132 on node050 (pshm node 48 of 66, process  97 of 132, pid=28138)
UPCR: UPC thread  55 of 132 on node029 (pshm node 27 of 66, process  55 of 132, pid=1047)
UPCR: UPC thread 104 of 132 on node054 (pshm node 52 of 66, process 104 of 132, pid=5379)
UPCR: UPC thread  32 of 132 on node017 (pshm node 16 of 66, process  32 of 132, pid=28483)
UPCR: UPC thread 124 of 132 on node065 (pshm node 62 of 66, process 124 of 132, pid=30733)
UPCR: UPC thread  57 of 132 on node030 (pshm node 28 of 66, process  57 of 132, pid=4936)
UPCR: UPC thread  94 of 132 on node049 (pshm node 47 of 66, process  94 of 132, pid=2656)
UPCR: UPC thread  96 of 132 on node050 (pshm node 48 of 66, process  96 of 132, pid=28155)
UPCR: UPC thread   5 of 132 on node003 (pshm node  2 of 66, process   5 of 132, pid=9005)
UPCR: UPC thread  31 of 132 on node016 (pshm node 15 of 66, process  31 of 132, pid=9837)
UPCR: UPC thread  70 of 132 on node037 (pshm node 35 of 66, process  70 of 132, pid=27326)
UPCR: UPC thread  83 of 132 on node043 (pshm node 41 of 66, process  83 of 132, pid=18397)
UPCR: UPC thread 115 of 132 on node060 (pshm node 57 of 66, process 115 of 132, pid=4341)
UPCR: UPC thread  36 of 132 on node019 (pshm node 18 of 66, process  36 of 132, pid=15467)
UPCR: UPC thread 100 of 132 on node052 (pshm node 50 of 66, process 100 of 132, pid=18609)
UPCR: UPC thread 105 of 132 on node054 (pshm node 52 of 66, process 105 of 132, pid=5389)
UPCR: UPC thread  34 of 132 on node018 (pshm node 17 of 66, process  34 of 132, pid=917)
UPCR: UPC thread 130 of 132 on node068 (pshm node 65 of 66, process 130 of 132, pid=10748)
UPCR: UPC thread   4 of 132 on node003 (pshm node  2 of 66, process   4 of 132, pid=8982)
UPCR: UPC thread  71 of 132 on node037 (pshm node 35 of 66, process  71 of 132, pid=27338)
UPCR: UPC thread  81 of 132 on node042 (pshm node 40 of 66, process  81 of 132, pid=18741)
UPCR: UPC thread  91 of 132 on node047 (pshm node 45 of 66, process  91 of 132, pid=4343)
UPCR: UPC thread  18 of 132 on node010 (pshm node  9 of 66, process  18 of 132, pid=22789)
UPCR: UPC thread  88 of 132 on node046 (pshm node 44 of 66, process  88 of 132, pid=16265)
UPCR: UPC thread  95 of 132 on node049 (pshm node 47 of 66, process  95 of 132, pid=2632)
UPCR: UPC thread 120 of 132 on node063 (pshm node 60 of 66, process 120 of 132, pid=29928)
UPCR: UPC thread 127 of 132 on node066 (pshm node 63 of 66, process 127 of 132, pid=28529)
UPCR: UPC thread  79 of 132 on node041 (pshm node 39 of 66, process  79 of 132, pid=24129)
UPCR: UPC thread  37 of 132 on node019 (pshm node 18 of 66, process  37 of 132, pid=15443)
UPCR: UPC thread   2 of 132 on node002 (pshm node  1 of 66, process   2 of 132, pid=11284)
UPCR: UPC thread  90 of 132 on node047 (pshm node 45 of 66, process  90 of 132, pid=4349)
UPCR: UPC thread  14 of 132 on node008 (pshm node  7 of 66, process  14 of 132, pid=24647)
UPCR: UPC thread  23 of 132 on node012 (pshm node 11 of 66, process  23 of 132, pid=22115)
UPCR: UPC thread  35 of 132 on node018 (pshm node 17 of 66, process  35 of 132, pid=941)
UPCR: UPC thread  51 of 132 on node027 (pshm node 25 of 66, process  51 of 132, pid=9553)
UPCR: UPC thread  58 of 132 on node031 (pshm node 29 of 66, process  58 of 132, pid=30342)
UPCR: UPC thread  50 of 132 on node027 (pshm node 25 of 66, process  50 of 132, pid=9529)
UPCR: UPC thread  48 of 132 on node025 (pshm node 24 of 66, process  48 of 132, pid=23690)
UPCR: UPC thread 111 of 132 on node057 (pshm node 55 of 66, process 111 of 132, pid=32487)
UPCR: UPC thread  42 of 132 on node022 (pshm node 21 of 66, process  42 of 132, pid=3462)
UPCR: UPC thread  39 of 132 on node020 (pshm node 19 of 66, process  39 of 132, pid=9138)
UPCR: UPC thread  10 of 132 on node006 (pshm node  5 of 66, process  10 of 132, pid=4454)
UPCR: UPC thread 103 of 132 on node053 (pshm node 51 of 66, process 103 of 132, pid=17742)
UPCR: UPC thread  62 of 132 on node033 (pshm node 31 of 66, process  62 of 132, pid=30361)
UPCR: UPC thread  80 of 132 on node042 (pshm node 40 of 66, process  80 of 132, pid=18758)
UPCR: UPC thread  19 of 132 on node010 (pshm node  9 of 66, process  19 of 132, pid=22812)
UPCR: UPC thread  67 of 132 on node035 (pshm node 33 of 66, process  67 of 132, pid=27223)
UPCR: UPC thread  11 of 132 on node006 (pshm node  5 of 66, process  11 of 132, pid=4458)
UPCR: UPC thread  99 of 132 on node051 (pshm node 49 of 66, process  99 of 132, pid=15729)
UPCR: UPC thread  59 of 132 on node031 (pshm node 29 of 66, process  59 of 132, pid=30325)
UPCR: UPC thread  46 of 132 on node024 (pshm node 23 of 66, process  46 of 132, pid=9317)
UPCR: UPC thread  63 of 132 on node033 (pshm node 31 of 66, process  63 of 132, pid=30385)
UPCR: UPC thread  30 of 132 on node016 (pshm node 15 of 66, process  30 of 132, pid=9860)
UPCR: UPC thread  54 of 132 on node029 (pshm node 27 of 66, process  54 of 132, pid=1069)
UPCR: UPC thread 131 of 132 on node068 (pshm node 65 of 66, process 131 of 132, pid=10765)
UPCR: UPC thread  38 of 132 on node020 (pshm node 19 of 66, process  38 of 132, pid=9114)
UPCR: UPC thread  73 of 132 on node038 (pshm node 36 of 66, process  73 of 132, pid=23563)
UPCR: UPC thread 123 of 132 on node064 (pshm node 61 of 66, process 123 of 132, pid=29721)
UPCR: UPC thread 126 of 132 on node066 (pshm node 63 of 66, process 126 of 132, pid=28553)
UPCR: UPC thread   7 of 132 on node004 (pshm node  3 of 66, process   7 of 132, pid=6137)
UPCR: UPC thread 114 of 132 on node060 (pshm node 57 of 66, process 114 of 132, pid=4320)
UPCR: UPC thread 102 of 132 on node053 (pshm node 51 of 66, process 102 of 132, pid=17719)
UPCR: UPC thread  43 of 132 on node022 (pshm node 21 of 66, process  43 of 132, pid=3438)
UPCR: UPC thread  24 of 132 on node013 (pshm node 12 of 66, process  24 of 132, pid=3961)
UPCR: UPC thread   3 of 132 on node002 (pshm node  1 of 66, process   3 of 132, pid=11286)
UPCR: UPC thread  47 of 132 on node024 (pshm node 23 of 66, process  47 of 132, pid=9338)
UPCR: UPC thread  78 of 132 on node041 (pshm node 39 of 66, process  78 of 132, pid=24106)
UPCR: UPC thread   6 of 132 on node004 (pshm node  3 of 66, process   6 of 132, pid=6161)
UPCR: UPC thread  98 of 132 on node051 (pshm node 49 of 66, process  98 of 132, pid=15752)
UPCR: UPC thread 122 of 132 on node064 (pshm node 61 of 66, process 122 of 132, pid=29738)
UPCR: UPC thread  75 of 132 on node039 (pshm node 37 of 66, process  75 of 132, pid=23900)
UPCR: UPC thread  27 of 132 on node014 (pshm node 13 of 66, process  27 of 132, pid=16847)
UPCR: UPC thread  66 of 132 on node035 (pshm node 33 of 66, process  66 of 132, pid=27242)
UPCR: UPC thread 107 of 132 on node055 (pshm node 53 of 66, process 107 of 132, pid=6327)
UPCR: UPC thread 110 of 132 on node057 (pshm node 55 of 66, process 110 of 132, pid=32470)
UPCR: UPC thread  82 of 132 on node043 (pshm node 41 of 66, process  82 of 132, pid=18374)
UPCR: UPC thread  74 of 132 on node039 (pshm node 37 of 66, process  74 of 132, pid=23880)
UPCR: UPC thread  86 of 132 on node045 (pshm node 43 of 66, process  86 of 132, pid=17787)
UPCR: UPC thread  26 of 132 on node014 (pshm node 13 of 66, process  26 of 132, pid=16830)
UPCR: UPC thread  87 of 132 on node045 (pshm node 43 of 66, process  87 of 132, pid=17804)
Initializing models/anderson.8.4-rgs.bdd!
Vector size: 22
Bits per integer: 4
Number of BDD variables: 88
Loading initial states: 
Initial states loaded... 
Loading transition relations... 
22 integers per state, 4 bits per integer, 21 transition groups
BDD nodes:
Initial states: 88 BDD nodes
Transition 0: 789 BDD nodes
Transition 1: 114 BDD nodes
Transition 2: 32 BDD nodes
Transition 3: 847 BDD nodes
Transition 4: 209 BDD nodes
Transition 5: 33 BDD nodes
Transition 6: 847 BDD nodes
Transition 7: 209 BDD nodes
Transition 8: 33 BDD nodes
Transition 9: 767 BDD nodes
Transition 10: 709 BDD nodes
Transition 11: 709 BDD nodes
Transition 12: 709 BDD nodes
Transition 13: 114 BDD nodes
Transition 14: 32 BDD nodes
Transition 15: 156 BDD nodes
Transition 16: 156 BDD nodes
Transition 17: 156 BDD nodes
Transition 18: 33 BDD nodes
Transition 19: 33 BDD nodes
Transition 20: 33 BDD nodes
Level 1... done. 
Level 2... done. 
Level 3... done. 
Level 4... done. 
Level 5... done. 
Level 6... done. 
Level 7... done. 
Level 8... done. 
Level 9... done. 
Level 10... done. 
Level 11... done. 
Level 12... done. 
Level 13... done. 
Level 14... done. 
Level 15... done. 
Level 16... done. 
Level 17... done. 
Level 18... done. 
Level 19... done. 
Level 20... done. 
Level 21... done. 
Level 22... done. 
Level 23... done. 
Level 24... done. 
Level 25... done. 
Level 26... done. 
Level 27... done. 
Level 28... done. 
Level 29... done. 
Level 30... done. 
Level 31... done. 
Level 32... done. 
Level 33... done. 
Level 34... done. 
Level 35... done. 
Level 36... done. 
Level 37... done. 
Level 38... done. 
Level 39... done. 
Level 40... done. 
Level 41... done. 
Level 42... done. 
Level 43... done. 
Level 44... done. 
Level 45... done. 
Level 46... done. 
Level 47... done. 
Level 48... done. 
Level 49... done. 
Level 50... done. 
Level 51... done. 
Level 52... done. 
Level 53... done. 
Level 54... done. 
Level 55... done. 
Level 56... done. 
Level 57... done. 
Level 58... done. 
Level 59... done. 
Level 60... done. 
Level 61... done. 
Level 62... done. 
Level 63... done. 
Level 64... done. 
Level 65... done. 
Level 66... done. 
Level 67... done. 
Level 68... done. 
Level 69... done. 
Level 70... done. 
Level 71... done. 
Level 72... done. 
Level 73... done. 
Level 74... done. 
Level 75... done. 
Level 76... done. 
Level 77... done. 
Level 78... done. 
Level 79... done. 
Level 80... done. 
Level 81... done. 
Level 82... done. 
Level 83... done. 
Level 84... done. 
Level 85... done. 
Level 86... done. 
Level 87... done. 
Level 88... done. 
Level 89... done. 
Level 90... done. 
Level 91... done. 
Level 92... done. 
Level 93... done. 
Level 94... done. 
Level 95... done. 
Level 96... done. 
Level 97... done. 
Level 98... done. 
Level 99... done. 
Level 100... done. 
Level 101... done. 
Level 102... done. 
Level 103... done. 
Level 104... done. 
Level 105... done. 
Level 106... done. 
Level 107... done. 
Level 108... done. 
Level 109... done. 
Level 110... done. 
Level 111... done. 
Level 112... done. 
Level 113... done. 
Level 114... done. 
Level 115... done. 
Level 116... done. 
Level 117... done. 
Level 118... done. 
Level 119... done. 
Level 120... done. 
Level 121... done. 
Level 122... done. 
Level 123... done. 
Level 124... done. 
Level 125... done. 
Level 126... done. 
Level 127... done. 
Level 128... done. 
Level 129... done. 
Level 130... done. 
Level 131... done. 
Level 132... done. 
Level 133... done. 
Level 134... done. 
Level 135... done. 
Level 136... done. 
Level 137... done. 
Level 138... done. 
Level 139... done. 
Level 140... done. 
Level 141... done. 
Level 142... done. 
Level 143... done. 
Level 144... done. 
Level 145... done. 
Level 146... done. 
Level 147... done. 
Level 148... done. 
Level 149... done. 
Level 150... done. 
Level 151... done. 
Level 152... done. 
Level 153... done. 
Level 154... done. 
Level 155... done. 
Level 156... done. 
Level 157... done. 
Level 158... done. 
Level 159... done. 
Level 160... done. 
Level 161... done. 
Level 162... done. 
Level 163... done. 
Level 164... done. 
Level 165... done. 
Level 166... done. 
Level 167... done. 
Level 168... done. 
Level 169... done. 
Level 170... done. 
Level 171... done. 
Level 172... done. 
Level 173... done. 
Level 174... done. 
Level 175... done. 
Level 176... done. 
Level 177... done. 
Level 178... done. 
Level 179... done. 
Level 180... done. 
Level 181... done. 
Level 182... done. 
Level 183... done. 
Level 184... done. 
Level 185... done. 
Level 186... done. 
Level 187... done. 
Level 188... done. 
Level 189... done. 
Level 190... done. 
Level 191... done. 
Level 192... done. 
Level 193... done. 
Level 194... done. 
Level 195... done. 
Level 196... done. 
Level 197... done. 
Level 198... done. 
Level 199... done. 
Level 200... done. 
Level 201... done. 
Level 202... done. 
Level 203... done. 
Level 204... done. 
Level 205... done. 
Level 206... done. 
Level 207... done. 
Level 208... done. 
Level 209... done. 
Level 210... done. 
Level 211... done. 
Level 212... done. 
Level 213... done. 
Level 214... done. 
Level 215... done. 
Level 216... done. 
Level 217... done. 
Level 218... done. 
Level 219... done. 
Level 220... done. 
Level 221... done. 
Level 222... done. 
Level 223... done. 
Level 224... done. 
Level 225... done. 
Level 226... done. 
Level 227... done. 
Level 228... done. 
Level 229... done. 
Level 230... done. 
Level 231... done. 
Level 232... done. 
Level 233... done. 
Level 234... done. 
Level 235... done. 
Level 236... done. 
Level 237... done. 
Level 238... done. 
Level 239... done. 
Level 240... done. 
Level 241... done. 
Level 242... done. 
Level 243... done. 
Level 244... done. 
Level 245... done. 
Level 246... done. 
PAR Time: 47.411123
Final states: 538699029 states
Final states: 288013 BDD nodes
[1441405022.435764] [node001:2236 :0]         sys.c:719  MXM  WARN  Conflicting CPU frequencies detected, using: 1853.16
