[1444278474.258107] [node001:32655:0]         sys.c:719  MXM  WARN  Conflicting CPU frequencies detected, using: 1742.34
[1444278474.324162] [node001:32655:0]         mxm.c:185  MXM  WARN  The 'ulimit -s' on the system is set to 'unlimited'. This may have negative performance implications. Please set the heap size to the default value (10240) 
[1444278474.259999] [node001:32658:0]         sys.c:719  MXM  WARN  Conflicting CPU frequencies detected, using: 1742.34
[1444278474.325927] [node001:32658:0]         mxm.c:185  MXM  WARN  The 'ulimit -s' on the system is set to 'unlimited'. This may have negative performance implications. Please set the heap size to the default value (10240) 
[1444278474.260007] [node001:32656:0]         sys.c:719  MXM  WARN  Conflicting CPU frequencies detected, using: 1742.34
[1444278474.335739] [node001:32656:0]         mxm.c:185  MXM  WARN  The 'ulimit -s' on the system is set to 'unlimited'. This may have negative performance implications. Please set the heap size to the default value (10240) 
[1444278474.260012] [node001:32657:0]         sys.c:719  MXM  WARN  Conflicting CPU frequencies detected, using: 1742.34
[1444278474.327115] [node001:32657:0]         mxm.c:185  MXM  WARN  The 'ulimit -s' on the system is set to 'unlimited'. This may have negative performance implications. Please set the heap size to the default value (10240) 
[1444278474.658640] [node002:8587 :0]         sys.c:719  MXM  WARN  Conflicting CPU frequencies detected, using: 1690.97
[1444278474.662232] [node002:8587 :0]         mxm.c:185  MXM  WARN  The 'ulimit -s' on the system is set to 'unlimited'. This may have negative performance implications. Please set the heap size to the default value (10240) 
[1444278474.650005] [node002:8577 :0]         sys.c:719  MXM  WARN  Conflicting CPU frequencies detected, using: 1597.22
[1444278474.654143] [node002:8577 :0]         mxm.c:185  MXM  WARN  The 'ulimit -s' on the system is set to 'unlimited'. This may have negative performance implications. Please set the heap size to the default value (10240) 
[1444278474.675730] [node002:8608 :0]         sys.c:719  MXM  WARN  Conflicting CPU frequencies detected, using: 1699.97
[1444278474.679117] [node002:8608 :0]         mxm.c:185  MXM  WARN  The 'ulimit -s' on the system is set to 'unlimited'. This may have negative performance implications. Please set the heap size to the default value (10240) 
[1444278474.753234] [node003:29960:0]         sys.c:719  MXM  WARN  Conflicting CPU frequencies detected, using: 1599.94
[1444278474.757212] [node003:29960:0]         mxm.c:185  MXM  WARN  The 'ulimit -s' on the system is set to 'unlimited'. This may have negative performance implications. Please set the heap size to the default value (10240) 
[1444278474.814832] [node003:29981:0]         sys.c:719  MXM  WARN  Conflicting CPU frequencies detected, using: 1889.72
[1444278474.818830] [node003:29981:0]         mxm.c:185  MXM  WARN  The 'ulimit -s' on the system is set to 'unlimited'. This may have negative performance implications. Please set the heap size to the default value (10240) 
[1444278474.852573] [node003:30001:0]         sys.c:719  MXM  WARN  Conflicting CPU frequencies detected, using: 1900.03
[1444278474.856077] [node003:30001:0]         mxm.c:185  MXM  WARN  The 'ulimit -s' on the system is set to 'unlimited'. This may have negative performance implications. Please set the heap size to the default value (10240) 
[1444278474.849505] [node004:21244:0]         sys.c:719  MXM  WARN  Conflicting CPU frequencies detected, using: 1543.97
[1444278474.853913] [node004:21244:0]         mxm.c:185  MXM  WARN  The 'ulimit -s' on the system is set to 'unlimited'. This may have negative performance implications. Please set the heap size to the default value (10240) 
[1444278475.279113] [node008:16422:0]         sys.c:719  MXM  WARN  Conflicting CPU frequencies detected, using: 2864.16
[1444278475.285385] [node008:16422:0]         mxm.c:185  MXM  WARN  The 'ulimit -s' on the system is set to 'unlimited'. This may have negative performance implications. Please set the heap size to the default value (10240) 
[1444278475.403709] [node006:3314 :0]         sys.c:719  MXM  WARN  Conflicting CPU frequencies detected, using: 1398.19
[1444278475.407996] [node006:3314 :0]         mxm.c:185  MXM  WARN  The 'ulimit -s' on the system is set to 'unlimited'. This may have negative performance implications. Please set the heap size to the default value (10240) 
[1444278475.665577] [node005:15468:0]         sys.c:719  MXM  WARN  Conflicting CPU frequencies detected, using: 1305.38
[1444278475.670004] [node005:15468:0]         mxm.c:185  MXM  WARN  The 'ulimit -s' on the system is set to 'unlimited'. This may have negative performance implications. Please set the heap size to the default value (10240) 
[1444278475.682160] [node066:6141 :0]         sys.c:719  MXM  WARN  Conflicting CPU frequencies detected, using: 1443.38
[1444278475.688722] [node066:6141 :0]         mxm.c:185  MXM  WARN  The 'ulimit -s' on the system is set to 'unlimited'. This may have negative performance implications. Please set the heap size to the default value (10240) 
[1444278475.821296] [node006:3338 :0]         sys.c:719  MXM  WARN  Conflicting CPU frequencies detected, using: 1398.56
[1444278475.825466] [node006:3338 :0]         mxm.c:185  MXM  WARN  The 'ulimit -s' on the system is set to 'unlimited'. This may have negative performance implications. Please set the heap size to the default value (10240) 
[1444278475.840858] [node037:11004:0]         sys.c:719  MXM  WARN  Conflicting CPU frequencies detected, using: 1482.38
[1444278475.845117] [node037:11004:0]         mxm.c:185  MXM  WARN  The 'ulimit -s' on the system is set to 'unlimited'. This may have negative performance implications. Please set the heap size to the default value (10240) 
[1444278476.013956] [node064:25859:0]         sys.c:719  MXM  WARN  Conflicting CPU frequencies detected, using: 1479.28
[1444278476.020169] [node064:25859:0]         mxm.c:185  MXM  WARN  The 'ulimit -s' on the system is set to 'unlimited'. This may have negative performance implications. Please set the heap size to the default value (10240) 
[1444278476.029789] [node052:13071:0]         sys.c:719  MXM  WARN  Conflicting CPU frequencies detected, using: 1494.28
[1444278476.034474] [node052:13071:0]         mxm.c:185  MXM  WARN  The 'ulimit -s' on the system is set to 'unlimited'. This may have negative performance implications. Please set the heap size to the default value (10240) 
[1444278476.244601] [node064:25883:0]         sys.c:719  MXM  WARN  Conflicting CPU frequencies detected, using: 1434.00
[1444278476.250950] [node064:25883:0]         mxm.c:185  MXM  WARN  The 'ulimit -s' on the system is set to 'unlimited'. This may have negative performance implications. Please set the heap size to the default value (10240) 
[1444278476.248276] [node066:6165 :0]         sys.c:719  MXM  WARN  Conflicting CPU frequencies detected, using: 1590.94
[1444278476.254674] [node066:6165 :0]         mxm.c:185  MXM  WARN  The 'ulimit -s' on the system is set to 'unlimited'. This may have negative performance implications. Please set the heap size to the default value (10240) 
[1444278476.250377] [node056:9118 :0]         sys.c:719  MXM  WARN  Conflicting CPU frequencies detected, using: 1676.16
[1444278476.258343] [node056:9118 :0]         mxm.c:185  MXM  WARN  The 'ulimit -s' on the system is set to 'unlimited'. This may have negative performance implications. Please set the heap size to the default value (10240) 
[1444278476.251705] [node056:9119 :0]         sys.c:719  MXM  WARN  Conflicting CPU frequencies detected, using: 1676.16
[1444278476.259074] [node056:9119 :0]         mxm.c:185  MXM  WARN  The 'ulimit -s' on the system is set to 'unlimited'. This may have negative performance implications. Please set the heap size to the default value (10240) 
[1444278476.237636] [node052:13095:0]         sys.c:719  MXM  WARN  Conflicting CPU frequencies detected, using: 1799.81
[1444278476.241125] [node052:13095:0]         mxm.c:185  MXM  WARN  The 'ulimit -s' on the system is set to 'unlimited'. This may have negative performance implications. Please set the heap size to the default value (10240) 
[1444278476.252415] [node035:10442:0]         sys.c:719  MXM  WARN  Conflicting CPU frequencies detected, using: 1984.78
[1444278476.256831] [node035:10442:0]         mxm.c:185  MXM  WARN  The 'ulimit -s' on the system is set to 'unlimited'. This may have negative performance implications. Please set the heap size to the default value (10240) 
[1444278476.256748] [node063:13124:0]         sys.c:719  MXM  WARN  Conflicting CPU frequencies detected, using: 1513.50
[1444278476.261270] [node063:13124:0]         mxm.c:185  MXM  WARN  The 'ulimit -s' on the system is set to 'unlimited'. This may have negative performance implications. Please set the heap size to the default value (10240) 
[1444278476.325100] [node063:13147:0]         sys.c:719  MXM  WARN  Conflicting CPU frequencies detected, using: 1771.69
[1444278476.328548] [node063:13147:0]         mxm.c:185  MXM  WARN  The 'ulimit -s' on the system is set to 'unlimited'. This may have negative performance implications. Please set the heap size to the default value (10240) 
[1444278476.325540] [node063:13146:0]         sys.c:719  MXM  WARN  Conflicting CPU frequencies detected, using: 1771.69
[1444278476.329718] [node063:13146:0]         mxm.c:185  MXM  WARN  The 'ulimit -s' on the system is set to 'unlimited'. This may have negative performance implications. Please set the heap size to the default value (10240) 
[1444278476.324001] [node056:9163 :0]         sys.c:719  MXM  WARN  Conflicting CPU frequencies detected, using: 1676.16
[1444278476.330288] [node056:9163 :0]         mxm.c:185  MXM  WARN  The 'ulimit -s' on the system is set to 'unlimited'. This may have negative performance implications. Please set the heap size to the default value (10240) 
[1444278476.374343] [node011:23369:0]         sys.c:719  MXM  WARN  Conflicting CPU frequencies detected, using: 1496.62
[1444278476.380263] [node011:23369:0]         mxm.c:185  MXM  WARN  The 'ulimit -s' on the system is set to 'unlimited'. This may have negative performance implications. Please set the heap size to the default value (10240) 
[1444278476.330938] [node050:23819:0]         sys.c:719  MXM  WARN  Conflicting CPU frequencies detected, using: 1377.19
[1444278476.335027] [node050:23819:0]         mxm.c:185  MXM  WARN  The 'ulimit -s' on the system is set to 'unlimited'. This may have negative performance implications. Please set the heap size to the default value (10240) 
[1444278476.330159] [node066:6188 :0]         sys.c:719  MXM  WARN  Conflicting CPU frequencies detected, using: 1589.34
[1444278476.336549] [node066:6188 :0]         mxm.c:185  MXM  WARN  The 'ulimit -s' on the system is set to 'unlimited'. This may have negative performance implications. Please set the heap size to the default value (10240) 
[1444278476.365493] [node033:14162:0]         sys.c:719  MXM  WARN  Conflicting CPU frequencies detected, using: 3199.97
[1444278476.371234] [node033:14162:0]         mxm.c:185  MXM  WARN  The 'ulimit -s' on the system is set to 'unlimited'. This may have negative performance implications. Please set the heap size to the default value (10240) 
[1444278476.398152] [node027:13749:0]         sys.c:719  MXM  WARN  Conflicting CPU frequencies detected, using: 1299.94
[1444278476.402075] [node027:13749:0]         mxm.c:185  MXM  WARN  The 'ulimit -s' on the system is set to 'unlimited'. This may have negative performance implications. Please set the heap size to the default value (10240) 
[1444278476.398370] [node038:2228 :0]         sys.c:719  MXM  WARN  Conflicting CPU frequencies detected, using: 1299.94
[1444278476.404867] [node038:2228 :0]         mxm.c:185  MXM  WARN  The 'ulimit -s' on the system is set to 'unlimited'. This may have negative performance implications. Please set the heap size to the default value (10240) 
[1444278476.369450] [node018:22309:0]         sys.c:719  MXM  WARN  Conflicting CPU frequencies detected, using: 2274.09
[1444278476.375547] [node018:22309:0]         mxm.c:185  MXM  WARN  The 'ulimit -s' on the system is set to 'unlimited'. This may have negative performance implications. Please set the heap size to the default value (10240) 
[1444278476.377708] [node035:10466:0]         sys.c:719  MXM  WARN  Conflicting CPU frequencies detected, using: 1984.78
[1444278476.381697] [node035:10466:0]         mxm.c:185  MXM  WARN  The 'ulimit -s' on the system is set to 'unlimited'. This may have negative performance implications. Please set the heap size to the default value (10240) 
[1444278476.407891] [node020:7830 :0]         sys.c:719  MXM  WARN  Conflicting CPU frequencies detected, using: 1399.97
[1444278476.413952] [node020:7830 :0]         mxm.c:185  MXM  WARN  The 'ulimit -s' on the system is set to 'unlimited'. This may have negative performance implications. Please set the heap size to the default value (10240) 
[1444278476.409437] [node017:30686:0]         sys.c:719  MXM  WARN  Conflicting CPU frequencies detected, using: 1537.69
[1444278476.416416] [node017:30686:0]         mxm.c:185  MXM  WARN  The 'ulimit -s' on the system is set to 'unlimited'. This may have negative performance implications. Please set the heap size to the default value (10240) 
[1444278476.411141] [node017:30688:0]         sys.c:719  MXM  WARN  Conflicting CPU frequencies detected, using: 1537.69
[1444278476.418870] [node017:30688:0]         mxm.c:185  MXM  WARN  The 'ulimit -s' on the system is set to 'unlimited'. This may have negative performance implications. Please set the heap size to the default value (10240) 
[1444278476.392179] [node039:7972 :0]         sys.c:719  MXM  WARN  Conflicting CPU frequencies detected, using: 2133.19
[1444278476.398391] [node039:7972 :0]         mxm.c:185  MXM  WARN  The 'ulimit -s' on the system is set to 'unlimited'. This may have negative performance implications. Please set the heap size to the default value (10240) 
[1444278476.391160] [node006:3362 :0]         sys.c:719  MXM  WARN  Conflicting CPU frequencies detected, using: 1499.34
[1444278476.395166] [node006:3362 :0]         mxm.c:185  MXM  WARN  The 'ulimit -s' on the system is set to 'unlimited'. This may have negative performance implications. Please set the heap size to the default value (10240) 
[1444278476.451563] [node041:4566 :0]         sys.c:719  MXM  WARN  Conflicting CPU frequencies detected, using: 1370.81
[1444278476.457700] [node041:4566 :0]         mxm.c:185  MXM  WARN  The 'ulimit -s' on the system is set to 'unlimited'. This may have negative performance implications. Please set the heap size to the default value (10240) 
[1444278476.406559] [node019:4890 :0]         sys.c:719  MXM  WARN  Conflicting CPU frequencies detected, using: 1399.22
[1444278476.411318] [node019:4890 :0]         mxm.c:185  MXM  WARN  The 'ulimit -s' on the system is set to 'unlimited'. This may have negative performance implications. Please set the heap size to the default value (10240) 
[1444278476.437997] [node005:15492:0]         sys.c:719  MXM  WARN  Conflicting CPU frequencies detected, using: 1674.66
[1444278476.442080] [node005:15492:0]         mxm.c:185  MXM  WARN  The 'ulimit -s' on the system is set to 'unlimited'. This may have negative performance implications. Please set the heap size to the default value (10240) 
[1444278476.479427] [node045:1339 :0]         sys.c:719  MXM  WARN  Conflicting CPU frequencies detected, using: 1399.12
[1444278476.485763] [node045:1339 :0]         mxm.c:185  MXM  WARN  The 'ulimit -s' on the system is set to 'unlimited'. This may have negative performance implications. Please set the heap size to the default value (10240) 
[1444278476.450800] [node054:13113:0]         sys.c:719  MXM  WARN  Conflicting CPU frequencies detected, using: 1600.03
[1444278476.456298] [node054:13113:0]         mxm.c:185  MXM  WARN  The 'ulimit -s' on the system is set to 'unlimited'. This may have negative performance implications. Please set the heap size to the default value (10240) 
[1444278476.464219] [node046:900  :0]         sys.c:719  MXM  WARN  Conflicting CPU frequencies detected, using: 2083.69
[1444278476.468454] [node046:900  :0]         mxm.c:185  MXM  WARN  The 'ulimit -s' on the system is set to 'unlimited'. This may have negative performance implications. Please set the heap size to the default value (10240) 
[1444278476.478486] [node030:7410 :0]         sys.c:719  MXM  WARN  Conflicting CPU frequencies detected, using: 2659.78
[1444278476.484886] [node030:7410 :0]         mxm.c:185  MXM  WARN  The 'ulimit -s' on the system is set to 'unlimited'. This may have negative performance implications. Please set the heap size to the default value (10240) 
[1444278476.477647] [node016:30677:0]         sys.c:719  MXM  WARN  Conflicting CPU frequencies detected, using: 1599.75
[1444278476.481479] [node016:30677:0]         mxm.c:185  MXM  WARN  The 'ulimit -s' on the system is set to 'unlimited'. This may have negative performance implications. Please set the heap size to the default value (10240) 
[1444278476.472380] [node016:30670:0]         sys.c:719  MXM  WARN  Conflicting CPU frequencies detected, using: 1599.75
[1444278476.476908] [node016:30670:0]         mxm.c:185  MXM  WARN  The 'ulimit -s' on the system is set to 'unlimited'. This may have negative performance implications. Please set the heap size to the default value (10240) 
[1444278476.478489] [node026:18353:0]         sys.c:719  MXM  WARN  Conflicting CPU frequencies detected, using: 1634.62
[1444278476.482816] [node026:18353:0]         mxm.c:185  MXM  WARN  The 'ulimit -s' on the system is set to 'unlimited'. This may have negative performance implications. Please set the heap size to the default value (10240) 
[1444278476.495701] [node054:13131:0]         sys.c:719  MXM  WARN  Conflicting CPU frequencies detected, using: 1897.59
[1444278476.501431] [node054:13131:0]         mxm.c:185  MXM  WARN  The 'ulimit -s' on the system is set to 'unlimited'. This may have negative performance implications. Please set the heap size to the default value (10240) 
[1444278476.483128] [node028:11221:0]         sys.c:719  MXM  WARN  Conflicting CPU frequencies detected, using: 1564.22
[1444278476.487291] [node028:11221:0]         mxm.c:185  MXM  WARN  The 'ulimit -s' on the system is set to 'unlimited'. This may have negative performance implications. Please set the heap size to the default value (10240) 
[1444278476.526458] [node067:4313 :0]         sys.c:719  MXM  WARN  Conflicting CPU frequencies detected, using: 1466.16
[1444278476.532255] [node067:4313 :0]         mxm.c:185  MXM  WARN  The 'ulimit -s' on the system is set to 'unlimited'. This may have negative performance implications. Please set the heap size to the default value (10240) 
[1444278476.529151] [node068:31986:0]         sys.c:719  MXM  WARN  Conflicting CPU frequencies detected, using: 1443.19
[1444278476.535025] [node068:31986:0]         mxm.c:185  MXM  WARN  The 'ulimit -s' on the system is set to 'unlimited'. This may have negative performance implications. Please set the heap size to the default value (10240) 
[1444278476.501173] [node054:13132:0]         sys.c:719  MXM  WARN  Conflicting CPU frequencies detected, using: 1897.59
[1444278476.507569] [node054:13132:0]         mxm.c:185  MXM  WARN  The 'ulimit -s' on the system is set to 'unlimited'. This may have negative performance implications. Please set the heap size to the default value (10240) 
[1444278476.490134] [node062:4234 :0]         sys.c:719  MXM  WARN  Conflicting CPU frequencies detected, using: 1497.66
[1444278476.496322] [node062:4234 :0]         mxm.c:185  MXM  WARN  The 'ulimit -s' on the system is set to 'unlimited'. This may have negative performance implications. Please set the heap size to the default value (10240) 
[1444278476.500676] [node026:18370:0]         sys.c:719  MXM  WARN  Conflicting CPU frequencies detected, using: 1634.62
[1444278476.504417] [node026:18370:0]         mxm.c:185  MXM  WARN  The 'ulimit -s' on the system is set to 'unlimited'. This may have negative performance implications. Please set the heap size to the default value (10240) 
[1444278476.538317] [node064:25907:0]         sys.c:719  MXM  WARN  Conflicting CPU frequencies detected, using: 1307.16
[1444278476.544293] [node064:25907:0]         mxm.c:185  MXM  WARN  The 'ulimit -s' on the system is set to 'unlimited'. This may have negative performance implications. Please set the heap size to the default value (10240) 
[1444278476.543304] [node020:7854 :0]         sys.c:719  MXM  WARN  Conflicting CPU frequencies detected, using: 1394.34
[1444278476.549174] [node020:7854 :0]         mxm.c:185  MXM  WARN  The 'ulimit -s' on the system is set to 'unlimited'. This may have negative performance implications. Please set the heap size to the default value (10240) 
[1444278476.543002] [node038:2253 :0]         sys.c:719  MXM  WARN  Conflicting CPU frequencies detected, using: 1396.41
[1444278476.549388] [node038:2253 :0]         mxm.c:185  MXM  WARN  The 'ulimit -s' on the system is set to 'unlimited'. This may have negative performance implications. Please set the heap size to the default value (10240) 
[1444278476.501915] [node012:5053 :0]         sys.c:719  MXM  WARN  Conflicting CPU frequencies detected, using: 1492.78
[1444278476.508229] [node012:5053 :0]         mxm.c:185  MXM  WARN  The 'ulimit -s' on the system is set to 'unlimited'. This may have negative performance implications. Please set the heap size to the default value (10240) 
[1444278476.556293] [node041:4590 :0]         sys.c:719  MXM  WARN  Conflicting CPU frequencies detected, using: 1397.34
[1444278476.562351] [node041:4590 :0]         mxm.c:185  MXM  WARN  The 'ulimit -s' on the system is set to 'unlimited'. This may have negative performance implications. Please set the heap size to the default value (10240) 
[1444278476.511898] [node053:13725:0]         sys.c:719  MXM  WARN  Conflicting CPU frequencies detected, using: 1635.66
[1444278476.516147] [node053:13725:0]         mxm.c:185  MXM  WARN  The 'ulimit -s' on the system is set to 'unlimited'. This may have negative performance implications. Please set the heap size to the default value (10240) 
[1444278476.524652] [node018:22333:0]         sys.c:719  MXM  WARN  Conflicting CPU frequencies detected, using: 1775.44
[1444278476.531067] [node018:22333:0]         mxm.c:185  MXM  WARN  The 'ulimit -s' on the system is set to 'unlimited'. This may have negative performance implications. Please set the heap size to the default value (10240) 
[1444278476.548247] [node065:21465:0]         sys.c:719  MXM  WARN  Conflicting CPU frequencies detected, using: 2380.41
[1444278476.552528] [node065:21465:0]         mxm.c:185  MXM  WARN  The 'ulimit -s' on the system is set to 'unlimited'. This may have negative performance implications. Please set the heap size to the default value (10240) 
[1444278476.535984] [node062:4251 :0]         sys.c:719  MXM  WARN  Conflicting CPU frequencies detected, using: 1594.22
[1444278476.541734] [node062:4251 :0]         mxm.c:185  MXM  WARN  The 'ulimit -s' on the system is set to 'unlimited'. This may have negative performance implications. Please set the heap size to the default value (10240) 
[1444278476.531267] [node007:31598:0]         sys.c:719  MXM  WARN  Conflicting CPU frequencies detected, using: 1611.28
[1444278476.535199] [node007:31598:0]         mxm.c:185  MXM  WARN  The 'ulimit -s' on the system is set to 'unlimited'. This may have negative performance implications. Please set the heap size to the default value (10240) 
[1444278476.545931] [node051:22983:0]         sys.c:719  MXM  WARN  Conflicting CPU frequencies detected, using: 2008.12
[1444278476.550004] [node051:22983:0]         mxm.c:185  MXM  WARN  The 'ulimit -s' on the system is set to 'unlimited'. This may have negative performance implications. Please set the heap size to the default value (10240) 
[1444278476.543600] [node029:601  :0]         sys.c:719  MXM  WARN  Conflicting CPU frequencies detected, using: 1792.22
[1444278476.547653] [node029:601  :0]         mxm.c:185  MXM  WARN  The 'ulimit -s' on the system is set to 'unlimited'. This may have negative performance implications. Please set the heap size to the default value (10240) 
[1444278476.547231] [node040:10683:0]         sys.c:719  MXM  WARN  Conflicting CPU frequencies detected, using: 2250.09
[1444278476.553254] [node040:10683:0]         mxm.c:185  MXM  WARN  The 'ulimit -s' on the system is set to 'unlimited'. This may have negative performance implications. Please set the heap size to the default value (10240) 
[1444278476.551390] [node034:6851 :0]         sys.c:719  MXM  WARN  Conflicting CPU frequencies detected, using: 2224.50
[1444278476.557974] [node034:6851 :0]         mxm.c:185  MXM  WARN  The 'ulimit -s' on the system is set to 'unlimited'. This may have negative performance implications. Please set the heap size to the default value (10240) 
[1444278476.552131] [node029:605  :0]         sys.c:719  MXM  WARN  Conflicting CPU frequencies detected, using: 1799.91
[1444278476.557908] [node029:605  :0]         mxm.c:185  MXM  WARN  The 'ulimit -s' on the system is set to 'unlimited'. This may have negative performance implications. Please set the heap size to the default value (10240) 
[1444278476.544341] [node024:1936 :0]         sys.c:719  MXM  WARN  Conflicting CPU frequencies detected, using: 1469.16
[1444278476.548485] [node024:1936 :0]         mxm.c:185  MXM  WARN  The 'ulimit -s' on the system is set to 'unlimited'. This may have negative performance implications. Please set the heap size to the default value (10240) 
[1444278476.554669] [node004:21268:0]         sys.c:719  MXM  WARN  Conflicting CPU frequencies detected, using: 1598.72
[1444278476.558767] [node004:21268:0]         mxm.c:185  MXM  WARN  The 'ulimit -s' on the system is set to 'unlimited'. This may have negative performance implications. Please set the heap size to the default value (10240) 
[1444278476.543083] [node045:1361 :0]         sys.c:719  MXM  WARN  Conflicting CPU frequencies detected, using: 1461.28
[1444278476.549345] [node045:1361 :0]         mxm.c:185  MXM  WARN  The 'ulimit -s' on the system is set to 'unlimited'. This may have negative performance implications. Please set the heap size to the default value (10240) 
[1444278476.555328] [node034:6856 :0]         sys.c:719  MXM  WARN  Conflicting CPU frequencies detected, using: 2224.50
[1444278476.562302] [node034:6856 :0]         mxm.c:185  MXM  WARN  The 'ulimit -s' on the system is set to 'unlimited'. This may have negative performance implications. Please set the heap size to the default value (10240) 
[1444278476.554916] [node039:7996 :0]         sys.c:719  MXM  WARN  Conflicting CPU frequencies detected, using: 2133.19
[1444278476.561086] [node039:7996 :0]         mxm.c:185  MXM  WARN  The 'ulimit -s' on the system is set to 'unlimited'. This may have negative performance implications. Please set the heap size to the default value (10240) 
[1444278476.557128] [node008:16446:0]         sys.c:719  MXM  WARN  Conflicting CPU frequencies detected, using: 1845.38
[1444278476.563135] [node008:16446:0]         mxm.c:185  MXM  WARN  The 'ulimit -s' on the system is set to 'unlimited'. This may have negative performance implications. Please set the heap size to the default value (10240) 
[1444278476.561277] [node008:16451:0]         sys.c:719  MXM  WARN  Conflicting CPU frequencies detected, using: 1845.38
[1444278476.566676] [node008:16451:0]         mxm.c:185  MXM  WARN  The 'ulimit -s' on the system is set to 'unlimited'. This may have negative performance implications. Please set the heap size to the default value (10240) 
[1444278476.553494] [node005:15516:0]         sys.c:719  MXM  WARN  Conflicting CPU frequencies detected, using: 1432.12
[1444278476.557886] [node005:15516:0]         mxm.c:185  MXM  WARN  The 'ulimit -s' on the system is set to 'unlimited'. This may have negative performance implications. Please set the heap size to the default value (10240) 
[1444278476.560662] [node039:8003 :0]         sys.c:719  MXM  WARN  Conflicting CPU frequencies detected, using: 2133.19
[1444278476.566846] [node039:8003 :0]         mxm.c:185  MXM  WARN  The 'ulimit -s' on the system is set to 'unlimited'. This may have negative performance implications. Please set the heap size to the default value (10240) 
[1444278476.563542] [node053:13742:0]         sys.c:719  MXM  WARN  Conflicting CPU frequencies detected, using: 1510.50
[1444278476.567551] [node053:13742:0]         mxm.c:185  MXM  WARN  The 'ulimit -s' on the system is set to 'unlimited'. This may have negative performance implications. Please set the heap size to the default value (10240) 
[1444278476.581363] [node004:21285:0]         sys.c:719  MXM  WARN  Conflicting CPU frequencies detected, using: 1598.72
[1444278476.585184] [node004:21285:0]         mxm.c:185  MXM  WARN  The 'ulimit -s' on the system is set to 'unlimited'. This may have negative performance implications. Please set the heap size to the default value (10240) 
[1444278476.615332] [node011:23393:0]         sys.c:719  MXM  WARN  Conflicting CPU frequencies detected, using: 1394.81
[1444278476.621791] [node011:23393:0]         mxm.c:185  MXM  WARN  The 'ulimit -s' on the system is set to 'unlimited'. This may have negative performance implications. Please set the heap size to the default value (10240) 
[1444278476.582191] [node010:4691 :0]         sys.c:719  MXM  WARN  Conflicting CPU frequencies detected, using: 1499.91
[1444278476.586218] [node010:4691 :0]         mxm.c:185  MXM  WARN  The 'ulimit -s' on the system is set to 'unlimited'. This may have negative performance implications. Please set the heap size to the default value (10240) 
[1444278476.578165] [node017:30734:0]         sys.c:719  MXM  WARN  Conflicting CPU frequencies detected, using: 1488.94
[1444278476.584142] [node017:30734:0]         mxm.c:185  MXM  WARN  The 'ulimit -s' on the system is set to 'unlimited'. This may have negative performance implications. Please set the heap size to the default value (10240) 
[1444278476.593141] [node043:3892 :0]         sys.c:719  MXM  WARN  Conflicting CPU frequencies detected, using: 1783.78
[1444278476.598809] [node043:3892 :0]         mxm.c:185  MXM  WARN  The 'ulimit -s' on the system is set to 'unlimited'. This may have negative performance implications. Please set the heap size to the default value (10240) 
[1444278476.596902] [node012:5076 :0]         sys.c:719  MXM  WARN  Conflicting CPU frequencies detected, using: 1698.00
[1444278476.602919] [node012:5076 :0]         mxm.c:185  MXM  WARN  The 'ulimit -s' on the system is set to 'unlimited'. This may have negative performance implications. Please set the heap size to the default value (10240) 
[1444278476.611983] [node016:30718:0]         sys.c:719  MXM  WARN  Conflicting CPU frequencies detected, using: 1896.56
[1444278476.616088] [node016:30718:0]         mxm.c:185  MXM  WARN  The 'ulimit -s' on the system is set to 'unlimited'. This may have negative performance implications. Please set the heap size to the default value (10240) 
[1444278476.621670] [node016:30720:0]         sys.c:719  MXM  WARN  Conflicting CPU frequencies detected, using: 1896.56
[1444278476.624807] [node016:30720:0]         mxm.c:185  MXM  WARN  The 'ulimit -s' on the system is set to 'unlimited'. This may have negative performance implications. Please set the heap size to the default value (10240) 
[1444278476.615544] [node024:1959 :0]         sys.c:719  MXM  WARN  Conflicting CPU frequencies detected, using: 1800.00
[1444278476.619857] [node024:1959 :0]         mxm.c:185  MXM  WARN  The 'ulimit -s' on the system is set to 'unlimited'. This may have negative performance implications. Please set the heap size to the default value (10240) 
[1444278476.612799] [node043:3905 :0]         sys.c:719  MXM  WARN  Conflicting CPU frequencies detected, using: 1783.78
[1444278476.618899] [node043:3905 :0]         mxm.c:185  MXM  WARN  The 'ulimit -s' on the system is set to 'unlimited'. This may have negative performance implications. Please set the heap size to the default value (10240) 
[1444278476.631053] [node024:1970 :0]         sys.c:719  MXM  WARN  Conflicting CPU frequencies detected, using: 1822.41
[1444278476.634599] [node024:1970 :0]         mxm.c:185  MXM  WARN  The 'ulimit -s' on the system is set to 'unlimited'. This may have negative performance implications. Please set the heap size to the default value (10240) 
[1444278476.626433] [node051:23006:0]         sys.c:719  MXM  WARN  Conflicting CPU frequencies detected, using: 1734.94
[1444278476.630048] [node051:23006:0]         mxm.c:185  MXM  WARN  The 'ulimit -s' on the system is set to 'unlimited'. This may have negative performance implications. Please set the heap size to the default value (10240) 
[1444278476.624874] [node007:31621:0]         sys.c:719  MXM  WARN  Conflicting CPU frequencies detected, using: 1500.00
[1444278476.629093] [node007:31621:0]         mxm.c:185  MXM  WARN  The 'ulimit -s' on the system is set to 'unlimited'. This may have negative performance implications. Please set the heap size to the default value (10240) 
[1444278476.637379] [node062:4284 :0]         sys.c:719  MXM  WARN  Conflicting CPU frequencies detected, using: 2367.19
[1444278476.643221] [node062:4284 :0]         mxm.c:185  MXM  WARN  The 'ulimit -s' on the system is set to 'unlimited'. This may have negative performance implications. Please set the heap size to the default value (10240) 
[1444278476.620983] [node028:11245:0]         sys.c:719  MXM  WARN  Conflicting CPU frequencies detected, using: 1578.84
[1444278476.625122] [node028:11245:0]         mxm.c:185  MXM  WARN  The 'ulimit -s' on the system is set to 'unlimited'. This may have negative performance implications. Please set the heap size to the default value (10240) 
[1444278476.633192] [node012:5094 :0]         sys.c:719  MXM  WARN  Conflicting CPU frequencies detected, using: 1999.97
[1444278476.638981] [node012:5094 :0]         mxm.c:185  MXM  WARN  The 'ulimit -s' on the system is set to 'unlimited'. This may have negative performance implications. Please set the heap size to the default value (10240) 
[1444278476.622712] [node027:13774:0]         sys.c:719  MXM  WARN  Conflicting CPU frequencies detected, using: 1474.59
[1444278476.626749] [node027:13774:0]         mxm.c:185  MXM  WARN  The 'ulimit -s' on the system is set to 'unlimited'. This may have negative performance implications. Please set the heap size to the default value (10240) 
[1444278476.626222] [node050:23843:0]         sys.c:719  MXM  WARN  Conflicting CPU frequencies detected, using: 1543.31
[1444278476.630548] [node050:23843:0]         mxm.c:185  MXM  WARN  The 'ulimit -s' on the system is set to 'unlimited'. This may have negative performance implications. Please set the heap size to the default value (10240) 
[1444278476.645176] [node065:21489:0]         sys.c:719  MXM  WARN  Conflicting CPU frequencies detected, using: 2380.41
[1444278476.649183] [node065:21489:0]         mxm.c:185  MXM  WARN  The 'ulimit -s' on the system is set to 'unlimited'. This may have negative performance implications. Please set the heap size to the default value (10240) 
[1444278476.621834] [node033:14186:0]         sys.c:719  MXM  WARN  Conflicting CPU frequencies detected, using: 1729.31
[1444278476.627934] [node033:14186:0]         mxm.c:185  MXM  WARN  The 'ulimit -s' on the system is set to 'unlimited'. This may have negative performance implications. Please set the heap size to the default value (10240) 
[1444278476.638837] [node049:30495:0]         sys.c:719  MXM  WARN  Conflicting CPU frequencies detected, using: 1623.00
[1444278476.642627] [node049:30495:0]         mxm.c:185  MXM  WARN  The 'ulimit -s' on the system is set to 'unlimited'. This may have negative performance implications. Please set the heap size to the default value (10240) 
[1444278476.632340] [node052:13119:0]         sys.c:719  MXM  WARN  Conflicting CPU frequencies detected, using: 1494.28
[1444278476.636298] [node052:13119:0]         mxm.c:185  MXM  WARN  The 'ulimit -s' on the system is set to 'unlimited'. This may have negative performance implications. Please set the heap size to the default value (10240) 
[1444278476.634094] [node047:31765:0]         sys.c:719  MXM  WARN  Conflicting CPU frequencies detected, using: 1462.50
[1444278476.638217] [node047:31765:0]         mxm.c:185  MXM  WARN  The 'ulimit -s' on the system is set to 'unlimited'. This may have negative performance implications. Please set the heap size to the default value (10240) 
[1444278476.649769] [node062:4283 :0]         sys.c:719  MXM  WARN  Conflicting CPU frequencies detected, using: 2367.19
[1444278476.655269] [node062:4283 :0]         mxm.c:185  MXM  WARN  The 'ulimit -s' on the system is set to 'unlimited'. This may have negative performance implications. Please set the heap size to the default value (10240) 
[1444278476.640254] [node034:6897 :0]         sys.c:719  MXM  WARN  Conflicting CPU frequencies detected, using: 1800.00
[1444278476.645827] [node034:6897 :0]         mxm.c:185  MXM  WARN  The 'ulimit -s' on the system is set to 'unlimited'. This may have negative performance implications. Please set the heap size to the default value (10240) 
[1444278476.640141] [node026:18401:0]         sys.c:719  MXM  WARN  Conflicting CPU frequencies detected, using: 1627.97
[1444278476.644050] [node026:18401:0]         mxm.c:185  MXM  WARN  The 'ulimit -s' on the system is set to 'unlimited'. This may have negative performance implications. Please set the heap size to the default value (10240) 
[1444278476.641881] [node036:8849 :0]         sys.c:719  MXM  WARN  Conflicting CPU frequencies detected, using: 1599.94
[1444278476.646195] [node036:8849 :0]         mxm.c:185  MXM  WARN  The 'ulimit -s' on the system is set to 'unlimited'. This may have negative performance implications. Please set the heap size to the default value (10240) 
[1444278476.631632] [node033:14193:0]         sys.c:719  MXM  WARN  Conflicting CPU frequencies detected, using: 1729.31
[1444278476.638527] [node033:14193:0]         mxm.c:185  MXM  WARN  The 'ulimit -s' on the system is set to 'unlimited'. This may have negative performance implications. Please set the heap size to the default value (10240) 
[1444278476.648742] [node048:28945:0]         sys.c:719  MXM  WARN  Conflicting CPU frequencies detected, using: 1795.97
[1444278476.653051] [node048:28945:0]         mxm.c:185  MXM  WARN  The 'ulimit -s' on the system is set to 'unlimited'. This may have negative performance implications. Please set the heap size to the default value (10240) 
[1444278476.633190] [node042:1109 :0]         sys.c:719  MXM  WARN  Conflicting CPU frequencies detected, using: 1649.44
[1444278476.639659] [node042:1109 :0]         mxm.c:185  MXM  WARN  The 'ulimit -s' on the system is set to 'unlimited'. This may have negative performance implications. Please set the heap size to the default value (10240) 
[1444278476.647071] [node063:13196:0]         sys.c:719  MXM  WARN  Conflicting CPU frequencies detected, using: 1498.88
[1444278476.651091] [node063:13196:0]         mxm.c:185  MXM  WARN  The 'ulimit -s' on the system is set to 'unlimited'. This may have negative performance implications. Please set the heap size to the default value (10240) 
[1444278476.634433] [node020:7877 :0]         sys.c:719  MXM  WARN  Conflicting CPU frequencies detected, using: 1491.84
[1444278476.640594] [node020:7877 :0]         mxm.c:185  MXM  WARN  The 'ulimit -s' on the system is set to 'unlimited'. This may have negative performance implications. Please set the heap size to the default value (10240) 
[1444278476.640367] [node048:28940:0]         sys.c:719  MXM  WARN  Conflicting CPU frequencies detected, using: 1795.97
[1444278476.644895] [node048:28940:0]         mxm.c:185  MXM  WARN  The 'ulimit -s' on the system is set to 'unlimited'. This may have negative performance implications. Please set the heap size to the default value (10240) 
[1444278476.636629] [node056:9189 :0]         sys.c:719  MXM  WARN  Conflicting CPU frequencies detected, using: 1676.16
[1444278476.643026] [node056:9189 :0]         mxm.c:185  MXM  WARN  The 'ulimit -s' on the system is set to 'unlimited'. This may have negative performance implications. Please set the heap size to the default value (10240) 
[1444278476.650982] [node068:32011:0]         sys.c:719  MXM  WARN  Conflicting CPU frequencies detected, using: 1799.91
[1444278476.656997] [node068:32011:0]         mxm.c:185  MXM  WARN  The 'ulimit -s' on the system is set to 'unlimited'. This may have negative performance implications. Please set the heap size to the default value (10240) 
[1444278476.648513] [node053:13772:0]         sys.c:719  MXM  WARN  Conflicting CPU frequencies detected, using: 1588.69
[1444278476.652658] [node053:13772:0]         mxm.c:185  MXM  WARN  The 'ulimit -s' on the system is set to 'unlimited'. This may have negative performance implications. Please set the heap size to the default value (10240) 
[1444278476.654356] [node068:32012:0]         sys.c:719  MXM  WARN  Conflicting CPU frequencies detected, using: 1799.91
[1444278476.660946] [node068:32012:0]         mxm.c:185  MXM  WARN  The 'ulimit -s' on the system is set to 'unlimited'. This may have negative performance implications. Please set the heap size to the default value (10240) 
[1444278476.670406] [node049:30512:0]         sys.c:719  MXM  WARN  Conflicting CPU frequencies detected, using: 1877.91
[1444278476.673844] [node049:30512:0]         mxm.c:185  MXM  WARN  The 'ulimit -s' on the system is set to 'unlimited'. This may have negative performance implications. Please set the heap size to the default value (10240) 
[1444278476.684482] [node040:10707:0]         sys.c:719  MXM  WARN  Conflicting CPU frequencies detected, using: 2250.09
[1444278476.690271] [node040:10707:0]         mxm.c:185  MXM  WARN  The 'ulimit -s' on the system is set to 'unlimited'. This may have negative performance implications. Please set the heap size to the default value (10240) 
[1444278476.683319] [node024:2004 :0]         sys.c:719  MXM  WARN  Conflicting CPU frequencies detected, using: 2093.06
[1444278476.687054] [node024:2004 :0]         mxm.c:185  MXM  WARN  The 'ulimit -s' on the system is set to 'unlimited'. This may have negative performance implications. Please set the heap size to the default value (10240) 
[1444278476.687337] [node028:11268:0]         sys.c:719  MXM  WARN  Conflicting CPU frequencies detected, using: 1899.94
[1444278476.691581] [node028:11268:0]         mxm.c:185  MXM  WARN  The 'ulimit -s' on the system is set to 'unlimited'. This may have negative performance implications. Please set the heap size to the default value (10240) 
[1444278476.671856] [node045:1393 :0]         sys.c:719  MXM  WARN  Conflicting CPU frequencies detected, using: 1699.69
[1444278476.678084] [node045:1393 :0]         mxm.c:185  MXM  WARN  The 'ulimit -s' on the system is set to 'unlimited'. This may have negative performance implications. Please set the heap size to the default value (10240) 
[1444278476.678900] [node033:14224:0]         sys.c:719  MXM  WARN  Conflicting CPU frequencies detected, using: 1729.31
[1444278476.684779] [node033:14224:0]         mxm.c:185  MXM  WARN  The 'ulimit -s' on the system is set to 'unlimited'. This may have negative performance implications. Please set the heap size to the default value (10240) 
[1444278476.700823] [node036:8868 :0]         sys.c:719  MXM  WARN  Conflicting CPU frequencies detected, using: 2100.00
[1444278476.704046] [node036:8868 :0]         mxm.c:185  MXM  WARN  The 'ulimit -s' on the system is set to 'unlimited'. This may have negative performance implications. Please set the heap size to the default value (10240) 
[1444278476.679521] [node034:6916 :0]         sys.c:719  MXM  WARN  Conflicting CPU frequencies detected, using: 1764.47
[1444278476.685642] [node034:6916 :0]         mxm.c:185  MXM  WARN  The 'ulimit -s' on the system is set to 'unlimited'. This may have negative performance implications. Please set the heap size to the default value (10240) 
[1444278476.678319] [node055:13241:0]         sys.c:719  MXM  WARN  Conflicting CPU frequencies detected, using: 1800.00
[1444278476.684292] [node055:13241:0]         mxm.c:185  MXM  WARN  The 'ulimit -s' on the system is set to 'unlimited'. This may have negative performance implications. Please set the heap size to the default value (10240) 
[1444278476.687397] [node007:31643:0]         sys.c:719  MXM  WARN  Conflicting CPU frequencies detected, using: 1689.47
[1444278476.691354] [node007:31643:0]         mxm.c:185  MXM  WARN  The 'ulimit -s' on the system is set to 'unlimited'. This may have negative performance implications. Please set the heap size to the default value (10240) 
[1444278476.700388] [node049:30533:0]         sys.c:719  MXM  WARN  Conflicting CPU frequencies detected, using: 2094.66
[1444278476.705060] [node049:30533:0]         mxm.c:185  MXM  WARN  The 'ulimit -s' on the system is set to 'unlimited'. This may have negative performance implications. Please set the heap size to the default value (10240) 
[1444278476.683160] [node037:11028:0]         sys.c:719  MXM  WARN  Conflicting CPU frequencies detected, using: 1596.84
[1444278476.687560] [node037:11028:0]         mxm.c:185  MXM  WARN  The 'ulimit -s' on the system is set to 'unlimited'. This may have negative performance implications. Please set the heap size to the default value (10240) 
[1444278476.719498] [node064:25931:0]         sys.c:719  MXM  WARN  Conflicting CPU frequencies detected, using: 1399.31
[1444278476.725804] [node064:25931:0]         mxm.c:185  MXM  WARN  The 'ulimit -s' on the system is set to 'unlimited'. This may have negative performance implications. Please set the heap size to the default value (10240) 
[1444278476.680932] [node005:15540:0]         sys.c:719  MXM  WARN  Conflicting CPU frequencies detected, using: 1494.84
[1444278476.685182] [node005:15540:0]         mxm.c:185  MXM  WARN  The 'ulimit -s' on the system is set to 'unlimited'. This may have negative performance implications. Please set the heap size to the default value (10240) 
[1444278476.683160] [node055:13247:0]         sys.c:719  MXM  WARN  Conflicting CPU frequencies detected, using: 1800.00
[1444278476.688996] [node055:13247:0]         mxm.c:185  MXM  WARN  The 'ulimit -s' on the system is set to 'unlimited'. This may have negative performance implications. Please set the heap size to the default value (10240) 
[1444278476.690784] [node003:30032:0]         sys.c:719  MXM  WARN  Conflicting CPU frequencies detected, using: 1691.72
[1444278476.694980] [node003:30032:0]         mxm.c:185  MXM  WARN  The 'ulimit -s' on the system is set to 'unlimited'. This may have negative performance implications. Please set the heap size to the default value (10240) 
[1444278476.702497] [node043:3940 :0]         sys.c:719  MXM  WARN  Conflicting CPU frequencies detected, using: 2391.09
[1444278476.707958] [node043:3940 :0]         mxm.c:185  MXM  WARN  The 'ulimit -s' on the system is set to 'unlimited'. This may have negative performance implications. Please set the heap size to the default value (10240) 
[1444278476.692899] [node007:31647:0]         sys.c:719  MXM  WARN  Conflicting CPU frequencies detected, using: 1689.47
[1444278476.696802] [node007:31647:0]         mxm.c:185  MXM  WARN  The 'ulimit -s' on the system is set to 'unlimited'. This may have negative performance implications. Please set the heap size to the default value (10240) 
[1444278476.701080] [node036:8870 :0]         sys.c:719  MXM  WARN  Conflicting CPU frequencies detected, using: 2100.00
[1444278476.704925] [node036:8870 :0]         mxm.c:185  MXM  WARN  The 'ulimit -s' on the system is set to 'unlimited'. This may have negative performance implications. Please set the heap size to the default value (10240) 
[1444278476.702324] [node028:11280:0]         sys.c:719  MXM  WARN  Conflicting CPU frequencies detected, using: 2350.69
[1444278476.706432] [node028:11280:0]         mxm.c:185  MXM  WARN  The 'ulimit -s' on the system is set to 'unlimited'. This may have negative performance implications. Please set the heap size to the default value (10240) 
[1444278476.692962] [node042:1130 :0]         sys.c:719  MXM  WARN  Conflicting CPU frequencies detected, using: 1873.31
[1444278476.698883] [node042:1130 :0]         mxm.c:185  MXM  WARN  The 'ulimit -s' on the system is set to 'unlimited'. This may have negative performance implications. Please set the heap size to the default value (10240) 
[1444278476.683174] [node032:13319:0]         sys.c:719  MXM  WARN  Conflicting CPU frequencies detected, using: 1597.12
[1444278476.689133] [node032:13319:0]         mxm.c:185  MXM  WARN  The 'ulimit -s' on the system is set to 'unlimited'. This may have negative performance implications. Please set the heap size to the default value (10240) 
[1444278476.692510] [node004:21316:0]         sys.c:719  MXM  WARN  Conflicting CPU frequencies detected, using: 1693.59
[1444278476.696646] [node004:21316:0]         mxm.c:185  MXM  WARN  The 'ulimit -s' on the system is set to 'unlimited'. This may have negative performance implications. Please set the heap size to the default value (10240) 
[1444278476.689773] [node006:3386 :0]         sys.c:719  MXM  WARN  Conflicting CPU frequencies detected, using: 1487.34
[1444278476.694126] [node006:3386 :0]         mxm.c:185  MXM  WARN  The 'ulimit -s' on the system is set to 'unlimited'. This may have negative performance implications. Please set the heap size to the default value (10240) 
[1444278476.712931] [node025:22361:0]         sys.c:719  MXM  WARN  Conflicting CPU frequencies detected, using: 1937.06
[1444278476.715623] [node025:22361:0]         mxm.c:185  MXM  WARN  The 'ulimit -s' on the system is set to 'unlimited'. This may have negative performance implications. Please set the heap size to the default value (10240) 
[1444278476.704131] [node050:23867:0]         sys.c:719  MXM  WARN  Conflicting CPU frequencies detected, using: 2291.34
[1444278476.708328] [node050:23867:0]         mxm.c:185  MXM  WARN  The 'ulimit -s' on the system is set to 'unlimited'. This may have negative performance implications. Please set the heap size to the default value (10240) 
[1444278476.709829] [node046:924  :0]         sys.c:719  MXM  WARN  Conflicting CPU frequencies detected, using: 2083.69
[1444278476.713546] [node046:924  :0]         mxm.c:185  MXM  WARN  The 'ulimit -s' on the system is set to 'unlimited'. This may have negative performance implications. Please set the heap size to the default value (10240) 
[1444278476.704217] [node049:30541:0]         sys.c:719  MXM  WARN  Conflicting CPU frequencies detected, using: 2094.66
[1444278476.708299] [node049:30541:0]         mxm.c:185  MXM  WARN  The 'ulimit -s' on the system is set to 'unlimited'. This may have negative performance implications. Please set the heap size to the default value (10240) 
[1444278476.687620] [node018:22357:0]         sys.c:719  MXM  WARN  Conflicting CPU frequencies detected, using: 1800.00
[1444278476.694175] [node018:22357:0]         mxm.c:185  MXM  WARN  The 'ulimit -s' on the system is set to 'unlimited'. This may have negative performance implications. Please set the heap size to the default value (10240) 
[1444278476.713348] [node050:23868:0]         sys.c:719  MXM  WARN  Conflicting CPU frequencies detected, using: 2291.34
[1444278476.716989] [node050:23868:0]         mxm.c:185  MXM  WARN  The 'ulimit -s' on the system is set to 'unlimited'. This may have negative performance implications. Please set the heap size to the default value (10240) 
[1444278476.688137] [node002:8650 :0]         sys.c:719  MXM  WARN  Conflicting CPU frequencies detected, using: 1399.97
[1444278476.692512] [node002:8650 :0]         mxm.c:185  MXM  WARN  The 'ulimit -s' on the system is set to 'unlimited'. This may have negative performance implications. Please set the heap size to the default value (10240) 
[1444278476.707889] [node040:10724:0]         sys.c:719  MXM  WARN  Conflicting CPU frequencies detected, using: 2250.09
[1444278476.714082] [node040:10724:0]         mxm.c:185  MXM  WARN  The 'ulimit -s' on the system is set to 'unlimited'. This may have negative performance implications. Please set the heap size to the default value (10240) 
[1444278476.710335] [node025:22362:0]         sys.c:719  MXM  WARN  Conflicting CPU frequencies detected, using: 1937.06
[1444278476.714132] [node025:22362:0]         mxm.c:185  MXM  WARN  The 'ulimit -s' on the system is set to 'unlimited'. This may have negative performance implications. Please set the heap size to the default value (10240) 
[1444278476.705345] [node029:655  :0]         sys.c:719  MXM  WARN  Conflicting CPU frequencies detected, using: 2081.44
[1444278476.709218] [node029:655  :0]         mxm.c:185  MXM  WARN  The 'ulimit -s' on the system is set to 'unlimited'. This may have negative performance implications. Please set the heap size to the default value (10240) 
[1444278476.704786] [node012:5124 :0]         sys.c:719  MXM  WARN  Conflicting CPU frequencies detected, using: 2084.91
[1444278476.710428] [node012:5124 :0]         mxm.c:185  MXM  WARN  The 'ulimit -s' on the system is set to 'unlimited'. This may have negative performance implications. Please set the heap size to the default value (10240) 
[1444278476.701493] [node011:23417:0]         sys.c:719  MXM  WARN  Conflicting CPU frequencies detected, using: 2131.22
[1444278476.707287] [node011:23417:0]         mxm.c:185  MXM  WARN  The 'ulimit -s' on the system is set to 'unlimited'. This may have negative performance implications. Please set the heap size to the default value (10240) 
[1444278476.708351] [node045:1410 :0]         sys.c:719  MXM  WARN  Conflicting CPU frequencies detected, using: 1926.94
[1444278476.714147] [node045:1410 :0]         mxm.c:185  MXM  WARN  The 'ulimit -s' on the system is set to 'unlimited'. This may have negative performance implications. Please set the heap size to the default value (10240) 
[1444278476.724312] [node036:8906 :0]         sys.c:719  MXM  WARN  Conflicting CPU frequencies detected, using: 2297.53
[1444278476.727665] [node036:8906 :0]         mxm.c:185  MXM  WARN  The 'ulimit -s' on the system is set to 'unlimited'. This may have negative performance implications. Please set the heap size to the default value (10240) 
[1444278476.702974] [node051:23030:0]         sys.c:719  MXM  WARN  Conflicting CPU frequencies detected, using: 1758.66
[1444278476.706846] [node051:23030:0]         mxm.c:185  MXM  WARN  The 'ulimit -s' on the system is set to 'unlimited'. This may have negative performance implications. Please set the heap size to the default value (10240) 
[1444278476.706065] [node037:11042:0]         sys.c:719  MXM  WARN  Conflicting CPU frequencies detected, using: 1797.75
[1444278476.709864] [node037:11042:0]         mxm.c:185  MXM  WARN  The 'ulimit -s' on the system is set to 'unlimited'. This may have negative performance implications. Please set the heap size to the default value (10240) 
[1444278476.708163] [node068:32050:0]         sys.c:719  MXM  WARN  Conflicting CPU frequencies detected, using: 1993.31
[1444278476.714215] [node068:32050:0]         mxm.c:185  MXM  WARN  The 'ulimit -s' on the system is set to 'unlimited'. This may have negative performance implications. Please set the heap size to the default value (10240) 
[1444278476.714600] [node037:11050:0]         sys.c:719  MXM  WARN  Conflicting CPU frequencies detected, using: 1797.75
[1444278476.717975] [node037:11050:0]         mxm.c:185  MXM  WARN  The 'ulimit -s' on the system is set to 'unlimited'. This may have negative performance implications. Please set the heap size to the default value (10240) 
[1444278476.691847] [node017:30758:0]         sys.c:719  MXM  WARN  Conflicting CPU frequencies detected, using: 1647.28
[1444278476.697705] [node017:30758:0]         mxm.c:185  MXM  WARN  The 'ulimit -s' on the system is set to 'unlimited'. This may have negative performance implications. Please set the heap size to the default value (10240) 
[1444278476.707912] [node025:22360:0]         sys.c:719  MXM  WARN  Conflicting CPU frequencies detected, using: 1800.00
[1444278476.711828] [node025:22360:0]         mxm.c:185  MXM  WARN  The 'ulimit -s' on the system is set to 'unlimited'. This may have negative performance implications. Please set the heap size to the default value (10240) 
[1444278476.701071] [node055:13274:0]         sys.c:719  MXM  WARN  Conflicting CPU frequencies detected, using: 1885.78
[1444278476.708123] [node055:13274:0]         mxm.c:185  MXM  WARN  The 'ulimit -s' on the system is set to 'unlimited'. This may have negative performance implications. Please set the heap size to the default value (10240) 
[1444278476.703096] [node054:13185:0]         sys.c:719  MXM  WARN  Conflicting CPU frequencies detected, using: 2109.38
[1444278476.709441] [node054:13185:0]         mxm.c:185  MXM  WARN  The 'ulimit -s' on the system is set to 'unlimited'. This may have negative performance implications. Please set the heap size to the default value (10240) 
[1444278476.720390] [node010:4725 :0]         sys.c:719  MXM  WARN  Conflicting CPU frequencies detected, using: 1987.69
[1444278476.723573] [node010:4725 :0]         mxm.c:185  MXM  WARN  The 'ulimit -s' on the system is set to 'unlimited'. This may have negative performance implications. Please set the heap size to the default value (10240) 
[1444278476.710311] [node029:649  :0]         sys.c:719  MXM  WARN  Conflicting CPU frequencies detected, using: 2081.44
[1444278476.714330] [node029:649  :0]         mxm.c:185  MXM  WARN  The 'ulimit -s' on the system is set to 'unlimited'. This may have negative performance implications. Please set the heap size to the default value (10240) 
[1444278476.704944] [node019:4914 :0]         sys.c:719  MXM  WARN  Conflicting CPU frequencies detected, using: 1682.06
[1444278476.709573] [node019:4914 :0]         mxm.c:185  MXM  WARN  The 'ulimit -s' on the system is set to 'unlimited'. This may have negative performance implications. Please set the heap size to the default value (10240) 
[1444278476.721605] [node019:4924 :0]         sys.c:719  MXM  WARN  Conflicting CPU frequencies detected, using: 1866.84
[1444278476.724793] [node019:4924 :0]         mxm.c:185  MXM  WARN  The 'ulimit -s' on the system is set to 'unlimited'. This may have negative performance implications. Please set the heap size to the default value (10240) 
[1444278476.692068] [node038:2277 :0]         sys.c:719  MXM  WARN  Conflicting CPU frequencies detected, using: 1496.16
[1444278476.698068] [node038:2277 :0]         mxm.c:185  MXM  WARN  The 'ulimit -s' on the system is set to 'unlimited'. This may have negative performance implications. Please set the heap size to the default value (10240) 
[1444278476.710223] [node065:21510:0]         sys.c:719  MXM  WARN  Conflicting CPU frequencies detected, using: 1692.19
[1444278476.714311] [node065:21510:0]         mxm.c:185  MXM  WARN  The 'ulimit -s' on the system is set to 'unlimited'. This may have negative performance implications. Please set the heap size to the default value (10240) 
[1444278476.719089] [node025:22409:0]         sys.c:719  MXM  WARN  Conflicting CPU frequencies detected, using: 1937.06
[1444278476.723092] [node025:22409:0]         mxm.c:185  MXM  WARN  The 'ulimit -s' on the system is set to 'unlimited'. This may have negative performance implications. Please set the heap size to the default value (10240) 
[1444278476.708675] [node011:23425:0]         sys.c:719  MXM  WARN  Conflicting CPU frequencies detected, using: 2200.22
[1444278476.714943] [node011:23425:0]         mxm.c:185  MXM  WARN  The 'ulimit -s' on the system is set to 'unlimited'. This may have negative performance implications. Please set the heap size to the default value (10240) 
[1444278476.716322] [node019:4919 :0]         sys.c:719  MXM  WARN  Conflicting CPU frequencies detected, using: 1866.84
[1444278476.720147] [node019:4919 :0]         mxm.c:185  MXM  WARN  The 'ulimit -s' on the system is set to 'unlimited'. This may have negative performance implications. Please set the heap size to the default value (10240) 
[1444278476.713852] [node010:4716 :0]         sys.c:719  MXM  WARN  Conflicting CPU frequencies detected, using: 1987.69
[1444278476.717462] [node010:4716 :0]         mxm.c:185  MXM  WARN  The 'ulimit -s' on the system is set to 'unlimited'. This may have negative performance implications. Please set the heap size to the default value (10240) 
[1444278476.701931] [node055:13273:0]         sys.c:719  MXM  WARN  Conflicting CPU frequencies detected, using: 1885.78
[1444278476.710196] [node055:13273:0]         mxm.c:185  MXM  WARN  The 'ulimit -s' on the system is set to 'unlimited'. This may have negative performance implications. Please set the heap size to the default value (10240) 
[1444278476.711658] [node048:28983:0]         sys.c:719  MXM  WARN  Conflicting CPU frequencies detected, using: 1606.31
[1444278476.715631] [node048:28983:0]         mxm.c:185  MXM  WARN  The 'ulimit -s' on the system is set to 'unlimited'. This may have negative performance implications. Please set the heap size to the default value (10240) 
[1444278476.707614] [node042:1138 :0]         sys.c:719  MXM  WARN  Conflicting CPU frequencies detected, using: 1821.66
[1444278476.713004] [node042:1138 :0]         mxm.c:185  MXM  WARN  The 'ulimit -s' on the system is set to 'unlimited'. This may have negative performance implications. Please set the heap size to the default value (10240) 
[1444278476.715068] [node048:28984:0]         sys.c:719  MXM  WARN  Conflicting CPU frequencies detected, using: 1660.03
[1444278476.718811] [node048:28984:0]         mxm.c:185  MXM  WARN  The 'ulimit -s' on the system is set to 'unlimited'. This may have negative performance implications. Please set the heap size to the default value (10240) 
[1444278476.701648] [node018:22371:0]         sys.c:719  MXM  WARN  Conflicting CPU frequencies detected, using: 1800.00
[1444278476.707879] [node018:22371:0]         mxm.c:185  MXM  WARN  The 'ulimit -s' on the system is set to 'unlimited'. This may have negative performance implications. Please set the heap size to the default value (10240) 
[1444278476.711226] [node052:13142:0]         sys.c:719  MXM  WARN  Conflicting CPU frequencies detected, using: 1695.00
[1444278476.715434] [node052:13142:0]         mxm.c:185  MXM  WARN  The 'ulimit -s' on the system is set to 'unlimited'. This may have negative performance implications. Please set the heap size to the default value (10240) 
[1444278476.694278] [node031:14896:0]         sys.c:719  MXM  WARN  Conflicting CPU frequencies detected, using: 1600.88
[1444278476.701796] [node031:14896:0]         mxm.c:185  MXM  WARN  The 'ulimit -s' on the system is set to 'unlimited'. This may have negative performance implications. Please set the heap size to the default value (10240) 
[1444278476.697299] [node038:2282 :0]         sys.c:719  MXM  WARN  Conflicting CPU frequencies detected, using: 1496.16
[1444278476.703141] [node038:2282 :0]         mxm.c:185  MXM  WARN  The 'ulimit -s' on the system is set to 'unlimited'. This may have negative performance implications. Please set the heap size to the default value (10240) 
[1444278476.712538] [node065:21518:0]         sys.c:719  MXM  WARN  Conflicting CPU frequencies detected, using: 1692.19
[1444278476.716473] [node065:21518:0]         mxm.c:185  MXM  WARN  The 'ulimit -s' on the system is set to 'unlimited'. This may have negative performance implications. Please set the heap size to the default value (10240) 
[1444278476.694641] [node031:14895:0]         sys.c:719  MXM  WARN  Conflicting CPU frequencies detected, using: 1600.88
[1444278476.702549] [node031:14895:0]         mxm.c:185  MXM  WARN  The 'ulimit -s' on the system is set to 'unlimited'. This may have negative performance implications. Please set the heap size to the default value (10240) 
[1444278476.710446] [node042:1148 :0]         sys.c:719  MXM  WARN  Conflicting CPU frequencies detected, using: 1840.03
[1444278476.716427] [node042:1148 :0]         mxm.c:185  MXM  WARN  The 'ulimit -s' on the system is set to 'unlimited'. This may have negative performance implications. Please set the heap size to the default value (10240) 
[1444278476.709971] [node008:16494:0]         sys.c:719  MXM  WARN  Conflicting CPU frequencies detected, using: 2001.00
[1444278476.716337] [node008:16494:0]         mxm.c:185  MXM  WARN  The 'ulimit -s' on the system is set to 'unlimited'. This may have negative performance implications. Please set the heap size to the default value (10240) 
[1444278476.711268] [node031:14922:0]         sys.c:719  MXM  WARN  Conflicting CPU frequencies detected, using: 1690.69
[1444278476.717567] [node031:14922:0]         mxm.c:185  MXM  WARN  The 'ulimit -s' on the system is set to 'unlimited'. This may have negative performance implications. Please set the heap size to the default value (10240) 
[1444278476.723249] [node010:4717 :0]         sys.c:719  MXM  WARN  Conflicting CPU frequencies detected, using: 1987.69
[1444278476.726854] [node010:4717 :0]         mxm.c:185  MXM  WARN  The 'ulimit -s' on the system is set to 'unlimited'. This may have negative performance implications. Please set the heap size to the default value (10240) 
[1444278476.730414] [node043:3958 :0]         sys.c:719  MXM  WARN  Conflicting CPU frequencies detected, using: 2362.41
[1444278476.736835] [node043:3958 :0]         mxm.c:185  MXM  WARN  The 'ulimit -s' on the system is set to 'unlimited'. This may have negative performance implications. Please set the heap size to the default value (10240) 
[1444278476.738598] [node046:941  :0]         sys.c:719  MXM  WARN  Conflicting CPU frequencies detected, using: 2083.69
[1444278476.741802] [node046:941  :0]         mxm.c:185  MXM  WARN  The 'ulimit -s' on the system is set to 'unlimited'. This may have negative performance implications. Please set the heap size to the default value (10240) 
[1444278476.718384] [node027:13798:0]         sys.c:719  MXM  WARN  Conflicting CPU frequencies detected, using: 1698.28
[1444278476.722436] [node027:13798:0]         mxm.c:185  MXM  WARN  The 'ulimit -s' on the system is set to 'unlimited'. This may have negative performance implications. Please set the heap size to the default value (10240) 
[1444278476.728852] [node040:10741:0]         sys.c:719  MXM  WARN  Conflicting CPU frequencies detected, using: 2250.09
[1444278476.735084] [node040:10741:0]         mxm.c:185  MXM  WARN  The 'ulimit -s' on the system is set to 'unlimited'. This may have negative performance implications. Please set the heap size to the default value (10240) 
[1444278476.716782] [node039:8044 :0]         sys.c:719  MXM  WARN  Conflicting CPU frequencies detected, using: 1753.97
[1444278476.722466] [node039:8044 :0]         mxm.c:185  MXM  WARN  The 'ulimit -s' on the system is set to 'unlimited'. This may have negative performance implications. Please set the heap size to the default value (10240) 
[1444278476.716934] [node035:10490:0]         sys.c:719  MXM  WARN  Conflicting CPU frequencies detected, using: 1607.34
[1444278476.721422] [node035:10490:0]         mxm.c:185  MXM  WARN  The 'ulimit -s' on the system is set to 'unlimited'. This may have negative performance implications. Please set the heap size to the default value (10240) 
[1444278476.712637] [node026:18424:0]         sys.c:719  MXM  WARN  Conflicting CPU frequencies detected, using: 1499.06
[1444278476.716735] [node026:18424:0]         mxm.c:185  MXM  WARN  The 'ulimit -s' on the system is set to 'unlimited'. This may have negative performance implications. Please set the heap size to the default value (10240) 
[1444278476.715334] [node053:13794:0]         sys.c:719  MXM  WARN  Conflicting CPU frequencies detected, using: 1580.72
[1444278476.719392] [node053:13794:0]         mxm.c:185  MXM  WARN  The 'ulimit -s' on the system is set to 'unlimited'. This may have negative performance implications. Please set the heap size to the default value (10240) 
[1444278476.717045] [node027:13799:0]         sys.c:719  MXM  WARN  Conflicting CPU frequencies detected, using: 1698.28
[1444278476.720971] [node027:13799:0]         mxm.c:185  MXM  WARN  The 'ulimit -s' on the system is set to 'unlimited'. This may have negative performance implications. Please set the heap size to the default value (10240) 
[1444278476.721824] [node067:4342 :0]         sys.c:719  MXM  WARN  Conflicting CPU frequencies detected, using: 2199.94
[1444278476.727840] [node067:4342 :0]         mxm.c:185  MXM  WARN  The 'ulimit -s' on the system is set to 'unlimited'. This may have negative performance implications. Please set the heap size to the default value (10240) 
[1444278476.716921] [node035:10494:0]         sys.c:719  MXM  WARN  Conflicting CPU frequencies detected, using: 1607.34
[1444278476.721486] [node035:10494:0]         mxm.c:185  MXM  WARN  The 'ulimit -s' on the system is set to 'unlimited'. This may have negative performance implications. Please set the heap size to the default value (10240) 
[1444278476.726837] [node067:4340 :0]         sys.c:719  MXM  WARN  Conflicting CPU frequencies detected, using: 2199.94
[1444278476.732561] [node067:4340 :0]         mxm.c:185  MXM  WARN  The 'ulimit -s' on the system is set to 'unlimited'. This may have negative performance implications. Please set the heap size to the default value (10240) 
[1444278476.756880] [node066:6213 :0]         sys.c:719  MXM  WARN  Conflicting CPU frequencies detected, using: 1506.84
[1444278476.762896] [node066:6213 :0]         mxm.c:185  MXM  WARN  The 'ulimit -s' on the system is set to 'unlimited'. This may have negative performance implications. Please set the heap size to the default value (10240) 
[1444278476.714178] [node044:3007 :0]         sys.c:719  MXM  WARN  Conflicting CPU frequencies detected, using: 1755.47
[1444278476.720692] [node044:3007 :0]         mxm.c:185  MXM  WARN  The 'ulimit -s' on the system is set to 'unlimited'. This may have negative performance implications. Please set the heap size to the default value (10240) 
[1444278476.727071] [node047:31790:0]         sys.c:719  MXM  WARN  Conflicting CPU frequencies detected, using: 1699.97
[1444278476.731034] [node047:31790:0]         mxm.c:185  MXM  WARN  The 'ulimit -s' on the system is set to 'unlimited'. This may have negative performance implications. Please set the heap size to the default value (10240) 
[1444278476.715900] [node041:4615 :0]         sys.c:719  MXM  WARN  Conflicting CPU frequencies detected, using: 1695.19
[1444278476.723006] [node041:4615 :0]         mxm.c:185  MXM  WARN  The 'ulimit -s' on the system is set to 'unlimited'. This may have negative performance implications. Please set the heap size to the default value (10240) 
[1444278476.724429] [node047:31799:0]         sys.c:719  MXM  WARN  Conflicting CPU frequencies detected, using: 1699.97
[1444278476.728797] [node047:31799:0]         mxm.c:185  MXM  WARN  The 'ulimit -s' on the system is set to 'unlimited'. This may have negative performance implications. Please set the heap size to the default value (10240) 
[1444278476.725065] [node047:31789:0]         sys.c:719  MXM  WARN  Conflicting CPU frequencies detected, using: 1699.97
[1444278476.729141] [node047:31789:0]         mxm.c:185  MXM  WARN  The 'ulimit -s' on the system is set to 'unlimited'. This may have negative performance implications. Please set the heap size to the default value (10240) 
[1444278476.723824] [node032:13336:0]         sys.c:719  MXM  WARN  Conflicting CPU frequencies detected, using: 1787.25
[1444278476.730507] [node032:13336:0]         mxm.c:185  MXM  WARN  The 'ulimit -s' on the system is set to 'unlimited'. This may have negative performance implications. Please set the heap size to the default value (10240) 
[1444278476.722929] [node031:14940:0]         sys.c:719  MXM  WARN  Conflicting CPU frequencies detected, using: 1693.59
[1444278476.730027] [node031:14940:0]         mxm.c:185  MXM  WARN  The 'ulimit -s' on the system is set to 'unlimited'. This may have negative performance implications. Please set the heap size to the default value (10240) 
[1444278476.725150] [node030:7435 :0]         sys.c:719  MXM  WARN  Conflicting CPU frequencies detected, using: 1794.94
[1444278476.733266] [node030:7435 :0]         mxm.c:185  MXM  WARN  The 'ulimit -s' on the system is set to 'unlimited'. This may have negative performance implications. Please set the heap size to the default value (10240) 
[1444278476.724701] [node030:7436 :0]         sys.c:719  MXM  WARN  Conflicting CPU frequencies detected, using: 1794.94
[1444278476.732254] [node030:7436 :0]         mxm.c:185  MXM  WARN  The 'ulimit -s' on the system is set to 'unlimited'. This may have negative performance implications. Please set the heap size to the default value (10240) 
[1444278476.730491] [node067:4341 :0]         sys.c:719  MXM  WARN  Conflicting CPU frequencies detected, using: 2199.94
[1444278476.737537] [node067:4341 :0]         mxm.c:185  MXM  WARN  The 'ulimit -s' on the system is set to 'unlimited'. This may have negative performance implications. Please set the heap size to the default value (10240) 
[1444278476.717783] [node041:4616 :0]         sys.c:719  MXM  WARN  Conflicting CPU frequencies detected, using: 1695.19
[1444278476.725476] [node041:4616 :0]         mxm.c:185  MXM  WARN  The 'ulimit -s' on the system is set to 'unlimited'. This may have negative performance implications. Please set the heap size to the default value (10240) 
[1444278476.751847] [node046:948  :0]         sys.c:719  MXM  WARN  Conflicting CPU frequencies detected, using: 2083.69
[1444278476.755458] [node046:948  :0]         mxm.c:185  MXM  WARN  The 'ulimit -s' on the system is set to 'unlimited'. This may have negative performance implications. Please set the heap size to the default value (10240) 
[1444278476.726874] [node032:13342:0]         sys.c:719  MXM  WARN  Conflicting CPU frequencies detected, using: 1798.12
[1444278476.733094] [node032:13342:0]         mxm.c:185  MXM  WARN  The 'ulimit -s' on the system is set to 'unlimited'. This may have negative performance implications. Please set the heap size to the default value (10240) 
[1444278476.729760] [node030:7444 :0]         sys.c:719  MXM  WARN  Conflicting CPU frequencies detected, using: 1794.94
[1444278476.737038] [node030:7444 :0]         mxm.c:185  MXM  WARN  The 'ulimit -s' on the system is set to 'unlimited'. This may have negative performance implications. Please set the heap size to the default value (10240) 
[1444278476.725714] [node020:7901 :0]         sys.c:719  MXM  WARN  Conflicting CPU frequencies detected, using: 1672.31
[1444278476.732159] [node020:7901 :0]         mxm.c:185  MXM  WARN  The 'ulimit -s' on the system is set to 'unlimited'. This may have negative performance implications. Please set the heap size to the default value (10240) 
[1444278476.744782] [node051:23048:0]         sys.c:719  MXM  WARN  Conflicting CPU frequencies detected, using: 1789.50
[1444278476.748531] [node051:23048:0]         mxm.c:185  MXM  WARN  The 'ulimit -s' on the system is set to 'unlimited'. This may have negative performance implications. Please set the heap size to the default value (10240) 
[1444278476.731350] [node032:13341:0]         sys.c:719  MXM  WARN  Conflicting CPU frequencies detected, using: 1798.12
[1444278476.737963] [node032:13341:0]         mxm.c:185  MXM  WARN  The 'ulimit -s' on the system is set to 'unlimited'. This may have negative performance implications. Please set the heap size to the default value (10240) 
[1444278476.722484] [node044:3014 :0]         sys.c:719  MXM  WARN  Conflicting CPU frequencies detected, using: 1755.47
[1444278476.731646] [node044:3014 :0]         mxm.c:185  MXM  WARN  The 'ulimit -s' on the system is set to 'unlimited'. This may have negative performance implications. Please set the heap size to the default value (10240) 
[1444278476.726610] [node044:3015 :0]         sys.c:719  MXM  WARN  Conflicting CPU frequencies detected, using: 1755.47
[1444278476.734280] [node044:3015 :0]         mxm.c:185  MXM  WARN  The 'ulimit -s' on the system is set to 'unlimited'. This may have negative performance implications. Please set the heap size to the default value (10240) 
[1444278476.736538] [node044:3058 :0]         sys.c:719  MXM  WARN  Conflicting CPU frequencies detected, using: 1755.47
[1444278476.744374] [node044:3058 :0]         mxm.c:185  MXM  WARN  The 'ulimit -s' on the system is set to 'unlimited'. This may have negative performance implications. Please set the heap size to the default value (10240) 
UPCR: UPC thread   5 of 224 on node002 (pshm node  1 of 56, process   5 of 224, pid=8577)
UPCR: UPC thread   4 of 224 on node002 (pshm node  1 of 56, process   4 of 224, pid=8608)
UPCR: UPC thread   7 of 224 on node002 (pshm node  1 of 56, process   7 of 224, pid=8587)
UPCR: UPC thread   6 of 224 on node002 (pshm node  1 of 56, process   6 of 224, pid=8650)
UPCR: UPC thread 212 of 224 on node066 (pshm node 53 of 56, process 212 of 224, pid=6141)
UPCR: UPC thread 215 of 224 on node066 (pshm node 53 of 56, process 215 of 224, pid=6188)
UPCR: UPC thread 213 of 224 on node066 (pshm node 53 of 56, process 213 of 224, pid=6213)
UPCR: UPC thread 214 of 224 on node066 (pshm node 53 of 56, process 214 of 224, pid=6165)
UPCR: UPC thread  74 of 224 on node026 (pshm node 18 of 56, process  74 of 224, pid=18401)
UPCR: UPC thread  20 of 224 on node006 (pshm node  5 of 56, process  20 of 224, pid=3338)
UPCR: UPC thread  21 of 224 on node006 (pshm node  5 of 56, process  21 of 224, pid=3386)
UPCR: UPC thread 118 of 224 on node037 (pshm node 29 of 56, process 118 of 224, pid=11028)
UPCR: UPC thread 199 of 224 on node062 (pshm node 49 of 56, process 199 of 224, pid=4234)
UPCR: UPC thread 196 of 224 on node062 (pshm node 49 of 56, process 196 of 224, pid=4251)
UPCR: UPC thread  22 of 224 on node006 (pshm node  5 of 56, process  22 of 224, pid=3314)
UPCR: UPC thread 110 of 224 on node035 (pshm node 27 of 56, process 110 of 224, pid=10442)
UPCR: UPC thread 203 of 224 on node063 (pshm node 50 of 56, process 203 of 224, pid=13146)
UPCR: UPC thread 117 of 224 on node037 (pshm node 29 of 56, process 117 of 224, pid=11050)
UPCR: UPC thread 132 of 224 on node041 (pshm node 33 of 56, process 132 of 224, pid=4590)
UPCR: UPC thread  95 of 224 on node031 (pshm node 23 of 56, process  95 of 224, pid=14895)
UPCR: UPC thread 100 of 224 on node033 (pshm node 25 of 56, process 100 of 224, pid=14224)
UPCR: UPC thread 198 of 224 on node062 (pshm node 49 of 56, process 198 of 224, pid=4284)
UPCR: UPC thread  39 of 224 on node011 (pshm node  9 of 56, process  39 of 224, pid=23369)
UPCR: UPC thread  85 of 224 on node029 (pshm node 21 of 56, process  85 of 224, pid=605)
UPCR: UPC thread 222 of 224 on node068 (pshm node 55 of 56, process 222 of 224, pid=32012)
UPCR: UPC thread   1 of 224 on node001 (pshm node  0 of 56, process   1 of 224, pid=32656)
UPCR: UPC thread   0 of 224 on node001 (pshm node  0 of 56, process   0 of 224, pid=32655)
UPCR: UPC thread  86 of 224 on node029 (pshm node 21 of 56, process  86 of 224, pid=649)
UPCR: UPC thread  92 of 224 on node031 (pshm node 23 of 56, process  92 of 224, pid=14922)
UPCR: UPC thread  90 of 224 on node030 (pshm node 22 of 56, process  90 of 224, pid=7435)
UPCR: UPC thread  81 of 224 on node028 (pshm node 20 of 56, process  81 of 224, pid=11245)
UPCR: UPC thread 144 of 224 on node044 (pshm node 36 of 56, process 144 of 224, pid=3014)
UPCR: UPC thread   3 of 224 on node001 (pshm node  0 of 56, process   3 of 224, pid=32658)
UPCR: UPC thread   2 of 224 on node001 (pshm node  0 of 56, process   2 of 224, pid=32657)
UPCR: UPC thread 103 of 224 on node033 (pshm node 25 of 56, process 103 of 224, pid=14193)
UPCR: UPC thread 171 of 224 on node050 (pshm node 42 of 56, process 171 of 224, pid=23843)
UPCR: UPC thread   8 of 224 on node003 (pshm node  2 of 56, process   8 of 224, pid=30001)
UPCR: UPC thread  75 of 224 on node026 (pshm node 18 of 56, process  75 of 224, pid=18424)
UPCR: UPC thread  23 of 224 on node006 (pshm node  5 of 56, process  23 of 224, pid=3362)
UPCR: UPC thread  68 of 224 on node025 (pshm node 17 of 56, process  68 of 224, pid=22409)
UPCR: UPC thread 119 of 224 on node037 (pshm node 29 of 56, process 119 of 224, pid=11004)
UPCR: UPC thread  73 of 224 on node026 (pshm node 18 of 56, process  73 of 224, pid=18370)
UPCR: UPC thread  72 of 224 on node026 (pshm node 18 of 56, process  72 of 224, pid=18353)
UPCR: UPC thread 135 of 224 on node041 (pshm node 33 of 56, process 135 of 224, pid=4566)
UPCR: UPC thread 136 of 224 on node042 (pshm node 34 of 56, process 136 of 224, pid=1148)
UPCR: UPC thread 202 of 224 on node063 (pshm node 50 of 56, process 202 of 224, pid=13147)
UPCR: UPC thread 112 of 224 on node036 (pshm node 28 of 56, process 112 of 224, pid=8868)
UPCR: UPC thread  18 of 224 on node005 (pshm node  4 of 56, process  18 of 224, pid=15468)
UPCR: UPC thread  53 of 224 on node018 (pshm node 13 of 56, process  53 of 224, pid=22309)
UPCR: UPC thread  11 of 224 on node003 (pshm node  2 of 56, process  11 of 224, pid=29981)
UPCR: UPC thread 178 of 224 on node052 (pshm node 44 of 56, process 178 of 224, pid=13142)
UPCR: UPC thread  69 of 224 on node025 (pshm node 17 of 56, process  69 of 224, pid=22360)
UPCR: UPC thread  71 of 224 on node025 (pshm node 17 of 56, process  71 of 224, pid=22362)
UPCR: UPC thread 209 of 224 on node065 (pshm node 52 of 56, process 209 of 224, pid=21465)
UPCR: UPC thread  48 of 224 on node017 (pshm node 12 of 56, process  48 of 224, pid=30688)
UPCR: UPC thread 138 of 224 on node042 (pshm node 34 of 56, process 138 of 224, pid=1109)
UPCR: UPC thread 116 of 224 on node037 (pshm node 29 of 56, process 116 of 224, pid=11042)
UPCR: UPC thread 218 of 224 on node067 (pshm node 54 of 56, process 218 of 224, pid=4342)
UPCR: UPC thread 154 of 224 on node046 (pshm node 38 of 56, process 154 of 224, pid=948)
UPCR: UPC thread 173 of 224 on node051 (pshm node 43 of 56, process 173 of 224, pid=22983)
UPCR: UPC thread 177 of 224 on node052 (pshm node 44 of 56, process 177 of 224, pid=13071)
UPCR: UPC thread  70 of 224 on node025 (pshm node 17 of 56, process  70 of 224, pid=22361)
UPCR: UPC thread 133 of 224 on node041 (pshm node 33 of 56, process 133 of 224, pid=4616)
UPCR: UPC thread 194 of 224 on node056 (pshm node 48 of 56, process 194 of 224, pid=9163)
UPCR: UPC thread  49 of 224 on node017 (pshm node 12 of 56, process  49 of 224, pid=30686)
UPCR: UPC thread 137 of 224 on node042 (pshm node 34 of 56, process 137 of 224, pid=1130)
UPCR: UPC thread 140 of 224 on node043 (pshm node 35 of 56, process 140 of 224, pid=3958)
UPCR: UPC thread 109 of 224 on node035 (pshm node 27 of 56, process 109 of 224, pid=10466)
UPCR: UPC thread 104 of 224 on node034 (pshm node 26 of 56, process 104 of 224, pid=6916)
UPCR: UPC thread  47 of 224 on node016 (pshm node 11 of 56, process  47 of 224, pid=30670)
UPCR: UPC thread  65 of 224 on node024 (pshm node 16 of 56, process  65 of 224, pid=1959)
UPCR: UPC thread 120 of 224 on node038 (pshm node 30 of 56, process 120 of 224, pid=2253)
UPCR: UPC thread  50 of 224 on node017 (pshm node 12 of 56, process  50 of 224, pid=30758)
UPCR: UPC thread  38 of 224 on node011 (pshm node  9 of 56, process  38 of 224, pid=23393)
UPCR: UPC thread 217 of 224 on node067 (pshm node 54 of 56, process 217 of 224, pid=4340)
UPCR: UPC thread 208 of 224 on node065 (pshm node 52 of 56, process 208 of 224, pid=21489)
UPCR: UPC thread 155 of 224 on node046 (pshm node 38 of 56, process 155 of 224, pid=924)
UPCR: UPC thread 105 of 224 on node034 (pshm node 26 of 56, process 105 of 224, pid=6851)
UPCR: UPC thread 108 of 224 on node035 (pshm node 27 of 56, process 108 of 224, pid=10490)
UPCR: UPC thread  56 of 224 on node019 (pshm node 14 of 56, process  56 of 224, pid=4924)
UPCR: UPC thread  13 of 224 on node004 (pshm node  3 of 56, process  13 of 224, pid=21244)
UPCR: UPC thread 162 of 224 on node048 (pshm node 40 of 56, process 162 of 224, pid=28940)
UPCR: UPC thread 111 of 224 on node035 (pshm node 27 of 56, process 111 of 224, pid=10494)
UPCR: UPC thread 163 of 224 on node048 (pshm node 40 of 56, process 163 of 224, pid=28984)
UPCR: UPC thread 157 of 224 on node047 (pshm node 39 of 56, process 157 of 224, pid=31789)
UPCR: UPC thread 176 of 224 on node052 (pshm node 44 of 56, process 176 of 224, pid=13095)
UPCR: UPC thread 158 of 224 on node047 (pshm node 39 of 56, process 158 of 224, pid=31790)
UPCR: UPC thread 200 of 224 on node063 (pshm node 50 of 56, process 200 of 224, pid=13124)
UPCR: UPC thread  24 of 224 on node007 (pshm node  6 of 56, process  24 of 224, pid=31643)
UPCR: UPC thread  64 of 224 on node024 (pshm node 16 of 56, process  64 of 224, pid=1970)
UPCR: UPC thread  44 of 224 on node016 (pshm node 11 of 56, process  44 of 224, pid=30720)
UPCR: UPC thread  58 of 224 on node019 (pshm node 14 of 56, process  58 of 224, pid=4919)
UPCR: UPC thread  83 of 224 on node028 (pshm node 20 of 56, process  83 of 224, pid=11221)
UPCR: UPC thread  80 of 224 on node028 (pshm node 20 of 56, process  80 of 224, pid=11280)
UPCR: UPC thread 134 of 224 on node041 (pshm node 33 of 56, process 134 of 224, pid=4615)
UPCR: UPC thread  32 of 224 on node010 (pshm node  8 of 56, process  32 of 224, pid=4716)
UPCR: UPC thread  41 of 224 on node012 (pshm node 10 of 56, process  41 of 224, pid=5124)
UPCR: UPC thread 126 of 224 on node039 (pshm node 31 of 56, process 126 of 224, pid=7972)
UPCR: UPC thread 161 of 224 on node048 (pshm node 40 of 56, process 161 of 224, pid=28983)
UPCR: UPC thread 107 of 224 on node034 (pshm node 26 of 56, process 107 of 224, pid=6897)
UPCR: UPC thread 179 of 224 on node052 (pshm node 44 of 56, process 179 of 224, pid=13119)
UPCR: UPC thread  99 of 224 on node032 (pshm node 24 of 56, process  99 of 224, pid=13342)
UPCR: UPC thread  15 of 224 on node004 (pshm node  3 of 56, process  15 of 224, pid=21285)
UPCR: UPC thread 192 of 224 on node056 (pshm node 48 of 56, process 192 of 224, pid=9189)
UPCR: UPC thread  78 of 224 on node027 (pshm node 19 of 56, process  78 of 224, pid=13749)
UPCR: UPC thread 184 of 224 on node054 (pshm node 46 of 56, process 184 of 224, pid=13185)
UPCR: UPC thread 159 of 224 on node047 (pshm node 39 of 56, process 159 of 224, pid=31765)
UPCR: UPC thread 166 of 224 on node049 (pshm node 41 of 56, process 166 of 224, pid=30533)
UPCR: UPC thread  63 of 224 on node020 (pshm node 15 of 56, process  63 of 224, pid=7901)
UPCR: UPC thread  46 of 224 on node016 (pshm node 11 of 56, process  46 of 224, pid=30718)
UPCR: UPC thread  30 of 224 on node008 (pshm node  7 of 56, process  30 of 224, pid=16422)
UPCR: UPC thread 160 of 224 on node048 (pshm node 40 of 56, process 160 of 224, pid=28945)
UPCR: UPC thread 205 of 224 on node064 (pshm node 51 of 56, process 205 of 224, pid=25907)
UPCR: UPC thread 156 of 224 on node047 (pshm node 39 of 56, process 156 of 224, pid=31799)
UPCR: UPC thread 195 of 224 on node056 (pshm node 48 of 56, process 195 of 224, pid=9118)
UPCR: UPC thread  17 of 224 on node005 (pshm node  4 of 56, process  17 of 224, pid=15516)
UPCR: UPC thread  59 of 224 on node019 (pshm node 14 of 56, process  59 of 224, pid=4890)
UPCR: UPC thread 146 of 224 on node044 (pshm node 36 of 56, process 146 of 224, pid=3007)
UPCR: UPC thread 201 of 224 on node063 (pshm node 50 of 56, process 201 of 224, pid=13196)
UPCR: UPC thread  96 of 224 on node032 (pshm node 24 of 56, process  96 of 224, pid=13341)
UPCR: UPC thread 206 of 224 on node064 (pshm node 51 of 56, process 206 of 224, pid=25931)
UPCR: UPC thread  62 of 224 on node020 (pshm node 15 of 56, process  62 of 224, pid=7830)
UPCR: UPC thread  33 of 224 on node010 (pshm node  8 of 56, process  33 of 224, pid=4691)
UPCR: UPC thread  79 of 224 on node027 (pshm node 19 of 56, process  79 of 224, pid=13799)
UPCR: UPC thread  52 of 224 on node018 (pshm node 13 of 56, process  52 of 224, pid=22371)
UPCR: UPC thread 139 of 224 on node042 (pshm node 34 of 56, process 139 of 224, pid=1138)
UPCR: UPC thread  84 of 224 on node029 (pshm node 21 of 56, process  84 of 224, pid=601)
UPCR: UPC thread 187 of 224 on node054 (pshm node 46 of 56, process 187 of 224, pid=13113)
UPCR: UPC thread 170 of 224 on node050 (pshm node 42 of 56, process 170 of 224, pid=23819)
UPCR: UPC thread  97 of 224 on node032 (pshm node 24 of 56, process  97 of 224, pid=13336)
UPCR: UPC thread 210 of 224 on node065 (pshm node 52 of 56, process 210 of 224, pid=21510)
UPCR: UPC thread 128 of 224 on node040 (pshm node 32 of 56, process 128 of 224, pid=10707)
UPCR: UPC thread 113 of 224 on node036 (pshm node 28 of 56, process 113 of 224, pid=8906)
UPCR: UPC thread  36 of 224 on node011 (pshm node  9 of 56, process  36 of 224, pid=23425)
UPCR: UPC thread  76 of 224 on node027 (pshm node 19 of 56, process  76 of 224, pid=13774)
UPCR: UPC thread  55 of 224 on node018 (pshm node 13 of 56, process  55 of 224, pid=22333)
UPCR: UPC thread  88 of 224 on node030 (pshm node 22 of 56, process  88 of 224, pid=7444)
UPCR: UPC thread  45 of 224 on node016 (pshm node 11 of 56, process  45 of 224, pid=30677)
UPCR: UPC thread  51 of 224 on node017 (pshm node 12 of 56, process  51 of 224, pid=30734)
UPCR: UPC thread  19 of 224 on node005 (pshm node  4 of 56, process  19 of 224, pid=15492)
UPCR: UPC thread  25 of 224 on node007 (pshm node  6 of 56, process  25 of 224, pid=31598)
UPCR: UPC thread 207 of 224 on node064 (pshm node 51 of 56, process 207 of 224, pid=25859)
UPCR: UPC thread 189 of 224 on node055 (pshm node 47 of 56, process 189 of 224, pid=13273)
UPCR: UPC thread  94 of 224 on node031 (pshm node 23 of 56, process  94 of 224, pid=14896)
UPCR: UPC thread  43 of 224 on node012 (pshm node 10 of 56, process  43 of 224, pid=5094)
UPCR: UPC thread 211 of 224 on node065 (pshm node 52 of 56, process 211 of 224, pid=21518)
UPCR: UPC thread  54 of 224 on node018 (pshm node 13 of 56, process  54 of 224, pid=22357)
UPCR: UPC thread  10 of 224 on node003 (pshm node  2 of 56, process  10 of 224, pid=30032)
UPCR: UPC thread  77 of 224 on node027 (pshm node 19 of 56, process  77 of 224, pid=13798)
UPCR: UPC thread 131 of 224 on node040 (pshm node 32 of 56, process 131 of 224, pid=10683)
UPCR: UPC thread 149 of 224 on node045 (pshm node 37 of 56, process 149 of 224, pid=1361)
UPCR: UPC thread 180 of 224 on node053 (pshm node 45 of 56, process 180 of 224, pid=13794)
UPCR: UPC thread  57 of 224 on node019 (pshm node 14 of 56, process  57 of 224, pid=4914)
UPCR: UPC thread 221 of 224 on node068 (pshm node 55 of 56, process 221 of 224, pid=32011)
UPCR: UPC thread 190 of 224 on node055 (pshm node 47 of 56, process 190 of 224, pid=13247)
UPCR: UPC thread 191 of 224 on node055 (pshm node 47 of 56, process 191 of 224, pid=13241)
UPCR: UPC thread 204 of 224 on node064 (pshm node 51 of 56, process 204 of 224, pid=25883)
UPCR: UPC thread 125 of 224 on node039 (pshm node 31 of 56, process 125 of 224, pid=8003)
UPCR: UPC thread 223 of 224 on node068 (pshm node 55 of 56, process 223 of 224, pid=31986)
UPCR: UPC thread 147 of 224 on node044 (pshm node 36 of 56, process 147 of 224, pid=3058)
UPCR: UPC thread 115 of 224 on node036 (pshm node 28 of 56, process 115 of 224, pid=8870)
UPCR: UPC thread 129 of 224 on node040 (pshm node 32 of 56, process 129 of 224, pid=10741)
UPCR: UPC thread 101 of 224 on node033 (pshm node 25 of 56, process 101 of 224, pid=14186)
UPCR: UPC thread 148 of 224 on node045 (pshm node 37 of 56, process 148 of 224, pid=1393)
UPCR: UPC thread 181 of 224 on node053 (pshm node 45 of 56, process 181 of 224, pid=13725)
UPCR: UPC thread 150 of 224 on node045 (pshm node 37 of 56, process 150 of 224, pid=1410)
UPCR: UPC thread  16 of 224 on node005 (pshm node  4 of 56, process  16 of 224, pid=15540)
UPCR: UPC thread  26 of 224 on node007 (pshm node  6 of 56, process  26 of 224, pid=31621)
UPCR: UPC thread  91 of 224 on node030 (pshm node 22 of 56, process  91 of 224, pid=7410)
UPCR: UPC thread  98 of 224 on node032 (pshm node 24 of 56, process  98 of 224, pid=13319)
UPCR: UPC thread 127 of 224 on node039 (pshm node 31 of 56, process 127 of 224, pid=8044)
UPCR: UPC thread 123 of 224 on node038 (pshm node 30 of 56, process 123 of 224, pid=2277)
UPCR: UPC thread 168 of 224 on node050 (pshm node 42 of 56, process 168 of 224, pid=23868)
UPCR: UPC thread  42 of 224 on node012 (pshm node 10 of 56, process  42 of 224, pid=5053)
UPCR: UPC thread 114 of 224 on node036 (pshm node 28 of 56, process 114 of 224, pid=8849)
UPCR: UPC thread  93 of 224 on node031 (pshm node 23 of 56, process  93 of 224, pid=14940)
UPCR: UPC thread 141 of 224 on node043 (pshm node 35 of 56, process 141 of 224, pid=3940)
UPCR: UPC thread  12 of 224 on node004 (pshm node  3 of 56, process  12 of 224, pid=21316)
UPCR: UPC thread 188 of 224 on node055 (pshm node 47 of 56, process 188 of 224, pid=13274)
UPCR: UPC thread 172 of 224 on node051 (pshm node 43 of 56, process 172 of 224, pid=23048)
UPCR: UPC thread  29 of 224 on node008 (pshm node  7 of 56, process  29 of 224, pid=16451)
UPCR: UPC thread 122 of 224 on node038 (pshm node 30 of 56, process 122 of 224, pid=2228)
UPCR: UPC thread  89 of 224 on node030 (pshm node 22 of 56, process  89 of 224, pid=7436)
UPCR: UPC thread  87 of 224 on node029 (pshm node 21 of 56, process  87 of 224, pid=655)
UPCR: UPC thread 185 of 224 on node054 (pshm node 46 of 56, process 185 of 224, pid=13131)
UPCR: UPC thread 169 of 224 on node050 (pshm node 42 of 56, process 169 of 224, pid=23867)
UPCR: UPC thread 152 of 224 on node046 (pshm node 38 of 56, process 152 of 224, pid=941)
UPCR: UPC thread  28 of 224 on node008 (pshm node  7 of 56, process  28 of 224, pid=16446)
UPCR: UPC thread 219 of 224 on node067 (pshm node 54 of 56, process 219 of 224, pid=4341)
UPCR: UPC thread 142 of 224 on node043 (pshm node 35 of 56, process 142 of 224, pid=3905)
UPCR: UPC thread  60 of 224 on node020 (pshm node 15 of 56, process  60 of 224, pid=7854)
UPCR: UPC thread 220 of 224 on node068 (pshm node 55 of 56, process 220 of 224, pid=32050)
UPCR: UPC thread 182 of 224 on node053 (pshm node 45 of 56, process 182 of 224, pid=13772)
UPCR: UPC thread  35 of 224 on node010 (pshm node  8 of 56, process  35 of 224, pid=4725)
UPCR: UPC thread 106 of 224 on node034 (pshm node 26 of 56, process 106 of 224, pid=6856)
UPCR: UPC thread  37 of 224 on node011 (pshm node  9 of 56, process  37 of 224, pid=23417)
UPCR: UPC thread  14 of 224 on node004 (pshm node  3 of 56, process  14 of 224, pid=21268)
UPCR: UPC thread 186 of 224 on node054 (pshm node 46 of 56, process 186 of 224, pid=13132)
UPCR: UPC thread 130 of 224 on node040 (pshm node 32 of 56, process 130 of 224, pid=10724)
UPCR: UPC thread  66 of 224 on node024 (pshm node 16 of 56, process  66 of 224, pid=1936)
UPCR: UPC thread 165 of 224 on node049 (pshm node 41 of 56, process 165 of 224, pid=30512)
UPCR: UPC thread 216 of 224 on node067 (pshm node 54 of 56, process 216 of 224, pid=4313)
UPCR: UPC thread  31 of 224 on node008 (pshm node  7 of 56, process  31 of 224, pid=16494)
UPCR: UPC thread 175 of 224 on node051 (pshm node 43 of 56, process 175 of 224, pid=23030)
UPCR: UPC thread   9 of 224 on node003 (pshm node  2 of 56, process   9 of 224, pid=29960)
UPCR: UPC thread  34 of 224 on node010 (pshm node  8 of 56, process  34 of 224, pid=4717)
UPCR: UPC thread  82 of 224 on node028 (pshm node 20 of 56, process  82 of 224, pid=11268)
UPCR: UPC thread 174 of 224 on node051 (pshm node 43 of 56, process 174 of 224, pid=23006)
UPCR: UPC thread 153 of 224 on node046 (pshm node 38 of 56, process 153 of 224, pid=900)
UPCR: UPC thread 121 of 224 on node038 (pshm node 30 of 56, process 121 of 224, pid=2282)
UPCR: UPC thread 164 of 224 on node049 (pshm node 41 of 56, process 164 of 224, pid=30541)
UPCR: UPC thread 167 of 224 on node049 (pshm node 41 of 56, process 167 of 224, pid=30495)
UPCR: UPC thread  67 of 224 on node024 (pshm node 16 of 56, process  67 of 224, pid=2004)
UPCR: UPC thread 102 of 224 on node033 (pshm node 25 of 56, process 102 of 224, pid=14162)
UPCR: UPC thread 124 of 224 on node039 (pshm node 31 of 56, process 124 of 224, pid=7996)
UPCR: UPC thread 193 of 224 on node056 (pshm node 48 of 56, process 193 of 224, pid=9119)
UPCR: UPC thread 151 of 224 on node045 (pshm node 37 of 56, process 151 of 224, pid=1339)
UPCR: UPC thread  27 of 224 on node007 (pshm node  6 of 56, process  27 of 224, pid=31647)
UPCR: UPC thread  61 of 224 on node020 (pshm node 15 of 56, process  61 of 224, pid=7877)
UPCR: UPC thread 143 of 224 on node043 (pshm node 35 of 56, process 143 of 224, pid=3892)
UPCR: UPC thread 183 of 224 on node053 (pshm node 45 of 56, process 183 of 224, pid=13742)
UPCR: UPC thread  40 of 224 on node012 (pshm node 10 of 56, process  40 of 224, pid=5076)
UPCR: UPC thread 145 of 224 on node044 (pshm node 36 of 56, process 145 of 224, pid=3015)
UPCR: UPC thread 197 of 224 on node062 (pshm node 49 of 56, process 197 of 224, pid=4283)
Initializing models/schedule_world.3.8-rgs.bdd!
Vector size: 34
Bits per integer: 8
Number of BDD variables: 272
Loading initial states: 
Initial states loaded... 
Loading transition relations... 
34 integers per state, 8 bits per integer, 34 transition groups
BDD nodes:
Initial states: 272 BDD nodes
Transition 0: 230 BDD nodes
Transition 1: 113 BDD nodes
Transition 2: 96 BDD nodes
Transition 3: 96 BDD nodes
Transition 4: 107 BDD nodes
Transition 5: 139 BDD nodes
Transition 6: 96 BDD nodes
Transition 7: 123 BDD nodes
Transition 8: 91 BDD nodes
Transition 9: 1008 BDD nodes
Transition 10: 218 BDD nodes
Transition 11: 141 BDD nodes
Transition 12: 113 BDD nodes
Transition 13: 96 BDD nodes
Transition 14: 96 BDD nodes
Transition 15: 123 BDD nodes
Transition 16: 107 BDD nodes
Transition 17: 91 BDD nodes
Transition 18: 95 BDD nodes
Transition 19: 95 BDD nodes
Transition 20: 112 BDD nodes
Transition 21: 112 BDD nodes
Transition 22: 123 BDD nodes
Transition 23: 123 BDD nodes
Transition 24: 107 BDD nodes
Transition 25: 107 BDD nodes
Transition 26: 234 BDD nodes
Transition 27: 234 BDD nodes
Transition 28: 96 BDD nodes
Transition 29: 96 BDD nodes
Transition 30: 154 BDD nodes
Transition 31: 154 BDD nodes
Transition 32: 91 BDD nodes
Transition 33: 91 BDD nodes
Level 1... done. 
Level 2... done. 
Level 3... done. 
Level 4... done. 
Level 5... done. 
Level 6... done. 
Level 7... done. 
Level 8... done. 
Level 9... done. 
Level 10... done. 
Level 11... done. 
Level 12... done. 
Level 13... done. 
Level 14... done. 
Level 15... done. 
Level 16... done. 
Level 17... done. 
Level 18... done. 
Level 19... done. 
Level 20... done. 
Level 21... done. 
Level 22... done. 
Level 23... done. 
PAR Time: 36.166426
Final states: 166649331 states
Final states: 28500 BDD nodes
[1444278474.242485] [node001:32610:0]         sys.c:719  MXM  WARN  Conflicting CPU frequencies detected, using: 1499.91
