[1444257650.977511] [node053:16321:0]         sys.c:719  MXM  WARN  Conflicting CPU frequencies detected, using: 1695.84
[1444257650.984271] [node053:16321:0]         mxm.c:185  MXM  WARN  The 'ulimit -s' on the system is set to 'unlimited'. This may have negative performance implications. Please set the heap size to the default value (10240) 
[1444257650.979891] [node053:16322:0]         sys.c:719  MXM  WARN  Conflicting CPU frequencies detected, using: 1695.84
[1444257650.985161] [node053:16322:0]         mxm.c:185  MXM  WARN  The 'ulimit -s' on the system is set to 'unlimited'. This may have negative performance implications. Please set the heap size to the default value (10240) 
[1444257650.977691] [node053:16323:0]         sys.c:719  MXM  WARN  Conflicting CPU frequencies detected, using: 1695.84
[1444257650.983279] [node053:16323:0]         mxm.c:185  MXM  WARN  The 'ulimit -s' on the system is set to 'unlimited'. This may have negative performance implications. Please set the heap size to the default value (10240) 
[1444257650.980429] [node053:16324:0]         sys.c:719  MXM  WARN  Conflicting CPU frequencies detected, using: 1695.84
[1444257650.990113] [node053:16324:0]         mxm.c:185  MXM  WARN  The 'ulimit -s' on the system is set to 'unlimited'. This may have negative performance implications. Please set the heap size to the default value (10240) 
[1444257651.205003] [node065:23602:0]         sys.c:719  MXM  WARN  Conflicting CPU frequencies detected, using: 1986.19
[1444257651.208929] [node065:23602:0]         mxm.c:185  MXM  WARN  The 'ulimit -s' on the system is set to 'unlimited'. This may have negative performance implications. Please set the heap size to the default value (10240) 
[1444257651.224188] [node065:23612:0]         sys.c:719  MXM  WARN  Conflicting CPU frequencies detected, using: 1999.97
[1444257651.227863] [node065:23612:0]         mxm.c:185  MXM  WARN  The 'ulimit -s' on the system is set to 'unlimited'. This may have negative performance implications. Please set the heap size to the default value (10240) 
[1444257651.226562] [node065:23613:0]         sys.c:719  MXM  WARN  Conflicting CPU frequencies detected, using: 1999.97
[1444257651.230069] [node065:23613:0]         mxm.c:185  MXM  WARN  The 'ulimit -s' on the system is set to 'unlimited'. This may have negative performance implications. Please set the heap size to the default value (10240) 
[1444257651.222306] [node065:23611:0]         sys.c:719  MXM  WARN  Conflicting CPU frequencies detected, using: 1999.97
[1444257651.227088] [node065:23611:0]         mxm.c:185  MXM  WARN  The 'ulimit -s' on the system is set to 'unlimited'. This may have negative performance implications. Please set the heap size to the default value (10240) 
[1444257651.219169] [node064:28101:0]         sys.c:719  MXM  WARN  Conflicting CPU frequencies detected, using: 2199.94
[1444257651.229847] [node064:28101:0]         mxm.c:185  MXM  WARN  The 'ulimit -s' on the system is set to 'unlimited'. This may have negative performance implications. Please set the heap size to the default value (10240) 
[1444257651.214254] [node064:28090:0]         sys.c:719  MXM  WARN  Conflicting CPU frequencies detected, using: 2086.50
[1444257651.227944] [node064:28090:0]         mxm.c:185  MXM  WARN  The 'ulimit -s' on the system is set to 'unlimited'. This may have negative performance implications. Please set the heap size to the default value (10240) 
[1444257651.215075] [node064:28089:0]         sys.c:719  MXM  WARN  Conflicting CPU frequencies detected, using: 2086.50
[1444257651.224745] [node064:28089:0]         mxm.c:185  MXM  WARN  The 'ulimit -s' on the system is set to 'unlimited'. This may have negative performance implications. Please set the heap size to the default value (10240) 
[1444257651.241577] [node068:1701 :0]         sys.c:719  MXM  WARN  Conflicting CPU frequencies detected, using: 2013.94
[1444257651.248667] [node068:1701 :0]         mxm.c:185  MXM  WARN  The 'ulimit -s' on the system is set to 'unlimited'. This may have negative performance implications. Please set the heap size to the default value (10240) 
[1444257651.276018] [node054:15247:0]         sys.c:719  MXM  WARN  Conflicting CPU frequencies detected, using: 1997.06
[1444257651.291040] [node054:15247:0]         mxm.c:185  MXM  WARN  The 'ulimit -s' on the system is set to 'unlimited'. This may have negative performance implications. Please set the heap size to the default value (10240) 
[1444257651.243361] [node066:8307 :0]         sys.c:719  MXM  WARN  Conflicting CPU frequencies detected, using: 2199.94
[1444257651.253888] [node066:8307 :0]         mxm.c:185  MXM  WARN  The 'ulimit -s' on the system is set to 'unlimited'. This may have negative performance implications. Please set the heap size to the default value (10240) 
[1444257651.243800] [node066:8308 :0]         sys.c:719  MXM  WARN  Conflicting CPU frequencies detected, using: 2199.94
[1444257651.256373] [node066:8308 :0]         mxm.c:185  MXM  WARN  The 'ulimit -s' on the system is set to 'unlimited'. This may have negative performance implications. Please set the heap size to the default value (10240) 
[1444257651.276072] [node054:15262:0]         sys.c:719  MXM  WARN  Conflicting CPU frequencies detected, using: 1997.06
[1444257651.287017] [node054:15262:0]         mxm.c:185  MXM  WARN  The 'ulimit -s' on the system is set to 'unlimited'. This may have negative performance implications. Please set the heap size to the default value (10240) 
[1444257651.284816] [node055:15353:0]         sys.c:719  MXM  WARN  Conflicting CPU frequencies detected, using: 2207.34
[1444257651.297411] [node055:15353:0]         mxm.c:185  MXM  WARN  The 'ulimit -s' on the system is set to 'unlimited'. This may have negative performance implications. Please set the heap size to the default value (10240) 
[1444257651.284925] [node055:15352:0]         sys.c:719  MXM  WARN  Conflicting CPU frequencies detected, using: 2207.34
[1444257651.298156] [node055:15352:0]         mxm.c:185  MXM  WARN  The 'ulimit -s' on the system is set to 'unlimited'. This may have negative performance implications. Please set the heap size to the default value (10240) 
[1444257651.242331] [node066:8305 :0]         sys.c:719  MXM  WARN  Conflicting CPU frequencies detected, using: 2199.94
[1444257651.252927] [node066:8305 :0]         mxm.c:185  MXM  WARN  The 'ulimit -s' on the system is set to 'unlimited'. This may have negative performance implications. Please set the heap size to the default value (10240) 
[1444257651.275743] [node054:15246:0]         sys.c:719  MXM  WARN  Conflicting CPU frequencies detected, using: 1997.06
[1444257651.290272] [node054:15246:0]         mxm.c:185  MXM  WARN  The 'ulimit -s' on the system is set to 'unlimited'. This may have negative performance implications. Please set the heap size to the default value (10240) 
[1444257651.275743] [node054:15248:0]         sys.c:719  MXM  WARN  Conflicting CPU frequencies detected, using: 1997.06
[1444257651.289482] [node054:15248:0]         mxm.c:185  MXM  WARN  The 'ulimit -s' on the system is set to 'unlimited'. This may have negative performance implications. Please set the heap size to the default value (10240) 
[1444257651.283500] [node055:15354:0]         sys.c:719  MXM  WARN  Conflicting CPU frequencies detected, using: 2207.34
[1444257651.295844] [node055:15354:0]         mxm.c:185  MXM  WARN  The 'ulimit -s' on the system is set to 'unlimited'. This may have negative performance implications. Please set the heap size to the default value (10240) 
[1444257651.225163] [node067:6451 :0]         sys.c:719  MXM  WARN  Conflicting CPU frequencies detected, using: 2199.84
[1444257651.240611] [node067:6451 :0]         mxm.c:185  MXM  WARN  The 'ulimit -s' on the system is set to 'unlimited'. This may have negative performance implications. Please set the heap size to the default value (10240) 
[1444257651.240645] [node066:8306 :0]         sys.c:719  MXM  WARN  Conflicting CPU frequencies detected, using: 2199.94
[1444257651.248079] [node066:8306 :0]         mxm.c:185  MXM  WARN  The 'ulimit -s' on the system is set to 'unlimited'. This may have negative performance implications. Please set the heap size to the default value (10240) 
[1444257651.227718] [node067:6456 :0]         sys.c:719  MXM  WARN  Conflicting CPU frequencies detected, using: 2199.84
[1444257651.239841] [node067:6456 :0]         mxm.c:185  MXM  WARN  The 'ulimit -s' on the system is set to 'unlimited'. This may have negative performance implications. Please set the heap size to the default value (10240) 
[1444257651.225316] [node067:6457 :0]         sys.c:719  MXM  WARN  Conflicting CPU frequencies detected, using: 2199.84
[1444257651.236632] [node067:6457 :0]         mxm.c:185  MXM  WARN  The 'ulimit -s' on the system is set to 'unlimited'. This may have negative performance implications. Please set the heap size to the default value (10240) 
[1444257651.215311] [node064:28104:0]         sys.c:719  MXM  WARN  Conflicting CPU frequencies detected, using: 2086.50
[1444257651.225468] [node064:28104:0]         mxm.c:185  MXM  WARN  The 'ulimit -s' on the system is set to 'unlimited'. This may have negative performance implications. Please set the heap size to the default value (10240) 
[1444257651.225149] [node067:6448 :0]         sys.c:719  MXM  WARN  Conflicting CPU frequencies detected, using: 2199.84
[1444257651.235872] [node067:6448 :0]         mxm.c:185  MXM  WARN  The 'ulimit -s' on the system is set to 'unlimited'. This may have negative performance implications. Please set the heap size to the default value (10240) 
[1444257651.283002] [node055:15355:0]         sys.c:719  MXM  WARN  Conflicting CPU frequencies detected, using: 2207.34
[1444257651.292632] [node055:15355:0]         mxm.c:185  MXM  WARN  The 'ulimit -s' on the system is set to 'unlimited'. This may have negative performance implications. Please set the heap size to the default value (10240) 
[1444257651.232395] [node068:1696 :0]         sys.c:719  MXM  WARN  Conflicting CPU frequencies detected, using: 2013.94
[1444257651.240712] [node068:1696 :0]         mxm.c:185  MXM  WARN  The 'ulimit -s' on the system is set to 'unlimited'. This may have negative performance implications. Please set the heap size to the default value (10240) 
[1444257651.235060] [node068:1703 :0]         sys.c:719  MXM  WARN  Conflicting CPU frequencies detected, using: 2013.94
[1444257651.245274] [node068:1703 :0]         mxm.c:185  MXM  WARN  The 'ulimit -s' on the system is set to 'unlimited'. This may have negative performance implications. Please set the heap size to the default value (10240) 
[1444257651.234011] [node068:1704 :0]         sys.c:719  MXM  WARN  Conflicting CPU frequencies detected, using: 2013.94
[1444257651.243734] [node068:1704 :0]         mxm.c:185  MXM  WARN  The 'ulimit -s' on the system is set to 'unlimited'. This may have negative performance implications. Please set the heap size to the default value (10240) 
UPCR: UPC thread 14 of 32 on node064 (pshm node 3 of 8, process 14 of 32, pid=28089)
UPCR: UPC thread 13 of 32 on node064 (pshm node 3 of 8, process 13 of 32, pid=28104)
UPCR: UPC thread 12 of 32 on node064 (pshm node 3 of 8, process 12 of 32, pid=28090)
UPCR: UPC thread 20 of 32 on node066 (pshm node 5 of 8, process 20 of 32, pid=8308)
UPCR: UPC thread 22 of 32 on node066 (pshm node 5 of 8, process 22 of 32, pid=8306)
UPCR: UPC thread 30 of 32 on node068 (pshm node 7 of 8, process 30 of 32, pid=1704)
UPCR: UPC thread 15 of 32 on node064 (pshm node 3 of 8, process 15 of 32, pid=28101)
UPCR: UPC thread 31 of 32 on node068 (pshm node 7 of 8, process 31 of 32, pid=1703)
UPCR: UPC thread 21 of 32 on node066 (pshm node 5 of 8, process 21 of 32, pid=8305)
UPCR: UPC thread 23 of 32 on node066 (pshm node 5 of 8, process 23 of 32, pid=8307)
UPCR: UPC thread 29 of 32 on node068 (pshm node 7 of 8, process 29 of 32, pid=1701)
UPCR: UPC thread 28 of 32 on node068 (pshm node 7 of 8, process 28 of 32, pid=1696)
UPCR: UPC thread  4 of 32 on node054 (pshm node 1 of 8, process  4 of 32, pid=15246)
UPCR: UPC thread  5 of 32 on node054 (pshm node 1 of 8, process  5 of 32, pid=15262)
UPCR: UPC thread  6 of 32 on node054 (pshm node 1 of 8, process  6 of 32, pid=15247)
UPCR: UPC thread  7 of 32 on node054 (pshm node 1 of 8, process  7 of 32, pid=15248)
UPCR: UPC thread  8 of 32 on node055 (pshm node 2 of 8, process  8 of 32, pid=15355)
UPCR: UPC thread 27 of 32 on node067 (pshm node 6 of 8, process 27 of 32, pid=6456)
UPCR: UPC thread  9 of 32 on node055 (pshm node 2 of 8, process  9 of 32, pid=15352)
UPCR: UPC thread 11 of 32 on node055 (pshm node 2 of 8, process 11 of 32, pid=15354)
UPCR: UPC thread 25 of 32 on node067 (pshm node 6 of 8, process 25 of 32, pid=6448)
UPCR: UPC thread 10 of 32 on node055 (pshm node 2 of 8, process 10 of 32, pid=15353)
UPCR: UPC thread  2 of 32 on node053 (pshm node 0 of 8, process  2 of 32, pid=16323)
UPCR: UPC thread  1 of 32 on node053 (pshm node 0 of 8, process  1 of 32, pid=16322)
UPCR: UPC thread  3 of 32 on node053 (pshm node 0 of 8, process  3 of 32, pid=16324)
UPCR: UPC thread 24 of 32 on node067 (pshm node 6 of 8, process 24 of 32, pid=6457)
UPCR: UPC thread  0 of 32 on node053 (pshm node 0 of 8, process  0 of 32, pid=16321)
UPCR: UPC thread 26 of 32 on node067 (pshm node 6 of 8, process 26 of 32, pid=6451)
UPCR: UPC thread 19 of 32 on node065 (pshm node 4 of 8, process 19 of 32, pid=23611)
UPCR: UPC thread 16 of 32 on node065 (pshm node 4 of 8, process 16 of 32, pid=23612)
UPCR: UPC thread 17 of 32 on node065 (pshm node 4 of 8, process 17 of 32, pid=23613)
UPCR: UPC thread 18 of 32 on node065 (pshm node 4 of 8, process 18 of 32, pid=23602)
Initializing models/schedule_world.3.8-rgs.bdd!
Vector size: 34
Bits per integer: 8
Number of BDD variables: 272
Loading initial states: 
Initial states loaded... 
Loading transition relations... 
34 integers per state, 8 bits per integer, 34 transition groups
BDD nodes:
Initial states: 272 BDD nodes
Transition 0: 230 BDD nodes
Transition 1: 113 BDD nodes
Transition 2: 96 BDD nodes
Transition 3: 96 BDD nodes
Transition 4: 107 BDD nodes
Transition 5: 139 BDD nodes
Transition 6: 96 BDD nodes
Transition 7: 123 BDD nodes
Transition 8: 91 BDD nodes
Transition 9: 1008 BDD nodes
Transition 10: 218 BDD nodes
Transition 11: 141 BDD nodes
Transition 12: 113 BDD nodes
Transition 13: 96 BDD nodes
Transition 14: 96 BDD nodes
Transition 15: 123 BDD nodes
Transition 16: 107 BDD nodes
Transition 17: 91 BDD nodes
Transition 18: 95 BDD nodes
Transition 19: 95 BDD nodes
Transition 20: 112 BDD nodes
Transition 21: 112 BDD nodes
Transition 22: 123 BDD nodes
Transition 23: 123 BDD nodes
Transition 24: 107 BDD nodes
Transition 25: 107 BDD nodes
Transition 26: 234 BDD nodes
Transition 27: 234 BDD nodes
Transition 28: 96 BDD nodes
Transition 29: 96 BDD nodes
Transition 30: 154 BDD nodes
Transition 31: 154 BDD nodes
Transition 32: 91 BDD nodes
Transition 33: 91 BDD nodes
Level 1... done. 
Level 2... done. 
Level 3... done. 
Level 4... done. 
Level 5... done. 
Level 6... done. 
Level 7... done. 
Level 8... done. 
Level 9... done. 
Level 10... done. 
Level 11... done. 
Level 12... done. 
Level 13... done. 
Level 14... done. 
Level 15... done. 
Level 16... done. 
Level 17... done. 
Level 18... done. 
Level 19... done. 
Level 20... done. 
Level 21... done. 
Level 22... done. 
Level 23... done. 
PAR Time: 126.022121
Final states: 166649331 states
Final states: 28500 BDD nodes
[1444257650.959703] [node053:16276:0]         sys.c:719  MXM  WARN  Conflicting CPU frequencies detected, using: 2827.97
