[1444153426.061724] [node053:7731 :0]         sys.c:719  MXM  WARN  Conflicting CPU frequencies detected, using: 1703.91
[1444153426.072100] [node053:7731 :0]         mxm.c:185  MXM  WARN  The 'ulimit -s' on the system is set to 'unlimited'. This may have negative performance implications. Please set the heap size to the default value (10240) 
[1444153426.062975] [node053:7733 :0]         sys.c:719  MXM  WARN  Conflicting CPU frequencies detected, using: 1703.91
[1444153426.074704] [node053:7733 :0]         mxm.c:185  MXM  WARN  The 'ulimit -s' on the system is set to 'unlimited'. This may have negative performance implications. Please set the heap size to the default value (10240) 
[1444153426.062225] [node053:7732 :0]         sys.c:719  MXM  WARN  Conflicting CPU frequencies detected, using: 1703.91
[1444153426.072189] [node053:7732 :0]         mxm.c:185  MXM  WARN  The 'ulimit -s' on the system is set to 'unlimited'. This may have negative performance implications. Please set the heap size to the default value (10240) 
[1444153426.060994] [node053:7730 :0]         sys.c:719  MXM  WARN  Conflicting CPU frequencies detected, using: 1703.91
[1444153426.073552] [node053:7730 :0]         mxm.c:185  MXM  WARN  The 'ulimit -s' on the system is set to 'unlimited'. This may have negative performance implications. Please set the heap size to the default value (10240) 
[1444153426.313200] [node055:6522 :0]         sys.c:719  MXM  WARN  Conflicting CPU frequencies detected, using: 2781.66
[1444153426.319140] [node055:6522 :0]         mxm.c:185  MXM  WARN  The 'ulimit -s' on the system is set to 'unlimited'. This may have negative performance implications. Please set the heap size to the default value (10240) 
[1444153426.318198] [node055:6528 :0]         sys.c:719  MXM  WARN  Conflicting CPU frequencies detected, using: 2781.66
[1444153426.323814] [node055:6528 :0]         mxm.c:185  MXM  WARN  The 'ulimit -s' on the system is set to 'unlimited'. This may have negative performance implications. Please set the heap size to the default value (10240) 
[1444153426.320568] [node058:5292 :0]         sys.c:719  MXM  WARN  Conflicting CPU frequencies detected, using: 1596.75
[1444153426.325088] [node058:5292 :0]         mxm.c:185  MXM  WARN  The 'ulimit -s' on the system is set to 'unlimited'. This may have negative performance implications. Please set the heap size to the default value (10240) 
[1444153426.318243] [node054:5865 :0]         sys.c:719  MXM  WARN  Conflicting CPU frequencies detected, using: 1795.03
[1444153426.324486] [node054:5865 :0]         mxm.c:185  MXM  WARN  The 'ulimit -s' on the system is set to 'unlimited'. This may have negative performance implications. Please set the heap size to the default value (10240) 
[1444153426.321385] [node056:5003 :0]         sys.c:719  MXM  WARN  Conflicting CPU frequencies detected, using: 1799.06
[1444153426.326985] [node056:5003 :0]         mxm.c:185  MXM  WARN  The 'ulimit -s' on the system is set to 'unlimited'. This may have negative performance implications. Please set the heap size to the default value (10240) 
[1444153426.335202] [node055:6552 :0]         sys.c:719  MXM  WARN  Conflicting CPU frequencies detected, using: 2781.66
[1444153426.341047] [node055:6552 :0]         mxm.c:185  MXM  WARN  The 'ulimit -s' on the system is set to 'unlimited'. This may have negative performance implications. Please set the heap size to the default value (10240) 
[1444153426.331048] [node056:5012 :0]         sys.c:719  MXM  WARN  Conflicting CPU frequencies detected, using: 1882.78
[1444153426.338906] [node056:5012 :0]         mxm.c:185  MXM  WARN  The 'ulimit -s' on the system is set to 'unlimited'. This may have negative performance implications. Please set the heap size to the default value (10240) 
[1444153426.344774] [node055:6566 :0]         sys.c:719  MXM  WARN  Conflicting CPU frequencies detected, using: 2781.66
[1444153426.353686] [node055:6566 :0]         mxm.c:185  MXM  WARN  The 'ulimit -s' on the system is set to 'unlimited'. This may have negative performance implications. Please set the heap size to the default value (10240) 
[1444153426.350812] [node057:10767:0]         sys.c:719  MXM  WARN  Conflicting CPU frequencies detected, using: 1699.69
[1444153426.354333] [node057:10767:0]         mxm.c:185  MXM  WARN  The 'ulimit -s' on the system is set to 'unlimited'. This may have negative performance implications. Please set the heap size to the default value (10240) 
[1444153426.363028] [node060:8797 :0]         sys.c:719  MXM  WARN  Conflicting CPU frequencies detected, using: 1899.94
[1444153426.366749] [node060:8797 :0]         mxm.c:185  MXM  WARN  The 'ulimit -s' on the system is set to 'unlimited'. This may have negative performance implications. Please set the heap size to the default value (10240) 
[1444153426.361840] [node061:15973:0]         sys.c:719  MXM  WARN  Conflicting CPU frequencies detected, using: 1696.03
[1444153426.365545] [node061:15973:0]         mxm.c:185  MXM  WARN  The 'ulimit -s' on the system is set to 'unlimited'. This may have negative performance implications. Please set the heap size to the default value (10240) 
[1444153426.355170] [node054:5884 :0]         sys.c:719  MXM  WARN  Conflicting CPU frequencies detected, using: 1970.06
[1444153426.363469] [node054:5884 :0]         mxm.c:185  MXM  WARN  The 'ulimit -s' on the system is set to 'unlimited'. This may have negative performance implications. Please set the heap size to the default value (10240) 
[1444153426.371594] [node057:10775:0]         sys.c:719  MXM  WARN  Conflicting CPU frequencies detected, using: 1699.69
[1444153426.374823] [node057:10775:0]         mxm.c:185  MXM  WARN  The 'ulimit -s' on the system is set to 'unlimited'. This may have negative performance implications. Please set the heap size to the default value (10240) 
[1444153426.368383] [node057:10774:0]         sys.c:719  MXM  WARN  Conflicting CPU frequencies detected, using: 1699.69
[1444153426.372048] [node057:10774:0]         mxm.c:185  MXM  WARN  The 'ulimit -s' on the system is set to 'unlimited'. This may have negative performance implications. Please set the heap size to the default value (10240) 
[1444153426.379394] [node058:5310 :0]         sys.c:719  MXM  WARN  Conflicting CPU frequencies detected, using: 1979.81
[1444153426.382704] [node058:5310 :0]         mxm.c:185  MXM  WARN  The 'ulimit -s' on the system is set to 'unlimited'. This may have negative performance implications. Please set the heap size to the default value (10240) 
[1444153426.374454] [node063:17936:0]         sys.c:719  MXM  WARN  Conflicting CPU frequencies detected, using: 1789.50
[1444153426.378122] [node063:17936:0]         mxm.c:185  MXM  WARN  The 'ulimit -s' on the system is set to 'unlimited'. This may have negative performance implications. Please set the heap size to the default value (10240) 
[1444153426.360538] [node056:5036 :0]         sys.c:719  MXM  WARN  Conflicting CPU frequencies detected, using: 1927.69
[1444153426.369009] [node056:5036 :0]         mxm.c:185  MXM  WARN  The 'ulimit -s' on the system is set to 'unlimited'. This may have negative performance implications. Please set the heap size to the default value (10240) 
[1444153426.378094] [node060:8805 :0]         sys.c:719  MXM  WARN  Conflicting CPU frequencies detected, using: 1993.12
[1444153426.381642] [node060:8805 :0]         mxm.c:185  MXM  WARN  The 'ulimit -s' on the system is set to 'unlimited'. This may have negative performance implications. Please set the heap size to the default value (10240) 
[1444153426.380358] [node063:17940:0]         sys.c:719  MXM  WARN  Conflicting CPU frequencies detected, using: 2012.81
[1444153426.384080] [node063:17940:0]         mxm.c:185  MXM  WARN  The 'ulimit -s' on the system is set to 'unlimited'. This may have negative performance implications. Please set the heap size to the default value (10240) 
[1444153426.361416] [node056:5035 :0]         sys.c:719  MXM  WARN  Conflicting CPU frequencies detected, using: 1927.69
[1444153426.370792] [node056:5035 :0]         mxm.c:185  MXM  WARN  The 'ulimit -s' on the system is set to 'unlimited'. This may have negative performance implications. Please set the heap size to the default value (10240) 
[1444153426.377333] [node058:5311 :0]         sys.c:719  MXM  WARN  Conflicting CPU frequencies detected, using: 1977.66
[1444153426.381131] [node058:5311 :0]         mxm.c:185  MXM  WARN  The 'ulimit -s' on the system is set to 'unlimited'. This may have negative performance implications. Please set the heap size to the default value (10240) 
[1444153426.358109] [node054:5878 :0]         sys.c:719  MXM  WARN  Conflicting CPU frequencies detected, using: 1970.06
[1444153426.367432] [node054:5878 :0]         mxm.c:185  MXM  WARN  The 'ulimit -s' on the system is set to 'unlimited'. This may have negative performance implications. Please set the heap size to the default value (10240) 
[1444153426.388697] [node060:8821 :0]         sys.c:719  MXM  WARN  Conflicting CPU frequencies detected, using: 2085.09
[1444153426.392161] [node060:8821 :0]         mxm.c:185  MXM  WARN  The 'ulimit -s' on the system is set to 'unlimited'. This may have negative performance implications. Please set the heap size to the default value (10240) 
[1444153426.354737] [node054:5880 :0]         sys.c:719  MXM  WARN  Conflicting CPU frequencies detected, using: 1970.06
[1444153426.365206] [node054:5880 :0]         mxm.c:185  MXM  WARN  The 'ulimit -s' on the system is set to 'unlimited'. This may have negative performance implications. Please set the heap size to the default value (10240) 
[1444153426.375692] [node057:10812:0]         sys.c:719  MXM  WARN  Conflicting CPU frequencies detected, using: 1775.81
[1444153426.379928] [node057:10812:0]         mxm.c:185  MXM  WARN  The 'ulimit -s' on the system is set to 'unlimited'. This may have negative performance implications. Please set the heap size to the default value (10240) 
[1444153426.378699] [node058:5318 :0]         sys.c:719  MXM  WARN  Conflicting CPU frequencies detected, using: 1979.81
[1444153426.382612] [node058:5318 :0]         mxm.c:185  MXM  WARN  The 'ulimit -s' on the system is set to 'unlimited'. This may have negative performance implications. Please set the heap size to the default value (10240) 
[1444153426.382718] [node063:17949:0]         sys.c:719  MXM  WARN  Conflicting CPU frequencies detected, using: 2012.81
[1444153426.386402] [node063:17949:0]         mxm.c:185  MXM  WARN  The 'ulimit -s' on the system is set to 'unlimited'. This may have negative performance implications. Please set the heap size to the default value (10240) 
[1444153426.381458] [node061:15980:0]         sys.c:719  MXM  WARN  Conflicting CPU frequencies detected, using: 1788.28
[1444153426.385330] [node061:15980:0]         mxm.c:185  MXM  WARN  The 'ulimit -s' on the system is set to 'unlimited'. This may have negative performance implications. Please set the heap size to the default value (10240) 
[1444153426.384145] [node060:8810 :0]         sys.c:719  MXM  WARN  Conflicting CPU frequencies detected, using: 2077.69
[1444153426.388351] [node060:8810 :0]         mxm.c:185  MXM  WARN  The 'ulimit -s' on the system is set to 'unlimited'. This may have negative performance implications. Please set the heap size to the default value (10240) 
[1444153426.389227] [node063:17984:0]         sys.c:719  MXM  WARN  Conflicting CPU frequencies detected, using: 2012.81
[1444153426.392902] [node063:17984:0]         mxm.c:185  MXM  WARN  The 'ulimit -s' on the system is set to 'unlimited'. This may have negative performance implications. Please set the heap size to the default value (10240) 
[1444153426.391626] [node061:15989:0]         sys.c:719  MXM  WARN  Conflicting CPU frequencies detected, using: 1899.94
[1444153426.394906] [node061:15989:0]         mxm.c:185  MXM  WARN  The 'ulimit -s' on the system is set to 'unlimited'. This may have negative performance implications. Please set the heap size to the default value (10240) 
[1444153426.391886] [node061:16006:0]         sys.c:719  MXM  WARN  Conflicting CPU frequencies detected, using: 1899.94
[1444153426.395432] [node061:16006:0]         mxm.c:185  MXM  WARN  The 'ulimit -s' on the system is set to 'unlimited'. This may have negative performance implications. Please set the heap size to the default value (10240) 
[1444153426.373728] [node064:21604:0]         sys.c:719  MXM  WARN  Conflicting CPU frequencies detected, using: 1697.62
[1444153426.379324] [node064:21604:0]         mxm.c:185  MXM  WARN  The 'ulimit -s' on the system is set to 'unlimited'. This may have negative performance implications. Please set the heap size to the default value (10240) 
[1444153426.393366] [node064:21613:0]         sys.c:719  MXM  WARN  Conflicting CPU frequencies detected, using: 1799.06
[1444153426.398637] [node064:21613:0]         mxm.c:185  MXM  WARN  The 'ulimit -s' on the system is set to 'unlimited'. This may have negative performance implications. Please set the heap size to the default value (10240) 
[1444153426.429163] [node059:3398 :0]         sys.c:719  MXM  WARN  Conflicting CPU frequencies detected, using: 1599.94
[1444153426.434515] [node059:3398 :0]         mxm.c:185  MXM  WARN  The 'ulimit -s' on the system is set to 'unlimited'. This may have negative performance implications. Please set the heap size to the default value (10240) 
[1444153426.400510] [node064:21616:0]         sys.c:719  MXM  WARN  Conflicting CPU frequencies detected, using: 1799.06
[1444153426.407331] [node064:21616:0]         mxm.c:185  MXM  WARN  The 'ulimit -s' on the system is set to 'unlimited'. This may have negative performance implications. Please set the heap size to the default value (10240) 
[1444153426.402999] [node064:21628:0]         sys.c:719  MXM  WARN  Conflicting CPU frequencies detected, using: 1889.72
[1444153426.412308] [node064:21628:0]         mxm.c:185  MXM  WARN  The 'ulimit -s' on the system is set to 'unlimited'. This may have negative performance implications. Please set the heap size to the default value (10240) 
[1444153426.442936] [node062:11617:0]         sys.c:719  MXM  WARN  Conflicting CPU frequencies detected, using: 1996.12
[1444153426.456416] [node062:11617:0]         mxm.c:185  MXM  WARN  The 'ulimit -s' on the system is set to 'unlimited'. This may have negative performance implications. Please set the heap size to the default value (10240) 
[1444153426.442257] [node062:11616:0]         sys.c:719  MXM  WARN  Conflicting CPU frequencies detected, using: 1996.12
[1444153426.453947] [node062:11616:0]         mxm.c:185  MXM  WARN  The 'ulimit -s' on the system is set to 'unlimited'. This may have negative performance implications. Please set the heap size to the default value (10240) 
[1444153426.441682] [node062:11618:0]         sys.c:719  MXM  WARN  Conflicting CPU frequencies detected, using: 1996.12
[1444153426.455659] [node062:11618:0]         mxm.c:185  MXM  WARN  The 'ulimit -s' on the system is set to 'unlimited'. This may have negative performance implications. Please set the heap size to the default value (10240) 
[1444153426.429161] [node059:3362 :0]         sys.c:719  MXM  WARN  Conflicting CPU frequencies detected, using: 1599.94
[1444153426.434315] [node059:3362 :0]         mxm.c:185  MXM  WARN  The 'ulimit -s' on the system is set to 'unlimited'. This may have negative performance implications. Please set the heap size to the default value (10240) 
[1444153426.428930] [node059:3361 :0]         sys.c:719  MXM  WARN  Conflicting CPU frequencies detected, using: 1599.94
[1444153426.434426] [node059:3361 :0]         mxm.c:185  MXM  WARN  The 'ulimit -s' on the system is set to 'unlimited'. This may have negative performance implications. Please set the heap size to the default value (10240) 
[1444153426.441352] [node062:11615:0]         sys.c:719  MXM  WARN  Conflicting CPU frequencies detected, using: 1996.12
[1444153426.450911] [node062:11615:0]         mxm.c:185  MXM  WARN  The 'ulimit -s' on the system is set to 'unlimited'. This may have negative performance implications. Please set the heap size to the default value (10240) 
[1444153426.428984] [node059:3388 :0]         sys.c:719  MXM  WARN  Conflicting CPU frequencies detected, using: 1599.94
[1444153426.434187] [node059:3388 :0]         mxm.c:185  MXM  WARN  The 'ulimit -s' on the system is set to 'unlimited'. This may have negative performance implications. Please set the heap size to the default value (10240) 
UPCR: UPC thread 24 of 48 on node059 (pshm node  6 of 12, process 24 of 48, pid=3362)
UPCR: UPC thread 28 of 48 on node060 (pshm node  7 of 12, process 28 of 48, pid=8797)
UPCR: UPC thread 42 of 48 on node063 (pshm node 10 of 12, process 42 of 48, pid=17936)
UPCR: UPC thread  1 of 48 on node053 (pshm node  0 of 12, process  1 of 48, pid=7731)
UPCR: UPC thread 26 of 48 on node059 (pshm node  6 of 12, process 26 of 48, pid=3361)
UPCR: UPC thread 40 of 48 on node063 (pshm node 10 of 12, process 40 of 48, pid=17949)
UPCR: UPC thread  0 of 48 on node053 (pshm node  0 of 12, process  0 of 48, pid=7730)
UPCR: UPC thread 31 of 48 on node060 (pshm node  7 of 12, process 31 of 48, pid=8810)
UPCR: UPC thread  2 of 48 on node053 (pshm node  0 of 12, process  2 of 48, pid=7732)
UPCR: UPC thread  4 of 48 on node054 (pshm node  1 of 12, process  4 of 48, pid=5884)
UPCR: UPC thread 34 of 48 on node061 (pshm node  8 of 12, process 34 of 48, pid=16006)
UPCR: UPC thread 27 of 48 on node059 (pshm node  6 of 12, process 27 of 48, pid=3398)
UPCR: UPC thread 33 of 48 on node061 (pshm node  8 of 12, process 33 of 48, pid=15989)
UPCR: UPC thread 11 of 48 on node055 (pshm node  2 of 12, process 11 of 48, pid=6566)
UPCR: UPC thread 43 of 48 on node063 (pshm node 10 of 12, process 43 of 48, pid=17984)
UPCR: UPC thread 41 of 48 on node063 (pshm node 10 of 12, process 41 of 48, pid=17940)
UPCR: UPC thread 45 of 48 on node064 (pshm node 11 of 12, process 45 of 48, pid=21604)
UPCR: UPC thread  3 of 48 on node053 (pshm node  0 of 12, process  3 of 48, pid=7733)
UPCR: UPC thread 36 of 48 on node062 (pshm node  9 of 12, process 36 of 48, pid=11617)
UPCR: UPC thread 23 of 48 on node058 (pshm node  5 of 12, process 23 of 48, pid=5311)
UPCR: UPC thread 39 of 48 on node062 (pshm node  9 of 12, process 39 of 48, pid=11616)
UPCR: UPC thread 20 of 48 on node058 (pshm node  5 of 12, process 20 of 48, pid=5292)
UPCR: UPC thread 22 of 48 on node058 (pshm node  5 of 12, process 22 of 48, pid=5318)
UPCR: UPC thread 25 of 48 on node059 (pshm node  6 of 12, process 25 of 48, pid=3388)
UPCR: UPC thread 32 of 48 on node061 (pshm node  8 of 12, process 32 of 48, pid=15980)
UPCR: UPC thread 29 of 48 on node060 (pshm node  7 of 12, process 29 of 48, pid=8821)
UPCR: UPC thread 21 of 48 on node058 (pshm node  5 of 12, process 21 of 48, pid=5310)
UPCR: UPC thread 37 of 48 on node062 (pshm node  9 of 12, process 37 of 48, pid=11618)
UPCR: UPC thread 13 of 48 on node056 (pshm node  3 of 12, process 13 of 48, pid=5035)
UPCR: UPC thread  6 of 48 on node054 (pshm node  1 of 12, process  6 of 48, pid=5865)
UPCR: UPC thread 35 of 48 on node061 (pshm node  8 of 12, process 35 of 48, pid=15973)
UPCR: UPC thread 30 of 48 on node060 (pshm node  7 of 12, process 30 of 48, pid=8805)
UPCR: UPC thread 46 of 48 on node064 (pshm node 11 of 12, process 46 of 48, pid=21628)
UPCR: UPC thread  8 of 48 on node055 (pshm node  2 of 12, process  8 of 48, pid=6522)
UPCR: UPC thread 38 of 48 on node062 (pshm node  9 of 12, process 38 of 48, pid=11615)
UPCR: UPC thread 14 of 48 on node056 (pshm node  3 of 12, process 14 of 48, pid=5012)
UPCR: UPC thread 44 of 48 on node064 (pshm node 11 of 12, process 44 of 48, pid=21613)
UPCR: UPC thread  9 of 48 on node055 (pshm node  2 of 12, process  9 of 48, pid=6552)
UPCR: UPC thread 16 of 48 on node057 (pshm node  4 of 12, process 16 of 48, pid=10812)
UPCR: UPC thread  7 of 48 on node054 (pshm node  1 of 12, process  7 of 48, pid=5878)
UPCR: UPC thread 12 of 48 on node056 (pshm node  3 of 12, process 12 of 48, pid=5036)
UPCR: UPC thread 19 of 48 on node057 (pshm node  4 of 12, process 19 of 48, pid=10774)
UPCR: UPC thread 18 of 48 on node057 (pshm node  4 of 12, process 18 of 48, pid=10767)
UPCR: UPC thread 47 of 48 on node064 (pshm node 11 of 12, process 47 of 48, pid=21616)
UPCR: UPC thread  5 of 48 on node054 (pshm node  1 of 12, process  5 of 48, pid=5880)
UPCR: UPC thread 17 of 48 on node057 (pshm node  4 of 12, process 17 of 48, pid=10775)
UPCR: UPC thread 15 of 48 on node056 (pshm node  3 of 12, process 15 of 48, pid=5003)
UPCR: UPC thread 10 of 48 on node055 (pshm node  2 of 12, process 10 of 48, pid=6528)
Initializing models/schedule_world.2.8-rgs.bdd!
Vector size: 28
Bits per integer: 8
Number of BDD variables: 224
Loading initial states: 
Initial states loaded... 
Loading transition relations... 
28 integers per state, 8 bits per integer, 26 transition groups
BDD nodes:
Initial states: 224 BDD nodes
Transition 0: 230 BDD nodes
Transition 1: 113 BDD nodes
Transition 2: 96 BDD nodes
Transition 3: 96 BDD nodes
Transition 4: 107 BDD nodes
Transition 5: 139 BDD nodes
Transition 6: 96 BDD nodes
Transition 7: 123 BDD nodes
Transition 8: 91 BDD nodes
Transition 9: 848 BDD nodes
Transition 10: 141 BDD nodes
Transition 11: 154 BDD nodes
Transition 12: 281 BDD nodes
Transition 13: 234 BDD nodes
Transition 14: 96 BDD nodes
Transition 15: 113 BDD nodes
Transition 16: 95 BDD nodes
Transition 17: 112 BDD nodes
Transition 18: 96 BDD nodes
Transition 19: 123 BDD nodes
Transition 20: 96 BDD nodes
Transition 21: 107 BDD nodes
Transition 22: 91 BDD nodes
Transition 23: 123 BDD nodes
Transition 24: 91 BDD nodes
Transition 25: 107 BDD nodes
Level 1... done. 
Level 2... done. 
Level 3... done. 
Level 4... done. 
Level 5... done. 
Level 6... done. 
Level 7... done. 
Level 8... done. 
Level 9... done. 
Level 10... done. 
Level 11... done. 
Level 12... done. 
Level 13... done. 
Level 14... done. 
Level 15... done. 
Level 16... done. 
Level 17... done. 
Level 18... done. 
PAR Time: 5.797263
Final states: 1570340 states
Final states: 18779 BDD nodes
[1444153426.043566] [node053:7685 :0]         sys.c:719  MXM  WARN  Conflicting CPU frequencies detected, using: 2369.53
