[1444153225.680283] [node053:6802 :0]         sys.c:719  MXM  WARN  Conflicting CPU frequencies detected, using: 1501.59
[1444153225.685375] [node053:6802 :0]         mxm.c:185  MXM  WARN  The 'ulimit -s' on the system is set to 'unlimited'. This may have negative performance implications. Please set the heap size to the default value (10240) 
[1444153225.680201] [node053:6803 :0]         sys.c:719  MXM  WARN  Conflicting CPU frequencies detected, using: 1501.59
[1444153225.686427] [node053:6803 :0]         mxm.c:185  MXM  WARN  The 'ulimit -s' on the system is set to 'unlimited'. This may have negative performance implications. Please set the heap size to the default value (10240) 
[1444153225.680451] [node053:6804 :0]         sys.c:719  MXM  WARN  Conflicting CPU frequencies detected, using: 1501.59
[1444153225.685548] [node053:6804 :0]         mxm.c:185  MXM  WARN  The 'ulimit -s' on the system is set to 'unlimited'. This may have negative performance implications. Please set the heap size to the default value (10240) 
[1444153225.678812] [node053:6801 :0]         sys.c:719  MXM  WARN  Conflicting CPU frequencies detected, using: 1501.59
[1444153225.684475] [node053:6801 :0]         mxm.c:185  MXM  WARN  The 'ulimit -s' on the system is set to 'unlimited'. This may have negative performance implications. Please set the heap size to the default value (10240) 
[1444153225.910461] [node057:9424 :0]         sys.c:719  MXM  WARN  Conflicting CPU frequencies detected, using: 1885.97
[1444153225.914268] [node057:9424 :0]         mxm.c:185  MXM  WARN  The 'ulimit -s' on the system is set to 'unlimited'. This may have negative performance implications. Please set the heap size to the default value (10240) 
[1444153225.916067] [node060:7455 :0]         sys.c:719  MXM  WARN  Conflicting CPU frequencies detected, using: 2099.34
[1444153225.919455] [node060:7455 :0]         mxm.c:185  MXM  WARN  The 'ulimit -s' on the system is set to 'unlimited'. This may have negative performance implications. Please set the heap size to the default value (10240) 
[1444153225.920772] [node057:9429 :0]         sys.c:719  MXM  WARN  Conflicting CPU frequencies detected, using: 1899.94
[1444153225.924124] [node057:9429 :0]         mxm.c:185  MXM  WARN  The 'ulimit -s' on the system is set to 'unlimited'. This may have negative performance implications. Please set the heap size to the default value (10240) 
[1444153225.928697] [node057:9438 :0]         sys.c:719  MXM  WARN  Conflicting CPU frequencies detected, using: 1992.75
[1444153225.932376] [node057:9438 :0]         mxm.c:185  MXM  WARN  The 'ulimit -s' on the system is set to 'unlimited'. This may have negative performance implications. Please set the heap size to the default value (10240) 
[1444153225.936683] [node054:4528 :0]         sys.c:719  MXM  WARN  Conflicting CPU frequencies detected, using: 1944.56
[1444153225.946921] [node054:4528 :0]         mxm.c:185  MXM  WARN  The 'ulimit -s' on the system is set to 'unlimited'. This may have negative performance implications. Please set the heap size to the default value (10240) 
[1444153225.936956] [node054:4526 :0]         sys.c:719  MXM  WARN  Conflicting CPU frequencies detected, using: 1944.56
[1444153225.947682] [node054:4526 :0]         mxm.c:185  MXM  WARN  The 'ulimit -s' on the system is set to 'unlimited'. This may have negative performance implications. Please set the heap size to the default value (10240) 
[1444153225.925744] [node057:9430 :0]         sys.c:719  MXM  WARN  Conflicting CPU frequencies detected, using: 1992.75
[1444153225.929472] [node057:9430 :0]         mxm.c:185  MXM  WARN  The 'ulimit -s' on the system is set to 'unlimited'. This may have negative performance implications. Please set the heap size to the default value (10240) 
[1444153225.934694] [node060:7465 :0]         sys.c:719  MXM  WARN  Conflicting CPU frequencies detected, using: 2178.47
[1444153225.937802] [node060:7465 :0]         mxm.c:185  MXM  WARN  The 'ulimit -s' on the system is set to 'unlimited'. This may have negative performance implications. Please set the heap size to the default value (10240) 
[1444153225.931037] [node060:7463 :0]         sys.c:719  MXM  WARN  Conflicting CPU frequencies detected, using: 2178.47
[1444153225.935040] [node060:7463 :0]         mxm.c:185  MXM  WARN  The 'ulimit -s' on the system is set to 'unlimited'. This may have negative performance implications. Please set the heap size to the default value (10240) 
[1444153225.914549] [node056:3657 :0]         sys.c:719  MXM  WARN  Conflicting CPU frequencies detected, using: 1988.62
[1444153225.920154] [node056:3657 :0]         mxm.c:185  MXM  WARN  The 'ulimit -s' on the system is set to 'unlimited'. This may have negative performance implications. Please set the heap size to the default value (10240) 
[1444153225.934083] [node060:7464 :0]         sys.c:719  MXM  WARN  Conflicting CPU frequencies detected, using: 2178.47
[1444153225.937710] [node060:7464 :0]         mxm.c:185  MXM  WARN  The 'ulimit -s' on the system is set to 'unlimited'. This may have negative performance implications. Please set the heap size to the default value (10240) 
[1444153225.934192] [node054:4529 :0]         sys.c:719  MXM  WARN  Conflicting CPU frequencies detected, using: 1944.56
[1444153225.942891] [node054:4529 :0]         mxm.c:185  MXM  WARN  The 'ulimit -s' on the system is set to 'unlimited'. This may have negative performance implications. Please set the heap size to the default value (10240) 
[1444153225.933058] [node054:4527 :0]         sys.c:719  MXM  WARN  Conflicting CPU frequencies detected, using: 1944.56
[1444153225.941412] [node054:4527 :0]         mxm.c:185  MXM  WARN  The 'ulimit -s' on the system is set to 'unlimited'. This may have negative performance implications. Please set the heap size to the default value (10240) 
[1444153225.990185] [node058:3956 :0]         sys.c:719  MXM  WARN  Conflicting CPU frequencies detected, using: 2178.75
[1444153225.993983] [node058:3956 :0]         mxm.c:185  MXM  WARN  The 'ulimit -s' on the system is set to 'unlimited'. This may have negative performance implications. Please set the heap size to the default value (10240) 
[1444153225.990452] [node058:3955 :0]         sys.c:719  MXM  WARN  Conflicting CPU frequencies detected, using: 2178.75
[1444153225.994231] [node058:3955 :0]         mxm.c:185  MXM  WARN  The 'ulimit -s' on the system is set to 'unlimited'. This may have negative performance implications. Please set the heap size to the default value (10240) 
[1444153225.990422] [node058:3957 :0]         sys.c:719  MXM  WARN  Conflicting CPU frequencies detected, using: 2178.75
[1444153225.994640] [node058:3957 :0]         mxm.c:185  MXM  WARN  The 'ulimit -s' on the system is set to 'unlimited'. This may have negative performance implications. Please set the heap size to the default value (10240) 
[1444153225.924237] [node056:3680 :0]         sys.c:719  MXM  WARN  Conflicting CPU frequencies detected, using: 1936.12
[1444153225.933451] [node056:3680 :0]         mxm.c:185  MXM  WARN  The 'ulimit -s' on the system is set to 'unlimited'. This may have negative performance implications. Please set the heap size to the default value (10240) 
[1444153225.930027] [node055:5191 :0]         sys.c:719  MXM  WARN  Conflicting CPU frequencies detected, using: 2100.00
[1444153225.941053] [node055:5191 :0]         mxm.c:185  MXM  WARN  The 'ulimit -s' on the system is set to 'unlimited'. This may have negative performance implications. Please set the heap size to the default value (10240) 
[1444153225.990422] [node058:3954 :0]         sys.c:719  MXM  WARN  Conflicting CPU frequencies detected, using: 2178.75
[1444153225.994472] [node058:3954 :0]         mxm.c:185  MXM  WARN  The 'ulimit -s' on the system is set to 'unlimited'. This may have negative performance implications. Please set the heap size to the default value (10240) 
[1444153225.926400] [node056:3663 :0]         sys.c:719  MXM  WARN  Conflicting CPU frequencies detected, using: 1936.12
[1444153225.935819] [node056:3663 :0]         mxm.c:185  MXM  WARN  The 'ulimit -s' on the system is set to 'unlimited'. This may have negative performance implications. Please set the heap size to the default value (10240) 
[1444153225.920077] [node056:3662 :0]         sys.c:719  MXM  WARN  Conflicting CPU frequencies detected, using: 1936.12
[1444153225.927012] [node056:3662 :0]         mxm.c:185  MXM  WARN  The 'ulimit -s' on the system is set to 'unlimited'. This may have negative performance implications. Please set the heap size to the default value (10240) 
[1444153225.930714] [node055:5189 :0]         sys.c:719  MXM  WARN  Conflicting CPU frequencies detected, using: 2100.00
[1444153225.942701] [node055:5189 :0]         mxm.c:185  MXM  WARN  The 'ulimit -s' on the system is set to 'unlimited'. This may have negative performance implications. Please set the heap size to the default value (10240) 
[1444153225.927472] [node055:5190 :0]         sys.c:719  MXM  WARN  Conflicting CPU frequencies detected, using: 2100.00
[1444153225.933823] [node055:5190 :0]         mxm.c:185  MXM  WARN  The 'ulimit -s' on the system is set to 'unlimited'. This may have negative performance implications. Please set the heap size to the default value (10240) 
[1444153225.932238] [node055:5208 :0]         sys.c:719  MXM  WARN  Conflicting CPU frequencies detected, using: 2151.84
[1444153225.943521] [node055:5208 :0]         mxm.c:185  MXM  WARN  The 'ulimit -s' on the system is set to 'unlimited'. This may have negative performance implications. Please set the heap size to the default value (10240) 
[1444153225.948120] [node059:1945 :0]         sys.c:719  MXM  WARN  Conflicting CPU frequencies detected, using: 2079.00
[1444153225.951821] [node059:1945 :0]         mxm.c:185  MXM  WARN  The 'ulimit -s' on the system is set to 'unlimited'. This may have negative performance implications. Please set the heap size to the default value (10240) 
[1444153225.945824] [node059:1944 :0]         sys.c:719  MXM  WARN  Conflicting CPU frequencies detected, using: 2079.00
[1444153225.949485] [node059:1944 :0]         mxm.c:185  MXM  WARN  The 'ulimit -s' on the system is set to 'unlimited'. This may have negative performance implications. Please set the heap size to the default value (10240) 
[1444153225.947420] [node059:1943 :0]         sys.c:719  MXM  WARN  Conflicting CPU frequencies detected, using: 2079.00
[1444153225.951215] [node059:1943 :0]         mxm.c:185  MXM  WARN  The 'ulimit -s' on the system is set to 'unlimited'. This may have negative performance implications. Please set the heap size to the default value (10240) 
[1444153225.943016] [node059:1942 :0]         sys.c:719  MXM  WARN  Conflicting CPU frequencies detected, using: 2079.00
[1444153225.946590] [node059:1942 :0]         mxm.c:185  MXM  WARN  The 'ulimit -s' on the system is set to 'unlimited'. This may have negative performance implications. Please set the heap size to the default value (10240) 
UPCR: UPC thread  3 of 32 on node053 (pshm node 0 of 8, process  3 of 32, pid=6804)
UPCR: UPC thread  1 of 32 on node053 (pshm node 0 of 8, process  1 of 32, pid=6802)
UPCR: UPC thread  2 of 32 on node053 (pshm node 0 of 8, process  2 of 32, pid=6803)
UPCR: UPC thread  0 of 32 on node053 (pshm node 0 of 8, process  0 of 32, pid=6801)
UPCR: UPC thread  8 of 32 on node055 (pshm node 2 of 8, process  8 of 32, pid=5208)
UPCR: UPC thread  9 of 32 on node055 (pshm node 2 of 8, process  9 of 32, pid=5189)
UPCR: UPC thread 10 of 32 on node055 (pshm node 2 of 8, process 10 of 32, pid=5190)
UPCR: UPC thread 17 of 32 on node057 (pshm node 4 of 8, process 17 of 32, pid=9430)
UPCR: UPC thread 16 of 32 on node057 (pshm node 4 of 8, process 16 of 32, pid=9429)
UPCR: UPC thread 27 of 32 on node059 (pshm node 6 of 8, process 27 of 32, pid=1942)
UPCR: UPC thread 11 of 32 on node055 (pshm node 2 of 8, process 11 of 32, pid=5191)
UPCR: UPC thread 24 of 32 on node059 (pshm node 6 of 8, process 24 of 32, pid=1944)
UPCR: UPC thread 25 of 32 on node059 (pshm node 6 of 8, process 25 of 32, pid=1945)
UPCR: UPC thread 26 of 32 on node059 (pshm node 6 of 8, process 26 of 32, pid=1943)
UPCR: UPC thread 31 of 32 on node060 (pshm node 7 of 8, process 31 of 32, pid=7455)
UPCR: UPC thread 30 of 32 on node060 (pshm node 7 of 8, process 30 of 32, pid=7463)
UPCR: UPC thread 21 of 32 on node058 (pshm node 5 of 8, process 21 of 32, pid=3955)
UPCR: UPC thread 28 of 32 on node060 (pshm node 7 of 8, process 28 of 32, pid=7465)
UPCR: UPC thread 19 of 32 on node057 (pshm node 4 of 8, process 19 of 32, pid=9438)
UPCR: UPC thread 12 of 32 on node056 (pshm node 3 of 8, process 12 of 32, pid=3662)
UPCR: UPC thread  5 of 32 on node054 (pshm node 1 of 8, process  5 of 32, pid=4527)
UPCR: UPC thread  6 of 32 on node054 (pshm node 1 of 8, process  6 of 32, pid=4526)
UPCR: UPC thread 29 of 32 on node060 (pshm node 7 of 8, process 29 of 32, pid=7464)
UPCR: UPC thread 18 of 32 on node057 (pshm node 4 of 8, process 18 of 32, pid=9424)
UPCR: UPC thread 23 of 32 on node058 (pshm node 5 of 8, process 23 of 32, pid=3954)
UPCR: UPC thread 22 of 32 on node058 (pshm node 5 of 8, process 22 of 32, pid=3956)
UPCR: UPC thread 20 of 32 on node058 (pshm node 5 of 8, process 20 of 32, pid=3957)
UPCR: UPC thread  4 of 32 on node054 (pshm node 1 of 8, process  4 of 32, pid=4529)
UPCR: UPC thread 13 of 32 on node056 (pshm node 3 of 8, process 13 of 32, pid=3680)
UPCR: UPC thread  7 of 32 on node054 (pshm node 1 of 8, process  7 of 32, pid=4528)
UPCR: UPC thread 15 of 32 on node056 (pshm node 3 of 8, process 15 of 32, pid=3663)
UPCR: UPC thread 14 of 32 on node056 (pshm node 3 of 8, process 14 of 32, pid=3657)
Initializing models/schedule_world.2.8-rgs.bdd!
Vector size: 28
Bits per integer: 8
Number of BDD variables: 224
Loading initial states: 
Initial states loaded... 
Loading transition relations... 
28 integers per state, 8 bits per integer, 26 transition groups
BDD nodes:
Initial states: 224 BDD nodes
Transition 0: 230 BDD nodes
Transition 1: 113 BDD nodes
Transition 2: 96 BDD nodes
Transition 3: 96 BDD nodes
Transition 4: 107 BDD nodes
Transition 5: 139 BDD nodes
Transition 6: 96 BDD nodes
Transition 7: 123 BDD nodes
Transition 8: 91 BDD nodes
Transition 9: 848 BDD nodes
Transition 10: 141 BDD nodes
Transition 11: 154 BDD nodes
Transition 12: 281 BDD nodes
Transition 13: 234 BDD nodes
Transition 14: 96 BDD nodes
Transition 15: 113 BDD nodes
Transition 16: 95 BDD nodes
Transition 17: 112 BDD nodes
Transition 18: 96 BDD nodes
Transition 19: 123 BDD nodes
Transition 20: 96 BDD nodes
Transition 21: 107 BDD nodes
Transition 22: 91 BDD nodes
Transition 23: 123 BDD nodes
Transition 24: 91 BDD nodes
Transition 25: 107 BDD nodes
Level 1... done. 
Level 2... done. 
Level 3... done. 
Level 4... done. 
Level 5... done. 
Level 6... done. 
Level 7... done. 
Level 8... done. 
Level 9... done. 
Level 10... done. 
Level 11... done. 
Level 12... done. 
Level 13... done. 
Level 14... done. 
Level 15... done. 
Level 16... done. 
Level 17... done. 
Level 18... done. 
PAR Time: 7.850474
Final states: 1570340 states
Final states: 18779 BDD nodes
[1444153225.661118] [node053:6756 :0]         sys.c:719  MXM  WARN  Conflicting CPU frequencies detected, using: 1611.00
