[1444153766.639479] [node009:6679 :0]         sys.c:719  MXM  WARN  Conflicting CPU frequencies detected, using: 1908.47
[1444153766.645218] [node009:6679 :0]         mxm.c:185  MXM  WARN  The 'ulimit -s' on the system is set to 'unlimited'. This may have negative performance implications. Please set the heap size to the default value (10240) 
[1444153766.853879] [node068:5376 :0]         sys.c:719  MXM  WARN  Conflicting CPU frequencies detected, using: 2393.53
[1444153766.860246] [node068:5376 :0]         mxm.c:185  MXM  WARN  The 'ulimit -s' on the system is set to 'unlimited'. This may have negative performance implications. Please set the heap size to the default value (10240) 
[1444153766.854123] [node060:11352:0]         sys.c:719  MXM  WARN  Conflicting CPU frequencies detected, using: 2999.91
[1444153766.858403] [node060:11352:0]         mxm.c:185  MXM  WARN  The 'ulimit -s' on the system is set to 'unlimited'. This may have negative performance implications. Please set the heap size to the default value (10240) 
[1444153766.854297] [node057:13315:0]         sys.c:719  MXM  WARN  Conflicting CPU frequencies detected, using: 1665.94
[1444153766.858683] [node057:13315:0]         mxm.c:185  MXM  WARN  The 'ulimit -s' on the system is set to 'unlimited'. This may have negative performance implications. Please set the heap size to the default value (10240) 
[1444153766.852644] [node013:2882 :0]         sys.c:719  MXM  WARN  Conflicting CPU frequencies detected, using: 2735.44
[1444153766.858939] [node013:2882 :0]         mxm.c:185  MXM  WARN  The 'ulimit -s' on the system is set to 'unlimited'. This may have negative performance implications. Please set the heap size to the default value (10240) 
[1444153766.854336] [node014:590  :0]         sys.c:719  MXM  WARN  Conflicting CPU frequencies detected, using: 2021.72
[1444153766.858750] [node014:590  :0]         mxm.c:185  MXM  WARN  The 'ulimit -s' on the system is set to 'unlimited'. This may have negative performance implications. Please set the heap size to the default value (10240) 
[1444153766.856153] [node010:29043:0]         sys.c:719  MXM  WARN  Conflicting CPU frequencies detected, using: 3199.97
[1444153766.860352] [node010:29043:0]         mxm.c:185  MXM  WARN  The 'ulimit -s' on the system is set to 'unlimited'. This may have negative performance implications. Please set the heap size to the default value (10240) 
[1444153766.854211] [node056:7543 :0]         sys.c:719  MXM  WARN  Conflicting CPU frequencies detected, using: 2599.97
[1444153766.860693] [node056:7543 :0]         mxm.c:185  MXM  WARN  The 'ulimit -s' on the system is set to 'unlimited'. This may have negative performance implications. Please set the heap size to the default value (10240) 
[1444153766.853323] [node062:14161:0]         sys.c:719  MXM  WARN  Conflicting CPU frequencies detected, using: 2491.03
[1444153766.859297] [node062:14161:0]         mxm.c:185  MXM  WARN  The 'ulimit -s' on the system is set to 'unlimited'. This may have negative performance implications. Please set the heap size to the default value (10240) 
[1444153766.852420] [node063:20496:0]         sys.c:719  MXM  WARN  Conflicting CPU frequencies detected, using: 2751.19
[1444153766.856740] [node063:20496:0]         mxm.c:185  MXM  WARN  The 'ulimit -s' on the system is set to 'unlimited'. This may have negative performance implications. Please set the heap size to the default value (10240) 
[1444153766.852005] [node064:24156:0]         sys.c:719  MXM  WARN  Conflicting CPU frequencies detected, using: 2728.88
[1444153766.858604] [node064:24156:0]         mxm.c:185  MXM  WARN  The 'ulimit -s' on the system is set to 'unlimited'. This may have negative performance implications. Please set the heap size to the default value (10240) 
[1444153766.856314] [node011:14877:0]         sys.c:719  MXM  WARN  Conflicting CPU frequencies detected, using: 3200.53
[1444153766.862605] [node011:14877:0]         mxm.c:185  MXM  WARN  The 'ulimit -s' on the system is set to 'unlimited'. This may have negative performance implications. Please set the heap size to the default value (10240) 
[1444153766.851879] [node054:8415 :0]         sys.c:719  MXM  WARN  Conflicting CPU frequencies detected, using: 2615.16
[1444153766.858346] [node054:8415 :0]         mxm.c:185  MXM  WARN  The 'ulimit -s' on the system is set to 'unlimited'. This may have negative performance implications. Please set the heap size to the default value (10240) 
[1444153766.848316] [node021:27642:0]         sys.c:719  MXM  WARN  Conflicting CPU frequencies detected, using: 3059.53
[1444153766.852530] [node021:27642:0]         mxm.c:185  MXM  WARN  The 'ulimit -s' on the system is set to 'unlimited'. This may have negative performance implications. Please set the heap size to the default value (10240) 
[1444153766.857005] [node058:7839 :0]         sys.c:719  MXM  WARN  Conflicting CPU frequencies detected, using: 2708.91
[1444153766.861175] [node058:7839 :0]         mxm.c:185  MXM  WARN  The 'ulimit -s' on the system is set to 'unlimited'. This may have negative performance implications. Please set the heap size to the default value (10240) 
[1444153766.851241] [node012:23887:0]         sys.c:719  MXM  WARN  Conflicting CPU frequencies detected, using: 1483.03
[1444153766.857285] [node012:23887:0]         mxm.c:185  MXM  WARN  The 'ulimit -s' on the system is set to 'unlimited'. This may have negative performance implications. Please set the heap size to the default value (10240) 
[1444153766.848258] [node020:21196:0]         sys.c:719  MXM  WARN  Conflicting CPU frequencies detected, using: 3166.59
[1444153766.854570] [node020:21196:0]         mxm.c:185  MXM  WARN  The 'ulimit -s' on the system is set to 'unlimited'. This may have negative performance implications. Please set the heap size to the default value (10240) 
[1444153766.859060] [node059:5903 :0]         sys.c:719  MXM  WARN  Conflicting CPU frequencies detected, using: 2497.31
[1444153766.863591] [node059:5903 :0]         mxm.c:185  MXM  WARN  The 'ulimit -s' on the system is set to 'unlimited'. This may have negative performance implications. Please set the heap size to the default value (10240) 
[1444153766.850571] [node066:6068 :0]         sys.c:719  MXM  WARN  Conflicting CPU frequencies detected, using: 1816.97
[1444153766.856890] [node066:6068 :0]         mxm.c:185  MXM  WARN  The 'ulimit -s' on the system is set to 'unlimited'. This may have negative performance implications. Please set the heap size to the default value (10240) 
[1444153766.855374] [node055:9089 :0]         sys.c:719  MXM  WARN  Conflicting CPU frequencies detected, using: 2599.97
[1444153766.861672] [node055:9089 :0]         mxm.c:185  MXM  WARN  The 'ulimit -s' on the system is set to 'unlimited'. This may have negative performance implications. Please set the heap size to the default value (10240) 
[1444153766.849424] [node053:9816 :0]         sys.c:719  MXM  WARN  Conflicting CPU frequencies detected, using: 2707.69
[1444153766.853752] [node053:9816 :0]         mxm.c:185  MXM  WARN  The 'ulimit -s' on the system is set to 'unlimited'. This may have negative performance implications. Please set the heap size to the default value (10240) 
[1444153766.853486] [node067:4400 :0]         sys.c:719  MXM  WARN  Conflicting CPU frequencies detected, using: 2700.00
[1444153766.859711] [node067:4400 :0]         mxm.c:185  MXM  WARN  The 'ulimit -s' on the system is set to 'unlimited'. This may have negative performance implications. Please set the heap size to the default value (10240) 
[1444153766.858547] [node065:20372:0]         sys.c:719  MXM  WARN  Conflicting CPU frequencies detected, using: 2678.16
[1444153766.863036] [node065:20372:0]         mxm.c:185  MXM  WARN  The 'ulimit -s' on the system is set to 'unlimited'. This may have negative performance implications. Please set the heap size to the default value (10240) 
[1444153766.854304] [node061:18529:0]         sys.c:719  MXM  WARN  Conflicting CPU frequencies detected, using: 3054.38
[1444153766.858473] [node061:18529:0]         mxm.c:185  MXM  WARN  The 'ulimit -s' on the system is set to 'unlimited'. This may have negative performance implications. Please set the heap size to the default value (10240) 
UPCR: UPC thread  0 of 24 on node009 (pshm node  0 of 24, process  0 of 24, pid=6679)
UPCR: UPC thread  7 of 24 on node021 (pshm node  7 of 24, process  7 of 24, pid=27642)
UPCR: UPC thread 22 of 24 on node067 (pshm node 22 of 24, process 22 of 24, pid=4400)
UPCR: UPC thread 23 of 24 on node068 (pshm node 23 of 24, process 23 of 24, pid=5376)
UPCR: UPC thread 15 of 24 on node060 (pshm node 15 of 24, process 15 of 24, pid=11352)
UPCR: UPC thread 16 of 24 on node061 (pshm node 16 of 24, process 16 of 24, pid=18529)
UPCR: UPC thread  1 of 24 on node010 (pshm node  1 of 24, process  1 of 24, pid=29043)
UPCR: UPC thread 14 of 24 on node059 (pshm node 14 of 24, process 14 of 24, pid=5903)
UPCR: UPC thread 17 of 24 on node062 (pshm node 17 of 24, process 17 of 24, pid=14161)
UPCR: UPC thread  6 of 24 on node020 (pshm node  6 of 24, process  6 of 24, pid=21196)
UPCR: UPC thread  3 of 24 on node012 (pshm node  3 of 24, process  3 of 24, pid=23887)
UPCR: UPC thread 13 of 24 on node058 (pshm node 13 of 24, process 13 of 24, pid=7839)
UPCR: UPC thread 20 of 24 on node065 (pshm node 20 of 24, process 20 of 24, pid=20372)
UPCR: UPC thread  9 of 24 on node054 (pshm node  9 of 24, process  9 of 24, pid=8415)
UPCR: UPC thread 19 of 24 on node064 (pshm node 19 of 24, process 19 of 24, pid=24156)
UPCR: UPC thread  8 of 24 on node053 (pshm node  8 of 24, process  8 of 24, pid=9816)
UPCR: UPC thread  4 of 24 on node013 (pshm node  4 of 24, process  4 of 24, pid=2882)
UPCR: UPC thread 11 of 24 on node056 (pshm node 11 of 24, process 11 of 24, pid=7543)
UPCR: UPC thread 21 of 24 on node066 (pshm node 21 of 24, process 21 of 24, pid=6068)
UPCR: UPC thread 12 of 24 on node057 (pshm node 12 of 24, process 12 of 24, pid=13315)
UPCR: UPC thread  5 of 24 on node014 (pshm node  5 of 24, process  5 of 24, pid=590)
UPCR: UPC thread 18 of 24 on node063 (pshm node 18 of 24, process 18 of 24, pid=20496)
UPCR: UPC thread  2 of 24 on node011 (pshm node  2 of 24, process  2 of 24, pid=14877)
UPCR: UPC thread 10 of 24 on node055 (pshm node 10 of 24, process 10 of 24, pid=9089)
Initializing models/schedule_world.2.8-rgs.bdd!
Vector size: 28
Bits per integer: 8
Number of BDD variables: 224
Loading initial states: 
Initial states loaded... 
Loading transition relations... 
28 integers per state, 8 bits per integer, 26 transition groups
BDD nodes:
Initial states: 224 BDD nodes
Transition 0: 230 BDD nodes
Transition 1: 113 BDD nodes
Transition 2: 96 BDD nodes
Transition 3: 96 BDD nodes
Transition 4: 107 BDD nodes
Transition 5: 139 BDD nodes
Transition 6: 96 BDD nodes
Transition 7: 123 BDD nodes
Transition 8: 91 BDD nodes
Transition 9: 848 BDD nodes
Transition 10: 141 BDD nodes
Transition 11: 154 BDD nodes
Transition 12: 281 BDD nodes
Transition 13: 234 BDD nodes
Transition 14: 96 BDD nodes
Transition 15: 113 BDD nodes
Transition 16: 95 BDD nodes
Transition 17: 112 BDD nodes
Transition 18: 96 BDD nodes
Transition 19: 123 BDD nodes
Transition 20: 96 BDD nodes
Transition 21: 107 BDD nodes
Transition 22: 91 BDD nodes
Transition 23: 123 BDD nodes
Transition 24: 91 BDD nodes
Transition 25: 107 BDD nodes
Level 1... done. 
Level 2... done. 
Level 3... done. 
Level 4... done. 
Level 5... done. 
Level 6... done. 
Level 7... done. 
Level 8... done. 
Level 9... done. 
Level 10... done. 
Level 11... done. 
Level 12... done. 
Level 13... done. 
Level 14... done. 
Level 15... done. 
Level 16... done. 
Level 17... done. 
Level 18... done. 
PAR Time: 11.405460
Final states: 1570340 states
Final states: 18779 BDD nodes
[1444153766.622329] [node009:6634 :0]         sys.c:719  MXM  WARN  Conflicting CPU frequencies detected, using: 2487.56
