[1443916557.367085] [node005:27800:0]         sys.c:719  MXM  WARN  Conflicting CPU frequencies detected, using: 1467.38
[1443916557.370768] [node005:27800:0]         mxm.c:185  MXM  WARN  The 'ulimit -s' on the system is set to 'unlimited'. This may have negative performance implications. Please set the heap size to the default value (10240) 
[1443916557.364179] [node005:27799:0]         sys.c:719  MXM  WARN  Conflicting CPU frequencies detected, using: 1467.38
[1443916557.367872] [node005:27799:0]         mxm.c:185  MXM  WARN  The 'ulimit -s' on the system is set to 'unlimited'. This may have negative performance implications. Please set the heap size to the default value (10240) 
UPCR: UPC thread 1 of 2 on node005 (pshm node 0 of 1, process 1 of 2, pid=27800)
UPCR: UPC thread 0 of 2 on node005 (pshm node 0 of 1, process 0 of 2, pid=27799)
Initializing models/at.7.8-rgs.bdd!
Vector size: 16
Bits per integer: 8
Number of BDD variables: 128
Loading initial states: 
Initial states loaded... 
Loading transition relations... 
16 integers per state, 8 bits per integer, 31 transition groups
BDD nodes:
Initial states: 128 BDD nodes
Transition 0: 348 BDD nodes
Transition 1: 182 BDD nodes
Transition 2: 94 BDD nodes
Transition 3: 205 BDD nodes
Transition 4: 32 BDD nodes
Transition 5: 32 BDD nodes
Transition 6: 182 BDD nodes
Transition 7: 94 BDD nodes
Transition 8: 205 BDD nodes
Transition 9: 32 BDD nodes
Transition 10: 32 BDD nodes
Transition 11: 137 BDD nodes
Transition 12: 144 BDD nodes
Transition 13: 143 BDD nodes
Transition 14: 136 BDD nodes
Transition 15: 94 BDD nodes
Transition 16: 203 BDD nodes
Transition 17: 32 BDD nodes
Transition 18: 32 BDD nodes
Transition 19: 81 BDD nodes
Transition 20: 32 BDD nodes
Transition 21: 81 BDD nodes
Transition 22: 32 BDD nodes
Transition 23: 81 BDD nodes
Transition 24: 32 BDD nodes
Transition 25: 249 BDD nodes
Transition 26: 32 BDD nodes
Transition 27: 208 BDD nodes
Transition 28: 273 BDD nodes
Transition 29: 32 BDD nodes
Transition 30: 32 BDD nodes
Level 1... done. 
Level 2... done. 
Level 3... done. 
Level 4... done. 
Level 5... done. 
Level 6... done. 
Level 7... done. 
Level 8... done. 
Level 9... done. 
Level 10... done. 
Level 11... done. 
Level 12... done. 
Level 13... done. 
Level 14... done. 
Level 15... done. 
Level 16... done. 
Level 17... done. 
Level 18... done. 
Level 19... done. 
Level 20... done. 
Level 21... done. 
Level 22... done. 
Level 23... done. 
Level 24... done. 
Level 25... done. 
Level 26... done. 
Level 27... done. 
Level 28... done. 
Level 29... done. 
Level 30... done. 
Level 31... done. 
Level 32... done. 
Level 33... done. 
Level 34... done. 
Level 35... 0/2 - error: hash table full, load-factor~0.788564, chunk-size=42, attempts=97, inserted=52919641.000000
[1443916557.347474] [node005:27754:0]         sys.c:719  MXM  WARN  Conflicting CPU frequencies detected, using: 1694.62
