[1443917498.617520] [node009:31092:0]         sys.c:719  MXM  WARN  Conflicting CPU frequencies detected, using: 3099.09
[1443917498.638723] [node009:31092:0]         mxm.c:185  MXM  WARN  The 'ulimit -s' on the system is set to 'unlimited'. This may have negative performance implications. Please set the heap size to the default value (10240) 
[1443917498.619307] [node009:31100:0]         sys.c:719  MXM  WARN  Conflicting CPU frequencies detected, using: 3099.09
[1443917498.679106] [node009:31100:0]         mxm.c:185  MXM  WARN  The 'ulimit -s' on the system is set to 'unlimited'. This may have negative performance implications. Please set the heap size to the default value (10240) 
[1443917498.618479] [node009:31095:0]         sys.c:719  MXM  WARN  Conflicting CPU frequencies detected, using: 3099.09
[1443917498.635390] [node009:31095:0]         mxm.c:185  MXM  WARN  The 'ulimit -s' on the system is set to 'unlimited'. This may have negative performance implications. Please set the heap size to the default value (10240) 
[1443917498.617181] [node009:31087:0]         sys.c:719  MXM  WARN  Conflicting CPU frequencies detected, using: 3099.09
[1443917498.660008] [node009:31087:0]         mxm.c:185  MXM  WARN  The 'ulimit -s' on the system is set to 'unlimited'. This may have negative performance implications. Please set the heap size to the default value (10240) 
[1443917498.619150] [node009:31098:0]         sys.c:719  MXM  WARN  Conflicting CPU frequencies detected, using: 3099.09
[1443917498.667257] [node009:31098:0]         mxm.c:185  MXM  WARN  The 'ulimit -s' on the system is set to 'unlimited'. This may have negative performance implications. Please set the heap size to the default value (10240) 
[1443917498.618641] [node009:31097:0]         sys.c:719  MXM  WARN  Conflicting CPU frequencies detected, using: 3099.09
[1443917498.659225] [node009:31097:0]         mxm.c:185  MXM  WARN  The 'ulimit -s' on the system is set to 'unlimited'. This may have negative performance implications. Please set the heap size to the default value (10240) 
[1443917498.618916] [node009:31094:0]         sys.c:719  MXM  WARN  Conflicting CPU frequencies detected, using: 3099.09
[1443917498.651424] [node009:31094:0]         mxm.c:185  MXM  WARN  The 'ulimit -s' on the system is set to 'unlimited'. This may have negative performance implications. Please set the heap size to the default value (10240) 
[1443917498.619613] [node009:31089:0]         sys.c:719  MXM  WARN  Conflicting CPU frequencies detected, using: 3099.09
[1443917498.669747] [node009:31089:0]         mxm.c:185  MXM  WARN  The 'ulimit -s' on the system is set to 'unlimited'. This may have negative performance implications. Please set the heap size to the default value (10240) 
[1443917498.617523] [node009:31091:0]         sys.c:719  MXM  WARN  Conflicting CPU frequencies detected, using: 3099.09
[1443917498.666420] [node009:31091:0]         mxm.c:185  MXM  WARN  The 'ulimit -s' on the system is set to 'unlimited'. This may have negative performance implications. Please set the heap size to the default value (10240) 
[1443917498.616010] [node009:31090:0]         sys.c:719  MXM  WARN  Conflicting CPU frequencies detected, using: 3099.09
[1443917498.629123] [node009:31090:0]         mxm.c:185  MXM  WARN  The 'ulimit -s' on the system is set to 'unlimited'. This may have negative performance implications. Please set the heap size to the default value (10240) 
[1443917498.617314] [node009:31086:0]         sys.c:719  MXM  WARN  Conflicting CPU frequencies detected, using: 3099.09
[1443917498.656640] [node009:31086:0]         mxm.c:185  MXM  WARN  The 'ulimit -s' on the system is set to 'unlimited'. This may have negative performance implications. Please set the heap size to the default value (10240) 
[1443917498.619514] [node009:31099:0]         sys.c:719  MXM  WARN  Conflicting CPU frequencies detected, using: 3099.09
[1443917498.645955] [node009:31099:0]         mxm.c:185  MXM  WARN  The 'ulimit -s' on the system is set to 'unlimited'. This may have negative performance implications. Please set the heap size to the default value (10240) 
[1443917498.618108] [node009:31101:0]         sys.c:719  MXM  WARN  Conflicting CPU frequencies detected, using: 3099.09
[1443917498.671262] [node009:31101:0]         mxm.c:185  MXM  WARN  The 'ulimit -s' on the system is set to 'unlimited'. This may have negative performance implications. Please set the heap size to the default value (10240) 
[1443917498.618263] [node009:31088:0]         sys.c:719  MXM  WARN  Conflicting CPU frequencies detected, using: 3099.09
[1443917498.694568] [node009:31088:0]         mxm.c:185  MXM  WARN  The 'ulimit -s' on the system is set to 'unlimited'. This may have negative performance implications. Please set the heap size to the default value (10240) 
[1443917498.618189] [node009:31093:0]         sys.c:719  MXM  WARN  Conflicting CPU frequencies detected, using: 3099.09
[1443917498.670505] [node009:31093:0]         mxm.c:185  MXM  WARN  The 'ulimit -s' on the system is set to 'unlimited'. This may have negative performance implications. Please set the heap size to the default value (10240) 
[1443917498.619487] [node009:31096:0]         sys.c:719  MXM  WARN  Conflicting CPU frequencies detected, using: 3099.09
[1443917498.664205] [node009:31096:0]         mxm.c:185  MXM  WARN  The 'ulimit -s' on the system is set to 'unlimited'. This may have negative performance implications. Please set the heap size to the default value (10240) 
UPCR: UPC thread 11 of 16 on node009 (pshm node 0 of 1, process 11 of 16, pid=31097)
UPCR: UPC thread  5 of 16 on node009 (pshm node 0 of 1, process  5 of 16, pid=31091)
UPCR: UPC thread 14 of 16 on node009 (pshm node 0 of 1, process 14 of 16, pid=31100)
UPCR: UPC thread  2 of 16 on node009 (pshm node 0 of 1, process  2 of 16, pid=31088)
UPCR: UPC thread  9 of 16 on node009 (pshm node 0 of 1, process  9 of 16, pid=31095)
UPCR: UPC thread  8 of 16 on node009 (pshm node 0 of 1, process  8 of 16, pid=31094)
UPCR: UPC thread  1 of 16 on node009 (pshm node 0 of 1, process  1 of 16, pid=31087)
UPCR: UPC thread  0 of 16 on node009 (pshm node 0 of 1, process  0 of 16, pid=31086)
UPCR: UPC thread 12 of 16 on node009 (pshm node 0 of 1, process 12 of 16, pid=31098)
UPCR: UPC thread  3 of 16 on node009 (pshm node 0 of 1, process  3 of 16, pid=31089)
UPCR: UPC thread  7 of 16 on node009 (pshm node 0 of 1, process  7 of 16, pid=31093)
UPCR: UPC thread  4 of 16 on node009 (pshm node 0 of 1, process  4 of 16, pid=31090)
UPCR: UPC thread 13 of 16 on node009 (pshm node 0 of 1, process 13 of 16, pid=31099)
UPCR: UPC thread  6 of 16 on node009 (pshm node 0 of 1, process  6 of 16, pid=31092)
UPCR: UPC thread 15 of 16 on node009 (pshm node 0 of 1, process 15 of 16, pid=31101)
UPCR: UPC thread 10 of 16 on node009 (pshm node 0 of 1, process 10 of 16, pid=31096)
Initializing models/at.7.8-rgs.bdd!
Vector size: 16
Bits per integer: 8
Number of BDD variables: 128
Loading initial states: 
Initial states loaded... 
Loading transition relations... 
16 integers per state, 8 bits per integer, 31 transition groups
BDD nodes:
Initial states: 128 BDD nodes
Transition 0: 348 BDD nodes
Transition 1: 182 BDD nodes
Transition 2: 94 BDD nodes
Transition 3: 205 BDD nodes
Transition 4: 32 BDD nodes
Transition 5: 32 BDD nodes
Transition 6: 182 BDD nodes
Transition 7: 94 BDD nodes
Transition 8: 205 BDD nodes
Transition 9: 32 BDD nodes
Transition 10: 32 BDD nodes
Transition 11: 137 BDD nodes
Transition 12: 144 BDD nodes
Transition 13: 143 BDD nodes
Transition 14: 136 BDD nodes
Transition 15: 94 BDD nodes
Transition 16: 203 BDD nodes
Transition 17: 32 BDD nodes
Transition 18: 32 BDD nodes
Transition 19: 81 BDD nodes
Transition 20: 32 BDD nodes
Transition 21: 81 BDD nodes
Transition 22: 32 BDD nodes
Transition 23: 81 BDD nodes
Transition 24: 32 BDD nodes
Transition 25: 249 BDD nodes
Transition 26: 32 BDD nodes
Transition 27: 208 BDD nodes
Transition 28: 273 BDD nodes
Transition 29: 32 BDD nodes
Transition 30: 32 BDD nodes
Level 1... done. 
Level 2... done. 
Level 3... done. 
Level 4... done. 
Level 5... done. 
Level 6... done. 
Level 7... done. 
Level 8... done. 
Level 9... done. 
Level 10... done. 
Level 11... done. 
Level 12... done. 
Level 13... done. 
Level 14... done. 
Level 15... done. 
Level 16... done. 
Level 17... done. 
Level 18... done. 
Level 19... done. 
Level 20... done. 
Level 21... done. 
Level 22... done. 
Level 23... done. 
Level 24... done. 
Level 25... done. 
Level 26... done. 
Level 27... done. 
Level 28... done. 
Level 29... done. 
Level 30... done. 
Level 31... done. 
Level 32... done. 
Level 33... done. 
Level 34... done. 
Level 35... done. 
Level 36... done. 
Level 37... done. 
Level 38... done. 
Level 39... done. 
Level 40... done. 
Level 41... done. 
Level 42... done. 
Level 43... done. 
Level 44... done. 
Level 45... done. 
Level 46... done. 
Level 47... done. 
Level 48... done. 
Level 49... done. 
Level 50... done. 
Level 51... done. 
Level 52... done. 
Level 53... done. 
Level 54... done. 
Level 55... done. 
Level 56... done. 
Level 57... done. 
Level 58... done. 
Level 59... done. 
Level 60... done. 
Level 61... done. 
Level 62... done. 
Level 63... done. 
Level 64... done. 
Level 65... done. 
Level 66... done. 
Level 67... done. 
Level 68... done. 
Level 69... done. 
Level 70... done. 
Level 71... done. 
Level 72... [1443917498.599887] [node009:31041:0]         sys.c:719  MXM  WARN  Conflicting CPU frequencies detected, using: 3099.09
