[1443822612.184311] [node053:22046:0]         sys.c:719  MXM  WARN  Conflicting CPU frequencies detected, using: 1848.66
[1443822612.188960] [node053:22046:0]         mxm.c:185  MXM  WARN  The 'ulimit -s' on the system is set to 'unlimited'. This may have negative performance implications. Please set the heap size to the default value (10240) 
[1443822612.187507] [node053:22048:0]         sys.c:719  MXM  WARN  Conflicting CPU frequencies detected, using: 1693.69
[1443822612.192103] [node053:22048:0]         mxm.c:185  MXM  WARN  The 'ulimit -s' on the system is set to 'unlimited'. This may have negative performance implications. Please set the heap size to the default value (10240) 
[1443822612.182182] [node053:22047:0]         sys.c:719  MXM  WARN  Conflicting CPU frequencies detected, using: 1848.66
[1443822612.188824] [node053:22047:0]         mxm.c:185  MXM  WARN  The 'ulimit -s' on the system is set to 'unlimited'. This may have negative performance implications. Please set the heap size to the default value (10240) 
[1443822612.182804] [node053:22045:0]         sys.c:719  MXM  WARN  Conflicting CPU frequencies detected, using: 1848.66
[1443822612.189098] [node053:22045:0]         mxm.c:185  MXM  WARN  The 'ulimit -s' on the system is set to 'unlimited'. This may have negative performance implications. Please set the heap size to the default value (10240) 
[1443822612.423114] [node057:31733:0]         sys.c:719  MXM  WARN  Conflicting CPU frequencies detected, using: 2199.94
[1443822612.426174] [node057:31733:0]         mxm.c:185  MXM  WARN  The 'ulimit -s' on the system is set to 'unlimited'. This may have negative performance implications. Please set the heap size to the default value (10240) 
[1443822612.420264] [node057:31715:0]         sys.c:719  MXM  WARN  Conflicting CPU frequencies detected, using: 2199.94
[1443822612.423788] [node057:31715:0]         mxm.c:185  MXM  WARN  The 'ulimit -s' on the system is set to 'unlimited'. This may have negative performance implications. Please set the heap size to the default value (10240) 
[1443822612.416836] [node057:31723:0]         sys.c:719  MXM  WARN  Conflicting CPU frequencies detected, using: 2199.94
[1443822612.420673] [node057:31723:0]         mxm.c:185  MXM  WARN  The 'ulimit -s' on the system is set to 'unlimited'. This may have negative performance implications. Please set the heap size to the default value (10240) 
[1443822612.426547] [node057:31722:0]         sys.c:719  MXM  WARN  Conflicting CPU frequencies detected, using: 2199.94
[1443822612.430704] [node057:31722:0]         mxm.c:185  MXM  WARN  The 'ulimit -s' on the system is set to 'unlimited'. This may have negative performance implications. Please set the heap size to the default value (10240) 
[1443822612.433614] [node058:29204:0]         sys.c:719  MXM  WARN  Conflicting CPU frequencies detected, using: 2361.84
[1443822612.437646] [node058:29204:0]         mxm.c:185  MXM  WARN  The 'ulimit -s' on the system is set to 'unlimited'. This may have negative performance implications. Please set the heap size to the default value (10240) 
[1443822612.436036] [node059:27358:0]         sys.c:719  MXM  WARN  Conflicting CPU frequencies detected, using: 2126.34
[1443822612.439081] [node059:27358:0]         mxm.c:185  MXM  WARN  The 'ulimit -s' on the system is set to 'unlimited'. This may have negative performance implications. Please set the heap size to the default value (10240) 
[1443822612.436110] [node059:27349:0]         sys.c:719  MXM  WARN  Conflicting CPU frequencies detected, using: 2126.34
[1443822612.439286] [node059:27349:0]         mxm.c:185  MXM  WARN  The 'ulimit -s' on the system is set to 'unlimited'. This may have negative performance implications. Please set the heap size to the default value (10240) 
[1443822612.435612] [node058:29196:0]         sys.c:719  MXM  WARN  Conflicting CPU frequencies detected, using: 2361.84
[1443822612.438461] [node058:29196:0]         mxm.c:185  MXM  WARN  The 'ulimit -s' on the system is set to 'unlimited'. This may have negative performance implications. Please set the heap size to the default value (10240) 
[1443822612.435786] [node058:29206:0]         sys.c:719  MXM  WARN  Conflicting CPU frequencies detected, using: 2361.84
[1443822612.439158] [node058:29206:0]         mxm.c:185  MXM  WARN  The 'ulimit -s' on the system is set to 'unlimited'. This may have negative performance implications. Please set the heap size to the default value (10240) 
[1443822612.436694] [node059:27357:0]         sys.c:719  MXM  WARN  Conflicting CPU frequencies detected, using: 2126.34
[1443822612.440051] [node059:27357:0]         mxm.c:185  MXM  WARN  The 'ulimit -s' on the system is set to 'unlimited'. This may have negative performance implications. Please set the heap size to the default value (10240) 
[1443822612.434337] [node059:27351:0]         sys.c:719  MXM  WARN  Conflicting CPU frequencies detected, using: 2095.50
[1443822612.437988] [node059:27351:0]         mxm.c:185  MXM  WARN  The 'ulimit -s' on the system is set to 'unlimited'. This may have negative performance implications. Please set the heap size to the default value (10240) 
[1443822612.436760] [node058:29202:0]         sys.c:719  MXM  WARN  Conflicting CPU frequencies detected, using: 2361.84
[1443822612.440557] [node058:29202:0]         mxm.c:185  MXM  WARN  The 'ulimit -s' on the system is set to 'unlimited'. This may have negative performance implications. Please set the heap size to the default value (10240) 
[1443822612.481682] [node054:16620:0]         sys.c:719  MXM  WARN  Conflicting CPU frequencies detected, using: 1978.03
[1443822612.489991] [node054:16620:0]         mxm.c:185  MXM  WARN  The 'ulimit -s' on the system is set to 'unlimited'. This may have negative performance implications. Please set the heap size to the default value (10240) 
[1443822612.482823] [node054:16618:0]         sys.c:719  MXM  WARN  Conflicting CPU frequencies detected, using: 1978.03
[1443822612.494192] [node054:16618:0]         mxm.c:185  MXM  WARN  The 'ulimit -s' on the system is set to 'unlimited'. This may have negative performance implications. Please set the heap size to the default value (10240) 
[1443822612.483675] [node054:16616:0]         sys.c:719  MXM  WARN  Conflicting CPU frequencies detected, using: 1978.03
[1443822612.494906] [node054:16616:0]         mxm.c:185  MXM  WARN  The 'ulimit -s' on the system is set to 'unlimited'. This may have negative performance implications. Please set the heap size to the default value (10240) 
[1443822612.435851] [node056:21188:0]         sys.c:719  MXM  WARN  Conflicting CPU frequencies detected, using: 2389.12
[1443822612.446785] [node056:21188:0]         mxm.c:185  MXM  WARN  The 'ulimit -s' on the system is set to 'unlimited'. This may have negative performance implications. Please set the heap size to the default value (10240) 
[1443822612.478800] [node054:16622:0]         sys.c:719  MXM  WARN  Conflicting CPU frequencies detected, using: 1978.03
[1443822612.486246] [node054:16622:0]         mxm.c:185  MXM  WARN  The 'ulimit -s' on the system is set to 'unlimited'. This may have negative performance implications. Please set the heap size to the default value (10240) 
[1443822612.435195] [node056:21173:0]         sys.c:719  MXM  WARN  Conflicting CPU frequencies detected, using: 2389.12
[1443822612.448395] [node056:21173:0]         mxm.c:185  MXM  WARN  The 'ulimit -s' on the system is set to 'unlimited'. This may have negative performance implications. Please set the heap size to the default value (10240) 
[1443822612.434779] [node056:21172:0]         sys.c:719  MXM  WARN  Conflicting CPU frequencies detected, using: 2389.12
[1443822612.445002] [node056:21172:0]         mxm.c:185  MXM  WARN  The 'ulimit -s' on the system is set to 'unlimited'. This may have negative performance implications. Please set the heap size to the default value (10240) 
[1443822612.429801] [node056:21174:0]         sys.c:719  MXM  WARN  Conflicting CPU frequencies detected, using: 2383.69
[1443822612.435652] [node056:21174:0]         mxm.c:185  MXM  WARN  The 'ulimit -s' on the system is set to 'unlimited'. This may have negative performance implications. Please set the heap size to the default value (10240) 
[1443822612.471682] [node055:17026:0]         sys.c:719  MXM  WARN  Conflicting CPU frequencies detected, using: 1898.25
[1443822612.482649] [node055:17026:0]         mxm.c:185  MXM  WARN  The 'ulimit -s' on the system is set to 'unlimited'. This may have negative performance implications. Please set the heap size to the default value (10240) 
[1443822612.472357] [node055:17018:0]         sys.c:719  MXM  WARN  Conflicting CPU frequencies detected, using: 1898.25
[1443822612.484217] [node055:17018:0]         mxm.c:185  MXM  WARN  The 'ulimit -s' on the system is set to 'unlimited'. This may have negative performance implications. Please set the heap size to the default value (10240) 
[1443822612.472417] [node055:17016:0]         sys.c:719  MXM  WARN  Conflicting CPU frequencies detected, using: 1898.25
[1443822612.486525] [node055:17016:0]         mxm.c:185  MXM  WARN  The 'ulimit -s' on the system is set to 'unlimited'. This may have negative performance implications. Please set the heap size to the default value (10240) 
[1443822612.472417] [node055:17017:0]         sys.c:719  MXM  WARN  Conflicting CPU frequencies detected, using: 1898.25
[1443822612.485735] [node055:17017:0]         mxm.c:185  MXM  WARN  The 'ulimit -s' on the system is set to 'unlimited'. This may have negative performance implications. Please set the heap size to the default value (10240) 
[1443822612.494396] [node060:31598:0]         sys.c:719  MXM  WARN  Conflicting CPU frequencies detected, using: 2376.75
[1443822612.499531] [node060:31598:0]         mxm.c:185  MXM  WARN  The 'ulimit -s' on the system is set to 'unlimited'. This may have negative performance implications. Please set the heap size to the default value (10240) 
[1443822612.494303] [node060:31599:0]         sys.c:719  MXM  WARN  Conflicting CPU frequencies detected, using: 2376.75
[1443822612.499583] [node060:31599:0]         mxm.c:185  MXM  WARN  The 'ulimit -s' on the system is set to 'unlimited'. This may have negative performance implications. Please set the heap size to the default value (10240) 
[1443822612.494339] [node060:31597:0]         sys.c:719  MXM  WARN  Conflicting CPU frequencies detected, using: 2376.75
[1443822612.499389] [node060:31597:0]         mxm.c:185  MXM  WARN  The 'ulimit -s' on the system is set to 'unlimited'. This may have negative performance implications. Please set the heap size to the default value (10240) 
[1443822612.494325] [node060:31596:0]         sys.c:719  MXM  WARN  Conflicting CPU frequencies detected, using: 2376.75
[1443822612.499290] [node060:31596:0]         mxm.c:185  MXM  WARN  The 'ulimit -s' on the system is set to 'unlimited'. This may have negative performance implications. Please set the heap size to the default value (10240) 
UPCR: UPC thread  3 of 32 on node053 (pshm node 0 of 8, process  3 of 32, pid=22048)
UPCR: UPC thread  0 of 32 on node053 (pshm node 0 of 8, process  0 of 32, pid=22045)
UPCR: UPC thread  1 of 32 on node053 (pshm node 0 of 8, process  1 of 32, pid=22046)
UPCR: UPC thread  2 of 32 on node053 (pshm node 0 of 8, process  2 of 32, pid=22047)
UPCR: UPC thread 22 of 32 on node058 (pshm node 5 of 8, process 22 of 32, pid=29202)
UPCR: UPC thread  4 of 32 on node054 (pshm node 1 of 8, process  4 of 32, pid=16618)
UPCR: UPC thread  7 of 32 on node054 (pshm node 1 of 8, process  7 of 32, pid=16616)
UPCR: UPC thread 21 of 32 on node058 (pshm node 5 of 8, process 21 of 32, pid=29206)
UPCR: UPC thread  6 of 32 on node054 (pshm node 1 of 8, process  6 of 32, pid=16622)
UPCR: UPC thread  5 of 32 on node054 (pshm node 1 of 8, process  5 of 32, pid=16620)
UPCR: UPC thread 31 of 32 on node060 (pshm node 7 of 8, process 31 of 32, pid=31596)
UPCR: UPC thread 20 of 32 on node058 (pshm node 5 of 8, process 20 of 32, pid=29196)
UPCR: UPC thread 29 of 32 on node060 (pshm node 7 of 8, process 29 of 32, pid=31599)
UPCR: UPC thread 23 of 32 on node058 (pshm node 5 of 8, process 23 of 32, pid=29204)
UPCR: UPC thread 14 of 32 on node056 (pshm node 3 of 8, process 14 of 32, pid=21173)
UPCR: UPC thread 28 of 32 on node060 (pshm node 7 of 8, process 28 of 32, pid=31597)
UPCR: UPC thread 30 of 32 on node060 (pshm node 7 of 8, process 30 of 32, pid=31598)
UPCR: UPC thread 15 of 32 on node056 (pshm node 3 of 8, process 15 of 32, pid=21172)
UPCR: UPC thread 12 of 32 on node056 (pshm node 3 of 8, process 12 of 32, pid=21188)
UPCR: UPC thread 13 of 32 on node056 (pshm node 3 of 8, process 13 of 32, pid=21174)
UPCR: UPC thread 26 of 32 on node059 (pshm node 6 of 8, process 26 of 32, pid=27357)
UPCR: UPC thread 24 of 32 on node059 (pshm node 6 of 8, process 24 of 32, pid=27351)
UPCR: UPC thread 27 of 32 on node059 (pshm node 6 of 8, process 27 of 32, pid=27349)
UPCR: UPC thread 25 of 32 on node059 (pshm node 6 of 8, process 25 of 32, pid=27358)
UPCR: UPC thread 18 of 32 on node057 (pshm node 4 of 8, process 18 of 32, pid=31723)
UPCR: UPC thread 10 of 32 on node055 (pshm node 2 of 8, process 10 of 32, pid=17018)
UPCR: UPC thread 16 of 32 on node057 (pshm node 4 of 8, process 16 of 32, pid=31715)
UPCR: UPC thread  8 of 32 on node055 (pshm node 2 of 8, process  8 of 32, pid=17017)
UPCR: UPC thread  9 of 32 on node055 (pshm node 2 of 8, process  9 of 32, pid=17016)
UPCR: UPC thread 11 of 32 on node055 (pshm node 2 of 8, process 11 of 32, pid=17026)
UPCR: UPC thread 17 of 32 on node057 (pshm node 4 of 8, process 17 of 32, pid=31722)
UPCR: UPC thread 19 of 32 on node057 (pshm node 4 of 8, process 19 of 32, pid=31733)
Initializing models/at.5.8-rgs.bdd!
Vector size: 14
Bits per integer: 8
Number of BDD variables: 112
Loading initial states: 
Initial states loaded... 
Loading transition relations... 
14 integers per state, 8 bits per integer, 26 transition groups
BDD nodes:
Initial states: 112 BDD nodes
Transition 0: 288 BDD nodes
Transition 1: 205 BDD nodes
Transition 2: 94 BDD nodes
Transition 3: 181 BDD nodes
Transition 4: 32 BDD nodes
Transition 5: 32 BDD nodes
Transition 6: 203 BDD nodes
Transition 7: 94 BDD nodes
Transition 8: 178 BDD nodes
Transition 9: 32 BDD nodes
Transition 10: 32 BDD nodes
Transition 11: 213 BDD nodes
Transition 12: 213 BDD nodes
Transition 13: 274 BDD nodes
Transition 14: 81 BDD nodes
Transition 15: 32 BDD nodes
Transition 16: 81 BDD nodes
Transition 17: 32 BDD nodes
Transition 18: 81 BDD nodes
Transition 19: 32 BDD nodes
Transition 20: 159 BDD nodes
Transition 21: 32 BDD nodes
Transition 22: 146 BDD nodes
Transition 23: 135 BDD nodes
Transition 24: 32 BDD nodes
Transition 25: 32 BDD nodes
Level 1... done. 
Level 2... done. 
Level 3... done. 
Level 4... done. 
Level 5... done. 
Level 6... done. 
Level 7... done. 
Level 8... done. 
Level 9... done. 
Level 10... done. 
Level 11... done. 
Level 12... done. 
Level 13... done. 
Level 14... done. 
Level 15... done. 
Level 16... done. 
Level 17... done. 
Level 18... done. 
Level 19... done. 
Level 20... done. 
Level 21... done. 
Level 22... done. 
Level 23... done. 
Level 24... done. 
Level 25... done. 
Level 26... done. 
Level 27... done. 
Level 28... done. 
Level 29... done. 
Level 30... done. 
Level 31... done. 
Level 32... done. 
Level 33... done. 
Level 34... done. 
Level 35... done. 
Level 36... done. 
Level 37... done. 
Level 38... done. 
Level 39... done. 
Level 40... done. 
Level 41... done. 
Level 42... done. 
Level 43... done. 
Level 44... done. 
Level 45... done. 
Level 46... done. 
Level 47... done. 
Level 48... done. 
Level 49... done. 
Level 50... done. 
Level 51... done. 
PAR Time: 37.733996
Final states: 31999440 states
Final states: 159207 BDD nodes
[1443822612.164686] [node053:22000:0]         sys.c:719  MXM  WARN  Conflicting CPU frequencies detected, using: 3161.91
