[1443822372.878355] [node053:21675:0]         sys.c:719  MXM  WARN  Conflicting CPU frequencies detected, using: 1363.69
[1443822372.882242] [node053:21675:0]         mxm.c:185  MXM  WARN  The 'ulimit -s' on the system is set to 'unlimited'. This may have negative performance implications. Please set the heap size to the default value (10240) 
[1443822373.097042] [node055:16711:0]         sys.c:719  MXM  WARN  Conflicting CPU frequencies detected, using: 1394.72
[1443822373.103115] [node055:16711:0]         mxm.c:185  MXM  WARN  The 'ulimit -s' on the system is set to 'unlimited'. This may have negative performance implications. Please set the heap size to the default value (10240) 
[1443822373.092840] [node059:27045:0]         sys.c:719  MXM  WARN  Conflicting CPU frequencies detected, using: 1500.00
[1443822373.097328] [node059:27045:0]         mxm.c:185  MXM  WARN  The 'ulimit -s' on the system is set to 'unlimited'. This may have negative performance implications. Please set the heap size to the default value (10240) 
[1443822373.101224] [node057:31417:0]         sys.c:719  MXM  WARN  Conflicting CPU frequencies detected, using: 1394.53
[1443822373.105274] [node057:31417:0]         mxm.c:185  MXM  WARN  The 'ulimit -s' on the system is set to 'unlimited'. This may have negative performance implications. Please set the heap size to the default value (10240) 
[1443822373.113525] [node058:28890:0]         sys.c:719  MXM  WARN  Conflicting CPU frequencies detected, using: 1363.97
[1443822373.117819] [node058:28890:0]         mxm.c:185  MXM  WARN  The 'ulimit -s' on the system is set to 'unlimited'. This may have negative performance implications. Please set the heap size to the default value (10240) 
[1443822373.113576] [node060:31286:0]         sys.c:719  MXM  WARN  Conflicting CPU frequencies detected, using: 1394.91
[1443822373.117859] [node060:31286:0]         mxm.c:185  MXM  WARN  The 'ulimit -s' on the system is set to 'unlimited'. This may have negative performance implications. Please set the heap size to the default value (10240) 
[1443822373.104606] [node056:20870:0]         sys.c:719  MXM  WARN  Conflicting CPU frequencies detected, using: 1595.53
[1443822373.111202] [node056:20870:0]         mxm.c:185  MXM  WARN  The 'ulimit -s' on the system is set to 'unlimited'. This may have negative performance implications. Please set the heap size to the default value (10240) 
[1443822374.100526] [node054:16313:0]         sys.c:719  MXM  WARN  Conflicting CPU frequencies detected, using: 1395.56
[1443822374.106715] [node054:16313:0]         mxm.c:185  MXM  WARN  The 'ulimit -s' on the system is set to 'unlimited'. This may have negative performance implications. Please set the heap size to the default value (10240) 
UPCR: UPC thread 0 of 8 on node053 (pshm node 0 of 8, process 0 of 8, pid=21675)
UPCR: UPC thread 1 of 8 on node054 (pshm node 1 of 8, process 1 of 8, pid=16313)
UPCR: UPC thread 7 of 8 on node060 (pshm node 7 of 8, process 7 of 8, pid=31286)
UPCR: UPC thread 5 of 8 on node058 (pshm node 5 of 8, process 5 of 8, pid=28890)
UPCR: UPC thread 6 of 8 on node059 (pshm node 6 of 8, process 6 of 8, pid=27045)
UPCR: UPC thread 2 of 8 on node055 (pshm node 2 of 8, process 2 of 8, pid=16711)
UPCR: UPC thread 3 of 8 on node056 (pshm node 3 of 8, process 3 of 8, pid=20870)
UPCR: UPC thread 4 of 8 on node057 (pshm node 4 of 8, process 4 of 8, pid=31417)
Initializing models/at.5.8-rgs.bdd!
Vector size: 14
Bits per integer: 8
Number of BDD variables: 112
Loading initial states: 
Initial states loaded... 
Loading transition relations... 
14 integers per state, 8 bits per integer, 26 transition groups
BDD nodes:
Initial states: 112 BDD nodes
Transition 0: 288 BDD nodes
Transition 1: 205 BDD nodes
Transition 2: 94 BDD nodes
Transition 3: 181 BDD nodes
Transition 4: 32 BDD nodes
Transition 5: 32 BDD nodes
Transition 6: 203 BDD nodes
Transition 7: 94 BDD nodes
Transition 8: 178 BDD nodes
Transition 9: 32 BDD nodes
Transition 10: 32 BDD nodes
Transition 11: 213 BDD nodes
Transition 12: 213 BDD nodes
Transition 13: 274 BDD nodes
Transition 14: 81 BDD nodes
Transition 15: 32 BDD nodes
Transition 16: 81 BDD nodes
Transition 17: 32 BDD nodes
Transition 18: 81 BDD nodes
Transition 19: 32 BDD nodes
Transition 20: 159 BDD nodes
Transition 21: 32 BDD nodes
Transition 22: 146 BDD nodes
Transition 23: 135 BDD nodes
Transition 24: 32 BDD nodes
Transition 25: 32 BDD nodes
Level 1... done. 
Level 2... done. 
Level 3... done. 
Level 4... done. 
Level 5... done. 
Level 6... done. 
Level 7... done. 
Level 8... done. 
Level 9... done. 
Level 10... done. 
Level 11... done. 
Level 12... done. 
Level 13... done. 
Level 14... done. 
Level 15... done. 
Level 16... done. 
Level 17... done. 
Level 18... done. 
Level 19... done. 
Level 20... done. 
Level 21... done. 
Level 22... done. 
Level 23... done. 
Level 24... done. 
Level 25... done. 
Level 26... done. 
Level 27... done. 
Level 28... done. 
Level 29... done. 
Level 30... done. 
Level 31... done. 
Level 32... done. 
Level 33... done. 
Level 34... done. 
Level 35... done. 
Level 36... done. 
Level 37... done. 
Level 38... done. 
Level 39... done. 
Level 40... done. 
Level 41... done. 
Level 42... done. 
Level 43... done. 
Level 44... done. 
Level 45... done. 
Level 46... done. 
Level 47... done. 
Level 48... done. 
Level 49... done. 
Level 50... done. 
Level 51... done. 
PAR Time: 127.880946
Final states: 31999440 states
Final states: 159207 BDD nodes
[1443822372.861005] [node053:21630:0]         sys.c:719  MXM  WARN  Conflicting CPU frequencies detected, using: 1296.00
