[1443823914.294728] [node008:20373:0]         sys.c:719  MXM  WARN  Conflicting CPU frequencies detected, using: 2158.03
[1443823914.381159] [node008:20373:0]         mxm.c:185  MXM  WARN  The 'ulimit -s' on the system is set to 'unlimited'. This may have negative performance implications. Please set the heap size to the default value (10240) 
[1443823914.294343] [node008:20375:0]         sys.c:719  MXM  WARN  Conflicting CPU frequencies detected, using: 2158.03
[1443823914.378764] [node008:20375:0]         mxm.c:185  MXM  WARN  The 'ulimit -s' on the system is set to 'unlimited'. This may have negative performance implications. Please set the heap size to the default value (10240) 
[1443823914.293762] [node008:20372:0]         sys.c:719  MXM  WARN  Conflicting CPU frequencies detected, using: 2158.03
[1443823914.353405] [node008:20372:0]         mxm.c:185  MXM  WARN  The 'ulimit -s' on the system is set to 'unlimited'. This may have negative performance implications. Please set the heap size to the default value (10240) 
[1443823914.293924] [node008:20370:0]         sys.c:719  MXM  WARN  Conflicting CPU frequencies detected, using: 2158.03
[1443823914.357150] [node008:20370:0]         mxm.c:185  MXM  WARN  The 'ulimit -s' on the system is set to 'unlimited'. This may have negative performance implications. Please set the heap size to the default value (10240) 
[1443823914.294166] [node008:20376:0]         sys.c:719  MXM  WARN  Conflicting CPU frequencies detected, using: 2158.03
[1443823914.361199] [node008:20376:0]         mxm.c:185  MXM  WARN  The 'ulimit -s' on the system is set to 'unlimited'. This may have negative performance implications. Please set the heap size to the default value (10240) 
[1443823914.294988] [node008:20377:0]         sys.c:719  MXM  WARN  Conflicting CPU frequencies detected, using: 2158.03
[1443823914.368727] [node008:20377:0]         mxm.c:185  MXM  WARN  The 'ulimit -s' on the system is set to 'unlimited'. This may have negative performance implications. Please set the heap size to the default value (10240) 
[1443823914.294120] [node008:20374:0]         sys.c:719  MXM  WARN  Conflicting CPU frequencies detected, using: 2158.03
[1443823914.372184] [node008:20374:0]         mxm.c:185  MXM  WARN  The 'ulimit -s' on the system is set to 'unlimited'. This may have negative performance implications. Please set the heap size to the default value (10240) 
[1443823914.294254] [node008:20371:0]         sys.c:719  MXM  WARN  Conflicting CPU frequencies detected, using: 2158.03
[1443823914.377191] [node008:20371:0]         mxm.c:185  MXM  WARN  The 'ulimit -s' on the system is set to 'unlimited'. This may have negative performance implications. Please set the heap size to the default value (10240) 
[1443823914.605796] [node010:7884 :0]         sys.c:719  MXM  WARN  Conflicting CPU frequencies detected, using: 1922.25
[1443823914.610041] [node010:7884 :0]         mxm.c:185  MXM  WARN  The 'ulimit -s' on the system is set to 'unlimited'. This may have negative performance implications. Please set the heap size to the default value (10240) 
[1443823914.650884] [node009:15960:0]         sys.c:719  MXM  WARN  Conflicting CPU frequencies detected, using: 1449.09
[1443823914.657195] [node009:15960:0]         mxm.c:185  MXM  WARN  The 'ulimit -s' on the system is set to 'unlimited'. This may have negative performance implications. Please set the heap size to the default value (10240) 
[1443823914.630359] [node010:7898 :0]         sys.c:719  MXM  WARN  Conflicting CPU frequencies detected, using: 1922.25
[1443823914.634762] [node010:7898 :0]         mxm.c:185  MXM  WARN  The 'ulimit -s' on the system is set to 'unlimited'. This may have negative performance implications. Please set the heap size to the default value (10240) 
[1443823914.655545] [node011:23583:0]         sys.c:719  MXM  WARN  Conflicting CPU frequencies detected, using: 2827.22
[1443823914.661536] [node011:23583:0]         mxm.c:185  MXM  WARN  The 'ulimit -s' on the system is set to 'unlimited'. This may have negative performance implications. Please set the heap size to the default value (10240) 
[1443823914.659316] [node009:15968:0]         sys.c:719  MXM  WARN  Conflicting CPU frequencies detected, using: 1449.09
[1443823914.665531] [node009:15968:0]         mxm.c:185  MXM  WARN  The 'ulimit -s' on the system is set to 'unlimited'. This may have negative performance implications. Please set the heap size to the default value (10240) 
[1443823914.749654] [node011:23608:0]         sys.c:719  MXM  WARN  Conflicting CPU frequencies detected, using: 2827.22
[1443823914.755336] [node011:23608:0]         mxm.c:185  MXM  WARN  The 'ulimit -s' on the system is set to 'unlimited'. This may have negative performance implications. Please set the heap size to the default value (10240) 
[1443823915.001511] [node009:16008:0]         sys.c:719  MXM  WARN  Conflicting CPU frequencies detected, using: 1788.00
[1443823915.007643] [node009:16008:0]         mxm.c:185  MXM  WARN  The 'ulimit -s' on the system is set to 'unlimited'. This may have negative performance implications. Please set the heap size to the default value (10240) 
[1443823915.068375] [node009:16029:0]         sys.c:719  MXM  WARN  Conflicting CPU frequencies detected, using: 1477.41
[1443823915.074353] [node009:16029:0]         mxm.c:185  MXM  WARN  The 'ulimit -s' on the system is set to 'unlimited'. This may have negative performance implications. Please set the heap size to the default value (10240) 
[1443823915.180251] [node010:7933 :0]         sys.c:719  MXM  WARN  Conflicting CPU frequencies detected, using: 1922.25
[1443823915.184072] [node010:7933 :0]         mxm.c:185  MXM  WARN  The 'ulimit -s' on the system is set to 'unlimited'. This may have negative performance implications. Please set the heap size to the default value (10240) 
[1443823915.251302] [node011:23632:0]         sys.c:719  MXM  WARN  Conflicting CPU frequencies detected, using: 2827.22
[1443823915.257163] [node011:23632:0]         mxm.c:185  MXM  WARN  The 'ulimit -s' on the system is set to 'unlimited'. This may have negative performance implications. Please set the heap size to the default value (10240) 
[1443823915.280637] [node009:16056:0]         sys.c:719  MXM  WARN  Conflicting CPU frequencies detected, using: 1397.91
[1443823915.286891] [node009:16056:0]         mxm.c:185  MXM  WARN  The 'ulimit -s' on the system is set to 'unlimited'. This may have negative performance implications. Please set the heap size to the default value (10240) 
[1443823915.278308] [node011:23649:0]         sys.c:719  MXM  WARN  Conflicting CPU frequencies detected, using: 2827.22
[1443823915.285016] [node011:23649:0]         mxm.c:185  MXM  WARN  The 'ulimit -s' on the system is set to 'unlimited'. This may have negative performance implications. Please set the heap size to the default value (10240) 
[1443823915.549809] [node020:17161:0]         sys.c:719  MXM  WARN  Conflicting CPU frequencies detected, using: 1459.69
[1443823915.556148] [node020:17161:0]         mxm.c:185  MXM  WARN  The 'ulimit -s' on the system is set to 'unlimited'. This may have negative performance implications. Please set the heap size to the default value (10240) 
[1443823915.523229] [node010:7957 :0]         sys.c:719  MXM  WARN  Conflicting CPU frequencies detected, using: 1561.88
[1443823915.527289] [node010:7957 :0]         mxm.c:185  MXM  WARN  The 'ulimit -s' on the system is set to 'unlimited'. This may have negative performance implications. Please set the heap size to the default value (10240) 
[1443823915.584625] [node054:21611:0]         sys.c:719  MXM  WARN  Conflicting CPU frequencies detected, using: 1430.81
[1443823915.591203] [node054:21611:0]         mxm.c:185  MXM  WARN  The 'ulimit -s' on the system is set to 'unlimited'. This may have negative performance implications. Please set the heap size to the default value (10240) 
[1443823915.575510] [node057:4390 :0]         sys.c:719  MXM  WARN  Conflicting CPU frequencies detected, using: 1856.53
[1443823915.579947] [node057:4390 :0]         mxm.c:185  MXM  WARN  The 'ulimit -s' on the system is set to 'unlimited'. This may have negative performance implications. Please set the heap size to the default value (10240) 
[1443823915.607280] [node022:20280:0]         sys.c:719  MXM  WARN  Conflicting CPU frequencies detected, using: 1399.97
[1443823915.613664] [node022:20280:0]         mxm.c:185  MXM  WARN  The 'ulimit -s' on the system is set to 'unlimited'. This may have negative performance implications. Please set the heap size to the default value (10240) 
[1443823915.652263] [node020:17185:0]         sys.c:719  MXM  WARN  Conflicting CPU frequencies detected, using: 1423.31
[1443823915.658598] [node020:17185:0]         mxm.c:185  MXM  WARN  The 'ulimit -s' on the system is set to 'unlimited'. This may have negative performance implications. Please set the heap size to the default value (10240) 
[1443823915.624271] [node053:26136:0]         sys.c:719  MXM  WARN  Conflicting CPU frequencies detected, using: 1595.62
[1443823915.628258] [node053:26136:0]         mxm.c:185  MXM  WARN  The 'ulimit -s' on the system is set to 'unlimited'. This may have negative performance implications. Please set the heap size to the default value (10240) 
[1443823915.624919] [node053:26135:0]         sys.c:719  MXM  WARN  Conflicting CPU frequencies detected, using: 1595.62
[1443823915.628706] [node053:26135:0]         mxm.c:185  MXM  WARN  The 'ulimit -s' on the system is set to 'unlimited'. This may have negative performance implications. Please set the heap size to the default value (10240) 
[1443823915.637882] [node058:1778 :0]         sys.c:719  MXM  WARN  Conflicting CPU frequencies detected, using: 1574.81
[1443823915.642278] [node058:1778 :0]         mxm.c:185  MXM  WARN  The 'ulimit -s' on the system is set to 'unlimited'. This may have negative performance implications. Please set the heap size to the default value (10240) 
[1443823915.650514] [node013:3439 :0]         sys.c:719  MXM  WARN  Conflicting CPU frequencies detected, using: 1693.88
[1443823915.656827] [node013:3439 :0]         mxm.c:185  MXM  WARN  The 'ulimit -s' on the system is set to 'unlimited'. This may have negative performance implications. Please set the heap size to the default value (10240) 
[1443823915.680132] [node019:20799:0]         sys.c:719  MXM  WARN  Conflicting CPU frequencies detected, using: 2097.94
[1443823915.683809] [node019:20799:0]         mxm.c:185  MXM  WARN  The 'ulimit -s' on the system is set to 'unlimited'. This may have negative performance implications. Please set the heap size to the default value (10240) 
[1443823915.678446] [node010:7981 :0]         sys.c:719  MXM  WARN  Conflicting CPU frequencies detected, using: 1395.56
[1443823915.682478] [node010:7981 :0]         mxm.c:185  MXM  WARN  The 'ulimit -s' on the system is set to 'unlimited'. This may have negative performance implications. Please set the heap size to the default value (10240) 
[1443823915.714995] [node054:21635:0]         sys.c:719  MXM  WARN  Conflicting CPU frequencies detected, using: 1696.69
[1443823915.721192] [node054:21635:0]         mxm.c:185  MXM  WARN  The 'ulimit -s' on the system is set to 'unlimited'. This may have negative performance implications. Please set the heap size to the default value (10240) 
[1443823915.751763] [node013:3463 :0]         sys.c:719  MXM  WARN  Conflicting CPU frequencies detected, using: 1489.78
[1443823915.758274] [node013:3463 :0]         mxm.c:185  MXM  WARN  The 'ulimit -s' on the system is set to 'unlimited'. This may have negative performance implications. Please set the heap size to the default value (10240) 
[1443823915.757957] [node017:21674:0]         sys.c:719  MXM  WARN  Conflicting CPU frequencies detected, using: 1486.59
[1443823915.764296] [node017:21674:0]         mxm.c:185  MXM  WARN  The 'ulimit -s' on the system is set to 'unlimited'. This may have negative performance implications. Please set the heap size to the default value (10240) 
[1443823915.740913] [node054:21649:0]         sys.c:719  MXM  WARN  Conflicting CPU frequencies detected, using: 1799.91
[1443823915.747357] [node054:21649:0]         mxm.c:185  MXM  WARN  The 'ulimit -s' on the system is set to 'unlimited'. This may have negative performance implications. Please set the heap size to the default value (10240) 
[1443823915.745117] [node058:1802 :0]         sys.c:719  MXM  WARN  Conflicting CPU frequencies detected, using: 1671.56
[1443823915.749219] [node058:1802 :0]         mxm.c:185  MXM  WARN  The 'ulimit -s' on the system is set to 'unlimited'. This may have negative performance implications. Please set the heap size to the default value (10240) 
[1443823915.751064] [node058:1813 :0]         sys.c:719  MXM  WARN  Conflicting CPU frequencies detected, using: 1692.47
[1443823915.755046] [node058:1813 :0]         mxm.c:185  MXM  WARN  The 'ulimit -s' on the system is set to 'unlimited'. This may have negative performance implications. Please set the heap size to the default value (10240) 
[1443823915.803259] [node012:6168 :0]         sys.c:719  MXM  WARN  Conflicting CPU frequencies detected, using: 1497.00
[1443823915.809303] [node012:6168 :0]         mxm.c:185  MXM  WARN  The 'ulimit -s' on the system is set to 'unlimited'. This may have negative performance implications. Please set the heap size to the default value (10240) 
[1443823915.802857] [node056:26153:0]         sys.c:719  MXM  WARN  Conflicting CPU frequencies detected, using: 1395.09
[1443823915.808834] [node056:26153:0]         mxm.c:185  MXM  WARN  The 'ulimit -s' on the system is set to 'unlimited'. This may have negative performance implications. Please set the heap size to the default value (10240) 
[1443823915.824271] [node023:1444 :0]         sys.c:719  MXM  WARN  Conflicting CPU frequencies detected, using: 1399.97
[1443823915.830450] [node023:1444 :0]         mxm.c:185  MXM  WARN  The 'ulimit -s' on the system is set to 'unlimited'. This may have negative performance implications. Please set the heap size to the default value (10240) 
[1443823915.801974] [node057:4414 :0]         sys.c:719  MXM  WARN  Conflicting CPU frequencies detected, using: 1856.53
[1443823915.806115] [node057:4414 :0]         mxm.c:185  MXM  WARN  The 'ulimit -s' on the system is set to 'unlimited'. This may have negative performance implications. Please set the heap size to the default value (10240) 
[1443823915.817835] [node060:4268 :0]         sys.c:719  MXM  WARN  Conflicting CPU frequencies detected, using: 1699.97
[1443823915.822393] [node060:4268 :0]         mxm.c:185  MXM  WARN  The 'ulimit -s' on the system is set to 'unlimited'. This may have negative performance implications. Please set the heap size to the default value (10240) 
[1443823915.812242] [node013:3484 :0]         sys.c:719  MXM  WARN  Conflicting CPU frequencies detected, using: 1591.12
[1443823915.818773] [node013:3484 :0]         mxm.c:185  MXM  WARN  The 'ulimit -s' on the system is set to 'unlimited'. This may have negative performance implications. Please set the heap size to the default value (10240) 
[1443823915.834511] [node060:4280 :0]         sys.c:719  MXM  WARN  Conflicting CPU frequencies detected, using: 1699.97
[1443823915.838021] [node060:4280 :0]         mxm.c:185  MXM  WARN  The 'ulimit -s' on the system is set to 'unlimited'. This may have negative performance implications. Please set the heap size to the default value (10240) 
[1443823915.823436] [node014:12730:0]         sys.c:719  MXM  WARN  Conflicting CPU frequencies detected, using: 1374.94
[1443823915.827855] [node014:12730:0]         mxm.c:185  MXM  WARN  The 'ulimit -s' on the system is set to 'unlimited'. This may have negative performance implications. Please set the heap size to the default value (10240) 
[1443823915.871235] [node055:22012:0]         sys.c:719  MXM  WARN  Conflicting CPU frequencies detected, using: 1495.22
[1443823915.877680] [node055:22012:0]         mxm.c:185  MXM  WARN  The 'ulimit -s' on the system is set to 'unlimited'. This may have negative performance implications. Please set the heap size to the default value (10240) 
[1443823915.866803] [node020:17209:0]         sys.c:719  MXM  WARN  Conflicting CPU frequencies detected, using: 1500.19
[1443823915.873047] [node020:17209:0]         mxm.c:185  MXM  WARN  The 'ulimit -s' on the system is set to 'unlimited'. This may have negative performance implications. Please set the heap size to the default value (10240) 
[1443823915.934820] [node055:22033:0]         sys.c:719  MXM  WARN  Conflicting CPU frequencies detected, using: 1399.12
[1443823915.941341] [node055:22033:0]         mxm.c:185  MXM  WARN  The 'ulimit -s' on the system is set to 'unlimited'. This may have negative performance implications. Please set the heap size to the default value (10240) 
[1443823915.924694] [node011:23681:0]         sys.c:719  MXM  WARN  Conflicting CPU frequencies detected, using: 2827.22
[1443823915.930555] [node011:23681:0]         mxm.c:185  MXM  WARN  The 'ulimit -s' on the system is set to 'unlimited'. This may have negative performance implications. Please set the heap size to the default value (10240) 
[1443823915.953398] [node021:25996:0]         sys.c:719  MXM  WARN  Conflicting CPU frequencies detected, using: 1393.50
[1443823915.957477] [node021:25996:0]         mxm.c:185  MXM  WARN  The 'ulimit -s' on the system is set to 'unlimited'. This may have negative performance implications. Please set the heap size to the default value (10240) 
[1443823915.974921] [node054:21687:0]         sys.c:719  MXM  WARN  Conflicting CPU frequencies detected, using: 1698.75
[1443823915.985897] [node054:21687:0]         mxm.c:185  MXM  WARN  The 'ulimit -s' on the system is set to 'unlimited'. This may have negative performance implications. Please set the heap size to the default value (10240) 
[1443823915.974190] [node054:21685:0]         sys.c:719  MXM  WARN  Conflicting CPU frequencies detected, using: 1698.75
[1443823915.983393] [node054:21685:0]         mxm.c:185  MXM  WARN  The 'ulimit -s' on the system is set to 'unlimited'. This may have negative performance implications. Please set the heap size to the default value (10240) 
[1443823915.974398] [node054:21686:0]         sys.c:719  MXM  WARN  Conflicting CPU frequencies detected, using: 1698.75
[1443823915.985128] [node054:21686:0]         mxm.c:185  MXM  WARN  The 'ulimit -s' on the system is set to 'unlimited'. This may have negative performance implications. Please set the heap size to the default value (10240) 
[1443823915.985172] [node013:3511 :0]         sys.c:719  MXM  WARN  Conflicting CPU frequencies detected, using: 1458.56
[1443823915.991478] [node013:3511 :0]         mxm.c:185  MXM  WARN  The 'ulimit -s' on the system is set to 'unlimited'. This may have negative performance implications. Please set the heap size to the default value (10240) 
[1443823915.983858] [node016:3422 :0]         sys.c:719  MXM  WARN  Conflicting CPU frequencies detected, using: 1406.53
[1443823915.988490] [node016:3422 :0]         mxm.c:185  MXM  WARN  The 'ulimit -s' on the system is set to 'unlimited'. This may have negative performance implications. Please set the heap size to the default value (10240) 
[1443823915.990014] [node023:1468 :0]         sys.c:719  MXM  WARN  Conflicting CPU frequencies detected, using: 1399.97
[1443823915.995964] [node023:1468 :0]         mxm.c:185  MXM  WARN  The 'ulimit -s' on the system is set to 'unlimited'. This may have negative performance implications. Please set the heap size to the default value (10240) 
[1443823915.949482] [node010:8005 :0]         sys.c:719  MXM  WARN  Conflicting CPU frequencies detected, using: 1399.31
[1443823915.953652] [node010:8005 :0]         mxm.c:185  MXM  WARN  The 'ulimit -s' on the system is set to 'unlimited'. This may have negative performance implications. Please set the heap size to the default value (10240) 
[1443823915.955856] [node019:20824:0]         sys.c:719  MXM  WARN  Conflicting CPU frequencies detected, using: 1515.94
[1443823915.959806] [node019:20824:0]         mxm.c:185  MXM  WARN  The 'ulimit -s' on the system is set to 'unlimited'. This may have negative performance implications. Please set the heap size to the default value (10240) 
[1443823915.953344] [node015:25218:0]         sys.c:719  MXM  WARN  Conflicting CPU frequencies detected, using: 1568.06
[1443823915.959406] [node015:25218:0]         mxm.c:185  MXM  WARN  The 'ulimit -s' on the system is set to 'unlimited'. This may have negative performance implications. Please set the heap size to the default value (10240) 
[1443823915.987528] [node060:4316 :0]         sys.c:719  MXM  WARN  Conflicting CPU frequencies detected, using: 1791.28
[1443823915.991112] [node060:4316 :0]         mxm.c:185  MXM  WARN  The 'ulimit -s' on the system is set to 'unlimited'. This may have negative performance implications. Please set the heap size to the default value (10240) 
[1443823915.986216] [node011:23702:0]         sys.c:719  MXM  WARN  Conflicting CPU frequencies detected, using: 2827.22
[1443823915.991943] [node011:23702:0]         mxm.c:185  MXM  WARN  The 'ulimit -s' on the system is set to 'unlimited'. This may have negative performance implications. Please set the heap size to the default value (10240) 
[1443823915.992412] [node059:32343:0]         sys.c:719  MXM  WARN  Conflicting CPU frequencies detected, using: 2542.50
[1443823915.996543] [node059:32343:0]         mxm.c:185  MXM  WARN  The 'ulimit -s' on the system is set to 'unlimited'. This may have negative performance implications. Please set the heap size to the default value (10240) 
[1443823915.975225] [node015:25235:0]         sys.c:719  MXM  WARN  Conflicting CPU frequencies detected, using: 1599.28
[1443823915.981454] [node015:25235:0]         mxm.c:185  MXM  WARN  The 'ulimit -s' on the system is set to 'unlimited'. This may have negative performance implications. Please set the heap size to the default value (10240) 
[1443823915.986561] [node010:8022 :0]         sys.c:719  MXM  WARN  Conflicting CPU frequencies detected, using: 1485.84
[1443823915.990504] [node010:8022 :0]         mxm.c:185  MXM  WARN  The 'ulimit -s' on the system is set to 'unlimited'. This may have negative performance implications. Please set the heap size to the default value (10240) 
[1443823916.016408] [node060:4335 :0]         sys.c:719  MXM  WARN  Conflicting CPU frequencies detected, using: 2100.00
[1443823916.020717] [node060:4335 :0]         mxm.c:185  MXM  WARN  The 'ulimit -s' on the system is set to 'unlimited'. This may have negative performance implications. Please set the heap size to the default value (10240) 
[1443823915.999705] [node057:4439 :0]         sys.c:719  MXM  WARN  Conflicting CPU frequencies detected, using: 1661.81
[1443823916.003680] [node057:4439 :0]         mxm.c:185  MXM  WARN  The 'ulimit -s' on the system is set to 'unlimited'. This may have negative performance implications. Please set the heap size to the default value (10240) 
[1443823916.000735] [node057:4440 :0]         sys.c:719  MXM  WARN  Conflicting CPU frequencies detected, using: 1661.81
[1443823916.005710] [node057:4440 :0]         mxm.c:185  MXM  WARN  The 'ulimit -s' on the system is set to 'unlimited'. This may have negative performance implications. Please set the heap size to the default value (10240) 
[1443823915.992670] [node013:3517 :0]         sys.c:719  MXM  WARN  Conflicting CPU frequencies detected, using: 1458.56
[1443823915.999179] [node013:3517 :0]         mxm.c:185  MXM  WARN  The 'ulimit -s' on the system is set to 'unlimited'. This may have negative performance implications. Please set the heap size to the default value (10240) 
[1443823916.013306] [node057:4466 :0]         sys.c:719  MXM  WARN  Conflicting CPU frequencies detected, using: 1661.81
[1443823916.017504] [node057:4466 :0]         mxm.c:185  MXM  WARN  The 'ulimit -s' on the system is set to 'unlimited'. This may have negative performance implications. Please set the heap size to the default value (10240) 
[1443823916.026004] [node060:4334 :0]         sys.c:719  MXM  WARN  Conflicting CPU frequencies detected, using: 2188.50
[1443823916.029977] [node060:4334 :0]         mxm.c:185  MXM  WARN  The 'ulimit -s' on the system is set to 'unlimited'. This may have negative performance implications. Please set the heap size to the default value (10240) 
[1443823916.036819] [node060:4348 :0]         sys.c:719  MXM  WARN  Conflicting CPU frequencies detected, using: 2199.94
[1443823916.041725] [node060:4348 :0]         mxm.c:185  MXM  WARN  The 'ulimit -s' on the system is set to 'unlimited'. This may have negative performance implications. Please set the heap size to the default value (10240) 
[1443823916.015319] [node020:17233:0]         sys.c:719  MXM  WARN  Conflicting CPU frequencies detected, using: 1652.62
[1443823916.021414] [node020:17233:0]         mxm.c:185  MXM  WARN  The 'ulimit -s' on the system is set to 'unlimited'. This may have negative performance implications. Please set the heap size to the default value (10240) 
[1443823916.034679] [node014:12754:0]         sys.c:719  MXM  WARN  Conflicting CPU frequencies detected, using: 1589.91
[1443823916.038422] [node014:12754:0]         mxm.c:185  MXM  WARN  The 'ulimit -s' on the system is set to 'unlimited'. This may have negative performance implications. Please set the heap size to the default value (10240) 
[1443823916.038075] [node058:1856 :0]         sys.c:719  MXM  WARN  Conflicting CPU frequencies detected, using: 1476.56
[1443823916.042030] [node058:1856 :0]         mxm.c:185  MXM  WARN  The 'ulimit -s' on the system is set to 'unlimited'. This may have negative performance implications. Please set the heap size to the default value (10240) 
[1443823916.038022] [node021:26019:0]         sys.c:719  MXM  WARN  Conflicting CPU frequencies detected, using: 1495.12
[1443823916.042072] [node021:26019:0]         mxm.c:185  MXM  WARN  The 'ulimit -s' on the system is set to 'unlimited'. This may have negative performance implications. Please set the heap size to the default value (10240) 
[1443823916.043975] [node014:12764:0]         sys.c:719  MXM  WARN  Conflicting CPU frequencies detected, using: 1599.94
[1443823916.047736] [node014:12764:0]         mxm.c:185  MXM  WARN  The 'ulimit -s' on the system is set to 'unlimited'. This may have negative performance implications. Please set the heap size to the default value (10240) 
[1443823916.069186] [node054:21752:0]         sys.c:719  MXM  WARN  Conflicting CPU frequencies detected, using: 1858.03
[1443823916.074951] [node054:21752:0]         mxm.c:185  MXM  WARN  The 'ulimit -s' on the system is set to 'unlimited'. This may have negative performance implications. Please set the heap size to the default value (10240) 
[1443823916.051986] [node017:21698:0]         sys.c:719  MXM  WARN  Conflicting CPU frequencies detected, using: 1650.84
[1443823916.058316] [node017:21698:0]         mxm.c:185  MXM  WARN  The 'ulimit -s' on the system is set to 'unlimited'. This may have negative performance implications. Please set the heap size to the default value (10240) 
[1443823916.070014] [node021:26037:0]         sys.c:719  MXM  WARN  Conflicting CPU frequencies detected, using: 1499.72
[1443823916.073757] [node021:26037:0]         mxm.c:185  MXM  WARN  The 'ulimit -s' on the system is set to 'unlimited'. This may have negative performance implications. Please set the heap size to the default value (10240) 
[1443823916.077395] [node012:6192 :0]         sys.c:719  MXM  WARN  Conflicting CPU frequencies detected, using: 1822.88
[1443823916.082953] [node012:6192 :0]         mxm.c:185  MXM  WARN  The 'ulimit -s' on the system is set to 'unlimited'. This may have negative performance implications. Please set the heap size to the default value (10240) 
[1443823916.070288] [node009:16080:0]         sys.c:719  MXM  WARN  Conflicting CPU frequencies detected, using: 1572.00
[1443823916.076496] [node009:16080:0]         mxm.c:185  MXM  WARN  The 'ulimit -s' on the system is set to 'unlimited'. This may have negative performance implications. Please set the heap size to the default value (10240) 
[1443823916.096197] [node059:32367:0]         sys.c:719  MXM  WARN  Conflicting CPU frequencies detected, using: 1757.81
[1443823916.099801] [node059:32367:0]         mxm.c:185  MXM  WARN  The 'ulimit -s' on the system is set to 'unlimited'. This may have negative performance implications. Please set the heap size to the default value (10240) 
[1443823916.096945] [node016:3446 :0]         sys.c:719  MXM  WARN  Conflicting CPU frequencies detected, using: 1780.59
[1443823916.100573] [node016:3446 :0]         mxm.c:185  MXM  WARN  The 'ulimit -s' on the system is set to 'unlimited'. This may have negative performance implications. Please set the heap size to the default value (10240) 
[1443823916.080581] [node019:20848:0]         sys.c:719  MXM  WARN  Conflicting CPU frequencies detected, using: 1492.78
[1443823916.085342] [node019:20848:0]         mxm.c:185  MXM  WARN  The 'ulimit -s' on the system is set to 'unlimited'. This may have negative performance implications. Please set the heap size to the default value (10240) 
[1443823916.084839] [node055:22060:0]         sys.c:719  MXM  WARN  Conflicting CPU frequencies detected, using: 1592.72
[1443823916.091001] [node055:22060:0]         mxm.c:185  MXM  WARN  The 'ulimit -s' on the system is set to 'unlimited'. This may have negative performance implications. Please set the heap size to the default value (10240) 
[1443823916.088807] [node012:6196 :0]         sys.c:719  MXM  WARN  Conflicting CPU frequencies detected, using: 1899.94
[1443823916.097039] [node012:6196 :0]         mxm.c:185  MXM  WARN  The 'ulimit -s' on the system is set to 'unlimited'. This may have negative performance implications. Please set the heap size to the default value (10240) 
[1443823916.087295] [node018:5390 :0]         sys.c:719  MXM  WARN  Conflicting CPU frequencies detected, using: 1839.28
[1443823916.093278] [node018:5390 :0]         mxm.c:185  MXM  WARN  The 'ulimit -s' on the system is set to 'unlimited'. This may have negative performance implications. Please set the heap size to the default value (10240) 
[1443823916.091232] [node012:6205 :0]         sys.c:719  MXM  WARN  Conflicting CPU frequencies detected, using: 1899.94
[1443823916.099251] [node012:6205 :0]         mxm.c:185  MXM  WARN  The 'ulimit -s' on the system is set to 'unlimited'. This may have negative performance implications. Please set the heap size to the default value (10240) 
[1443823916.109491] [node012:6245 :0]         sys.c:719  MXM  WARN  Conflicting CPU frequencies detected, using: 2094.84
[1443823916.115166] [node012:6245 :0]         mxm.c:185  MXM  WARN  The 'ulimit -s' on the system is set to 'unlimited'. This may have negative performance implications. Please set the heap size to the default value (10240) 
[1443823916.118236] [node059:32384:0]         sys.c:719  MXM  WARN  Conflicting CPU frequencies detected, using: 1899.94
[1443823916.122651] [node059:32384:0]         mxm.c:185  MXM  WARN  The 'ulimit -s' on the system is set to 'unlimited'. This may have negative performance implications. Please set the heap size to the default value (10240) 
[1443823916.112821] [node018:5407 :0]         sys.c:719  MXM  WARN  Conflicting CPU frequencies detected, using: 2199.38
[1443823916.119009] [node018:5407 :0]         mxm.c:185  MXM  WARN  The 'ulimit -s' on the system is set to 'unlimited'. This may have negative performance implications. Please set the heap size to the default value (10240) 
[1443823916.116991] [node016:3465 :0]         sys.c:719  MXM  WARN  Conflicting CPU frequencies detected, using: 1897.59
[1443823916.121120] [node016:3465 :0]         mxm.c:185  MXM  WARN  The 'ulimit -s' on the system is set to 'unlimited'. This may have negative performance implications. Please set the heap size to the default value (10240) 
[1443823916.115397] [node012:6244 :0]         sys.c:719  MXM  WARN  Conflicting CPU frequencies detected, using: 2194.59
[1443823916.121434] [node012:6244 :0]         mxm.c:185  MXM  WARN  The 'ulimit -s' on the system is set to 'unlimited'. This may have negative performance implications. Please set the heap size to the default value (10240) 
[1443823916.114036] [node055:22077:0]         sys.c:719  MXM  WARN  Conflicting CPU frequencies detected, using: 1795.03
[1443823916.121160] [node055:22077:0]         mxm.c:185  MXM  WARN  The 'ulimit -s' on the system is set to 'unlimited'. This may have negative performance implications. Please set the heap size to the default value (10240) 
[1443823916.137371] [node059:32396:0]         sys.c:719  MXM  WARN  Conflicting CPU frequencies detected, using: 2090.91
[1443823916.141438] [node059:32396:0]         mxm.c:185  MXM  WARN  The 'ulimit -s' on the system is set to 'unlimited'. This may have negative performance implications. Please set the heap size to the default value (10240) 
[1443823916.116225] [node016:3464 :0]         sys.c:719  MXM  WARN  Conflicting CPU frequencies detected, using: 1897.59
[1443823916.121322] [node016:3464 :0]         mxm.c:185  MXM  WARN  The 'ulimit -s' on the system is set to 'unlimited'. This may have negative performance implications. Please set the heap size to the default value (10240) 
[1443823916.120083] [node017:21723:0]         sys.c:719  MXM  WARN  Conflicting CPU frequencies detected, using: 1997.53
[1443823916.126140] [node017:21723:0]         mxm.c:185  MXM  WARN  The 'ulimit -s' on the system is set to 'unlimited'. This may have negative performance implications. Please set the heap size to the default value (10240) 
[1443823916.119385] [node010:8053 :0]         sys.c:719  MXM  WARN  Conflicting CPU frequencies detected, using: 1537.12
[1443823916.123371] [node010:8053 :0]         mxm.c:185  MXM  WARN  The 'ulimit -s' on the system is set to 'unlimited'. This may have negative performance implications. Please set the heap size to the default value (10240) 
[1443823916.122492] [node017:21722:0]         sys.c:719  MXM  WARN  Conflicting CPU frequencies detected, using: 2019.38
[1443823916.128944] [node017:21722:0]         mxm.c:185  MXM  WARN  The 'ulimit -s' on the system is set to 'unlimited'. This may have negative performance implications. Please set the heap size to the default value (10240) 
[1443823916.124814] [node057:4510 :0]         sys.c:719  MXM  WARN  Conflicting CPU frequencies detected, using: 1688.25
[1443823916.128983] [node057:4510 :0]         mxm.c:185  MXM  WARN  The 'ulimit -s' on the system is set to 'unlimited'. This may have negative performance implications. Please set the heap size to the default value (10240) 
[1443823916.145273] [node053:26183:0]         sys.c:719  MXM  WARN  Conflicting CPU frequencies detected, using: 2399.91
[1443823916.149158] [node053:26183:0]         mxm.c:185  MXM  WARN  The 'ulimit -s' on the system is set to 'unlimited'. This may have negative performance implications. Please set the heap size to the default value (10240) 
[1443823916.139410] [node014:12803:0]         sys.c:719  MXM  WARN  Conflicting CPU frequencies detected, using: 1898.34
[1443823916.142765] [node014:12803:0]         mxm.c:185  MXM  WARN  The 'ulimit -s' on the system is set to 'unlimited'. This may have negative performance implications. Please set the heap size to the default value (10240) 
[1443823916.123418] [node022:20304:0]         sys.c:719  MXM  WARN  Conflicting CPU frequencies detected, using: 1790.44
[1443823916.130528] [node022:20304:0]         mxm.c:185  MXM  WARN  The 'ulimit -s' on the system is set to 'unlimited'. This may have negative performance implications. Please set the heap size to the default value (10240) 
[1443823916.149934] [node053:26184:0]         sys.c:719  MXM  WARN  Conflicting CPU frequencies detected, using: 2400.38
[1443823916.153176] [node053:26184:0]         mxm.c:185  MXM  WARN  The 'ulimit -s' on the system is set to 'unlimited'. This may have negative performance implications. Please set the heap size to the default value (10240) 
[1443823916.131265] [node017:21737:0]         sys.c:719  MXM  WARN  Conflicting CPU frequencies detected, using: 2053.78
[1443823916.139005] [node017:21737:0]         mxm.c:185  MXM  WARN  The 'ulimit -s' on the system is set to 'unlimited'. This may have negative performance implications. Please set the heap size to the default value (10240) 
[1443823916.138133] [node055:22098:0]         sys.c:719  MXM  WARN  Conflicting CPU frequencies detected, using: 1893.56
[1443823916.143611] [node055:22098:0]         mxm.c:185  MXM  WARN  The 'ulimit -s' on the system is set to 'unlimited'. This may have negative performance implications. Please set the heap size to the default value (10240) 
[1443823916.140131] [node018:5429 :0]         sys.c:719  MXM  WARN  Conflicting CPU frequencies detected, using: 2199.38
[1443823916.148443] [node018:5429 :0]         mxm.c:185  MXM  WARN  The 'ulimit -s' on the system is set to 'unlimited'. This may have negative performance implications. Please set the heap size to the default value (10240) 
[1443823916.159319] [node059:32424:0]         sys.c:719  MXM  WARN  Conflicting CPU frequencies detected, using: 2320.88
[1443823916.162857] [node059:32424:0]         mxm.c:185  MXM  WARN  The 'ulimit -s' on the system is set to 'unlimited'. This may have negative performance implications. Please set the heap size to the default value (10240) 
[1443823916.127514] [node058:1880 :0]         sys.c:719  MXM  WARN  Conflicting CPU frequencies detected, using: 1635.56
[1443823916.132299] [node058:1880 :0]         mxm.c:185  MXM  WARN  The 'ulimit -s' on the system is set to 'unlimited'. This may have negative performance implications. Please set the heap size to the default value (10240) 
[1443823916.139870] [node018:5430 :0]         sys.c:719  MXM  WARN  Conflicting CPU frequencies detected, using: 2199.38
[1443823916.149191] [node018:5430 :0]         mxm.c:185  MXM  WARN  The 'ulimit -s' on the system is set to 'unlimited'. This may have negative performance implications. Please set the heap size to the default value (10240) 
[1443823916.151465] [node012:6295 :0]         sys.c:719  MXM  WARN  Conflicting CPU frequencies detected, using: 2400.00
[1443823916.156879] [node012:6295 :0]         mxm.c:185  MXM  WARN  The 'ulimit -s' on the system is set to 'unlimited'. This may have negative performance implications. Please set the heap size to the default value (10240) 
[1443823916.140312] [node011:23729:0]         sys.c:719  MXM  WARN  Conflicting CPU frequencies detected, using: 1763.16
[1443823916.145705] [node011:23729:0]         mxm.c:185  MXM  WARN  The 'ulimit -s' on the system is set to 'unlimited'. This may have negative performance implications. Please set the heap size to the default value (10240) 
[1443823916.140350] [node056:26179:0]         sys.c:719  MXM  WARN  Conflicting CPU frequencies detected, using: 2099.91
[1443823916.150127] [node056:26179:0]         mxm.c:185  MXM  WARN  The 'ulimit -s' on the system is set to 'unlimited'. This may have negative performance implications. Please set the heap size to the default value (10240) 
[1443823916.136980] [node056:26178:0]         sys.c:719  MXM  WARN  Conflicting CPU frequencies detected, using: 2099.91
[1443823916.143868] [node056:26178:0]         mxm.c:185  MXM  WARN  The 'ulimit -s' on the system is set to 'unlimited'. This may have negative performance implications. Please set the heap size to the default value (10240) 
[1443823916.166803] [node060:4414 :0]         sys.c:719  MXM  WARN  Conflicting CPU frequencies detected, using: 2309.25
[1443823916.170572] [node060:4414 :0]         mxm.c:185  MXM  WARN  The 'ulimit -s' on the system is set to 'unlimited'. This may have negative performance implications. Please set the heap size to the default value (10240) 
[1443823916.158290] [node014:12820:0]         sys.c:719  MXM  WARN  Conflicting CPU frequencies detected, using: 1908.19
[1443823916.162115] [node014:12820:0]         mxm.c:185  MXM  WARN  The 'ulimit -s' on the system is set to 'unlimited'. This may have negative performance implications. Please set the heap size to the default value (10240) 
[1443823916.157909] [node057:4527 :0]         sys.c:719  MXM  WARN  Conflicting CPU frequencies detected, using: 1783.12
[1443823916.162108] [node057:4527 :0]         mxm.c:185  MXM  WARN  The 'ulimit -s' on the system is set to 'unlimited'. This may have negative performance implications. Please set the heap size to the default value (10240) 
[1443823916.150307] [node017:21770:0]         sys.c:719  MXM  WARN  Conflicting CPU frequencies detected, using: 2260.59
[1443823916.157203] [node017:21770:0]         mxm.c:185  MXM  WARN  The 'ulimit -s' on the system is set to 'unlimited'. This may have negative performance implications. Please set the heap size to the default value (10240) 
[1443823916.160956] [node012:6306 :0]         sys.c:719  MXM  WARN  Conflicting CPU frequencies detected, using: 2400.00
[1443823916.167368] [node012:6306 :0]         mxm.c:185  MXM  WARN  The 'ulimit -s' on the system is set to 'unlimited'. This may have negative performance implications. Please set the heap size to the default value (10240) 
[1443823916.159508] [node019:20871:0]         sys.c:719  MXM  WARN  Conflicting CPU frequencies detected, using: 1795.97
[1443823916.163139] [node019:20871:0]         mxm.c:185  MXM  WARN  The 'ulimit -s' on the system is set to 'unlimited'. This may have negative performance implications. Please set the heap size to the default value (10240) 
[1443823916.142180] [node056:26186:0]         sys.c:719  MXM  WARN  Conflicting CPU frequencies detected, using: 2099.91
[1443823916.152523] [node056:26186:0]         mxm.c:185  MXM  WARN  The 'ulimit -s' on the system is set to 'unlimited'. This may have negative performance implications. Please set the heap size to the default value (10240) 
[1443823916.142506] [node056:26187:0]         sys.c:719  MXM  WARN  Conflicting CPU frequencies detected, using: 2109.75
[1443823916.153590] [node056:26187:0]         mxm.c:185  MXM  WARN  The 'ulimit -s' on the system is set to 'unlimited'. This may have negative performance implications. Please set the heap size to the default value (10240) 
[1443823916.170756] [node016:3503 :0]         sys.c:719  MXM  WARN  Conflicting CPU frequencies detected, using: 2177.81
[1443823916.174744] [node016:3503 :0]         mxm.c:185  MXM  WARN  The 'ulimit -s' on the system is set to 'unlimited'. This may have negative performance implications. Please set the heap size to the default value (10240) 
[1443823916.162341] [node017:21781:0]         sys.c:719  MXM  WARN  Conflicting CPU frequencies detected, using: 2299.97
[1443823916.169790] [node017:21781:0]         mxm.c:185  MXM  WARN  The 'ulimit -s' on the system is set to 'unlimited'. This may have negative performance implications. Please set the heap size to the default value (10240) 
[1443823916.180930] [node060:4413 :0]         sys.c:719  MXM  WARN  Conflicting CPU frequencies detected, using: 2300.25
[1443823916.184135] [node060:4413 :0]         mxm.c:185  MXM  WARN  The 'ulimit -s' on the system is set to 'unlimited'. This may have negative performance implications. Please set the heap size to the default value (10240) 
[1443823916.184022] [node059:32444:0]         sys.c:719  MXM  WARN  Conflicting CPU frequencies detected, using: 2400.00
[1443823916.187631] [node059:32444:0]         mxm.c:185  MXM  WARN  The 'ulimit -s' on the system is set to 'unlimited'. This may have negative performance implications. Please set the heap size to the default value (10240) 
[1443823916.146629] [node009:16104:0]         sys.c:719  MXM  WARN  Conflicting CPU frequencies detected, using: 1677.19
[1443823916.152354] [node009:16104:0]         mxm.c:185  MXM  WARN  The 'ulimit -s' on the system is set to 'unlimited'. This may have negative performance implications. Please set the heap size to the default value (10240) 
[1443823916.185737] [node059:32435:0]         sys.c:719  MXM  WARN  Conflicting CPU frequencies detected, using: 2400.00
[1443823916.188615] [node059:32435:0]         mxm.c:185  MXM  WARN  The 'ulimit -s' on the system is set to 'unlimited'. This may have negative performance implications. Please set the heap size to the default value (10240) 
[1443823916.169087] [node054:21779:0]         sys.c:719  MXM  WARN  Conflicting CPU frequencies detected, using: 2044.50
[1443823916.174296] [node054:21779:0]         mxm.c:185  MXM  WARN  The 'ulimit -s' on the system is set to 'unlimited'. This may have negative performance implications. Please set the heap size to the default value (10240) 
[1443823916.167231] [node055:22112:0]         sys.c:719  MXM  WARN  Conflicting CPU frequencies detected, using: 2099.91
[1443823916.173703] [node055:22112:0]         mxm.c:185  MXM  WARN  The 'ulimit -s' on the system is set to 'unlimited'. This may have negative performance implications. Please set the heap size to the default value (10240) 
[1443823916.160420] [node011:23746:0]         sys.c:719  MXM  WARN  Conflicting CPU frequencies detected, using: 1763.16
[1443823916.166758] [node011:23746:0]         mxm.c:185  MXM  WARN  The 'ulimit -s' on the system is set to 'unlimited'. This may have negative performance implications. Please set the heap size to the default value (10240) 
[1443823916.173055] [node022:20321:0]         sys.c:719  MXM  WARN  Conflicting CPU frequencies detected, using: 1997.91
[1443823916.178757] [node022:20321:0]         mxm.c:185  MXM  WARN  The 'ulimit -s' on the system is set to 'unlimited'. This may have negative performance implications. Please set the heap size to the default value (10240) 
[1443823916.156541] [node009:16112:0]         sys.c:719  MXM  WARN  Conflicting CPU frequencies detected, using: 1699.31
[1443823916.163328] [node009:16112:0]         mxm.c:185  MXM  WARN  The 'ulimit -s' on the system is set to 'unlimited'. This may have negative performance implications. Please set the heap size to the default value (10240) 
[1443823916.171801] [node017:21795:0]         sys.c:719  MXM  WARN  Conflicting CPU frequencies detected, using: 2299.97
[1443823916.178597] [node017:21795:0]         mxm.c:185  MXM  WARN  The 'ulimit -s' on the system is set to 'unlimited'. This may have negative performance implications. Please set the heap size to the default value (10240) 
[1443823916.190639] [node053:26205:0]         sys.c:719  MXM  WARN  Conflicting CPU frequencies detected, using: 2400.00
[1443823916.193877] [node053:26205:0]         mxm.c:185  MXM  WARN  The 'ulimit -s' on the system is set to 'unlimited'. This may have negative performance implications. Please set the heap size to the default value (10240) 
[1443823916.188876] [node053:26204:0]         sys.c:719  MXM  WARN  Conflicting CPU frequencies detected, using: 2400.00
[1443823916.193210] [node053:26204:0]         mxm.c:185  MXM  WARN  The 'ulimit -s' on the system is set to 'unlimited'. This may have negative performance implications. Please set the heap size to the default value (10240) 
[1443823916.175269] [node056:26252:0]         sys.c:719  MXM  WARN  Conflicting CPU frequencies detected, using: 2399.91
[1443823916.184032] [node056:26252:0]         mxm.c:185  MXM  WARN  The 'ulimit -s' on the system is set to 'unlimited'. This may have negative performance implications. Please set the heap size to the default value (10240) 
[1443823916.188166] [node059:32439:0]         sys.c:719  MXM  WARN  Conflicting CPU frequencies detected, using: 2400.00
[1443823916.191523] [node059:32439:0]         mxm.c:185  MXM  WARN  The 'ulimit -s' on the system is set to 'unlimited'. This may have negative performance implications. Please set the heap size to the default value (10240) 
[1443823916.184044] [node058:1900 :0]         sys.c:719  MXM  WARN  Conflicting CPU frequencies detected, using: 1895.16
[1443823916.187981] [node058:1900 :0]         mxm.c:185  MXM  WARN  The 'ulimit -s' on the system is set to 'unlimited'. This may have negative performance implications. Please set the heap size to the default value (10240) 
[1443823916.177541] [node018:5459 :0]         sys.c:719  MXM  WARN  Conflicting CPU frequencies detected, using: 2387.91
[1443823916.183015] [node018:5459 :0]         mxm.c:185  MXM  WARN  The 'ulimit -s' on the system is set to 'unlimited'. This may have negative performance implications. Please set the heap size to the default value (10240) 
[1443823916.186574] [node058:1910 :0]         sys.c:719  MXM  WARN  Conflicting CPU frequencies detected, using: 1895.16
[1443823916.189985] [node058:1910 :0]         mxm.c:185  MXM  WARN  The 'ulimit -s' on the system is set to 'unlimited'. This may have negative performance implications. Please set the heap size to the default value (10240) 
[1443823916.193875] [node014:12830:0]         sys.c:719  MXM  WARN  Conflicting CPU frequencies detected, using: 2400.00
[1443823916.197487] [node014:12830:0]         mxm.c:185  MXM  WARN  The 'ulimit -s' on the system is set to 'unlimited'. This may have negative performance implications. Please set the heap size to the default value (10240) 
[1443823916.167560] [node056:26245:0]         sys.c:719  MXM  WARN  Conflicting CPU frequencies detected, using: 2393.44
[1443823916.174637] [node056:26245:0]         mxm.c:185  MXM  WARN  The 'ulimit -s' on the system is set to 'unlimited'. This may have negative performance implications. Please set the heap size to the default value (10240) 
[1443823916.177509] [node056:26253:0]         sys.c:719  MXM  WARN  Conflicting CPU frequencies detected, using: 2399.91
[1443823916.188914] [node056:26253:0]         mxm.c:185  MXM  WARN  The 'ulimit -s' on the system is set to 'unlimited'. This may have negative performance implications. Please set the heap size to the default value (10240) 
[1443823916.177464] [node055:22138:0]         sys.c:719  MXM  WARN  Conflicting CPU frequencies detected, using: 2196.75
[1443823916.186887] [node055:22138:0]         mxm.c:185  MXM  WARN  The 'ulimit -s' on the system is set to 'unlimited'. This may have negative performance implications. Please set the heap size to the default value (10240) 
[1443823916.195771] [node014:12829:0]         sys.c:719  MXM  WARN  Conflicting CPU frequencies detected, using: 2400.00
[1443823916.198956] [node014:12829:0]         mxm.c:185  MXM  WARN  The 'ulimit -s' on the system is set to 'unlimited'. This may have negative performance implications. Please set the heap size to the default value (10240) 
[1443823916.197363] [node057:4550 :0]         sys.c:719  MXM  WARN  Conflicting CPU frequencies detected, using: 2039.25
[1443823916.200690] [node057:4550 :0]         mxm.c:185  MXM  WARN  The 'ulimit -s' on the system is set to 'unlimited'. This may have negative performance implications. Please set the heap size to the default value (10240) 
[1443823916.201432] [node021:26070:0]         sys.c:719  MXM  WARN  Conflicting CPU frequencies detected, using: 2399.91
[1443823916.204688] [node021:26070:0]         mxm.c:185  MXM  WARN  The 'ulimit -s' on the system is set to 'unlimited'. This may have negative performance implications. Please set the heap size to the default value (10240) 
[1443823916.177033] [node055:22125:0]         sys.c:719  MXM  WARN  Conflicting CPU frequencies detected, using: 2196.75
[1443823916.186096] [node055:22125:0]         mxm.c:185  MXM  WARN  The 'ulimit -s' on the system is set to 'unlimited'. This may have negative performance implications. Please set the heap size to the default value (10240) 
[1443823916.193591] [node016:3520 :0]         sys.c:719  MXM  WARN  Conflicting CPU frequencies detected, using: 2155.69
[1443823916.197967] [node016:3520 :0]         mxm.c:185  MXM  WARN  The 'ulimit -s' on the system is set to 'unlimited'. This may have negative performance implications. Please set the heap size to the default value (10240) 
[1443823916.193378] [node053:26227:0]         sys.c:719  MXM  WARN  Conflicting CPU frequencies detected, using: 2400.00
[1443823916.196910] [node053:26227:0]         mxm.c:185  MXM  WARN  The 'ulimit -s' on the system is set to 'unlimited'. This may have negative performance implications. Please set the heap size to the default value (10240) 
[1443823916.185329] [node018:5465 :0]         sys.c:719  MXM  WARN  Conflicting CPU frequencies detected, using: 2399.91
[1443823916.196254] [node018:5465 :0]         mxm.c:185  MXM  WARN  The 'ulimit -s' on the system is set to 'unlimited'. This may have negative performance implications. Please set the heap size to the default value (10240) 
[1443823916.209155] [node021:26071:0]         sys.c:719  MXM  WARN  Conflicting CPU frequencies detected, using: 2399.91
[1443823916.212255] [node021:26071:0]         mxm.c:185  MXM  WARN  The 'ulimit -s' on the system is set to 'unlimited'. This may have negative performance implications. Please set the heap size to the default value (10240) 
[1443823916.201137] [node053:26232:0]         sys.c:719  MXM  WARN  Conflicting CPU frequencies detected, using: 2356.50
[1443823916.205097] [node053:26232:0]         mxm.c:185  MXM  WARN  The 'ulimit -s' on the system is set to 'unlimited'. This may have negative performance implications. Please set the heap size to the default value (10240) 
[1443823916.197293] [node014:12828:0]         sys.c:719  MXM  WARN  Conflicting CPU frequencies detected, using: 2400.00
[1443823916.200855] [node014:12828:0]         mxm.c:185  MXM  WARN  The 'ulimit -s' on the system is set to 'unlimited'. This may have negative performance implications. Please set the heap size to the default value (10240) 
[1443823916.189421] [node016:3521 :0]         sys.c:719  MXM  WARN  Conflicting CPU frequencies detected, using: 2155.69
[1443823916.192604] [node016:3521 :0]         mxm.c:185  MXM  WARN  The 'ulimit -s' on the system is set to 'unlimited'. This may have negative performance implications. Please set the heap size to the default value (10240) 
[1443823916.186457] [node013:3562 :0]         sys.c:719  MXM  WARN  Conflicting CPU frequencies detected, using: 1898.62
[1443823916.192413] [node013:3562 :0]         mxm.c:185  MXM  WARN  The 'ulimit -s' on the system is set to 'unlimited'. This may have negative performance implications. Please set the heap size to the default value (10240) 
[1443823916.198575] [node058:1912 :0]         sys.c:719  MXM  WARN  Conflicting CPU frequencies detected, using: 1992.38
[1443823916.202865] [node058:1912 :0]         mxm.c:185  MXM  WARN  The 'ulimit -s' on the system is set to 'unlimited'. This may have negative performance implications. Please set the heap size to the default value (10240) 
[1443823916.186792] [node016:3519 :0]         sys.c:719  MXM  WARN  Conflicting CPU frequencies detected, using: 1995.75
[1443823916.191118] [node016:3519 :0]         mxm.c:185  MXM  WARN  The 'ulimit -s' on the system is set to 'unlimited'. This may have negative performance implications. Please set the heap size to the default value (10240) 
[1443823916.211919] [node021:26092:0]         sys.c:719  MXM  WARN  Conflicting CPU frequencies detected, using: 2399.91
[1443823916.214770] [node021:26092:0]         mxm.c:185  MXM  WARN  The 'ulimit -s' on the system is set to 'unlimited'. This may have negative performance implications. Please set the heap size to the default value (10240) 
[1443823916.193474] [node023:1493 :0]         sys.c:719  MXM  WARN  Conflicting CPU frequencies detected, using: 2095.69
[1443823916.199509] [node023:1493 :0]         mxm.c:185  MXM  WARN  The 'ulimit -s' on the system is set to 'unlimited'. This may have negative performance implications. Please set the heap size to the default value (10240) 
[1443823916.202265] [node019:20886:0]         sys.c:719  MXM  WARN  Conflicting CPU frequencies detected, using: 1998.38
[1443823916.206425] [node019:20886:0]         mxm.c:185  MXM  WARN  The 'ulimit -s' on the system is set to 'unlimited'. This may have negative performance implications. Please set the heap size to the default value (10240) 
[1443823916.188531] [node018:5470 :0]         sys.c:719  MXM  WARN  Conflicting CPU frequencies detected, using: 2399.91
[1443823916.199655] [node018:5470 :0]         mxm.c:185  MXM  WARN  The 'ulimit -s' on the system is set to 'unlimited'. This may have negative performance implications. Please set the heap size to the default value (10240) 
[1443823916.205669] [node019:20883:0]         sys.c:719  MXM  WARN  Conflicting CPU frequencies detected, using: 1998.38
[1443823916.208476] [node019:20883:0]         mxm.c:185  MXM  WARN  The 'ulimit -s' on the system is set to 'unlimited'. This may have negative performance implications. Please set the heap size to the default value (10240) 
[1443823916.202431] [node019:20882:0]         sys.c:719  MXM  WARN  Conflicting CPU frequencies detected, using: 1998.38
[1443823916.206132] [node019:20882:0]         mxm.c:185  MXM  WARN  The 'ulimit -s' on the system is set to 'unlimited'. This may have negative performance implications. Please set the heap size to the default value (10240) 
[1443823916.212800] [node021:26073:0]         sys.c:719  MXM  WARN  Conflicting CPU frequencies detected, using: 2399.91
[1443823916.216383] [node021:26073:0]         mxm.c:185  MXM  WARN  The 'ulimit -s' on the system is set to 'unlimited'. This may have negative performance implications. Please set the heap size to the default value (10240) 
[1443823916.210494] [node021:26074:0]         sys.c:719  MXM  WARN  Conflicting CPU frequencies detected, using: 2399.91
[1443823916.214094] [node021:26074:0]         mxm.c:185  MXM  WARN  The 'ulimit -s' on the system is set to 'unlimited'. This may have negative performance implications. Please set the heap size to the default value (10240) 
[1443823916.186065] [node018:5481 :0]         sys.c:719  MXM  WARN  Conflicting CPU frequencies detected, using: 2399.91
[1443823916.197755] [node018:5481 :0]         mxm.c:185  MXM  WARN  The 'ulimit -s' on the system is set to 'unlimited'. This may have negative performance implications. Please set the heap size to the default value (10240) 
[1443823916.206936] [node019:20921:0]         sys.c:719  MXM  WARN  Conflicting CPU frequencies detected, using: 1998.38
[1443823916.210586] [node019:20921:0]         mxm.c:185  MXM  WARN  The 'ulimit -s' on the system is set to 'unlimited'. This may have negative performance implications. Please set the heap size to the default value (10240) 
[1443823916.190267] [node013:3568 :0]         sys.c:719  MXM  WARN  Conflicting CPU frequencies detected, using: 1898.62
[1443823916.199553] [node013:3568 :0]         mxm.c:185  MXM  WARN  The 'ulimit -s' on the system is set to 'unlimited'. This may have negative performance implications. Please set the heap size to the default value (10240) 
[1443823916.189120] [node013:3561 :0]         sys.c:719  MXM  WARN  Conflicting CPU frequencies detected, using: 1898.62
[1443823916.198837] [node013:3561 :0]         mxm.c:185  MXM  WARN  The 'ulimit -s' on the system is set to 'unlimited'. This may have negative performance implications. Please set the heap size to the default value (10240) 
[1443823916.195269] [node020:17259:0]         sys.c:719  MXM  WARN  Conflicting CPU frequencies detected, using: 1844.91
[1443823916.202854] [node020:17259:0]         mxm.c:185  MXM  WARN  The 'ulimit -s' on the system is set to 'unlimited'. This may have negative performance implications. Please set the heap size to the default value (10240) 
[1443823916.195951] [node020:17258:0]         sys.c:719  MXM  WARN  Conflicting CPU frequencies detected, using: 1844.91
[1443823916.203642] [node020:17258:0]         mxm.c:185  MXM  WARN  The 'ulimit -s' on the system is set to 'unlimited'. This may have negative performance implications. Please set the heap size to the default value (10240) 
[1443823916.202890] [node020:17269:0]         sys.c:719  MXM  WARN  Conflicting CPU frequencies detected, using: 1881.19
[1443823916.212021] [node020:17269:0]         mxm.c:185  MXM  WARN  The 'ulimit -s' on the system is set to 'unlimited'. This may have negative performance implications. Please set the heap size to the default value (10240) 
[1443823916.204651] [node020:17274:0]         sys.c:719  MXM  WARN  Conflicting CPU frequencies detected, using: 1881.19
[1443823916.214525] [node020:17274:0]         mxm.c:185  MXM  WARN  The 'ulimit -s' on the system is set to 'unlimited'. This may have negative performance implications. Please set the heap size to the default value (10240) 
[1443823916.213682] [node023:1499 :0]         sys.c:719  MXM  WARN  Conflicting CPU frequencies detected, using: 2389.78
[1443823916.222809] [node023:1499 :0]         mxm.c:185  MXM  WARN  The 'ulimit -s' on the system is set to 'unlimited'. This may have negative performance implications. Please set the heap size to the default value (10240) 
[1443823916.212809] [node023:1515 :0]         sys.c:719  MXM  WARN  Conflicting CPU frequencies detected, using: 2389.78
[1443823916.224342] [node023:1515 :0]         mxm.c:185  MXM  WARN  The 'ulimit -s' on the system is set to 'unlimited'. This may have negative performance implications. Please set the heap size to the default value (10240) 
[1443823916.213965] [node023:1497 :0]         sys.c:719  MXM  WARN  Conflicting CPU frequencies detected, using: 2389.78
[1443823916.227679] [node023:1497 :0]         mxm.c:185  MXM  WARN  The 'ulimit -s' on the system is set to 'unlimited'. This may have negative performance implications. Please set the heap size to the default value (10240) 
[1443823916.215902] [node023:1513 :0]         sys.c:719  MXM  WARN  Conflicting CPU frequencies detected, using: 2389.78
[1443823916.234375] [node023:1513 :0]         mxm.c:185  MXM  WARN  The 'ulimit -s' on the system is set to 'unlimited'. This may have negative performance implications. Please set the heap size to the default value (10240) 
[1443823916.228367] [node015:25274:0]         sys.c:719  MXM  WARN  Conflicting CPU frequencies detected, using: 2400.00
[1443823916.235201] [node015:25274:0]         mxm.c:185  MXM  WARN  The 'ulimit -s' on the system is set to 'unlimited'. This may have negative performance implications. Please set the heap size to the default value (10240) 
[1443823916.231785] [node022:20337:0]         sys.c:719  MXM  WARN  Conflicting CPU frequencies detected, using: 2400.00
[1443823916.244275] [node022:20337:0]         mxm.c:185  MXM  WARN  The 'ulimit -s' on the system is set to 'unlimited'. This may have negative performance implications. Please set the heap size to the default value (10240) 
[1443823916.216386] [node023:1512 :0]         sys.c:719  MXM  WARN  Conflicting CPU frequencies detected, using: 2389.78
[1443823916.235153] [node023:1512 :0]         mxm.c:185  MXM  WARN  The 'ulimit -s' on the system is set to 'unlimited'. This may have negative performance implications. Please set the heap size to the default value (10240) 
[1443823916.231827] [node022:20338:0]         sys.c:719  MXM  WARN  Conflicting CPU frequencies detected, using: 2400.00
[1443823916.245273] [node022:20338:0]         mxm.c:185  MXM  WARN  The 'ulimit -s' on the system is set to 'unlimited'. This may have negative performance implications. Please set the heap size to the default value (10240) 
[1443823916.238705] [node015:25284:0]         sys.c:719  MXM  WARN  Conflicting CPU frequencies detected, using: 2400.00
[1443823916.250436] [node015:25284:0]         mxm.c:185  MXM  WARN  The 'ulimit -s' on the system is set to 'unlimited'. This may have negative performance implications. Please set the heap size to the default value (10240) 
[1443823916.234848] [node022:20336:0]         sys.c:719  MXM  WARN  Conflicting CPU frequencies detected, using: 2400.00
[1443823916.248258] [node022:20336:0]         mxm.c:185  MXM  WARN  The 'ulimit -s' on the system is set to 'unlimited'. This may have negative performance implications. Please set the heap size to the default value (10240) 
[1443823916.231238] [node015:25282:0]         sys.c:719  MXM  WARN  Conflicting CPU frequencies detected, using: 2400.00
[1443823916.237708] [node015:25282:0]         mxm.c:185  MXM  WARN  The 'ulimit -s' on the system is set to 'unlimited'. This may have negative performance implications. Please set the heap size to the default value (10240) 
[1443823916.233807] [node015:25271:0]         sys.c:719  MXM  WARN  Conflicting CPU frequencies detected, using: 2400.00
[1443823916.244127] [node015:25271:0]         mxm.c:185  MXM  WARN  The 'ulimit -s' on the system is set to 'unlimited'. This may have negative performance implications. Please set the heap size to the default value (10240) 
[1443823916.235142] [node015:25272:0]         sys.c:719  MXM  WARN  Conflicting CPU frequencies detected, using: 2400.00
[1443823916.247394] [node015:25272:0]         mxm.c:185  MXM  WARN  The 'ulimit -s' on the system is set to 'unlimited'. This may have negative performance implications. Please set the heap size to the default value (10240) 
[1443823916.231627] [node022:20394:0]         sys.c:719  MXM  WARN  Conflicting CPU frequencies detected, using: 2400.00
[1443823916.247561] [node022:20394:0]         mxm.c:185  MXM  WARN  The 'ulimit -s' on the system is set to 'unlimited'. This may have negative performance implications. Please set the heap size to the default value (10240) 
[1443823916.239906] [node015:25273:0]         sys.c:719  MXM  WARN  Conflicting CPU frequencies detected, using: 2400.00
[1443823916.255621] [node015:25273:0]         mxm.c:185  MXM  WARN  The 'ulimit -s' on the system is set to 'unlimited'. This may have negative performance implications. Please set the heap size to the default value (10240) 
[1443823916.230665] [node022:20335:0]         sys.c:719  MXM  WARN  Conflicting CPU frequencies detected, using: 2399.91
[1443823916.246740] [node022:20335:0]         mxm.c:185  MXM  WARN  The 'ulimit -s' on the system is set to 'unlimited'. This may have negative performance implications. Please set the heap size to the default value (10240) 
UPCR: UPC thread 106 of 192 on node021 (pshm node 13 of 24, process 106 of 192, pid=26092)
UPCR: UPC thread   3 of 192 on node008 (pshm node  0 of 24, process   3 of 192, pid=20373)
UPCR: UPC thread 130 of 192 on node053 (pshm node 16 of 24, process 130 of 192, pid=26204)
UPCR: UPC thread   7 of 192 on node008 (pshm node  0 of 24, process   7 of 192, pid=20377)
UPCR: UPC thread  14 of 192 on node009 (pshm node  1 of 24, process  14 of 192, pid=16112)
UPCR: UPC thread 108 of 192 on node021 (pshm node 13 of 24, process 108 of 192, pid=26070)
UPCR: UPC thread   0 of 192 on node008 (pshm node  0 of 24, process   0 of 192, pid=20370)
UPCR: UPC thread 107 of 192 on node021 (pshm node 13 of 24, process 107 of 192, pid=26037)
UPCR: UPC thread  22 of 192 on node010 (pshm node  2 of 24, process  22 of 192, pid=7957)
UPCR: UPC thread 161 of 192 on node057 (pshm node 20 of 24, process 161 of 192, pid=4527)
UPCR: UPC thread 110 of 192 on node021 (pshm node 13 of 24, process 110 of 192, pid=26073)
UPCR: UPC thread  27 of 192 on node011 (pshm node  3 of 24, process  27 of 192, pid=23608)
UPCR: UPC thread   4 of 192 on node008 (pshm node  0 of 24, process   4 of 192, pid=20374)
UPCR: UPC thread  12 of 192 on node009 (pshm node  1 of 24, process  12 of 192, pid=16056)
UPCR: UPC thread 109 of 192 on node021 (pshm node 13 of 24, process 109 of 192, pid=26074)
UPCR: UPC thread 135 of 192 on node053 (pshm node 16 of 24, process 135 of 192, pid=26184)
UPCR: UPC thread  69 of 192 on node016 (pshm node  8 of 24, process  69 of 192, pid=3503)
UPCR: UPC thread  23 of 192 on node010 (pshm node  2 of 24, process  23 of 192, pid=8022)
UPCR: UPC thread 164 of 192 on node057 (pshm node 20 of 24, process 164 of 192, pid=4550)
UPCR: UPC thread   1 of 192 on node008 (pshm node  0 of 24, process   1 of 192, pid=20371)
UPCR: UPC thread   6 of 192 on node008 (pshm node  0 of 24, process   6 of 192, pid=20376)
UPCR: UPC thread  89 of 192 on node019 (pshm node 11 of 24, process  89 of 192, pid=20848)
UPCR: UPC thread   5 of 192 on node008 (pshm node  0 of 24, process   5 of 192, pid=20375)
UPCR: UPC thread 160 of 192 on node057 (pshm node 20 of 24, process 160 of 192, pid=4440)
UPCR: UPC thread 123 of 192 on node023 (pshm node 15 of 24, process 123 of 192, pid=1444)
UPCR: UPC thread 116 of 192 on node022 (pshm node 14 of 24, process 116 of 192, pid=20394)
UPCR: UPC thread  79 of 192 on node017 (pshm node  9 of 24, process  79 of 192, pid=21795)
UPCR: UPC thread  34 of 192 on node012 (pshm node  4 of 24, process  34 of 192, pid=6205)
UPCR: UPC thread  37 of 192 on node012 (pshm node  4 of 24, process  37 of 192, pid=6244)
UPCR: UPC thread  52 of 192 on node014 (pshm node  6 of 24, process  52 of 192, pid=12754)
UPCR: UPC thread  65 of 192 on node016 (pshm node  8 of 24, process  65 of 192, pid=3422)
UPCR: UPC thread  75 of 192 on node017 (pshm node  9 of 24, process  75 of 192, pid=21722)
UPCR: UPC thread 162 of 192 on node057 (pshm node 20 of 24, process 162 of 192, pid=4390)
UPCR: UPC thread  78 of 192 on node017 (pshm node  9 of 24, process  78 of 192, pid=21770)
UPCR: UPC thread 134 of 192 on node053 (pshm node 16 of 24, process 134 of 192, pid=26136)
UPCR: UPC thread 103 of 192 on node020 (pshm node 12 of 24, process 103 of 192, pid=17259)
UPCR: UPC thread  19 of 192 on node010 (pshm node  2 of 24, process  19 of 192, pid=7933)
UPCR: UPC thread 102 of 192 on node020 (pshm node 12 of 24, process 102 of 192, pid=17161)
UPCR: UPC thread 150 of 192 on node055 (pshm node 18 of 24, process 150 of 192, pid=22098)
UPCR: UPC thread 166 of 192 on node057 (pshm node 20 of 24, process 166 of 192, pid=4466)
UPCR: UPC thread 152 of 192 on node056 (pshm node 19 of 24, process 152 of 192, pid=26179)
UPCR: UPC thread 173 of 192 on node058 (pshm node 21 of 24, process 173 of 192, pid=1778)
UPCR: UPC thread 127 of 192 on node023 (pshm node 15 of 24, process 127 of 192, pid=1499)
UPCR: UPC thread  50 of 192 on node014 (pshm node  6 of 24, process  50 of 192, pid=12829)
UPCR: UPC thread 128 of 192 on node053 (pshm node 16 of 24, process 128 of 192, pid=26205)
UPCR: UPC thread  29 of 192 on node011 (pshm node  3 of 24, process  29 of 192, pid=23729)
UPCR: UPC thread  20 of 192 on node010 (pshm node  2 of 24, process  20 of 192, pid=8053)
UPCR: UPC thread  96 of 192 on node020 (pshm node 12 of 24, process  96 of 192, pid=17258)
UPCR: UPC thread  77 of 192 on node017 (pshm node  9 of 24, process  77 of 192, pid=21781)
UPCR: UPC thread  31 of 192 on node011 (pshm node  3 of 24, process  31 of 192, pid=23632)
UPCR: UPC thread 167 of 192 on node057 (pshm node 20 of 24, process 167 of 192, pid=4439)
UPCR: UPC thread  97 of 192 on node020 (pshm node 12 of 24, process  97 of 192, pid=17209)
UPCR: UPC thread 124 of 192 on node023 (pshm node 15 of 24, process 124 of 192, pid=1468)
UPCR: UPC thread  49 of 192 on node014 (pshm node  6 of 24, process  49 of 192, pid=12764)
UPCR: UPC thread  72 of 192 on node017 (pshm node  9 of 24, process  72 of 192, pid=21674)
UPCR: UPC thread  36 of 192 on node012 (pshm node  4 of 24, process  36 of 192, pid=6295)
UPCR: UPC thread 114 of 192 on node022 (pshm node 14 of 24, process 114 of 192, pid=20280)
UPCR: UPC thread 118 of 192 on node022 (pshm node 14 of 24, process 118 of 192, pid=20321)
UPCR: UPC thread  99 of 192 on node020 (pshm node 12 of 24, process  99 of 192, pid=17233)
UPCR: UPC thread 121 of 192 on node023 (pshm node 15 of 24, process 121 of 192, pid=1515)
UPCR: UPC thread 185 of 192 on node060 (pshm node 23 of 24, process 185 of 192, pid=4316)
UPCR: UPC thread 104 of 192 on node021 (pshm node 13 of 24, process 104 of 192, pid=26071)
UPCR: UPC thread  73 of 192 on node017 (pshm node  9 of 24, process  73 of 192, pid=21698)
UPCR: UPC thread 131 of 192 on node053 (pshm node 16 of 24, process 131 of 192, pid=26183)
UPCR: UPC thread  40 of 192 on node013 (pshm node  5 of 24, process  40 of 192, pid=3561)
UPCR: UPC thread 177 of 192 on node059 (pshm node 22 of 24, process 177 of 192, pid=32444)
UPCR: UPC thread 182 of 192 on node059 (pshm node 22 of 24, process 182 of 192, pid=32424)
UPCR: UPC thread 122 of 192 on node023 (pshm node 15 of 24, process 122 of 192, pid=1512)
UPCR: UPC thread  84 of 192 on node018 (pshm node 10 of 24, process  84 of 192, pid=5481)
UPCR: UPC thread 132 of 192 on node053 (pshm node 16 of 24, process 132 of 192, pid=26232)
UPCR: UPC thread  95 of 192 on node019 (pshm node 11 of 24, process  95 of 192, pid=20921)
UPCR: UPC thread 188 of 192 on node060 (pshm node 23 of 24, process 188 of 192, pid=4335)
UPCR: UPC thread 126 of 192 on node023 (pshm node 15 of 24, process 126 of 192, pid=1513)
UPCR: UPC thread 101 of 192 on node020 (pshm node 12 of 24, process 101 of 192, pid=17269)
UPCR: UPC thread 129 of 192 on node053 (pshm node 16 of 24, process 129 of 192, pid=26135)
UPCR: UPC thread  80 of 192 on node018 (pshm node 10 of 24, process  80 of 192, pid=5465)
UPCR: UPC thread  55 of 192 on node014 (pshm node  6 of 24, process  55 of 192, pid=12730)
UPCR: UPC thread  46 of 192 on node013 (pshm node  5 of 24, process  46 of 192, pid=3484)
UPCR: UPC thread 180 of 192 on node059 (pshm node 22 of 24, process 180 of 192, pid=32367)
UPCR: UPC thread  76 of 192 on node017 (pshm node  9 of 24, process  76 of 192, pid=21723)
UPCR: UPC thread 155 of 192 on node056 (pshm node 19 of 24, process 155 of 192, pid=26252)
UPCR: UPC thread  85 of 192 on node018 (pshm node 10 of 24, process  85 of 192, pid=5430)
UPCR: UPC thread 147 of 192 on node055 (pshm node 18 of 24, process 147 of 192, pid=22033)
UPCR: UPC thread 133 of 192 on node053 (pshm node 16 of 24, process 133 of 192, pid=26227)
UPCR: UPC thread  90 of 192 on node019 (pshm node 11 of 24, process  90 of 192, pid=20886)
UPCR: UPC thread 165 of 192 on node057 (pshm node 20 of 24, process 165 of 192, pid=4510)
UPCR: UPC thread  45 of 192 on node013 (pshm node  5 of 24, process  45 of 192, pid=3463)
UPCR: UPC thread  48 of 192 on node014 (pshm node  6 of 24, process  48 of 192, pid=12830)
UPCR: UPC thread  16 of 192 on node010 (pshm node  2 of 24, process  16 of 192, pid=7981)
UPCR: UPC thread  17 of 192 on node010 (pshm node  2 of 24, process  17 of 192, pid=7898)
UPCR: UPC thread  83 of 192 on node018 (pshm node 10 of 24, process  83 of 192, pid=5459)
UPCR: UPC thread  63 of 192 on node015 (pshm node  7 of 24, process  63 of 192, pid=25282)
UPCR: UPC thread  94 of 192 on node019 (pshm node 11 of 24, process  94 of 192, pid=20871)
UPCR: UPC thread 100 of 192 on node020 (pshm node 12 of 24, process 100 of 192, pid=17185)
UPCR: UPC thread  32 of 192 on node012 (pshm node  4 of 24, process  32 of 192, pid=6168)
UPCR: UPC thread 178 of 192 on node059 (pshm node 22 of 24, process 178 of 192, pid=32396)
UPCR: UPC thread 176 of 192 on node059 (pshm node 22 of 24, process 176 of 192, pid=32435)
UPCR: UPC thread 189 of 192 on node060 (pshm node 23 of 24, process 189 of 192, pid=4348)
UPCR: UPC thread 151 of 192 on node055 (pshm node 18 of 24, process 151 of 192, pid=22112)
UPCR: UPC thread  41 of 192 on node013 (pshm node  5 of 24, process  41 of 192, pid=3439)
UPCR: UPC thread 169 of 192 on node058 (pshm node 21 of 24, process 169 of 192, pid=1856)
UPCR: UPC thread 146 of 192 on node055 (pshm node 18 of 24, process 146 of 192, pid=22077)
UPCR: UPC thread 154 of 192 on node056 (pshm node 19 of 24, process 154 of 192, pid=26178)
UPCR: UPC thread 113 of 192 on node022 (pshm node 14 of 24, process 113 of 192, pid=20338)
UPCR: UPC thread 139 of 192 on node054 (pshm node 17 of 24, process 139 of 192, pid=21635)
UPCR: UPC thread 115 of 192 on node022 (pshm node 14 of 24, process 115 of 192, pid=20336)
UPCR: UPC thread  87 of 192 on node018 (pshm node 10 of 24, process  87 of 192, pid=5407)
UPCR: UPC thread 145 of 192 on node055 (pshm node 18 of 24, process 145 of 192, pid=22060)
UPCR: UPC thread 159 of 192 on node056 (pshm node 19 of 24, process 159 of 192, pid=26186)
UPCR: UPC thread  47 of 192 on node013 (pshm node  5 of 24, process  47 of 192, pid=3562)
UPCR: UPC thread 179 of 192 on node059 (pshm node 22 of 24, process 179 of 192, pid=32439)
UPCR: UPC thread  92 of 192 on node019 (pshm node 11 of 24, process  92 of 192, pid=20799)
UPCR: UPC thread 144 of 192 on node055 (pshm node 18 of 24, process 144 of 192, pid=22125)
UPCR: UPC thread 181 of 192 on node059 (pshm node 22 of 24, process 181 of 192, pid=32343)
UPCR: UPC thread  15 of 192 on node009 (pshm node  1 of 24, process  15 of 192, pid=16029)
UPCR: UPC thread  35 of 192 on node012 (pshm node  4 of 24, process  35 of 192, pid=6306)
UPCR: UPC thread 153 of 192 on node056 (pshm node 19 of 24, process 153 of 192, pid=26245)
UPCR: UPC thread 183 of 192 on node059 (pshm node 22 of 24, process 183 of 192, pid=32384)
UPCR: UPC thread  91 of 192 on node019 (pshm node 11 of 24, process  91 of 192, pid=20824)
UPCR: UPC thread 119 of 192 on node022 (pshm node 14 of 24, process 119 of 192, pid=20335)
UPCR: UPC thread  98 of 192 on node020 (pshm node 12 of 24, process  98 of 192, pid=17274)
UPCR: UPC thread 148 of 192 on node055 (pshm node 18 of 24, process 148 of 192, pid=22138)
UPCR: UPC thread  57 of 192 on node015 (pshm node  7 of 24, process  57 of 192, pid=25235)
UPCR: UPC thread  60 of 192 on node015 (pshm node  7 of 24, process  60 of 192, pid=25273)
UPCR: UPC thread  51 of 192 on node014 (pshm node  6 of 24, process  51 of 192, pid=12820)
UPCR: UPC thread 117 of 192 on node022 (pshm node 14 of 24, process 117 of 192, pid=20337)
UPCR: UPC thread  58 of 192 on node015 (pshm node  7 of 24, process  58 of 192, pid=25274)
UPCR: UPC thread 163 of 192 on node057 (pshm node 20 of 24, process 163 of 192, pid=4414)
UPCR: UPC thread 174 of 192 on node058 (pshm node 21 of 24, process 174 of 192, pid=1910)
UPCR: UPC thread  88 of 192 on node019 (pshm node 11 of 24, process  88 of 192, pid=20883)
UPCR: UPC thread   8 of 192 on node009 (pshm node  1 of 24, process   8 of 192, pid=15960)
UPCR: UPC thread  71 of 192 on node016 (pshm node  8 of 24, process  71 of 192, pid=3520)
UPCR: UPC thread  39 of 192 on node012 (pshm node  4 of 24, process  39 of 192, pid=6192)
UPCR: UPC thread 136 of 192 on node054 (pshm node 17 of 24, process 136 of 192, pid=21686)
UPCR: UPC thread 158 of 192 on node056 (pshm node 19 of 24, process 158 of 192, pid=26253)
UPCR: UPC thread 140 of 192 on node054 (pshm node 17 of 24, process 140 of 192, pid=21685)
UPCR: UPC thread  61 of 192 on node015 (pshm node  7 of 24, process  61 of 192, pid=25218)
UPCR: UPC thread  44 of 192 on node013 (pshm node  5 of 24, process  44 of 192, pid=3517)
UPCR: UPC thread  56 of 192 on node015 (pshm node  7 of 24, process  56 of 192, pid=25272)
UPCR: UPC thread  53 of 192 on node014 (pshm node  6 of 24, process  53 of 192, pid=12803)
UPCR: UPC thread  25 of 192 on node011 (pshm node  3 of 24, process  25 of 192, pid=23583)
UPCR: UPC thread  67 of 192 on node016 (pshm node  8 of 24, process  67 of 192, pid=3446)
UPCR: UPC thread 168 of 192 on node058 (pshm node 21 of 24, process 168 of 192, pid=1802)
UPCR: UPC thread  33 of 192 on node012 (pshm node  4 of 24, process  33 of 192, pid=6245)
UPCR: UPC thread 156 of 192 on node056 (pshm node 19 of 24, process 156 of 192, pid=26153)
UPCR: UPC thread  74 of 192 on node017 (pshm node  9 of 24, process  74 of 192, pid=21737)
UPCR: UPC thread 112 of 192 on node022 (pshm node 14 of 24, process 112 of 192, pid=20304)
UPCR: UPC thread  21 of 192 on node010 (pshm node  2 of 24, process  21 of 192, pid=7884)
UPCR: UPC thread 191 of 192 on node060 (pshm node 23 of 24, process 191 of 192, pid=4280)
UPCR: UPC thread 170 of 192 on node058 (pshm node 21 of 24, process 170 of 192, pid=1912)
UPCR: UPC thread 141 of 192 on node054 (pshm node 17 of 24, process 141 of 192, pid=21687)
UPCR: UPC thread 187 of 192 on node060 (pshm node 23 of 24, process 187 of 192, pid=4268)
UPCR: UPC thread  42 of 192 on node013 (pshm node  5 of 24, process  42 of 192, pid=3511)
UPCR: UPC thread 143 of 192 on node054 (pshm node 17 of 24, process 143 of 192, pid=21611)
UPCR: UPC thread  59 of 192 on node015 (pshm node  7 of 24, process  59 of 192, pid=25271)
UPCR: UPC thread  86 of 192 on node018 (pshm node 10 of 24, process  86 of 192, pid=5429)
UPCR: UPC thread  38 of 192 on node012 (pshm node  4 of 24, process  38 of 192, pid=6196)
UPCR: UPC thread 172 of 192 on node058 (pshm node 21 of 24, process 172 of 192, pid=1880)
UPCR: UPC thread 184 of 192 on node060 (pshm node 23 of 24, process 184 of 192, pid=4414)
UPCR: UPC thread 142 of 192 on node054 (pshm node 17 of 24, process 142 of 192, pid=21649)
UPCR: UPC thread 190 of 192 on node060 (pshm node 23 of 24, process 190 of 192, pid=4334)
UPCR: UPC thread 120 of 192 on node023 (pshm node 15 of 24, process 120 of 192, pid=1493)
UPCR: UPC thread 171 of 192 on node058 (pshm node 21 of 24, process 171 of 192, pid=1813)
UPCR: UPC thread 137 of 192 on node054 (pshm node 17 of 24, process 137 of 192, pid=21779)
UPCR: UPC thread 149 of 192 on node055 (pshm node 18 of 24, process 149 of 192, pid=22012)
UPCR: UPC thread  81 of 192 on node018 (pshm node 10 of 24, process  81 of 192, pid=5470)
UPCR: UPC thread  82 of 192 on node018 (pshm node 10 of 24, process  82 of 192, pid=5390)
UPCR: UPC thread  54 of 192 on node014 (pshm node  6 of 24, process  54 of 192, pid=12828)
UPCR: UPC thread  18 of 192 on node010 (pshm node  2 of 24, process  18 of 192, pid=8005)
UPCR: UPC thread 138 of 192 on node054 (pshm node 17 of 24, process 138 of 192, pid=21752)
UPCR: UPC thread  13 of 192 on node009 (pshm node  1 of 24, process  13 of 192, pid=15968)
UPCR: UPC thread 175 of 192 on node058 (pshm node 21 of 24, process 175 of 192, pid=1900)
UPCR: UPC thread  11 of 192 on node009 (pshm node  1 of 24, process  11 of 192, pid=16104)
UPCR: UPC thread 186 of 192 on node060 (pshm node 23 of 24, process 186 of 192, pid=4413)
UPCR: UPC thread  28 of 192 on node011 (pshm node  3 of 24, process  28 of 192, pid=23649)
UPCR: UPC thread  62 of 192 on node015 (pshm node  7 of 24, process  62 of 192, pid=25284)
UPCR: UPC thread 125 of 192 on node023 (pshm node 15 of 24, process 125 of 192, pid=1497)
UPCR: UPC thread  93 of 192 on node019 (pshm node 11 of 24, process  93 of 192, pid=20882)
UPCR: UPC thread  24 of 192 on node011 (pshm node  3 of 24, process  24 of 192, pid=23702)
UPCR: UPC thread  64 of 192 on node016 (pshm node  8 of 24, process  64 of 192, pid=3465)
UPCR: UPC thread  43 of 192 on node013 (pshm node  5 of 24, process  43 of 192, pid=3568)
UPCR: UPC thread  26 of 192 on node011 (pshm node  3 of 24, process  26 of 192, pid=23746)
UPCR: UPC thread 157 of 192 on node056 (pshm node 19 of 24, process 157 of 192, pid=26187)
UPCR: UPC thread  68 of 192 on node016 (pshm node  8 of 24, process  68 of 192, pid=3521)
UPCR: UPC thread  10 of 192 on node009 (pshm node  1 of 24, process  10 of 192, pid=16080)
UPCR: UPC thread   2 of 192 on node008 (pshm node  0 of 24, process   2 of 192, pid=20372)
UPCR: UPC thread  66 of 192 on node016 (pshm node  8 of 24, process  66 of 192, pid=3464)
UPCR: UPC thread  30 of 192 on node011 (pshm node  3 of 24, process  30 of 192, pid=23681)
UPCR: UPC thread   9 of 192 on node009 (pshm node  1 of 24, process   9 of 192, pid=16008)
UPCR: UPC thread  70 of 192 on node016 (pshm node  8 of 24, process  70 of 192, pid=3519)
UPCR: UPC thread 111 of 192 on node021 (pshm node 13 of 24, process 111 of 192, pid=25996)
UPCR: UPC thread 105 of 192 on node021 (pshm node 13 of 24, process 105 of 192, pid=26019)
Initializing models/at.5.8-rgs.bdd!
Vector size: 14
Bits per integer: 8
Number of BDD variables: 112
Loading initial states: 
Initial states loaded... 
Loading transition relations... 
14 integers per state, 8 bits per integer, 26 transition groups
BDD nodes:
Initial states: 112 BDD nodes
Transition 0: 288 BDD nodes
Transition 1: 205 BDD nodes
Transition 2: 94 BDD nodes
Transition 3: 181 BDD nodes
Transition 4: 32 BDD nodes
Transition 5: 32 BDD nodes
Transition 6: 203 BDD nodes
Transition 7: 94 BDD nodes
Transition 8: 178 BDD nodes
Transition 9: 32 BDD nodes
Transition 10: 32 BDD nodes
Transition 11: 213 BDD nodes
Transition 12: 213 BDD nodes
Transition 13: 274 BDD nodes
Transition 14: 81 BDD nodes
Transition 15: 32 BDD nodes
Transition 16: 81 BDD nodes
Transition 17: 32 BDD nodes
Transition 18: 81 BDD nodes
Transition 19: 32 BDD nodes
Transition 20: 159 BDD nodes
Transition 21: 32 BDD nodes
Transition 22: 146 BDD nodes
Transition 23: 135 BDD nodes
Transition 24: 32 BDD nodes
Transition 25: 32 BDD nodes
Level 1... done. 
Level 2... done. 
Level 3... done. 
Level 4... done. 
Level 5... done. 
Level 6... done. 
Level 7... done. 
Level 8... done. 
Level 9... done. 
Level 10... done. 
Level 11... done. 
Level 12... done. 
Level 13... done. 
Level 14... done. 
Level 15... done. 
Level 16... done. 
Level 17... done. 
Level 18... done. 
Level 19... done. 
Level 20... done. 
Level 21... done. 
Level 22... done. 
Level 23... done. 
Level 24... done. 
Level 25... done. 
Level 26... done. 
Level 27... done. 
Level 28... done. 
Level 29... done. 
Level 30... done. 
Level 31... done. 
Level 32... done. 
Level 33... done. 
Level 34... done. 
Level 35... done. 
Level 36... done. 
Level 37... done. 
Level 38... done. 
Level 39... done. 
Level 40... done. 
Level 41... done. 
Level 42... done. 
Level 43... done. 
Level 44... done. 
Level 45... done. 
Level 46... done. 
Level 47... done. 
Level 48... done. 
Level 49... done. 
Level 50... done. 
Level 51... done. 
PAR Time: 11.197245
Final states: 31999440 states
Final states: 159207 BDD nodes
[1443823914.275652] [node008:20325:0]         sys.c:719  MXM  WARN  Conflicting CPU frequencies detected, using: 1980.00
