[1443823103.050005] [node004:13182:0]         sys.c:719  MXM  WARN  Conflicting CPU frequencies detected, using: 1550.53
[1443823103.058602] [node004:13182:0]         mxm.c:185  MXM  WARN  The 'ulimit -s' on the system is set to 'unlimited'. This may have negative performance implications. Please set the heap size to the default value (10240) 
[1443823103.050677] [node004:13183:0]         sys.c:719  MXM  WARN  Conflicting CPU frequencies detected, using: 1550.53
[1443823103.058100] [node004:13183:0]         mxm.c:185  MXM  WARN  The 'ulimit -s' on the system is set to 'unlimited'. This may have negative performance implications. Please set the heap size to the default value (10240) 
[1443823103.049387] [node004:13185:0]         sys.c:719  MXM  WARN  Conflicting CPU frequencies detected, using: 1550.53
[1443823103.062489] [node004:13185:0]         mxm.c:185  MXM  WARN  The 'ulimit -s' on the system is set to 'unlimited'. This may have negative performance implications. Please set the heap size to the default value (10240) 
[1443823103.050513] [node004:13184:0]         sys.c:719  MXM  WARN  Conflicting CPU frequencies detected, using: 1550.53
[1443823103.058562] [node004:13184:0]         mxm.c:185  MXM  WARN  The 'ulimit -s' on the system is set to 'unlimited'. This may have negative performance implications. Please set the heap size to the default value (10240) 
[1443823103.331855] [node068:13369:0]         sys.c:719  MXM  WARN  Conflicting CPU frequencies detected, using: 1910.06
[1443823103.337794] [node068:13369:0]         mxm.c:185  MXM  WARN  The 'ulimit -s' on the system is set to 'unlimited'. This may have negative performance implications. Please set the heap size to the default value (10240) 
[1443823103.344709] [node006:31436:0]         sys.c:719  MXM  WARN  Conflicting CPU frequencies detected, using: 1793.25
[1443823103.348469] [node006:31436:0]         mxm.c:185  MXM  WARN  The 'ulimit -s' on the system is set to 'unlimited'. This may have negative performance implications. Please set the heap size to the default value (10240) 
[1443823103.342810] [node065:28734:0]         sys.c:719  MXM  WARN  Conflicting CPU frequencies detected, using: 1785.38
[1443823103.346715] [node065:28734:0]         mxm.c:185  MXM  WARN  The 'ulimit -s' on the system is set to 'unlimited'. This may have negative performance implications. Please set the heap size to the default value (10240) 
[1443823103.342917] [node065:28736:0]         sys.c:719  MXM  WARN  Conflicting CPU frequencies detected, using: 1785.38
[1443823103.346919] [node065:28736:0]         mxm.c:185  MXM  WARN  The 'ulimit -s' on the system is set to 'unlimited'. This may have negative performance implications. Please set the heap size to the default value (10240) 
[1443823103.390964] [node068:13395:0]         sys.c:719  MXM  WARN  Conflicting CPU frequencies detected, using: 2096.44
[1443823103.398624] [node068:13395:0]         mxm.c:185  MXM  WARN  The 'ulimit -s' on the system is set to 'unlimited'. This may have negative performance implications. Please set the heap size to the default value (10240) 
[1443823103.382853] [node068:13386:0]         sys.c:719  MXM  WARN  Conflicting CPU frequencies detected, using: 2087.72
[1443823103.388552] [node068:13386:0]         mxm.c:185  MXM  WARN  The 'ulimit -s' on the system is set to 'unlimited'. This may have negative performance implications. Please set the heap size to the default value (10240) 
[1443823103.354206] [node066:13437:0]         sys.c:719  MXM  WARN  Conflicting CPU frequencies detected, using: 1799.91
[1443823103.361636] [node066:13437:0]         mxm.c:185  MXM  WARN  The 'ulimit -s' on the system is set to 'unlimited'. This may have negative performance implications. Please set the heap size to the default value (10240) 
[1443823103.388268] [node068:13393:0]         sys.c:719  MXM  WARN  Conflicting CPU frequencies detected, using: 2096.44
[1443823103.396029] [node068:13393:0]         mxm.c:185  MXM  WARN  The 'ulimit -s' on the system is set to 'unlimited'. This may have negative performance implications. Please set the heap size to the default value (10240) 
[1443823103.361403] [node005:5837 :0]         sys.c:719  MXM  WARN  Conflicting CPU frequencies detected, using: 1896.75
[1443823103.365685] [node005:5837 :0]         mxm.c:185  MXM  WARN  The 'ulimit -s' on the system is set to 'unlimited'. This may have negative performance implications. Please set the heap size to the default value (10240) 
[1443823103.362831] [node065:28764:0]         sys.c:719  MXM  WARN  Conflicting CPU frequencies detected, using: 1892.25
[1443823103.366321] [node065:28764:0]         mxm.c:185  MXM  WARN  The 'ulimit -s' on the system is set to 'unlimited'. This may have negative performance implications. Please set the heap size to the default value (10240) 
[1443823103.386629] [node022:16818:0]         sys.c:719  MXM  WARN  Conflicting CPU frequencies detected, using: 1799.53
[1443823103.395325] [node022:16818:0]         mxm.c:185  MXM  WARN  The 'ulimit -s' on the system is set to 'unlimited'. This may have negative performance implications. Please set the heap size to the default value (10240) 
[1443823103.373368] [node020:13693:0]         sys.c:719  MXM  WARN  Conflicting CPU frequencies detected, using: 2281.78
[1443823103.383678] [node020:13693:0]         mxm.c:185  MXM  WARN  The 'ulimit -s' on the system is set to 'unlimited'. This may have negative performance implications. Please set the heap size to the default value (10240) 
[1443823103.350217] [node023:30383:0]         sys.c:719  MXM  WARN  Conflicting CPU frequencies detected, using: 1888.31
[1443823103.355593] [node023:30383:0]         mxm.c:185  MXM  WARN  The 'ulimit -s' on the system is set to 'unlimited'. This may have negative performance implications. Please set the heap size to the default value (10240) 
[1443823103.378742] [node066:13475:0]         sys.c:719  MXM  WARN  Conflicting CPU frequencies detected, using: 1899.94
[1443823103.386417] [node066:13475:0]         mxm.c:185  MXM  WARN  The 'ulimit -s' on the system is set to 'unlimited'. This may have negative performance implications. Please set the heap size to the default value (10240) 
[1443823103.354987] [node023:30396:0]         sys.c:719  MXM  WARN  Conflicting CPU frequencies detected, using: 1900.03
[1443823103.361556] [node023:30396:0]         mxm.c:185  MXM  WARN  The 'ulimit -s' on the system is set to 'unlimited'. This may have negative performance implications. Please set the heap size to the default value (10240) 
[1443823103.352537] [node066:13436:0]         sys.c:719  MXM  WARN  Conflicting CPU frequencies detected, using: 1799.91
[1443823103.359173] [node066:13436:0]         mxm.c:185  MXM  WARN  The 'ulimit -s' on the system is set to 'unlimited'. This may have negative performance implications. Please set the heap size to the default value (10240) 
[1443823103.342005] [node023:30379:0]         sys.c:719  MXM  WARN  Conflicting CPU frequencies detected, using: 1888.31
[1443823103.348037] [node023:30379:0]         mxm.c:185  MXM  WARN  The 'ulimit -s' on the system is set to 'unlimited'. This may have negative performance implications. Please set the heap size to the default value (10240) 
[1443823103.367277] [node023:30421:0]         sys.c:719  MXM  WARN  Conflicting CPU frequencies detected, using: 1971.56
[1443823103.373914] [node023:30421:0]         mxm.c:185  MXM  WARN  The 'ulimit -s' on the system is set to 'unlimited'. This may have negative performance implications. Please set the heap size to the default value (10240) 
[1443823103.372820] [node020:13708:0]         sys.c:719  MXM  WARN  Conflicting CPU frequencies detected, using: 2281.78
[1443823103.382913] [node020:13708:0]         mxm.c:185  MXM  WARN  The 'ulimit -s' on the system is set to 'unlimited'. This may have negative performance implications. Please set the heap size to the default value (10240) 
[1443823103.369992] [node066:13469:0]         sys.c:719  MXM  WARN  Conflicting CPU frequencies detected, using: 1880.16
[1443823103.376437] [node066:13469:0]         mxm.c:185  MXM  WARN  The 'ulimit -s' on the system is set to 'unlimited'. This may have negative performance implications. Please set the heap size to the default value (10240) 
[1443823103.352918] [node007:950  :0]         sys.c:719  MXM  WARN  Conflicting CPU frequencies detected, using: 2050.12
[1443823103.356824] [node007:950  :0]         mxm.c:185  MXM  WARN  The 'ulimit -s' on the system is set to 'unlimited'. This may have negative performance implications. Please set the heap size to the default value (10240) 
[1443823103.370245] [node007:983  :0]         sys.c:719  MXM  WARN  Conflicting CPU frequencies detected, using: 2198.44
[1443823103.373988] [node007:983  :0]         mxm.c:185  MXM  WARN  The 'ulimit -s' on the system is set to 'unlimited'. This may have negative performance implications. Please set the heap size to the default value (10240) 
[1443823103.352383] [node007:951  :0]         sys.c:719  MXM  WARN  Conflicting CPU frequencies detected, using: 2050.12
[1443823103.356196] [node007:951  :0]         mxm.c:185  MXM  WARN  The 'ulimit -s' on the system is set to 'unlimited'. This may have negative performance implications. Please set the heap size to the default value (10240) 
[1443823103.375195] [node022:16812:0]         sys.c:719  MXM  WARN  Conflicting CPU frequencies detected, using: 1788.00
[1443823103.381112] [node022:16812:0]         mxm.c:185  MXM  WARN  The 'ulimit -s' on the system is set to 'unlimited'. This may have negative performance implications. Please set the heap size to the default value (10240) 
[1443823103.341295] [node022:16795:0]         sys.c:719  MXM  WARN  Conflicting CPU frequencies detected, using: 1699.97
[1443823103.347042] [node022:16795:0]         mxm.c:185  MXM  WARN  The 'ulimit -s' on the system is set to 'unlimited'. This may have negative performance implications. Please set the heap size to the default value (10240) 
[1443823103.369372] [node020:13692:0]         sys.c:719  MXM  WARN  Conflicting CPU frequencies detected, using: 2004.38
[1443823103.378944] [node020:13692:0]         mxm.c:185  MXM  WARN  The 'ulimit -s' on the system is set to 'unlimited'. This may have negative performance implications. Please set the heap size to the default value (10240) 
[1443823103.369408] [node020:13694:0]         sys.c:719  MXM  WARN  Conflicting CPU frequencies detected, using: 2004.38
[1443823103.381361] [node020:13694:0]         mxm.c:185  MXM  WARN  The 'ulimit -s' on the system is set to 'unlimited'. This may have negative performance implications. Please set the heap size to the default value (10240) 
[1443823103.384154] [node022:16824:0]         sys.c:719  MXM  WARN  Conflicting CPU frequencies detected, using: 1799.53
[1443823103.393022] [node022:16824:0]         mxm.c:185  MXM  WARN  The 'ulimit -s' on the system is set to 'unlimited'. This may have negative performance implications. Please set the heap size to the default value (10240) 
[1443823103.364341] [node005:5839 :0]         sys.c:719  MXM  WARN  Conflicting CPU frequencies detected, using: 1896.75
[1443823103.367918] [node005:5839 :0]         mxm.c:185  MXM  WARN  The 'ulimit -s' on the system is set to 'unlimited'. This may have negative performance implications. Please set the heap size to the default value (10240) 
[1443823103.377799] [node007:990  :0]         sys.c:719  MXM  WARN  Conflicting CPU frequencies detected, using: 2198.44
[1443823103.380945] [node007:990  :0]         mxm.c:185  MXM  WARN  The 'ulimit -s' on the system is set to 'unlimited'. This may have negative performance implications. Please set the heap size to the default value (10240) 
[1443823103.362008] [node005:5838 :0]         sys.c:719  MXM  WARN  Conflicting CPU frequencies detected, using: 1896.75
[1443823103.365474] [node005:5838 :0]         mxm.c:185  MXM  WARN  The 'ulimit -s' on the system is set to 'unlimited'. This may have negative performance implications. Please set the heap size to the default value (10240) 
[1443823103.372187] [node005:5877 :0]         sys.c:719  MXM  WARN  Conflicting CPU frequencies detected, using: 1980.66
[1443823103.376562] [node005:5877 :0]         mxm.c:185  MXM  WARN  The 'ulimit -s' on the system is set to 'unlimited'. This may have negative performance implications. Please set the heap size to the default value (10240) 
[1443823103.374214] [node065:28773:0]         sys.c:719  MXM  WARN  Conflicting CPU frequencies detected, using: 1962.00
[1443823103.379446] [node065:28773:0]         mxm.c:185  MXM  WARN  The 'ulimit -s' on the system is set to 'unlimited'. This may have negative performance implications. Please set the heap size to the default value (10240) 
[1443823103.367329] [node067:12473:0]         sys.c:719  MXM  WARN  Conflicting CPU frequencies detected, using: 2199.94
[1443823103.373687] [node067:12473:0]         mxm.c:185  MXM  WARN  The 'ulimit -s' on the system is set to 'unlimited'. This may have negative performance implications. Please set the heap size to the default value (10240) 
[1443823103.360555] [node006:31452:0]         sys.c:719  MXM  WARN  Conflicting CPU frequencies detected, using: 1845.19
[1443823103.365193] [node006:31452:0]         mxm.c:185  MXM  WARN  The 'ulimit -s' on the system is set to 'unlimited'. This may have negative performance implications. Please set the heap size to the default value (10240) 
[1443823103.372984] [node067:12464:0]         sys.c:719  MXM  WARN  Conflicting CPU frequencies detected, using: 2199.94
[1443823103.380160] [node067:12464:0]         mxm.c:185  MXM  WARN  The 'ulimit -s' on the system is set to 'unlimited'. This may have negative performance implications. Please set the heap size to the default value (10240) 
[1443823103.352348] [node067:12439:0]         sys.c:719  MXM  WARN  Conflicting CPU frequencies detected, using: 2199.94
[1443823103.358733] [node067:12439:0]         mxm.c:185  MXM  WARN  The 'ulimit -s' on the system is set to 'unlimited'. This may have negative performance implications. Please set the heap size to the default value (10240) 
[1443823103.349047] [node067:12433:0]         sys.c:719  MXM  WARN  Conflicting CPU frequencies detected, using: 2199.94
[1443823103.354807] [node067:12433:0]         mxm.c:185  MXM  WARN  The 'ulimit -s' on the system is set to 'unlimited'. This may have negative performance implications. Please set the heap size to the default value (10240) 
[1443823103.364719] [node006:31472:0]         sys.c:719  MXM  WARN  Conflicting CPU frequencies detected, using: 1845.19
[1443823103.368375] [node006:31472:0]         mxm.c:185  MXM  WARN  The 'ulimit -s' on the system is set to 'unlimited'. This may have negative performance implications. Please set the heap size to the default value (10240) 
[1443823103.378800] [node021:22519:0]         sys.c:719  MXM  WARN  Conflicting CPU frequencies detected, using: 2100.00
[1443823103.382463] [node021:22519:0]         mxm.c:185  MXM  WARN  The 'ulimit -s' on the system is set to 'unlimited'. This may have negative performance implications. Please set the heap size to the default value (10240) 
[1443823103.378487] [node021:22521:0]         sys.c:719  MXM  WARN  Conflicting CPU frequencies detected, using: 2100.00
[1443823103.381871] [node021:22521:0]         mxm.c:185  MXM  WARN  The 'ulimit -s' on the system is set to 'unlimited'. This may have negative performance implications. Please set the heap size to the default value (10240) 
[1443823103.379960] [node021:22518:0]         sys.c:719  MXM  WARN  Conflicting CPU frequencies detected, using: 2100.00
[1443823103.383679] [node021:22518:0]         mxm.c:185  MXM  WARN  The 'ulimit -s' on the system is set to 'unlimited'. This may have negative performance implications. Please set the heap size to the default value (10240) 
[1443823103.376618] [node021:22520:0]         sys.c:719  MXM  WARN  Conflicting CPU frequencies detected, using: 2100.00
[1443823103.380059] [node021:22520:0]         mxm.c:185  MXM  WARN  The 'ulimit -s' on the system is set to 'unlimited'. This may have negative performance implications. Please set the heap size to the default value (10240) 
[1443823103.353383] [node006:31440:0]         sys.c:719  MXM  WARN  Conflicting CPU frequencies detected, using: 1845.19
[1443823103.357446] [node006:31440:0]         mxm.c:185  MXM  WARN  The 'ulimit -s' on the system is set to 'unlimited'. This may have negative performance implications. Please set the heap size to the default value (10240) 
UPCR: UPC thread 23 of 48 on node021 (pshm node  5 of 12, process 23 of 48, pid=22521)
UPCR: UPC thread 21 of 48 on node021 (pshm node  5 of 12, process 21 of 48, pid=22519)
UPCR: UPC thread 20 of 48 on node021 (pshm node  5 of 12, process 20 of 48, pid=22518)
UPCR: UPC thread 19 of 48 on node020 (pshm node  4 of 12, process 19 of 48, pid=13693)
UPCR: UPC thread 17 of 48 on node020 (pshm node  4 of 12, process 17 of 48, pid=13692)
UPCR: UPC thread 38 of 48 on node066 (pshm node  9 of 12, process 38 of 48, pid=13469)
UPCR: UPC thread 29 of 48 on node023 (pshm node  7 of 12, process 29 of 48, pid=30383)
UPCR: UPC thread 18 of 48 on node020 (pshm node  4 of 12, process 18 of 48, pid=13708)
UPCR: UPC thread 14 of 48 on node007 (pshm node  3 of 12, process 14 of 48, pid=990)
UPCR: UPC thread  6 of 48 on node005 (pshm node  1 of 12, process  6 of 48, pid=5839)
UPCR: UPC thread 33 of 48 on node065 (pshm node  8 of 12, process 33 of 48, pid=28736)
UPCR: UPC thread 36 of 48 on node066 (pshm node  9 of 12, process 36 of 48, pid=13437)
UPCR: UPC thread  7 of 48 on node005 (pshm node  1 of 12, process  7 of 48, pid=5877)
UPCR: UPC thread  4 of 48 on node005 (pshm node  1 of 12, process  4 of 48, pid=5838)
UPCR: UPC thread 15 of 48 on node007 (pshm node  3 of 12, process 15 of 48, pid=950)
UPCR: UPC thread 16 of 48 on node020 (pshm node  4 of 12, process 16 of 48, pid=13694)
UPCR: UPC thread 46 of 48 on node068 (pshm node 11 of 12, process 46 of 48, pid=13393)
UPCR: UPC thread 12 of 48 on node007 (pshm node  3 of 12, process 12 of 48, pid=983)
UPCR: UPC thread 45 of 48 on node068 (pshm node 11 of 12, process 45 of 48, pid=13386)
UPCR: UPC thread 47 of 48 on node068 (pshm node 11 of 12, process 47 of 48, pid=13395)
UPCR: UPC thread 44 of 48 on node068 (pshm node 11 of 12, process 44 of 48, pid=13369)
UPCR: UPC thread  5 of 48 on node005 (pshm node  1 of 12, process  5 of 48, pid=5837)
UPCR: UPC thread 22 of 48 on node021 (pshm node  5 of 12, process 22 of 48, pid=22520)
UPCR: UPC thread 40 of 48 on node067 (pshm node 10 of 12, process 40 of 48, pid=12433)
UPCR: UPC thread 43 of 48 on node067 (pshm node 10 of 12, process 43 of 48, pid=12439)
UPCR: UPC thread 42 of 48 on node067 (pshm node 10 of 12, process 42 of 48, pid=12464)
UPCR: UPC thread 41 of 48 on node067 (pshm node 10 of 12, process 41 of 48, pid=12473)
UPCR: UPC thread 25 of 48 on node022 (pshm node  6 of 12, process 25 of 48, pid=16812)
UPCR: UPC thread 13 of 48 on node007 (pshm node  3 of 12, process 13 of 48, pid=951)
UPCR: UPC thread 24 of 48 on node022 (pshm node  6 of 12, process 24 of 48, pid=16795)
UPCR: UPC thread 32 of 48 on node065 (pshm node  8 of 12, process 32 of 48, pid=28773)
UPCR: UPC thread 26 of 48 on node022 (pshm node  6 of 12, process 26 of 48, pid=16824)
UPCR: UPC thread 27 of 48 on node022 (pshm node  6 of 12, process 27 of 48, pid=16818)
UPCR: UPC thread 31 of 48 on node023 (pshm node  7 of 12, process 31 of 48, pid=30421)
UPCR: UPC thread  1 of 48 on node004 (pshm node  0 of 12, process  1 of 48, pid=13183)
UPCR: UPC thread 30 of 48 on node023 (pshm node  7 of 12, process 30 of 48, pid=30396)
UPCR: UPC thread  2 of 48 on node004 (pshm node  0 of 12, process  2 of 48, pid=13184)
UPCR: UPC thread  3 of 48 on node004 (pshm node  0 of 12, process  3 of 48, pid=13185)
UPCR: UPC thread 34 of 48 on node065 (pshm node  8 of 12, process 34 of 48, pid=28764)
UPCR: UPC thread  0 of 48 on node004 (pshm node  0 of 12, process  0 of 48, pid=13182)
UPCR: UPC thread 39 of 48 on node066 (pshm node  9 of 12, process 39 of 48, pid=13475)
UPCR: UPC thread 37 of 48 on node066 (pshm node  9 of 12, process 37 of 48, pid=13436)
UPCR: UPC thread 28 of 48 on node023 (pshm node  7 of 12, process 28 of 48, pid=30379)
UPCR: UPC thread 35 of 48 on node065 (pshm node  8 of 12, process 35 of 48, pid=28734)
UPCR: UPC thread  9 of 48 on node006 (pshm node  2 of 12, process  9 of 48, pid=31452)
UPCR: UPC thread 10 of 48 on node006 (pshm node  2 of 12, process 10 of 48, pid=31440)
UPCR: UPC thread  8 of 48 on node006 (pshm node  2 of 12, process  8 of 48, pid=31436)
UPCR: UPC thread 11 of 48 on node006 (pshm node  2 of 12, process 11 of 48, pid=31472)
Initializing models/at.5.8-rgs.bdd!
Vector size: 14
Bits per integer: 8
Number of BDD variables: 112
Loading initial states: 
Initial states loaded... 
Loading transition relations... 
14 integers per state, 8 bits per integer, 26 transition groups
BDD nodes:
Initial states: 112 BDD nodes
Transition 0: 288 BDD nodes
Transition 1: 205 BDD nodes
Transition 2: 94 BDD nodes
Transition 3: 181 BDD nodes
Transition 4: 32 BDD nodes
Transition 5: 32 BDD nodes
Transition 6: 203 BDD nodes
Transition 7: 94 BDD nodes
Transition 8: 178 BDD nodes
Transition 9: 32 BDD nodes
Transition 10: 32 BDD nodes
Transition 11: 213 BDD nodes
Transition 12: 213 BDD nodes
Transition 13: 274 BDD nodes
Transition 14: 81 BDD nodes
Transition 15: 32 BDD nodes
Transition 16: 81 BDD nodes
Transition 17: 32 BDD nodes
Transition 18: 81 BDD nodes
Transition 19: 32 BDD nodes
Transition 20: 159 BDD nodes
Transition 21: 32 BDD nodes
Transition 22: 146 BDD nodes
Transition 23: 135 BDD nodes
Transition 24: 32 BDD nodes
Transition 25: 32 BDD nodes
Level 1... done. 
Level 2... done. 
Level 3... done. 
Level 4... done. 
Level 5... done. 
Level 6... done. 
Level 7... done. 
Level 8... done. 
Level 9... done. 
Level 10... done. 
Level 11... done. 
Level 12... done. 
Level 13... done. 
Level 14... done. 
Level 15... done. 
Level 16... done. 
Level 17... done. 
Level 18... done. 
Level 19... done. 
Level 20... done. 
Level 21... done. 
Level 22... done. 
Level 23... done. 
Level 24... done. 
Level 25... done. 
Level 26... done. 
Level 27... done. 
Level 28... done. 
Level 29... done. 
Level 30... done. 
Level 31... done. 
Level 32... done. 
Level 33... done. 
Level 34... done. 
Level 35... done. 
Level 36... done. 
Level 37... done. 
Level 38... done. 
Level 39... done. 
Level 40... done. 
Level 41... done. 
Level 42... done. 
Level 43... done. 
Level 44... done. 
Level 45... done. 
Level 46... done. 
Level 47... done. 
Level 48... done. 
Level 49... done. 
Level 50... done. 
Level 51... done. 
PAR Time: 35.567581
Final states: 31999440 states
Final states: 159207 BDD nodes
[1443823103.031417] [node004:13137:0]         sys.c:719  MXM  WARN  Conflicting CPU frequencies detected, using: 3196.78
