[1444263040.749435] [node016:14442:0]         sys.c:719  MXM  WARN  Conflicting CPU frequencies detected, using: 2547.75
[1444263040.777671] [node016:14442:0]         mxm.c:185  MXM  WARN  The 'ulimit -s' on the system is set to 'unlimited'. This may have negative performance implications. Please set the heap size to the default value (10240) 
[1444263040.750401] [node016:14441:0]         sys.c:719  MXM  WARN  Conflicting CPU frequencies detected, using: 2547.75
[1444263040.779417] [node016:14441:0]         mxm.c:185  MXM  WARN  The 'ulimit -s' on the system is set to 'unlimited'. This may have negative performance implications. Please set the heap size to the default value (10240) 
[1444263040.749604] [node016:14443:0]         sys.c:719  MXM  WARN  Conflicting CPU frequencies detected, using: 2547.75
[1444263040.779327] [node016:14443:0]         mxm.c:185  MXM  WARN  The 'ulimit -s' on the system is set to 'unlimited'. This may have negative performance implications. Please set the heap size to the default value (10240) 
[1444263040.749475] [node016:14440:0]         sys.c:719  MXM  WARN  Conflicting CPU frequencies detected, using: 2547.75
[1444263040.785723] [node016:14440:0]         mxm.c:185  MXM  WARN  The 'ulimit -s' on the system is set to 'unlimited'. This may have negative performance implications. Please set the heap size to the default value (10240) 
[1444263041.090843] [node027:27454:0]         sys.c:719  MXM  WARN  Conflicting CPU frequencies detected, using: 1397.72
[1444263041.095161] [node027:27454:0]         mxm.c:185  MXM  WARN  The 'ulimit -s' on the system is set to 'unlimited'. This may have negative performance implications. Please set the heap size to the default value (10240) 
[1444263041.166520] [node018:3690 :0]         sys.c:719  MXM  WARN  Conflicting CPU frequencies detected, using: 1397.25
[1444263041.172492] [node018:3690 :0]         mxm.c:185  MXM  WARN  The 'ulimit -s' on the system is set to 'unlimited'. This may have negative performance implications. Please set the heap size to the default value (10240) 
[1444263041.260640] [node028:24918:0]         sys.c:719  MXM  WARN  Conflicting CPU frequencies detected, using: 1477.88
[1444263041.264956] [node028:24918:0]         mxm.c:185  MXM  WARN  The 'ulimit -s' on the system is set to 'unlimited'. This may have negative performance implications. Please set the heap size to the default value (10240) 
[1444263041.267166] [node027:27478:0]         sys.c:719  MXM  WARN  Conflicting CPU frequencies detected, using: 1397.16
[1444263041.271278] [node027:27478:0]         mxm.c:185  MXM  WARN  The 'ulimit -s' on the system is set to 'unlimited'. This may have negative performance implications. Please set the heap size to the default value (10240) 
[1444263041.300859] [node019:18629:0]         sys.c:719  MXM  WARN  Conflicting CPU frequencies detected, using: 1574.34
[1444263041.305015] [node019:18629:0]         mxm.c:185  MXM  WARN  The 'ulimit -s' on the system is set to 'unlimited'. This may have negative performance implications. Please set the heap size to the default value (10240) 
[1444263041.330973] [node028:24941:0]         sys.c:719  MXM  WARN  Conflicting CPU frequencies detected, using: 1477.88
[1444263041.335043] [node028:24941:0]         mxm.c:185  MXM  WARN  The 'ulimit -s' on the system is set to 'unlimited'. This may have negative performance implications. Please set the heap size to the default value (10240) 
[1444263041.365015] [node019:18651:0]         sys.c:719  MXM  WARN  Conflicting CPU frequencies detected, using: 1897.59
[1444263041.368729] [node019:18651:0]         mxm.c:185  MXM  WARN  The 'ulimit -s' on the system is set to 'unlimited'. This may have negative performance implications. Please set the heap size to the default value (10240) 
[1444263041.365856] [node019:18652:0]         sys.c:719  MXM  WARN  Conflicting CPU frequencies detected, using: 1897.59
[1444263041.369770] [node019:18652:0]         mxm.c:185  MXM  WARN  The 'ulimit -s' on the system is set to 'unlimited'. This may have negative performance implications. Please set the heap size to the default value (10240) 
[1444263041.426166] [node019:18695:0]         sys.c:719  MXM  WARN  Conflicting CPU frequencies detected, using: 2193.84
[1444263041.429871] [node019:18695:0]         mxm.c:185  MXM  WARN  The 'ulimit -s' on the system is set to 'unlimited'. This may have negative performance implications. Please set the heap size to the default value (10240) 
[1444263041.434736] [node037:24705:0]         sys.c:719  MXM  WARN  Conflicting CPU frequencies detected, using: 1577.06
[1444263041.438953] [node037:24705:0]         mxm.c:185  MXM  WARN  The 'ulimit -s' on the system is set to 'unlimited'. This may have negative performance implications. Please set the heap size to the default value (10240) 
[1444263041.516296] [node065:2865 :0]         sys.c:719  MXM  WARN  Conflicting CPU frequencies detected, using: 1599.94
[1444263041.520368] [node065:2865 :0]         mxm.c:185  MXM  WARN  The 'ulimit -s' on the system is set to 'unlimited'. This may have negative performance implications. Please set the heap size to the default value (10240) 
[1444263041.518918] [node018:3714 :0]         sys.c:719  MXM  WARN  Conflicting CPU frequencies detected, using: 1500.09
[1444263041.525088] [node018:3714 :0]         mxm.c:185  MXM  WARN  The 'ulimit -s' on the system is set to 'unlimited'. This may have negative performance implications. Please set the heap size to the default value (10240) 
[1444263041.540589] [node033:27869:0]         sys.c:719  MXM  WARN  Conflicting CPU frequencies detected, using: 2781.09
[1444263041.547361] [node033:27869:0]         mxm.c:185  MXM  WARN  The 'ulimit -s' on the system is set to 'unlimited'. This may have negative performance implications. Please set the heap size to the default value (10240) 
[1444263041.539015] [node053:27428:0]         sys.c:719  MXM  WARN  Conflicting CPU frequencies detected, using: 1802.72
[1444263041.543420] [node053:27428:0]         mxm.c:185  MXM  WARN  The 'ulimit -s' on the system is set to 'unlimited'. This may have negative performance implications. Please set the heap size to the default value (10240) 
[1444263041.591431] [node030:21145:0]         sys.c:719  MXM  WARN  Conflicting CPU frequencies detected, using: 1471.78
[1444263041.597698] [node030:21145:0]         mxm.c:185  MXM  WARN  The 'ulimit -s' on the system is set to 'unlimited'. This may have negative performance implications. Please set the heap size to the default value (10240) 
[1444263041.612943] [node054:26850:0]         sys.c:719  MXM  WARN  Conflicting CPU frequencies detected, using: 1480.88
[1444263041.619087] [node054:26850:0]         mxm.c:185  MXM  WARN  The 'ulimit -s' on the system is set to 'unlimited'. This may have negative performance implications. Please set the heap size to the default value (10240) 
[1444263041.581777] [node018:3735 :0]         sys.c:719  MXM  WARN  Conflicting CPU frequencies detected, using: 1696.69
[1444263041.587551] [node018:3735 :0]         mxm.c:185  MXM  WARN  The 'ulimit -s' on the system is set to 'unlimited'. This may have negative performance implications. Please set the heap size to the default value (10240) 
[1444263041.607354] [node026:32064:0]         sys.c:719  MXM  WARN  Conflicting CPU frequencies detected, using: 1408.88
[1444263041.611523] [node026:32064:0]         mxm.c:185  MXM  WARN  The 'ulimit -s' on the system is set to 'unlimited'. This may have negative performance implications. Please set the heap size to the default value (10240) 
[1444263041.649514] [node032:27015:0]         sys.c:719  MXM  WARN  Conflicting CPU frequencies detected, using: 1399.97
[1444263041.655694] [node032:27015:0]         mxm.c:185  MXM  WARN  The 'ulimit -s' on the system is set to 'unlimited'. This may have negative performance implications. Please set the heap size to the default value (10240) 
[1444263041.627720] [node030:21162:0]         sys.c:719  MXM  WARN  Conflicting CPU frequencies detected, using: 1594.22
[1444263041.634116] [node030:21162:0]         mxm.c:185  MXM  WARN  The 'ulimit -s' on the system is set to 'unlimited'. This may have negative performance implications. Please set the heap size to the default value (10240) 
[1444263041.638472] [node068:13417:0]         sys.c:719  MXM  WARN  Conflicting CPU frequencies detected, using: 2650.03
[1444263041.644630] [node068:13417:0]         mxm.c:185  MXM  WARN  The 'ulimit -s' on the system is set to 'unlimited'. This may have negative performance implications. Please set the heap size to the default value (10240) 
[1444263041.651061] [node036:22554:0]         sys.c:719  MXM  WARN  Conflicting CPU frequencies detected, using: 2633.53
[1444263041.655166] [node036:22554:0]         mxm.c:185  MXM  WARN  The 'ulimit -s' on the system is set to 'unlimited'. This may have negative performance implications. Please set the heap size to the default value (10240) 
[1444263041.647778] [node033:27893:0]         sys.c:719  MXM  WARN  Conflicting CPU frequencies detected, using: 2781.09
[1444263041.653601] [node033:27893:0]         mxm.c:185  MXM  WARN  The 'ulimit -s' on the system is set to 'unlimited'. This may have negative performance implications. Please set the heap size to the default value (10240) 
[1444263041.647243] [node044:16759:0]         sys.c:719  MXM  WARN  Conflicting CPU frequencies detected, using: 2870.91
[1444263041.653206] [node044:16759:0]         mxm.c:185  MXM  WARN  The 'ulimit -s' on the system is set to 'unlimited'. This may have negative performance implications. Please set the heap size to the default value (10240) 
[1444263041.675940] [node066:19914:0]         sys.c:719  MXM  WARN  Conflicting CPU frequencies detected, using: 1305.09
[1444263041.682533] [node066:19914:0]         mxm.c:185  MXM  WARN  The 'ulimit -s' on the system is set to 'unlimited'. This may have negative performance implications. Please set the heap size to the default value (10240) 
[1444263041.649335] [node031:28584:0]         sys.c:719  MXM  WARN  Conflicting CPU frequencies detected, using: 2878.12
[1444263041.655660] [node031:28584:0]         mxm.c:185  MXM  WARN  The 'ulimit -s' on the system is set to 'unlimited'. This may have negative performance implications. Please set the heap size to the default value (10240) 
[1444263041.650882] [node028:24966:0]         sys.c:719  MXM  WARN  Conflicting CPU frequencies detected, using: 1589.25
[1444263041.655009] [node028:24966:0]         mxm.c:185  MXM  WARN  The 'ulimit -s' on the system is set to 'unlimited'. This may have negative performance implications. Please set the heap size to the default value (10240) 
[1444263041.641324] [node035:24176:0]         sys.c:719  MXM  WARN  Conflicting CPU frequencies detected, using: 1404.66
[1444263041.645593] [node035:24176:0]         mxm.c:185  MXM  WARN  The 'ulimit -s' on the system is set to 'unlimited'. This may have negative performance implications. Please set the heap size to the default value (10240) 
[1444263041.659427] [node033:27903:0]         sys.c:719  MXM  WARN  Conflicting CPU frequencies detected, using: 2781.09
[1444263041.666597] [node033:27903:0]         mxm.c:185  MXM  WARN  The 'ulimit -s' on the system is set to 'unlimited'. This may have negative performance implications. Please set the heap size to the default value (10240) 
[1444263041.652747] [node027:27503:0]         sys.c:719  MXM  WARN  Conflicting CPU frequencies detected, using: 1494.84
[1444263041.657181] [node027:27503:0]         mxm.c:185  MXM  WARN  The 'ulimit -s' on the system is set to 'unlimited'. This may have negative performance implications. Please set the heap size to the default value (10240) 
[1444263041.653256] [node027:27504:0]         sys.c:719  MXM  WARN  Conflicting CPU frequencies detected, using: 1494.84
[1444263041.657433] [node027:27504:0]         mxm.c:185  MXM  WARN  The 'ulimit -s' on the system is set to 'unlimited'. This may have negative performance implications. Please set the heap size to the default value (10240) 
[1444263041.670398] [node054:26871:0]         sys.c:719  MXM  WARN  Conflicting CPU frequencies detected, using: 1588.50
[1444263041.676073] [node054:26871:0]         mxm.c:185  MXM  WARN  The 'ulimit -s' on the system is set to 'unlimited'. This may have negative performance implications. Please set the heap size to the default value (10240) 
[1444263041.693039] [node031:28601:0]         sys.c:719  MXM  WARN  Conflicting CPU frequencies detected, using: 2878.12
[1444263041.699211] [node031:28601:0]         mxm.c:185  MXM  WARN  The 'ulimit -s' on the system is set to 'unlimited'. This may have negative performance implications. Please set the heap size to the default value (10240) 
[1444263041.694816] [node065:2889 :0]         sys.c:719  MXM  WARN  Conflicting CPU frequencies detected, using: 1729.69
[1444263041.698511] [node065:2889 :0]         mxm.c:185  MXM  WARN  The 'ulimit -s' on the system is set to 'unlimited'. This may have negative performance implications. Please set the heap size to the default value (10240) 
[1444263041.694935] [node064:7350 :0]         sys.c:719  MXM  WARN  Conflicting CPU frequencies detected, using: 2802.75
[1444263041.701100] [node064:7350 :0]         mxm.c:185  MXM  WARN  The 'ulimit -s' on the system is set to 'unlimited'. This may have negative performance implications. Please set the heap size to the default value (10240) 
[1444263041.697846] [node045:15153:0]         sys.c:719  MXM  WARN  Conflicting CPU frequencies detected, using: 2153.25
[1444263041.703656] [node045:15153:0]         mxm.c:185  MXM  WARN  The 'ulimit -s' on the system is set to 'unlimited'. This may have negative performance implications. Please set the heap size to the default value (10240) 
[1444263041.712571] [node053:27452:0]         sys.c:719  MXM  WARN  Conflicting CPU frequencies detected, using: 1802.72
[1444263041.716958] [node053:27452:0]         mxm.c:185  MXM  WARN  The 'ulimit -s' on the system is set to 'unlimited'. This may have negative performance implications. Please set the heap size to the default value (10240) 
[1444263041.702771] [node029:14452:0]         sys.c:719  MXM  WARN  Conflicting CPU frequencies detected, using: 1479.00
[1444263041.706940] [node029:14452:0]         mxm.c:185  MXM  WARN  The 'ulimit -s' on the system is set to 'unlimited'. This may have negative performance implications. Please set the heap size to the default value (10240) 
[1444263041.714566] [node029:14460:0]         sys.c:719  MXM  WARN  Conflicting CPU frequencies detected, using: 1471.69
[1444263041.718179] [node029:14460:0]         mxm.c:185  MXM  WARN  The 'ulimit -s' on the system is set to 'unlimited'. This may have negative performance implications. Please set the heap size to the default value (10240) 
[1444263041.747111] [node018:3771 :0]         sys.c:719  MXM  WARN  Conflicting CPU frequencies detected, using: 1680.56
[1444263041.752910] [node018:3771 :0]         mxm.c:185  MXM  WARN  The 'ulimit -s' on the system is set to 'unlimited'. This may have negative performance implications. Please set the heap size to the default value (10240) 
[1444263041.784802] [node066:19938:0]         sys.c:719  MXM  WARN  Conflicting CPU frequencies detected, using: 1420.03
[1444263041.790980] [node066:19938:0]         mxm.c:185  MXM  WARN  The 'ulimit -s' on the system is set to 'unlimited'. This may have negative performance implications. Please set the heap size to the default value (10240) 
[1444263041.776208] [node031:28631:0]         sys.c:719  MXM  WARN  Conflicting CPU frequencies detected, using: 2878.12
[1444263041.782346] [node031:28631:0]         mxm.c:185  MXM  WARN  The 'ulimit -s' on the system is set to 'unlimited'. This may have negative performance implications. Please set the heap size to the default value (10240) 
[1444263041.771343] [node033:27941:0]         sys.c:719  MXM  WARN  Conflicting CPU frequencies detected, using: 2781.09
[1444263041.777815] [node033:27941:0]         mxm.c:185  MXM  WARN  The 'ulimit -s' on the system is set to 'unlimited'. This may have negative performance implications. Please set the heap size to the default value (10240) 
[1444263041.789080] [node031:28644:0]         sys.c:719  MXM  WARN  Conflicting CPU frequencies detected, using: 2878.12
[1444263041.795075] [node031:28644:0]         mxm.c:185  MXM  WARN  The 'ulimit -s' on the system is set to 'unlimited'. This may have negative performance implications. Please set the heap size to the default value (10240) 
[1444263041.774018] [node037:24729:0]         sys.c:719  MXM  WARN  Conflicting CPU frequencies detected, using: 1492.78
[1444263041.778246] [node037:24729:0]         mxm.c:185  MXM  WARN  The 'ulimit -s' on the system is set to 'unlimited'. This may have negative performance implications. Please set the heap size to the default value (10240) 
[1444263041.773190] [node054:26898:0]         sys.c:719  MXM  WARN  Conflicting CPU frequencies detected, using: 1930.59
[1444263041.778952] [node054:26898:0]         mxm.c:185  MXM  WARN  The 'ulimit -s' on the system is set to 'unlimited'. This may have negative performance implications. Please set the heap size to the default value (10240) 
[1444263041.787469] [node053:27475:0]         sys.c:719  MXM  WARN  Conflicting CPU frequencies detected, using: 1802.72
[1444263041.791514] [node053:27475:0]         mxm.c:185  MXM  WARN  The 'ulimit -s' on the system is set to 'unlimited'. This may have negative performance implications. Please set the heap size to the default value (10240) 
[1444263041.784061] [node034:20571:0]         sys.c:719  MXM  WARN  Conflicting CPU frequencies detected, using: 2727.47
[1444263041.790487] [node034:20571:0]         mxm.c:185  MXM  WARN  The 'ulimit -s' on the system is set to 'unlimited'. This may have negative performance implications. Please set the heap size to the default value (10240) 
[1444263041.780688] [node054:26904:0]         sys.c:719  MXM  WARN  Conflicting CPU frequencies detected, using: 1765.12
[1444263041.787292] [node054:26904:0]         mxm.c:185  MXM  WARN  The 'ulimit -s' on the system is set to 'unlimited'. This may have negative performance implications. Please set the heap size to the default value (10240) 
[1444263041.784009] [node056:22902:0]         sys.c:719  MXM  WARN  Conflicting CPU frequencies detected, using: 1677.47
[1444263041.789733] [node056:22902:0]         mxm.c:185  MXM  WARN  The 'ulimit -s' on the system is set to 'unlimited'. This may have negative performance implications. Please set the heap size to the default value (10240) 
[1444263041.785152] [node042:14925:0]         sys.c:719  MXM  WARN  Conflicting CPU frequencies detected, using: 1677.47
[1444263041.790565] [node042:14925:0]         mxm.c:185  MXM  WARN  The 'ulimit -s' on the system is set to 'unlimited'. This may have negative performance implications. Please set the heap size to the default value (10240) 
[1444263041.800906] [node041:18298:0]         sys.c:719  MXM  WARN  Conflicting CPU frequencies detected, using: 2883.66
[1444263041.806831] [node041:18298:0]         mxm.c:185  MXM  WARN  The 'ulimit -s' on the system is set to 'unlimited'. This may have negative performance implications. Please set the heap size to the default value (10240) 
[1444263041.804084] [node041:18299:0]         sys.c:719  MXM  WARN  Conflicting CPU frequencies detected, using: 2883.66
[1444263041.810743] [node041:18299:0]         mxm.c:185  MXM  WARN  The 'ulimit -s' on the system is set to 'unlimited'. This may have negative performance implications. Please set the heap size to the default value (10240) 
[1444263041.788975] [node045:15176:0]         sys.c:719  MXM  WARN  Conflicting CPU frequencies detected, using: 1556.53
[1444263041.795267] [node045:15176:0]         mxm.c:185  MXM  WARN  The 'ulimit -s' on the system is set to 'unlimited'. This may have negative performance implications. Please set the heap size to the default value (10240) 
[1444263041.794623] [node026:32088:0]         sys.c:719  MXM  WARN  Conflicting CPU frequencies detected, using: 1553.91
[1444263041.798426] [node026:32088:0]         mxm.c:185  MXM  WARN  The 'ulimit -s' on the system is set to 'unlimited'. This may have negative performance implications. Please set the heap size to the default value (10240) 
[1444263041.800502] [node036:22578:0]         sys.c:719  MXM  WARN  Conflicting CPU frequencies detected, using: 1599.94
[1444263041.804283] [node036:22578:0]         mxm.c:185  MXM  WARN  The 'ulimit -s' on the system is set to 'unlimited'. This may have negative performance implications. Please set the heap size to the default value (10240) 
[1444263041.794522] [node056:22908:0]         sys.c:719  MXM  WARN  Conflicting CPU frequencies detected, using: 1699.97
[1444263041.801807] [node056:22908:0]         mxm.c:185  MXM  WARN  The 'ulimit -s' on the system is set to 'unlimited'. This may have negative performance implications. Please set the heap size to the default value (10240) 
[1444263041.815965] [node035:24200:0]         sys.c:719  MXM  WARN  Conflicting CPU frequencies detected, using: 1676.34
[1444263041.820019] [node035:24200:0]         mxm.c:185  MXM  WARN  The 'ulimit -s' on the system is set to 'unlimited'. This may have negative performance implications. Please set the heap size to the default value (10240) 
[1444263041.794331] [node067:18073:0]         sys.c:719  MXM  WARN  Conflicting CPU frequencies detected, using: 1580.81
[1444263041.799716] [node067:18073:0]         mxm.c:185  MXM  WARN  The 'ulimit -s' on the system is set to 'unlimited'. This may have negative performance implications. Please set the heap size to the default value (10240) 
[1444263041.798720] [node028:24990:0]         sys.c:719  MXM  WARN  Conflicting CPU frequencies detected, using: 1477.88
[1444263041.802810] [node028:24990:0]         mxm.c:185  MXM  WARN  The 'ulimit -s' on the system is set to 'unlimited'. This may have negative performance implications. Please set the heap size to the default value (10240) 
[1444263041.789768] [node067:18069:0]         sys.c:719  MXM  WARN  Conflicting CPU frequencies detected, using: 1580.81
[1444263041.796015] [node067:18069:0]         mxm.c:185  MXM  WARN  The 'ulimit -s' on the system is set to 'unlimited'. This may have negative performance implications. Please set the heap size to the default value (10240) 
[1444263041.788567] [node044:16785:0]         sys.c:719  MXM  WARN  Conflicting CPU frequencies detected, using: 1699.88
[1444263041.796760] [node044:16785:0]         mxm.c:185  MXM  WARN  The 'ulimit -s' on the system is set to 'unlimited'. This may have negative performance implications. Please set the heap size to the default value (10240) 
[1444263041.788610] [node044:16784:0]         sys.c:719  MXM  WARN  Conflicting CPU frequencies detected, using: 1699.88
[1444263041.797512] [node044:16784:0]         mxm.c:185  MXM  WARN  The 'ulimit -s' on the system is set to 'unlimited'. This may have negative performance implications. Please set the heap size to the default value (10240) 
[1444263041.797695] [node032:27039:0]         sys.c:719  MXM  WARN  Conflicting CPU frequencies detected, using: 1614.38
[1444263041.803479] [node032:27039:0]         mxm.c:185  MXM  WARN  The 'ulimit -s' on the system is set to 'unlimited'. This may have negative performance implications. Please set the heap size to the default value (10240) 
[1444263041.819573] [node029:14500:0]         sys.c:719  MXM  WARN  Conflicting CPU frequencies detected, using: 1680.56
[1444263041.823604] [node029:14500:0]         mxm.c:185  MXM  WARN  The 'ulimit -s' on the system is set to 'unlimited'. This may have negative performance implications. Please set the heap size to the default value (10240) 
[1444263041.805090] [node055:26994:0]         sys.c:719  MXM  WARN  Conflicting CPU frequencies detected, using: 1677.00
[1444263041.810806] [node055:26994:0]         mxm.c:185  MXM  WARN  The 'ulimit -s' on the system is set to 'unlimited'. This may have negative performance implications. Please set the heap size to the default value (10240) 
[1444263041.839016] [node035:24214:0]         sys.c:719  MXM  WARN  Conflicting CPU frequencies detected, using: 2391.66
[1444263041.843076] [node035:24214:0]         mxm.c:185  MXM  WARN  The 'ulimit -s' on the system is set to 'unlimited'. This may have negative performance implications. Please set the heap size to the default value (10240) 
[1444263041.821422] [node056:22936:0]         sys.c:719  MXM  WARN  Conflicting CPU frequencies detected, using: 1753.50
[1444263041.827419] [node056:22936:0]         mxm.c:185  MXM  WARN  The 'ulimit -s' on the system is set to 'unlimited'. This may have negative performance implications. Please set the heap size to the default value (10240) 
[1444263041.823367] [node055:27012:0]         sys.c:719  MXM  WARN  Conflicting CPU frequencies detected, using: 1699.97
[1444263041.829080] [node055:27012:0]         mxm.c:185  MXM  WARN  The 'ulimit -s' on the system is set to 'unlimited'. This may have negative performance implications. Please set the heap size to the default value (10240) 
[1444263041.828295] [node026:32105:0]         sys.c:719  MXM  WARN  Conflicting CPU frequencies detected, using: 1551.56
[1444263041.832266] [node026:32105:0]         mxm.c:185  MXM  WARN  The 'ulimit -s' on the system is set to 'unlimited'. This may have negative performance implications. Please set the heap size to the default value (10240) 
[1444263041.821242] [node030:21193:0]         sys.c:719  MXM  WARN  Conflicting CPU frequencies detected, using: 1981.03
[1444263041.827836] [node030:21193:0]         mxm.c:185  MXM  WARN  The 'ulimit -s' on the system is set to 'unlimited'. This may have negative performance implications. Please set the heap size to the default value (10240) 
[1444263041.821245] [node039:21683:0]         sys.c:719  MXM  WARN  Conflicting CPU frequencies detected, using: 1598.91
[1444263041.827655] [node039:21683:0]         mxm.c:185  MXM  WARN  The 'ulimit -s' on the system is set to 'unlimited'. This may have negative performance implications. Please set the heap size to the default value (10240) 
[1444263041.835651] [node036:22595:0]         sys.c:719  MXM  WARN  Conflicting CPU frequencies detected, using: 1734.75
[1444263041.839282] [node036:22595:0]         mxm.c:185  MXM  WARN  The 'ulimit -s' on the system is set to 'unlimited'. This may have negative performance implications. Please set the heap size to the default value (10240) 
[1444263041.839524] [node029:14514:0]         sys.c:719  MXM  WARN  Conflicting CPU frequencies detected, using: 1888.41
[1444263041.842827] [node029:14514:0]         mxm.c:185  MXM  WARN  The 'ulimit -s' on the system is set to 'unlimited'. This may have negative performance implications. Please set the heap size to the default value (10240) 
[1444263041.829508] [node044:16817:0]         sys.c:719  MXM  WARN  Conflicting CPU frequencies detected, using: 1702.50
[1444263041.835978] [node044:16817:0]         mxm.c:185  MXM  WARN  The 'ulimit -s' on the system is set to 'unlimited'. This may have negative performance implications. Please set the heap size to the default value (10240) 
[1444263041.825467] [node068:13441:0]         sys.c:719  MXM  WARN  Conflicting CPU frequencies detected, using: 1648.12
[1444263041.831126] [node068:13441:0]         mxm.c:185  MXM  WARN  The 'ulimit -s' on the system is set to 'unlimited'. This may have negative performance implications. Please set the heap size to the default value (10240) 
[1444263041.860300] [node035:24234:0]         sys.c:719  MXM  WARN  Conflicting CPU frequencies detected, using: 2400.00
[1444263041.864415] [node035:24234:0]         mxm.c:185  MXM  WARN  The 'ulimit -s' on the system is set to 'unlimited'. This may have negative performance implications. Please set the heap size to the default value (10240) 
[1444263041.841103] [node055:27022:0]         sys.c:719  MXM  WARN  Conflicting CPU frequencies detected, using: 1876.69
[1444263041.848243] [node055:27022:0]         mxm.c:185  MXM  WARN  The 'ulimit -s' on the system is set to 'unlimited'. This may have negative performance implications. Please set the heap size to the default value (10240) 
[1444263041.837977] [node030:21207:0]         sys.c:719  MXM  WARN  Conflicting CPU frequencies detected, using: 1981.03
[1444263041.844036] [node030:21207:0]         mxm.c:185  MXM  WARN  The 'ulimit -s' on the system is set to 'unlimited'. This may have negative performance implications. Please set the heap size to the default value (10240) 
[1444263041.843110] [node042:14946:0]         sys.c:719  MXM  WARN  Conflicting CPU frequencies detected, using: 1895.72
[1444263041.848550] [node042:14946:0]         mxm.c:185  MXM  WARN  The 'ulimit -s' on the system is set to 'unlimited'. This may have negative performance implications. Please set the heap size to the default value (10240) 
[1444263041.846081] [node045:15198:0]         sys.c:719  MXM  WARN  Conflicting CPU frequencies detected, using: 1798.50
[1444263041.851505] [node045:15198:0]         mxm.c:185  MXM  WARN  The 'ulimit -s' on the system is set to 'unlimited'. This may have negative performance implications. Please set the heap size to the default value (10240) 
[1444263041.860174] [node036:22616:0]         sys.c:719  MXM  WARN  Conflicting CPU frequencies detected, using: 1899.84
[1444263041.864079] [node036:22616:0]         mxm.c:185  MXM  WARN  The 'ulimit -s' on the system is set to 'unlimited'. This may have negative performance implications. Please set the heap size to the default value (10240) 
[1444263041.853469] [node065:2914 :0]         sys.c:719  MXM  WARN  Conflicting CPU frequencies detected, using: 2109.47
[1444263041.857559] [node065:2914 :0]         mxm.c:185  MXM  WARN  The 'ulimit -s' on the system is set to 'unlimited'. This may have negative performance implications. Please set the heap size to the default value (10240) 
[1444263041.837273] [node032:27056:0]         sys.c:719  MXM  WARN  Conflicting CPU frequencies detected, using: 1800.00
[1444263041.843221] [node032:27056:0]         mxm.c:185  MXM  WARN  The 'ulimit -s' on the system is set to 'unlimited'. This may have negative performance implications. Please set the heap size to the default value (10240) 
[1444263041.858400] [node041:18338:0]         sys.c:719  MXM  WARN  Conflicting CPU frequencies detected, using: 2883.66
[1444263041.865013] [node041:18338:0]         mxm.c:185  MXM  WARN  The 'ulimit -s' on the system is set to 'unlimited'. This may have negative performance implications. Please set the heap size to the default value (10240) 
[1444263041.853240] [node056:22963:0]         sys.c:719  MXM  WARN  Conflicting CPU frequencies detected, using: 2083.03
[1444263041.859549] [node056:22963:0]         mxm.c:185  MXM  WARN  The 'ulimit -s' on the system is set to 'unlimited'. This may have negative performance implications. Please set the heap size to the default value (10240) 
[1444263041.852945] [node055:27045:0]         sys.c:719  MXM  WARN  Conflicting CPU frequencies detected, using: 1900.59
[1444263041.860641] [node055:27045:0]         mxm.c:185  MXM  WARN  The 'ulimit -s' on the system is set to 'unlimited'. This may have negative performance implications. Please set the heap size to the default value (10240) 
[1444263041.861397] [node041:18339:0]         sys.c:719  MXM  WARN  Conflicting CPU frequencies detected, using: 2883.66
[1444263041.868167] [node041:18339:0]         mxm.c:185  MXM  WARN  The 'ulimit -s' on the system is set to 'unlimited'. This may have negative performance implications. Please set the heap size to the default value (10240) 
[1444263041.862061] [node065:2916 :0]         sys.c:719  MXM  WARN  Conflicting CPU frequencies detected, using: 2109.47
[1444263041.866466] [node065:2916 :0]         mxm.c:185  MXM  WARN  The 'ulimit -s' on the system is set to 'unlimited'. This may have negative performance implications. Please set the heap size to the default value (10240) 
[1444263041.860057] [node039:21700:0]         sys.c:719  MXM  WARN  Conflicting CPU frequencies detected, using: 2236.03
[1444263041.865636] [node039:21700:0]         mxm.c:185  MXM  WARN  The 'ulimit -s' on the system is set to 'unlimited'. This may have negative performance implications. Please set the heap size to the default value (10240) 
[1444263041.847038] [node032:27070:0]         sys.c:719  MXM  WARN  Conflicting CPU frequencies detected, using: 1898.44
[1444263041.854659] [node032:27070:0]         mxm.c:185  MXM  WARN  The 'ulimit -s' on the system is set to 'unlimited'. This may have negative performance implications. Please set the heap size to the default value (10240) 
[1444263041.865815] [node039:21707:0]         sys.c:719  MXM  WARN  Conflicting CPU frequencies detected, using: 2288.34
[1444263041.872023] [node039:21707:0]         mxm.c:185  MXM  WARN  The 'ulimit -s' on the system is set to 'unlimited'. This may have negative performance implications. Please set the heap size to the default value (10240) 
[1444263041.858223] [node045:15210:0]         sys.c:719  MXM  WARN  Conflicting CPU frequencies detected, using: 1831.50
[1444263041.864514] [node045:15210:0]         mxm.c:185  MXM  WARN  The 'ulimit -s' on the system is set to 'unlimited'. This may have negative performance implications. Please set the heap size to the default value (10240) 
[1444263041.869149] [node039:21708:0]         sys.c:719  MXM  WARN  Conflicting CPU frequencies detected, using: 2299.97
[1444263041.876913] [node039:21708:0]         mxm.c:185  MXM  WARN  The 'ulimit -s' on the system is set to 'unlimited'. This may have negative performance implications. Please set the heap size to the default value (10240) 
[1444263041.858402] [node040:24349:0]         sys.c:719  MXM  WARN  Conflicting CPU frequencies detected, using: 1696.50
[1444263041.864694] [node040:24349:0]         mxm.c:185  MXM  WARN  The 'ulimit -s' on the system is set to 'unlimited'. This may have negative performance implications. Please set the heap size to the default value (10240) 
[1444263041.858075] [node042:14963:0]         sys.c:719  MXM  WARN  Conflicting CPU frequencies detected, using: 1985.34
[1444263041.864882] [node042:14963:0]         mxm.c:185  MXM  WARN  The 'ulimit -s' on the system is set to 'unlimited'. This may have negative performance implications. Please set the heap size to the default value (10240) 
[1444263041.867648] [node067:18117:0]         sys.c:719  MXM  WARN  Conflicting CPU frequencies detected, using: 1899.94
[1444263041.873566] [node067:18117:0]         mxm.c:185  MXM  WARN  The 'ulimit -s' on the system is set to 'unlimited'. This may have negative performance implications. Please set the heap size to the default value (10240) 
[1444263041.870771] [node037:24754:0]         sys.c:719  MXM  WARN  Conflicting CPU frequencies detected, using: 1625.62
[1444263041.874137] [node037:24754:0]         mxm.c:185  MXM  WARN  The 'ulimit -s' on the system is set to 'unlimited'. This may have negative performance implications. Please set the heap size to the default value (10240) 
[1444263041.859478] [node042:14959:0]         sys.c:719  MXM  WARN  Conflicting CPU frequencies detected, using: 1985.34
[1444263041.867371] [node042:14959:0]         mxm.c:185  MXM  WARN  The 'ulimit -s' on the system is set to 'unlimited'. This may have negative performance implications. Please set the heap size to the default value (10240) 
[1444263041.864580] [node068:13458:0]         sys.c:719  MXM  WARN  Conflicting CPU frequencies detected, using: 1648.12
[1444263041.870411] [node068:13458:0]         mxm.c:185  MXM  WARN  The 'ulimit -s' on the system is set to 'unlimited'. This may have negative performance implications. Please set the heap size to the default value (10240) 
[1444263041.869048] [node037:24753:0]         sys.c:719  MXM  WARN  Conflicting CPU frequencies detected, using: 1625.62
[1444263041.872986] [node037:24753:0]         mxm.c:185  MXM  WARN  The 'ulimit -s' on the system is set to 'unlimited'. This may have negative performance implications. Please set the heap size to the default value (10240) 
[1444263041.871543] [node067:18116:0]         sys.c:719  MXM  WARN  Conflicting CPU frequencies detected, using: 1899.94
[1444263041.877306] [node067:18116:0]         mxm.c:185  MXM  WARN  The 'ulimit -s' on the system is set to 'unlimited'. This may have negative performance implications. Please set the heap size to the default value (10240) 
[1444263041.864087] [node066:19961:0]         sys.c:719  MXM  WARN  Conflicting CPU frequencies detected, using: 1596.94
[1444263041.870673] [node066:19961:0]         mxm.c:185  MXM  WARN  The 'ulimit -s' on the system is set to 'unlimited'. This may have negative performance implications. Please set the heap size to the default value (10240) 
[1444263041.890099] [node026:32133:0]         sys.c:719  MXM  WARN  Conflicting CPU frequencies detected, using: 1685.44
[1444263041.893913] [node026:32133:0]         mxm.c:185  MXM  WARN  The 'ulimit -s' on the system is set to 'unlimited'. This may have negative performance implications. Please set the heap size to the default value (10240) 
[1444263041.871278] [node068:13464:0]         sys.c:719  MXM  WARN  Conflicting CPU frequencies detected, using: 1648.12
[1444263041.877692] [node068:13464:0]         mxm.c:185  MXM  WARN  The 'ulimit -s' on the system is set to 'unlimited'. This may have negative performance implications. Please set the heap size to the default value (10240) 
[1444263041.875211] [node038:16065:0]         sys.c:719  MXM  WARN  Conflicting CPU frequencies detected, using: 1699.31
[1444263041.882810] [node038:16065:0]         mxm.c:185  MXM  WARN  The 'ulimit -s' on the system is set to 'unlimited'. This may have negative performance implications. Please set the heap size to the default value (10240) 
[1444263041.871093] [node034:20596:0]         sys.c:719  MXM  WARN  Conflicting CPU frequencies detected, using: 1599.00
[1444263041.879244] [node034:20596:0]         mxm.c:185  MXM  WARN  The 'ulimit -s' on the system is set to 'unlimited'. This may have negative performance implications. Please set the heap size to the default value (10240) 
[1444263041.887231] [node053:27500:0]         sys.c:719  MXM  WARN  Conflicting CPU frequencies detected, using: 1678.03
[1444263041.891534] [node053:27500:0]         mxm.c:185  MXM  WARN  The 'ulimit -s' on the system is set to 'unlimited'. This may have negative performance implications. Please set the heap size to the default value (10240) 
[1444263041.872049] [node034:20595:0]         sys.c:719  MXM  WARN  Conflicting CPU frequencies detected, using: 1611.66
[1444263041.880035] [node034:20595:0]         mxm.c:185  MXM  WARN  The 'ulimit -s' on the system is set to 'unlimited'. This may have negative performance implications. Please set the heap size to the default value (10240) 
[1444263041.876279] [node038:16066:0]         sys.c:719  MXM  WARN  Conflicting CPU frequencies detected, using: 1699.31
[1444263041.883795] [node038:16066:0]         mxm.c:185  MXM  WARN  The 'ulimit -s' on the system is set to 'unlimited'. This may have negative performance implications. Please set the heap size to the default value (10240) 
[1444263041.877392] [node043:17579:0]         sys.c:719  MXM  WARN  Conflicting CPU frequencies detected, using: 1800.00
[1444263041.884718] [node043:17579:0]         mxm.c:185  MXM  WARN  The 'ulimit -s' on the system is set to 'unlimited'. This may have negative performance implications. Please set the heap size to the default value (10240) 
[1444263041.884375] [node040:24358:0]         sys.c:719  MXM  WARN  Conflicting CPU frequencies detected, using: 1800.00
[1444263041.889978] [node040:24358:0]         mxm.c:185  MXM  WARN  The 'ulimit -s' on the system is set to 'unlimited'. This may have negative performance implications. Please set the heap size to the default value (10240) 
[1444263041.883353] [node043:17593:0]         sys.c:719  MXM  WARN  Conflicting CPU frequencies detected, using: 1800.00
[1444263041.890224] [node043:17593:0]         mxm.c:185  MXM  WARN  The 'ulimit -s' on the system is set to 'unlimited'. This may have negative performance implications. Please set the heap size to the default value (10240) 
[1444263041.878971] [node043:17578:0]         sys.c:719  MXM  WARN  Conflicting CPU frequencies detected, using: 1800.00
[1444263041.887994] [node043:17578:0]         mxm.c:185  MXM  WARN  The 'ulimit -s' on the system is set to 'unlimited'. This may have negative performance implications. Please set the heap size to the default value (10240) 
[1444263041.877434] [node064:7375 :0]         sys.c:719  MXM  WARN  Conflicting CPU frequencies detected, using: 1708.97
[1444263041.887869] [node064:7375 :0]         mxm.c:185  MXM  WARN  The 'ulimit -s' on the system is set to 'unlimited'. This may have negative performance implications. Please set the heap size to the default value (10240) 
[1444263041.891293] [node040:24371:0]         sys.c:719  MXM  WARN  Conflicting CPU frequencies detected, using: 1800.00
[1444263041.901180] [node040:24371:0]         mxm.c:185  MXM  WARN  The 'ulimit -s' on the system is set to 'unlimited'. This may have negative performance implications. Please set the heap size to the default value (10240) 
[1444263041.877352] [node064:7380 :0]         sys.c:719  MXM  WARN  Conflicting CPU frequencies detected, using: 1708.97
[1444263041.886162] [node064:7380 :0]         mxm.c:185  MXM  WARN  The 'ulimit -s' on the system is set to 'unlimited'. This may have negative performance implications. Please set the heap size to the default value (10240) 
[1444263041.888865] [node034:20629:0]         sys.c:719  MXM  WARN  Conflicting CPU frequencies detected, using: 1611.66
[1444263041.894898] [node034:20629:0]         mxm.c:185  MXM  WARN  The 'ulimit -s' on the system is set to 'unlimited'. This may have negative performance implications. Please set the heap size to the default value (10240) 
[1444263041.879575] [node064:7377 :0]         sys.c:719  MXM  WARN  Conflicting CPU frequencies detected, using: 1708.97
[1444263041.888652] [node064:7377 :0]         mxm.c:185  MXM  WARN  The 'ulimit -s' on the system is set to 'unlimited'. This may have negative performance implications. Please set the heap size to the default value (10240) 
[1444263041.894482] [node066:19979:0]         sys.c:719  MXM  WARN  Conflicting CPU frequencies detected, using: 1596.94
[1444263041.900957] [node066:19979:0]         mxm.c:185  MXM  WARN  The 'ulimit -s' on the system is set to 'unlimited'. This may have negative performance implications. Please set the heap size to the default value (10240) 
[1444263041.892605] [node040:24368:0]         sys.c:719  MXM  WARN  Conflicting CPU frequencies detected, using: 1800.00
[1444263041.904166] [node040:24368:0]         mxm.c:185  MXM  WARN  The 'ulimit -s' on the system is set to 'unlimited'. This may have negative performance implications. Please set the heap size to the default value (10240) 
[1444263041.899456] [node038:16098:0]         sys.c:719  MXM  WARN  Conflicting CPU frequencies detected, using: 1699.31
[1444263041.906550] [node038:16098:0]         mxm.c:185  MXM  WARN  The 'ulimit -s' on the system is set to 'unlimited'. This may have negative performance implications. Please set the heap size to the default value (10240) 
[1444263041.918162] [node043:17628:0]         sys.c:719  MXM  WARN  Conflicting CPU frequencies detected, using: 1992.28
[1444263041.924651] [node043:17628:0]         mxm.c:185  MXM  WARN  The 'ulimit -s' on the system is set to 'unlimited'. This may have negative performance implications. Please set the heap size to the default value (10240) 
[1444263041.908970] [node038:16105:0]         sys.c:719  MXM  WARN  Conflicting CPU frequencies detected, using: 1699.97
[1444263041.917833] [node038:16105:0]         mxm.c:185  MXM  WARN  The 'ulimit -s' on the system is set to 'unlimited'. This may have negative performance implications. Please set the heap size to the default value (10240) 
UPCR: UPC thread  15 of 128 on node026 (pshm node  3 of 32, process  15 of 128, pid=32064)
UPCR: UPC thread  13 of 128 on node026 (pshm node  3 of 32, process  13 of 128, pid=32133)
UPCR: UPC thread   0 of 128 on node016 (pshm node  0 of 32, process   0 of 128, pid=14440)
UPCR: UPC thread   3 of 128 on node016 (pshm node  0 of 32, process   3 of 128, pid=14443)
UPCR: UPC thread   1 of 128 on node016 (pshm node  0 of 32, process   1 of 128, pid=14441)
UPCR: UPC thread  14 of 128 on node026 (pshm node  3 of 32, process  14 of 128, pid=32088)
UPCR: UPC thread   2 of 128 on node016 (pshm node  0 of 32, process   2 of 128, pid=14442)
UPCR: UPC thread  76 of 128 on node042 (pshm node 19 of 32, process  76 of 128, pid=14925)
UPCR: UPC thread  12 of 128 on node026 (pshm node  3 of 32, process  12 of 128, pid=32105)
UPCR: UPC thread  49 of 128 on node035 (pshm node 12 of 32, process  49 of 128, pid=24200)
UPCR: UPC thread  79 of 128 on node042 (pshm node 19 of 32, process  79 of 128, pid=14963)
UPCR: UPC thread  77 of 128 on node042 (pshm node 19 of 32, process  77 of 128, pid=14959)
UPCR: UPC thread 113 of 128 on node065 (pshm node 28 of 32, process 113 of 128, pid=2914)
UPCR: UPC thread  51 of 128 on node035 (pshm node 12 of 32, process  51 of 128, pid=24214)
UPCR: UPC thread  78 of 128 on node042 (pshm node 19 of 32, process  78 of 128, pid=14946)
UPCR: UPC thread 110 of 128 on node064 (pshm node 27 of 32, process 110 of 128, pid=7375)
UPCR: UPC thread  45 of 128 on node034 (pshm node 11 of 32, process  45 of 128, pid=20595)
UPCR: UPC thread 108 of 128 on node064 (pshm node 27 of 32, process 108 of 128, pid=7377)
UPCR: UPC thread  48 of 128 on node035 (pshm node 12 of 32, process  48 of 128, pid=24234)
UPCR: UPC thread 114 of 128 on node065 (pshm node 28 of 32, process 114 of 128, pid=2865)
UPCR: UPC thread  44 of 128 on node034 (pshm node 11 of 32, process  44 of 128, pid=20596)
UPCR: UPC thread  17 of 128 on node027 (pshm node  4 of 32, process  17 of 128, pid=27454)
UPCR: UPC thread  50 of 128 on node035 (pshm node 12 of 32, process  50 of 128, pid=24176)
UPCR: UPC thread  30 of 128 on node030 (pshm node  7 of 32, process  30 of 128, pid=21207)
UPCR: UPC thread  46 of 128 on node034 (pshm node 11 of 32, process  46 of 128, pid=20571)
UPCR: UPC thread  28 of 128 on node030 (pshm node  7 of 32, process  28 of 128, pid=21162)
UPCR: UPC thread  19 of 128 on node027 (pshm node  4 of 32, process  19 of 128, pid=27503)
UPCR: UPC thread  29 of 128 on node030 (pshm node  7 of 32, process  29 of 128, pid=21193)
UPCR: UPC thread   9 of 128 on node019 (pshm node  2 of 32, process   9 of 128, pid=18651)
UPCR: UPC thread  83 of 128 on node043 (pshm node 20 of 32, process  83 of 128, pid=17593)
UPCR: UPC thread  18 of 128 on node027 (pshm node  4 of 32, process  18 of 128, pid=27504)
UPCR: UPC thread   8 of 128 on node019 (pshm node  2 of 32, process   8 of 128, pid=18695)
UPCR: UPC thread  99 of 128 on node054 (pshm node 24 of 32, process  99 of 128, pid=26898)
UPCR: UPC thread  22 of 128 on node028 (pshm node  5 of 32, process  22 of 128, pid=24990)
UPCR: UPC thread  60 of 128 on node038 (pshm node 15 of 32, process  60 of 128, pid=16066)
UPCR: UPC thread  75 of 128 on node041 (pshm node 18 of 32, process  75 of 128, pid=18299)
UPCR: UPC thread  81 of 128 on node043 (pshm node 20 of 32, process  81 of 128, pid=17579)
UPCR: UPC thread  20 of 128 on node028 (pshm node  5 of 32, process  20 of 128, pid=24966)
UPCR: UPC thread  47 of 128 on node034 (pshm node 11 of 32, process  47 of 128, pid=20629)
UPCR: UPC thread  62 of 128 on node038 (pshm node 15 of 32, process  62 of 128, pid=16065)
UPCR: UPC thread  16 of 128 on node027 (pshm node  4 of 32, process  16 of 128, pid=27478)
UPCR: UPC thread  31 of 128 on node030 (pshm node  7 of 32, process  31 of 128, pid=21145)
UPCR: UPC thread  97 of 128 on node054 (pshm node 24 of 32, process  97 of 128, pid=26850)
UPCR: UPC thread  10 of 128 on node019 (pshm node  2 of 32, process  10 of 128, pid=18652)
UPCR: UPC thread  24 of 128 on node029 (pshm node  6 of 32, process  24 of 128, pid=14460)
UPCR: UPC thread  25 of 128 on node029 (pshm node  6 of 32, process  25 of 128, pid=14452)
UPCR: UPC thread  85 of 128 on node044 (pshm node 21 of 32, process  85 of 128, pid=16785)
UPCR: UPC thread  74 of 128 on node041 (pshm node 18 of 32, process  74 of 128, pid=18298)
UPCR: UPC thread  63 of 128 on node038 (pshm node 15 of 32, process  63 of 128, pid=16098)
UPCR: UPC thread  52 of 128 on node036 (pshm node 13 of 32, process  52 of 128, pid=22616)
UPCR: UPC thread  93 of 128 on node053 (pshm node 23 of 32, process  93 of 128, pid=27500)
UPCR: UPC thread  80 of 128 on node043 (pshm node 20 of 32, process  80 of 128, pid=17578)
UPCR: UPC thread  84 of 128 on node044 (pshm node 21 of 32, process  84 of 128, pid=16759)
UPCR: UPC thread  91 of 128 on node045 (pshm node 22 of 32, process  91 of 128, pid=15176)
UPCR: UPC thread  11 of 128 on node019 (pshm node  2 of 32, process  11 of 128, pid=18629)
UPCR: UPC thread 102 of 128 on node055 (pshm node 25 of 32, process 102 of 128, pid=26994)
UPCR: UPC thread 100 of 128 on node055 (pshm node 25 of 32, process 100 of 128, pid=27045)
UPCR: UPC thread  86 of 128 on node044 (pshm node 21 of 32, process  86 of 128, pid=16784)
UPCR: UPC thread  27 of 128 on node029 (pshm node  6 of 32, process  27 of 128, pid=14500)
UPCR: UPC thread  43 of 128 on node033 (pshm node 10 of 32, process  43 of 128, pid=27893)
UPCR: UPC thread  96 of 128 on node054 (pshm node 24 of 32, process  96 of 128, pid=26904)
UPCR: UPC thread  54 of 128 on node036 (pshm node 13 of 32, process  54 of 128, pid=22595)
UPCR: UPC thread  72 of 128 on node041 (pshm node 18 of 32, process  72 of 128, pid=18338)
UPCR: UPC thread 101 of 128 on node055 (pshm node 25 of 32, process 101 of 128, pid=27012)
UPCR: UPC thread  21 of 128 on node028 (pshm node  5 of 32, process  21 of 128, pid=24941)
UPCR: UPC thread  87 of 128 on node044 (pshm node 21 of 32, process  87 of 128, pid=16817)
UPCR: UPC thread  57 of 128 on node037 (pshm node 14 of 32, process  57 of 128, pid=24705)
UPCR: UPC thread  94 of 128 on node053 (pshm node 23 of 32, process  94 of 128, pid=27428)
UPCR: UPC thread  92 of 128 on node053 (pshm node 23 of 32, process  92 of 128, pid=27475)
UPCR: UPC thread  33 of 128 on node031 (pshm node  8 of 32, process  33 of 128, pid=28601)
UPCR: UPC thread  82 of 128 on node043 (pshm node 20 of 32, process  82 of 128, pid=17628)
UPCR: UPC thread  41 of 128 on node033 (pshm node 10 of 32, process  41 of 128, pid=27903)
UPCR: UPC thread  38 of 128 on node032 (pshm node  9 of 32, process  38 of 128, pid=27056)
UPCR: UPC thread  23 of 128 on node028 (pshm node  5 of 32, process  23 of 128, pid=24918)
UPCR: UPC thread  73 of 128 on node041 (pshm node 18 of 32, process  73 of 128, pid=18339)
UPCR: UPC thread  89 of 128 on node045 (pshm node 22 of 32, process  89 of 128, pid=15198)
UPCR: UPC thread  40 of 128 on node033 (pshm node 10 of 32, process  40 of 128, pid=27869)
UPCR: UPC thread 112 of 128 on node065 (pshm node 28 of 32, process 112 of 128, pid=2916)
UPCR: UPC thread 115 of 128 on node065 (pshm node 28 of 32, process 115 of 128, pid=2889)
UPCR: UPC thread 109 of 128 on node064 (pshm node 27 of 32, process 109 of 128, pid=7350)
UPCR: UPC thread  98 of 128 on node054 (pshm node 24 of 32, process  98 of 128, pid=26871)
UPCR: UPC thread  58 of 128 on node037 (pshm node 14 of 32, process  58 of 128, pid=24753)
UPCR: UPC thread  42 of 128 on node033 (pshm node 10 of 32, process  42 of 128, pid=27941)
UPCR: UPC thread 111 of 128 on node064 (pshm node 27 of 32, process 111 of 128, pid=7380)
UPCR: UPC thread  64 of 128 on node039 (pshm node 16 of 32, process  64 of 128, pid=21707)
UPCR: UPC thread  39 of 128 on node032 (pshm node  9 of 32, process  39 of 128, pid=27015)
UPCR: UPC thread 123 of 128 on node067 (pshm node 30 of 32, process 123 of 128, pid=18069)
UPCR: UPC thread 125 of 128 on node068 (pshm node 31 of 32, process 125 of 128, pid=13417)
UPCR: UPC thread 107 of 128 on node056 (pshm node 26 of 32, process 107 of 128, pid=22936)
UPCR: UPC thread   6 of 128 on node018 (pshm node  1 of 32, process   6 of 128, pid=3735)
UPCR: UPC thread  70 of 128 on node040 (pshm node 17 of 32, process  70 of 128, pid=24349)
UPCR: UPC thread  53 of 128 on node036 (pshm node 13 of 32, process  53 of 128, pid=22578)
UPCR: UPC thread  67 of 128 on node039 (pshm node 16 of 32, process  67 of 128, pid=21683)
UPCR: UPC thread 119 of 128 on node066 (pshm node 29 of 32, process 119 of 128, pid=19938)
UPCR: UPC thread  26 of 128 on node029 (pshm node  6 of 32, process  26 of 128, pid=14514)
UPCR: UPC thread  88 of 128 on node045 (pshm node 22 of 32, process  88 of 128, pid=15210)
UPCR: UPC thread  34 of 128 on node031 (pshm node  8 of 32, process  34 of 128, pid=28584)
UPCR: UPC thread  71 of 128 on node040 (pshm node 17 of 32, process  71 of 128, pid=24368)
UPCR: UPC thread 103 of 128 on node055 (pshm node 25 of 32, process 103 of 128, pid=27022)
UPCR: UPC thread 104 of 128 on node056 (pshm node 26 of 32, process 104 of 128, pid=22908)
UPCR: UPC thread  32 of 128 on node031 (pshm node  8 of 32, process  32 of 128, pid=28631)
UPCR: UPC thread   7 of 128 on node018 (pshm node  1 of 32, process   7 of 128, pid=3714)
UPCR: UPC thread 124 of 128 on node068 (pshm node 31 of 32, process 124 of 128, pid=13441)
UPCR: UPC thread  59 of 128 on node037 (pshm node 14 of 32, process  59 of 128, pid=24754)
UPCR: UPC thread 106 of 128 on node056 (pshm node 26 of 32, process 106 of 128, pid=22902)
UPCR: UPC thread  68 of 128 on node040 (pshm node 17 of 32, process  68 of 128, pid=24358)
UPCR: UPC thread 126 of 128 on node068 (pshm node 31 of 32, process 126 of 128, pid=13464)
UPCR: UPC thread  69 of 128 on node040 (pshm node 17 of 32, process  69 of 128, pid=24371)
UPCR: UPC thread   4 of 128 on node018 (pshm node  1 of 32, process   4 of 128, pid=3771)
UPCR: UPC thread  56 of 128 on node037 (pshm node 14 of 32, process  56 of 128, pid=24729)
UPCR: UPC thread  95 of 128 on node053 (pshm node 23 of 32, process  95 of 128, pid=27452)
UPCR: UPC thread  55 of 128 on node036 (pshm node 13 of 32, process  55 of 128, pid=22554)
UPCR: UPC thread 120 of 128 on node067 (pshm node 30 of 32, process 120 of 128, pid=18117)
UPCR: UPC thread 117 of 128 on node066 (pshm node 29 of 32, process 117 of 128, pid=19979)
UPCR: UPC thread 127 of 128 on node068 (pshm node 31 of 32, process 127 of 128, pid=13458)
UPCR: UPC thread 121 of 128 on node067 (pshm node 30 of 32, process 121 of 128, pid=18073)
UPCR: UPC thread 122 of 128 on node067 (pshm node 30 of 32, process 122 of 128, pid=18116)
UPCR: UPC thread  61 of 128 on node038 (pshm node 15 of 32, process  61 of 128, pid=16105)
UPCR: UPC thread  35 of 128 on node031 (pshm node  8 of 32, process  35 of 128, pid=28644)
UPCR: UPC thread  90 of 128 on node045 (pshm node 22 of 32, process  90 of 128, pid=15153)
UPCR: UPC thread  36 of 128 on node032 (pshm node  9 of 32, process  36 of 128, pid=27039)
UPCR: UPC thread 118 of 128 on node066 (pshm node 29 of 32, process 118 of 128, pid=19961)
UPCR: UPC thread 105 of 128 on node056 (pshm node 26 of 32, process 105 of 128, pid=22963)
UPCR: UPC thread  65 of 128 on node039 (pshm node 16 of 32, process  65 of 128, pid=21708)
UPCR: UPC thread  37 of 128 on node032 (pshm node  9 of 32, process  37 of 128, pid=27070)
UPCR: UPC thread 116 of 128 on node066 (pshm node 29 of 32, process 116 of 128, pid=19914)
UPCR: UPC thread   5 of 128 on node018 (pshm node  1 of 32, process   5 of 128, pid=3690)
UPCR: UPC thread  66 of 128 on node039 (pshm node 16 of 32, process  66 of 128, pid=21700)
Initializing models/schedule_world.3.8-rgs.bdd!
Vector size: 34
Bits per integer: 8
Number of BDD variables: 272
Loading initial states: 
Initial states loaded... 
Loading transition relations... 
34 integers per state, 8 bits per integer, 34 transition groups
BDD nodes:
Initial states: 272 BDD nodes
Transition 0: 230 BDD nodes
Transition 1: 113 BDD nodes
Transition 2: 96 BDD nodes
Transition 3: 96 BDD nodes
Transition 4: 107 BDD nodes
Transition 5: 139 BDD nodes
Transition 6: 96 BDD nodes
Transition 7: 123 BDD nodes
Transition 8: 91 BDD nodes
Transition 9: 1008 BDD nodes
Transition 10: 218 BDD nodes
Transition 11: 141 BDD nodes
Transition 12: 113 BDD nodes
Transition 13: 96 BDD nodes
Transition 14: 96 BDD nodes
Transition 15: 123 BDD nodes
Transition 16: 107 BDD nodes
Transition 17: 91 BDD nodes
Transition 18: 95 BDD nodes
Transition 19: 95 BDD nodes
Transition 20: 112 BDD nodes
Transition 21: 112 BDD nodes
Transition 22: 123 BDD nodes
Transition 23: 123 BDD nodes
Transition 24: 107 BDD nodes
Transition 25: 107 BDD nodes
Transition 26: 234 BDD nodes
Transition 27: 234 BDD nodes
Transition 28: 96 BDD nodes
Transition 29: 96 BDD nodes
Transition 30: 154 BDD nodes
Transition 31: 154 BDD nodes
Transition 32: 91 BDD nodes
Transition 33: 91 BDD nodes
Level 1... done. 
Level 2... done. 
Level 3... done. 
Level 4... done. 
Level 5... done. 
Level 6... done. 
Level 7... done. 
Level 8... done. 
Level 9... done. 
Level 10... done. 
Level 11... done. 
Level 12... done. 
Level 13... done. 
Level 14... done. 
Level 15... done. 
Level 16... done. 
Level 17... done. 
Level 18... done. 
Level 19... done. 
Level 20... done. 
Level 21... done. 
Level 22... done. 
Level 23... done. 
PAR Time: 50.747051
Final states: 166649331 states
Final states: 28500 BDD nodes
[1444263040.730961] [node016:14395:0]         sys.c:719  MXM  WARN  Conflicting CPU frequencies detected, using: 2606.06
