[1444258979.591149] [node018:32493:0]         sys.c:719  MXM  WARN  Conflicting CPU frequencies detected, using: 1520.91
[1444258979.617671] [node018:32493:0]         mxm.c:185  MXM  WARN  The 'ulimit -s' on the system is set to 'unlimited'. This may have negative performance implications. Please set the heap size to the default value (10240) 
[1444258979.591452] [node018:32494:0]         sys.c:719  MXM  WARN  Conflicting CPU frequencies detected, using: 1520.91
[1444258979.620487] [node018:32494:0]         mxm.c:185  MXM  WARN  The 'ulimit -s' on the system is set to 'unlimited'. This may have negative performance implications. Please set the heap size to the default value (10240) 
[1444258979.591842] [node018:32499:0]         sys.c:719  MXM  WARN  Conflicting CPU frequencies detected, using: 1520.91
[1444258979.632200] [node018:32499:0]         mxm.c:185  MXM  WARN  The 'ulimit -s' on the system is set to 'unlimited'. This may have negative performance implications. Please set the heap size to the default value (10240) 
[1444258979.594271] [node018:32498:0]         sys.c:719  MXM  WARN  Conflicting CPU frequencies detected, using: 1582.03
[1444258979.631481] [node018:32498:0]         mxm.c:185  MXM  WARN  The 'ulimit -s' on the system is set to 'unlimited'. This may have negative performance implications. Please set the heap size to the default value (10240) 
[1444258979.591286] [node018:32492:0]         sys.c:719  MXM  WARN  Conflicting CPU frequencies detected, using: 1520.91
[1444258979.633194] [node018:32492:0]         mxm.c:185  MXM  WARN  The 'ulimit -s' on the system is set to 'unlimited'. This may have negative performance implications. Please set the heap size to the default value (10240) 
[1444258979.592423] [node018:32497:0]         sys.c:719  MXM  WARN  Conflicting CPU frequencies detected, using: 1520.91
[1444258979.635615] [node018:32497:0]         mxm.c:185  MXM  WARN  The 'ulimit -s' on the system is set to 'unlimited'. This may have negative performance implications. Please set the heap size to the default value (10240) 
[1444258979.593442] [node018:32496:0]         sys.c:719  MXM  WARN  Conflicting CPU frequencies detected, using: 1520.91
[1444258979.636565] [node018:32496:0]         mxm.c:185  MXM  WARN  The 'ulimit -s' on the system is set to 'unlimited'. This may have negative performance implications. Please set the heap size to the default value (10240) 
[1444258979.591810] [node018:32495:0]         sys.c:719  MXM  WARN  Conflicting CPU frequencies detected, using: 1520.91
[1444258979.637616] [node018:32495:0]         mxm.c:185  MXM  WARN  The 'ulimit -s' on the system is set to 'unlimited'. This may have negative performance implications. Please set the heap size to the default value (10240) 
[1444258980.015275] [node027:23033:0]         sys.c:719  MXM  WARN  Conflicting CPU frequencies detected, using: 1596.00
[1444258980.019642] [node027:23033:0]         mxm.c:185  MXM  WARN  The 'ulimit -s' on the system is set to 'unlimited'. This may have negative performance implications. Please set the heap size to the default value (10240) 
[1444258980.016656] [node027:23037:0]         sys.c:719  MXM  WARN  Conflicting CPU frequencies detected, using: 1596.00
[1444258980.020788] [node027:23037:0]         mxm.c:185  MXM  WARN  The 'ulimit -s' on the system is set to 'unlimited'. This may have negative performance implications. Please set the heap size to the default value (10240) 
[1444258980.032496] [node019:14993:0]         sys.c:719  MXM  WARN  Conflicting CPU frequencies detected, using: 1871.62
[1444258980.035538] [node019:14993:0]         mxm.c:185  MXM  WARN  The 'ulimit -s' on the system is set to 'unlimited'. This may have negative performance implications. Please set the heap size to the default value (10240) 
[1444258980.028931] [node019:14994:0]         sys.c:719  MXM  WARN  Conflicting CPU frequencies detected, using: 1871.62
[1444258980.033018] [node019:14994:0]         mxm.c:185  MXM  WARN  The 'ulimit -s' on the system is set to 'unlimited'. This may have negative performance implications. Please set the heap size to the default value (10240) 
[1444258980.036453] [node019:15008:0]         sys.c:719  MXM  WARN  Conflicting CPU frequencies detected, using: 1937.62
[1444258980.043635] [node019:15008:0]         mxm.c:185  MXM  WARN  The 'ulimit -s' on the system is set to 'unlimited'. This may have negative performance implications. Please set the heap size to the default value (10240) 
[1444258980.038247] [node019:15026:0]         sys.c:719  MXM  WARN  Conflicting CPU frequencies detected, using: 1937.62
[1444258980.045379] [node019:15026:0]         mxm.c:185  MXM  WARN  The 'ulimit -s' on the system is set to 'unlimited'. This may have negative performance implications. Please set the heap size to the default value (10240) 
[1444258980.120030] [node028:20497:0]         sys.c:719  MXM  WARN  Conflicting CPU frequencies detected, using: 1695.47
[1444258980.123695] [node028:20497:0]         mxm.c:185  MXM  WARN  The 'ulimit -s' on the system is set to 'unlimited'. This may have negative performance implications. Please set the heap size to the default value (10240) 
[1444258980.138316] [node028:20514:0]         sys.c:719  MXM  WARN  Conflicting CPU frequencies detected, using: 1799.91
[1444258980.142067] [node028:20514:0]         mxm.c:185  MXM  WARN  The 'ulimit -s' on the system is set to 'unlimited'. This may have negative performance implications. Please set the heap size to the default value (10240) 
[1444258980.151127] [node028:20520:0]         sys.c:719  MXM  WARN  Conflicting CPU frequencies detected, using: 1799.91
[1444258980.154425] [node028:20520:0]         mxm.c:185  MXM  WARN  The 'ulimit -s' on the system is set to 'unlimited'. This may have negative performance implications. Please set the heap size to the default value (10240) 
[1444258980.141594] [node027:23081:0]         sys.c:719  MXM  WARN  Conflicting CPU frequencies detected, using: 1596.00
[1444258980.145818] [node027:23081:0]         mxm.c:185  MXM  WARN  The 'ulimit -s' on the system is set to 'unlimited'. This may have negative performance implications. Please set the heap size to the default value (10240) 
[1444258980.157227] [node028:20526:0]         sys.c:719  MXM  WARN  Conflicting CPU frequencies detected, using: 1897.03
[1444258980.161309] [node028:20526:0]         mxm.c:185  MXM  WARN  The 'ulimit -s' on the system is set to 'unlimited'. This may have negative performance implications. Please set the heap size to the default value (10240) 
[1444258980.195175] [node028:20575:0]         sys.c:719  MXM  WARN  Conflicting CPU frequencies detected, using: 2029.31
[1444258980.199334] [node028:20575:0]         mxm.c:185  MXM  WARN  The 'ulimit -s' on the system is set to 'unlimited'. This may have negative performance implications. Please set the heap size to the default value (10240) 
[1444258980.214891] [node028:20605:0]         sys.c:719  MXM  WARN  Conflicting CPU frequencies detected, using: 2100.00
[1444258980.218170] [node028:20605:0]         mxm.c:185  MXM  WARN  The 'ulimit -s' on the system is set to 'unlimited'. This may have negative performance implications. Please set the heap size to the default value (10240) 
[1444258980.211225] [node049:9849 :0]         sys.c:719  MXM  WARN  Conflicting CPU frequencies detected, using: 1672.59
[1444258980.215503] [node049:9849 :0]         mxm.c:185  MXM  WARN  The 'ulimit -s' on the system is set to 'unlimited'. This may have negative performance implications. Please set the heap size to the default value (10240) 
[1444258980.225916] [node019:15088:0]         sys.c:719  MXM  WARN  Conflicting CPU frequencies detected, using: 2388.00
[1444258980.229589] [node019:15088:0]         mxm.c:185  MXM  WARN  The 'ulimit -s' on the system is set to 'unlimited'. This may have negative performance implications. Please set the heap size to the default value (10240) 
[1444258980.230587] [node048:7298 :0]         sys.c:719  MXM  WARN  Conflicting CPU frequencies detected, using: 1883.62
[1444258980.233705] [node048:7298 :0]         mxm.c:185  MXM  WARN  The 'ulimit -s' on the system is set to 'unlimited'. This may have negative performance implications. Please set the heap size to the default value (10240) 
[1444258980.223353] [node027:23104:0]         sys.c:719  MXM  WARN  Conflicting CPU frequencies detected, using: 1697.91
[1444258980.227125] [node027:23104:0]         mxm.c:185  MXM  WARN  The 'ulimit -s' on the system is set to 'unlimited'. This may have negative performance implications. Please set the heap size to the default value (10240) 
[1444258980.235828] [node049:9866 :0]         sys.c:719  MXM  WARN  Conflicting CPU frequencies detected, using: 1788.56
[1444258980.239433] [node049:9866 :0]         mxm.c:185  MXM  WARN  The 'ulimit -s' on the system is set to 'unlimited'. This may have negative performance implications. Please set the heap size to the default value (10240) 
[1444258980.211367] [node048:7275 :0]         sys.c:719  MXM  WARN  Conflicting CPU frequencies detected, using: 1719.66
[1444258980.215742] [node048:7275 :0]         mxm.c:185  MXM  WARN  The 'ulimit -s' on the system is set to 'unlimited'. This may have negative performance implications. Please set the heap size to the default value (10240) 
[1444258980.241805] [node019:15105:0]         sys.c:719  MXM  WARN  Conflicting CPU frequencies detected, using: 2391.47
[1444258980.245079] [node019:15105:0]         mxm.c:185  MXM  WARN  The 'ulimit -s' on the system is set to 'unlimited'. This may have negative performance implications. Please set the heap size to the default value (10240) 
[1444258980.213195] [node052:25413:0]         sys.c:719  MXM  WARN  Conflicting CPU frequencies detected, using: 1496.72
[1444258980.218677] [node052:25413:0]         mxm.c:185  MXM  WARN  The 'ulimit -s' on the system is set to 'unlimited'. This may have negative performance implications. Please set the heap size to the default value (10240) 
[1444258980.223180] [node048:7287 :0]         sys.c:719  MXM  WARN  Conflicting CPU frequencies detected, using: 1799.91
[1444258980.229226] [node048:7287 :0]         mxm.c:185  MXM  WARN  The 'ulimit -s' on the system is set to 'unlimited'. This may have negative performance implications. Please set the heap size to the default value (10240) 
[1444258980.242600] [node049:9872 :0]         sys.c:719  MXM  WARN  Conflicting CPU frequencies detected, using: 1788.56
[1444258980.246014] [node049:9872 :0]         mxm.c:185  MXM  WARN  The 'ulimit -s' on the system is set to 'unlimited'. This may have negative performance implications. Please set the heap size to the default value (10240) 
[1444258980.242464] [node050:3642 :0]         sys.c:719  MXM  WARN  Conflicting CPU frequencies detected, using: 1695.66
[1444258980.246547] [node050:3642 :0]         mxm.c:185  MXM  WARN  The 'ulimit -s' on the system is set to 'unlimited'. This may have negative performance implications. Please set the heap size to the default value (10240) 
[1444258980.261511] [node049:9904 :0]         sys.c:719  MXM  WARN  Conflicting CPU frequencies detected, using: 1898.06
[1444258980.265012] [node049:9904 :0]         mxm.c:185  MXM  WARN  The 'ulimit -s' on the system is set to 'unlimited'. This may have negative performance implications. Please set the heap size to the default value (10240) 
[1444258980.270729] [node027:23122:0]         sys.c:719  MXM  WARN  Conflicting CPU frequencies detected, using: 1958.72
[1444258980.274716] [node027:23122:0]         mxm.c:185  MXM  WARN  The 'ulimit -s' on the system is set to 'unlimited'. This may have negative performance implications. Please set the heap size to the default value (10240) 
[1444258980.282901] [node049:9919 :0]         sys.c:719  MXM  WARN  Conflicting CPU frequencies detected, using: 2187.38
[1444258980.286690] [node049:9919 :0]         mxm.c:185  MXM  WARN  The 'ulimit -s' on the system is set to 'unlimited'. This may have negative performance implications. Please set the heap size to the default value (10240) 
[1444258980.272128] [node051:1433 :0]         sys.c:719  MXM  WARN  Conflicting CPU frequencies detected, using: 1993.50
[1444258980.275775] [node051:1433 :0]         mxm.c:185  MXM  WARN  The 'ulimit -s' on the system is set to 'unlimited'. This may have negative performance implications. Please set the heap size to the default value (10240) 
[1444258980.287536] [node049:9918 :0]         sys.c:719  MXM  WARN  Conflicting CPU frequencies detected, using: 2187.38
[1444258980.290361] [node049:9918 :0]         mxm.c:185  MXM  WARN  The 'ulimit -s' on the system is set to 'unlimited'. This may have negative performance implications. Please set the heap size to the default value (10240) 
[1444258980.267790] [node051:1428 :0]         sys.c:719  MXM  WARN  Conflicting CPU frequencies detected, using: 1993.50
[1444258980.271632] [node051:1428 :0]         mxm.c:185  MXM  WARN  The 'ulimit -s' on the system is set to 'unlimited'. This may have negative performance implications. Please set the heap size to the default value (10240) 
[1444258980.291506] [node019:15128:0]         sys.c:719  MXM  WARN  Conflicting CPU frequencies detected, using: 2362.78
[1444258980.294819] [node019:15128:0]         mxm.c:185  MXM  WARN  The 'ulimit -s' on the system is set to 'unlimited'. This may have negative performance implications. Please set the heap size to the default value (10240) 
[1444258980.279957] [node047:10431:0]         sys.c:719  MXM  WARN  Conflicting CPU frequencies detected, using: 1905.28
[1444258980.283825] [node047:10431:0]         mxm.c:185  MXM  WARN  The 'ulimit -s' on the system is set to 'unlimited'. This may have negative performance implications. Please set the heap size to the default value (10240) 
[1444258980.294970] [node048:7346 :0]         sys.c:719  MXM  WARN  Conflicting CPU frequencies detected, using: 2299.97
[1444258980.299204] [node048:7346 :0]         mxm.c:185  MXM  WARN  The 'ulimit -s' on the system is set to 'unlimited'. This may have negative performance implications. Please set the heap size to the default value (10240) 
[1444258980.298109] [node051:1462 :0]         sys.c:719  MXM  WARN  Conflicting CPU frequencies detected, using: 2199.94
[1444258980.301936] [node051:1462 :0]         mxm.c:185  MXM  WARN  The 'ulimit -s' on the system is set to 'unlimited'. This may have negative performance implications. Please set the heap size to the default value (10240) 
[1444258980.289021] [node050:3659 :0]         sys.c:719  MXM  WARN  Conflicting CPU frequencies detected, using: 2100.00
[1444258980.293907] [node050:3659 :0]         mxm.c:185  MXM  WARN  The 'ulimit -s' on the system is set to 'unlimited'. This may have negative performance implications. Please set the heap size to the default value (10240) 
[1444258980.295013] [node047:10445:0]         sys.c:719  MXM  WARN  Conflicting CPU frequencies detected, using: 2099.91
[1444258980.299586] [node047:10445:0]         mxm.c:185  MXM  WARN  The 'ulimit -s' on the system is set to 'unlimited'. This may have negative performance implications. Please set the heap size to the default value (10240) 
[1444258980.303493] [node029:10817:0]         sys.c:719  MXM  WARN  Conflicting CPU frequencies detected, using: 1899.94
[1444258980.307982] [node029:10817:0]         mxm.c:185  MXM  WARN  The 'ulimit -s' on the system is set to 'unlimited'. This may have negative performance implications. Please set the heap size to the default value (10240) 
[1444258980.319524] [node019:15154:0]         sys.c:719  MXM  WARN  Conflicting CPU frequencies detected, using: 2389.50
[1444258980.323187] [node019:15154:0]         mxm.c:185  MXM  WARN  The 'ulimit -s' on the system is set to 'unlimited'. This may have negative performance implications. Please set the heap size to the default value (10240) 
[1444258980.298374] [node029:10810:0]         sys.c:719  MXM  WARN  Conflicting CPU frequencies detected, using: 1899.94
[1444258980.303796] [node029:10810:0]         mxm.c:185  MXM  WARN  The 'ulimit -s' on the system is set to 'unlimited'. This may have negative performance implications. Please set the heap size to the default value (10240) 
[1444258980.326347] [node049:9977 :0]         sys.c:719  MXM  WARN  Conflicting CPU frequencies detected, using: 2395.69
[1444258980.329953] [node049:9977 :0]         mxm.c:185  MXM  WARN  The 'ulimit -s' on the system is set to 'unlimited'. This may have negative performance implications. Please set the heap size to the default value (10240) 
[1444258980.333496] [node051:1485 :0]         sys.c:719  MXM  WARN  Conflicting CPU frequencies detected, using: 2313.28
[1444258980.336874] [node051:1485 :0]         mxm.c:185  MXM  WARN  The 'ulimit -s' on the system is set to 'unlimited'. This may have negative performance implications. Please set the heap size to the default value (10240) 
[1444258980.339998] [node050:3682 :0]         sys.c:719  MXM  WARN  Conflicting CPU frequencies detected, using: 2395.41
[1444258980.342978] [node050:3682 :0]         mxm.c:185  MXM  WARN  The 'ulimit -s' on the system is set to 'unlimited'. This may have negative performance implications. Please set the heap size to the default value (10240) 
[1444258980.341605] [node050:3688 :0]         sys.c:719  MXM  WARN  Conflicting CPU frequencies detected, using: 2395.41
[1444258980.345172] [node050:3688 :0]         mxm.c:185  MXM  WARN  The 'ulimit -s' on the system is set to 'unlimited'. This may have negative performance implications. Please set the heap size to the default value (10240) 
[1444258980.343727] [node049:10008:0]         sys.c:719  MXM  WARN  Conflicting CPU frequencies detected, using: 2388.56
[1444258980.346683] [node049:10008:0]         mxm.c:185  MXM  WARN  The 'ulimit -s' on the system is set to 'unlimited'. This may have negative performance implications. Please set the heap size to the default value (10240) 
[1444258980.332437] [node028:20643:0]         sys.c:719  MXM  WARN  Conflicting CPU frequencies detected, using: 2389.41
[1444258980.336369] [node028:20643:0]         mxm.c:185  MXM  WARN  The 'ulimit -s' on the system is set to 'unlimited'. This may have negative performance implications. Please set the heap size to the default value (10240) 
[1444258980.331719] [node027:23148:0]         sys.c:719  MXM  WARN  Conflicting CPU frequencies detected, using: 2227.41
[1444258980.335268] [node027:23148:0]         mxm.c:185  MXM  WARN  The 'ulimit -s' on the system is set to 'unlimited'. This may have negative performance implications. Please set the heap size to the default value (10240) 
[1444258980.329761] [node027:23154:0]         sys.c:719  MXM  WARN  Conflicting CPU frequencies detected, using: 2227.41
[1444258980.333543] [node027:23154:0]         mxm.c:185  MXM  WARN  The 'ulimit -s' on the system is set to 'unlimited'. This may have negative performance implications. Please set the heap size to the default value (10240) 
[1444258980.350610] [node048:7365 :0]         sys.c:719  MXM  WARN  Conflicting CPU frequencies detected, using: 2399.91
[1444258980.353315] [node048:7365 :0]         mxm.c:185  MXM  WARN  The 'ulimit -s' on the system is set to 'unlimited'. This may have negative performance implications. Please set the heap size to the default value (10240) 
[1444258980.341362] [node047:10469:0]         sys.c:719  MXM  WARN  Conflicting CPU frequencies detected, using: 2191.31
[1444258980.344703] [node047:10469:0]         mxm.c:185  MXM  WARN  The 'ulimit -s' on the system is set to 'unlimited'. This may have negative performance implications. Please set the heap size to the default value (10240) 
[1444258980.340456] [node051:1497 :0]         sys.c:719  MXM  WARN  Conflicting CPU frequencies detected, using: 2313.28
[1444258980.344097] [node051:1497 :0]         mxm.c:185  MXM  WARN  The 'ulimit -s' on the system is set to 'unlimited'. This may have negative performance implications. Please set the heap size to the default value (10240) 
[1444258980.347332] [node051:1548 :0]         sys.c:719  MXM  WARN  Conflicting CPU frequencies detected, using: 2400.00
[1444258980.350341] [node051:1548 :0]         mxm.c:185  MXM  WARN  The 'ulimit -s' on the system is set to 'unlimited'. This may have negative performance implications. Please set the heap size to the default value (10240) 
[1444258980.340747] [node051:1496 :0]         sys.c:719  MXM  WARN  Conflicting CPU frequencies detected, using: 2313.28
[1444258980.344399] [node051:1496 :0]         mxm.c:185  MXM  WARN  The 'ulimit -s' on the system is set to 'unlimited'. This may have negative performance implications. Please set the heap size to the default value (10240) 
[1444258980.351798] [node050:3703 :0]         sys.c:719  MXM  WARN  Conflicting CPU frequencies detected, using: 2399.91
[1444258980.355379] [node050:3703 :0]         mxm.c:185  MXM  WARN  The 'ulimit -s' on the system is set to 'unlimited'. This may have negative performance implications. Please set the heap size to the default value (10240) 
[1444258980.341579] [node028:20642:0]         sys.c:719  MXM  WARN  Conflicting CPU frequencies detected, using: 2389.41
[1444258980.345679] [node028:20642:0]         mxm.c:185  MXM  WARN  The 'ulimit -s' on the system is set to 'unlimited'. This may have negative performance implications. Please set the heap size to the default value (10240) 
[1444258980.351991] [node047:10472:0]         sys.c:719  MXM  WARN  Conflicting CPU frequencies detected, using: 2199.38
[1444258980.355909] [node047:10472:0]         mxm.c:185  MXM  WARN  The 'ulimit -s' on the system is set to 'unlimited'. This may have negative performance implications. Please set the heap size to the default value (10240) 
[1444258980.348199] [node048:7353 :0]         sys.c:719  MXM  WARN  Conflicting CPU frequencies detected, using: 2399.91
[1444258980.351912] [node048:7353 :0]         mxm.c:185  MXM  WARN  The 'ulimit -s' on the system is set to 'unlimited'. This may have negative performance implications. Please set the heap size to the default value (10240) 
[1444258980.346718] [node048:7363 :0]         sys.c:719  MXM  WARN  Conflicting CPU frequencies detected, using: 2399.91
[1444258980.349632] [node048:7363 :0]         mxm.c:185  MXM  WARN  The 'ulimit -s' on the system is set to 'unlimited'. This may have negative performance implications. Please set the heap size to the default value (10240) 
[1444258980.362041] [node047:10480:0]         sys.c:719  MXM  WARN  Conflicting CPU frequencies detected, using: 2293.31
[1444258980.365291] [node047:10480:0]         mxm.c:185  MXM  WARN  The 'ulimit -s' on the system is set to 'unlimited'. This may have negative performance implications. Please set the heap size to the default value (10240) 
[1444258980.354206] [node048:7366 :0]         sys.c:719  MXM  WARN  Conflicting CPU frequencies detected, using: 2399.91
[1444258980.357332] [node048:7366 :0]         mxm.c:185  MXM  WARN  The 'ulimit -s' on the system is set to 'unlimited'. This may have negative performance implications. Please set the heap size to the default value (10240) 
[1444258980.366404] [node047:10508:0]         sys.c:719  MXM  WARN  Conflicting CPU frequencies detected, using: 2397.66
[1444258980.369877] [node047:10508:0]         mxm.c:185  MXM  WARN  The 'ulimit -s' on the system is set to 'unlimited'. This may have negative performance implications. Please set the heap size to the default value (10240) 
[1444258980.367525] [node050:3752 :0]         sys.c:719  MXM  WARN  Conflicting CPU frequencies detected, using: 2400.00
[1444258980.370331] [node050:3752 :0]         mxm.c:185  MXM  WARN  The 'ulimit -s' on the system is set to 'unlimited'. This may have negative performance implications. Please set the heap size to the default value (10240) 
[1444258980.365538] [node051:1562 :0]         sys.c:719  MXM  WARN  Conflicting CPU frequencies detected, using: 2400.00
[1444258980.369594] [node051:1562 :0]         mxm.c:185  MXM  WARN  The 'ulimit -s' on the system is set to 'unlimited'. This may have negative performance implications. Please set the heap size to the default value (10240) 
[1444258980.370062] [node050:3724 :0]         sys.c:719  MXM  WARN  Conflicting CPU frequencies detected, using: 2400.00
[1444258980.373240] [node050:3724 :0]         mxm.c:185  MXM  WARN  The 'ulimit -s' on the system is set to 'unlimited'. This may have negative performance implications. Please set the heap size to the default value (10240) 
[1444258980.367062] [node050:3761 :0]         sys.c:719  MXM  WARN  Conflicting CPU frequencies detected, using: 2400.00
[1444258980.370577] [node050:3761 :0]         mxm.c:185  MXM  WARN  The 'ulimit -s' on the system is set to 'unlimited'. This may have negative performance implications. Please set the heap size to the default value (10240) 
[1444258980.355798] [node027:23186:0]         sys.c:719  MXM  WARN  Conflicting CPU frequencies detected, using: 2227.41
[1444258980.359599] [node027:23186:0]         mxm.c:185  MXM  WARN  The 'ulimit -s' on the system is set to 'unlimited'. This may have negative performance implications. Please set the heap size to the default value (10240) 
[1444258980.371290] [node052:25441:0]         sys.c:719  MXM  WARN  Conflicting CPU frequencies detected, using: 2400.09
[1444258980.374429] [node052:25441:0]         mxm.c:185  MXM  WARN  The 'ulimit -s' on the system is set to 'unlimited'. This may have negative performance implications. Please set the heap size to the default value (10240) 
[1444258980.375480] [node047:10532:0]         sys.c:719  MXM  WARN  Conflicting CPU frequencies detected, using: 2397.66
[1444258980.378988] [node047:10532:0]         mxm.c:185  MXM  WARN  The 'ulimit -s' on the system is set to 'unlimited'. This may have negative performance implications. Please set the heap size to the default value (10240) 
[1444258980.379476] [node052:25440:0]         sys.c:719  MXM  WARN  Conflicting CPU frequencies detected, using: 2400.09
[1444258980.382711] [node052:25440:0]         mxm.c:185  MXM  WARN  The 'ulimit -s' on the system is set to 'unlimited'. This may have negative performance implications. Please set the heap size to the default value (10240) 
[1444258980.376948] [node052:25443:0]         sys.c:719  MXM  WARN  Conflicting CPU frequencies detected, using: 2400.09
[1444258980.380389] [node052:25443:0]         mxm.c:185  MXM  WARN  The 'ulimit -s' on the system is set to 'unlimited'. This may have negative performance implications. Please set the heap size to the default value (10240) 
[1444258980.375983] [node047:10552:0]         sys.c:719  MXM  WARN  Conflicting CPU frequencies detected, using: 2397.66
[1444258980.379273] [node047:10552:0]         mxm.c:185  MXM  WARN  The 'ulimit -s' on the system is set to 'unlimited'. This may have negative performance implications. Please set the heap size to the default value (10240) 
[1444258980.383029] [node052:25442:0]         sys.c:719  MXM  WARN  Conflicting CPU frequencies detected, using: 2400.09
[1444258980.386528] [node052:25442:0]         mxm.c:185  MXM  WARN  The 'ulimit -s' on the system is set to 'unlimited'. This may have negative performance implications. Please set the heap size to the default value (10240) 
[1444258980.401914] [node029:10867:0]         sys.c:719  MXM  WARN  Conflicting CPU frequencies detected, using: 2399.25
[1444258980.404601] [node029:10867:0]         mxm.c:185  MXM  WARN  The 'ulimit -s' on the system is set to 'unlimited'. This may have negative performance implications. Please set the heap size to the default value (10240) 
[1444258980.403456] [node046:12344:0]         sys.c:719  MXM  WARN  Conflicting CPU frequencies detected, using: 2400.00
[1444258980.405884] [node046:12344:0]         mxm.c:185  MXM  WARN  The 'ulimit -s' on the system is set to 'unlimited'. This may have negative performance implications. Please set the heap size to the default value (10240) 
[1444258980.397755] [node029:10847:0]         sys.c:719  MXM  WARN  Conflicting CPU frequencies detected, using: 2399.25
[1444258980.401165] [node029:10847:0]         mxm.c:185  MXM  WARN  The 'ulimit -s' on the system is set to 'unlimited'. This may have negative performance implications. Please set the heap size to the default value (10240) 
[1444258980.404330] [node052:25506:0]         sys.c:719  MXM  WARN  Conflicting CPU frequencies detected, using: 2399.91
[1444258980.407539] [node052:25506:0]         mxm.c:185  MXM  WARN  The 'ulimit -s' on the system is set to 'unlimited'. This may have negative performance implications. Please set the heap size to the default value (10240) 
[1444258980.404045] [node029:10869:0]         sys.c:719  MXM  WARN  Conflicting CPU frequencies detected, using: 2399.25
[1444258980.407568] [node029:10869:0]         mxm.c:185  MXM  WARN  The 'ulimit -s' on the system is set to 'unlimited'. This may have negative performance implications. Please set the heap size to the default value (10240) 
[1444258980.403194] [node046:12342:0]         sys.c:719  MXM  WARN  Conflicting CPU frequencies detected, using: 2400.00
[1444258980.406538] [node046:12342:0]         mxm.c:185  MXM  WARN  The 'ulimit -s' on the system is set to 'unlimited'. This may have negative performance implications. Please set the heap size to the default value (10240) 
[1444258980.399117] [node029:10848:0]         sys.c:719  MXM  WARN  Conflicting CPU frequencies detected, using: 2399.25
[1444258980.403923] [node029:10848:0]         mxm.c:185  MXM  WARN  The 'ulimit -s' on the system is set to 'unlimited'. This may have negative performance implications. Please set the heap size to the default value (10240) 
[1444258980.410498] [node046:12353:0]         sys.c:719  MXM  WARN  Conflicting CPU frequencies detected, using: 2400.00
[1444258980.413962] [node046:12353:0]         mxm.c:185  MXM  WARN  The 'ulimit -s' on the system is set to 'unlimited'. This may have negative performance implications. Please set the heap size to the default value (10240) 
[1444258980.400551] [node052:25507:0]         sys.c:719  MXM  WARN  Conflicting CPU frequencies detected, using: 2399.91
[1444258980.405117] [node052:25507:0]         mxm.c:185  MXM  WARN  The 'ulimit -s' on the system is set to 'unlimited'. This may have negative performance implications. Please set the heap size to the default value (10240) 
[1444258980.400742] [node046:12343:0]         sys.c:719  MXM  WARN  Conflicting CPU frequencies detected, using: 2400.00
[1444258980.404001] [node046:12343:0]         mxm.c:185  MXM  WARN  The 'ulimit -s' on the system is set to 'unlimited'. This may have negative performance implications. Please set the heap size to the default value (10240) 
[1444258980.408645] [node052:25514:0]         sys.c:719  MXM  WARN  Conflicting CPU frequencies detected, using: 2399.91
[1444258980.411663] [node052:25514:0]         mxm.c:185  MXM  WARN  The 'ulimit -s' on the system is set to 'unlimited'. This may have negative performance implications. Please set the heap size to the default value (10240) 
[1444258980.413543] [node046:12426:0]         sys.c:719  MXM  WARN  Conflicting CPU frequencies detected, using: 2400.00
[1444258980.416271] [node046:12426:0]         mxm.c:185  MXM  WARN  The 'ulimit -s' on the system is set to 'unlimited'. This may have negative performance implications. Please set the heap size to the default value (10240) 
[1444258980.404128] [node029:10849:0]         sys.c:719  MXM  WARN  Conflicting CPU frequencies detected, using: 2399.25
[1444258980.407802] [node029:10849:0]         mxm.c:185  MXM  WARN  The 'ulimit -s' on the system is set to 'unlimited'. This may have negative performance implications. Please set the heap size to the default value (10240) 
[1444258980.413298] [node046:12433:0]         sys.c:719  MXM  WARN  Conflicting CPU frequencies detected, using: 2400.00
[1444258980.416064] [node046:12433:0]         mxm.c:185  MXM  WARN  The 'ulimit -s' on the system is set to 'unlimited'. This may have negative performance implications. Please set the heap size to the default value (10240) 
[1444258980.408900] [node029:10850:0]         sys.c:719  MXM  WARN  Conflicting CPU frequencies detected, using: 2399.25
[1444258980.412677] [node029:10850:0]         mxm.c:185  MXM  WARN  The 'ulimit -s' on the system is set to 'unlimited'. This may have negative performance implications. Please set the heap size to the default value (10240) 
[1444258980.409591] [node046:12434:0]         sys.c:719  MXM  WARN  Conflicting CPU frequencies detected, using: 2400.00
[1444258980.413307] [node046:12434:0]         mxm.c:185  MXM  WARN  The 'ulimit -s' on the system is set to 'unlimited'. This may have negative performance implications. Please set the heap size to the default value (10240) 
[1444258980.408827] [node046:12354:0]         sys.c:719  MXM  WARN  Conflicting CPU frequencies detected, using: 2400.00
[1444258980.412765] [node046:12354:0]         mxm.c:185  MXM  WARN  The 'ulimit -s' on the system is set to 'unlimited'. This may have negative performance implications. Please set the heap size to the default value (10240) 
UPCR: UPC thread 26 of 96 on node028 (pshm node  3 of 12, process 26 of 96, pid=20520)
UPCR: UPC thread 27 of 96 on node028 (pshm node  3 of 12, process 27 of 96, pid=20642)
UPCR: UPC thread 24 of 96 on node028 (pshm node  3 of 12, process 24 of 96, pid=20497)
UPCR: UPC thread 30 of 96 on node028 (pshm node  3 of 12, process 30 of 96, pid=20605)
UPCR: UPC thread 28 of 96 on node028 (pshm node  3 of 12, process 28 of 96, pid=20514)
UPCR: UPC thread 29 of 96 on node028 (pshm node  3 of 12, process 29 of 96, pid=20643)
UPCR: UPC thread 31 of 96 on node028 (pshm node  3 of 12, process 31 of 96, pid=20575)
UPCR: UPC thread 25 of 96 on node028 (pshm node  3 of 12, process 25 of 96, pid=20526)
UPCR: UPC thread  1 of 96 on node018 (pshm node  0 of 12, process  1 of 96, pid=32493)
UPCR: UPC thread  4 of 96 on node018 (pshm node  0 of 12, process  4 of 96, pid=32496)
UPCR: UPC thread  7 of 96 on node018 (pshm node  0 of 12, process  7 of 96, pid=32499)
UPCR: UPC thread  2 of 96 on node018 (pshm node  0 of 12, process  2 of 96, pid=32494)
UPCR: UPC thread  5 of 96 on node018 (pshm node  0 of 12, process  5 of 96, pid=32497)
UPCR: UPC thread  6 of 96 on node018 (pshm node  0 of 12, process  6 of 96, pid=32498)
UPCR: UPC thread  0 of 96 on node018 (pshm node  0 of 12, process  0 of 96, pid=32492)
UPCR: UPC thread  3 of 96 on node018 (pshm node  0 of 12, process  3 of 96, pid=32495)
UPCR: UPC thread 10 of 96 on node019 (pshm node  1 of 12, process 10 of 96, pid=15088)
UPCR: UPC thread 15 of 96 on node019 (pshm node  1 of 12, process 15 of 96, pid=14994)
UPCR: UPC thread  8 of 96 on node019 (pshm node  1 of 12, process  8 of 96, pid=15008)
UPCR: UPC thread 13 of 96 on node019 (pshm node  1 of 12, process 13 of 96, pid=15026)
UPCR: UPC thread 45 of 96 on node046 (pshm node  5 of 12, process 45 of 96, pid=12426)
UPCR: UPC thread 41 of 96 on node046 (pshm node  5 of 12, process 41 of 96, pid=12433)
UPCR: UPC thread 44 of 96 on node046 (pshm node  5 of 12, process 44 of 96, pid=12342)
UPCR: UPC thread 12 of 96 on node019 (pshm node  1 of 12, process 12 of 96, pid=14993)
UPCR: UPC thread 46 of 96 on node046 (pshm node  5 of 12, process 46 of 96, pid=12354)
UPCR: UPC thread 93 of 96 on node052 (pshm node 11 of 12, process 93 of 96, pid=25507)
UPCR: UPC thread 76 of 96 on node050 (pshm node  9 of 12, process 76 of 96, pid=3659)
UPCR: UPC thread 95 of 96 on node052 (pshm node 11 of 12, process 95 of 96, pid=25514)
UPCR: UPC thread 14 of 96 on node019 (pshm node  1 of 12, process 14 of 96, pid=15154)
UPCR: UPC thread 37 of 96 on node029 (pshm node  4 of 12, process 37 of 96, pid=10817)
UPCR: UPC thread  9 of 96 on node019 (pshm node  1 of 12, process  9 of 96, pid=15105)
UPCR: UPC thread 40 of 96 on node046 (pshm node  5 of 12, process 40 of 96, pid=12353)
UPCR: UPC thread 90 of 96 on node052 (pshm node 11 of 12, process 90 of 96, pid=25441)
UPCR: UPC thread 89 of 96 on node052 (pshm node 11 of 12, process 89 of 96, pid=25443)
UPCR: UPC thread 47 of 96 on node046 (pshm node  5 of 12, process 47 of 96, pid=12434)
UPCR: UPC thread 42 of 96 on node046 (pshm node  5 of 12, process 42 of 96, pid=12344)
UPCR: UPC thread 11 of 96 on node019 (pshm node  1 of 12, process 11 of 96, pid=15128)
UPCR: UPC thread 43 of 96 on node046 (pshm node  5 of 12, process 43 of 96, pid=12343)
UPCR: UPC thread 91 of 96 on node052 (pshm node 11 of 12, process 91 of 96, pid=25440)
UPCR: UPC thread 92 of 96 on node052 (pshm node 11 of 12, process 92 of 96, pid=25413)
UPCR: UPC thread 38 of 96 on node029 (pshm node  4 of 12, process 38 of 96, pid=10810)
UPCR: UPC thread 50 of 96 on node047 (pshm node  6 of 12, process 50 of 96, pid=10532)
UPCR: UPC thread 72 of 96 on node050 (pshm node  9 of 12, process 72 of 96, pid=3703)
UPCR: UPC thread 62 of 96 on node048 (pshm node  7 of 12, process 62 of 96, pid=7363)
UPCR: UPC thread 65 of 96 on node049 (pshm node  8 of 12, process 65 of 96, pid=9977)
UPCR: UPC thread 22 of 96 on node027 (pshm node  2 of 12, process 22 of 96, pid=23081)
UPCR: UPC thread 36 of 96 on node029 (pshm node  4 of 12, process 36 of 96, pid=10849)
UPCR: UPC thread 75 of 96 on node050 (pshm node  9 of 12, process 75 of 96, pid=3761)
UPCR: UPC thread 17 of 96 on node027 (pshm node  2 of 12, process 17 of 96, pid=23186)
UPCR: UPC thread 59 of 96 on node048 (pshm node  7 of 12, process 59 of 96, pid=7298)
UPCR: UPC thread 88 of 96 on node052 (pshm node 11 of 12, process 88 of 96, pid=25506)
UPCR: UPC thread 21 of 96 on node027 (pshm node  2 of 12, process 21 of 96, pid=23148)
UPCR: UPC thread 94 of 96 on node052 (pshm node 11 of 12, process 94 of 96, pid=25442)
UPCR: UPC thread 74 of 96 on node050 (pshm node  9 of 12, process 74 of 96, pid=3688)
UPCR: UPC thread 85 of 96 on node051 (pshm node 10 of 12, process 85 of 96, pid=1428)
UPCR: UPC thread 77 of 96 on node050 (pshm node  9 of 12, process 77 of 96, pid=3682)
UPCR: UPC thread 32 of 96 on node029 (pshm node  4 of 12, process 32 of 96, pid=10848)
UPCR: UPC thread 58 of 96 on node048 (pshm node  7 of 12, process 58 of 96, pid=7287)
UPCR: UPC thread 63 of 96 on node048 (pshm node  7 of 12, process 63 of 96, pid=7365)
UPCR: UPC thread 49 of 96 on node047 (pshm node  6 of 12, process 49 of 96, pid=10472)
UPCR: UPC thread 20 of 96 on node027 (pshm node  2 of 12, process 20 of 96, pid=23037)
UPCR: UPC thread 71 of 96 on node049 (pshm node  8 of 12, process 71 of 96, pid=9919)
UPCR: UPC thread 33 of 96 on node029 (pshm node  4 of 12, process 33 of 96, pid=10869)
UPCR: UPC thread 18 of 96 on node027 (pshm node  2 of 12, process 18 of 96, pid=23122)
UPCR: UPC thread 82 of 96 on node051 (pshm node 10 of 12, process 82 of 96, pid=1433)
UPCR: UPC thread 55 of 96 on node047 (pshm node  6 of 12, process 55 of 96, pid=10469)
UPCR: UPC thread 51 of 96 on node047 (pshm node  6 of 12, process 51 of 96, pid=10508)
UPCR: UPC thread 16 of 96 on node027 (pshm node  2 of 12, process 16 of 96, pid=23033)
UPCR: UPC thread 81 of 96 on node051 (pshm node 10 of 12, process 81 of 96, pid=1462)
UPCR: UPC thread 80 of 96 on node051 (pshm node 10 of 12, process 80 of 96, pid=1496)
UPCR: UPC thread 86 of 96 on node051 (pshm node 10 of 12, process 86 of 96, pid=1485)
UPCR: UPC thread 78 of 96 on node050 (pshm node  9 of 12, process 78 of 96, pid=3724)
UPCR: UPC thread 69 of 96 on node049 (pshm node  8 of 12, process 69 of 96, pid=9904)
UPCR: UPC thread 53 of 96 on node047 (pshm node  6 of 12, process 53 of 96, pid=10431)
UPCR: UPC thread 60 of 96 on node048 (pshm node  7 of 12, process 60 of 96, pid=7346)
UPCR: UPC thread 70 of 96 on node049 (pshm node  8 of 12, process 70 of 96, pid=9849)
UPCR: UPC thread 67 of 96 on node049 (pshm node  8 of 12, process 67 of 96, pid=9918)
UPCR: UPC thread 23 of 96 on node027 (pshm node  2 of 12, process 23 of 96, pid=23104)
UPCR: UPC thread 56 of 96 on node048 (pshm node  7 of 12, process 56 of 96, pid=7366)
UPCR: UPC thread 84 of 96 on node051 (pshm node 10 of 12, process 84 of 96, pid=1562)
UPCR: UPC thread 83 of 96 on node051 (pshm node 10 of 12, process 83 of 96, pid=1497)
UPCR: UPC thread 64 of 96 on node049 (pshm node  8 of 12, process 64 of 96, pid=9866)
UPCR: UPC thread 87 of 96 on node051 (pshm node 10 of 12, process 87 of 96, pid=1548)
UPCR: UPC thread 79 of 96 on node050 (pshm node  9 of 12, process 79 of 96, pid=3642)
UPCR: UPC thread 35 of 96 on node029 (pshm node  4 of 12, process 35 of 96, pid=10847)
UPCR: UPC thread 52 of 96 on node047 (pshm node  6 of 12, process 52 of 96, pid=10480)
UPCR: UPC thread 73 of 96 on node050 (pshm node  9 of 12, process 73 of 96, pid=3752)
UPCR: UPC thread 39 of 96 on node029 (pshm node  4 of 12, process 39 of 96, pid=10850)
UPCR: UPC thread 48 of 96 on node047 (pshm node  6 of 12, process 48 of 96, pid=10552)
UPCR: UPC thread 61 of 96 on  node  0 of 12, process  4 of 96, pid=4795)
UPCR: UPC thread  3 of 96 on node042 (pshm node  0 of 12, process  3 of 96, pid=4794)
UPCR: UPC thread  2 of 96 on node042 (pshm node  0 of 12, process  2 of 96, pid=4793)
UPCR: UPC thread  7 of 96 on node042 (pshm node  0 of 12, process  7 of 96, pid=4798)
UPCR: UPC thread  6 of 96 on node042 (pshm node  0 of 12, process  6 of 96, pid=4797)
UPCR: UPC thread  1 of 96 on node042 (pshm node  0 of 12, process  1 of 96, pid=4792)
UPCR: UPC thread  5 of 96 on node042 (pshm node  0 of 12, process  5 of 96, pid=4796)
Initializing models/schedule_world.3.8-rgs.bdd!
Vector size: 34
Bits per integer: 8
Number of BDD variables: 272
Loading initial states: 
Initial states loaded... 
Loading transition relations... 
34 integers per state, 8 bits per integer, 34 transition groups
BDD nodes:
Initial states: 272 BDD nodes
Transition 0: 230 BDD nodes
Transition 1: 113 BDD nodes
Transition 2: 96 BDD nodes
Transition 3: 96 BDD nodes
Transition 4: 107 BDD nodes
Transition 5: 139 BDD nodes
Transition 6: 96 BDD nodes
Transition 7: 123 BDD nodes
Transition 8: 91 BDD nodes
Transition 9: 1008 BDD nodes
Transition 10: 218 BDD nodes
Transition 11: 141 BDD nodes
Transition 12: 113 BDD nodes
Transition 13: 96 BDD nodes
Transition 14: 96 BDD nodes
Transition 15: 123 BDD nodes
Transition 16: 107 BDD nodes
Transition 17: 91 BDD nodes
Transition 18: 95 BDD nodes
Transition 19: 95 BDD nodes
Transition 20: 112 BDD nodes
Transition 21: 112 BDD nodes
Transition 22: 123 BDD nodes
Transition 23: 123 BDD nodes
Transition 24: 107 BDD nodes
Transition 25: 107 BDD nodes
Transition 26: 234 BDD nodes
Transition 27: 234 BDD nodes
Transition 28: 96 BDD nodes
Transition 29: 96 BDD nodes
Transition 30: 154 BDD nodes
Transition 31: 154 BDD nodes
Transition 32: 91 BDD nodes
Transition 33: 91 BDD nodes
Level 1... done. 
Level 2... done. 
Level 3... done. 
Level 4... done. 
Level 5... done. 
Level 6... done. 
Level 7... done. 
Level 8... s/schedule_world.3.8-rgs.bdd!
Vector size: 34
Bits per integer: 8
Number of BDD variables: 272
Loading initial states: 
Initial states loaded... 
Loading transition relations... 
34 integers per state, 8 bits per integer, 34 transition groups
BDD nodes:
Initial states: 272 BDD nodes
Transition 0: 230 BDD nodes
Transition 1: 113 BDD nodes
Transition 2: 96 BDD nodes
Transition 3: 96 BDD nodes
Transition 4: 107 BDD nodes
Transition 5: 139 BDD nodes
Transition 6: 96 BDD nodes
Transition 7: 123 BDD nodes
Transition 8: 91 BDD nodes
Transition 9: 1008 BDD nodes
Transition 10: 218 BDD nodes
Transition 11: 141 BDD nodes
Transition 12: 113 BDD nodes
Transition 13: 96 BDD nodes
Transition 14: 96 BDD nodes
Transition 15: 123 BDD nodes
Transition 16: 107 BDD nodes
Transition 17: 91 BDD nodes
Transition 18: 95 BDD nodes
Transition 19: 95 BDD nodes
Transition 20: 112 BDD nodes
Transition 21: 112 BDD nodes
Transition 22: 123 BDD nodes
Transition 23: 123 BDD nodes
Transition 24: 107 BDD nodes
Transition 25: 107 BDD nodes
Transition 26: 234 BDD nodes
Transition 27: 234 BDD nodes
Transition 28: 96 BDD nodes
Transition 29: 96 BDD nodes
Transition 30: 154 BDD nodes
Transition 31: 154 BDD nodes
Transition 32: 91 BDD nodes
Transition 33: 91 BDD nodes
Level 1... done. 
Level 2... done. 
Level 3... done. 
Level 4... done. 
Level 9... done. 
Level 6... done. 
Level 7... done. 
Level 8... done. 
Level 10... done. 
Level 9... done. 
Level 11... done. 
Level 10... done. 
Level 12... done. 
Level 11... done. 
Level 13... done. 
Level 12... done. 
Level 14... done. 
Level 15... done. 
Level 16... done. 
Level 13... done. 
Level 17... done. 
Level 18... done. 
Level 19... done. 
Level 20... done. 
Level 21... done. 
Level 22... done. 
Level 23... done. 
PAR Time: 59.582501
Final states: 166649331 states
Final states: 28500 BDD nodes
[1444258976.984836] [node042:4746 :0]         sys.c:719  MXM  WARN  Conflicting CPU frequencies detected, using: 2196.47
done. 
Level 14... done. 
Level 15... done. 
Level 16... done. 
Level 17... done. 
Level 18... done. 
Level 19... done. 
Level 20... done. 
Level 21... done. 
Level 22... done. 
Level 23... done. 
PAR Time: 95.979514
Final states: 166649331 states
Final states: 28500 BDD nodes
[1444258979.572806] [node018:32447:0]         sys.c:719  MXM  WARN  Conflicting CPU frequencies detected, using: 1498.03
