[1444161511.569271] [node001:16750:0]         sys.c:719  MXM  WARN  Conflicting CPU frequencies detected, using: 1582.78
[1444161511.610723] [node001:16750:0]         mxm.c:185  MXM  WARN  The 'ulimit -s' on the system is set to 'unlimited'. This may have negative performance implications. Please set the heap size to the default value (10240) 
[1444161511.570221] [node001:16749:0]         sys.c:719  MXM  WARN  Conflicting CPU frequencies detected, using: 1381.03
[1444161511.610572] [node001:16749:0]         mxm.c:185  MXM  WARN  The 'ulimit -s' on the system is set to 'unlimited'. This may have negative performance implications. Please set the heap size to the default value (10240) 
[1444161511.861786] [node004:19635:0]         sys.c:719  MXM  WARN  Conflicting CPU frequencies detected, using: 1434.94
[1444161511.866023] [node004:19635:0]         mxm.c:185  MXM  WARN  The 'ulimit -s' on the system is set to 'unlimited'. This may have negative performance implications. Please set the heap size to the default value (10240) 
[1444161511.939405] [node007:456  :0]         sys.c:719  MXM  WARN  Conflicting CPU frequencies detected, using: 1424.34
[1444161511.943701] [node007:456  :0]         mxm.c:185  MXM  WARN  The 'ulimit -s' on the system is set to 'unlimited'. This may have negative performance implications. Please set the heap size to the default value (10240) 
[1444161511.933587] [node003:28569:0]         sys.c:719  MXM  WARN  Conflicting CPU frequencies detected, using: 1493.25
[1444161511.937898] [node003:28569:0]         mxm.c:185  MXM  WARN  The 'ulimit -s' on the system is set to 'unlimited'. This may have negative performance implications. Please set the heap size to the default value (10240) 
[1444161511.998979] [node006:4752 :0]         sys.c:719  MXM  WARN  Conflicting CPU frequencies detected, using: 2963.16
[1444161512.003168] [node006:4752 :0]         mxm.c:185  MXM  WARN  The 'ulimit -s' on the system is set to 'unlimited'. This may have negative performance implications. Please set the heap size to the default value (10240) 
[1444161511.990605] [node008:13841:0]         sys.c:719  MXM  WARN  Conflicting CPU frequencies detected, using: 2616.19
[1444161511.997091] [node008:13841:0]         mxm.c:185  MXM  WARN  The 'ulimit -s' on the system is set to 'unlimited'. This may have negative performance implications. Please set the heap size to the default value (10240) 
[1444161512.134087] [node002:5697 :0]         sys.c:719  MXM  WARN  Conflicting CPU frequencies detected, using: 1500.00
[1444161512.138502] [node002:5697 :0]         mxm.c:185  MXM  WARN  The 'ulimit -s' on the system is set to 'unlimited'. This may have negative performance implications. Please set the heap size to the default value (10240) 
[1444161512.118120] [node014:9179 :0]         sys.c:719  MXM  WARN  Conflicting CPU frequencies detected, using: 2855.06
[1444161512.122395] [node014:9179 :0]         mxm.c:185  MXM  WARN  The 'ulimit -s' on the system is set to 'unlimited'. This may have negative performance implications. Please set the heap size to the default value (10240) 
[1444161512.122885] [node005:13638:0]         sys.c:719  MXM  WARN  Conflicting CPU frequencies detected, using: 2399.91
[1444161512.127589] [node005:13638:0]         mxm.c:185  MXM  WARN  The 'ulimit -s' on the system is set to 'unlimited'. This may have negative performance implications. Please set the heap size to the default value (10240) 
[1444161512.130909] [node008:13867:0]         sys.c:719  MXM  WARN  Conflicting CPU frequencies detected, using: 2616.19
[1444161512.137526] [node008:13867:0]         mxm.c:185  MXM  WARN  The 'ulimit -s' on the system is set to 'unlimited'. This may have negative performance implications. Please set the heap size to the default value (10240) 
[1444161512.187564] [node009:15841:0]         sys.c:719  MXM  WARN  Conflicting CPU frequencies detected, using: 1800.00
[1444161512.193419] [node009:15841:0]         mxm.c:185  MXM  WARN  The 'ulimit -s' on the system is set to 'unlimited'. This may have negative performance implications. Please set the heap size to the default value (10240) 
[1444161512.299187] [node052:15078:0]         sys.c:719  MXM  WARN  Conflicting CPU frequencies detected, using: 1388.34
[1444161512.303768] [node052:15078:0]         mxm.c:185  MXM  WARN  The 'ulimit -s' on the system is set to 'unlimited'. This may have negative performance implications. Please set the heap size to the default value (10240) 
[1444161512.461886] [node012:32372:0]         sys.c:719  MXM  WARN  Conflicting CPU frequencies detected, using: 2857.41
[1444161512.468130] [node012:32372:0]         mxm.c:185  MXM  WARN  The 'ulimit -s' on the system is set to 'unlimited'. This may have negative performance implications. Please set the heap size to the default value (10240) 
[1444161512.458804] [node010:5176 :0]         sys.c:719  MXM  WARN  Conflicting CPU frequencies detected, using: 1699.97
[1444161512.462766] [node010:5176 :0]         mxm.c:185  MXM  WARN  The 'ulimit -s' on the system is set to 'unlimited'. This may have negative performance implications. Please set the heap size to the default value (10240) 
[1444161512.465566] [node061:6077 :0]         sys.c:719  MXM  WARN  Conflicting CPU frequencies detected, using: 1498.31
[1444161512.469739] [node061:6077 :0]         mxm.c:185  MXM  WARN  The 'ulimit -s' on the system is set to 'unlimited'. This may have negative performance implications. Please set the heap size to the default value (10240) 
[1444161512.520070] [node012:32393:0]         sys.c:719  MXM  WARN  Conflicting CPU frequencies detected, using: 2857.41
[1444161512.526246] [node012:32393:0]         mxm.c:185  MXM  WARN  The 'ulimit -s' on the system is set to 'unlimited'. This may have negative performance implications. Please set the heap size to the default value (10240) 
[1444161512.502227] [node021:11127:0]         sys.c:719  MXM  WARN  Conflicting CPU frequencies detected, using: 1396.88
[1444161512.506273] [node021:11127:0]         mxm.c:185  MXM  WARN  The 'ulimit -s' on the system is set to 'unlimited'. This may have negative performance implications. Please set the heap size to the default value (10240) 
[1444161512.500020] [node011:23376:0]         sys.c:719  MXM  WARN  Conflicting CPU frequencies detected, using: 1699.97
[1444161512.506180] [node011:23376:0]         mxm.c:185  MXM  WARN  The 'ulimit -s' on the system is set to 'unlimited'. This may have negative performance implications. Please set the heap size to the default value (10240) 
[1444161512.523932] [node061:6098 :0]         sys.c:719  MXM  WARN  Conflicting CPU frequencies detected, using: 1597.88
[1444161512.527994] [node061:6098 :0]         mxm.c:185  MXM  WARN  The 'ulimit -s' on the system is set to 'unlimited'. This may have negative performance implications. Please set the heap size to the default value (10240) 
[1444161512.544958] [node059:25760:0]         sys.c:719  MXM  WARN  Conflicting CPU frequencies detected, using: 2055.56
[1444161512.548189] [node059:25760:0]         mxm.c:185  MXM  WARN  The 'ulimit -s' on the system is set to 'unlimited'. This may have negative performance implications. Please set the heap size to the default value (10240) 
[1444161512.525627] [node002:5721 :0]         sys.c:719  MXM  WARN  Conflicting CPU frequencies detected, using: 1399.97
[1444161512.529827] [node002:5721 :0]         mxm.c:185  MXM  WARN  The 'ulimit -s' on the system is set to 'unlimited'. This may have negative performance implications. Please set the heap size to the default value (10240) 
[1444161512.625101] [node029:28530:0]         sys.c:719  MXM  WARN  Conflicting CPU frequencies detected, using: 2397.66
[1444161512.629375] [node029:28530:0]         mxm.c:185  MXM  WARN  The 'ulimit -s' on the system is set to 'unlimited'. This may have negative performance implications. Please set the heap size to the default value (10240) 
[1444161512.620495] [node037:27733:0]         sys.c:719  MXM  WARN  Conflicting CPU frequencies detected, using: 1498.97
[1444161512.624371] [node037:27733:0]         mxm.c:185  MXM  WARN  The 'ulimit -s' on the system is set to 'unlimited'. This may have negative performance implications. Please set the heap size to the default value (10240) 
[1444161512.629671] [node036:25717:0]         sys.c:719  MXM  WARN  Conflicting CPU frequencies detected, using: 1591.97
[1444161512.633945] [node036:25717:0]         mxm.c:185  MXM  WARN  The 'ulimit -s' on the system is set to 'unlimited'. This may have negative performance implications. Please set the heap size to the default value (10240) 
[1444161512.664735] [node055:28986:0]         sys.c:719  MXM  WARN  Conflicting CPU frequencies detected, using: 1494.09
[1444161512.670929] [node055:28986:0]         mxm.c:185  MXM  WARN  The 'ulimit -s' on the system is set to 'unlimited'. This may have negative performance implications. Please set the heap size to the default value (10240) 
[1444161512.647635] [node037:27750:0]         sys.c:719  MXM  WARN  Conflicting CPU frequencies detected, using: 1698.00
[1444161512.652317] [node037:27750:0]         mxm.c:185  MXM  WARN  The 'ulimit -s' on the system is set to 'unlimited'. This may have negative performance implications. Please set the heap size to the default value (10240) 
[1444161512.642448] [node049:28255:0]         sys.c:719  MXM  WARN  Conflicting CPU frequencies detected, using: 1542.75
[1444161512.646605] [node049:28255:0]         mxm.c:185  MXM  WARN  The 'ulimit -s' on the system is set to 'unlimited'. This may have negative performance implications. Please set the heap size to the default value (10240) 
[1444161512.689546] [node054:28318:0]         sys.c:719  MXM  WARN  Conflicting CPU frequencies detected, using: 1455.94
[1444161512.695864] [node054:28318:0]         mxm.c:185  MXM  WARN  The 'ulimit -s' on the system is set to 'unlimited'. This may have negative performance implications. Please set the heap size to the default value (10240) 
[1444161512.668184] [node016:24922:0]         sys.c:719  MXM  WARN  Conflicting CPU frequencies detected, using: 3106.69
[1444161512.672614] [node016:24922:0]         mxm.c:185  MXM  WARN  The 'ulimit -s' on the system is set to 'unlimited'. This may have negative performance implications. Please set the heap size to the default value (10240) 
[1444161512.655442] [node043:20460:0]         sys.c:719  MXM  WARN  Conflicting CPU frequencies detected, using: 1878.66
[1444161512.661831] [node043:20460:0]         mxm.c:185  MXM  WARN  The 'ulimit -s' on the system is set to 'unlimited'. This may have negative performance implications. Please set the heap size to the default value (10240) 
[1444161512.656765] [node053:29700:0]         sys.c:719  MXM  WARN  Conflicting CPU frequencies detected, using: 1400.16
[1444161512.660878] [node053:29700:0]         mxm.c:185  MXM  WARN  The 'ulimit -s' on the system is set to 'unlimited'. This may have negative performance implications. Please set the heap size to the default value (10240) 
[1444161512.664556] [node015:9462 :0]         sys.c:719  MXM  WARN  Conflicting CPU frequencies detected, using: 1708.78
[1444161512.670675] [node015:9462 :0]         mxm.c:185  MXM  WARN  The 'ulimit -s' on the system is set to 'unlimited'. This may have negative performance implications. Please set the heap size to the default value (10240) 
[1444161512.711240] [node039:24748:0]         sys.c:719  MXM  WARN  Conflicting CPU frequencies detected, using: 1399.22
[1444161512.717549] [node039:24748:0]         mxm.c:185  MXM  WARN  The 'ulimit -s' on the system is set to 'unlimited'. This may have negative performance implications. Please set the heap size to the default value (10240) 
[1444161512.704657] [node059:25784:0]         sys.c:719  MXM  WARN  Conflicting CPU frequencies detected, using: 2046.09
[1444161512.708384] [node059:25784:0]         mxm.c:185  MXM  WARN  The 'ulimit -s' on the system is set to 'unlimited'. This may have negative performance implications. Please set the heap size to the default value (10240) 
[1444161512.711433] [node047:512  :0]         sys.c:719  MXM  WARN  Conflicting CPU frequencies detected, using: 2279.91
[1444161512.715124] [node047:512  :0]         mxm.c:185  MXM  WARN  The 'ulimit -s' on the system is set to 'unlimited'. This may have negative performance implications. Please set the heap size to the default value (10240) 
[1444161512.704404] [node004:19659:0]         sys.c:719  MXM  WARN  Conflicting CPU frequencies detected, using: 1599.94
[1444161512.708418] [node004:19659:0]         mxm.c:185  MXM  WARN  The 'ulimit -s' on the system is set to 'unlimited'. This may have negative performance implications. Please set the heap size to the default value (10240) 
[1444161512.708152] [node015:9480 :0]         sys.c:719  MXM  WARN  Conflicting CPU frequencies detected, using: 1708.78
[1444161512.714005] [node015:9480 :0]         mxm.c:185  MXM  WARN  The 'ulimit -s' on the system is set to 'unlimited'. This may have negative performance implications. Please set the heap size to the default value (10240) 
[1444161512.711223] [node053:29717:0]         sys.c:719  MXM  WARN  Conflicting CPU frequencies detected, using: 1596.38
[1444161512.715064] [node053:29717:0]         mxm.c:185  MXM  WARN  The 'ulimit -s' on the system is set to 'unlimited'. This may have negative performance implications. Please set the heap size to the default value (10240) 
[1444161512.749632] [node038:19817:0]         sys.c:719  MXM  WARN  Conflicting CPU frequencies detected, using: 1399.78
[1444161512.756340] [node038:19817:0]         mxm.c:185  MXM  WARN  The 'ulimit -s' on the system is set to 'unlimited'. This may have negative performance implications. Please set the heap size to the default value (10240) 
[1444161512.712923] [node049:28276:0]         sys.c:719  MXM  WARN  Conflicting CPU frequencies detected, using: 1542.75
[1444161512.716998] [node049:28276:0]         mxm.c:185  MXM  WARN  The 'ulimit -s' on the system is set to 'unlimited'. This may have negative performance implications. Please set the heap size to the default value (10240) 
[1444161512.722215] [node048:29723:0]         sys.c:719  MXM  WARN  Conflicting CPU frequencies detected, using: 2396.91
[1444161512.726710] [node048:29723:0]         mxm.c:185  MXM  WARN  The 'ulimit -s' on the system is set to 'unlimited'. This may have negative performance implications. Please set the heap size to the default value (10240) 
[1444161512.711340] [node042:18166:0]         sys.c:719  MXM  WARN  Conflicting CPU frequencies detected, using: 1812.94
[1444161512.717937] [node042:18166:0]         mxm.c:185  MXM  WARN  The 'ulimit -s' on the system is set to 'unlimited'. This may have negative performance implications. Please set the heap size to the default value (10240) 
[1444161512.711193] [node057:756  :0]         sys.c:719  MXM  WARN  Conflicting CPU frequencies detected, using: 1399.78
[1444161512.715352] [node057:756  :0]         mxm.c:185  MXM  WARN  The 'ulimit -s' on the system is set to 'unlimited'. This may have negative performance implications. Please set the heap size to the default value (10240) 
[1444161512.710299] [node055:29003:0]         sys.c:719  MXM  WARN  Conflicting CPU frequencies detected, using: 1483.88
[1444161512.716809] [node055:29003:0]         mxm.c:185  MXM  WARN  The 'ulimit -s' on the system is set to 'unlimited'. This may have negative performance implications. Please set the heap size to the default value (10240) 
[1444161512.707336] [node044:19942:0]         sys.c:719  MXM  WARN  Conflicting CPU frequencies detected, using: 1729.78
[1444161512.713947] [node044:19942:0]         mxm.c:185  MXM  WARN  The 'ulimit -s' on the system is set to 'unlimited'. This may have negative performance implications. Please set the heap size to the default value (10240) 
[1444161512.721045] [node018:13421:0]         sys.c:719  MXM  WARN  Conflicting CPU frequencies detected, using: 2058.66
[1444161512.727488] [node018:13421:0]         mxm.c:185  MXM  WARN  The 'ulimit -s' on the system is set to 'unlimited'. This may have negative performance implications. Please set the heap size to the default value (10240) 
[1444161512.760996] [node022:4641 :0]         sys.c:719  MXM  WARN  Conflicting CPU frequencies detected, using: 1352.81
[1444161512.767058] [node022:4641 :0]         mxm.c:185  MXM  WARN  The 'ulimit -s' on the system is set to 'unlimited'. This may have negative performance implications. Please set the heap size to the default value (10240) 
[1444161512.747695] [node035:27266:0]         sys.c:719  MXM  WARN  Conflicting CPU frequencies detected, using: 3136.12
[1444161512.751955] [node035:27266:0]         mxm.c:185  MXM  WARN  The 'ulimit -s' on the system is set to 'unlimited'. This may have negative performance implications. Please set the heap size to the default value (10240) 
[1444161512.750763] [node046:2442 :0]         sys.c:719  MXM  WARN  Conflicting CPU frequencies detected, using: 3193.03
[1444161512.755015] [node046:2442 :0]         mxm.c:185  MXM  WARN  The 'ulimit -s' on the system is set to 'unlimited'. This may have negative performance implications. Please set the heap size to the default value (10240) 
[1444161512.747406] [node063:8046 :0]         sys.c:719  MXM  WARN  Conflicting CPU frequencies detected, using: 1599.19
[1444161512.751565] [node063:8046 :0]         mxm.c:185  MXM  WARN  The 'ulimit -s' on the system is set to 'unlimited'. This may have negative performance implications. Please set the heap size to the default value (10240) 
[1444161512.754377] [node063:8050 :0]         sys.c:719  MXM  WARN  Conflicting CPU frequencies detected, using: 1599.19
[1444161512.758705] [node063:8050 :0]         mxm.c:185  MXM  WARN  The 'ulimit -s' on the system is set to 'unlimited'. This may have negative performance implications. Please set the heap size to the default value (10240) 
[1444161512.735525] [node064:11648:0]         sys.c:719  MXM  WARN  Conflicting CPU frequencies detected, using: 1697.81
[1444161512.742065] [node064:11648:0]         mxm.c:185  MXM  WARN  The 'ulimit -s' on the system is set to 'unlimited'. This may have negative performance implications. Please set the heap size to the default value (10240) 
[1444161512.763917] [node006:4776 :0]         sys.c:719  MXM  WARN  Conflicting CPU frequencies detected, using: 2095.59
[1444161512.768086] [node006:4776 :0]         mxm.c:185  MXM  WARN  The 'ulimit -s' on the system is set to 'unlimited'. This may have negative performance implications. Please set the heap size to the default value (10240) 
[1444161512.765561] [node064:11665:0]         sys.c:719  MXM  WARN  Conflicting CPU frequencies detected, using: 1768.31
[1444161512.771650] [node064:11665:0]         mxm.c:185  MXM  WARN  The 'ulimit -s' on the system is set to 'unlimited'. This may have negative performance implications. Please set the heap size to the default value (10240) 
[1444161512.807579] [node033:29691:0]         sys.c:719  MXM  WARN  Conflicting CPU frequencies detected, using: 1499.53
[1444161512.814601] [node033:29691:0]         mxm.c:185  MXM  WARN  The 'ulimit -s' on the system is set to 'unlimited'. This may have negative performance implications. Please set the heap size to the default value (10240) 
[1444161512.813582] [node039:24772:0]         sys.c:719  MXM  WARN  Conflicting CPU frequencies detected, using: 1397.81
[1444161512.819871] [node039:24772:0]         mxm.c:185  MXM  WARN  The 'ulimit -s' on the system is set to 'unlimited'. This may have negative performance implications. Please set the heap size to the default value (10240) 
[1444161512.817196] [node038:19838:0]         sys.c:719  MXM  WARN  Conflicting CPU frequencies detected, using: 1489.97
[1444161512.823300] [node038:19838:0]         mxm.c:185  MXM  WARN  The 'ulimit -s' on the system is set to 'unlimited'. This may have negative performance implications. Please set the heap size to the default value (10240) 
[1444161512.814507] [node062:1591 :0]         sys.c:719  MXM  WARN  Conflicting CPU frequencies detected, using: 1498.22
[1444161512.820826] [node062:1591 :0]         mxm.c:185  MXM  WARN  The 'ulimit -s' on the system is set to 'unlimited'. This may have negative performance implications. Please set the heap size to the default value (10240) 
[1444161512.800443] [node016:24946:0]         sys.c:719  MXM  WARN  Conflicting CPU frequencies detected, using: 3106.69
[1444161512.803968] [node016:24946:0]         mxm.c:185  MXM  WARN  The 'ulimit -s' on the system is set to 'unlimited'. This may have negative performance implications. Please set the heap size to the default value (10240) 
[1444161512.800009] [node005:13662:0]         sys.c:719  MXM  WARN  Conflicting CPU frequencies detected, using: 2399.91
[1444161512.803974] [node005:13662:0]         mxm.c:185  MXM  WARN  The 'ulimit -s' on the system is set to 'unlimited'. This may have negative performance implications. Please set the heap size to the default value (10240) 
[1444161512.809507] [node060:31249:0]         sys.c:719  MXM  WARN  Conflicting CPU frequencies detected, using: 3181.78
[1444161512.813386] [node060:31249:0]         mxm.c:185  MXM  WARN  The 'ulimit -s' on the system is set to 'unlimited'. This may have negative performance implications. Please set the heap size to the default value (10240) 
[1444161512.814179] [node035:27287:0]         sys.c:719  MXM  WARN  Conflicting CPU frequencies detected, using: 3136.12
[1444161512.818161] [node035:27287:0]         mxm.c:185  MXM  WARN  The 'ulimit -s' on the system is set to 'unlimited'. This may have negative performance implications. Please set the heap size to the default value (10240) 
[1444161512.788097] [node030:23261:0]         sys.c:719  MXM  WARN  Conflicting CPU frequencies detected, using: 1642.97
[1444161512.794396] [node030:23261:0]         mxm.c:185  MXM  WARN  The 'ulimit -s' on the system is set to 'unlimited'. This may have negative performance implications. Please set the heap size to the default value (10240) 
[1444161512.824956] [node013:11419:0]         sys.c:719  MXM  WARN  Conflicting CPU frequencies detected, using: 1599.94
[1444161512.833476] [node013:11419:0]         mxm.c:185  MXM  WARN  The 'ulimit -s' on the system is set to 'unlimited'. This may have negative performance implications. Please set the heap size to the default value (10240) 
[1444161512.826959] [node032:28679:0]         sys.c:719  MXM  WARN  Conflicting CPU frequencies detected, using: 1499.91
[1444161512.834899] [node032:28679:0]         mxm.c:185  MXM  WARN  The 'ulimit -s' on the system is set to 'unlimited'. This may have negative performance implications. Please set the heap size to the default value (10240) 
[1444161512.824728] [node013:11420:0]         sys.c:719  MXM  WARN  Conflicting CPU frequencies detected, using: 1599.94
[1444161512.831627] [node013:11420:0]         mxm.c:185  MXM  WARN  The 'ulimit -s' on the system is set to 'unlimited'. This may have negative performance implications. Please set the heap size to the default value (10240) 
[1444161512.828018] [node032:28678:0]         sys.c:719  MXM  WARN  Conflicting CPU frequencies detected, using: 1499.91
[1444161512.835619] [node032:28678:0]         mxm.c:185  MXM  WARN  The 'ulimit -s' on the system is set to 'unlimited'. This may have negative performance implications. Please set the heap size to the default value (10240) 
[1444161512.818741] [node060:31248:0]         sys.c:719  MXM  WARN  Conflicting CPU frequencies detected, using: 3181.78
[1444161512.823857] [node060:31248:0]         mxm.c:185  MXM  WARN  The 'ulimit -s' on the system is set to 'unlimited'. This may have negative performance implications. Please set the heap size to the default value (10240) 
[1444161512.798155] [node024:403  :0]         sys.c:719  MXM  WARN  Conflicting CPU frequencies detected, using: 1699.97
[1444161512.802352] [node024:403  :0]         mxm.c:185  MXM  WARN  The 'ulimit -s' on the system is set to 'unlimited'. This may have negative performance implications. Please set the heap size to the default value (10240) 
[1444161512.793660] [node009:15865:0]         sys.c:719  MXM  WARN  Conflicting CPU frequencies detected, using: 1800.00
[1444161512.799638] [node009:15865:0]         mxm.c:185  MXM  WARN  The 'ulimit -s' on the system is set to 'unlimited'. This may have negative performance implications. Please set the heap size to the default value (10240) 
[1444161512.821930] [node026:13131:0]         sys.c:719  MXM  WARN  Conflicting CPU frequencies detected, using: 3194.72
[1444161512.825574] [node026:13131:0]         mxm.c:185  MXM  WARN  The 'ulimit -s' on the system is set to 'unlimited'. This may have negative performance implications. Please set the heap size to the default value (10240) 
[1444161512.817931] [node026:13127:0]         sys.c:719  MXM  WARN  Conflicting CPU frequencies detected, using: 3194.72
[1444161512.822089] [node026:13127:0]         mxm.c:185  MXM  WARN  The 'ulimit -s' on the system is set to 'unlimited'. This may have negative performance implications. Please set the heap size to the default value (10240) 
[1444161512.804607] [node007:486  :0]         sys.c:719  MXM  WARN  Conflicting CPU frequencies detected, using: 1697.62
[1444161512.808663] [node007:486  :0]         mxm.c:185  MXM  WARN  The 'ulimit -s' on the system is set to 'unlimited'. This may have negative performance implications. Please set the heap size to the default value (10240) 
[1444161512.807341] [node036:25741:0]         sys.c:719  MXM  WARN  Conflicting CPU frequencies detected, using: 1659.56
[1444161512.811539] [node036:25741:0]         mxm.c:185  MXM  WARN  The 'ulimit -s' on the system is set to 'unlimited'. This may have negative performance implications. Please set the heap size to the default value (10240) 
[1444161512.819610] [node045:18312:0]         sys.c:719  MXM  WARN  Conflicting CPU frequencies detected, using: 3118.12
[1444161512.825651] [node045:18312:0]         mxm.c:185  MXM  WARN  The 'ulimit -s' on the system is set to 'unlimited'. This may have negative performance implications. Please set the heap size to the default value (10240) 
[1444161512.843461] [node054:28342:0]         sys.c:719  MXM  WARN  Conflicting CPU frequencies detected, using: 1493.53
[1444161512.849901] [node054:28342:0]         mxm.c:185  MXM  WARN  The 'ulimit -s' on the system is set to 'unlimited'. This may have negative performance implications. Please set the heap size to the default value (10240) 
[1444161512.806114] [node024:421  :0]         sys.c:719  MXM  WARN  Conflicting CPU frequencies detected, using: 1699.97
[1444161512.812190] [node024:421  :0]         mxm.c:185  MXM  WARN  The 'ulimit -s' on the system is set to 'unlimited'. This may have negative performance implications. Please set the heap size to the default value (10240) 
[1444161512.809519] [node047:545  :0]         sys.c:719  MXM  WARN  Conflicting CPU frequencies detected, using: 1598.62
[1444161512.813554] [node047:545  :0]         mxm.c:185  MXM  WARN  The 'ulimit -s' on the system is set to 'unlimited'. This may have negative performance implications. Please set the heap size to the default value (10240) 
[1444161512.810285] [node052:15102:0]         sys.c:719  MXM  WARN  Conflicting CPU frequencies detected, using: 1584.75
[1444161512.814279] [node052:15102:0]         mxm.c:185  MXM  WARN  The 'ulimit -s' on the system is set to 'unlimited'. This may have negative performance implications. Please set the heap size to the default value (10240) 
[1444161512.809209] [node018:13444:0]         sys.c:719  MXM  WARN  Conflicting CPU frequencies detected, using: 2058.66
[1444161512.814916] [node018:13444:0]         mxm.c:185  MXM  WARN  The 'ulimit -s' on the system is set to 'unlimited'. This may have negative performance implications. Please set the heap size to the default value (10240) 
[1444161512.812642] [node042:18190:0]         sys.c:719  MXM  WARN  Conflicting CPU frequencies detected, using: 1812.94
[1444161512.818934] [node042:18190:0]         mxm.c:185  MXM  WARN  The 'ulimit -s' on the system is set to 'unlimited'. This may have negative performance implications. Please set the heap size to the default value (10240) 
[1444161512.811436] [node029:28554:0]         sys.c:719  MXM  WARN  Conflicting CPU frequencies detected, using: 1589.72
[1444161512.815667] [node029:28554:0]         mxm.c:185  MXM  WARN  The 'ulimit -s' on the system is set to 'unlimited'. This may have negative performance implications. Please set the heap size to the default value (10240) 
[1444161512.813866] [node010:5201 :0]         sys.c:719  MXM  WARN  Conflicting CPU frequencies detected, using: 1699.97
[1444161512.817791] [node010:5201 :0]         mxm.c:185  MXM  WARN  The 'ulimit -s' on the system is set to 'unlimited'. This may have negative performance implications. Please set the heap size to the default value (10240) 
[1444161512.811531] [node022:4658 :0]         sys.c:719  MXM  WARN  Conflicting CPU frequencies detected, using: 1595.62
[1444161512.816933] [node022:4658 :0]         mxm.c:185  MXM  WARN  The 'ulimit -s' on the system is set to 'unlimited'. This may have negative performance implications. Please set the heap size to the default value (10240) 
[1444161512.814106] [node021:11151:0]         sys.c:719  MXM  WARN  Conflicting CPU frequencies detected, using: 1496.06
[1444161512.818155] [node021:11151:0]         mxm.c:185  MXM  WARN  The 'ulimit -s' on the system is set to 'unlimited'. This may have negative performance implications. Please set the heap size to the default value (10240) 
[1444161512.815221] [node003:28593:0]         sys.c:719  MXM  WARN  Conflicting CPU frequencies detected, using: 1484.06
[1444161512.819201] [node003:28593:0]         mxm.c:185  MXM  WARN  The 'ulimit -s' on the system is set to 'unlimited'. This may have negative performance implications. Please set the heap size to the default value (10240) 
[1444161512.807403] [node011:23400:0]         sys.c:719  MXM  WARN  Conflicting CPU frequencies detected, using: 1699.97
[1444161512.813614] [node011:23400:0]         mxm.c:185  MXM  WARN  The 'ulimit -s' on the system is set to 'unlimited'. This may have negative performance implications. Please set the heap size to the default value (10240) 
[1444161512.815932] [node023:8807 :0]         sys.c:719  MXM  WARN  Conflicting CPU frequencies detected, using: 2599.97
[1444161512.824078] [node023:8807 :0]         mxm.c:185  MXM  WARN  The 'ulimit -s' on the system is set to 'unlimited'. This may have negative performance implications. Please set the heap size to the default value (10240) 
[1444161512.815458] [node023:8808 :0]         sys.c:719  MXM  WARN  Conflicting CPU frequencies detected, using: 2599.97
[1444161512.823120] [node023:8808 :0]         mxm.c:185  MXM  WARN  The 'ulimit -s' on the system is set to 'unlimited'. This may have negative performance implications. Please set the heap size to the default value (10240) 
[1444161512.814593] [node028:30119:0]         sys.c:719  MXM  WARN  Conflicting CPU frequencies detected, using: 1700.81
[1444161512.818786] [node028:30119:0]         mxm.c:185  MXM  WARN  The 'ulimit -s' on the system is set to 'unlimited'. This may have negative performance implications. Please set the heap size to the default value (10240) 
[1444161512.814819] [node058:27700:0]         sys.c:719  MXM  WARN  Conflicting CPU frequencies detected, using: 1597.12
[1444161512.819107] [node058:27700:0]         mxm.c:185  MXM  WARN  The 'ulimit -s' on the system is set to 'unlimited'. This may have negative performance implications. Please set the heap size to the default value (10240) 
[1444161512.815023] [node014:9204 :0]         sys.c:719  MXM  WARN  Conflicting CPU frequencies detected, using: 1492.97
[1444161512.819014] [node014:9204 :0]         mxm.c:185  MXM  WARN  The 'ulimit -s' on the system is set to 'unlimited'. This may have negative performance implications. Please set the heap size to the default value (10240) 
[1444161512.828751] [node025:23601:0]         sys.c:719  MXM  WARN  Conflicting CPU frequencies detected, using: 1698.75
[1444161512.832874] [node025:23601:0]         mxm.c:185  MXM  WARN  The 'ulimit -s' on the system is set to 'unlimited'. This may have negative performance implications. Please set the heap size to the default value (10240) 
[1444161512.810648] [node041:21565:0]         sys.c:719  MXM  WARN  Conflicting CPU frequencies detected, using: 1932.00
[1444161512.817159] [node041:21565:0]         mxm.c:185  MXM  WARN  The 'ulimit -s' on the system is set to 'unlimited'. This may have negative performance implications. Please set the heap size to the default value (10240) 
[1444161512.815031] [node058:27699:0]         sys.c:719  MXM  WARN  Conflicting CPU frequencies detected, using: 1597.12
[1444161512.819205] [node058:27699:0]         mxm.c:185  MXM  WARN  The 'ulimit -s' on the system is set to 'unlimited'. This may have negative performance implications. Please set the heap size to the default value (10240) 
[1444161512.813170] [node050:25518:0]         sys.c:719  MXM  WARN  Conflicting CPU frequencies detected, using: 1410.09
[1444161512.817156] [node050:25518:0]         mxm.c:185  MXM  WARN  The 'ulimit -s' on the system is set to 'unlimited'. This may have negative performance implications. Please set the heap size to the default value (10240) 
[1444161512.815690] [node030:23278:0]         sys.c:719  MXM  WARN  Conflicting CPU frequencies detected, using: 1599.94
[1444161512.822405] [node030:23278:0]         mxm.c:185  MXM  WARN  The 'ulimit -s' on the system is set to 'unlimited'. This may have negative performance implications. Please set the heap size to the default value (10240) 
[1444161512.821485] [node048:29747:0]         sys.c:719  MXM  WARN  Conflicting CPU frequencies detected, using: 1485.19
[1444161512.825514] [node048:29747:0]         mxm.c:185  MXM  WARN  The 'ulimit -s' on the system is set to 'unlimited'. This may have negative performance implications. Please set the heap size to the default value (10240) 
[1444161512.826572] [node025:23602:0]         sys.c:719  MXM  WARN  Conflicting CPU frequencies detected, using: 1698.75
[1444161512.830905] [node025:23602:0]         mxm.c:185  MXM  WARN  The 'ulimit -s' on the system is set to 'unlimited'. This may have negative performance implications. Please set the heap size to the default value (10240) 
[1444161512.826483] [node028:30128:0]         sys.c:719  MXM  WARN  Conflicting CPU frequencies detected, using: 1700.81
[1444161512.830354] [node028:30128:0]         mxm.c:185  MXM  WARN  The 'ulimit -s' on the system is set to 'unlimited'. This may have negative performance implications. Please set the heap size to the default value (10240) 
[1444161512.821408] [node041:21571:0]         sys.c:719  MXM  WARN  Conflicting CPU frequencies detected, using: 1932.00
[1444161512.829331] [node041:21571:0]         mxm.c:185  MXM  WARN  The 'ulimit -s' on the system is set to 'unlimited'. This may have negative performance implications. Please set the heap size to the default value (10240) 
[1444161512.829883] [node040:27346:0]         sys.c:719  MXM  WARN  Conflicting CPU frequencies detected, using: 2797.97
[1444161512.837956] [node040:27346:0]         mxm.c:185  MXM  WARN  The 'ulimit -s' on the system is set to 'unlimited'. This may have negative performance implications. Please set the heap size to the default value (10240) 
[1444161512.829293] [node040:27345:0]         sys.c:719  MXM  WARN  Conflicting CPU frequencies detected, using: 2797.97
[1444161512.837182] [node040:27345:0]         mxm.c:185  MXM  WARN  The 'ulimit -s' on the system is set to 'unlimited'. This may have negative performance implications. Please set the heap size to the default value (10240) 
[1444161512.811869] [node031:30124:0]         sys.c:719  MXM  WARN  Conflicting CPU frequencies detected, using: 1637.06
[1444161512.819241] [node031:30124:0]         mxm.c:185  MXM  WARN  The 'ulimit -s' on the system is set to 'unlimited'. This may have negative performance implications. Please set the heap size to the default value (10240) 
[1444161512.820263] [node017:29452:0]         sys.c:719  MXM  WARN  Conflicting CPU frequencies detected, using: 1807.69
[1444161512.827442] [node017:29452:0]         mxm.c:185  MXM  WARN  The 'ulimit -s' on the system is set to 'unlimited'. This may have negative performance implications. Please set the heap size to the default value (10240) 
[1444161512.814370] [node031:30130:0]         sys.c:719  MXM  WARN  Conflicting CPU frequencies detected, using: 1637.06
[1444161512.821489] [node031:30130:0]         mxm.c:185  MXM  WARN  The 'ulimit -s' on the system is set to 'unlimited'. This may have negative performance implications. Please set the heap size to the default value (10240) 
[1444161512.822280] [node033:29701:0]         sys.c:719  MXM  WARN  Conflicting CPU frequencies detected, using: 1569.94
[1444161512.829408] [node033:29701:0]         mxm.c:185  MXM  WARN  The 'ulimit -s' on the system is set to 'unlimited'. This may have negative performance implications. Please set the heap size to the default value (10240) 
[1444161512.816780] [node056:27283:0]         sys.c:719  MXM  WARN  Conflicting CPU frequencies detected, using: 1586.16
[1444161512.823134] [node056:27283:0]         mxm.c:185  MXM  WARN  The 'ulimit -s' on the system is set to 'unlimited'. This may have negative performance implications. Please set the heap size to the default value (10240) 
[1444161512.828783] [node043:20484:0]         sys.c:719  MXM  WARN  Conflicting CPU frequencies detected, using: 1878.66
[1444161512.834930] [node043:20484:0]         mxm.c:185  MXM  WARN  The 'ulimit -s' on the system is set to 'unlimited'. This may have negative performance implications. Please set the heap size to the default value (10240) 
[1444161512.826232] [node027:6788 :0]         sys.c:719  MXM  WARN  Conflicting CPU frequencies detected, using: 1722.66
[1444161512.830130] [node027:6788 :0]         mxm.c:185  MXM  WARN  The 'ulimit -s' on the system is set to 'unlimited'. This may have negative performance implications. Please set the heap size to the default value (10240) 
[1444161512.822479] [node017:29451:0]         sys.c:719  MXM  WARN  Conflicting CPU frequencies detected, using: 1807.69
[1444161512.829939] [node017:29451:0]         mxm.c:185  MXM  WARN  The 'ulimit -s' on the system is set to 'unlimited'. This may have negative performance implications. Please set the heap size to the default value (10240) 
[1444161512.821820] [node034:23636:0]         sys.c:719  MXM  WARN  Conflicting CPU frequencies detected, using: 1800.09
[1444161512.829574] [node034:23636:0]         mxm.c:185  MXM  WARN  The 'ulimit -s' on the system is set to 'unlimited'. This may have negative performance implications. Please set the heap size to the default value (10240) 
[1444161512.825536] [node027:6789 :0]         sys.c:719  MXM  WARN  Conflicting CPU frequencies detected, using: 1722.66
[1444161512.829650] [node027:6789 :0]         mxm.c:185  MXM  WARN  The 'ulimit -s' on the system is set to 'unlimited'. This may have negative performance implications. Please set the heap size to the default value (10240) 
[1444161512.821080] [node019:28059:0]         sys.c:719  MXM  WARN  Conflicting CPU frequencies detected, using: 1678.50
[1444161512.825504] [node019:28059:0]         mxm.c:185  MXM  WARN  The 'ulimit -s' on the system is set to 'unlimited'. This may have negative performance implications. Please set the heap size to the default value (10240) 
[1444161512.821227] [node019:28060:0]         sys.c:719  MXM  WARN  Conflicting CPU frequencies detected, using: 1678.50
[1444161512.825408] [node019:28060:0]         mxm.c:185  MXM  WARN  The 'ulimit -s' on the system is set to 'unlimited'. This may have negative performance implications. Please set the heap size to the default value (10240) 
[1444161512.821816] [node020:8593 :0]         sys.c:719  MXM  WARN  Conflicting CPU frequencies detected, using: 1699.59
[1444161512.828670] [node020:8593 :0]         mxm.c:185  MXM  WARN  The 'ulimit -s' on the system is set to 'unlimited'. This may have negative performance implications. Please set the heap size to the default value (10240) 
[1444161512.820733] [node034:23637:0]         sys.c:719  MXM  WARN  Conflicting CPU frequencies detected, using: 1800.09
[1444161512.828577] [node034:23637:0]         mxm.c:185  MXM  WARN  The 'ulimit -s' on the system is set to 'unlimited'. This may have negative performance implications. Please set the heap size to the default value (10240) 
[1444161512.837508] [node044:19966:0]         sys.c:719  MXM  WARN  Conflicting CPU frequencies detected, using: 1729.78
[1444161512.843350] [node044:19966:0]         mxm.c:185  MXM  WARN  The 'ulimit -s' on the system is set to 'unlimited'. This may have negative performance implications. Please set the heap size to the default value (10240) 
[1444161512.818174] [node020:8592 :0]         sys.c:719  MXM  WARN  Conflicting CPU frequencies detected, using: 1699.59
[1444161512.824704] [node020:8592 :0]         mxm.c:185  MXM  WARN  The 'ulimit -s' on the system is set to 'unlimited'. This may have negative performance implications. Please set the heap size to the default value (10240) 
[1444161512.850251] [node051:23620:0]         sys.c:719  MXM  WARN  Conflicting CPU frequencies detected, using: 1972.59
[1444161512.854400] [node051:23620:0]         mxm.c:185  MXM  WARN  The 'ulimit -s' on the system is set to 'unlimited'. This may have negative performance implications. Please set the heap size to the default value (10240) 
[1444161512.847044] [node051:23616:0]         sys.c:719  MXM  WARN  Conflicting CPU frequencies detected, using: 1972.59
[1444161512.851336] [node051:23616:0]         mxm.c:185  MXM  WARN  The 'ulimit -s' on the system is set to 'unlimited'. This may have negative performance implications. Please set the heap size to the default value (10240) 
[1444161512.836406] [node056:27298:0]         sys.c:719  MXM  WARN  Conflicting CPU frequencies detected, using: 1586.16
[1444161512.842515] [node056:27298:0]         mxm.c:185  MXM  WARN  The 'ulimit -s' on the system is set to 'unlimited'. This may have negative performance implications. Please set the heap size to the default value (10240) 
[1444161512.840470] [node046:2465 :0]         sys.c:719  MXM  WARN  Conflicting CPU frequencies detected, using: 1399.22
[1444161512.844401] [node046:2465 :0]         mxm.c:185  MXM  WARN  The 'ulimit -s' on the system is set to 'unlimited'. This may have negative performance implications. Please set the heap size to the default value (10240) 
[1444161512.848543] [node057:780  :0]         sys.c:719  MXM  WARN  Conflicting CPU frequencies detected, using: 1698.09
[1444161512.852903] [node057:780  :0]         mxm.c:185  MXM  WARN  The 'ulimit -s' on the system is set to 'unlimited'. This may have negative performance implications. Please set the heap size to the default value (10240) 
[1444161512.867777] [node045:18329:0]         sys.c:719  MXM  WARN  Conflicting CPU frequencies detected, using: 3118.12
[1444161512.873869] [node045:18329:0]         mxm.c:185  MXM  WARN  The 'ulimit -s' on the system is set to 'unlimited'. This may have negative performance implications. Please set the heap size to the default value (10240) 
[1444161512.852897] [node050:25535:0]         sys.c:719  MXM  WARN  Conflicting CPU frequencies detected, using: 1492.31
[1444161512.856841] [node050:25535:0]         mxm.c:185  MXM  WARN  The 'ulimit -s' on the system is set to 'unlimited'. This may have negative performance implications. Please set the heap size to the default value (10240) 
[1444161512.863995] [node062:1608 :0]         sys.c:719  MXM  WARN  Conflicting CPU frequencies detected, using: 1565.81
[1444161512.869931] [node062:1608 :0]         mxm.c:185  MXM  WARN  The 'ulimit -s' on the system is set to 'unlimited'. This may have negative performance implications. Please set the heap size to the default value (10240) 
UPCR: UPC thread  15 of 128 on node008 (pshm node  7 of 64, process  15 of 128, pid=13867)
UPCR: UPC thread  14 of 128 on node008 (pshm node  7 of 64, process  14 of 128, pid=13841)
UPCR: UPC thread  12 of 128 on node007 (pshm node  6 of 64, process  12 of 128, pid=486)
UPCR: UPC thread  13 of 128 on node007 (pshm node  6 of 64, process  13 of 128, pid=456)
UPCR: UPC thread  78 of 128 on node040 (pshm node 39 of 64, process  78 of 128, pid=27346)
UPCR: UPC thread   0 of 128 on node001 (pshm node  0 of 64, process   0 of 128, pid=16749)
UPCR: UPC thread  11 of 128 on node006 (pshm node  5 of 64, process  11 of 128, pid=4752)
UPCR: UPC thread   1 of 128 on node001 (pshm node  0 of 64, process   1 of 128, pid=16750)
UPCR: UPC thread  10 of 128 on node006 (pshm node  5 of 64, process  10 of 128, pid=4776)
UPCR: UPC thread 123 of 128 on node062 (pshm node 61 of 64, process 123 of 128, pid=1591)
UPCR: UPC thread  42 of 128 on node022 (pshm node 21 of 64, process  42 of 128, pid=4641)
UPCR: UPC thread  79 of 128 on node040 (pshm node 39 of 64, process  79 of 128, pid=27345)
UPCR: UPC thread 115 of 128 on node058 (pshm node 57 of 64, process 115 of 128, pid=27699)
UPCR: UPC thread  77 of 128 on node039 (pshm node 38 of 64, process  77 of 128, pid=24748)
UPCR: UPC thread  27 of 128 on node014 (pshm node 13 of 64, process  27 of 128, pid=9204)
UPCR: UPC thread 122 of 128 on node062 (pshm node 61 of 64, process 122 of 128, pid=1608)
UPCR: UPC thread  43 of 128 on node022 (pshm node 21 of 64, process  43 of 128, pid=4658)
UPCR: UPC thread  19 of 128 on node010 (pshm node  9 of 64, process  19 of 128, pid=5176)
UPCR: UPC thread  76 of 128 on node039 (pshm node 38 of 64, process  76 of 128, pid=24772)
UPCR: UPC thread  95 of 128 on node048 (pshm node 47 of 64, process  95 of 128, pid=29723)
UPCR: UPC thread  26 of 128 on node014 (pshm node 13 of 64, process  26 of 128, pid=9179)
UPCR: UPC thread  72 of 128 on node037 (pshm node 36 of 64, process  72 of 128, pid=27750)
UPCR: UPC thread  94 of 128 on node048 (pshm node 47 of 64, process  94 of 128, pid=29747)
UPCR: UPC thread 114 of 128 on node058 (pshm node 57 of 64, process 114 of 128, pid=27700)
UPCR: UPC thread  18 of 128 on node010 (pshm node  9 of 64, process  18 of 128, pid=5201)
UPCR: UPC thread  64 of 128 on node033 (pshm node 32 of 64, process  64 of 128, pid=29701)
UPCR: UPC thread   8 of 128 on node005 (pshm node  4 of 64, process   8 of 128, pid=13662)
UPCR: UPC thread  39 of 128 on node020 (pshm node 19 of 64, process  39 of 128, pid=8592)
UPCR: UPC thread  17 of 128 on node009 (pshm node  8 of 64, process  17 of 128, pid=15841)
UPCR: UPC thread   7 of 128 on node004 (pshm node  3 of 64, process   7 of 128, pid=19635)
UPCR: UPC thread  35 of 128 on node018 (pshm node 17 of 64, process  35 of 128, pid=13444)
UPCR: UPC thread  82 of 128 on node042 (pshm node 41 of 64, process  82 of 128, pid=18190)
UPCR: UPC thread  47 of 128 on node024 (pshm node 23 of 64, process  47 of 128, pid=421)
UPCR: UPC thread  74 of 128 on node038 (pshm node 37 of 64, process  74 of 128, pid=19838)
UPCR: UPC thread  46 of 128 on node024 (pshm node 23 of 64, process  46 of 128, pid=403)
UPCR: UPC thread  44 of 128 on node023 (pshm node 22 of 64, process  44 of 128, pid=8808)
UPCR: UPC thread 127 of 128 on node064 (pshm node 63 of 64, process 127 of 128, pid=11648)
UPCR: UPC thread  30 of 128 on node016 (pshm node 15 of 64, process  30 of 128, pid=24922)
UPCR: UPC thread  65 of 128 on node033 (pshm node 32 of 64, process  65 of 128, pid=29691)
UPCR: UPC thread  49 of 128 on node025 (pshm node 24 of 64, process  49 of 128, pid=23602)
UPCR: UPC thread  59 of 128 on node030 (pshm node 29 of 64, process  59 of 128, pid=23261)
UPCR: UPC thread  51 of 128 on node026 (pshm node 25 of 64, process  51 of 128, pid=13127)
UPCR: UPC thread  81 of 128 on node041 (pshm node 40 of 64, process  81 of 128, pid=21565)
UPCR: UPC thread  48 of 128 on node025 (pshm node 24 of 64, process  48 of 128, pid=23601)
UPCR: UPC thread  66 of 128 on node034 (pshm node 33 of 64, process  66 of 128, pid=23637)
UPCR: UPC thread  58 of 128 on node030 (pshm node 29 of 64, process  58 of 128, pid=23278)
UPCR: UPC thread 106 of 128 on node054 (pshm node 53 of 64, process 106 of 128, pid=28318)
UPCR: UPC thread 111 of 128 on node056 (pshm node 55 of 64, process 111 of 128, pid=27283)
UPCR: UPC thread  34 of 128 on node018 (pshm node 17 of 64, process  34 of 128, pid=13421)
UPCR: UPC thread 112 of 128 on node057 (pshm node 56 of 64, process 112 of 128, pid=756)
UPCR: UPC thread  28 of 128 on node015 (pshm node 14 of 64, process  28 of 128, pid=9462)
UPCR: UPC thread  20 of 128 on node011 (pshm node 10 of 64, process  20 of 128, pid=23400)
UPCR: UPC thread  50 of 128 on node026 (pshm node 25 of 64, process  50 of 128, pid=13131)
UPCR: UPC thread  67 of 128 on node034 (pshm node 33 of 64, process  67 of 128, pid=23636)
UPCR: UPC thread 126 of 128 on node064 (pshm node 63 of 64, process 126 of 128, pid=11665)
UPCR: UPC thread  29 of 128 on node015 (pshm node 14 of 64, process  29 of 128, pid=9480)
UPCR: UPC thread  22 of 128 on node012 (pshm node 11 of 64, process  22 of 128, pid=32393)
UPCR: UPC thread  21 of 128 on node011 (pshm node 10 of 64, process  21 of 128, pid=23376)
UPCR: UPC thread  84 of 128 on node043 (pshm node 42 of 64, process  84 of 128, pid=20484)
UPCR: UPC thread 118 of 128 on node060 (pshm node 59 of 64, process 118 of 128, pid=31249)
UPCR: UPC thread 110 of 128 on node056 (pshm node 55 of 64, process 110 of 128, pid=27298)
UPCR: UPC thread  38 of 128 on node020 (pshm node 19 of 64, process  38 of 128, pid=8593)
UPCR: UPC thread   2 of 128 on node002 (pshm node  1 of 64, process   2 of 128, pid=5697)
UPCR: UPC thread  41 of 128 on node021 (pshm node 20 of 64, process  41 of 128, pid=11151)
UPCR: UPC thread  96 of 128 on node049 (pshm node 48 of 64, process  96 of 128, pid=28276)
UPCR: UPC thread 120 of 128 on node061 (pshm node 60 of 64, process 120 of 128, pid=6098)
UPCR: UPC thread 119 of 128 on node060 (pshm node 59 of 64, process 119 of 128, pid=31248)
UPCR: UPC thread   3 of 128 on node002 (pshm node  1 of 64, process   3 of 128, pid=5721)
UPCR: UPC thread 107 of 128 on node054 (pshm node 53 of 64, process 107 of 128, pid=28342)
UPCR: UPC thread  45 of 128 on node023 (pshm node 22 of 64, process  45 of 128, pid=8807)
UPCR: UPC thread  61 of 128 on node031 (pshm node 30 of 64, process  61 of 128, pid=30124)
UPCR: UPC thread  85 of 128 on node043 (pshm node 42 of 64, process  85 of 128, pid=20460)
UPCR: UPC thread 105 of 128 on node053 (pshm node 52 of 64, process 105 of 128, pid=29700)
UPCR: UPC thread  75 of 128 on node038 (pshm node 37 of 64, process  75 of 128, pid=19817)
UPCR: UPC thread  99 of 128 on node050 (pshm node 49 of 64, process  99 of 128, pid=25535)
UPCR: UPC thread  31 of 128 on node016 (pshm node 15 of 64, process  31 of 128, pid=24946)
UPCR: UPC thread  91 of 128 on node046 (pshm node 45 of 64, process  91 of 128, pid=2442)
UPCR: UPC thread   6 of 128 on node004 (pshm node  3 of 64, process   6 of 128, pid=19659)
UPCR: UPC thread   9 of 128 on node005 (pshm node  4 of 64, process   9 of 128, pid=13638)
UPCR: UPC thread  62 of 128 on node032 (pshm node 31 of 64, process  62 of 128, pid=28679)
UPCR: UPC thread  97 of 128 on node049 (pshm node 48 of 64, process  97 of 128, pid=28255)
UPCR: UPC thread  24 of 128 on node013 (pshm node 12 of 64, process  24 of 128, pid=11420)
UPCR: UPC thread  93 of 128 on node047 (pshm node 46 of 64, process  93 of 128, pid=545)
UPCR: UPC thread  63 of 128 on node032 (pshm node 31 of 64, process  63 of 128, pid=28678)
UPCR: UPC thread  83 of 128 on node042 (pshm node 41 of 64, process  83 of 128, pid=18166)
UPCR: UPC thread 102 of 128 on node052 (pshm node 51 of 64, process 102 of 128, pid=15078)
UPCR: UPC thread  25 of 128 on node013 (pshm node 12 of 64, process  25 of 128, pid=11419)
UPCR: UPC thread  88 of 128 on node045 (pshm node 44 of 64, process  88 of 128, pid=18312)
UPCR: UPC thread  23 of 128 on node012 (pshm node 11 of 64, process  23 of 128, pid=32372)
UPCR: UPC thread 113 of 128 on node057 (pshm node 56 of 64, process 113 of 128, pid=780)
UPCR: UPC thread  60 of 128 on node031 (pshm node 30 of 64, process  60 of 128, pid=30130)
UPCR: UPC thread  16 of 128 on node009 (pshm node  8 of 64, process  16 of 128, pid=15865)
UPCR: UPC thread  98 of 128 on node050 (pshm node 49 of 64, process  98 of 128, pid=25518)
UPCR: UPC thread 117 of 128 on node059 (pshm node 58 of 64, process 117 of 128, pid=25760)
UPCR: UPC thread  52 of 128 on node027 (pshm node 26 of 64, process  52 of 128, pid=6788)
UPCR: UPC thread  73 of 128 on node037 (pshm node 36 of 64, process  73 of 128, pid=27733)
UPCR: UPC thread 103 of 128 on node052 (pshm node 51 of 64, process 103 of 128, pid=15102)
UPCR: UPC thread 101 of 128 on node051 (pshm node 50 of 64, process 101 of 128, pid=23616)
UPCR: UPC thread   5 of 128 on node003 (pshm node  2 of 64, process   5 of 128, pid=28569)
UPCR: UPC thread  37 of 128 on node019 (pshm node 18 of 64, process  37 of 128, pid=28060)
UPCR: UPC thread  92 of 128 on node047 (pshm node 46 of 64, process  92 of 128, pid=512)
UPCR: UPC thread  89 of 128 on node045 (pshm node 44 of 64, process  89 of 128, pid=18329)
UPCR: UPC thread 124 of 128 on node063 (pshm node 62 of 64, process 124 of 128, pid=8050)
UPCR: UPC thread   4 of 128 on node003 (pshm node  2 of 64, process   4 of 128, pid=28593)
UPCR: UPC thread 104 of 128 on node053 (pshm node 52 of 64, process 104 of 128, pid=29717)
UPCR: UPC thread 100 of 128 on node051 (pshm node 50 of 64, process 100 of 128, pid=23620)
UPCR: UPC thread  56 of 128 on node029 (pshm node 28 of 64, process  56 of 128, pid=28554)
UPCR: UPC thread 125 of 128 on node063 (pshm node 62 of 64, process 125 of 128, pid=8046)
UPCR: UPC thread  68 of 128 on node035 (pshm node 34 of 64, process  68 of 128, pid=27266)
UPCR: UPC thread  53 of 128 on node027 (pshm node 26 of 64, process  53 of 128, pid=6789)
UPCR: UPC thread  40 of 128 on node021 (pshm node 20 of 64, process  40 of 128, pid=11127)
UPCR: UPC thread  33 of 128 on node017 (pshm node 16 of 64, process  33 of 128, pid=29451)
UPCR: UPC thread  57 of 128 on node029 (pshm node 28 of 64, process  57 of 128, pid=28530)
UPCR: UPC thread  69 of 128 on node035 (pshm node 34 of 64, process  69 of 128, pid=27287)
UPCR: UPC thread  55 of 128 on node028 (pshm node 27 of 64, process  55 of 128, pid=30128)
UPCR: UPC thread 121 of 128 on node061 (pshm node 60 of 64, process 121 of 128, pid=6077)
UPCR: UPC thread  87 of 128 on node044 (pshm node 43 of 64, process  87 of 128, pid=19966)
UPCR: UPC thread  32 of 128 on node017 (pshm node 16 of 64, process  32 of 128, pid=29452)
UPCR: UPC thread  70 of 128 on node036 (pshm node 35 of 64, process  70 of 128, pid=25741)
UPCR: UPC thread  71 of 128 on node036 (pshm node 35 of 64, process  71 of 128, pid=25717)
UPCR: UPC thread  86 of 128 on node044 (pshm node 43 of 64, process  86 of 128, pid=19942)
UPCR: UPC thread  80 of 128 on node041 (pshm node 40 of 64, process  80 of 128, pid=21571)
UPCR: UPC thread 108 of 128 on node055 (pshm node 54 of 64, process 108 of 128, pid=28986)
UPCR: UPC thread  90 of 128 on node046 (pshm node 45 of 64, process  90 of 128, pid=2465)
UPCR: UPC thread  54 of 128 on node028 (pshm node 27 of 64, process  54 of 128, pid=30119)
UPCR: UPC thread 109 of 128 on node055 (pshm node 54 of 64, process 109 of 128, pid=29003)
UPCR: UPC thread  36 of 128 on node019 (pshm node 18 of 64, process  36 of 128, pid=28059)
UPCR: UPC thread 116 of 128 on node059 (pshm node 58 of 64, process 116 of 128, pid=25784)
Initializing models/schedule_world.2.8-rgs.bdd!
Vector size: 28
Bits per integer: 8
Number of BDD variables: 224
Loading initial states: 
Initial states loaded... 
Loading transition relations... 
28 integers per state, 8 bits per integer, 26 transition groups
BDD nodes:
Initial states: 224 BDD nodes
Transition 0: 230 BDD nodes
Transition 1: 113 BDD nodes
Transition 2: 96 BDD nodes
Transition 3: 96 BDD nodes
Transition 4: 107 BDD nodes
Transition 5: 139 BDD nodes
Transition 6: 96 BDD nodes
Transition 7: 123 BDD nodes
Transition 8: 91 BDD nodes
Transition 9: 848 BDD nodes
Transition 10: 141 BDD nodes
Transition 11: 154 BDD nodes
Transition 12: 281 BDD nodes
Transition 13: 234 BDD nodes
Transition 14: 96 BDD nodes
Transition 15: 113 BDD nodes
Transition 16: 95 BDD nodes
Transition 17: 112 BDD nodes
Transition 18: 96 BDD nodes
Transition 19: 123 BDD nodes
Transition 20: 96 BDD nodes
Transition 21: 107 BDD nodes
Transition 22: 91 BDD nodes
Transition 23: 123 BDD nodes
Transition 24: 91 BDD nodes
Transition 25: 107 BDD nodes
Level 1... done. 
Level 2... done. 
Level 3... done. 
Level 4... done. 
Level 5... done. 
Level 6... done. 
Level 7... done. 
Level 8... done. 
Level 9... done. 
Level 10... done. 
Level 11... done. 
Level 12... done. 
Level 13... done. 
Level 14... done. 
Level 15... done. 
Level 16... done. 
Level 17... done. 
Level 18... done. 
PAR Time: 3.703573
Final states: 1570340 states
Final states: 18779 BDD nodes
[1444161511.552244] [node001:16704:0]         sys.c:719  MXM  WARN  Conflicting CPU frequencies detected, using: 1582.78
