[1444154097.887957] [node030:4788 :0]         sys.c:719  MXM  WARN  Conflicting CPU frequencies detected, using: 1773.09
[1444154097.905835] [node030:4788 :0]         mxm.c:185  MXM  WARN  The 'ulimit -s' on the system is set to 'unlimited'. This may have negative performance implications. Please set the heap size to the default value (10240) 
[1444154097.887281] [node030:4789 :0]         sys.c:719  MXM  WARN  Conflicting CPU frequencies detected, using: 1773.09
[1444154097.905073] [node030:4789 :0]         mxm.c:185  MXM  WARN  The 'ulimit -s' on the system is set to 'unlimited'. This may have negative performance implications. Please set the heap size to the default value (10240) 
[1444154098.155968] [node031:13165:0]         sys.c:719  MXM  WARN  Conflicting CPU frequencies detected, using: 3146.44
[1444154098.162217] [node031:13165:0]         mxm.c:185  MXM  WARN  The 'ulimit -s' on the system is set to 'unlimited'. This may have negative performance implications. Please set the heap size to the default value (10240) 
[1444154098.260756] [node034:6713 :0]         sys.c:719  MXM  WARN  Conflicting CPU frequencies detected, using: 1493.06
[1444154098.266874] [node034:6713 :0]         mxm.c:185  MXM  WARN  The 'ulimit -s' on the system is set to 'unlimited'. This may have negative performance implications. Please set the heap size to the default value (10240) 
[1444154098.243062] [node035:10304:0]         sys.c:719  MXM  WARN  Conflicting CPU frequencies detected, using: 3199.97
[1444154098.247196] [node035:10304:0]         mxm.c:185  MXM  WARN  The 'ulimit -s' on the system is set to 'unlimited'. This may have negative performance implications. Please set the heap size to the default value (10240) 
[1444154098.268383] [node034:6720 :0]         sys.c:719  MXM  WARN  Conflicting CPU frequencies detected, using: 1496.34
[1444154098.274886] [node034:6720 :0]         mxm.c:185  MXM  WARN  The 'ulimit -s' on the system is set to 'unlimited'. This may have negative performance implications. Please set the heap size to the default value (10240) 
[1444154098.227736] [node032:11718:0]         sys.c:719  MXM  WARN  Conflicting CPU frequencies detected, using: 1911.94
[1444154098.234026] [node032:11718:0]         mxm.c:185  MXM  WARN  The 'ulimit -s' on the system is set to 'unlimited'. This may have negative performance implications. Please set the heap size to the default value (10240) 
[1444154098.301774] [node056:10483:0]         sys.c:719  MXM  WARN  Conflicting CPU frequencies detected, using: 1554.09
[1444154098.308215] [node056:10483:0]         mxm.c:185  MXM  WARN  The 'ulimit -s' on the system is set to 'unlimited'. This may have negative performance implications. Please set the heap size to the default value (10240) 
[1444154098.302545] [node033:12726:0]         sys.c:719  MXM  WARN  Conflicting CPU frequencies detected, using: 2382.47
[1444154098.309484] [node033:12726:0]         mxm.c:185  MXM  WARN  The 'ulimit -s' on the system is set to 'unlimited'. This may have negative performance implications. Please set the heap size to the default value (10240) 
[1444154098.312380] [node033:12734:0]         sys.c:719  MXM  WARN  Conflicting CPU frequencies detected, using: 2382.47
[1444154098.319726] [node033:12734:0]         mxm.c:185  MXM  WARN  The 'ulimit -s' on the system is set to 'unlimited'. This may have negative performance implications. Please set the heap size to the default value (10240) 
[1444154098.354401] [node037:10769:0]         sys.c:719  MXM  WARN  Conflicting CPU frequencies detected, using: 1399.97
[1444154098.358719] [node037:10769:0]         mxm.c:185  MXM  WARN  The 'ulimit -s' on the system is set to 'unlimited'. This may have negative performance implications. Please set the heap size to the default value (10240) 
[1444154098.318468] [node044:2964 :0]         sys.c:719  MXM  WARN  Conflicting CPU frequencies detected, using: 2331.94
[1444154098.324396] [node044:2964 :0]         mxm.c:185  MXM  WARN  The 'ulimit -s' on the system is set to 'unlimited'. This may have negative performance implications. Please set the heap size to the default value (10240) 
[1444154098.329872] [node042:1115 :0]         sys.c:719  MXM  WARN  Conflicting CPU frequencies detected, using: 2359.97
[1444154098.336262] [node042:1115 :0]         mxm.c:185  MXM  WARN  The 'ulimit -s' on the system is set to 'unlimited'. This may have negative performance implications. Please set the heap size to the default value (10240) 
[1444154098.344650] [node053:12766:0]         sys.c:719  MXM  WARN  Conflicting CPU frequencies detected, using: 2883.75
[1444154098.348906] [node053:12766:0]         mxm.c:185  MXM  WARN  The 'ulimit -s' on the system is set to 'unlimited'. This may have negative performance implications. Please set the heap size to the default value (10240) 
[1444154098.349816] [node053:12765:0]         sys.c:719  MXM  WARN  Conflicting CPU frequencies detected, using: 2883.75
[1444154098.353845] [node053:12765:0]         mxm.c:185  MXM  WARN  The 'ulimit -s' on the system is set to 'unlimited'. This may have negative performance implications. Please set the heap size to the default value (10240) 
[1444154098.363520] [node038:2843 :0]         sys.c:719  MXM  WARN  Conflicting CPU frequencies detected, using: 1399.12
[1444154098.369815] [node038:2843 :0]         mxm.c:185  MXM  WARN  The 'ulimit -s' on the system is set to 'unlimited'. This may have negative performance implications. Please set the heap size to the default value (10240) 
[1444154098.319569] [node055:12045:0]         sys.c:719  MXM  WARN  Conflicting CPU frequencies detected, using: 1670.25
[1444154098.325842] [node055:12045:0]         mxm.c:185  MXM  WARN  The 'ulimit -s' on the system is set to 'unlimited'. This may have negative performance implications. Please set the heap size to the default value (10240) 
[1444154098.333935] [node040:10395:0]         sys.c:719  MXM  WARN  Conflicting CPU frequencies detected, using: 2127.47
[1444154098.340369] [node040:10395:0]         mxm.c:185  MXM  WARN  The 'ulimit -s' on the system is set to 'unlimited'. This may have negative performance implications. Please set the heap size to the default value (10240) 
[1444154098.349519] [node031:13189:0]         sys.c:719  MXM  WARN  Conflicting CPU frequencies detected, using: 3146.44
[1444154098.355402] [node031:13189:0]         mxm.c:185  MXM  WARN  The 'ulimit -s' on the system is set to 'unlimited'. This may have negative performance implications. Please set the heap size to the default value (10240) 
[1444154098.328371] [node056:10500:0]         sys.c:719  MXM  WARN  Conflicting CPU frequencies detected, using: 1593.19
[1444154098.333911] [node056:10500:0]         mxm.c:185  MXM  WARN  The 'ulimit -s' on the system is set to 'unlimited'. This may have negative performance implications. Please set the heap size to the default value (10240) 
[1444154098.375628] [node038:2853 :0]         sys.c:719  MXM  WARN  Conflicting CPU frequencies detected, using: 1490.25
[1444154098.382610] [node038:2853 :0]         mxm.c:185  MXM  WARN  The 'ulimit -s' on the system is set to 'unlimited'. This may have negative performance implications. Please set the heap size to the default value (10240) 
[1444154098.339009] [node054:11394:0]         sys.c:719  MXM  WARN  Conflicting CPU frequencies detected, using: 1801.41
[1444154098.345340] [node054:11394:0]         mxm.c:185  MXM  WARN  The 'ulimit -s' on the system is set to 'unlimited'. This may have negative performance implications. Please set the heap size to the default value (10240) 
[1444154098.333899] [node054:11384:0]         sys.c:719  MXM  WARN  Conflicting CPU frequencies detected, using: 1646.81
[1444154098.339928] [node054:11384:0]         mxm.c:185  MXM  WARN  The 'ulimit -s' on the system is set to 'unlimited'. This may have negative performance implications. Please set the heap size to the default value (10240) 
[1444154098.369187] [node035:10328:0]         sys.c:719  MXM  WARN  Conflicting CPU frequencies detected, using: 3199.97
[1444154098.372957] [node035:10328:0]         mxm.c:185  MXM  WARN  The 'ulimit -s' on the system is set to 'unlimited'. This may have negative performance implications. Please set the heap size to the default value (10240) 
[1444154098.363213] [node065:23326:0]         sys.c:719  MXM  WARN  Conflicting CPU frequencies detected, using: 2471.44
[1444154098.367196] [node065:23326:0]         mxm.c:185  MXM  WARN  The 'ulimit -s' on the system is set to 'unlimited'. This may have negative performance implications. Please set the heap size to the default value (10240) 
[1444154098.360808] [node042:1132 :0]         sys.c:719  MXM  WARN  Conflicting CPU frequencies detected, using: 2359.97
[1444154098.366812] [node042:1132 :0]         mxm.c:185  MXM  WARN  The 'ulimit -s' on the system is set to 'unlimited'. This may have negative performance implications. Please set the heap size to the default value (10240) 
[1444154098.365491] [node036:8775 :0]         sys.c:719  MXM  WARN  Conflicting CPU frequencies detected, using: 2641.78
[1444154098.369786] [node036:8775 :0]         mxm.c:185  MXM  WARN  The 'ulimit -s' on the system is set to 'unlimited'. This may have negative performance implications. Please set the heap size to the default value (10240) 
[1444154098.359888] [node059:8854 :0]         sys.c:719  MXM  WARN  Conflicting CPU frequencies detected, using: 1599.00
[1444154098.364177] [node059:8854 :0]         mxm.c:185  MXM  WARN  The 'ulimit -s' on the system is set to 'unlimited'. This may have negative performance implications. Please set the heap size to the default value (10240) 
[1444154098.378053] [node036:8786 :0]         sys.c:719  MXM  WARN  Conflicting CPU frequencies detected, using: 2641.78
[1444154098.381981] [node036:8786 :0]         mxm.c:185  MXM  WARN  The 'ulimit -s' on the system is set to 'unlimited'. This may have negative performance implications. Please set the heap size to the default value (10240) 
[1444154098.363293] [node032:11742:0]         sys.c:719  MXM  WARN  Conflicting CPU frequencies detected, using: 1911.94
[1444154098.369317] [node032:11742:0]         mxm.c:185  MXM  WARN  The 'ulimit -s' on the system is set to 'unlimited'. This may have negative performance implications. Please set the heap size to the default value (10240) 
[1444154098.361871] [node063:23441:0]         sys.c:719  MXM  WARN  Conflicting CPU frequencies detected, using: 1600.03
[1444154098.365794] [node063:23441:0]         mxm.c:185  MXM  WARN  The 'ulimit -s' on the system is set to 'unlimited'. This may have negative performance implications. Please set the heap size to the default value (10240) 
[1444154098.372907] [node066:9022 :0]         sys.c:719  MXM  WARN  Conflicting CPU frequencies detected, using: 3011.16
[1444154098.379359] [node066:9022 :0]         mxm.c:185  MXM  WARN  The 'ulimit -s' on the system is set to 'unlimited'. This may have negative performance implications. Please set the heap size to the default value (10240) 
[1444154098.366072] [node043:3502 :0]         sys.c:719  MXM  WARN  Conflicting CPU frequencies detected, using: 2078.34
[1444154098.372549] [node043:3502 :0]         mxm.c:185  MXM  WARN  The 'ulimit -s' on the system is set to 'unlimited'. This may have negative performance implications. Please set the heap size to the default value (10240) 
[1444154098.379220] [node057:16269:0]         sys.c:719  MXM  WARN  Conflicting CPU frequencies detected, using: 1690.12
[1444154098.382608] [node057:16269:0]         mxm.c:185  MXM  WARN  The 'ulimit -s' on the system is set to 'unlimited'. This may have negative performance implications. Please set the heap size to the default value (10240) 
[1444154098.367419] [node057:16259:0]         sys.c:719  MXM  WARN  Conflicting CPU frequencies detected, using: 1625.91
[1444154098.371343] [node057:16259:0]         mxm.c:185  MXM  WARN  The 'ulimit -s' on the system is set to 'unlimited'. This may have negative performance implications. Please set the heap size to the default value (10240) 
[1444154098.366419] [node058:10781:0]         sys.c:719  MXM  WARN  Conflicting CPU frequencies detected, using: 1603.88
[1444154098.370741] [node058:10781:0]         mxm.c:185  MXM  WARN  The 'ulimit -s' on the system is set to 'unlimited'. This may have negative performance implications. Please set the heap size to the default value (10240) 
[1444154098.371904] [node058:10785:0]         sys.c:719  MXM  WARN  Conflicting CPU frequencies detected, using: 1603.88
[1444154098.375787] [node058:10785:0]         mxm.c:185  MXM  WARN  The 'ulimit -s' on the system is set to 'unlimited'. This may have negative performance implications. Please set the heap size to the default value (10240) 
[1444154098.374993] [node064:27092:0]         sys.c:719  MXM  WARN  Conflicting CPU frequencies detected, using: 2399.91
[1444154098.380536] [node064:27092:0]         mxm.c:185  MXM  WARN  The 'ulimit -s' on the system is set to 'unlimited'. This may have negative performance implications. Please set the heap size to the default value (10240) 
[1444154098.365198] [node060:14294:0]         sys.c:719  MXM  WARN  Conflicting CPU frequencies detected, using: 1466.91
[1444154098.369586] [node060:14294:0]         mxm.c:185  MXM  WARN  The 'ulimit -s' on the system is set to 'unlimited'. This may have negative performance implications. Please set the heap size to the default value (10240) 
[1444154098.364555] [node037:10780:0]         sys.c:719  MXM  WARN  Conflicting CPU frequencies detected, using: 1399.97
[1444154098.370437] [node037:10780:0]         mxm.c:185  MXM  WARN  The 'ulimit -s' on the system is set to 'unlimited'. This may have negative performance implications. Please set the heap size to the default value (10240) 
[1444154098.359597] [node062:17101:0]         sys.c:719  MXM  WARN  Conflicting CPU frequencies detected, using: 1589.06
[1444154098.365935] [node062:17101:0]         mxm.c:185  MXM  WARN  The 'ulimit -s' on the system is set to 'unlimited'. This may have negative performance implications. Please set the heap size to the default value (10240) 
[1444154098.371115] [node039:7800 :0]         sys.c:719  MXM  WARN  Conflicting CPU frequencies detected, using: 1904.91
[1444154098.378107] [node039:7800 :0]         mxm.c:185  MXM  WARN  The 'ulimit -s' on the system is set to 'unlimited'. This may have negative performance implications. Please set the heap size to the default value (10240) 
[1444154098.379479] [node059:8866 :0]         sys.c:719  MXM  WARN  Conflicting CPU frequencies detected, using: 1599.00
[1444154098.383856] [node059:8866 :0]         mxm.c:185  MXM  WARN  The 'ulimit -s' on the system is set to 'unlimited'. This may have negative performance implications. Please set the heap size to the default value (10240) 
[1444154098.387661] [node044:2987 :0]         sys.c:719  MXM  WARN  Conflicting CPU frequencies detected, using: 2331.94
[1444154098.393722] [node044:2987 :0]         mxm.c:185  MXM  WARN  The 'ulimit -s' on the system is set to 'unlimited'. This may have negative performance implications. Please set the heap size to the default value (10240) 
[1444154098.367561] [node045:1278 :0]         sys.c:719  MXM  WARN  Conflicting CPU frequencies detected, using: 1606.03
[1444154098.373861] [node045:1278 :0]         mxm.c:185  MXM  WARN  The 'ulimit -s' on the system is set to 'unlimited'. This may have negative performance implications. Please set the heap size to the default value (10240) 
[1444154098.368593] [node067:7343 :0]         sys.c:719  MXM  WARN  Conflicting CPU frequencies detected, using: 1548.56
[1444154098.375371] [node067:7343 :0]         mxm.c:185  MXM  WARN  The 'ulimit -s' on the system is set to 'unlimited'. This may have negative performance implications. Please set the heap size to the default value (10240) 
[1444154098.372278] [node045:1285 :0]         sys.c:719  MXM  WARN  Conflicting CPU frequencies detected, using: 1606.03
[1444154098.378526] [node045:1285 :0]         mxm.c:185  MXM  WARN  The 'ulimit -s' on the system is set to 'unlimited'. This may have negative performance implications. Please set the heap size to the default value (10240) 
[1444154098.371837] [node067:7344 :0]         sys.c:719  MXM  WARN  Conflicting CPU frequencies detected, using: 1548.56
[1444154098.378194] [node067:7344 :0]         mxm.c:185  MXM  WARN  The 'ulimit -s' on the system is set to 'unlimited'. This may have negative performance implications. Please set the heap size to the default value (10240) 
[1444154098.370010] [node041:4628 :0]         sys.c:719  MXM  WARN  Conflicting CPU frequencies detected, using: 1663.12
[1444154098.376099] [node041:4628 :0]         mxm.c:185  MXM  WARN  The 'ulimit -s' on the system is set to 'unlimited'. This may have negative performance implications. Please set the heap size to the default value (10240) 
[1444154098.397678] [node066:9039 :0]         sys.c:719  MXM  WARN  Conflicting CPU frequencies detected, using: 3011.16
[1444154098.403955] [node066:9039 :0]         mxm.c:185  MXM  WARN  The 'ulimit -s' on the system is set to 'unlimited'. This may have negative performance implications. Please set the heap size to the default value (10240) 
[1444154098.381953] [node061:21477:0]         sys.c:719  MXM  WARN  Conflicting CPU frequencies detected, using: 1592.62
[1444154098.386012] [node061:21477:0]         mxm.c:185  MXM  WARN  The 'ulimit -s' on the system is set to 'unlimited'. This may have negative performance implications. Please set the heap size to the default value (10240) 
[1444154098.383100] [node062:17113:0]         sys.c:719  MXM  WARN  Conflicting CPU frequencies detected, using: 1589.06
[1444154098.389536] [node062:17113:0]         mxm.c:185  MXM  WARN  The 'ulimit -s' on the system is set to 'unlimited'. This may have negative performance implications. Please set the heap size to the default value (10240) 
[1444154098.381832] [node061:21476:0]         sys.c:719  MXM  WARN  Conflicting CPU frequencies detected, using: 1592.62
[1444154098.385811] [node061:21476:0]         mxm.c:185  MXM  WARN  The 'ulimit -s' on the system is set to 'unlimited'. This may have negative performance implications. Please set the heap size to the default value (10240) 
[1444154098.383182] [node039:7808 :0]         sys.c:719  MXM  WARN  Conflicting CPU frequencies detected, using: 1807.22
[1444154098.391114] [node039:7808 :0]         mxm.c:185  MXM  WARN  The 'ulimit -s' on the system is set to 'unlimited'. This may have negative performance implications. Please set the heap size to the default value (10240) 
[1444154098.407493] [node065:23343:0]         sys.c:719  MXM  WARN  Conflicting CPU frequencies detected, using: 1607.81
[1444154098.411179] [node065:23343:0]         mxm.c:185  MXM  WARN  The 'ulimit -s' on the system is set to 'unlimited'. This may have negative performance implications. Please set the heap size to the default value (10240) 
[1444154098.417958] [node063:23460:0]         sys.c:719  MXM  WARN  Conflicting CPU frequencies detected, using: 1600.03
[1444154098.421984] [node063:23460:0]         mxm.c:185  MXM  WARN  The 'ulimit -s' on the system is set to 'unlimited'. This may have negative performance implications. Please set the heap size to the default value (10240) 
[1444154098.420241] [node055:12069:0]         sys.c:719  MXM  WARN  Conflicting CPU frequencies detected, using: 1670.25
[1444154098.426466] [node055:12069:0]         mxm.c:185  MXM  WARN  The 'ulimit -s' on the system is set to 'unlimited'. This may have negative performance implications. Please set the heap size to the default value (10240) 
[1444154098.411243] [node068:8323 :0]         sys.c:719  MXM  WARN  Conflicting CPU frequencies detected, using: 1526.81
[1444154098.418167] [node068:8323 :0]         mxm.c:185  MXM  WARN  The 'ulimit -s' on the system is set to 'unlimited'. This may have negative performance implications. Please set the heap size to the default value (10240) 
[1444154098.411054] [node041:4645 :0]         sys.c:719  MXM  WARN  Conflicting CPU frequencies detected, using: 1673.91
[1444154098.417230] [node041:4645 :0]         mxm.c:185  MXM  WARN  The 'ulimit -s' on the system is set to 'unlimited'. This may have negative performance implications. Please set the heap size to the default value (10240) 
[1444154098.417748] [node068:8328 :0]         sys.c:719  MXM  WARN  Conflicting CPU frequencies detected, using: 1483.03
[1444154098.423955] [node068:8328 :0]         mxm.c:185  MXM  WARN  The 'ulimit -s' on the system is set to 'unlimited'. This may have negative performance implications. Please set the heap size to the default value (10240) 
[1444154098.393743] [node043:3519 :0]         sys.c:719  MXM  WARN  Conflicting CPU frequencies detected, using: 1500.00
[1444154098.400116] [node043:3519 :0]         mxm.c:185  MXM  WARN  The 'ulimit -s' on the system is set to 'unlimited'. This may have negative performance implications. Please set the heap size to the default value (10240) 
[1444154098.423091] [node060:14315:0]         sys.c:719  MXM  WARN  Conflicting CPU frequencies detected, using: 1537.22
[1444154098.427296] [node060:14315:0]         mxm.c:185  MXM  WARN  The 'ulimit -s' on the system is set to 'unlimited'. This may have negative performance implications. Please set the heap size to the default value (10240) 
[1444154098.413770] [node040:10418:0]         sys.c:719  MXM  WARN  Conflicting CPU frequencies detected, using: 2127.47
[1444154098.420017] [node040:10418:0]         mxm.c:185  MXM  WARN  The 'ulimit -s' on the system is set to 'unlimited'. This may have negative performance implications. Please set the heap size to the default value (10240) 
[1444154098.408971] [node064:27109:0]         sys.c:719  MXM  WARN  Conflicting CPU frequencies detected, using: 2399.91
[1444154098.415490] [node064:27109:0]         mxm.c:185  MXM  WARN  The 'ulimit -s' on the system is set to 'unlimited'. This may have negative performance implications. Please set the heap size to the default value (10240) 
UPCR: UPC thread  0 of 64 on node030 (pshm node  0 of 32, process  0 of 64, pid=4788)
UPCR: UPC thread  1 of 64 on node030 (pshm node  0 of 32, process  1 of 64, pid=4789)
UPCR: UPC thread 23 of 64 on node041 (pshm node 11 of 32, process 23 of 64, pid=4628)
UPCR: UPC thread 27 of 64 on node043 (pshm node 13 of 32, process 27 of 64, pid=3519)
UPCR: UPC thread 13 of 64 on node036 (pshm node  6 of 32, process 13 of 64, pid=8786)
UPCR: UPC thread 46 of 64 on node060 (pshm node 23 of 32, process 46 of 64, pid=14315)
UPCR: UPC thread 41 of 64 on node057 (pshm node 20 of 32, process 41 of 64, pid=16259)
UPCR: UPC thread 14 of 64 on node037 (pshm node  7 of 32, process 14 of 64, pid=10769)
UPCR: UPC thread 35 of 64 on node054 (pshm node 17 of 32, process 35 of 64, pid=11394)
UPCR: UPC thread 58 of 64 on node066 (pshm node 29 of 32, process 58 of 64, pid=9039)
UPCR: UPC thread 60 of 64 on node067 (pshm node 30 of 32, process 60 of 64, pid=7344)
UPCR: UPC thread 31 of 64 on node045 (pshm node 15 of 32, process 31 of 64, pid=1278)
UPCR: UPC thread 55 of 64 on node064 (pshm node 27 of 32, process 55 of 64, pid=27109)
UPCR: UPC thread  3 of 64 on node031 (pshm node  1 of 32, process  3 of 64, pid=13189)
UPCR: UPC thread  9 of 64 on node034 (pshm node  4 of 32, process  9 of 64, pid=6713)
UPCR: UPC thread 54 of 64 on node064 (pshm node 27 of 32, process 54 of 64, pid=27092)
UPCR: UPC thread 49 of 64 on node061 (pshm node 24 of 32, process 49 of 64, pid=21477)
UPCR: UPC thread  8 of 64 on node034 (pshm node  4 of 32, process  8 of 64, pid=6720)
UPCR: UPC thread 53 of 64 on node063 (pshm node 26 of 32, process 53 of 64, pid=23460)
UPCR: UPC thread 50 of 64 on node062 (pshm node 25 of 32, process 50 of 64, pid=17113)
UPCR: UPC thread 59 of 64 on node066 (pshm node 29 of 32, process 59 of 64, pid=9022)
UPCR: UPC thread 39 of 64 on node056 (pshm node 19 of 32, process 39 of 64, pid=10483)
UPCR: UPC thread  4 of 64 on node032 (pshm node  2 of 32, process  4 of 64, pid=11742)
UPCR: UPC thread 34 of 64 on node054 (pshm node 17 of 32, process 34 of 64, pid=11384)
UPCR: UPC thread 48 of 64 on node061 (pshm node 24 of 32, process 48 of 64, pid=21476)
UPCR: UPC thread 29 of 64 on node044 (pshm node 14 of 32, process 29 of 64, pid=2987)
UPCR: UPC thread 36 of 64 on node055 (pshm node 18 of 32, process 36 of 64, pid=12045)
UPCR: UPC thread  5 of 64 on node032 (pshm node  2 of 32, process  5 of 64, pid=11718)
UPCR: UPC thread 28 of 64 on node044 (pshm node 14 of 32, process 28 of 64, pid=2964)
UPCR: UPC thread 16 of 64 on node038 (pshm node  8 of 32, process 16 of 64, pid=2853)
UPCR: UPC thread 51 of 64 on node062 (pshm node 25 of 32, process 51 of 64, pid=17101)
UPCR: UPC thread 62 of 64 on node068 (pshm node 31 of 32, process 62 of 64, pid=8328)
UPCR: UPC thread 10 of 64 on node035 (pshm node  5 of 32, process 10 of 64, pid=10304)
UPCR: UPC thread 47 of 64 on node060 (pshm node 23 of 32, process 47 of 64, pid=14294)
UPCR: UPC thread 38 of 64 on node056 (pshm node 19 of 32, process 38 of 64, pid=10500)
UPCR: UPC thread 21 of 64 on node040 (pshm node 10 of 32, process 21 of 64, pid=10395)
UPCR: UPC thread 24 of 64 on node042 (pshm node 12 of 32, process 24 of 64, pid=1132)
UPCR: UPC thread  2 of 64 on node031 (pshm node  1 of 32, process  2 of 64, pid=13165)
UPCR: UPC thread 19 of 64 on node039 (pshm node  9 of 32, process 19 of 64, pid=7800)
UPCR: UPC thread 11 of 64 on node035 (pshm node  5 of 32, process 11 of 64, pid=10328)
UPCR: UPC thread 63 of 64 on node068 (pshm node 31 of 32, process 63 of 64, pid=8323)
UPCR: UPC thread 20 of 64 on node040 (pshm node 10 of 32, process 20 of 64, pid=10418)
UPCR: UPC thread 44 of 64 on node059 (pshm node 22 of 32, process 44 of 64, pid=8866)
UPCR: UPC thread 25 of 64 on node042 (pshm node 12 of 32, process 25 of 64, pid=1115)
UPCR: UPC thread 52 of 64 on node063 (pshm node 26 of 32, process 52 of 64, pid=23441)
UPCR: UPC thread 61 of 64 on node067 (pshm node 30 of 32, process 61 of 64, pid=7343)
UPCR: UPC thread 12 of 64 on node036 (pshm node  6 of 32, process 12 of 64, pid=8775)
UPCR: UPC thread 17 of 64 on node038 (pshm node  8 of 32, process 17 of 64, pid=2843)
UPCR: UPC thread 37 of 64 on node055 (pshm node 18 of 32, process 37 of 64, pid=12069)
UPCR: UPC thread  6 of 64 on node033 (pshm node  3 of 32, process  6 of 64, pid=12726)
UPCR: UPC thread 45 of 64 on node059 (pshm node 22 of 32, process 45 of 64, pid=8854)
UPCR: UPC thread 15 of 64 on node037 (pshm node  7 of 32, process 15 of 64, pid=10780)
UPCR: UPC thread 42 of 64 on node058 (pshm node 21 of 32, process 42 of 64, pid=10781)
UPCR: UPC thread 40 of 64 on node057 (pshm node 20 of 32, process 40 of 64, pid=16269)
UPCR: UPC thread 57 of 64 on node065 (pshm node 28 of 32, process 57 of 64, pid=23326)
UPCR: UPC thread 56 of 64 on node065 (pshm node 28 of 32, process 56 of 64, pid=23343)
UPCR: UPC thread 22 of 64 on node041 (pshm node 11 of 32, process 22 of 64, pid=4645)
UPCR: UPC thread 26 of 64 on node043 (pshm node 13 of 32, process 26 of 64, pid=3502)
UPCR: UPC thread 33 of 64 on node053 (pshm node 16 of 32, process 33 of 64, pid=12765)
UPCR: UPC thread 32 of 64 on node053 (pshm node 16 of 32, process 32 of 64, pid=12766)
UPCR: UPC thread 43 of 64 on node058 (pshm node 21 of 32, process 43 of 64, pid=10785)
UPCR: UPC thread 18 of 64 on node039 (pshm node  9 of 32, process 18 of 64, pid=7808)
UPCR: UPC thread 30 of 64 on node045 (pshm node 15 of 32, process 30 of 64, pid=1285)
UPCR: UPC thread  7 of 64 on node033 (pshm node  3 of 32, process  7 of 64, pid=12734)
Initializing models/schedule_world.2.8-rgs.bdd!
Vector size: 28
Bits per integer: 8
Number of BDD variables: 224
Loading initial states: 
Initial states loaded... 
Loading transition relations... 
28 integers per state, 8 bits per integer, 26 transition groups
BDD nodes:
Initial states: 224 BDD nodes
Transition 0: 230 BDD nodes
Transition 1: 113 BDD nodes
Transition 2: 96 BDD nodes
Transition 3: 96 BDD nodes
Transition 4: 107 BDD nodes
Transition 5: 139 BDD nodes
Transition 6: 96 BDD nodes
Transition 7: 123 BDD nodes
Transition 8: 91 BDD nodes
Transition 9: 848 BDD nodes
Transition 10: 141 BDD nodes
Transition 11: 154 BDD nodes
Transition 12: 281 BDD nodes
Transition 13: 234 BDD nodes
Transition 14: 96 BDD nodes
Transition 15: 113 BDD nodes
Transition 16: 95 BDD nodes
Transition 17: 112 BDD nodes
Transition 18: 96 BDD nodes
Transition 19: 123 BDD nodes
Transition 20: 96 BDD nodes
Transition 21: 107 BDD nodes
Transition 22: 91 BDD nodes
Transition 23: 123 BDD nodes
Transition 24: 91 BDD nodes
Transition 25: 107 BDD nodes
Level 1... done. 
Level 2... done. 
Level 3... done. 
Level 4... done. 
Level 5... done. 
Level 6... done. 
Level 7... done. 
Level 8... done. 
Level 9... done. 
Level 10... done. 
Level 11... done. 
Level 12... done. 
Level 13... done. 
Level 14... done. 
Level 15... done. 
Level 16... done. 
Level 17... done. 
Level 18... done. 
PAR Time: 5.408611
Final states: 1570340 states
Final states: 18779 BDD nodes
[1444154097.870944] [node030:4743 :0]         sys.c:719  MXM  WARN  Conflicting CPU frequencies detected, using: 2328.38
