[1443042074.447431] [node030:29819:0]         sys.c:719  MXM  WARN  Conflicting CPU frequencies detected, using: 1725.66
[1443042074.486106] [node030:29819:0]         mxm.c:185  MXM  WARN  The 'ulimit -s' on the system is set to 'unlimited'. This may have negative performance implications. Please set the heap size to the default value (10240) 
[1443042074.447415] [node030:29821:0]         sys.c:719  MXM  WARN  Conflicting CPU frequencies detected, using: 1725.66
[1443042074.485364] [node030:29821:0]         mxm.c:185  MXM  WARN  The 'ulimit -s' on the system is set to 'unlimited'. This may have negative performance implications. Please set the heap size to the default value (10240) 
[1443042074.445283] [node030:29818:0]         sys.c:719  MXM  WARN  Conflicting CPU frequencies detected, using: 1725.66
[1443042074.486909] [node030:29818:0]         mxm.c:185  MXM  WARN  The 'ulimit -s' on the system is set to 'unlimited'. This may have negative performance implications. Please set the heap size to the default value (10240) 
[1443042074.449354] [node030:29820:0]         sys.c:719  MXM  WARN  Conflicting CPU frequencies detected, using: 1725.66
[1443042074.487641] [node030:29820:0]         mxm.c:185  MXM  WARN  The 'ulimit -s' on the system is set to 'unlimited'. This may have negative performance implications. Please set the heap size to the default value (10240) 
[1443042074.706964] [node033:19156:0]         sys.c:719  MXM  WARN  Conflicting CPU frequencies detected, using: 1395.47
[1443042074.713301] [node033:19156:0]         mxm.c:185  MXM  WARN  The 'ulimit -s' on the system is set to 'unlimited'. This may have negative performance implications. Please set the heap size to the default value (10240) 
[1443042074.723731] [node031:17366:0]         sys.c:719  MXM  WARN  Conflicting CPU frequencies detected, using: 1583.44
[1443042074.731912] [node031:17366:0]         mxm.c:185  MXM  WARN  The 'ulimit -s' on the system is set to 'unlimited'. This may have negative performance implications. Please set the heap size to the default value (10240) 
[1443042074.723849] [node031:17367:0]         sys.c:719  MXM  WARN  Conflicting CPU frequencies detected, using: 1583.44
[1443042074.732618] [node031:17367:0]         mxm.c:185  MXM  WARN  The 'ulimit -s' on the system is set to 'unlimited'. This may have negative performance implications. Please set the heap size to the default value (10240) 
[1443042074.696141] [node034:14049:0]         sys.c:719  MXM  WARN  Conflicting CPU frequencies detected, using: 2961.28
[1443042074.702642] [node034:14049:0]         mxm.c:185  MXM  WARN  The 'ulimit -s' on the system is set to 'unlimited'. This may have negative performance implications. Please set the heap size to the default value (10240) 
[1443042074.712295] [node032:16578:0]         sys.c:719  MXM  WARN  Conflicting CPU frequencies detected, using: 1659.19
[1443042074.718291] [node032:16578:0]         mxm.c:185  MXM  WARN  The 'ulimit -s' on the system is set to 'unlimited'. This may have negative performance implications. Please set the heap size to the default value (10240) 
[1443042074.795326] [node035:17249:0]         sys.c:719  MXM  WARN  Conflicting CPU frequencies detected, using: 1455.19
[1443042074.799629] [node035:17249:0]         mxm.c:185  MXM  WARN  The 'ulimit -s' on the system is set to 'unlimited'. This may have negative performance implications. Please set the heap size to the default value (10240) 
[1443042074.861298] [node031:17413:0]         sys.c:719  MXM  WARN  Conflicting CPU frequencies detected, using: 1793.25
[1443042074.867752] [node031:17413:0]         mxm.c:185  MXM  WARN  The 'ulimit -s' on the system is set to 'unlimited'. This may have negative performance implications. Please set the heap size to the default value (10240) 
[1443042074.953125] [node037:17568:0]         sys.c:719  MXM  WARN  Conflicting CPU frequencies detected, using: 3128.53
[1443042074.957147] [node037:17568:0]         mxm.c:185  MXM  WARN  The 'ulimit -s' on the system is set to 'unlimited'. This may have negative performance implications. Please set the heap size to the default value (10240) 
[1443042074.933473] [node036:17300:0]         sys.c:719  MXM  WARN  Conflicting CPU frequencies detected, using: 1796.62
[1443042074.937615] [node036:17300:0]         mxm.c:185  MXM  WARN  The 'ulimit -s' on the system is set to 'unlimited'. This may have negative performance implications. Please set the heap size to the default value (10240) 
[1443042074.940614] [node035:17273:0]         sys.c:719  MXM  WARN  Conflicting CPU frequencies detected, using: 1503.28
[1443042074.944658] [node035:17273:0]         mxm.c:185  MXM  WARN  The 'ulimit -s' on the system is set to 'unlimited'. This may have negative performance implications. Please set the heap size to the default value (10240) 
[1443042074.942638] [node032:16616:0]         sys.c:719  MXM  WARN  Conflicting CPU frequencies detected, using: 1735.78
[1443042074.948737] [node032:16616:0]         mxm.c:185  MXM  WARN  The 'ulimit -s' on the system is set to 'unlimited'. This may have negative performance implications. Please set the heap size to the default value (10240) 
[1443042074.935586] [node032:16603:0]         sys.c:719  MXM  WARN  Conflicting CPU frequencies detected, using: 1751.81
[1443042074.942951] [node032:16603:0]         mxm.c:185  MXM  WARN  The 'ulimit -s' on the system is set to 'unlimited'. This may have negative performance implications. Please set the heap size to the default value (10240) 
[1443042074.948586] [node036:17308:0]         sys.c:719  MXM  WARN  Conflicting CPU frequencies detected, using: 1886.25
[1443042074.953009] [node036:17308:0]         mxm.c:185  MXM  WARN  The 'ulimit -s' on the system is set to 'unlimited'. This may have negative performance implications. Please set the heap size to the default value (10240) 
[1443042074.946665] [node035:17280:0]         sys.c:719  MXM  WARN  Conflicting CPU frequencies detected, using: 1587.75
[1443042074.950346] [node035:17280:0]         mxm.c:185  MXM  WARN  The 'ulimit -s' on the system is set to 'unlimited'. This may have negative performance implications. Please set the heap size to the default value (10240) 
[1443042074.938231] [node032:16604:0]         sys.c:719  MXM  WARN  Conflicting CPU frequencies detected, using: 1735.78
[1443042074.945033] [node032:16604:0]         mxm.c:185  MXM  WARN  The 'ulimit -s' on the system is set to 'unlimited'. This may have negative performance implications. Please set the heap size to the default value (10240) 
[1443042074.940015] [node033:19180:0]         sys.c:719  MXM  WARN  Conflicting CPU frequencies detected, using: 1573.31
[1443042074.946514] [node033:19180:0]         mxm.c:185  MXM  WARN  The 'ulimit -s' on the system is set to 'unlimited'. This may have negative performance implications. Please set the heap size to the default value (10240) 
[1443042074.967879] [node036:17331:0]         sys.c:719  MXM  WARN  Conflicting CPU frequencies detected, using: 1796.53
[1443042074.971728] [node036:17331:0]         mxm.c:185  MXM  WARN  The 'ulimit -s' on the system is set to 'unlimited'. This may have negative performance implications. Please set the heap size to the default value (10240) 
[1443042074.942878] [node033:19184:0]         sys.c:719  MXM  WARN  Conflicting CPU frequencies detected, using: 1588.12
[1443042074.949473] [node033:19184:0]         mxm.c:185  MXM  WARN  The 'ulimit -s' on the system is set to 'unlimited'. This may have negative performance implications. Please set the heap size to the default value (10240) 
[1443042074.944595] [node034:14075:0]         sys.c:719  MXM  WARN  Conflicting CPU frequencies detected, using: 1599.75
[1443042074.951531] [node034:14075:0]         mxm.c:185  MXM  WARN  The 'ulimit -s' on the system is set to 'unlimited'. This may have negative performance implications. Please set the heap size to the default value (10240) 
[1443042074.983813] [node036:17346:0]         sys.c:719  MXM  WARN  Conflicting CPU frequencies detected, using: 1958.06
[1443042074.987294] [node036:17346:0]         mxm.c:185  MXM  WARN  The 'ulimit -s' on the system is set to 'unlimited'. This may have negative performance implications. Please set the heap size to the default value (10240) 
[1443042074.947007] [node034:14076:0]         sys.c:719  MXM  WARN  Conflicting CPU frequencies detected, using: 1599.75
[1443042074.953786] [node034:14076:0]         mxm.c:185  MXM  WARN  The 'ulimit -s' on the system is set to 'unlimited'. This may have negative performance implications. Please set the heap size to the default value (10240) 
[1443042074.956040] [node031:17437:0]         sys.c:719  MXM  WARN  Conflicting CPU frequencies detected, using: 1494.47
[1443042074.962525] [node031:17437:0]         mxm.c:185  MXM  WARN  The 'ulimit -s' on the system is set to 'unlimited'. This may have negative performance implications. Please set the heap size to the default value (10240) 
[1443042074.963644] [node042:14098:0]         sys.c:719  MXM  WARN  Conflicting CPU frequencies detected, using: 2215.88
[1443042074.970552] [node042:14098:0]         mxm.c:185  MXM  WARN  The 'ulimit -s' on the system is set to 'unlimited'. This may have negative performance implications. Please set the heap size to the default value (10240) 
[1443042075.034151] [node033:19228:0]         sys.c:719  MXM  WARN  Conflicting CPU frequencies detected, using: 1800.00
[1443042075.039536] [node033:19228:0]         mxm.c:185  MXM  WARN  The 'ulimit -s' on the system is set to 'unlimited'. This may have negative performance implications. Please set the heap size to the default value (10240) 
[1443042075.029404] [node040:17879:0]         sys.c:719  MXM  WARN  Conflicting CPU frequencies detected, using: 2623.22
[1443042075.035886] [node040:17879:0]         mxm.c:185  MXM  WARN  The 'ulimit -s' on the system is set to 'unlimited'. This may have negative performance implications. Please set the heap size to the default value (10240) 
[1443042075.100033] [node054:6666 :0]         sys.c:719  MXM  WARN  Conflicting CPU frequencies detected, using: 1441.78
[1443042075.106021] [node054:6666 :0]         mxm.c:185  MXM  WARN  The 'ulimit -s' on the system is set to 'unlimited'. This may have negative performance implications. Please set the heap size to the default value (10240) 
[1443042075.113455] [node041:16038:0]         sys.c:719  MXM  WARN  Conflicting CPU frequencies detected, using: 1398.38
[1443042075.119864] [node041:16038:0]         mxm.c:185  MXM  WARN  The 'ulimit -s' on the system is set to 'unlimited'. This may have negative performance implications. Please set the heap size to the default value (10240) 
[1443042075.109447] [node040:17902:0]         sys.c:719  MXM  WARN  Conflicting CPU frequencies detected, using: 2623.22
[1443042075.115704] [node040:17902:0]         mxm.c:185  MXM  WARN  The 'ulimit -s' on the system is set to 'unlimited'. This may have negative performance implications. Please set the heap size to the default value (10240) 
[1443042075.111718] [node038:15386:0]         sys.c:719  MXM  WARN  Conflicting CPU frequencies detected, using: 1660.78
[1443042075.118050] [node038:15386:0]         mxm.c:185  MXM  WARN  The 'ulimit -s' on the system is set to 'unlimited'. This may have negative performance implications. Please set the heap size to the default value (10240) 
[1443042075.174951] [node035:17321:0]         sys.c:719  MXM  WARN  Conflicting CPU frequencies detected, using: 1399.78
[1443042075.179102] [node035:17321:0]         mxm.c:185  MXM  WARN  The 'ulimit -s' on the system is set to 'unlimited'. This may have negative performance implications. Please set the heap size to the default value (10240) 
[1443042075.213641] [node042:14123:0]         sys.c:719  MXM  WARN  Conflicting CPU frequencies detected, using: 1698.84
[1443042075.219748] [node042:14123:0]         mxm.c:185  MXM  WARN  The 'ulimit -s' on the system is set to 'unlimited'. This may have negative performance implications. Please set the heap size to the default value (10240) 
[1443042075.256490] [node039:16807:0]         sys.c:719  MXM  WARN  Conflicting CPU frequencies detected, using: 1463.25
[1443042075.263759] [node039:16807:0]         mxm.c:185  MXM  WARN  The 'ulimit -s' on the system is set to 'unlimited'. This may have negative performance implications. Please set the heap size to the default value (10240) 
[1443042075.229033] [node037:17592:0]         sys.c:719  MXM  WARN  Conflicting CPU frequencies detected, using: 1877.91
[1443042075.233280] [node037:17592:0]         mxm.c:185  MXM  WARN  The 'ulimit -s' on the system is set to 'unlimited'. This may have negative performance implications. Please set the heap size to the default value (10240) 
[1443042075.217191] [node042:14124:0]         sys.c:719  MXM  WARN  Conflicting CPU frequencies detected, using: 1698.84
[1443042075.223721] [node042:14124:0]         mxm.c:185  MXM  WARN  The 'ulimit -s' on the system is set to 'unlimited'. This may have negative performance implications. Please set the heap size to the default value (10240) 
[1443042075.260056] [node044:16269:0]         sys.c:719  MXM  WARN  Conflicting CPU frequencies detected, using: 1495.78
[1443042075.266267] [node044:16269:0]         mxm.c:185  MXM  WARN  The 'ulimit -s' on the system is set to 'unlimited'. This may have negative performance implications. Please set the heap size to the default value (10240) 
[1443042075.225613] [node039:16790:0]         sys.c:719  MXM  WARN  Conflicting CPU frequencies detected, using: 1516.97
[1443042075.231738] [node039:16790:0]         mxm.c:185  MXM  WARN  The 'ulimit -s' on the system is set to 'unlimited'. This may have negative performance implications. Please set the heap size to the default value (10240) 
[1443042075.253491] [node042:14156:0]         sys.c:719  MXM  WARN  Conflicting CPU frequencies detected, using: 1899.66
[1443042075.259861] [node042:14156:0]         mxm.c:185  MXM  WARN  The 'ulimit -s' on the system is set to 'unlimited'. This may have negative performance implications. Please set the heap size to the default value (10240) 
[1443042075.284722] [node043:13486:0]         sys.c:719  MXM  WARN  Conflicting CPU frequencies detected, using: 1599.94
[1443042075.290815] [node043:13486:0]         mxm.c:185  MXM  WARN  The 'ulimit -s' on the system is set to 'unlimited'. This may have negative performance implications. Please set the heap size to the default value (10240) 
[1443042075.292403] [node034:14122:0]         sys.c:719  MXM  WARN  Conflicting CPU frequencies detected, using: 1493.44
[1443042075.298793] [node034:14122:0]         mxm.c:185  MXM  WARN  The 'ulimit -s' on the system is set to 'unlimited'. This may have negative performance implications. Please set the heap size to the default value (10240) 
[1443042075.258022] [node057:22686:0]         sys.c:719  MXM  WARN  Conflicting CPU frequencies detected, using: 1530.47
[1443042075.262458] [node057:22686:0]         mxm.c:185  MXM  WARN  The 'ulimit -s' on the system is set to 'unlimited'. This may have negative performance implications. Please set the heap size to the default value (10240) 
[1443042075.262888] [node060:20719:0]         sys.c:719  MXM  WARN  Conflicting CPU frequencies detected, using: 1597.31
[1443042075.266885] [node060:20719:0]         mxm.c:185  MXM  WARN  The 'ulimit -s' on the system is set to 'unlimited'. This may have negative performance implications. Please set the heap size to the default value (10240) 
[1443042075.262606] [node053:12525:0]         sys.c:719  MXM  WARN  Conflicting CPU frequencies detected, using: 1545.56
[1443042075.266780] [node053:12525:0]         mxm.c:185  MXM  WARN  The 'ulimit -s' on the system is set to 'unlimited'. This may have negative performance implications. Please set the heap size to the default value (10240) 
[1443042075.265042] [node056:23263:0]         sys.c:719  MXM  WARN  Conflicting CPU frequencies detected, using: 1692.09
[1443042075.271121] [node056:23263:0]         mxm.c:185  MXM  WARN  The 'ulimit -s' on the system is set to 'unlimited'. This may have negative performance implications. Please set the heap size to the default value (10240) 
[1443042075.261456] [node045:13516:0]         sys.c:719  MXM  WARN  Conflicting CPU frequencies detected, using: 2058.84
[1443042075.267764] [node045:13516:0]         mxm.c:185  MXM  WARN  The 'ulimit -s' on the system is set to 'unlimited'. This may have negative performance implications. Please set the heap size to the default value (10240) 
[1443042075.273472] [node060:20731:0]         sys.c:719  MXM  WARN  Conflicting CPU frequencies detected, using: 1658.72
[1443042075.277576] [node060:20731:0]         mxm.c:185  MXM  WARN  The 'ulimit -s' on the system is set to 'unlimited'. This may have negative performance implications. Please set the heap size to the default value (10240) 
[1443042075.270843] [node056:23262:0]         sys.c:719  MXM  WARN  Conflicting CPU frequencies detected, using: 1692.09
[1443042075.276567] [node056:23262:0]         mxm.c:185  MXM  WARN  The 'ulimit -s' on the system is set to 'unlimited'. This may have negative performance implications. Please set the heap size to the default value (10240) 
[1443042075.260791] [node062:4380 :0]         sys.c:719  MXM  WARN  Conflicting CPU frequencies detected, using: 1495.12
[1443042075.267000] [node062:4380 :0]         mxm.c:185  MXM  WARN  The 'ulimit -s' on the system is set to 'unlimited'. This may have negative performance implications. Please set the heap size to the default value (10240) 
[1443042075.262605] [node054:6690 :0]         sys.c:719  MXM  WARN  Conflicting CPU frequencies detected, using: 1466.06
[1443042075.269357] [node054:6690 :0]         mxm.c:185  MXM  WARN  The 'ulimit -s' on the system is set to 'unlimited'. This may have negative performance implications. Please set the heap size to the default value (10240) 
[1443042075.281979] [node064:30942:0]         sys.c:719  MXM  WARN  Conflicting CPU frequencies detected, using: 2247.28
[1443042075.288720] [node064:30942:0]         mxm.c:185  MXM  WARN  The 'ulimit -s' on the system is set to 'unlimited'. This may have negative performance implications. Please set the heap size to the default value (10240) 
[1443042075.281861] [node065:16344:0]         sys.c:719  MXM  WARN  Conflicting CPU frequencies detected, using: 1498.03
[1443042075.285747] [node065:16344:0]         mxm.c:185  MXM  WARN  The 'ulimit -s' on the system is set to 'unlimited'. This may have negative performance implications. Please set the heap size to the default value (10240) 
[1443042075.297190] [node057:22703:0]         sys.c:719  MXM  WARN  Conflicting CPU frequencies detected, using: 1875.28
[1443042075.300641] [node057:22703:0]         mxm.c:185  MXM  WARN  The 'ulimit -s' on the system is set to 'unlimited'. This may have negative performance implications. Please set the heap size to the default value (10240) 
[1443042075.281647] [node067:22567:0]         sys.c:719  MXM  WARN  Conflicting CPU frequencies detected, using: 1757.16
[1443042075.287746] [node067:22567:0]         mxm.c:185  MXM  WARN  The 'ulimit -s' on the system is set to 'unlimited'. This may have negative performance implications. Please set the heap size to the default value (10240) 
[1443042075.303856] [node061:12724:0]         sys.c:719  MXM  WARN  Conflicting CPU frequencies detected, using: 2075.53
[1443042075.307206] [node061:12724:0]         mxm.c:185  MXM  WARN  The 'ulimit -s' on the system is set to 'unlimited'. This may have negative performance implications. Please set the heap size to the default value (10240) 
[1443042075.299479] [node037:17616:0]         sys.c:719  MXM  WARN  Conflicting CPU frequencies detected, using: 1877.91
[1443042075.303099] [node037:17616:0]         mxm.c:185  MXM  WARN  The 'ulimit -s' on the system is set to 'unlimited'. This may have negative performance implications. Please set the heap size to the default value (10240) 
[1443042075.283025] [node063:12641:0]         sys.c:719  MXM  WARN  Conflicting CPU frequencies detected, using: 1698.47
[1443042075.286913] [node063:12641:0]         mxm.c:185  MXM  WARN  The 'ulimit -s' on the system is set to 'unlimited'. This may have negative performance implications. Please set the heap size to the default value (10240) 
[1443042075.299674] [node061:12722:0]         sys.c:719  MXM  WARN  Conflicting CPU frequencies detected, using: 2075.53
[1443042075.303735] [node061:12722:0]         mxm.c:185  MXM  WARN  The 'ulimit -s' on the system is set to 'unlimited'. This may have negative performance implications. Please set the heap size to the default value (10240) 
[1443042075.301644] [node061:12723:0]         sys.c:719  MXM  WARN  Conflicting CPU frequencies detected, using: 2075.53
[1443042075.305560] [node061:12723:0]         mxm.c:185  MXM  WARN  The 'ulimit -s' on the system is set to 'unlimited'. This may have negative performance implications. Please set the heap size to the default value (10240) 
[1443042075.279083] [node058:20377:0]         sys.c:719  MXM  WARN  Conflicting CPU frequencies detected, using: 1458.66
[1443042075.283214] [node058:20377:0]         mxm.c:185  MXM  WARN  The 'ulimit -s' on the system is set to 'unlimited'. This may have negative performance implications. Please set the heap size to the default value (10240) 
[1443042075.279091] [node068:23960:0]         sys.c:719  MXM  WARN  Conflicting CPU frequencies detected, using: 1508.16
[1443042075.285931] [node068:23960:0]         mxm.c:185  MXM  WARN  The 'ulimit -s' on the system is set to 'unlimited'. This may have negative performance implications. Please set the heap size to the default value (10240) 
[1443042075.295867] [node056:23295:0]         sys.c:719  MXM  WARN  Conflicting CPU frequencies detected, using: 1999.97
[1443042075.303307] [node056:23295:0]         mxm.c:185  MXM  WARN  The 'ulimit -s' on the system is set to 'unlimited'. This may have negative performance implications. Please set the heap size to the default value (10240) 
[1443042075.286573] [node066:25054:0]         sys.c:719  MXM  WARN  Conflicting CPU frequencies detected, using: 1641.00
[1443042075.292398] [node066:25054:0]         mxm.c:185  MXM  WARN  The 'ulimit -s' on the system is set to 'unlimited'. This may have negative performance implications. Please set the heap size to the default value (10240) 
[1443042075.319917] [node037:17631:0]         sys.c:719  MXM  WARN  Conflicting CPU frequencies detected, using: 1877.91
[1443042075.323360] [node037:17631:0]         mxm.c:185  MXM  WARN  The 'ulimit -s' on the system is set to 'unlimited'. This may have negative performance implications. Please set the heap size to the default value (10240) 
[1443042075.324447] [node057:22719:0]         sys.c:719  MXM  WARN  Conflicting CPU frequencies detected, using: 1899.94
[1443042075.328641] [node057:22719:0]         mxm.c:185  MXM  WARN  The 'ulimit -s' on the system is set to 'unlimited'. This may have negative performance implications. Please set the heap size to the default value (10240) 
[1443042075.317824] [node065:16361:0]         sys.c:719  MXM  WARN  Conflicting CPU frequencies detected, using: 1696.12
[1443042075.321632] [node065:16361:0]         mxm.c:185  MXM  WARN  The 'ulimit -s' on the system is set to 'unlimited'. This may have negative performance implications. Please set the heap size to the default value (10240) 
[1443042075.301241] [node055:6103 :0]         sys.c:719  MXM  WARN  Conflicting CPU frequencies detected, using: 1599.94
[1443042075.306735] [node055:6103 :0]         mxm.c:185  MXM  WARN  The 'ulimit -s' on the system is set to 'unlimited'. This may have negative performance implications. Please set the heap size to the default value (10240) 
[1443042075.319608] [node063:12658:0]         sys.c:719  MXM  WARN  Conflicting CPU frequencies detected, using: 1899.94
[1443042075.323433] [node063:12658:0]         mxm.c:185  MXM  WARN  The 'ulimit -s' on the system is set to 'unlimited'. This may have negative performance implications. Please set the heap size to the default value (10240) 
[1443042075.318157] [node057:22718:0]         sys.c:719  MXM  WARN  Conflicting CPU frequencies detected, using: 1899.94
[1443042075.322836] [node057:22718:0]         mxm.c:185  MXM  WARN  The 'ulimit -s' on the system is set to 'unlimited'. This may have negative performance implications. Please set the heap size to the default value (10240) 
[1443042075.319523] [node064:30959:0]         sys.c:719  MXM  WARN  Conflicting CPU frequencies detected, using: 2247.28
[1443042075.325435] [node064:30959:0]         mxm.c:185  MXM  WARN  The 'ulimit -s' on the system is set to 'unlimited'. This may have negative performance implications. Please set the heap size to the default value (10240) 
[1443042075.317325] [node067:22584:0]         sys.c:719  MXM  WARN  Conflicting CPU frequencies detected, using: 1757.16
[1443042075.323119] [node067:22584:0]         mxm.c:185  MXM  WARN  The 'ulimit -s' on the system is set to 'unlimited'. This may have negative performance implications. Please set the heap size to the default value (10240) 
[1443042075.323978] [node058:20394:0]         sys.c:719  MXM  WARN  Conflicting CPU frequencies detected, using: 1592.81
[1443042075.327890] [node058:20394:0]         mxm.c:185  MXM  WARN  The 'ulimit -s' on the system is set to 'unlimited'. This may have negative performance implications. Please set the heap size to the default value (10240) 
[1443042075.325579] [node064:30963:0]         sys.c:719  MXM  WARN  Conflicting CPU frequencies detected, using: 2247.28
[1443042075.331400] [node064:30963:0]         mxm.c:185  MXM  WARN  The 'ulimit -s' on the system is set to 'unlimited'. This may have negative performance implications. Please set the heap size to the default value (10240) 
[1443042075.328187] [node059:18530:0]         sys.c:719  MXM  WARN  Conflicting CPU frequencies detected, using: 1741.97
[1443042075.332113] [node059:18530:0]         mxm.c:185  MXM  WARN  The 'ulimit -s' on the system is set to 'unlimited'. This may have negative performance implications. Please set the heap size to the default value (10240) 
[1443042075.321787] [node060:20756:0]         sys.c:719  MXM  WARN  Conflicting CPU frequencies detected, using: 1583.25
[1443042075.325673] [node060:20756:0]         mxm.c:185  MXM  WARN  The 'ulimit -s' on the system is set to 'unlimited'. This may have negative performance implications. Please set the heap size to the default value (10240) 
[1443042075.324005] [node068:23977:0]         sys.c:719  MXM  WARN  Conflicting CPU frequencies detected, using: 1694.53
[1443042075.329472] [node068:23977:0]         mxm.c:185  MXM  WARN  The 'ulimit -s' on the system is set to 'unlimited'. This may have negative performance implications. Please set the heap size to the default value (10240) 
[1443042075.319765] [node043:13503:0]         sys.c:719  MXM  WARN  Conflicting CPU frequencies detected, using: 1694.34
[1443042075.327117] [node043:13503:0]         mxm.c:185  MXM  WARN  The 'ulimit -s' on the system is set to 'unlimited'. This may have negative performance implications. Please set the heap size to the default value (10240) 
[1443042075.326606] [node059:18531:0]         sys.c:719  MXM  WARN  Conflicting CPU frequencies detected, using: 1741.97
[1443042075.330530] [node059:18531:0]         mxm.c:185  MXM  WARN  The 'ulimit -s' on the system is set to 'unlimited'. This may have negative performance implications. Please set the heap size to the default value (10240) 
[1443042075.312431] [node055:6113 :0]         sys.c:719  MXM  WARN  Conflicting CPU frequencies detected, using: 1625.81
[1443042075.320172] [node055:6113 :0]         mxm.c:185  MXM  WARN  The 'ulimit -s' on the system is set to 'unlimited'. This may have negative performance implications. Please set the heap size to the default value (10240) 
[1443042075.327269] [node060:20764:0]         sys.c:719  MXM  WARN  Conflicting CPU frequencies detected, using: 1741.22
[1443042075.331479] [node060:20764:0]         mxm.c:185  MXM  WARN  The 'ulimit -s' on the system is set to 'unlimited'. This may have negative performance implications. Please set the heap size to the default value (10240) 
[1443042075.350891] [node063:12681:0]         sys.c:719  MXM  WARN  Conflicting CPU frequencies detected, using: 2089.78
[1443042075.354677] [node063:12681:0]         mxm.c:185  MXM  WARN  The 'ulimit -s' on the system is set to 'unlimited'. This may have negative performance implications. Please set the heap size to the default value (10240) 
[1443042075.348070] [node053:12548:0]         sys.c:719  MXM  WARN  Conflicting CPU frequencies detected, using: 1791.56
[1443042075.352197] [node053:12548:0]         mxm.c:185  MXM  WARN  The 'ulimit -s' on the system is set to 'unlimited'. This may have negative performance implications. Please set the heap size to the default value (10240) 
[1443042075.345784] [node065:16384:0]         sys.c:719  MXM  WARN  Conflicting CPU frequencies detected, using: 1697.16
[1443042075.349928] [node065:16384:0]         mxm.c:185  MXM  WARN  The 'ulimit -s' on the system is set to 'unlimited'. This may have negative performance implications. Please set the heap size to the default value (10240) 
[1443042075.327122] [node067:22590:0]         sys.c:719  MXM  WARN  Conflicting CPU frequencies detected, using: 1757.16
[1443042075.333774] [node067:22590:0]         mxm.c:185  MXM  WARN  The 'ulimit -s' on the system is set to 'unlimited'. This may have negative performance implications. Please set the heap size to the default value (10240) 
[1443042075.334722] [node067:22609:0]         sys.c:719  MXM  WARN  Conflicting CPU frequencies detected, using: 1800.00
[1443042075.341448] [node067:22609:0]         mxm.c:185  MXM  WARN  The 'ulimit -s' on the system is set to 'unlimited'. This may have negative performance implications. Please set the heap size to the default value (10240) 
[1443042075.345719] [node064:31000:0]         sys.c:719  MXM  WARN  Conflicting CPU frequencies detected, using: 2247.28
[1443042075.352269] [node064:31000:0]         mxm.c:185  MXM  WARN  The 'ulimit -s' on the system is set to 'unlimited'. This may have negative performance implications. Please set the heap size to the default value (10240) 
[1443042075.327380] [node054:6713 :0]         sys.c:719  MXM  WARN  Conflicting CPU frequencies detected, using: 1757.16
[1443042075.335119] [node054:6713 :0]         mxm.c:185  MXM  WARN  The 'ulimit -s' on the system is set to 'unlimited'. This may have negative performance implications. Please set the heap size to the default value (10240) 
[1443042075.347351] [node045:13539:0]         sys.c:719  MXM  WARN  Conflicting CPU frequencies detected, using: 2058.84
[1443042075.353091] [node045:13539:0]         mxm.c:185  MXM  WARN  The 'ulimit -s' on the system is set to 'unlimited'. This may have negative performance implications. Please set the heap size to the default value (10240) 
[1443042075.326542] [node054:6712 :0]         sys.c:719  MXM  WARN  Conflicting CPU frequencies detected, using: 1757.16
[1443042075.334392] [node054:6712 :0]         mxm.c:185  MXM  WARN  The 'ulimit -s' on the system is set to 'unlimited'. This may have negative performance implications. Please set the heap size to the default value (10240) 
[1443042075.361937] [node061:12783:0]         sys.c:719  MXM  WARN  Conflicting CPU frequencies detected, using: 2075.53
[1443042075.365859] [node061:12783:0]         mxm.c:185  MXM  WARN  The 'ulimit -s' on the system is set to 'unlimited'. This may have negative performance implications. Please set the heap size to the default value (10240) 
[1443042075.354106] [node065:16394:0]         sys.c:719  MXM  WARN  Conflicting CPU frequencies detected, using: 1698.38
[1443042075.357816] [node065:16394:0]         mxm.c:185  MXM  WARN  The 'ulimit -s' on the system is set to 'unlimited'. This may have negative performance implications. Please set the heap size to the default value (10240) 
[1443042075.333053] [node041:16062:0]         sys.c:719  MXM  WARN  Conflicting CPU frequencies detected, using: 1569.84
[1443042075.339550] [node041:16062:0]         mxm.c:185  MXM  WARN  The 'ulimit -s' on the system is set to 'unlimited'. This may have negative performance implications. Please set the heap size to the default value (10240) 
[1443042075.360154] [node058:20417:0]         sys.c:719  MXM  WARN  Conflicting CPU frequencies detected, using: 1794.38
[1443042075.364109] [node058:20417:0]         mxm.c:185  MXM  WARN  The 'ulimit -s' on the system is set to 'unlimited'. This may have negative performance implications. Please set the heap size to the default value (10240) 
[1443042075.363563] [node053:12559:0]         sys.c:719  MXM  WARN  Conflicting CPU frequencies detected, using: 1918.78
[1443042075.367712] [node053:12559:0]         mxm.c:185  MXM  WARN  The 'ulimit -s' on the system is set to 'unlimited'. This may have negative performance implications. Please set the heap size to the default value (10240) 
[1443042075.347951] [node056:23326:0]         sys.c:719  MXM  WARN  Conflicting CPU frequencies detected, using: 2099.91
[1443042075.353940] [node056:23326:0]         mxm.c:185  MXM  WARN  The 'ulimit -s' on the system is set to 'unlimited'. This may have negative performance implications. Please set the heap size to the default value (10240) 
[1443042075.356283] [node059:18563:0]         sys.c:719  MXM  WARN  Conflicting CPU frequencies detected, using: 1741.97
[1443042075.360362] [node059:18563:0]         mxm.c:185  MXM  WARN  The 'ulimit -s' on the system is set to 'unlimited'. This may have negative performance implications. Please set the heap size to the default value (10240) 
[1443042075.350103] [node066:25075:0]         sys.c:719  MXM  WARN  Conflicting CPU frequencies detected, using: 1880.16
[1443042075.355758] [node066:25075:0]         mxm.c:185  MXM  WARN  The 'ulimit -s' on the system is set to 'unlimited'. This may have negative performance implications. Please set the heap size to the default value (10240) 
[1443042075.355991] [node038:15410:0]         sys.c:719  MXM  WARN  Conflicting CPU frequencies detected, using: 1999.97
[1443042075.361670] [node038:15410:0]         mxm.c:185  MXM  WARN  The 'ulimit -s' on the system is set to 'unlimited'. This may have negative performance implications. Please set the heap size to the default value (10240) 
[1443042075.351844] [node038:15413:0]         sys.c:719  MXM  WARN  Conflicting CPU frequencies detected, using: 1999.97
[1443042075.358050] [node038:15413:0]         mxm.c:185  MXM  WARN  The 'ulimit -s' on the system is set to 'unlimited'. This may have negative performance implications. Please set the heap size to the default value (10240) 
[1443042075.364017] [node068:24000:0]         sys.c:719  MXM  WARN  Conflicting CPU frequencies detected, using: 1892.53
[1443042075.369689] [node068:24000:0]         mxm.c:185  MXM  WARN  The 'ulimit -s' on the system is set to 'unlimited'. This may have negative performance implications. Please set the heap size to the default value (10240) 
[1443042075.385960] [node053:12583:0]         sys.c:719  MXM  WARN  Conflicting CPU frequencies detected, using: 2400.00
[1443042075.390306] [node053:12583:0]         mxm.c:185  MXM  WARN  The 'ulimit -s' on the system is set to 'unlimited'. This may have negative performance implications. Please set the heap size to the default value (10240) 
[1443042075.350703] [node044:16292:0]         sys.c:719  MXM  WARN  Conflicting CPU frequencies detected, using: 1609.41
[1443042075.357143] [node044:16292:0]         mxm.c:185  MXM  WARN  The 'ulimit -s' on the system is set to 'unlimited'. This may have negative performance implications. Please set the heap size to the default value (10240) 
[1443042075.355529] [node039:16844:0]         sys.c:719  MXM  WARN  Conflicting CPU frequencies detected, using: 1897.69
[1443042075.363123] [node039:16844:0]         mxm.c:185  MXM  WARN  The 'ulimit -s' on the system is set to 'unlimited'. This may have negative performance implications. Please set the heap size to the default value (10240) 
[1443042075.363651] [node055:6141 :0]         sys.c:719  MXM  WARN  Conflicting CPU frequencies detected, using: 1916.91
[1443042075.369552] [node055:6141 :0]         mxm.c:185  MXM  WARN  The 'ulimit -s' on the system is set to 'unlimited'. This may have negative performance implications. Please set the heap size to the default value (10240) 
[1443042075.355445] [node040:17930:0]         sys.c:719  MXM  WARN  Conflicting CPU frequencies detected, using: 1699.97
[1443042075.363470] [node040:17930:0]         mxm.c:185  MXM  WARN  The 'ulimit -s' on the system is set to 'unlimited'. This may have negative performance implications. Please set the heap size to the default value (10240) 
[1443042075.363435] [node045:13551:0]         sys.c:719  MXM  WARN  Conflicting CPU frequencies detected, using: 2058.84
[1443042075.368956] [node045:13551:0]         mxm.c:185  MXM  WARN  The 'ulimit -s' on the system is set to 'unlimited'. This may have negative performance implications. Please set the heap size to the default value (10240) 
[1443042075.365294] [node043:13526:0]         sys.c:719  MXM  WARN  Conflicting CPU frequencies detected, using: 1801.78
[1443042075.371571] [node043:13526:0]         mxm.c:185  MXM  WARN  The 'ulimit -s' on the system is set to 'unlimited'. This may have negative performance implications. Please set the heap size to the default value (10240) 
[1443042075.354708] [node039:16838:0]         sys.c:719  MXM  WARN  Conflicting CPU frequencies detected, using: 1897.69
[1443042075.362399] [node039:16838:0]         mxm.c:185  MXM  WARN  The 'ulimit -s' on the system is set to 'unlimited'. This may have negative performance implications. Please set the heap size to the default value (10240) 
[1443042075.371003] [node045:13565:0]         sys.c:719  MXM  WARN  Conflicting CPU frequencies detected, using: 2058.84
[1443042075.379555] [node045:13565:0]         mxm.c:185  MXM  WARN  The 'ulimit -s' on the system is set to 'unlimited'. This may have negative performance implications. Please set the heap size to the default value (10240) 
[1443042075.357010] [node040:17929:0]         sys.c:719  MXM  WARN  Conflicting CPU frequencies detected, using: 1699.97
[1443042075.364255] [node040:17929:0]         mxm.c:185  MXM  WARN  The 'ulimit -s' on the system is set to 'unlimited'. This may have negative performance implications. Please set the heap size to the default value (10240) 
[1443042075.370345] [node043:13530:0]         sys.c:719  MXM  WARN  Conflicting CPU frequencies detected, using: 1801.78
[1443042075.376298] [node043:13530:0]         mxm.c:185  MXM  WARN  The 'ulimit -s' on the system is set to 'unlimited'. This may have negative performance implications. Please set the heap size to the default value (10240) 
[1443042075.389350] [node058:20441:0]         sys.c:719  MXM  WARN  Conflicting CPU frequencies detected, using: 1899.94
[1443042075.393054] [node058:20441:0]         mxm.c:185  MXM  WARN  The 'ulimit -s' on the system is set to 'unlimited'. This may have negative performance implications. Please set the heap size to the default value (10240) 
[1443042075.365738] [node066:25087:0]         sys.c:719  MXM  WARN  Conflicting CPU frequencies detected, using: 1899.94
[1443042075.373524] [node066:25087:0]         mxm.c:185  MXM  WARN  The 'ulimit -s' on the system is set to 'unlimited'. This may have negative performance implications. Please set the heap size to the default value (10240) 
[1443042075.375740] [node062:4406 :0]         sys.c:719  MXM  WARN  Conflicting CPU frequencies detected, using: 2125.31
[1443042075.381839] [node062:4406 :0]         mxm.c:185  MXM  WARN  The 'ulimit -s' on the system is set to 'unlimited'. This may have negative performance implications. Please set the heap size to the default value (10240) 
[1443042075.399483] [node063:12705:0]         sys.c:719  MXM  WARN  Conflicting CPU frequencies detected, using: 2088.19
[1443042075.402930] [node063:12705:0]         mxm.c:185  MXM  WARN  The 'ulimit -s' on the system is set to 'unlimited'. This may have negative performance implications. Please set the heap size to the default value (10240) 
[1443042075.377323] [node055:6163 :0]         sys.c:719  MXM  WARN  Conflicting CPU frequencies detected, using: 1625.81
[1443042075.382856] [node055:6163 :0]         mxm.c:185  MXM  WARN  The 'ulimit -s' on the system is set to 'unlimited'. This may have negative performance implications. Please set the heap size to the default value (10240) 
[1443042075.365140] [node066:25095:0]         sys.c:719  MXM  WARN  Conflicting CPU frequencies detected, using: 1899.94
[1443042075.372756] [node066:25095:0]         mxm.c:185  MXM  WARN  The 'ulimit -s' on the system is set to 'unlimited'. This may have negative performance implications. Please set the heap size to the default value (10240) 
[1443042075.380967] [node062:4408 :0]         sys.c:719  MXM  WARN  Conflicting CPU frequencies detected, using: 2125.31
[1443042075.386847] [node062:4408 :0]         mxm.c:185  MXM  WARN  The 'ulimit -s' on the system is set to 'unlimited'. This may have negative performance implications. Please set the heap size to the default value (10240) 
[1443042075.371936] [node044:16304:0]         sys.c:719  MXM  WARN  Conflicting CPU frequencies detected, using: 1778.72
[1443042075.378964] [node044:16304:0]         mxm.c:185  MXM  WARN  The 'ulimit -s' on the system is set to 'unlimited'. This may have negative performance implications. Please set the heap size to the default value (10240) 
[1443042075.396054] [node059:18592:0]         sys.c:719  MXM  WARN  Conflicting CPU frequencies detected, using: 1797.75
[1443042075.399990] [node059:18592:0]         mxm.c:185  MXM  WARN  The 'ulimit -s' on the system is set to 'unlimited'. This may have negative performance implications. Please set the heap size to the default value (10240) 
[1443042075.384412] [node062:4407 :0]         sys.c:719  MXM  WARN  Conflicting CPU frequencies detected, using: 2125.31
[1443042075.391857] [node062:4407 :0]         mxm.c:185  MXM  WARN  The 'ulimit -s' on the system is set to 'unlimited'. This may have negative performance implications. Please set the heap size to the default value (10240) 
[1443042075.370192] [node044:16305:0]         sys.c:719  MXM  WARN  Conflicting CPU frequencies detected, using: 1778.72
[1443042075.378253] [node044:16305:0]         mxm.c:185  MXM  WARN  The 'ulimit -s' on the system is set to 'unlimited'. This may have negative performance implications. Please set the heap size to the default value (10240) 
[1443042075.397695] [node038:15444:0]         sys.c:719  MXM  WARN  Conflicting CPU frequencies detected, using: 2081.34
[1443042075.403948] [node038:15444:0]         mxm.c:185  MXM  WARN  The 'ulimit -s' on the system is set to 'unlimited'. This may have negative performance implications. Please set the heap size to the default value (10240) 
[1443042075.390984] [node041:16081:0]         sys.c:719  MXM  WARN  Conflicting CPU frequencies detected, using: 1569.84
[1443042075.396494] [node041:16081:0]         mxm.c:185  MXM  WARN  The 'ulimit -s' on the system is set to 'unlimited'. This may have negative performance implications. Please set the heap size to the default value (10240) 
[1443042075.393958] [node041:16080:0]         sys.c:719  MXM  WARN  Conflicting CPU frequencies detected, using: 1569.84
[1443042075.400533] [node041:16080:0]         mxm.c:185  MXM  WARN  The 'ulimit -s' on the system is set to 'unlimited'. This may have negative performance implications. Please set the heap size to the default value (10240) 
[1443042075.409840] [node068:24024:0]         sys.c:719  MXM  WARN  Conflicting CPU frequencies detected, using: 1999.97
[1443042075.415852] [node068:24024:0]         mxm.c:185  MXM  WARN  The 'ulimit -s' on the system is set to 'unlimited'. This may have negative performance implications. Please set the heap size to the default value (10240) 
UPCR: UPC thread   2 of 128 on node030 (pshm node  0 of 32, process   2 of 128, pid=29820)
UPCR: UPC thread   3 of 128 on node030 (pshm node  0 of 32, process   3 of 128, pid=29821)
UPCR: UPC thread   1 of 128 on node030 (pshm node  0 of 32, process   1 of 128, pid=29819)
UPCR: UPC thread   0 of 128 on node030 (pshm node  0 of 32, process   0 of 128, pid=29818)
UPCR: UPC thread  44 of 128 on node041 (pshm node 11 of 32, process  44 of 128, pid=16038)
UPCR: UPC thread  37 of 128 on node039 (pshm node  9 of 32, process  37 of 128, pid=16844)
UPCR: UPC thread  82 of 128 on node057 (pshm node 20 of 32, process  82 of 128, pid=22719)
UPCR: UPC thread  99 of 128 on node061 (pshm node 24 of 32, process  99 of 128, pid=12783)
UPCR: UPC thread 104 of 128 on node063 (pshm node 26 of 32, process 104 of 128, pid=12705)
UPCR: UPC thread  36 of 128 on node039 (pshm node  9 of 32, process  36 of 128, pid=16838)
UPCR: UPC thread  39 of 128 on node039 (pshm node  9 of 32, process  39 of 128, pid=16790)
UPCR: UPC thread  69 of 128 on node054 (pshm node 17 of 32, process  69 of 128, pid=6666)
UPCR: UPC thread  54 of 128 on node043 (pshm node 13 of 32, process  54 of 128, pid=13486)
UPCR: UPC thread   6 of 128 on node031 (pshm node  1 of 32, process   6 of 128, pid=17437)
UPCR: UPC thread  84 of 128 on node058 (pshm node 21 of 32, process  84 of 128, pid=20377)
UPCR: UPC thread  56 of 128 on node044 (pshm node 14 of 32, process  56 of 128, pid=16304)
UPCR: UPC thread  73 of 128 on node055 (pshm node 18 of 32, process  73 of 128, pid=6163)
UPCR: UPC thread  58 of 128 on node044 (pshm node 14 of 32, process  58 of 128, pid=16292)
UPCR: UPC thread 115 of 128 on node065 (pshm node 28 of 32, process 115 of 128, pid=16384)
UPCR: UPC thread  47 of 128 on node041 (pshm node 11 of 32, process  47 of 128, pid=16080)
UPCR: UPC thread  83 of 128 on node057 (pshm node 20 of 32, process  83 of 128, pid=22718)
UPCR: UPC thread  65 of 128 on node053 (pshm node 16 of 32, process  65 of 128, pid=12559)
UPCR: UPC thread 100 of 128 on node062 (pshm node 25 of 32, process 100 of 128, pid=4380)
UPCR: UPC thread  70 of 128 on node054 (pshm node 17 of 32, process  70 of 128, pid=6713)
UPCR: UPC thread  64 of 128 on node053 (pshm node 16 of 32, process  64 of 128, pid=12583)
UPCR: UPC thread  22 of 128 on node035 (pshm node  5 of 32, process  22 of 128, pid=17280)
UPCR: UPC thread  11 of 128 on node032 (pshm node  2 of 32, process  11 of 128, pid=16604)
UPCR: UPC thread  10 of 128 on node032 (pshm node  2 of 32, process  10 of 128, pid=16616)
UPCR: UPC thread  97 of 128 on node061 (pshm node 24 of 32, process  97 of 128, pid=12722)
UPCR: UPC thread  40 of 128 on node040 (pshm node 10 of 32, process  40 of 128, pid=17930)
UPCR: UPC thread   4 of 128 on node031 (pshm node  1 of 32, process   4 of 128, pid=17367)
UPCR: UPC thread  96 of 128 on node061 (pshm node 24 of 32, process  96 of 128, pid=12724)
UPCR: UPC thread  87 of 128 on node058 (pshm node 21 of 32, process  87 of 128, pid=20441)
UPCR: UPC thread  98 of 128 on node061 (pshm node 24 of 32, process  98 of 128, pid=12723)
UPCR: UPC thread  76 of 128 on node056 (pshm node 19 of 32, process  76 of 128, pid=23263)
UPCR: UPC thread  91 of 128 on node059 (pshm node 22 of 32, process  91 of 128, pid=18530)
UPCR: UPC thread  92 of 128 on node060 (pshm node 23 of 32, process  92 of 128, pid=20756)
UPCR: UPC thread 102 of 128 on node062 (pshm node 25 of 32, process 102 of 128, pid=4407)
UPCR: UPC thread   7 of 128 on node031 (pshm node  1 of 32, process   7 of 128, pid=17366)
UPCR: UPC thread  21 of 128 on node035 (pshm node  5 of 32, process  21 of 128, pid=17273)
UPCR: UPC thread 126 of 128 on node068 (pshm node 31 of 32, process 126 of 128, pid=23960)
UPCR: UPC thread  93 of 128 on node060 (pshm node 23 of 32, process  93 of 128, pid=20764)
UPCR: UPC thread  26 of 128 on node036 (pshm node  6 of 32, process  26 of 128, pid=17346)
UPCR: UPC thread  61 of 128 on node045 (pshm node 15 of 32, process  61 of 128, pid=13565)
UPCR: UPC thread  46 of 128 on node041 (pshm node 11 of 32, process  46 of 128, pid=16062)
UPCR: UPC thread 121 of 128 on node067 (pshm node 30 of 32, process 121 of 128, pid=22590)
UPCR: UPC thread  41 of 128 on node040 (pshm node 10 of 32, process  41 of 128, pid=17879)
UPCR: UPC thread  51 of 128 on node042 (pshm node 12 of 32, process  51 of 128, pid=14123)
UPCR: UPC thread  38 of 128 on node039 (pshm node  9 of 32, process  38 of 128, pid=16807)
UPCR: UPC thread  71 of 128 on node054 (pshm node 17 of 32, process  71 of 128, pid=6712)
UPCR: UPC thread  52 of 128 on node043 (pshm node 13 of 32, process  52 of 128, pid=13526)
UPCR: UPC thread  12 of 128 on node033 (pshm node  3 of 32, process  12 of 128, pid=19184)
UPCR: UPC thread  14 of 128 on node033 (pshm node  3 of 32, process  14 of 128, pid=19156)
UPCR: UPC thread  90 of 128 on node059 (pshm node 22 of 32, process  90 of 128, pid=18531)
UPCR: UPC thread  55 of 128 on node043 (pshm node 13 of 32, process  55 of 128, pid=13503)
UPCR: UPC thread  45 of 128 on node041 (pshm node 11 of 32, process  45 of 128, pid=16081)
UPCR: UPC thread 108 of 128 on node064 (pshm node 27 of 32, process 108 of 128, pid=31000)
UPCR: UPC thread  89 of 128 on node059 (pshm node 22 of 32, process  89 of 128, pid=18592)
UPCR: UPC thread  67 of 128 on node053 (pshm node 16 of 32, process  67 of 128, pid=12525)
UPCR: UPC thread  15 of 128 on node033 (pshm node  3 of 32, process  15 of 128, pid=19228)
UPCR: UPC thread 105 of 128 on node063 (pshm node 26 of 32, process 105 of 128, pid=12658)
UPCR: UPC thread  94 of 128 on node060 (pshm node 23 of 32, process  94 of 128, pid=20731)
UPCR: UPC thread   9 of 128 on node032 (pshm node  2 of 32, process   9 of 128, pid=16578)
UPCR: UPC thread 117 of 128 on node066 (pshm node 29 of 32, process 117 of 128, pid=25095)
UPCR: UPC thread 127 of 128 on node068 (pshm node 31 of 32, process 127 of 128, pid=24024)
UPCR: UPC thread  62 of 128 on node045 (pshm node 15 of 32, process  62 of 128, pid=13516)
UPCR: UPC thread  16 of 128 on node034 (pshm node  4 of 32, process  16 of 128, pid=14075)
UPCR: UPC thread  20 of 128 on node035 (pshm node  5 of 32, process  20 of 128, pid=17249)
UPCR: UPC thread  27 of 128 on node036 (pshm node  6 of 32, process  27 of 128, pid=17300)
UPCR: UPC thread  31 of 128 on node037 (pshm node  7 of 32, process  31 of 128, pid=17631)
UPCR: UPC thread 101 of 128 on node062 (pshm node 25 of 32, process 101 of 128, pid=4406)
UPCR: UPC thread 114 of 128 on node065 (pshm node 28 of 32, process 114 of 128, pid=16361)
UPCR: UPC thread  30 of 128 on node037 (pshm node  7 of 32, process  30 of 128, pid=17616)
UPCR: UPC thread   5 of 128 on node031 (pshm node  1 of 32, process   5 of 128, pid=17413)
UPCR: UPC thread  29 of 128 on node037 (pshm node  7 of 32, process  29 of 128, pid=17592)
UPCR: UPC thread 123 of 128 on node067 (pshm node 30 of 32, process 123 of 128, pid=22584)
UPCR: UPC thread 103 of 128 on node062 (pshm node 25 of 32, process 103 of 128, pid=4408)
UPCR: UPC thread  77 of 128 on node056 (pshm node 19 of 32, process  77 of 128, pid=23295)
UPCR: UPC thread 113 of 128 on node065 (pshm node 28 of 32, process 113 of 128, pid=16344)
UPCR: UPC thread  13 of 128 on node033 (pshm node  3 of 32, process  13 of 128, pid=19180)
UPCR: UPC thread  80 of 128 on node057 (pshm node 20 of 32, process  80 of 128, pid=22686)
UPCR: UPC thread 111 of 128 on node064 (pshm node 27 of 32, process 111 of 128, pid=30942)
UPCR: UPC thread   8 of 128 on node032 (pshm node  2 of 32, process   8 of 128, pid=16603)
UPCR: UPC thread  81 of 128 on node057 (pshm node 20 of 32, process  81 of 128, pid=22703)
UPCR: UPC thread  85 of 128 on node058 (pshm node 21 of 32, process  85 of 128, pid=20417)
UPCR: UPC thread  59 of 128 on node044 (pshm node 14 of 32, process  59 of 128, pid=16269)
UPCR: UPC thread  68 of 128 on node054 (pshm node 17 of 32, process  68 of 128, pid=6690)
UPCR: UPC thread 116 of 128 on node066 (pshm node 29 of 32, process 116 of 128, pid=25054)
UPCR: UPC thread  78 of 128 on node056 (pshm node 19 of 32, process  78 of 128, pid=23326)
UPCR: UPC thread  25 of 128 on node036 (pshm node  6 of 32, process  25 of 128, pid=17308)
UPCR: UPC thread  43 of 128 on node040 (pshm node 10 of 32, process  43 of 128, pid=17929)
UPCR: UPC thread  53 of 128 on node043 (pshm node 13 of 32, process  53 of 128, pid=13530)
UPCR: UPC thread  88 of 128 on node059 (pshm node 22 of 32, process  88 of 128, pid=18563)
UPCR: UPC thread  18 of 128 on node034 (pshm node  4 of 32, process  18 of 128, pid=14076)
UPCR: UPC thread  24 of 128 on node036 (pshm node  6 of 32, process  24 of 128, pid=17331)
UPCR: UPC thread  33 of 128 on node038 (pshm node  8 of 32, process  33 of 128, pid=15410)
UPCR: UPC thread 107 of 128 on node063 (pshm node 26 of 32, process 107 of 128, pid=12641)
UPCR: UPC thread 122 of 128 on node067 (pshm node 30 of 32, process 122 of 128, pid=22609)
UPCR: UPC thread  74 of 128 on node055 (pshm node 18 of 32, process  74 of 128, pid=6141)
UPCR: UPC thread 112 of 128 on node065 (pshm node 28 of 32, process 112 of 128, pid=16394)
UPCR: UPC thread  72 of 128 on node055 (pshm node 18 of 32, process  72 of 128, pid=6103)
UPCR: UPC thread  75 of 128 on node055 (pshm node 18 of 32, process  75 of 128, pid=6113)
UPCR: UPC thread 119 of 128 on node066 (pshm node 29 of 32, process 119 of 128, pid=25087)
UPCR: UPC thread  86 of 128 on node058 (pshm node 21 of 32, process  86 of 128, pid=20394)
UPCR: UPC thread  23 of 128 on node035 (pshm node  5 of 32, process  23 of 128, pid=17321)
UPCR: UPC thread  34 of 128 on node038 (pshm node  8 of 32, process  34 of 128, pid=15386)
UPCR: UPC thread  42 of 128 on node040 (pshm node 10 of 32, process  42 of 128, pid=17902)
UPCR: UPC thread  35 of 128 on node038 (pshm node  8 of 32, process  35 of 128, pid=15444)
UPCR: UPC thread 125 of 128 on node068 (pshm node 31 of 32, process 125 of 128, pid=23977)
UPCR: UPC thread  19 of 128 on node034 (pshm node  4 of 32, process  19 of 128, pid=14122)
UPCR: UPC thread 124 of 128 on node068 (pshm node 31 of 32, process 124 of 128, pid=24000)
UPCR: UPC thread  57 of 128 on node044 (pshm node 14 of 32, process  57 of 128, pid=16305)
UPCR: UPC thread  48 of 128 on node042 (pshm node 12 of 32, process  48 of 128, pid=14098)
UPCR: UPC thread 120 of 128 on node067 (pshm node 30 of 32, process 120 of 128, pid=22567)
UPCR: UPC thread  79 of 128 on node056 (pshm node 19 of 32, process  79 of 128, pid=23262)
UPCR: UPC thread  60 of 128 on node045 (pshm node 15 of 32, process  60 of 128, pid=13551)
UPCR: UPC thread  66 of 128 on node053 (pshm node 16 of 32, process  66 of 128, pid=12548)
UPCR: UPC thread  95 of 128 on node060 (pshm node 23 of 32, process  95 of 128, pid=20719)
UPCR: UPC thread  32 of 128 on node038 (pshm node  8 of 32, process  32 of 128, pid=15413)
UPCR: UPC thread  50 of 128 on node042 (pshm node 12 of 32, process  50 of 128, pid=14156)
UPCR: UPC thread  17 of 128 on node034 (pshm node  4 of 32, process  17 of 128, pid=14049)
UPCR: UPC thread 106 of 128 on node063 (pshm node 26 of 32, process 106 of 128, pid=12681)
UPCR: UPC thread  28 of 128 on node037 (pshm node  7 of 32, process  28 of 128, pid=17568)
UPCR: UPC thread 110 of 128 on node064 (pshm node 27 of 32, process 110 of 128, pid=30963)
UPCR: UPC thread  63 of 128 on node045 (pshm node 15 of 32, process  63 of 128, pid=13539)
UPCR: UPC thread  49 of 128 on node042 (pshm node 12 of 32, process  49 of 128, pid=14124)
UPCR: UPC thread 118 of 128 on node066 (pshm node 29 of 32, process 118 of 128, pid=25075)
UPCR: UPC thread 109 of 128 on node064 (pshm node 27 of 32, process 109 of 128, pid=30959)
Initializing models/anderson.6.4-rgs.bdd!
Vector size: 19
Bits per integer: 4
Number of BDD variables: 76
Loading initial states: 
Initial states loaded... 
Loading transition relations... 
19 integers per state, 4 bits per integer, 18 transition groups
BDD nodes:
Initial states: 76 BDD nodes
Transition 0: 606 BDD nodes
Transition 1: 99 BDD nodes
Transition 2: 27 BDD nodes
Transition 3: 653 BDD nodes
Transition 4: 180 BDD nodes
Transition 5: 28 BDD nodes
Transition 6: 544 BDD nodes
Transition 7: 544 BDD nodes
Transition 8: 544 BDD nodes
Transition 9: 544 BDD nodes
Transition 10: 180 BDD nodes
Transition 11: 28 BDD nodes
Transition 12: 133 BDD nodes
Transition 13: 133 BDD nodes
Transition 14: 133 BDD nodes
Transition 15: 28 BDD nodes
Transition 16: 28 BDD nodes
Transition 17: 28 BDD nodes
Level 1... done. 
Level 2... done. 
Level 3... done. 
Level 4... done. 
Level 5... done. 
Level 6... done. 
Level 7... done. 
Level 8... done. 
Level 9... done. 
Level 10... done. 
Level 11... done. 
Level 12... done. 
Level 13... done. 
Level 14... done. 
Level 15... done. 
Level 16... done. 
Level 17... done. 
Level 18... done. 
Level 19... done. 
Level 20... done. 
Level 21... done. 
Level 22... done. 
Level 23... done. 
Level 24... done. 
Level 25... done. 
Level 26... done. 
Level 27... done. 
Level 28... done. 
Level 29... done. 
Level 30... done. 
Level 31... done. 
Level 32... done. 
Level 33... done. 
Level 34... done. 
Level 35... done. 
Level 36... done. 
Level 37... done. 
Level 38... done. 
Level 39... done. 
Level 40... done. 
Level 41... done. 
Level 42... done. 
Level 43... done. 
Level 44... done. 
Level 45... done. 
Level 46... done. 
Level 47... done. 
Level 48... done. 
Level 49... done. 
Level 50... done. 
Level 51... done. 
Level 52... done. 
Level 53... done. 
Level 54... done. 
Level 55... done. 
Level 56... done. 
Level 57... done. 
Level 58... done. 
Level 59... done. 
Level 60... done. 
Level 61... done. 
Level 62... done. 
Level 63... done. 
Level 64... done. 
Level 65... done. 
Level 66... done. 
Level 67... done. 
Level 68... done. 
Level 69... done. 
Level 70... done. 
Level 71... done. 
Level 72... done. 
Level 73... done. 
Level 74... done. 
Level 75... done. 
Level 76... done. 
Level 77... done. 
Level 78... done. 
Level 79... done. 
Level 80... done. 
Level 81... done. 
Level 82... done. 
Level 83... done. 
Level 84... done. 
Level 85... done. 
Level 86... done. 
Level 87... done. 
Level 88... done. 
Level 89... done. 
Level 90... done. 
Level 91... done. 
Level 92... done. 
Level 93... done. 
Level 94... done. 
Level 95... done. 
Level 96... done. 
Level 97... done. 
Level 98... done. 
Level 99... done. 
Level 100... done. 
Level 101... done. 
Level 102... done. 
Level 103... done. 
Level 104... done. 
Level 105... done. 
Level 106... done. 
Level 107... done. 
Level 108... done. 
Level 109... done. 
Level 110... done. 
Level 111... done. 
Level 112... done. 
Level 113... done. 
Level 114... done. 
Level 115... done. 
Level 116... done. 
Level 117... done. 
Level 118... done. 
Level 119... done. 
Level 120... done. 
Level 121... done. 
Level 122... done. 
Level 123... done. 
Level 124... done. 
Level 125... done. 
Level 126... done. 
Level 127... done. 
Level 128... done. 
Level 129... done. 
Level 130... done. 
Level 131... done. 
Level 132... done. 
Level 133... done. 
Level 134... done. 
Level 135... done. 
Level 136... done. 
Level 137... done. 
Level 138... done. 
Level 139... done. 
Level 140... done. 
Level 141... done. 
Level 142... done. 
Level 143... done. 
Level 144... done. 
Level 145... done. 
Level 146... done. 
Level 147... done. 
Level 148... done. 
Level 149... done. 
Level 150... done. 
Level 151... done. 
Level 152... done. 
Level 153... done. 
Level 154... done. 
Level 155... done. 
Level 156... done. 
Level 157... done. 
Level 158... done. 
Level 159... done. 
Level 160... done. 
Level 161... done. 
Level 162... done. 
Level 163... done. 
Level 164... done. 
Level 165... done. 
Level 166... done. 
Level 167... done. 
Level 168... done. 
Level 169... done. 
Level 170... done. 
Level 171... done. 
Level 172... done. 
Level 173... done. 
Level 174... done. 
Level 175... done. 
Level 176... done. 
Level 177... done. 
Level 178... done. 
Level 179... done. 
Level 180... done. 
Level 181... done. 
PAR Time: 8.371032
Final states: 18206917 states
Final states: 76234 BDD nodes
[1443042074.427495] [node030:29773:0]         sys.c:719  MXM  WARN  Conflicting CPU frequencies detected, using: 1425.47
