[1443040241.989662] [node001:32245:0]         sys.c:719  MXM  WARN  Conflicting CPU frequencies detected, using: 1573.12
[1443040241.994113] [node001:32245:0]         mxm.c:185  MXM  WARN  The 'ulimit -s' on the system is set to 'unlimited'. This may have negative performance implications. Please set the heap size to the default value (10240) 
[1443040242.196134] [node020:27823:0]         sys.c:719  MXM  WARN  Conflicting CPU frequencies detected, using: 2326.69
[1443040242.202329] [node020:27823:0]         mxm.c:185  MXM  WARN  The 'ulimit -s' on the system is set to 'unlimited'. This may have negative performance implications. Please set the heap size to the default value (10240) 
[1443040242.201965] [node029:23791:0]         sys.c:719  MXM  WARN  Conflicting CPU frequencies detected, using: 1699.31
[1443040242.206290] [node029:23791:0]         mxm.c:185  MXM  WARN  The 'ulimit -s' on the system is set to 'unlimited'. This may have negative performance implications. Please set the heap size to the default value (10240) 
[1443040242.208988] [node024:7710 :0]         sys.c:719  MXM  WARN  Conflicting CPU frequencies detected, using: 2023.22
[1443040242.213333] [node024:7710 :0]         mxm.c:185  MXM  WARN  The 'ulimit -s' on the system is set to 'unlimited'. This may have negative performance implications. Please set the heap size to the default value (10240) 
[1443040242.206195] [node002:30560:0]         sys.c:719  MXM  WARN  Conflicting CPU frequencies detected, using: 2016.56
[1443040242.210690] [node002:30560:0]         mxm.c:185  MXM  WARN  The 'ulimit -s' on the system is set to 'unlimited'. This may have negative performance implications. Please set the heap size to the default value (10240) 
[1443040242.203666] [node021:32523:0]         sys.c:719  MXM  WARN  Conflicting CPU frequencies detected, using: 1801.59
[1443040242.207972] [node021:32523:0]         mxm.c:185  MXM  WARN  The 'ulimit -s' on the system is set to 'unlimited'. This may have negative performance implications. Please set the heap size to the default value (10240) 
[1443040242.214822] [node007:14219:0]         sys.c:719  MXM  WARN  Conflicting CPU frequencies detected, using: 1934.06
[1443040242.219147] [node007:14219:0]         mxm.c:185  MXM  WARN  The 'ulimit -s' on the system is set to 'unlimited'. This may have negative performance implications. Please set the heap size to the default value (10240) 
[1443040242.213196] [node003:20155:0]         sys.c:719  MXM  WARN  Conflicting CPU frequencies detected, using: 1996.88
[1443040242.217588] [node003:20155:0]         mxm.c:185  MXM  WARN  The 'ulimit -s' on the system is set to 'unlimited'. This may have negative performance implications. Please set the heap size to the default value (10240) 
[1443040242.211358] [node022:24928:0]         sys.c:719  MXM  WARN  Conflicting CPU frequencies detected, using: 2402.16
[1443040242.218016] [node022:24928:0]         mxm.c:185  MXM  WARN  The 'ulimit -s' on the system is set to 'unlimited'. This may have negative performance implications. Please set the heap size to the default value (10240) 
[1443040242.202322] [node018:17193:0]         sys.c:719  MXM  WARN  Conflicting CPU frequencies detected, using: 1363.50
[1443040242.208577] [node018:17193:0]         mxm.c:185  MXM  WARN  The 'ulimit -s' on the system is set to 'unlimited'. This may have negative performance implications. Please set the heap size to the default value (10240) 
[1443040242.210022] [node050:28213:0]         sys.c:719  MXM  WARN  Conflicting CPU frequencies detected, using: 1451.72
[1443040242.214697] [node050:28213:0]         mxm.c:185  MXM  WARN  The 'ulimit -s' on the system is set to 'unlimited'. This may have negative performance implications. Please set the heap size to the default value (10240) 
[1443040242.203127] [node025:3904 :0]         sys.c:719  MXM  WARN  Conflicting CPU frequencies detected, using: 2299.97
[1443040242.207613] [node025:3904 :0]         mxm.c:185  MXM  WARN  The 'ulimit -s' on the system is set to 'unlimited'. This may have negative performance implications. Please set the heap size to the default value (10240) 
[1443040242.216528] [node048:28782:0]         sys.c:719  MXM  WARN  Conflicting CPU frequencies detected, using: 1495.50
[1443040242.220653] [node048:28782:0]         mxm.c:185  MXM  WARN  The 'ulimit -s' on the system is set to 'unlimited'. This may have negative performance implications. Please set the heap size to the default value (10240) 
[1443040242.219456] [node052:32320:0]         sys.c:719  MXM  WARN  Conflicting CPU frequencies detected, using: 2027.72
[1443040242.223887] [node052:32320:0]         mxm.c:185  MXM  WARN  The 'ulimit -s' on the system is set to 'unlimited'. This may have negative performance implications. Please set the heap size to the default value (10240) 
[1443040242.216145] [node005:16298:0]         sys.c:719  MXM  WARN  Conflicting CPU frequencies detected, using: 1497.00
[1443040242.220675] [node005:16298:0]         mxm.c:185  MXM  WARN  The 'ulimit -s' on the system is set to 'unlimited'. This may have negative performance implications. Please set the heap size to the default value (10240) 
[1443040242.217153] [node004:14755:0]         sys.c:719  MXM  WARN  Conflicting CPU frequencies detected, using: 2613.47
[1443040242.221417] [node004:14755:0]         mxm.c:185  MXM  WARN  The 'ulimit -s' on the system is set to 'unlimited'. This may have negative performance implications. Please set the heap size to the default value (10240) 
[1443040242.219431] [node047:31174:0]         sys.c:719  MXM  WARN  Conflicting CPU frequencies detected, using: 2553.09
[1443040242.223958] [node047:31174:0]         mxm.c:185  MXM  WARN  The 'ulimit -s' on the system is set to 'unlimited'. This may have negative performance implications. Please set the heap size to the default value (10240) 
[1443040242.213543] [node051:23283:0]         sys.c:719  MXM  WARN  Conflicting CPU frequencies detected, using: 1494.84
[1443040242.217951] [node051:23283:0]         mxm.c:185  MXM  WARN  The 'ulimit -s' on the system is set to 'unlimited'. This may have negative performance implications. Please set the heap size to the default value (10240) 
[1443040242.206651] [node028:11451:0]         sys.c:719  MXM  WARN  Conflicting CPU frequencies detected, using: 1594.97
[1443040242.211001] [node028:11451:0]         mxm.c:185  MXM  WARN  The 'ulimit -s' on the system is set to 'unlimited'. This may have negative performance implications. Please set the heap size to the default value (10240) 
[1443040242.202353] [node023:24944:0]         sys.c:719  MXM  WARN  Conflicting CPU frequencies detected, using: 1464.38
[1443040242.209048] [node023:24944:0]         mxm.c:185  MXM  WARN  The 'ulimit -s' on the system is set to 'unlimited'. This may have negative performance implications. Please set the heap size to the default value (10240) 
[1443040242.211502] [node006:8722 :0]         sys.c:719  MXM  WARN  Conflicting CPU frequencies detected, using: 1499.25
[1443040242.215805] [node006:8722 :0]         mxm.c:185  MXM  WARN  The 'ulimit -s' on the system is set to 'unlimited'. This may have negative performance implications. Please set the heap size to the default value (10240) 
[1443040242.199250] [node017:18742:0]         sys.c:719  MXM  WARN  Conflicting CPU frequencies detected, using: 2969.16
[1443040242.205547] [node017:18742:0]         mxm.c:185  MXM  WARN  The 'ulimit -s' on the system is set to 'unlimited'. This may have negative performance implications. Please set the heap size to the default value (10240) 
[1443040242.218650] [node046:6173 :0]         sys.c:719  MXM  WARN  Conflicting CPU frequencies detected, using: 1396.78
[1443040242.223017] [node046:6173 :0]         mxm.c:185  MXM  WARN  The 'ulimit -s' on the system is set to 'unlimited'. This may have negative performance implications. Please set the heap size to the default value (10240) 
[1443040242.206155] [node049:31596:0]         sys.c:719  MXM  WARN  Conflicting CPU frequencies detected, using: 1350.56
[1443040242.210550] [node049:31596:0]         mxm.c:185  MXM  WARN  The 'ulimit -s' on the system is set to 'unlimited'. This may have negative performance implications. Please set the heap size to the default value (10240) 
UPCR: UPC thread  0 of 24 on node001 (pshm node  0 of 24, process  0 of 24, pid=32245)
UPCR: UPC thread 23 of 24 on node052 (pshm node 23 of 24, process 23 of 24, pid=32320)
UPCR: UPC thread 11 of 24 on node022 (pshm node 11 of 24, process 11 of 24, pid=24928)
UPCR: UPC thread  1 of 24 on node002 (pshm node  1 of 24, process  1 of 24, pid=30560)
UPCR: UPC thread 10 of 24 on node021 (pshm node 10 of 24, process 10 of 24, pid=32523)
UPCR: UPC thread 19 of 24 on node048 (pshm node 19 of 24, process 19 of 24, pid=28782)
UPCR: UPC thread  7 of 24 on node017 (pshm node  7 of 24, process  7 of 24, pid=18742)
UPCR: UPC thread 18 of 24 on node047 (pshm node 18 of 24, process 18 of 24, pid=31174)
UPCR: UPC thread 14 of 24 on node025 (pshm node 14 of 24, process 14 of 24, pid=3904)
UPCR: UPC thread  4 of 24 on node005 (pshm node  4 of 24, process  4 of 24, pid=16298)
UPCR: UPC thread 21 of 24 on node050 (pshm node 21 of 24, process 21 of 24, pid=28213)
UPCR: UPC thread 15 of 24 on node028 (pshm node 15 of 24, process 15 of 24, pid=11451)
UPCR: UPC thread  9 of 24 on node020 (pshm node  9 of 24, process  9 of 24, pid=27823)
UPCR: UPC thread  5 of 24 on node006 (pshm node  5 of 24, process  5 of 24, pid=8722)
UPCR: UPC thread 17 of 24 on node046 (pshm node 17 of 24, process 17 of 24, pid=6173)
UPCR: UPC thread 22 of 24 on node051 (pshm node 22 of 24, process 22 of 24, pid=23283)
UPCR: UPC thread 12 of 24 on node023 (pshm node 12 of 24, process 12 of 24, pid=24944)
UPCR: UPC thread  8 of 24 on node018 (pshm node  8 of 24, process  8 of 24, pid=17193)
UPCR: UPC thread 13 of 24 on node024 (pshm node 13 of 24, process 13 of 24, pid=7710)
UPCR: UPC thread 20 of 24 on node049 (pshm node 20 of 24, process 20 of 24, pid=31596)
UPCR: UPC thread  3 of 24 on node004 (pshm node  3 of 24, process  3 of 24, pid=14755)
UPCR: UPC thread  6 of 24 on node007 (pshm node  6 of 24, process  6 of 24, pid=14219)
UPCR: UPC thread  2 of 24 on node003 (pshm node  2 of 24, process  2 of 24, pid=20155)
UPCR: UPC thread 16 of 24 on node029 (pshm node 16 of 24, process 16 of 24, pid=23791)
Initializing models/anderson.6.4-rgs.bdd!
Vector size: 19
Bits per integer: 4
Number of BDD variables: 76
Loading initial states: 
Initial states loaded... 
Loading transition relations... 
19 integers per state, 4 bits per integer, 18 transition groups
BDD nodes:
Initial states: 76 BDD nodes
Transition 0: 606 BDD nodes
Transition 1: 99 BDD nodes
Transition 2: 27 BDD nodes
Transition 3: 653 BDD nodes
Transition 4: 180 BDD nodes
Transition 5: 28 BDD nodes
Transition 6: 544 BDD nodes
Transition 7: 544 BDD nodes
Transition 8: 544 BDD nodes
Transition 9: 544 BDD nodes
Transition 10: 180 BDD nodes
Transition 11: 28 BDD nodes
Transition 12: 133 BDD nodes
Transition 13: 133 BDD nodes
Transition 14: 133 BDD nodes
Transition 15: 28 BDD nodes
Transition 16: 28 BDD nodes
Transition 17: 28 BDD nodes
Level 1... done. 
Level 2... done. 
Level 3... done. 
Level 4... done. 
Level 5... done. 
Level 6... done. 
Level 7... done. 
Level 8... done. 
Level 9... done. 
Level 10... done. 
Level 11... done. 
Level 12... done. 
Level 13... done. 
Level 14... done. 
Level 15... done. 
Level 16... done. 
Level 17... done. 
Level 18... done. 
Level 19... done. 
Level 20... done. 
Level 21... done. 
Level 22... done. 
Level 23... done. 
Level 24... done. 
Level 25... done. 
Level 26... done. 
Level 27... done. 
Level 28... done. 
Level 29... done. 
Level 30... done. 
Level 31... done. 
Level 32... done. 
Level 33... done. 
Level 34... done. 
Level 35... done. 
Level 36... done. 
Level 37... done. 
Level 38... done. 
Level 39... done. 
Level 40... done. 
Level 41... done. 
Level 42... done. 
Level 43... done. 
Level 44... done. 
Level 45... done. 
Level 46... done. 
Level 47... done. 
Level 48... done. 
Level 49... done. 
Level 50... done. 
Level 51... done. 
Level 52... done. 
Level 53... done. 
Level 54... done. 
Level 55... done. 
Level 56... done. 
Level 57... done. 
Level 58... done. 
Level 59... done. 
Level 60... done. 
Level 61... done. 
Level 62... done. 
Level 63... done. 
Level 64... done. 
Level 65... done. 
Level 66... done. 
Level 67... done. 
Level 68... done. 
Level 69... done. 
Level 70... done. 
Level 71... done. 
Level 72... done. 
Level 73... done. 
Level 74... done. 
Level 75... done. 
Level 76... done. 
Level 77... done. 
Level 78... done. 
Level 79... done. 
Level 80... done. 
Level 81... done. 
Level 82... done. 
Level 83... done. 
Level 84... done. 
Level 85... done. 
Level 86... done. 
Level 87... done. 
Level 88... done. 
Level 89... done. 
Level 90... done. 
Level 91... done. 
Level 92... done. 
Level 93... done. 
Level 94... done. 
Level 95... done. 
Level 96... done. 
Level 97... done. 
Level 98... done. 
Level 99... done. 
Level 100... done. 
Level 101... done. 
Level 102... done. 
Level 103... done. 
Level 104... done. 
Level 105... done. 
Level 106... done. 
Level 107... done. 
Level 108... done. 
Level 109... done. 
Level 110... done. 
Level 111... done. 
Level 112... done. 
Level 113... done. 
Level 114... done. 
Level 115... done. 
Level 116... done. 
Level 117... done. 
Level 118... done. 
Level 119... done. 
Level 120... done. 
Level 121... done. 
Level 122... done. 
Level 123... done. 
Level 124... done. 
Level 125... done. 
Level 126... done. 
Level 127... done. 
Level 128... done. 
Level 129... done. 
Level 130... done. 
Level 131... done. 
Level 132... done. 
Level 133... done. 
Level 134... done. 
Level 135... done. 
Level 136... done. 
Level 137... done. 
Level 138... done. 
Level 139... done. 
Level 140... done. 
Level 141... done. 
Level 142... done. 
Level 143... done. 
Level 144... done. 
Level 145... done. 
Level 146... done. 
Level 147... done. 
Level 148... done. 
Level 149... done. 
Level 150... done. 
Level 151... done. 
Level 152... done. 
Level 153... done. 
Level 154... done. 
Level 155... done. 
Level 156... done. 
Level 157... done. 
Level 158... done. 
Level 159... done. 
Level 160... done. 
Level 161... done. 
Level 162... done. 
Level 163... done. 
Level 164... done. 
Level 165... done. 
Level 166... done. 
Level 167... done. 
Level 168... done. 
Level 169... done. 
Level 170... done. 
Level 171... done. 
Level 172... done. 
Level 173... done. 
Level 174... done. 
Level 175... done. 
Level 176... done. 
Level 177... done. 
Level 178... done. 
Level 179... done. 
Level 180... done. 
Level 181... done. 
PAR Time: 30.495095
Final states: 18206917 states
Final states: 76234 BDD nodes
[1443040241.972720] [node001:32200:0]         sys.c:719  MXM  WARN  Conflicting CPU frequencies detected, using: 1583.06
