[1443297324.946888] [node001:10212:0]         sys.c:719  MXM  WARN  Conflicting CPU frequencies detected, using: 1437.66
[1443297324.986700] [node001:10212:0]         mxm.c:185  MXM  WARN  The 'ulimit -s' on the system is set to 'unlimited'. This may have negative performance implications. Please set the heap size to the default value (10240) 
[1443297324.947205] [node001:10211:0]         sys.c:719  MXM  WARN  Conflicting CPU frequencies detected, using: 1437.66
[1443297324.986806] [node001:10211:0]         mxm.c:185  MXM  WARN  The 'ulimit -s' on the system is set to 'unlimited'. This may have negative performance implications. Please set the heap size to the default value (10240) 
[1443297325.320418] [node002:6846 :0]         sys.c:719  MXM  WARN  Conflicting CPU frequencies detected, using: 1495.59
[1443297325.324801] [node002:6846 :0]         mxm.c:185  MXM  WARN  The 'ulimit -s' on the system is set to 'unlimited'. This may have negative performance implications. Please set the heap size to the default value (10240) 
[1443297325.429628] [node003:28410:0]         sys.c:719  MXM  WARN  Conflicting CPU frequencies detected, using: 1398.84
[1443297325.433859] [node003:28410:0]         mxm.c:185  MXM  WARN  The 'ulimit -s' on the system is set to 'unlimited'. This may have negative performance implications. Please set the heap size to the default value (10240) 
[1443297325.507870] [node004:4928 :0]         sys.c:719  MXM  WARN  Conflicting CPU frequencies detected, using: 1486.12
[1443297325.512202] [node004:4928 :0]         mxm.c:185  MXM  WARN  The 'ulimit -s' on the system is set to 'unlimited'. This may have negative performance implications. Please set the heap size to the default value (10240) 
[1443297325.520342] [node006:15479:0]         sys.c:719  MXM  WARN  Conflicting CPU frequencies detected, using: 1945.12
[1443297325.524769] [node006:15479:0]         mxm.c:185  MXM  WARN  The 'ulimit -s' on the system is set to 'unlimited'. This may have negative performance implications. Please set the heap size to the default value (10240) 
[1443297325.550940] [node003:28434:0]         sys.c:719  MXM  WARN  Conflicting CPU frequencies detected, using: 1397.72
[1443297325.554893] [node003:28434:0]         mxm.c:185  MXM  WARN  The 'ulimit -s' on the system is set to 'unlimited'. This may have negative performance implications. Please set the heap size to the default value (10240) 
[1443297325.591110] [node006:15502:0]         sys.c:719  MXM  WARN  Conflicting CPU frequencies detected, using: 1915.31
[1443297325.595171] [node006:15502:0]         mxm.c:185  MXM  WARN  The 'ulimit -s' on the system is set to 'unlimited'. This may have negative performance implications. Please set the heap size to the default value (10240) 
[1443297325.806744] [node005:24575:0]         sys.c:719  MXM  WARN  Conflicting CPU frequencies detected, using: 1499.91
[1443297325.810983] [node005:24575:0]         mxm.c:185  MXM  WARN  The 'ulimit -s' on the system is set to 'unlimited'. This may have negative performance implications. Please set the heap size to the default value (10240) 
[1443297325.836026] [node023:7329 :0]         sys.c:719  MXM  WARN  Conflicting CPU frequencies detected, using: 2730.84
[1443297325.842238] [node023:7329 :0]         mxm.c:185  MXM  WARN  The 'ulimit -s' on the system is set to 'unlimited'. This may have negative performance implications. Please set the heap size to the default value (10240) 
[1443297325.867936] [node058:2430 :0]         sys.c:719  MXM  WARN  Conflicting CPU frequencies detected, using: 2722.69
[1443297325.872087] [node058:2430 :0]         mxm.c:185  MXM  WARN  The 'ulimit -s' on the system is set to 'unlimited'. This may have negative performance implications. Please set the heap size to the default value (10240) 
[1443297325.874788] [node004:4952 :0]         sys.c:719  MXM  WARN  Conflicting CPU frequencies detected, using: 1486.12
[1443297325.878928] [node004:4952 :0]         mxm.c:185  MXM  WARN  The 'ulimit -s' on the system is set to 'unlimited'. This may have negative performance implications. Please set the heap size to the default value (10240) 
[1443297325.894961] [node063:27596:0]         sys.c:719  MXM  WARN  Conflicting CPU frequencies detected, using: 2163.66
[1443297325.899079] [node063:27596:0]         mxm.c:185  MXM  WARN  The 'ulimit -s' on the system is set to 'unlimited'. This may have negative performance implications. Please set the heap size to the default value (10240) 
[1443297325.896680] [node041:30973:0]         sys.c:719  MXM  WARN  Conflicting CPU frequencies detected, using: 3109.59
[1443297325.902913] [node041:30973:0]         mxm.c:185  MXM  WARN  The 'ulimit -s' on the system is set to 'unlimited'. This may have negative performance implications. Please set the heap size to the default value (10240) 
[1443297325.872718] [node055:21633:0]         sys.c:719  MXM  WARN  Conflicting CPU frequencies detected, using: 1494.84
[1443297325.878796] [node055:21633:0]         mxm.c:185  MXM  WARN  The 'ulimit -s' on the system is set to 'unlimited'. This may have negative performance implications. Please set the heap size to the default value (10240) 
[1443297325.883582] [node002:6870 :0]         sys.c:719  MXM  WARN  Conflicting CPU frequencies detected, using: 1399.31
[1443297325.887753] [node002:6870 :0]         mxm.c:185  MXM  WARN  The 'ulimit -s' on the system is set to 'unlimited'. This may have negative performance implications. Please set the heap size to the default value (10240) 
[1443297325.888107] [node061:27269:0]         sys.c:719  MXM  WARN  Conflicting CPU frequencies detected, using: 1512.28
[1443297325.892602] [node061:27269:0]         mxm.c:185  MXM  WARN  The 'ulimit -s' on the system is set to 'unlimited'. This may have negative performance implications. Please set the heap size to the default value (10240) 
[1443297325.907313] [node024:16548:0]         sys.c:719  MXM  WARN  Conflicting CPU frequencies detected, using: 1399.69
[1443297325.911366] [node024:16548:0]         mxm.c:185  MXM  WARN  The 'ulimit -s' on the system is set to 'unlimited'. This may have negative performance implications. Please set the heap size to the default value (10240) 
[1443297325.921616] [node017:3854 :0]         sys.c:719  MXM  WARN  Conflicting CPU frequencies detected, using: 2188.41
[1443297325.927750] [node017:3854 :0]         mxm.c:185  MXM  WARN  The 'ulimit -s' on the system is set to 'unlimited'. This may have negative performance implications. Please set the heap size to the default value (10240) 
[1443297325.968725] [node018:9555 :0]         sys.c:719  MXM  WARN  Conflicting CPU frequencies detected, using: 2745.28
[1443297325.974696] [node018:9555 :0]         mxm.c:185  MXM  WARN  The 'ulimit -s' on the system is set to 'unlimited'. This may have negative performance implications. Please set the heap size to the default value (10240) 
[1443297326.004265] [node013:14004:0]         sys.c:719  MXM  WARN  Conflicting CPU frequencies detected, using: 1492.03
[1443297326.010762] [node013:14004:0]         mxm.c:185  MXM  WARN  The 'ulimit -s' on the system is set to 'unlimited'. This may have negative performance implications. Please set the heap size to the default value (10240) 
[1443297325.978073] [node066:7209 :0]         sys.c:719  MXM  WARN  Conflicting CPU frequencies detected, using: 2899.59
[1443297325.984069] [node066:7209 :0]         mxm.c:185  MXM  WARN  The 'ulimit -s' on the system is set to 'unlimited'. This may have negative performance implications. Please set the heap size to the default value (10240) 
[1443297325.976342] [node049:12364:0]         sys.c:719  MXM  WARN  Conflicting CPU frequencies detected, using: 1396.78
[1443297325.980602] [node049:12364:0]         mxm.c:185  MXM  WARN  The 'ulimit -s' on the system is set to 'unlimited'. This may have negative performance implications. Please set the heap size to the default value (10240) 
[1443297325.993823] [node042:29460:0]         sys.c:719  MXM  WARN  Conflicting CPU frequencies detected, using: 2525.06
[1443297325.999973] [node042:29460:0]         mxm.c:185  MXM  WARN  The 'ulimit -s' on the system is set to 'unlimited'. This may have negative performance implications. Please set the heap size to the default value (10240) 
[1443297325.999603] [node039:32308:0]         sys.c:719  MXM  WARN  Conflicting CPU frequencies detected, using: 2935.31
[1443297326.005761] [node039:32308:0]         mxm.c:185  MXM  WARN  The 'ulimit -s' on the system is set to 'unlimited'. This may have negative performance implications. Please set the heap size to the default value (10240) 
[1443297325.993416] [node053:28222:0]         sys.c:719  MXM  WARN  Conflicting CPU frequencies detected, using: 1497.19
[1443297325.997226] [node053:28222:0]         mxm.c:185  MXM  WARN  The 'ulimit -s' on the system is set to 'unlimited'. This may have negative performance implications. Please set the heap size to the default value (10240) 
[1443297326.000548] [node066:7223 :0]         sys.c:719  MXM  WARN  Conflicting CPU frequencies detected, using: 2899.59
[1443297326.006992] [node066:7223 :0]         mxm.c:185  MXM  WARN  The 'ulimit -s' on the system is set to 'unlimited'. This may have negative performance implications. Please set the heap size to the default value (10240) 
[1443297326.008154] [node008:9349 :0]         sys.c:719  MXM  WARN  Conflicting CPU frequencies detected, using: 2893.50
[1443297326.014573] [node008:9349 :0]         mxm.c:185  MXM  WARN  The 'ulimit -s' on the system is set to 'unlimited'. This may have negative performance implications. Please set the heap size to the default value (10240) 
[1443297326.010689] [node015:24802:0]         sys.c:719  MXM  WARN  Conflicting CPU frequencies detected, using: 2881.41
[1443297326.016662] [node015:24802:0]         mxm.c:185  MXM  WARN  The 'ulimit -s' on the system is set to 'unlimited'. This may have negative performance implications. Please set the heap size to the default value (10240) 
[1443297325.989854] [node054:21718:0]         sys.c:719  MXM  WARN  Conflicting CPU frequencies detected, using: 1496.44
[1443297325.995714] [node054:21718:0]         mxm.c:185  MXM  WARN  The 'ulimit -s' on the system is set to 'unlimited'. This may have negative performance implications. Please set the heap size to the default value (10240) 
[1443297325.997504] [node025:9946 :0]         sys.c:719  MXM  WARN  Conflicting CPU frequencies detected, using: 1396.78
[1443297326.001680] [node025:9946 :0]         mxm.c:185  MXM  WARN  The 'ulimit -s' on the system is set to 'unlimited'. This may have negative performance implications. Please set the heap size to the default value (10240) 
[1443297326.027995] [node010:18811:0]         sys.c:719  MXM  WARN  Conflicting CPU frequencies detected, using: 2822.53
[1443297326.031768] [node010:18811:0]         mxm.c:185  MXM  WARN  The 'ulimit -s' on the system is set to 'unlimited'. This may have negative performance implications. Please set the heap size to the default value (10240) 
[1443297326.007642] [node009:27867:0]         sys.c:719  MXM  WARN  Conflicting CPU frequencies detected, using: 2448.28
[1443297326.015815] [node009:27867:0]         mxm.c:185  MXM  WARN  The 'ulimit -s' on the system is set to 'unlimited'. This may have negative performance implications. Please set the heap size to the default value (10240) 
[1443297326.008397] [node009:27868:0]         sys.c:719  MXM  WARN  Conflicting CPU frequencies detected, using: 2448.28
[1443297326.016534] [node009:27868:0]         mxm.c:185  MXM  WARN  The 'ulimit -s' on the system is set to 'unlimited'. This may have negative performance implications. Please set the heap size to the default value (10240) 
[1443297326.026807] [node012:5248 :0]         sys.c:719  MXM  WARN  Conflicting CPU frequencies detected, using: 2581.41
[1443297326.032757] [node012:5248 :0]         mxm.c:185  MXM  WARN  The 'ulimit -s' on the system is set to 'unlimited'. This may have negative performance implications. Please set the heap size to the default value (10240) 
[1443297326.044923] [node059:721  :0]         sys.c:719  MXM  WARN  Conflicting CPU frequencies detected, using: 2684.62
[1443297326.049164] [node059:721  :0]         mxm.c:185  MXM  WARN  The 'ulimit -s' on the system is set to 'unlimited'. This may have negative performance implications. Please set the heap size to the default value (10240) 
[1443297326.024123] [node031:659  :0]         sys.c:719  MXM  WARN  Conflicting CPU frequencies detected, using: 1500.09
[1443297326.030786] [node031:659  :0]         mxm.c:185  MXM  WARN  The 'ulimit -s' on the system is set to 'unlimited'. This may have negative performance implications. Please set the heap size to the default value (10240) 
[1443297326.027226] [node013:14021:0]         sys.c:719  MXM  WARN  Conflicting CPU frequencies detected, using: 1497.56
[1443297326.034318] [node013:14021:0]         mxm.c:185  MXM  WARN  The 'ulimit -s' on the system is set to 'unlimited'. This may have negative performance implications. Please set the heap size to the default value (10240) 
[1443297326.051288] [node046:19691:0]         sys.c:719  MXM  WARN  Conflicting CPU frequencies detected, using: 2095.59
[1443297326.055590] [node046:19691:0]         mxm.c:185  MXM  WARN  The 'ulimit -s' on the system is set to 'unlimited'. This may have negative performance implications. Please set the heap size to the default value (10240) 
[1443297326.071901] [node035:32545:0]         sys.c:719  MXM  WARN  Conflicting CPU frequencies detected, using: 2630.62
[1443297326.076122] [node035:32545:0]         mxm.c:185  MXM  WARN  The 'ulimit -s' on the system is set to 'unlimited'. This may have negative performance implications. Please set the heap size to the default value (10240) 
[1443297326.053739] [node024:16572:0]         sys.c:719  MXM  WARN  Conflicting CPU frequencies detected, using: 1493.44
[1443297326.057800] [node024:16572:0]         mxm.c:185  MXM  WARN  The 'ulimit -s' on the system is set to 'unlimited'. This may have negative performance implications. Please set the heap size to the default value (10240) 
[1443297326.077568] [node039:32331:0]         sys.c:719  MXM  WARN  Conflicting CPU frequencies detected, using: 2935.31
[1443297326.083355] [node039:32331:0]         mxm.c:185  MXM  WARN  The 'ulimit -s' on the system is set to 'unlimited'. This may have negative performance implications. Please set the heap size to the default value (10240) 
[1443297326.082778] [node010:18828:0]         sys.c:719  MXM  WARN  Conflicting CPU frequencies detected, using: 2822.53
[1443297326.086925] [node010:18828:0]         mxm.c:185  MXM  WARN  The 'ulimit -s' on the system is set to 'unlimited'. This may have negative performance implications. Please set the heap size to the default value (10240) 
[1443297326.077129] [node023:7353 :0]         sys.c:719  MXM  WARN  Conflicting CPU frequencies detected, using: 2730.84
[1443297326.083331] [node023:7353 :0]         mxm.c:185  MXM  WARN  The 'ulimit -s' on the system is set to 'unlimited'. This may have negative performance implications. Please set the heap size to the default value (10240) 
[1443297326.075710] [node008:9372 :0]         sys.c:719  MXM  WARN  Conflicting CPU frequencies detected, using: 2386.31
[1443297326.081621] [node008:9372 :0]         mxm.c:185  MXM  WARN  The 'ulimit -s' on the system is set to 'unlimited'. This may have negative performance implications. Please set the heap size to the default value (10240) 
[1443297326.080641] [node065:27518:0]         sys.c:719  MXM  WARN  Conflicting CPU frequencies detected, using: 1752.75
[1443297326.084780] [node065:27518:0]         mxm.c:185  MXM  WARN  The 'ulimit -s' on the system is set to 'unlimited'. This may have negative performance implications. Please set the heap size to the default value (10240) 
[1443297326.077817] [node051:3595 :0]         sys.c:719  MXM  WARN  Conflicting CPU frequencies detected, using: 1598.06
[1443297326.081962] [node051:3595 :0]         mxm.c:185  MXM  WARN  The 'ulimit -s' on the system is set to 'unlimited'. This may have negative performance implications. Please set the heap size to the default value (10240) 
[1443297326.078609] [node045:28879:0]         sys.c:719  MXM  WARN  Conflicting CPU frequencies detected, using: 2085.94
[1443297326.085104] [node045:28879:0]         mxm.c:185  MXM  WARN  The 'ulimit -s' on the system is set to 'unlimited'. This may have negative performance implications. Please set the heap size to the default value (10240) 
[1443297326.080099] [node060:3318 :0]         sys.c:719  MXM  WARN  Conflicting CPU frequencies detected, using: 1432.59
[1443297326.084365] [node060:3318 :0]         mxm.c:185  MXM  WARN  The 'ulimit -s' on the system is set to 'unlimited'. This may have negative performance implications. Please set the heap size to the default value (10240) 
[1443297326.079684] [node057:4787 :0]         sys.c:719  MXM  WARN  Conflicting CPU frequencies detected, using: 1398.00
[1443297326.083816] [node057:4787 :0]         mxm.c:185  MXM  WARN  The 'ulimit -s' on the system is set to 'unlimited'. This may have negative performance implications. Please set the heap size to the default value (10240) 
[1443297326.101685] [node014:30799:0]         sys.c:719  MXM  WARN  Conflicting CPU frequencies detected, using: 2599.97
[1443297326.106700] [node014:30799:0]         mxm.c:185  MXM  WARN  The 'ulimit -s' on the system is set to 'unlimited'. This may have negative performance implications. Please set the heap size to the default value (10240) 
[1443297326.119853] [node020:31105:0]         sys.c:719  MXM  WARN  Conflicting CPU frequencies detected, using: 1540.31
[1443297326.126256] [node020:31105:0]         mxm.c:185  MXM  WARN  The 'ulimit -s' on the system is set to 'unlimited'. This may have negative performance implications. Please set the heap size to the default value (10240) 
[1443297326.078465] [node038:30056:0]         sys.c:719  MXM  WARN  Conflicting CPU frequencies detected, using: 1645.12
[1443297326.084635] [node038:30056:0]         mxm.c:185  MXM  WARN  The 'ulimit -s' on the system is set to 'unlimited'. This may have negative performance implications. Please set the heap size to the default value (10240) 
[1443297326.128370] [node041:30997:0]         sys.c:719  MXM  WARN  Conflicting CPU frequencies detected, using: 1395.09
[1443297326.134696] [node041:30997:0]         mxm.c:185  MXM  WARN  The 'ulimit -s' on the system is set to 'unlimited'. This may have negative performance implications. Please set the heap size to the default value (10240) 
[1443297326.116513] [node032:32364:0]         sys.c:719  MXM  WARN  Conflicting CPU frequencies detected, using: 3103.59
[1443297326.122233] [node032:32364:0]         mxm.c:185  MXM  WARN  The 'ulimit -s' on the system is set to 'unlimited'. This may have negative performance implications. Please set the heap size to the default value (10240) 
[1443297326.107693] [node053:28246:0]         sys.c:719  MXM  WARN  Conflicting CPU frequencies detected, using: 1588.12
[1443297326.111742] [node053:28246:0]         mxm.c:185  MXM  WARN  The 'ulimit -s' on the system is set to 'unlimited'. This may have negative performance implications. Please set the heap size to the default value (10240) 
[1443297326.099873] [node060:3335 :0]         sys.c:719  MXM  WARN  Conflicting CPU frequencies detected, using: 1494.19
[1443297326.104250] [node060:3335 :0]         mxm.c:185  MXM  WARN  The 'ulimit -s' on the system is set to 'unlimited'. This may have negative performance implications. Please set the heap size to the default value (10240) 
[1443297326.141357] [node007:21942:0]         sys.c:719  MXM  WARN  Conflicting CPU frequencies detected, using: 1399.69
[1443297326.146191] [node007:21942:0]         mxm.c:185  MXM  WARN  The 'ulimit -s' on the system is set to 'unlimited'. This may have negative performance implications. Please set the heap size to the default value (10240) 
[1443297326.124942] [node014:30813:0]         sys.c:719  MXM  WARN  Conflicting CPU frequencies detected, using: 2599.97
[1443297326.129097] [node014:30813:0]         mxm.c:185  MXM  WARN  The 'ulimit -s' on the system is set to 'unlimited'. This may have negative performance implications. Please set the heap size to the default value (10240) 
[1443297326.106528] [node017:3879 :0]         sys.c:719  MXM  WARN  Conflicting CPU frequencies detected, using: 1874.91
[1443297326.112396] [node017:3879 :0]         mxm.c:185  MXM  WARN  The 'ulimit -s' on the system is set to 'unlimited'. This may have negative performance implications. Please set the heap size to the default value (10240) 
[1443297326.121036] [node035:32562:0]         sys.c:719  MXM  WARN  Conflicting CPU frequencies detected, using: 2179.97
[1443297326.124917] [node035:32562:0]         mxm.c:185  MXM  WARN  The 'ulimit -s' on the system is set to 'unlimited'. This may have negative performance implications. Please set the heap size to the default value (10240) 
[1443297326.104081] [node005:24599:0]         sys.c:719  MXM  WARN  Conflicting CPU frequencies detected, using: 1499.91
[1443297326.108272] [node005:24599:0]         mxm.c:185  MXM  WARN  The 'ulimit -s' on the system is set to 'unlimited'. This may have negative performance implications. Please set the heap size to the default value (10240) 
[1443297326.121292] [node037:654  :0]         sys.c:719  MXM  WARN  Conflicting CPU frequencies detected, using: 2070.47
[1443297326.125279] [node037:654  :0]         mxm.c:185  MXM  WARN  The 'ulimit -s' on the system is set to 'unlimited'. This may have negative performance implications. Please set the heap size to the default value (10240) 
[1443297326.103941] [node052:12331:0]         sys.c:719  MXM  WARN  Conflicting CPU frequencies detected, using: 1497.00
[1443297326.108061] [node052:12331:0]         mxm.c:185  MXM  WARN  The 'ulimit -s' on the system is set to 'unlimited'. This may have negative performance implications. Please set the heap size to the default value (10240) 
[1443297326.114693] [node042:29484:0]         sys.c:719  MXM  WARN  Conflicting CPU frequencies detected, using: 2525.06
[1443297326.121025] [node042:29484:0]         mxm.c:185  MXM  WARN  The 'ulimit -s' on the system is set to 'unlimited'. This may have negative performance implications. Please set the heap size to the default value (10240) 
[1443297326.116687] [node049:12388:0]         sys.c:719  MXM  WARN  Conflicting CPU frequencies detected, using: 1796.34
[1443297326.120605] [node049:12388:0]         mxm.c:185  MXM  WARN  The 'ulimit -s' on the system is set to 'unlimited'. This may have negative performance implications. Please set the heap size to the default value (10240) 
[1443297326.101454] [node050:9187 :0]         sys.c:719  MXM  WARN  Conflicting CPU frequencies detected, using: 1588.88
[1443297326.105728] [node050:9187 :0]         mxm.c:185  MXM  WARN  The 'ulimit -s' on the system is set to 'unlimited'. This may have negative performance implications. Please set the heap size to the default value (10240) 
[1443297326.116799] [node051:3612 :0]         sys.c:719  MXM  WARN  Conflicting CPU frequencies detected, using: 1598.06
[1443297326.121039] [node051:3612 :0]         mxm.c:185  MXM  WARN  The 'ulimit -s' on the system is set to 'unlimited'. This may have negative performance implications. Please set the heap size to the default value (10240) 
[1443297326.130450] [node059:744  :0]         sys.c:719  MXM  WARN  Conflicting CPU frequencies detected, using: 2684.62
[1443297326.134710] [node059:744  :0]         mxm.c:185  MXM  WARN  The 'ulimit -s' on the system is set to 'unlimited'. This may have negative performance implications. Please set the heap size to the default value (10240) 
[1443297326.123799] [node065:27535:0]         sys.c:719  MXM  WARN  Conflicting CPU frequencies detected, using: 1752.75
[1443297326.127774] [node065:27535:0]         mxm.c:185  MXM  WARN  The 'ulimit -s' on the system is set to 'unlimited'. This may have negative performance implications. Please set the heap size to the default value (10240) 
[1443297326.106827] [node018:9579 :0]         sys.c:719  MXM  WARN  Conflicting CPU frequencies detected, using: 1594.03
[1443297326.112893] [node018:9579 :0]         mxm.c:185  MXM  WARN  The 'ulimit -s' on the system is set to 'unlimited'. This may have negative performance implications. Please set the heap size to the default value (10240) 
[1443297326.120426] [node050:9201 :0]         sys.c:719  MXM  WARN  Conflicting CPU frequencies detected, using: 1600.03
[1443297326.124391] [node050:9201 :0]         mxm.c:185  MXM  WARN  The 'ulimit -s' on the system is set to 'unlimited'. This may have negative performance implications. Please set the heap size to the default value (10240) 
[1443297326.107120] [node067:5487 :0]         sys.c:719  MXM  WARN  Conflicting CPU frequencies detected, using: 1497.28
[1443297326.113011] [node067:5487 :0]         mxm.c:185  MXM  WARN  The 'ulimit -s' on the system is set to 'unlimited'. This may have negative performance implications. Please set the heap size to the default value (10240) 
[1443297326.120397] [node052:12344:0]         sys.c:719  MXM  WARN  Conflicting CPU frequencies detected, using: 1497.00
[1443297326.124112] [node052:12344:0]         mxm.c:185  MXM  WARN  The 'ulimit -s' on the system is set to 'unlimited'. This may have negative performance implications. Please set the heap size to the default value (10240) 
[1443297326.122391] [node016:18435:0]         sys.c:719  MXM  WARN  Conflicting CPU frequencies detected, using: 1498.50
[1443297326.126612] [node016:18435:0]         mxm.c:185  MXM  WARN  The 'ulimit -s' on the system is set to 'unlimited'. This may have negative performance implications. Please set the heap size to the default value (10240) 
[1443297326.115456] [node044:31735:0]         sys.c:719  MXM  WARN  Conflicting CPU frequencies detected, using: 1689.38
[1443297326.121967] [node044:31735:0]         mxm.c:185  MXM  WARN  The 'ulimit -s' on the system is set to 'unlimited'. This may have negative performance implications. Please set the heap size to the default value (10240) 
[1443297326.111610] [node067:5493 :0]         sys.c:719  MXM  WARN  Conflicting CPU frequencies detected, using: 1497.28
[1443297326.117675] [node067:5493 :0]         mxm.c:185  MXM  WARN  The 'ulimit -s' on the system is set to 'unlimited'. This may have negative performance implications. Please set the heap size to the default value (10240) 
[1443297326.129106] [node058:2456 :0]         sys.c:719  MXM  WARN  Conflicting CPU frequencies detected, using: 1579.78
[1443297326.133288] [node058:2456 :0]         mxm.c:185  MXM  WARN  The 'ulimit -s' on the system is set to 'unlimited'. This may have negative performance implications. Please set the heap size to the default value (10240) 
[1443297326.110273] [node030:13811:0]         sys.c:719  MXM  WARN  Conflicting CPU frequencies detected, using: 1600.22
[1443297326.116852] [node030:13811:0]         mxm.c:185  MXM  WARN  The 'ulimit -s' on the system is set to 'unlimited'. This may have negative performance implications. Please set the heap size to the default value (10240) 
[1443297326.122285] [node030:13821:0]         sys.c:719  MXM  WARN  Conflicting CPU frequencies detected, using: 1694.34
[1443297326.128928] [node030:13821:0]         mxm.c:185  MXM  WARN  The 'ulimit -s' on the system is set to 'unlimited'. This may have negative performance implications. Please set the heap size to the default value (10240) 
[1443297326.130483] [node064:9209 :0]         sys.c:719  MXM  WARN  Conflicting CPU frequencies detected, using: 2145.66
[1443297326.136560] [node064:9209 :0]         mxm.c:185  MXM  WARN  The 'ulimit -s' on the system is set to 'unlimited'. This may have negative performance implications. Please set the heap size to the default value (10240) 
[1443297326.126802] [node061:27293:0]         sys.c:719  MXM  WARN  Conflicting CPU frequencies detected, using: 1512.28
[1443297326.130700] [node061:27293:0]         mxm.c:185  MXM  WARN  The 'ulimit -s' on the system is set to 'unlimited'. This may have negative performance implications. Please set the heap size to the default value (10240) 
[1443297326.139360] [node015:24827:0]         sys.c:719  MXM  WARN  Conflicting CPU frequencies detected, using: 2881.41
[1443297326.145204] [node015:24827:0]         mxm.c:185  MXM  WARN  The 'ulimit -s' on the system is set to 'unlimited'. This may have negative performance implications. Please set the heap size to the default value (10240) 
[1443297326.142980] [node037:671  :0]         sys.c:719  MXM  WARN  Conflicting CPU frequencies detected, using: 2070.47
[1443297326.147331] [node037:671  :0]         mxm.c:185  MXM  WARN  The 'ulimit -s' on the system is set to 'unlimited'. This may have negative performance implications. Please set the heap size to the default value (10240) 
[1443297326.126673] [node025:9970 :0]         sys.c:719  MXM  WARN  Conflicting CPU frequencies detected, using: 1483.50
[1443297326.130936] [node025:9970 :0]         mxm.c:185  MXM  WARN  The 'ulimit -s' on the system is set to 'unlimited'. This may have negative performance implications. Please set the heap size to the default value (10240) 
[1443297326.126928] [node016:18440:0]         sys.c:719  MXM  WARN  Conflicting CPU frequencies detected, using: 1498.50
[1443297326.131183] [node016:18440:0]         mxm.c:185  MXM  WARN  The 'ulimit -s' on the system is set to 'unlimited'. This may have negative performance implications. Please set the heap size to the default value (10240) 
[1443297326.134334] [node029:27611:0]         sys.c:719  MXM  WARN  Conflicting CPU frequencies detected, using: 2111.16
[1443297326.138418] [node029:27611:0]         mxm.c:185  MXM  WARN  The 'ulimit -s' on the system is set to 'unlimited'. This may have negative performance implications. Please set the heap size to the default value (10240) 
[1443297326.135032] [node029:27610:0]         sys.c:719  MXM  WARN  Conflicting CPU frequencies detected, using: 2111.16
[1443297326.139199] [node029:27610:0]         mxm.c:185  MXM  WARN  The 'ulimit -s' on the system is set to 'unlimited'. This may have negative performance implications. Please set the heap size to the default value (10240) 
[1443297326.134872] [node011:26060:0]         sys.c:719  MXM  WARN  Conflicting CPU frequencies detected, using: 2588.06
[1443297326.142194] [node011:26060:0]         mxm.c:185  MXM  WARN  The 'ulimit -s' on the system is set to 'unlimited'. This may have negative performance implications. Please set the heap size to the default value (10240) 
[1443297326.129619] [node048:10020:0]         sys.c:719  MXM  WARN  Conflicting CPU frequencies detected, using: 1497.47
[1443297326.133610] [node048:10020:0]         mxm.c:185  MXM  WARN  The 'ulimit -s' on the system is set to 'unlimited'. This may have negative performance implications. Please set the heap size to the default value (10240) 
[1443297326.128219] [node020:31111:0]         sys.c:719  MXM  WARN  Conflicting CPU frequencies detected, using: 1540.31
[1443297326.134327] [node020:31111:0]         mxm.c:185  MXM  WARN  The 'ulimit -s' on the system is set to 'unlimited'. This may have negative performance implications. Please set the heap size to the default value (10240) 
[1443297326.139493] [node028:15990:0]         sys.c:719  MXM  WARN  Conflicting CPU frequencies detected, using: 1558.12
[1443297326.143144] [node028:15990:0]         mxm.c:185  MXM  WARN  The 'ulimit -s' on the system is set to 'unlimited'. This may have negative performance implications. Please set the heap size to the default value (10240) 
[1443297326.136080] [node062:20022:0]         sys.c:719  MXM  WARN  Conflicting CPU frequencies detected, using: 2593.31
[1443297326.143881] [node062:20022:0]         mxm.c:185  MXM  WARN  The 'ulimit -s' on the system is set to 'unlimited'. This may have negative performance implications. Please set the heap size to the default value (10240) 
[1443297326.153484] [node032:32381:0]         sys.c:719  MXM  WARN  Conflicting CPU frequencies detected, using: 3103.59
[1443297326.159240] [node032:32381:0]         mxm.c:185  MXM  WARN  The 'ulimit -s' on the system is set to 'unlimited'. This may have negative performance implications. Please set the heap size to the default value (10240) 
[1443297326.130303] [node048:10016:0]         sys.c:719  MXM  WARN  Conflicting CPU frequencies detected, using: 1497.47
[1443297326.134190] [node048:10016:0]         mxm.c:185  MXM  WARN  The 'ulimit -s' on the system is set to 'unlimited'. This may have negative performance implications. Please set the heap size to the default value (10240) 
[1443297326.124159] [node056:1750 :0]         sys.c:719  MXM  WARN  Conflicting CPU frequencies detected, using: 1749.28
[1443297326.131163] [node056:1750 :0]         mxm.c:185  MXM  WARN  The 'ulimit -s' on the system is set to 'unlimited'. This may have negative performance implications. Please set the heap size to the default value (10240) 
[1443297326.135078] [node062:20023:0]         sys.c:719  MXM  WARN  Conflicting CPU frequencies detected, using: 2593.31
[1443297326.143118] [node062:20023:0]         mxm.c:185  MXM  WARN  The 'ulimit -s' on the system is set to 'unlimited'. This may have negative performance implications. Please set the heap size to the default value (10240) 
[1443297326.135977] [node011:26061:0]         sys.c:719  MXM  WARN  Conflicting CPU frequencies detected, using: 2588.06
[1443297326.144424] [node011:26061:0]         mxm.c:185  MXM  WARN  The 'ulimit -s' on the system is set to 'unlimited'. This may have negative performance implications. Please set the heap size to the default value (10240) 
[1443297326.121530] [node033:2331 :0]         sys.c:719  MXM  WARN  Conflicting CPU frequencies detected, using: 1589.91
[1443297326.127429] [node033:2331 :0]         mxm.c:185  MXM  WARN  The 'ulimit -s' on the system is set to 'unlimited'. This may have negative performance implications. Please set the heap size to the default value (10240) 
[1443297326.126119] [node056:1751 :0]         sys.c:719  MXM  WARN  Conflicting CPU frequencies detected, using: 1749.28
[1443297326.133391] [node056:1751 :0]         mxm.c:185  MXM  WARN  The 'ulimit -s' on the system is set to 'unlimited'. This may have negative performance implications. Please set the heap size to the default value (10240) 
[1443297326.144059] [node012:5272 :0]         sys.c:719  MXM  WARN  Conflicting CPU frequencies detected, using: 2581.41
[1443297326.150022] [node012:5272 :0]         mxm.c:185  MXM  WARN  The 'ulimit -s' on the system is set to 'unlimited'. This may have negative performance implications. Please set the heap size to the default value (10240) 
[1443297326.141893] [node019:26889:0]         sys.c:719  MXM  WARN  Conflicting CPU frequencies detected, using: 1877.25
[1443297326.146197] [node019:26889:0]         mxm.c:185  MXM  WARN  The 'ulimit -s' on the system is set to 'unlimited'. This may have negative performance implications. Please set the heap size to the default value (10240) 
[1443297326.130621] [node068:6645 :0]         sys.c:719  MXM  WARN  Conflicting CPU frequencies detected, using: 1591.31
[1443297326.136482] [node068:6645 :0]         mxm.c:185  MXM  WARN  The 'ulimit -s' on the system is set to 'unlimited'. This may have negative performance implications. Please set the heap size to the default value (10240) 
[1443297326.128057] [node054:21742:0]         sys.c:719  MXM  WARN  Conflicting CPU frequencies detected, using: 1585.22
[1443297326.134332] [node054:21742:0]         mxm.c:185  MXM  WARN  The 'ulimit -s' on the system is set to 'unlimited'. This may have negative performance implications. Please set the heap size to the default value (10240) 
[1443297326.136526] [node044:31752:0]         sys.c:719  MXM  WARN  Conflicting CPU frequencies detected, using: 1699.97
[1443297326.142067] [node044:31752:0]         mxm.c:185  MXM  WARN  The 'ulimit -s' on the system is set to 'unlimited'. This may have negative performance implications. Please set the heap size to the default value (10240) 
[1443297326.126341] [node055:21657:0]         sys.c:719  MXM  WARN  Conflicting CPU frequencies detected, using: 1494.84
[1443297326.132745] [node055:21657:0]         mxm.c:185  MXM  WARN  The 'ulimit -s' on the system is set to 'unlimited'. This may have negative performance implications. Please set the heap size to the default value (10240) 
[1443297326.138766] [node028:15991:0]         sys.c:719  MXM  WARN  Conflicting CPU frequencies detected, using: 1558.12
[1443297326.143035] [node028:15991:0]         mxm.c:185  MXM  WARN  The 'ulimit -s' on the system is set to 'unlimited'. This may have negative performance implications. Please set the heap size to the default value (10240) 
[1443297326.130559] [node031:683  :0]         sys.c:719  MXM  WARN  Conflicting CPU frequencies detected, using: 1502.16
[1443297326.136683] [node031:683  :0]         mxm.c:185  MXM  WARN  The 'ulimit -s' on the system is set to 'unlimited'. This may have negative performance implications. Please set the heap size to the default value (10240) 
[1443297326.151483] [node019:26897:0]         sys.c:719  MXM  WARN  Conflicting CPU frequencies detected, using: 1877.25
[1443297326.155648] [node019:26897:0]         mxm.c:185  MXM  WARN  The 'ulimit -s' on the system is set to 'unlimited'. This may have negative performance implications. Please set the heap size to the default value (10240) 
[1443297326.132543] [node034:29427:0]         sys.c:719  MXM  WARN  Conflicting CPU frequencies detected, using: 1607.91
[1443297326.139067] [node034:29427:0]         mxm.c:185  MXM  WARN  The 'ulimit -s' on the system is set to 'unlimited'. This may have negative performance implications. Please set the heap size to the default value (10240) 
[1443297326.133413] [node043:29668:0]         sys.c:719  MXM  WARN  Conflicting CPU frequencies detected, using: 1593.47
[1443297326.140759] [node043:29668:0]         mxm.c:185  MXM  WARN  The 'ulimit -s' on the system is set to 'unlimited'. This may have negative performance implications. Please set the heap size to the default value (10240) 
[1443297326.142121] [node047:12068:0]         sys.c:719  MXM  WARN  Conflicting CPU frequencies detected, using: 1480.41
[1443297326.146590] [node047:12068:0]         mxm.c:185  MXM  WARN  The 'ulimit -s' on the system is set to 'unlimited'. This may have negative performance implications. Please set the heap size to the default value (10240) 
[1443297326.181321] [node040:1232 :0]         sys.c:719  MXM  WARN  Conflicting CPU frequencies detected, using: 1484.72
[1443297326.189042] [node040:1232 :0]         mxm.c:185  MXM  WARN  The 'ulimit -s' on the system is set to 'unlimited'. This may have negative performance implications. Please set the heap size to the default value (10240) 
[1443297326.135552] [node043:29669:0]         sys.c:719  MXM  WARN  Conflicting CPU frequencies detected, using: 1593.47
[1443297326.142850] [node043:29669:0]         mxm.c:185  MXM  WARN  The 'ulimit -s' on the system is set to 'unlimited'. This may have negative performance implications. Please set the heap size to the default value (10240) 
[1443297326.132569] [node033:2339 :0]         sys.c:719  MXM  WARN  Conflicting CPU frequencies detected, using: 1589.91
[1443297326.139849] [node033:2339 :0]         mxm.c:185  MXM  WARN  The 'ulimit -s' on the system is set to 'unlimited'. This may have negative performance implications. Please set the heap size to the default value (10240) 
[1443297326.136318] [node034:29426:0]         sys.c:719  MXM  WARN  Conflicting CPU frequencies detected, using: 1607.91
[1443297326.143040] [node034:29426:0]         mxm.c:185  MXM  WARN  The 'ulimit -s' on the system is set to 'unlimited'. This may have negative performance implications. Please set the heap size to the default value (10240) 
[1443297326.149536] [node007:21949:0]         sys.c:719  MXM  WARN  Conflicting CPU frequencies detected, using: 1477.12
[1443297326.153466] [node007:21949:0]         mxm.c:185  MXM  WARN  The 'ulimit -s' on the system is set to 'unlimited'. This may have negative performance implications. Please set the heap size to the default value (10240) 
[1443297326.165394] [node063:27620:0]         sys.c:719  MXM  WARN  Conflicting CPU frequencies detected, using: 1695.56
[1443297326.169208] [node063:27620:0]         mxm.c:185  MXM  WARN  The 'ulimit -s' on the system is set to 'unlimited'. This may have negative performance implications. Please set the heap size to the default value (10240) 
[1443297326.167743] [node036:32485:0]         sys.c:719  MXM  WARN  Conflicting CPU frequencies detected, using: 1798.97
[1443297326.171610] [node036:32485:0]         mxm.c:185  MXM  WARN  The 'ulimit -s' on the system is set to 'unlimited'. This may have negative performance implications. Please set the heap size to the default value (10240) 
[1443297326.166178] [node036:32484:0]         sys.c:719  MXM  WARN  Conflicting CPU frequencies detected, using: 1798.97
[1443297326.170506] [node036:32484:0]         mxm.c:185  MXM  WARN  The 'ulimit -s' on the system is set to 'unlimited'. This may have negative performance implications. Please set the heap size to the default value (10240) 
[1443297326.168457] [node064:9226 :0]         sys.c:719  MXM  WARN  Conflicting CPU frequencies detected, using: 2145.66
[1443297326.174714] [node064:9226 :0]         mxm.c:185  MXM  WARN  The 'ulimit -s' on the system is set to 'unlimited'. This may have negative performance implications. Please set the heap size to the default value (10240) 
[1443297326.175544] [node046:19715:0]         sys.c:719  MXM  WARN  Conflicting CPU frequencies detected, using: 2090.91
[1443297326.179624] [node046:19715:0]         mxm.c:185  MXM  WARN  The 'ulimit -s' on the system is set to 'unlimited'. This may have negative performance implications. Please set the heap size to the default value (10240) 
[1443297326.164832] [node047:12085:0]         sys.c:719  MXM  WARN  Conflicting CPU frequencies detected, using: 1480.41
[1443297326.168658] [node047:12085:0]         mxm.c:185  MXM  WARN  The 'ulimit -s' on the system is set to 'unlimited'. This may have negative performance implications. Please set the heap size to the default value (10240) 
[1443297326.162231] [node057:4810 :0]         sys.c:719  MXM  WARN  Conflicting CPU frequencies detected, using: 1400.06
[1443297326.166267] [node057:4810 :0]         mxm.c:185  MXM  WARN  The 'ulimit -s' on the system is set to 'unlimited'. This may have negative performance implications. Please set the heap size to the default value (10240) 
[1443297326.165393] [node068:6662 :0]         sys.c:719  MXM  WARN  Conflicting CPU frequencies detected, using: 1591.31
[1443297326.171773] [node068:6662 :0]         mxm.c:185  MXM  WARN  The 'ulimit -s' on the system is set to 'unlimited'. This may have negative performance implications. Please set the heap size to the default value (10240) 
[1443297326.176431] [node045:28903:0]         sys.c:719  MXM  WARN  Conflicting CPU frequencies detected, using: 2085.94
[1443297326.182675] [node045:28903:0]         mxm.c:185  MXM  WARN  The 'ulimit -s' on the system is set to 'unlimited'. This may have negative performance implications. Please set the heap size to the default value (10240) 
[1443297326.171409] [node040:1226 :0]         sys.c:719  MXM  WARN  Conflicting CPU frequencies detected, using: 1592.06
[1443297326.177761] [node040:1226 :0]         mxm.c:185  MXM  WARN  The 'ulimit -s' on the system is set to 'unlimited'. This may have negative performance implications. Please set the heap size to the default value (10240) 
[1443297326.178871] [node038:30080:0]         sys.c:719  MXM  WARN  Conflicting CPU frequencies detected, using: 1622.91
[1443297326.184988] [node038:30080:0]         mxm.c:185  MXM  WARN  The 'ulimit -s' on the system is set to 'unlimited'. This may have negative performance implications. Please set the heap size to the default value (10240) 
UPCR: UPC thread   1 of 128 on node001 (pshm node  0 of 64, process   1 of 128, pid=10212)
UPCR: UPC thread   0 of 128 on node001 (pshm node  0 of 64, process   0 of 128, pid=10211)
UPCR: UPC thread  76 of 128 on node043 (pshm node 38 of 64, process  76 of 128, pid=29669)
UPCR: UPC thread  31 of 128 on node016 (pshm node 15 of 64, process  31 of 128, pid=18440)
UPCR: UPC thread  30 of 128 on node016 (pshm node 15 of 64, process  30 of 128, pid=18435)
UPCR: UPC thread 119 of 128 on node064 (pshm node 59 of 64, process 119 of 128, pid=9226)
UPCR: UPC thread  26 of 128 on node014 (pshm node 13 of 64, process  26 of 128, pid=30799)
UPCR: UPC thread  78 of 128 on node044 (pshm node 39 of 64, process  78 of 128, pid=31752)
UPCR: UPC thread 103 of 128 on node056 (pshm node 51 of 64, process 103 of 128, pid=1750)
UPCR: UPC thread  55 of 128 on node032 (pshm node 27 of 64, process  55 of 128, pid=32381)
UPCR: UPC thread 100 of 128 on node055 (pshm node 50 of 64, process 100 of 128, pid=21633)
UPCR: UPC thread 102 of 128 on node056 (pshm node 51 of 64, process 102 of 128, pid=1751)
UPCR: UPC thread  92 of 128 on node051 (pshm node 46 of 64, process  92 of 128, pid=3612)
UPCR: UPC thread  28 of 128 on node015 (pshm node 14 of 64, process  28 of 128, pid=24827)
UPCR: UPC thread  65 of 128 on node037 (pshm node 32 of 64, process  65 of 128, pid=654)
UPCR: UPC thread  29 of 128 on node015 (pshm node 14 of 64, process  29 of 128, pid=24802)
UPCR: UPC thread  59 of 128 on node034 (pshm node 29 of 64, process  59 of 128, pid=29427)
UPCR: UPC thread   9 of 128 on node005 (pshm node  4 of 64, process   9 of 128, pid=24599)
UPCR: UPC thread  96 of 128 on node053 (pshm node 48 of 64, process  96 of 128, pid=28246)
UPCR: UPC thread  60 of 128 on node035 (pshm node 30 of 64, process  60 of 128, pid=32545)
UPCR: UPC thread 122 of 128 on node066 (pshm node 61 of 64, process 122 of 128, pid=7209)
UPCR: UPC thread 110 of 128 on node060 (pshm node 55 of 64, process 110 of 128, pid=3318)
UPCR: UPC thread   5 of 128 on node003 (pshm node  2 of 64, process   5 of 128, pid=28434)
UPCR: UPC thread  27 of 128 on node014 (pshm node 13 of 64, process  27 of 128, pid=30813)
UPCR: UPC thread  23 of 128 on node012 (pshm node 11 of 64, process  23 of 128, pid=5248)
UPCR: UPC thread  88 of 128 on node049 (pshm node 44 of 64, process  88 of 128, pid=12388)
UPCR: UPC thread  79 of 128 on node044 (pshm node 39 of 64, process  79 of 128, pid=31735)
UPCR: UPC thread 127 of 128 on node068 (pshm node 63 of 64, process 127 of 128, pid=6645)
UPCR: UPC thread  17 of 128 on node009 (pshm node  8 of 64, process  17 of 128, pid=27867)
UPCR: UPC thread  74 of 128 on node042 (pshm node 37 of 64, process  74 of 128, pid=29484)
UPCR: UPC thread  10 of 128 on node006 (pshm node  5 of 64, process  10 of 128, pid=15502)
UPCR: UPC thread  32 of 128 on node017 (pshm node 16 of 64, process  32 of 128, pid=3854)
UPCR: UPC thread 115 of 128 on node062 (pshm node 57 of 64, process 115 of 128, pid=20023)
UPCR: UPC thread  98 of 128 on node054 (pshm node 49 of 64, process  98 of 128, pid=21718)
UPCR: UPC thread  20 of 128 on node011 (pshm node 10 of 64, process  20 of 128, pid=26061)
UPCR: UPC thread  11 of 128 on node006 (pshm node  5 of 64, process  11 of 128, pid=15479)
UPCR: UPC thread  57 of 128 on node033 (pshm node 28 of 64, process  57 of 128, pid=2339)
UPCR: UPC thread  21 of 128 on node011 (pshm node 10 of 64, process  21 of 128, pid=26060)
UPCR: UPC thread  40 of 128 on node023 (pshm node 20 of 64, process  40 of 128, pid=7353)
UPCR: UPC thread  91 of 128 on node050 (pshm node 45 of 64, process  91 of 128, pid=9201)
UPCR: UPC thread 120 of 128 on node065 (pshm node 60 of 64, process 120 of 128, pid=27518)
UPCR: UPC thread   4 of 128 on node003 (pshm node  2 of 64, process   4 of 128, pid=28410)
UPCR: UPC thread 116 of 128 on node063 (pshm node 58 of 64, process 116 of 128, pid=27620)
UPCR: UPC thread  56 of 128 on node033 (pshm node 28 of 64, process  56 of 128, pid=2331)
UPCR: UPC thread  13 of 128 on node007 (pshm node  6 of 64, process  13 of 128, pid=21949)
UPCR: UPC thread   3 of 128 on node002 (pshm node  1 of 64, process   3 of 128, pid=6846)
UPCR: UPC thread  63 of 128 on node036 (pshm node 31 of 64, process  63 of 128, pid=32484)
UPCR: UPC thread   7 of 128 on node004 (pshm node  3 of 64, process   7 of 128, pid=4952)
UPCR: UPC thread  75 of 128 on node042 (pshm node 37 of 64, process  75 of 128, pid=29460)
UPCR: UPC thread  37 of 128 on node019 (pshm node 18 of 64, process  37 of 128, pid=26897)
UPCR: UPC thread  35 of 128 on node018 (pshm node 17 of 64, process  35 of 128, pid=9579)
UPCR: UPC thread  16 of 128 on node009 (pshm node  8 of 64, process  16 of 128, pid=27868)
UPCR: UPC thread  49 of 128 on node029 (pshm node 24 of 64, process  49 of 128, pid=27611)
UPCR: UPC thread 111 of 128 on node060 (pshm node 55 of 64, process 111 of 128, pid=3335)
UPCR: UPC thread  97 of 128 on node053 (pshm node 48 of 64, process  97 of 128, pid=28222)
UPCR: UPC thread  93 of 128 on node051 (pshm node 46 of 64, process  93 of 128, pid=3595)
UPCR: UPC thread  94 of 128 on node052 (pshm node 47 of 64, process  94 of 128, pid=12331)
UPCR: UPC thread  70 of 128 on node040 (pshm node 35 of 64, process  70 of 128, pid=1226)
UPCR: UPC thread  52 of 128 on node031 (pshm node 26 of 64, process  52 of 128, pid=659)
UPCR: UPC thread  87 of 128 on node048 (pshm node 43 of 64, process  87 of 128, pid=10016)
UPCR: UPC thread  77 of 128 on node043 (pshm node 38 of 64, process  77 of 128, pid=29668)
UPCR: UPC thread 109 of 128 on node059 (pshm node 54 of 64, process 109 of 128, pid=744)
UPCR: UPC thread 113 of 128 on node061 (pshm node 56 of 64, process 113 of 128, pid=27269)
UPCR: UPC thread   8 of 128 on node005 (pshm node  4 of 64, process   8 of 128, pid=24575)
UPCR: UPC thread  89 of 128 on node049 (pshm node 44 of 64, process  89 of 128, pid=12364)
UPCR: UPC thread 114 of 128 on node062 (pshm node 57 of 64, process 114 of 128, pid=20022)
UPCR: UPC thread  22 of 128 on node012 (pshm node 11 of 64, process  22 of 128, pid=5272)
UPCR: UPC thread  67 of 128 on node038 (pshm node 33 of 64, process  67 of 128, pid=30056)
UPCR: UPC thread  15 of 128 on node008 (pshm node  7 of 64, process  15 of 128, pid=9372)
UPCR: UPC thread  46 of 128 on node028 (pshm node 23 of 64, process  46 of 128, pid=15991)
UPCR: UPC thread  73 of 128 on node041 (pshm node 36 of 64, process  73 of 128, pid=30997)
UPCR: UPC thread  14 of 128 on node008 (pshm node  7 of 64, process  14 of 128, pid=9349)
UPCR: UPC thread  72 of 128 on node041 (pshm node 36 of 64, process  72 of 128, pid=30973)
UPCR: UPC thread  95 of 128 on node052 (pshm node 47 of 64, process  95 of 128, pid=12344)
UPCR: UPC thread   2 of 128 on node002 (pshm node  1 of 64, process   2 of 128, pid=6870)
UPCR: UPC thread  64 of 128 on node037 (pshm node 32 of 64, process  64 of 128, pid=671)
UPCR: UPC thread  68 of 128 on node039 (pshm node 34 of 64, process  68 of 128, pid=32308)
UPCR: UPC thread  41 of 128 on node023 (pshm node 20 of 64, process  41 of 128, pid=7329)
UPCR: UPC thread  33 of 128 on node017 (pshm node 16 of 64, process  33 of 128, pid=3879)
UPCR: UPC thread  18 of 128 on node010 (pshm node  9 of 64, process  18 of 128, pid=18811)
UPCR: UPC thread 118 of 128 on node064 (pshm node 59 of 64, process 118 of 128, pid=9209)
UPCR: UPC thread  90 of 128 on node050 (pshm node 45 of 64, process  90 of 128, pid=9187)
UPCR: UPC thread 101 of 128 on node055 (pshm node 50 of 64, process 101 of 128, pid=21657)
UPCR: UPC thread  62 of 128 on node036 (pshm node 31 of 64, process  62 of 128, pid=32485)
UPCR: UPC thread  54 of 128 on node032 (pshm node 27 of 64, process  54 of 128, pid=32364)
UPCR: UPC thread  51 of 128 on node030 (pshm node 25 of 64, process  51 of 128, pid=13821)
UPCR: UPC thread  12 of 128 on node007 (pshm node  6 of 64, process  12 of 128, pid=21942)
UPCR: UPC thread  81 of 128 on node045 (pshm node 40 of 64, process  81 of 128, pid=28903)
UPCR: UPC thread  71 of 128 on node040 (pshm node 35 of 64, process  71 of 128, pid=1232)
UPCR: UPC thread  80 of 128 on node045 (pshm node 40 of 64, process  80 of 128, pid=28879)
UPCR: UPC thread  84 of 128 on node047 (pshm node 42 of 64, process  84 of 128, pid=12068)
UPCR: UPC thread 125 of 128 on node067 (pshm node 62 of 64, process 125 of 128, pid=5493)
UPCR: UPC thread  44 of 128 on node025 (pshm node 22 of 64, process  44 of 128, pid=9946)
UPCR: UPC thread 108 of 128 on node059 (pshm node 54 of 64, process 108 of 128, pid=721)
UPCR: UPC thread 124 of 128 on node067 (pshm node 62 of 64, process 124 of 128, pid=5487)
UPCR: UPC thread  25 of 128 on node013 (pshm node 12 of 64, process  25 of 128, pid=14021)
UPCR: UPC thread  39 of 128 on node020 (pshm node 19 of 64, process  39 of 128, pid=31111)
UPCR: UPC thread 123 of 128 on node066 (pshm node 61 of 64, process 123 of 128, pid=7223)
UPCR: UPC thread  36 of 128 on node019 (pshm node 18 of 64, process  36 of 128, pid=26889)
UPCR: UPC thread 104 of 128 on node057 (pshm node 52 of 64, process 104 of 128, pid=4810)
UPCR: UPC thread 117 of 128 on node063 (pshm node 58 of 64, process 117 of 128, pid=27596)
UPCR: UPC thread 121 of 128 on node065 (pshm node 60 of 64, process 121 of 128, pid=27535)
UPCR: UPC thread  83 of 128 on node046 (pshm node 41 of 64, process  83 of 128, pid=19691)
UPCR: UPC thread  99 of 128 on node054 (pshm node 49 of 64, process  99 of 128, pid=21742)
UPCR: UPC thread  69 of 128 on node039 (pshm node 34 of 64, process  69 of 128, pid=32331)
UPCR: UPC thread  42 of 128 on node024 (pshm node 21 of 64, process  42 of 128, pid=16572)
UPCR: UPC thread 106 of 128 on node058 (pshm node 53 of 64, process 106 of 128, pid=2430)
UPCR: UPC thread 126 of 128 on node068 (pshm node 63 of 64, process 126 of 128, pid=6662)
UPCR: UPC thread 112 of 128 on node061 (pshm node 56 of 64, process 112 of 128, pid=27293)
UPCR: UPC thread  53 of 128 on node031 (pshm node 26 of 64, process  53 of 128, pid=683)
UPCR: UPC thread  38 of 128 on node020 (pshm node 19 of 64, process  38 of 128, pid=31105)
UPCR: UPC thread   6 of 128 on node004 (pshm node  3 of 64, process   6 of 128, pid=4928)
UPCR: UPC thread  19 of 128 on node010 (pshm node  9 of 64, process  19 of 128, pid=18828)
UPCR: UPC thread  48 of 128 on node029 (pshm node 24 of 64, process  48 of 128, pid=27610)
UPCR: UPC thread  47 of 128 on node028 (pshm node 23 of 64, process  47 of 128, pid=15990)
UPCR: UPC thread 107 of 128 on node058 (pshm node 53 of 64, process 107 of 128, pid=2456)
UPCR: UPC thread  43 of 128 on node024 (pshm node 21 of 64, process  43 of 128, pid=16548)
UPCR: UPC thread 105 of 128 on node057 (pshm node 52 of 64, process 105 of 128, pid=4787)
UPCR: UPC thread  86 of 128 on node048 (pshm node 43 of 64, process  86 of 128, pid=10020)
UPCR: UPC thread  82 of 128 on node046 (pshm node 41 of 64, process  82 of 128, pid=19715)
UPCR: UPC thread  45 of 128 on node025 (pshm node 22 of 64, process  45 of 128, pid=9970)
UPCR: UPC thread  61 of 128 on node035 (pshm node 30 of 64, process  61 of 128, pid=32562)
UPCR: UPC thread  58 of 128 on node034 (pshm node 29 of 64, process  58 of 128, pid=29426)
UPCR: UPC thread  24 of 128 on node013 (pshm node 12 of 64, process  24 of 128, pid=14004)
UPCR: UPC thread  50 of 128 on node030 (pshm node 25 of 64, process  50 of 128, pid=13811)
UPCR: UPC thread  85 of 128 on node047 (pshm node 42 of 64, process  85 of 128, pid=12085)
UPCR: UPC thread  66 of 128 on node038 (pshm node 33 of 64, process  66 of 128, pid=30080)
UPCR: UPC thread  34 of 128 on node018 (pshm node 17 of 64, process  34 of 128, pid=9555)
Initializing models/anderson.6.4-rgs.bdd!
Vector size: 19
Bits per integer: 4
Number of BDD variables: 76
Loading initial states: 
Initial states loaded... 
Loading transition relations... 
19 integers per state, 4 bits per integer, 18 transition groups
BDD nodes:
Initial states: 76 BDD nodes
Transition 0: 606 BDD nodes
Transition 1: 99 BDD nodes
Transition 2: 27 BDD nodes
Transition 3: 653 BDD nodes
Transition 4: 180 BDD nodes
Transition 5: 28 BDD nodes
Transition 6: 544 BDD nodes
Transition 7: 544 BDD nodes
Transition 8: 544 BDD nodes
Transition 9: 544 BDD nodes
Transition 10: 180 BDD nodes
Transition 11: 28 BDD nodes
Transition 12: 133 BDD nodes
Transition 13: 133 BDD nodes
Transition 14: 133 BDD nodes
Transition 15: 28 BDD nodes
Transition 16: 28 BDD nodes
Transition 17: 28 BDD nodes
Level 1... done. 
Level 2... done. 
Level 3... done. 
Level 4... done. 
Level 5... done. 
Level 6... done. 
Level 7... done. 
Level 8... done. 
Level 9... done. 
Level 10... done. 
Level 11... done. 
Level 12... done. 
Level 13... done. 
Level 14... done. 
Level 15... done. 
Level 16... done. 
Level 17... done. 
Level 18... done. 
Level 19... done. 
Level 20... done. 
Level 21... done. 
Level 22... done. 
Level 23... done. 
Level 24... done. 
Level 25... done. 
Level 26... done. 
Level 27... done. 
Level 28... done. 
Level 29... done. 
Level 30... done. 
Level 31... done. 
Level 32... done. 
Level 33... done. 
Level 34... done. 
Level 35... done. 
Level 36... done. 
Level 37... done. 
Level 38... done. 
Level 39... done. 
Level 40... done. 
Level 41... done. 
Level 42... done. 
Level 43... done. 
Level 44... done. 
Level 45... done. 
Level 46... done. 
Level 47... done. 
Level 48... done. 
Level 49... done. 
Level 50... done. 
Level 51... done. 
Level 52... done. 
Level 53... done. 
Level 54... done. 
Level 55... done. 
Level 56... done. 
Level 57... done. 
Level 58... done. 
Level 59... done. 
Level 60... done. 
Level 61... done. 
Level 62... done. 
Level 63... done. 
Level 64... done. 
Level 65... done. 
Level 66... done. 
Level 67... done. 
Level 68... done. 
Level 69... done. 
Level 70... done. 
Level 71... done. 
Level 72... done. 
Level 73... done. 
Level 74... done. 
Level 75... done. 
Level 76... done. 
Level 77... done. 
Level 78... done. 
Level 79... done. 
Level 80... done. 
Level 81... done. 
Level 82... done. 
Level 83... done. 
Level 84... done. 
Level 85... done. 
Level 86... done. 
Level 87... done. 
Level 88... done. 
Level 89... done. 
Level 90... done. 
Level 91... done. 
Level 92... done. 
Level 93... done. 
Level 94... done. 
Level 95... done. 
Level 96... done. 
Level 97... done. 
Level 98... done. 
Level 99... done. 
Level 100... done. 
Level 101... done. 
Level 102... done. 
Level 103... done. 
Level 104... done. 
Level 105... done. 
Level 106... done. 
Level 107... done. 
Level 108... done. 
Level 109... done. 
Level 110... done. 
Level 111... done. 
Level 112... done. 
Level 113... done. 
Level 114... done. 
Level 115... done. 
Level 116... done. 
Level 117... done. 
Level 118... done. 
Level 119... done. 
Level 120... done. 
Level 121... done. 
Level 122... done. 
Level 123... done. 
Level 124... done. 
Level 125... done. 
Level 126... done. 
Level 127... done. 
Level 128... done. 
Level 129... done. 
Level 130... done. 
Level 131... done. 
Level 132... done. 
Level 133... done. 
Level 134... done. 
Level 135... done. 
Level 136... done. 
Level 137... done. 
Level 138... done. 
Level 139... done. 
Level 140... done. 
Level 141... done. 
Level 142... done. 
Level 143... done. 
Level 144... done. 
Level 145... done. 
Level 146... done. 
Level 147... done. 
Level 148... done. 
Level 149... done. 
Level 150... done. 
Level 151... done. 
Level 152... done. 
Level 153... done. 
Level 154... done. 
Level 155... done. 
Level 156... done. 
Level 157... done. 
Level 158... done. 
Level 159... done. 
Level 160... done. 
Level 161... done. 
Level 162... done. 
Level 163... done. 
Level 164... done. 
Level 165... done. 
Level 166... done. 
Level 167... done. 
Level 168... done. 
Level 169... done. 
Level 170... done. 
Level 171... done. 
Level 172... done. 
Level 173... done. 
Level 174... done. 
Level 175... done. 
Level 176... done. 
Level 177... done. 
Level 178... done. 
Level 179... done. 
Level 180... done. 
Level 181... done. 
PAR Time: 9.090957
Final states: 18206917 states
Final states: 76234 BDD nodes
[1443297324.928061] [node001:10166:0]         sys.c:719  MXM  WARN  Conflicting CPU frequencies detected, using: 1967.06
