[1443039135.418942] [node001:27073:0]         sys.c:719  MXM  WARN  Conflicting CPU frequencies detected, using: 1784.34
[1443039135.435959] [node001:27073:0]         mxm.c:185  MXM  WARN  The 'ulimit -s' on the system is set to 'unlimited'. This may have negative performance implications. Please set the heap size to the default value (10240) 
[1443039135.417212] [node001:27070:0]         sys.c:719  MXM  WARN  Conflicting CPU frequencies detected, using: 1784.34
[1443039135.430635] [node001:27070:0]         mxm.c:185  MXM  WARN  The 'ulimit -s' on the system is set to 'unlimited'. This may have negative performance implications. Please set the heap size to the default value (10240) 
[1443039135.418563] [node001:27074:0]         sys.c:719  MXM  WARN  Conflicting CPU frequencies detected, using: 1784.34
[1443039135.434938] [node001:27074:0]         mxm.c:185  MXM  WARN  The 'ulimit -s' on the system is set to 'unlimited'. This may have negative performance implications. Please set the heap size to the default value (10240) 
[1443039135.417227] [node001:27071:0]         sys.c:719  MXM  WARN  Conflicting CPU frequencies detected, using: 1784.34
[1443039135.431617] [node001:27071:0]         mxm.c:185  MXM  WARN  The 'ulimit -s' on the system is set to 'unlimited'. This may have negative performance implications. Please set the heap size to the default value (10240) 
[1443039135.417465] [node001:27075:0]         sys.c:719  MXM  WARN  Conflicting CPU frequencies detected, using: 1784.34
[1443039135.437014] [node001:27075:0]         mxm.c:185  MXM  WARN  The 'ulimit -s' on the system is set to 'unlimited'. This may have negative performance implications. Please set the heap size to the default value (10240) 
[1443039135.418166] [node001:27076:0]         sys.c:719  MXM  WARN  Conflicting CPU frequencies detected, using: 1784.34
[1443039135.436295] [node001:27076:0]         mxm.c:185  MXM  WARN  The 'ulimit -s' on the system is set to 'unlimited'. This may have negative performance implications. Please set the heap size to the default value (10240) 
[1443039135.419262] [node001:27072:0]         sys.c:719  MXM  WARN  Conflicting CPU frequencies detected, using: 1784.34
[1443039135.439350] [node001:27072:0]         mxm.c:185  MXM  WARN  The 'ulimit -s' on the system is set to 'unlimited'. This may have negative performance implications. Please set the heap size to the default value (10240) 
[1443039135.419204] [node001:27077:0]         sys.c:719  MXM  WARN  Conflicting CPU frequencies detected, using: 1784.34
[1443039135.440666] [node001:27077:0]         mxm.c:185  MXM  WARN  The 'ulimit -s' on the system is set to 'unlimited'. This may have negative performance implications. Please set the heap size to the default value (10240) 
[1443039135.781319] [node002:26182:0]         sys.c:719  MXM  WARN  Conflicting CPU frequencies detected, using: 1600.12
[1443039135.785487] [node002:26182:0]         mxm.c:185  MXM  WARN  The 'ulimit -s' on the system is set to 'unlimited'. This may have negative performance implications. Please set the heap size to the default value (10240) 
[1443039135.789092] [node002:26181:0]         sys.c:719  MXM  WARN  Conflicting CPU frequencies detected, using: 1603.59
[1443039135.792524] [node002:26181:0]         mxm.c:185  MXM  WARN  The 'ulimit -s' on the system is set to 'unlimited'. This may have negative performance implications. Please set the heap size to the default value (10240) 
[1443039135.807168] [node002:26214:0]         sys.c:719  MXM  WARN  Conflicting CPU frequencies detected, using: 1769.81
[1443039135.810694] [node002:26214:0]         mxm.c:185  MXM  WARN  The 'ulimit -s' on the system is set to 'unlimited'. This may have negative performance implications. Please set the heap size to the default value (10240) 
[1443039135.817254] [node002:26220:0]         sys.c:719  MXM  WARN  Conflicting CPU frequencies detected, using: 1799.91
[1443039135.820719] [node002:26220:0]         mxm.c:185  MXM  WARN  The 'ulimit -s' on the system is set to 'unlimited'. This may have negative performance implications. Please set the heap size to the default value (10240) 
[1443039135.876513] [node003:15769:0]         sys.c:719  MXM  WARN  Conflicting CPU frequencies detected, using: 2099.62
[1443039135.881139] [node003:15769:0]         mxm.c:185  MXM  WARN  The 'ulimit -s' on the system is set to 'unlimited'. This may have negative performance implications. Please set the heap size to the default value (10240) 
[1443039135.884387] [node004:10345:0]         sys.c:719  MXM  WARN  Conflicting CPU frequencies detected, using: 1729.12
[1443039135.888946] [node004:10345:0]         mxm.c:185  MXM  WARN  The 'ulimit -s' on the system is set to 'unlimited'. This may have negative performance implications. Please set the heap size to the default value (10240) 
[1443039135.907920] [node002:26276:0]         sys.c:719  MXM  WARN  Conflicting CPU frequencies detected, using: 2400.09
[1443039135.911207] [node002:26276:0]         mxm.c:185  MXM  WARN  The 'ulimit -s' on the system is set to 'unlimited'. This may have negative performance implications. Please set the heap size to the default value (10240) 
[1443039135.919113] [node002:26290:0]         sys.c:719  MXM  WARN  Conflicting CPU frequencies detected, using: 2400.19
[1443039135.922452] [node002:26290:0]         mxm.c:185  MXM  WARN  The 'ulimit -s' on the system is set to 'unlimited'. This may have negative performance implications. Please set the heap size to the default value (10240) 
[1443039135.930797] [node003:15786:0]         sys.c:719  MXM  WARN  Conflicting CPU frequencies detected, using: 2399.91
[1443039135.934990] [node003:15786:0]         mxm.c:185  MXM  WARN  The 'ulimit -s' on the system is set to 'unlimited'. This may have negative performance implications. Please set the heap size to the default value (10240) 
[1443039135.924979] [node006:4326 :0]         sys.c:719  MXM  WARN  Conflicting CPU frequencies detected, using: 1950.38
[1443039135.929147] [node006:4326 :0]         mxm.c:185  MXM  WARN  The 'ulimit -s' on the system is set to 'unlimited'. This may have negative performance implications. Please set the heap size to the default value (10240) 
[1443039135.919000] [node007:9817 :0]         sys.c:719  MXM  WARN  Conflicting CPU frequencies detected, using: 1815.19
[1443039135.923372] [node007:9817 :0]         mxm.c:185  MXM  WARN  The 'ulimit -s' on the system is set to 'unlimited'. This may have negative performance implications. Please set the heap size to the default value (10240) 
[1443039135.937502] [node006:4336 :0]         sys.c:719  MXM  WARN  Conflicting CPU frequencies detected, using: 1999.41
[1443039135.941518] [node006:4336 :0]         mxm.c:185  MXM  WARN  The 'ulimit -s' on the system is set to 'unlimited'. This may have negative performance implications. Please set the heap size to the default value (10240) 
[1443039135.942342] [node002:26306:0]         sys.c:719  MXM  WARN  Conflicting CPU frequencies detected, using: 2400.19
[1443039135.946079] [node002:26306:0]         mxm.c:185  MXM  WARN  The 'ulimit -s' on the system is set to 'unlimited'. This may have negative performance implications. Please set the heap size to the default value (10240) 
[1443039135.947131] [node006:4345 :0]         sys.c:719  MXM  WARN  Conflicting CPU frequencies detected, using: 2094.84
[1443039135.950202] [node006:4345 :0]         mxm.c:185  MXM  WARN  The 'ulimit -s' on the system is set to 'unlimited'. This may have negative performance implications. Please set the heap size to the default value (10240) 
[1443039135.944445] [node002:26307:0]         sys.c:719  MXM  WARN  Conflicting CPU frequencies detected, using: 2400.19
[1443039135.947801] [node002:26307:0]         mxm.c:185  MXM  WARN  The 'ulimit -s' on the system is set to 'unlimited'. This may have negative performance implications. Please set the heap size to the default value (10240) 
[1443039135.953748] [node004:10366:0]         sys.c:719  MXM  WARN  Conflicting CPU frequencies detected, using: 2399.91
[1443039135.957414] [node004:10366:0]         mxm.c:185  MXM  WARN  The 'ulimit -s' on the system is set to 'unlimited'. This may have negative performance implications. Please set the heap size to the default value (10240) 
[1443039135.937532] [node012:2919 :0]         sys.c:719  MXM  WARN  Conflicting CPU frequencies detected, using: 2094.84
[1443039135.943099] [node012:2919 :0]         mxm.c:185  MXM  WARN  The 'ulimit -s' on the system is set to 'unlimited'. This may have negative performance implications. Please set the heap size to the default value (10240) 
[1443039135.945544] [node007:9835 :0]         sys.c:719  MXM  WARN  Conflicting CPU frequencies detected, using: 2007.28
[1443039135.950259] [node007:9835 :0]         mxm.c:185  MXM  WARN  The 'ulimit -s' on the system is set to 'unlimited'. This may have negative performance implications. Please set the heap size to the default value (10240) 
[1443039135.962783] [node007:9847 :0]         sys.c:719  MXM  WARN  Conflicting CPU frequencies detected, using: 2096.06
[1443039135.966164] [node007:9847 :0]         mxm.c:185  MXM  WARN  The 'ulimit -s' on the system is set to 'unlimited'. This may have negative performance implications. Please set the heap size to the default value (10240) 
[1443039135.963859] [node006:4366 :0]         sys.c:719  MXM  WARN  Conflicting CPU frequencies detected, using: 2216.34
[1443039135.967287] [node006:4366 :0]         mxm.c:185  MXM  WARN  The 'ulimit -s' on the system is set to 'unlimited'. This may have negative performance implications. Please set the heap size to the default value (10240) 
[1443039135.960031] [node005:11894:0]         sys.c:719  MXM  WARN  Conflicting CPU frequencies detected, using: 2172.09
[1443039135.965269] [node005:11894:0]         mxm.c:185  MXM  WARN  The 'ulimit -s' on the system is set to 'unlimited'. This may have negative performance implications. Please set the heap size to the default value (10240) 
[1443039135.970894] [node006:4365 :0]         sys.c:719  MXM  WARN  Conflicting CPU frequencies detected, using: 2216.34
[1443039135.974125] [node006:4365 :0]         mxm.c:185  MXM  WARN  The 'ulimit -s' on the system is set to 'unlimited'. This may have negative performance implications. Please set the heap size to the default value (10240) 
[1443039135.982780] [node003:15798:0]         sys.c:719  MXM  WARN  Conflicting CPU frequencies detected, using: 2340.19
[1443039135.985708] [node003:15798:0]         mxm.c:185  MXM  WARN  The 'ulimit -s' on the system is set to 'unlimited'. This may have negative performance implications. Please set the heap size to the default value (10240) 
[1443039135.986364] [node006:4435 :0]         sys.c:719  MXM  WARN  Conflicting CPU frequencies detected, using: 2291.53
[1443039135.989447] [node006:4435 :0]         mxm.c:185  MXM  WARN  The 'ulimit -s' on the system is set to 'unlimited'. This may have negative performance implications. Please set the heap size to the default value (10240) 
[1443039135.988262] [node003:15821:0]         sys.c:719  MXM  WARN  Conflicting CPU frequencies detected, using: 2400.00
[1443039135.991621] [node003:15821:0]         mxm.c:185  MXM  WARN  The 'ulimit -s' on the system is set to 'unlimited'. This may have negative performance implications. Please set the heap size to the default value (10240) 
[1443039135.990984] [node003:15824:0]         sys.c:719  MXM  WARN  Conflicting CPU frequencies detected, using: 2400.09
[1443039135.993761] [node003:15824:0]         mxm.c:185  MXM  WARN  The 'ulimit -s' on the system is set to 'unlimited'. This may have negative performance implications. Please set the heap size to the default value (10240) 
[1443039135.953718] [node012:2941 :0]         sys.c:719  MXM  WARN  Conflicting CPU frequencies detected, using: 2263.59
[1443039135.962725] [node012:2941 :0]         mxm.c:185  MXM  WARN  The 'ulimit -s' on the system is set to 'unlimited'. This may have negative performance implications. Please set the heap size to the default value (10240) 
[1443039135.982085] [node003:15799:0]         sys.c:719  MXM  WARN  Conflicting CPU frequencies detected, using: 2340.19
[1443039135.985404] [node003:15799:0]         mxm.c:185  MXM  WARN  The 'ulimit -s' on the system is set to 'unlimited'. This may have negative performance implications. Please set the heap size to the default value (10240) 
[1443039135.979394] [node006:4397 :0]         sys.c:719  MXM  WARN  Conflicting CPU frequencies detected, using: 2274.75
[1443039135.983454] [node006:4397 :0]         mxm.c:185  MXM  WARN  The 'ulimit -s' on the system is set to 'unlimited'. This may have negative performance implications. Please set the heap size to the default value (10240) 
[1443039135.951752] [node012:2939 :0]         sys.c:719  MXM  WARN  Conflicting CPU frequencies detected, using: 2263.59
[1443039135.962005] [node012:2939 :0]         mxm.c:185  MXM  WARN  The 'ulimit -s' on the system is set to 'unlimited'. This may have negative performance implications. Please set the heap size to the default value (10240) 
[1443039135.951451] [node012:2923 :0]         sys.c:719  MXM  WARN  Conflicting CPU frequencies detected, using: 2263.59
[1443039135.961221] [node012:2923 :0]         mxm.c:185  MXM  WARN  The 'ulimit -s' on the system is set to 'unlimited'. This may have negative performance implications. Please set the heap size to the default value (10240) 
[1443039135.962398] [node012:3002 :0]         sys.c:719  MXM  WARN  Conflicting CPU frequencies detected, using: 2353.69
[1443039135.970286] [node012:3002 :0]         mxm.c:185  MXM  WARN  The 'ulimit -s' on the system is set to 'unlimited'. This may have negative performance implications. Please set the heap size to the default value (10240) 
[1443039135.995746] [node003:15875:0]         sys.c:719  MXM  WARN  Conflicting CPU frequencies detected, using: 2400.09
[1443039135.998794] [node003:15875:0]         mxm.c:185  MXM  WARN  The 'ulimit -s' on the system is set to 'unlimited'. This may have negative performance implications. Please set the heap size to the default value (10240) 
[1443039135.987182] [node006:4422 :0]         sys.c:719  MXM  WARN  Conflicting CPU frequencies detected, using: 2291.53
[1443039135.989801] [node006:4422 :0]         mxm.c:185  MXM  WARN  The 'ulimit -s' on the system is set to 'unlimited'. This may have negative performance implications. Please set the heap size to the default value (10240) 
[1443039135.994007] [node004:10373:0]         sys.c:719  MXM  WARN  Conflicting CPU frequencies detected, using: 2399.91
[1443039135.997229] [node004:10373:0]         mxm.c:185  MXM  WARN  The 'ulimit -s' on the system is set to 'unlimited'. This may have negative performance implications. Please set the heap size to the default value (10240) 
[1443039135.996655] [node007:9874 :0]         sys.c:719  MXM  WARN  Conflicting CPU frequencies detected, using: 2199.19
[1443039136.000422] [node007:9874 :0]         mxm.c:185  MXM  WARN  The 'ulimit -s' on the system is set to 'unlimited'. This may have negative performance implications. Please set the heap size to the default value (10240) 
[1443039135.990939] [node003:15845:0]         sys.c:719  MXM  WARN  Conflicting CPU frequencies detected, using: 2400.09
[1443039135.994687] [node003:15845:0]         mxm.c:185  MXM  WARN  The 'ulimit -s' on the system is set to 'unlimited'. This may have negative performance implications. Please set the heap size to the default value (10240) 
[1443039135.995544] [node004:10374:0]         sys.c:719  MXM  WARN  Conflicting CPU frequencies detected, using: 2399.91
[1443039135.998370] [node004:10374:0]         mxm.c:185  MXM  WARN  The 'ulimit -s' on the system is set to 'unlimited'. This may have negative performance implications. Please set the heap size to the default value (10240) 
[1443039136.003434] [node004:10394:0]         sys.c:719  MXM  WARN  Conflicting CPU frequencies detected, using: 2400.00
[1443039136.006296] [node004:10394:0]         mxm.c:185  MXM  WARN  The 'ulimit -s' on the system is set to 'unlimited'. This may have negative performance implications. Please set the heap size to the default value (10240) 
[1443039136.002197] [node004:10395:0]         sys.c:719  MXM  WARN  Conflicting CPU frequencies detected, using: 2400.00
[1443039136.004983] [node004:10395:0]         mxm.c:185  MXM  WARN  The 'ulimit -s' on the system is set to 'unlimited'. This may have negative performance implications. Please set the heap size to the default value (10240) 
[1443039136.004881] [node004:10472:0]         sys.c:719  MXM  WARN  Conflicting CPU frequencies detected, using: 2400.00
[1443039136.007754] [node004:10472:0]         mxm.c:185  MXM  WARN  The 'ulimit -s' on the system is set to 'unlimited'. This may have negative performance implications. Please set the heap size to the default value (10240) 
[1443039136.003284] [node005:11902:0]         sys.c:719  MXM  WARN  Conflicting CPU frequencies detected, using: 2395.31
[1443039136.006427] [node005:11902:0]         mxm.c:185  MXM  WARN  The 'ulimit -s' on the system is set to 'unlimited'. This may have negative performance implications. Please set the heap size to the default value (10240) 
[1443039136.004673] [node004:10396:0]         sys.c:719  MXM  WARN  Conflicting CPU frequencies detected, using: 2400.00
[1443039136.007579] [node004:10396:0]         mxm.c:185  MXM  WARN  The 'ulimit -s' on the system is set to 'unlimited'. This may have negative performance implications. Please set the heap size to the default value (10240) 
[1443039136.008653] [node007:9871 :0]         sys.c:719  MXM  WARN  Conflicting CPU frequencies detected, using: 2383.41
[1443039136.011782] [node007:9871 :0]         mxm.c:185  MXM  WARN  The 'ulimit -s' on the system is set to 'unlimited'. This may have negative performance implications. Please set the heap size to the default value (10240) 
[1443039135.987349] [node012:3057 :0]         sys.c:719  MXM  WARN  Conflicting CPU frequencies detected, using: 2399.91
[1443039135.996682] [node012:3057 :0]         mxm.c:185  MXM  WARN  The 'ulimit -s' on the system is set to 'unlimited'. This may have negative performance implications. Please set the heap size to the default value (10240) 
[1443039136.015363] [node005:11903:0]         sys.c:719  MXM  WARN  Conflicting CPU frequencies detected, using: 2400.00
[1443039136.017885] [node005:11903:0]         mxm.c:185  MXM  WARN  The 'ulimit -s' on the system is set to 'unlimited'. This may have negative performance implications. Please set the heap size to the default value (10240) 
[1443039136.015111] [node007:9894 :0]         sys.c:719  MXM  WARN  Conflicting CPU frequencies detected, using: 2383.41
[1443039136.018504] [node007:9894 :0]         mxm.c:185  MXM  WARN  The 'ulimit -s' on the system is set to 'unlimited'. This may have negative performance implications. Please set the heap size to the default value (10240) 
[1443039136.010558] [node005:11904:0]         sys.c:719  MXM  WARN  Conflicting CPU frequencies detected, using: 2395.31
[1443039136.014390] [node005:11904:0]         mxm.c:185  MXM  WARN  The 'ulimit -s' on the system is set to 'unlimited'. This may have negative performance implications. Please set the heap size to the default value (10240) 
[1443039135.968376] [node012:3005 :0]         sys.c:719  MXM  WARN  Conflicting CPU frequencies detected, using: 2353.69
[1443039135.983654] [node012:3005 :0]         mxm.c:185  MXM  WARN  The 'ulimit -s' on the system is set to 'unlimited'. This may have negative performance implications. Please set the heap size to the default value (10240) 
[1443039135.974455] [node012:3027 :0]         sys.c:719  MXM  WARN  Conflicting CPU frequencies detected, using: 2399.91
[1443039135.986125] [node012:3027 :0]         mxm.c:185  MXM  WARN  The 'ulimit -s' on the system is set to 'unlimited'. This may have negative performance implications. Please set the heap size to the default value (10240) 
[1443039136.021124] [node007:9895 :0]         sys.c:719  MXM  WARN  Conflicting CPU frequencies detected, using: 2398.59
[1443039136.023977] [node007:9895 :0]         mxm.c:185  MXM  WARN  The 'ulimit -s' on the system is set to 'unlimited'. This may have negative performance implications. Please set the heap size to the default value (10240) 
[1443039136.019070] [node007:9923 :0]         sys.c:719  MXM  WARN  Conflicting CPU frequencies detected, using: 2396.91
[1443039136.021937] [node007:9923 :0]         mxm.c:185  MXM  WARN  The 'ulimit -s' on the system is set to 'unlimited'. This may have negative performance implications. Please set the heap size to the default value (10240) 
[1443039136.027024] [node005:11968:0]         sys.c:719  MXM  WARN  Conflicting CPU frequencies detected, using: 2400.00
[1443039136.030137] [node005:11968:0]         mxm.c:185  MXM  WARN  The 'ulimit -s' on the system is set to 'unlimited'. This may have negative performance implications. Please set the heap size to the default value (10240) 
[1443039136.027036] [node005:11970:0]         sys.c:719  MXM  WARN  Conflicting CPU frequencies detected, using: 2400.00
[1443039136.030769] [node005:11970:0]         mxm.c:185  MXM  WARN  The 'ulimit -s' on the system is set to 'unlimited'. This may have negative performance implications. Please set the heap size to the default value (10240) 
[1443039136.027281] [node005:11962:0]         sys.c:719  MXM  WARN  Conflicting CPU frequencies detected, using: 2400.00
[1443039136.030866] [node005:11962:0]         mxm.c:185  MXM  WARN  The 'ulimit -s' on the system is set to 'unlimited'. This may have negative performance implications. Please set the heap size to the default value (10240) 
[1443039136.030581] [node005:11966:0]         sys.c:719  MXM  WARN  Conflicting CPU frequencies detected, using: 2400.00
[1443039136.033190] [node005:11966:0]         mxm.c:185  MXM  WARN  The 'ulimit -s' on the system is set to 'unlimited'. This may have negative performance implications. Please set the heap size to the default value (10240) 
UPCR: UPC thread  5 of 64 on node001 (pshm node 0 of 8, process  5 of 64, pid=27075)
UPCR: UPC thread  6 of 64 on node001 (pshm node 0 of 8, process  6 of 64, pid=27076)
UPCR: UPC thread  0 of 64 on node001 (pshm node 0 of 8, process  0 of 64, pid=27070)
UPCR: UPC thread  1 of 64 on node001 (pshm node 0 of 8, process  1 of 64, pid=27071)
UPCR: UPC thread  4 of 64 on node001 (pshm node 0 of 8, process  4 of 64, pid=27074)
UPCR: UPC thread  7 of 64 on node001 (pshm node 0 of 8, process  7 of 64, pid=27077)
UPCR: UPC thread  2 of 64 on node001 (pshm node 0 of 8, process  2 of 64, pid=27072)
UPCR: UPC thread  3 of 64 on node001 (pshm node 0 of 8, process  3 of 64, pid=27073)
UPCR: UPC thread 52 of 64 on node007 (pshm node 6 of 8, process 52 of 64, pid=9874)
UPCR: UPC thread 31 of 64 on node004 (pshm node 3 of 8, process 31 of 64, pid=10396)
UPCR: UPC thread 58 of 64 on node012 (pshm node 7 of 8, process 58 of 64, pid=3002)
UPCR: UPC thread 12 of 64 on node002 (pshm node 1 of 8, process 12 of 64, pid=26214)
UPCR: UPC thread 57 of 64 on node012 (pshm node 7 of 8, process 57 of 64, pid=3057)
UPCR: UPC thread 24 of 64 on node004 (pshm node 3 of 8, process 24 of 64, pid=10395)
UPCR: UPC thread 33 of 64 on node005 (pshm node 4 of 8, process 33 of 64, pid=11902)
UPCR: UPC thread 23 of 64 on node003 (pshm node 2 of 8, process 23 of 64, pid=15845)
UPCR: UPC thread 60 of 64 on node012 (pshm node 7 of 8, process 60 of 64, pid=3005)
UPCR: UPC thread 28 of 64 on node004 (pshm node 3 of 8, process 28 of 64, pid=10472)
UPCR: UPC thread 17 of 64 on node003 (pshm node 2 of 8, process 17 of 64, pid=15824)
UPCR: UPC thread  9 of 64 on node002 (pshm node 1 of 8, process  9 of 64, pid=26182)
UPCR: UPC thread 37 of 64 on node005 (pshm node 4 of 8, process 37 of 64, pid=11894)
UPCR: UPC thread 54 of 64 on node007 (pshm node 6 of 8, process 54 of 64, pid=9871)
UPCR: UPC thread 20 of 64 on node003 (pshm node 2 of 8, process 20 of 64, pid=15798)
UPCR: UPC thread 53 of 64 on node007 (pshm node 6 of 8, process 53 of 64, pid=9847)
UPCR: UPC thread 48 of 64 on node007 (pshm node 6 of 8, process 48 of 64, pid=9894)
UPCR: UPC thread 56 of 64 on node012 (pshm node 7 of 8, process 56 of 64, pid=2919)
UPCR: UPC thread 34 of 64 on node005 (pshm node 4 of 8, process 34 of 64, pid=11966)
UPCR: UPC thread 15 of 64 on node002 (pshm node 1 of 8, process 15 of 64, pid=26306)
UPCR: UPC thread 27 of 64 on node004 (pshm node 3 of 8, process 27 of 64, pid=10374)
UPCR: UPC thread 36 of 64 on node005 (pshm node 4 of 8, process 36 of 64, pid=11903)
UPCR: UPC thread 41 of 64 on node006 (pshm node 5 of 8, process 41 of 64, pid=4435)
UPCR: UPC thread 30 of 64 on node004 (pshm node 3 of 8, process 30 of 64, pid=10366)
UPCR: UPC thread 43 of 64 on node006 (pshm node 5 of 8, process 43 of 64, pid=4336)
UPCR: UPC thread 42 of 64 on node006 (pshm node 5 of 8, process 42 of 64, pid=4365)
UPCR: UPC thread 59 of 64 on node012 (pshm node 7 of 8, process 59 of 64, pid=3027)
UPCR: UPC thread 49 of 64 on node007 (pshm node 6 of 8, process 49 of 64, pid=9895)
UPCR: UPC thread 13 of 64 on node002 (pshm node 1 of 8, process 13 of 64, pid=26307)
UPCR: UPC thread 50 of 64 on node007 (pshm node 6 of 8, process 50 of 64, pid=9923)
UPCR: UPC thread 51 of 64 on node007 (pshm node 6 of 8, process 51 of 64, pid=9817)
UPCR: UPC thread 29 of 64 on node004 (pshm node 3 of 8, process 29 of 64, pid=10373)
UPCR: UPC thread 16 of 64 on node003 (pshm node 2 of 8, process 16 of 64, pid=15875)
UPCR: UPC thread 63 of 64 on node012 (pshm node 7 of 8, process 63 of 64, pid=2939)
UPCR: UPC thread 32 of 64 on node005 (pshm node 4 of 8, process 32 of 64, pid=11962)
UPCR: UPC thread 62 of 64 on node012 (pshm node 7 of 8, process 62 of 64, pid=2923)
UPCR: UPC thread 45 of 64 on node006 (pshm node 5 of 8, process 45 of 64, pid=4422)
UPCR: UPC thread 61 of 64 on node012 (pshm node 7 of 8, process 61 of 64, pid=2941)
UPCR: UPC thread 10 of 64 on node002 (pshm node 1 of 8, process 10 of 64, pid=26220)
UPCR: UPC thread 38 of 64 on node005 (pshm node 4 of 8, process 38 of 64, pid=11968)
UPCR: UPC thread 46 of 64 on node006 (pshm node 5 of 8, process 46 of 64, pid=4345)
UPCR: UPC thread 26 of 64 on node004 (pshm node 3 of 8, process 26 of 64, pid=10394)
UPCR: UPC thread 55 of 64 on node007 (pshm node 6 of 8, process 55 of 64, pid=9835)
UPCR: UPC thread 47 of 64 on node006 (pshm node 5 of 8, process 47 of 64, pid=4366)
UPCR: UPC thread 14 of 64 on node002 (pshm node 1 of 8, process 14 of 64, pid=26276)
UPCR: UPC thread 25 of 64 on node004 (pshm node 3 of 8, process 25 of 64, pid=10345)
UPCR: UPC thread  8 of 64 on node002 (pshm node 1 of 8, process  8 of 64, pid=26181)
UPCR: UPC thread 22 of 64 on node003 (pshm node 2 of 8, process 22 of 64, pid=15786)
UPCR: UPC thread 21 of 64 on node003 (pshm node 2 of 8, process 21 of 64, pid=15799)
UPCR: UPC thread 35 of 64 on node005 (pshm node 4 of 8, process 35 of 64, pid=11970)
UPCR: UPC thread 19 of 64 on node003 (pshm node 2 of 8, process 19 of 64, pid=15821)
UPCR: UPC thread 39 of 64 on node005 (pshm node 4 of 8, process 39 of 64, pid=11904)
UPCR: UPC thread 11 of 64 on node002 (pshm node 1 of 8, process 11 of 64, pid=26290)
UPCR: UPC thread 44 of 64 on node006 (pshm node 5 of 8, process 44 of 64, pid=4397)
UPCR: UPC thread 40 of 64 on node006 (pshm node 5 of 8, process 40 of 64, pid=4326)
UPCR: UPC thread 18 of 64 on node003 (pshm node 2 of 8, process 18 of 64, pid=15769)
Initializing models/anderson.6.4-rgs.bdd!
Vector size: 19
Bits per integer: 4
Number of BDD variables: 76
Loading initial states: 
Initial states loaded... 
Loading transition relations... 
19 integers per state, 4 bits per integer, 18 transition groups
BDD nodes:
Initial states: 76 BDD nodes
Transition 0: 606 BDD nodes
Transition 1: 99 BDD nodes
Transition 2: 27 BDD nodes
Transition 3: 653 BDD nodes
Transition 4: 180 BDD nodes
Transition 5: 28 BDD nodes
Transition 6: 544 BDD nodes
Transition 7: 544 BDD nodes
Transition 8: 544 BDD nodes
Transition 9: 544 BDD nodes
Transition 10: 180 BDD nodes
Transition 11: 28 BDD nodes
Transition 12: 133 BDD nodes
Transition 13: 133 BDD nodes
Transition 14: 133 BDD nodes
Transition 15: 28 BDD nodes
Transition 16: 28 BDD nodes
Transition 17: 28 BDD nodes
Level 1... done. 
Level 2... done. 
Level 3... done. 
Level 4... done. 
Level 5... done. 
Level 6... done. 
Level 7... done. 
Level 8... done. 
Level 9... done. 
Level 10... done. 
Level 11... done. 
Level 12... done. 
Level 13... done. 
Level 14... done. 
Level 15... done. 
Level 16... done. 
Level 17... done. 
Level 18... done. 
Level 19... done. 
Level 20... done. 
Level 21... done. 
Level 22... done. 
Level 23... done. 
Level 24... done. 
Level 25... done. 
Level 26... done. 
Level 27... done. 
Level 28... done. 
Level 29... done. 
Level 30... done. 
Level 31... done. 
Level 32... done. 
Level 33... done. 
Level 34... done. 
Level 35... done. 
Level 36... done. 
Level 37... done. 
Level 38... done. 
Level 39... done. 
Level 40... done. 
Level 41... done. 
Level 42... done. 
Level 43... done. 
Level 44... done. 
Level 45... done. 
Level 46... done. 
Level 47... done. 
Level 48... done. 
Level 49... done. 
Level 50... done. 
Level 51... done. 
Level 52... done. 
Level 53... done. 
Level 54... done. 
Level 55... done. 
Level 56... done. 
Level 57... done. 
Level 58... done. 
Level 59... done. 
Level 60... done. 
Level 61... done. 
Level 62... done. 
Level 63... done. 
Level 64... done. 
Level 65... done. 
Level 66... done. 
Level 67... done. 
Level 68... done. 
Level 69... done. 
Level 70... done. 
Level 71... done. 
Level 72... done. 
Level 73... done. 
Level 74... done. 
Level 75... done. 
Level 76... done. 
Level 77... done. 
Level 78... done. 
Level 79... done. 
Level 80... done. 
Level 81... done. 
Level 82... done. 
Level 83... done. 
Level 84... done. 
Level 85... done. 
Level 86... done. 
Level 87... done. 
Level 88... done. 
Level 89... done. 
Level 90... done. 
Level 91... done. 
Level 92... done. 
Level 93... done. 
Level 94... done. 
Level 95... done. 
Level 96... done. 
Level 97... done. 
Level 98... done. 
Level 99... done. 
Level 100... done. 
Level 101... done. 
Level 102... done. 
Level 103... done. 
Level 104... done. 
Level 105... done. 
Level 106... done. 
Level 107... done. 
Level 108... done. 
Level 109... done. 
Level 110... done. 
Level 111... done. 
Level 112... done. 
Level 113... done. 
Level 114... done. 
Level 115... done. 
Level 116... done. 
Level 117... done. 
Level 118... done. 
Level 119... done. 
Level 120... done. 
Level 121... done. 
Level 122... done. 
Level 123... done. 
Level 124... done. 
Level 125... done. 
Level 126... done. 
Level 127... done. 
Level 128... done. 
Level 129... done. 
Level 130... done. 
Level 131... done. 
Level 132... done. 
Level 133... done. 
Level 134... done. 
Level 135... done. 
Level 136... done. 
Level 137... done. 
Level 138... done. 
Level 139... done. 
Level 140... done. 
Level 141... done. 
Level 142... done. 
Level 143... done. 
Level 144... done. 
Level 145... done. 
Level 146... done. 
Level 147... done. 
Level 148... done. 
Level 149... done. 
Level 150... done. 
Level 151... done. 
Level 152... done. 
Level 153... done. 
Level 154... done. 
Level 155... done. 
Level 156... done. 
Level 157... done. 
Level 158... done. 
Level 159... done. 
Level 160... done. 
Level 161... done. 
Level 162... done. 
Level 163... done. 
Level 164... done. 
Level 165... done. 
Level 166... done. 
Level 167... done. 
Level 168... done. 
Level 169... done. 
Level 170... done. 
Level 171... done. 
Level 172... done. 
Level 173... done. 
Level 174... done. 
Level 175... done. 
Level 176... done. 
Level 177... done. 
Level 178... done. 
Level 179... done. 
Level 180... done. 
Level 181... done. 
PAR Time: 18.491649
Final states: 18206917 states
Final states: 76234 BDD nodes
[1443039135.399409] [node001:27025:0]         sys.c:719  MXM  WARN  Conflicting CPU frequencies detected, using: 1799.16
