[1443041728.986747] [node030:27126:0]         sys.c:719  MXM  WARN  Conflicting CPU frequencies detected, using: 1294.59
[1443041729.002445] [node030:27126:0]         mxm.c:185  MXM  WARN  The 'ulimit -s' on the system is set to 'unlimited'. This may have negative performance implications. Please set the heap size to the default value (10240) 
[1443041728.988703] [node030:27125:0]         sys.c:719  MXM  WARN  Conflicting CPU frequencies detected, using: 1294.59
[1443041729.003229] [node030:27125:0]         mxm.c:185  MXM  WARN  The 'ulimit -s' on the system is set to 'unlimited'. This may have negative performance implications. Please set the heap size to the default value (10240) 
[1443041729.282334] [node033:17192:0]         sys.c:719  MXM  WARN  Conflicting CPU frequencies detected, using: 1493.91
[1443041729.288536] [node033:17192:0]         mxm.c:185  MXM  WARN  The 'ulimit -s' on the system is set to 'unlimited'. This may have negative performance implications. Please set the heap size to the default value (10240) 
[1443041729.286969] [node033:17198:0]         sys.c:719  MXM  WARN  Conflicting CPU frequencies detected, using: 1493.91
[1443041729.292854] [node033:17198:0]         mxm.c:185  MXM  WARN  The 'ulimit -s' on the system is set to 'unlimited'. This may have negative performance implications. Please set the heap size to the default value (10240) 
[1443041729.292010] [node034:12084:0]         sys.c:719  MXM  WARN  Conflicting CPU frequencies detected, using: 1674.28
[1443041729.298336] [node034:12084:0]         mxm.c:185  MXM  WARN  The 'ulimit -s' on the system is set to 'unlimited'. This may have negative performance implications. Please set the heap size to the default value (10240) 
[1443041729.298718] [node032:14613:0]         sys.c:719  MXM  WARN  Conflicting CPU frequencies detected, using: 1487.06
[1443041729.304851] [node032:14613:0]         mxm.c:185  MXM  WARN  The 'ulimit -s' on the system is set to 'unlimited'. This may have negative performance implications. Please set the heap size to the default value (10240) 
[1443041729.303231] [node037:15612:0]         sys.c:719  MXM  WARN  Conflicting CPU frequencies detected, using: 1493.44
[1443041729.307697] [node037:15612:0]         mxm.c:185  MXM  WARN  The 'ulimit -s' on the system is set to 'unlimited'. This may have negative performance implications. Please set the heap size to the default value (10240) 
[1443041729.325824] [node032:14630:0]         sys.c:719  MXM  WARN  Conflicting CPU frequencies detected, using: 1459.12
[1443041729.332504] [node032:14630:0]         mxm.c:185  MXM  WARN  The 'ulimit -s' on the system is set to 'unlimited'. This may have negative performance implications. Please set the heap size to the default value (10240) 
[1443041729.328215] [node038:13425:0]         sys.c:719  MXM  WARN  Conflicting CPU frequencies detected, using: 1494.66
[1443041729.334424] [node038:13425:0]         mxm.c:185  MXM  WARN  The 'ulimit -s' on the system is set to 'unlimited'. This may have negative performance implications. Please set the heap size to the default value (10240) 
[1443041729.283014] [node031:15403:0]         sys.c:719  MXM  WARN  Conflicting CPU frequencies detected, using: 1497.75
[1443041729.289209] [node031:15403:0]         mxm.c:185  MXM  WARN  The 'ulimit -s' on the system is set to 'unlimited'. This may have negative performance implications. Please set the heap size to the default value (10240) 
[1443041729.286554] [node031:15410:0]         sys.c:719  MXM  WARN  Conflicting CPU frequencies detected, using: 1566.47
[1443041729.293160] [node031:15410:0]         mxm.c:185  MXM  WARN  The 'ulimit -s' on the system is set to 'unlimited'. This may have negative performance implications. Please set the heap size to the default value (10240) 
[1443041729.293444] [node035:15293:0]         sys.c:719  MXM  WARN  Conflicting CPU frequencies detected, using: 1598.81
[1443041729.297430] [node035:15293:0]         mxm.c:185  MXM  WARN  The 'ulimit -s' on the system is set to 'unlimited'. This may have negative performance implications. Please set the heap size to the default value (10240) 
[1443041729.308226] [node035:15307:0]         sys.c:719  MXM  WARN  Conflicting CPU frequencies detected, using: 1696.88
[1443041729.312107] [node035:15307:0]         mxm.c:185  MXM  WARN  The 'ulimit -s' on the system is set to 'unlimited'. This may have negative performance implications. Please set the heap size to the default value (10240) 
[1443041729.347969] [node042:12137:0]         sys.c:719  MXM  WARN  Conflicting CPU frequencies detected, using: 1500.00
[1443041729.355823] [node042:12137:0]         mxm.c:185  MXM  WARN  The 'ulimit -s' on the system is set to 'unlimited'. This may have negative performance implications. Please set the heap size to the default value (10240) 
[1443041729.347286] [node042:12138:0]         sys.c:719  MXM  WARN  Conflicting CPU frequencies detected, using: 1500.00
[1443041729.355026] [node042:12138:0]         mxm.c:185  MXM  WARN  The 'ulimit -s' on the system is set to 'unlimited'. This may have negative performance implications. Please set the heap size to the default value (10240) 
[1443041729.347461] [node045:11553:0]         sys.c:719  MXM  WARN  Conflicting CPU frequencies detected, using: 1559.91
[1443041729.354036] [node045:11553:0]         mxm.c:185  MXM  WARN  The 'ulimit -s' on the system is set to 'unlimited'. This may have negative performance implications. Please set the heap size to the default value (10240) 
[1443041729.305551] [node037:15616:0]         sys.c:719  MXM  WARN  Conflicting CPU frequencies detected, using: 1485.00
[1443041729.310202] [node037:15616:0]         mxm.c:185  MXM  WARN  The 'ulimit -s' on the system is set to 'unlimited'. This may have negative performance implications. Please set the heap size to the default value (10240) 
[1443041729.349377] [node056:21301:0]         sys.c:719  MXM  WARN  Conflicting CPU frequencies detected, using: 1499.16
[1443041729.357140] [node056:21301:0]         mxm.c:185  MXM  WARN  The 'ulimit -s' on the system is set to 'unlimited'. This may have negative performance implications. Please set the heap size to the default value (10240) 
[1443041729.349696] [node056:21300:0]         sys.c:719  MXM  WARN  Conflicting CPU frequencies detected, using: 1499.16
[1443041729.358223] [node056:21300:0]         mxm.c:185  MXM  WARN  The 'ulimit -s' on the system is set to 'unlimited'. This may have negative performance implications. Please set the heap size to the default value (10240) 
[1443041729.350639] [node041:14079:0]         sys.c:719  MXM  WARN  Conflicting CPU frequencies detected, using: 1496.91
[1443041729.358759] [node041:14079:0]         mxm.c:185  MXM  WARN  The 'ulimit -s' on the system is set to 'unlimited'. This may have negative performance implications. Please set the heap size to the default value (10240) 
[1443041729.349971] [node041:14078:0]         sys.c:719  MXM  WARN  Conflicting CPU frequencies detected, using: 1496.91
[1443041729.358017] [node041:14078:0]         mxm.c:185  MXM  WARN  The 'ulimit -s' on the system is set to 'unlimited'. This may have negative performance implications. Please set the heap size to the default value (10240) 
[1443041729.354883] [node044:14307:0]         sys.c:719  MXM  WARN  Conflicting CPU frequencies detected, using: 1549.31
[1443041729.362695] [node044:14307:0]         mxm.c:185  MXM  WARN  The 'ulimit -s' on the system is set to 'unlimited'. This may have negative performance implications. Please set the heap size to the default value (10240) 
[1443041729.354638] [node044:14306:0]         sys.c:719  MXM  WARN  Conflicting CPU frequencies detected, using: 1549.31
[1443041729.363480] [node044:14306:0]         mxm.c:185  MXM  WARN  The 'ulimit -s' on the system is set to 'unlimited'. This may have negative performance implications. Please set the heap size to the default value (10240) 
[1443041729.325196] [node036:15347:0]         sys.c:719  MXM  WARN  Conflicting CPU frequencies detected, using: 1597.78
[1443041729.329190] [node036:15347:0]         mxm.c:185  MXM  WARN  The 'ulimit -s' on the system is set to 'unlimited'. This may have negative performance implications. Please set the heap size to the default value (10240) 
[1443041729.352529] [node060:18760:0]         sys.c:719  MXM  WARN  Conflicting CPU frequencies detected, using: 2711.62
[1443041729.356668] [node060:18760:0]         mxm.c:185  MXM  WARN  The 'ulimit -s' on the system is set to 'unlimited'. This may have negative performance implications. Please set the heap size to the default value (10240) 
[1443041729.334664] [node036:15357:0]         sys.c:719  MXM  WARN  Conflicting CPU frequencies detected, using: 1597.78
[1443041729.341521] [node036:15357:0]         mxm.c:185  MXM  WARN  The 'ulimit -s' on the system is set to 'unlimited'. This may have negative performance implications. Please set the heap size to the default value (10240) 
[1443041729.359475] [node062:2384 :0]         sys.c:719  MXM  WARN  Conflicting CPU frequencies detected, using: 1596.38
[1443041729.365498] [node062:2384 :0]         mxm.c:185  MXM  WARN  The 'ulimit -s' on the system is set to 'unlimited'. This may have negative performance implications. Please set the heap size to the default value (10240) 
[1443041729.351453] [node063:10677:0]         sys.c:719  MXM  WARN  Conflicting CPU frequencies detected, using: 1486.88
[1443041729.355726] [node063:10677:0]         mxm.c:185  MXM  WARN  The 'ulimit -s' on the system is set to 'unlimited'. This may have negative performance implications. Please set the heap size to the default value (10240) 
[1443041729.358192] [node043:11525:0]         sys.c:719  MXM  WARN  Conflicting CPU frequencies detected, using: 1698.38
[1443041729.364388] [node043:11525:0]         mxm.c:185  MXM  WARN  The 'ulimit -s' on the system is set to 'unlimited'. This may have negative performance implications. Please set the heap size to the default value (10240) 
[1443041729.363349] [node043:11532:0]         sys.c:719  MXM  WARN  Conflicting CPU frequencies detected, using: 1699.69
[1443041729.369027] [node043:11532:0]         mxm.c:185  MXM  WARN  The 'ulimit -s' on the system is set to 'unlimited'. This may have negative performance implications. Please set the heap size to the default value (10240) 
[1443041729.381094] [node063:10694:0]         sys.c:719  MXM  WARN  Conflicting CPU frequencies detected, using: 1486.88
[1443041729.385560] [node063:10694:0]         mxm.c:185  MXM  WARN  The 'ulimit -s' on the system is set to 'unlimited'. This may have negative performance implications. Please set the heap size to the default value (10240) 
[1443041729.345921] [node058:18409:0]         sys.c:719  MXM  WARN  Conflicting CPU frequencies detected, using: 1755.56
[1443041729.350028] [node058:18409:0]         mxm.c:185  MXM  WARN  The 'ulimit -s' on the system is set to 'unlimited'. This may have negative performance implications. Please set the heap size to the default value (10240) 
[1443041729.340211] [node038:13433:0]         sys.c:719  MXM  WARN  Conflicting CPU frequencies detected, using: 1585.50
[1443041729.347299] [node038:13433:0]         mxm.c:185  MXM  WARN  The 'ulimit -s' on the system is set to 'unlimited'. This may have negative performance implications. Please set the heap size to the default value (10240) 
[1443041729.356871] [node061:10761:0]         sys.c:719  MXM  WARN  Conflicting CPU frequencies detected, using: 1598.34
[1443041729.360798] [node061:10761:0]         mxm.c:185  MXM  WARN  The 'ulimit -s' on the system is set to 'unlimited'. This may have negative performance implications. Please set the heap size to the default value (10240) 
[1443041729.347574] [node064:28985:0]         sys.c:719  MXM  WARN  Conflicting CPU frequencies detected, using: 1605.09
[1443041729.353869] [node064:28985:0]         mxm.c:185  MXM  WARN  The 'ulimit -s' on the system is set to 'unlimited'. This may have negative performance implications. Please set the heap size to the default value (10240) 
[1443041729.349416] [node039:14839:0]         sys.c:719  MXM  WARN  Conflicting CPU frequencies detected, using: 1596.09
[1443041729.356660] [node039:14839:0]         mxm.c:185  MXM  WARN  The 'ulimit -s' on the system is set to 'unlimited'. This may have negative performance implications. Please set the heap size to the default value (10240) 
[1443041729.351664] [node064:28988:0]         sys.c:719  MXM  WARN  Conflicting CPU frequencies detected, using: 1605.09
[1443041729.357487] [node064:28988:0]         mxm.c:185  MXM  WARN  The 'ulimit -s' on the system is set to 'unlimited'. This may have negative performance implications. Please set the heap size to the default value (10240) 
[1443041729.347848] [node039:14840:0]         sys.c:719  MXM  WARN  Conflicting CPU frequencies detected, using: 1596.09
[1443041729.355924] [node039:14840:0]         mxm.c:185  MXM  WARN  The 'ulimit -s' on the system is set to 'unlimited'. This may have negative performance implications. Please set the heap size to the default value (10240) 
[1443041729.368961] [node055:4149 :0]         sys.c:719  MXM  WARN  Conflicting CPU frequencies detected, using: 1898.72
[1443041729.375705] [node055:4149 :0]         mxm.c:185  MXM  WARN  The 'ulimit -s' on the system is set to 'unlimited'. This may have negative performance implications. Please set the heap size to the default value (10240) 
[1443041729.352650] [node040:15917:0]         sys.c:719  MXM  WARN  Conflicting CPU frequencies detected, using: 1876.69
[1443041729.360614] [node040:15917:0]         mxm.c:185  MXM  WARN  The 'ulimit -s' on the system is set to 'unlimited'. This may have negative performance implications. Please set the heap size to the default value (10240) 
[1443041729.379561] [node058:18426:0]         sys.c:719  MXM  WARN  Conflicting CPU frequencies detected, using: 1755.56
[1443041729.383709] [node058:18426:0]         mxm.c:185  MXM  WARN  The 'ulimit -s' on the system is set to 'unlimited'. This may have negative performance implications. Please set the heap size to the default value (10240) 
[1443041729.352997] [node040:15918:0]         sys.c:719  MXM  WARN  Conflicting CPU frequencies detected, using: 1876.69
[1443041729.361392] [node040:15918:0]         mxm.c:185  MXM  WARN  The 'ulimit -s' on the system is set to 'unlimited'. This may have negative performance implications. Please set the heap size to the default value (10240) 
[1443041729.361145] [node054:4716 :0]         sys.c:719  MXM  WARN  Conflicting CPU frequencies detected, using: 1500.00
[1443041729.367604] [node054:4716 :0]         mxm.c:185  MXM  WARN  The 'ulimit -s' on the system is set to 'unlimited'. This may have negative performance implications. Please set the heap size to the default value (10240) 
[1443041729.371400] [node062:2394 :0]         sys.c:719  MXM  WARN  Conflicting CPU frequencies detected, using: 1596.38
[1443041729.378310] [node062:2394 :0]         mxm.c:185  MXM  WARN  The 'ulimit -s' on the system is set to 'unlimited'. This may have negative performance implications. Please set the heap size to the default value (10240) 
[1443041729.334126] [node034:12101:0]         sys.c:719  MXM  WARN  Conflicting CPU frequencies detected, using: 1674.28
[1443041729.340231] [node034:12101:0]         mxm.c:185  MXM  WARN  The 'ulimit -s' on the system is set to 'unlimited'. This may have negative performance implications. Please set the heap size to the default value (10240) 
[1443041729.352430] [node053:10561:0]         sys.c:719  MXM  WARN  Conflicting CPU frequencies detected, using: 2182.41
[1443041729.356532] [node053:10561:0]         mxm.c:185  MXM  WARN  The 'ulimit -s' on the system is set to 'unlimited'. This may have negative performance implications. Please set the heap size to the default value (10240) 
[1443041729.343108] [node061:10749:0]         sys.c:719  MXM  WARN  Conflicting CPU frequencies detected, using: 1572.09
[1443041729.347163] [node061:10749:0]         mxm.c:185  MXM  WARN  The 'ulimit -s' on the system is set to 'unlimited'. This may have negative performance implications. Please set the heap size to the default value (10240) 
[1443041729.343214] [node057:20719:0]         sys.c:719  MXM  WARN  Conflicting CPU frequencies detected, using: 1596.19
[1443041729.347450] [node057:20719:0]         mxm.c:185  MXM  WARN  The 'ulimit -s' on the system is set to 'unlimited'. This may have negative performance implications. Please set the heap size to the default value (10240) 
[1443041729.351579] [node053:10560:0]         sys.c:719  MXM  WARN  Conflicting CPU frequencies detected, using: 2182.41
[1443041729.355992] [node053:10560:0]         mxm.c:185  MXM  WARN  The 'ulimit -s' on the system is set to 'unlimited'. This may have negative performance implications. Please set the heap size to the default value (10240) 
[1443041729.350559] [node059:16568:0]         sys.c:719  MXM  WARN  Conflicting CPU frequencies detected, using: 1892.25
[1443041729.354632] [node059:16568:0]         mxm.c:185  MXM  WARN  The 'ulimit -s' on the system is set to 'unlimited'. This may have negative performance implications. Please set the heap size to the default value (10240) 
[1443041729.342403] [node055:4132 :0]         sys.c:719  MXM  WARN  Conflicting CPU frequencies detected, using: 1499.72
[1443041729.348298] [node055:4132 :0]         mxm.c:185  MXM  WARN  The 'ulimit -s' on the system is set to 'unlimited'. This may have negative performance implications. Please set the heap size to the default value (10240) 
[1443041729.349917] [node059:16569:0]         sys.c:719  MXM  WARN  Conflicting CPU frequencies detected, using: 1892.25
[1443041729.354411] [node059:16569:0]         mxm.c:185  MXM  WARN  The 'ulimit -s' on the system is set to 'unlimited'. This may have negative performance implications. Please set the heap size to the default value (10240) 
[1443041729.344393] [node054:4702 :0]         sys.c:719  MXM  WARN  Conflicting CPU frequencies detected, using: 1448.72
[1443041729.349998] [node054:4702 :0]         mxm.c:185  MXM  WARN  The 'ulimit -s' on the system is set to 'unlimited'. This may have negative performance implications. Please set the heap size to the default value (10240) 
[1443041729.364934] [node057:20736:0]         sys.c:719  MXM  WARN  Conflicting CPU frequencies detected, using: 1674.56
[1443041729.369217] [node057:20736:0]         mxm.c:185  MXM  WARN  The 'ulimit -s' on the system is set to 'unlimited'. This may have negative performance implications. Please set the heap size to the default value (10240) 
[1443041729.373066] [node060:18777:0]         sys.c:719  MXM  WARN  Conflicting CPU frequencies detected, using: 2711.62
[1443041729.377457] [node060:18777:0]         mxm.c:185  MXM  WARN  The 'ulimit -s' on the system is set to 'unlimited'. This may have negative performance implications. Please set the heap size to the default value (10240) 
[1443041729.351994] [node045:11559:0]         sys.c:719  MXM  WARN  Conflicting CPU frequencies detected, using: 1559.91
[1443041729.357776] [node045:11559:0]         mxm.c:185  MXM  WARN  The 'ulimit -s' on the system is set to 'unlimited'. This may have negative performance implications. Please set the heap size to the default value (10240) 
UPCR: UPC thread  0 of 56 on node030 (pshm node  0 of 28, process  0 of 56, pid=27125)
UPCR: UPC thread  1 of 56 on node030 (pshm node  0 of 28, process  1 of 56, pid=27126)
UPCR: UPC thread 44 of 56 on node059 (pshm node 22 of 28, process 44 of 56, pid=16568)
UPCR: UPC thread 42 of 56 on node058 (pshm node 21 of 28, process 42 of 56, pid=18409)
UPCR: UPC thread 26 of 56 on node043 (pshm node 13 of 28, process 26 of 56, pid=11525)
UPCR: UPC thread  8 of 56 on node034 (pshm node  4 of 28, process  8 of 56, pid=12084)
UPCR: UPC thread 43 of 56 on node058 (pshm node 21 of 28, process 43 of 56, pid=18426)
UPCR: UPC thread 47 of 56 on node060 (pshm node 23 of 28, process 47 of 56, pid=18760)
UPCR: UPC thread 46 of 56 on node060 (pshm node 23 of 28, process 46 of 56, pid=18777)
UPCR: UPC thread  9 of 56 on node034 (pshm node  4 of 28, process  9 of 56, pid=12101)
UPCR: UPC thread 14 of 56 on node037 (pshm node  7 of 28, process 14 of 56, pid=15616)
UPCR: UPC thread 51 of 56 on node062 (pshm node 25 of 28, process 51 of 56, pid=2384)
UPCR: UPC thread 38 of 56 on node056 (pshm node 19 of 28, process 38 of 56, pid=21300)
UPCR: UPC thread 49 of 56 on node061 (pshm node 24 of 28, process 49 of 56, pid=10749)
UPCR: UPC thread 13 of 56 on node036 (pshm node  6 of 28, process 13 of 56, pid=15347)
UPCR: UPC thread 34 of 56 on node054 (pshm node 17 of 28, process 34 of 56, pid=4702)
UPCR: UPC thread  7 of 56 on node033 (pshm node  3 of 28, process  7 of 56, pid=17192)
UPCR: UPC thread 41 of 56 on node057 (pshm node 20 of 28, process 41 of 56, pid=20719)
UPCR: UPC thread 20 of 56 on node040 (pshm node 10 of 28, process 20 of 56, pid=15918)
UPCR: UPC thread 23 of 56 on node041 (pshm node 11 of 28, process 23 of 56, pid=14079)
UPCR: UPC thread 35 of 56 on node054 (pshm node 17 of 28, process 35 of 56, pid=4716)
UPCR: UPC thread 12 of 56 on node036 (pshm node  6 of 28, process 12 of 56, pid=15357)
UPCR: UPC thread 32 of 56 on node053 (pshm node 16 of 28, process 32 of 56, pid=10561)
UPCR: UPC thread  6 of 56 on node033 (pshm node  3 of 28, process  6 of 56, pid=17198)
UPCR: UPC thread 11 of 56 on node035 (pshm node  5 of 28, process 11 of 56, pid=15307)
UPCR: UPC thread 10 of 56 on node035 (pshm node  5 of 28, process 10 of 56, pid=15293)
UPCR: UPC thread 21 of 56 on node040 (pshm node 10 of 28, process 21 of 56, pid=15917)
UPCR: UPC thread 50 of 56 on node062 (pshm node 25 of 28, process 50 of 56, pid=2394)
UPCR: UPC thread 28 of 56 on node044 (pshm node 14 of 28, process 28 of 56, pid=14307)
UPCR: UPC thread  3 of 56 on node031 (pshm node  1 of 28, process  3 of 56, pid=15410)
UPCR: UPC thread 18 of 56 on node039 (pshm node  9 of 28, process 18 of 56, pid=14839)
UPCR: UPC thread  4 of 56 on node032 (pshm node  2 of 28, process  4 of 56, pid=14630)
UPCR: UPC thread 33 of 56 on node053 (pshm node 16 of 28, process 33 of 56, pid=10560)
UPCR: UPC thread 40 of 56 on node057 (pshm node 20 of 28, process 40 of 56, pid=20736)
UPCR: UPC thread 52 of 56 on node063 (pshm node 26 of 28, process 52 of 56, pid=10694)
UPCR: UPC thread 15 of 56 on node037 (pshm node  7 of 28, process 15 of 56, pid=15612)
UPCR: UPC thread 29 of 56 on node044 (pshm node 14 of 28, process 29 of 56, pid=14306)
UPCR: UPC thread 55 of 56 on node064 (pshm node 27 of 28, process 55 of 56, pid=28988)
UPCR: UPC thread 45 of 56 on node059 (pshm node 22 of 28, process 45 of 56, pid=16569)
UPCR: UPC thread  5 of 56 on node032 (pshm node  2 of 28, process  5 of 56, pid=14613)
UPCR: UPC thread 54 of 56 on node064 (pshm node 27 of 28, process 54 of 56, pid=28985)
UPCR: UPC thread 48 of 56 on node061 (pshm node 24 of 28, process 48 of 56, pid=10761)
UPCR: UPC thread 19 of 56 on node039 (pshm node  9 of 28, process 19 of 56, pid=14840)
UPCR: UPC thread 16 of 56 on node038 (pshm node  8 of 28, process 16 of 56, pid=13425)
UPCR: UPC thread 39 of 56 on node056 (pshm node 19 of 28, process 39 of 56, pid=21301)
UPCR: UPC thread 36 of 56 on node055 (pshm node 18 of 28, process 36 of 56, pid=4149)
UPCR: UPC thread 27 of 56 on node043 (pshm node 13 of 28, process 27 of 56, pid=11532)
UPCR: UPC thread  2 of 56 on node031 (pshm node  1 of 28, process  2 of 56, pid=15403)
UPCR: UPC thread 17 of 56 on node038 (pshm node  8 of 28, process 17 of 56, pid=13433)
UPCR: UPC thread 37 of 56 on node055 (pshm node 18 of 28, process 37 of 56, pid=4132)
UPCR: UPC thread 22 of 56 on node041 (pshm node 11 of 28, process 22 of 56, pid=14078)
UPCR: UPC thread 24 of 56 on node042 (pshm node 12 of 28, process 24 of 56, pid=12137)
UPCR: UPC thread 53 of 56 on node063 (pshm node 26 of 28, process 53 of 56, pid=10677)
UPCR: UPC thread 25 of 56 on node042 (pshm node 12 of 28, process 25 of 56, pid=12138)
UPCR: UPC thread 30 of 56 on node045 (pshm node 15 of 28, process 30 of 56, pid=11559)
UPCR: UPC thread 31 of 56 on node045 (pshm node 15 of 28, process 31 of 56, pid=11553)
Initializing models/anderson.6.4-rgs.bdd!
Vector size: 19
Bits per integer: 4
Number of BDD variables: 76
Loading initial states: 
Initial states loaded... 
Loading transition relations... 
19 integers per state, 4 bits per integer, 18 transition groups
BDD nodes:
Initial states: 76 BDD nodes
Transition 0: 606 BDD nodes
Transition 1: 99 BDD nodes
Transition 2: 27 BDD nodes
Transition 3: 653 BDD nodes
Transition 4: 180 BDD nodes
Transition 5: 28 BDD nodes
Transition 6: 544 BDD nodes
Transition 7: 544 BDD nodes
Transition 8: 544 BDD nodes
Transition 9: 544 BDD nodes
Transition 10: 180 BDD nodes
Transition 11: 28 BDD nodes
Transition 12: 133 BDD nodes
Transition 13: 133 BDD nodes
Transition 14: 133 BDD nodes
Transition 15: 28 BDD nodes
Transition 16: 28 BDD nodes
Transition 17: 28 BDD nodes
Level 1... done. 
Level 2... done. 
Level 3... done. 
Level 4... done. 
Level 5... done. 
Level 6... done. 
Level 7... done. 
Level 8... done. 
Level 9... done. 
Level 10... done. 
Level 11... done. 
Level 12... done. 
Level 13... done. 
Level 14... done. 
Level 15... done. 
Level 16... done. 
Level 17... done. 
Level 18... done. 
Level 19... done. 
Level 20... done. 
Level 21... done. 
Level 22... done. 
Level 23... done. 
Level 24... done. 
Level 25... done. 
Level 26... done. 
Level 27... done. 
Level 28... done. 
Level 29... done. 
Level 30... done. 
Level 31... done. 
Level 32... done. 
Level 33... done. 
Level 34... done. 
Level 35... done. 
Level 36... done. 
Level 37... done. 
Level 38... done. 
Level 39... done. 
Level 40... done. 
Level 41... done. 
Level 42... done. 
Level 43... done. 
Level 44... done. 
Level 45... done. 
Level 46... done. 
Level 47... done. 
Level 48... done. 
Level 49... done. 
Level 50... done. 
Level 51... done. 
Level 52... done. 
Level 53... done. 
Level 54... done. 
Level 55... done. 
Level 56... done. 
Level 57... done. 
Level 58... done. 
Level 59... done. 
Level 60... done. 
Level 61... done. 
Level 62... done. 
Level 63... done. 
Level 64... done. 
Level 65... done. 
Level 66... done. 
Level 67... done. 
Level 68... done. 
Level 69... done. 
Level 70... done. 
Level 71... done. 
Level 72... done. 
Level 73... done. 
Level 74... done. 
Level 75... done. 
Level 76... done. 
Level 77... done. 
Level 78... done. 
Level 79... done. 
Level 80... done. 
Level 81... done. 
Level 82... done. 
Level 83... done. 
Level 84... done. 
Level 85... done. 
Level 86... done. 
Level 87... done. 
Level 88... done. 
Level 89... done. 
Level 90... done. 
Level 91... done. 
Level 92... done. 
Level 93... done. 
Level 94... done. 
Level 95... done. 
Level 96... done. 
Level 97... done. 
Level 98... done. 
Level 99... done. 
Level 100... done. 
Level 101... done. 
Level 102... done. 
Level 103... done. 
Level 104... done. 
Level 105... done. 
Level 106... done. 
Level 107... done. 
Level 108... done. 
Level 109... done. 
Level 110... done. 
Level 111... done. 
Level 112... done. 
Level 113... done. 
Level 114... done. 
Level 115... done. 
Level 116... done. 
Level 117... done. 
Level 118... done. 
Level 119... done. 
Level 120... done. 
Level 121... done. 
Level 122... done. 
Level 123... done. 
Level 124... done. 
Level 125... done. 
Level 126... done. 
Level 127... done. 
Level 128... done. 
Level 129... done. 
Level 130... done. 
Level 131... done. 
Level 132... done. 
Level 133... done. 
Level 134... done. 
Level 135... done. 
Level 136... done. 
Level 137... done. 
Level 138... done. 
Level 139... done. 
Level 140... done. 
Level 141... done. 
Level 142... done. 
Level 143... done. 
Level 144... done. 
Level 145... done. 
Level 146... done. 
Level 147... done. 
Level 148... done. 
Level 149... done. 
Level 150... done. 
Level 151... done. 
Level 152... done. 
Level 153... done. 
Level 154... done. 
Level 155... done. 
Level 156... done. 
Level 157... done. 
Level 158... done. 
Level 159... done. 
Level 160... done. 
Level 161... done. 
Level 162... done. 
Level 163... done. 
Level 164... done. 
Level 165... done. 
Level 166... done. 
Level 167... done. 
Level 168... done. 
Level 169... done. 
Level 170... done. 
Level 171... done. 
Level 172... done. 
Level 173... done. 
Level 174... done. 
Level 175... done. 
Level 176... done. 
Level 177... done. 
Level 178... done. 
Level 179... done. 
Level 180... done. 
Level 181... done. 
PAR Time: 13.140272
Final states: 18206917 states
Final states: 76234 BDD nodes
[1443041728.970080] [node030:27080:0]         sys.c:719  MXM  WARN  Conflicting CPU frequencies detected, using: 1540.12
