[1444153288.465381] [node061:15454:0]         sys.c:719  MXM  WARN  Conflicting CPU frequencies detected, using: 2575.03
[1444153288.490872] [node061:15454:0]         mxm.c:185  MXM  WARN  The 'ulimit -s' on the system is set to 'unlimited'. This may have negative performance implications. Please set the heap size to the default value (10240) 
[1444153288.467007] [node061:15460:0]         sys.c:719  MXM  WARN  Conflicting CPU frequencies detected, using: 2575.03
[1444153288.492856] [node061:15460:0]         mxm.c:185  MXM  WARN  The 'ulimit -s' on the system is set to 'unlimited'. This may have negative performance implications. Please set the heap size to the default value (10240) 
[1444153288.468041] [node061:15455:0]         sys.c:719  MXM  WARN  Conflicting CPU frequencies detected, using: 2575.03
[1444153288.492479] [node061:15455:0]         mxm.c:185  MXM  WARN  The 'ulimit -s' on the system is set to 'unlimited'. This may have negative performance implications. Please set the heap size to the default value (10240) 
[1444153288.466725] [node061:15461:0]         sys.c:719  MXM  WARN  Conflicting CPU frequencies detected, using: 2575.03
[1444153288.493299] [node061:15461:0]         mxm.c:185  MXM  WARN  The 'ulimit -s' on the system is set to 'unlimited'. This may have negative performance implications. Please set the heap size to the default value (10240) 
[1444153288.466544] [node061:15464:0]         sys.c:719  MXM  WARN  Conflicting CPU frequencies detected, using: 2575.03
[1444153288.497368] [node061:15464:0]         mxm.c:185  MXM  WARN  The 'ulimit -s' on the system is set to 'unlimited'. This may have negative performance implications. Please set the heap size to the default value (10240) 
[1444153288.466370] [node061:15453:0]         sys.c:719  MXM  WARN  Conflicting CPU frequencies detected, using: 2575.03
[1444153288.493385] [node061:15453:0]         mxm.c:185  MXM  WARN  The 'ulimit -s' on the system is set to 'unlimited'. This may have negative performance implications. Please set the heap size to the default value (10240) 
[1444153288.467622] [node061:15463:0]         sys.c:719  MXM  WARN  Conflicting CPU frequencies detected, using: 2575.03
[1444153288.493220] [node061:15463:0]         mxm.c:185  MXM  WARN  The 'ulimit -s' on the system is set to 'unlimited'. This may have negative performance implications. Please set the heap size to the default value (10240) 
[1444153288.465253] [node061:15456:0]         sys.c:719  MXM  WARN  Conflicting CPU frequencies detected, using: 2575.03
[1444153288.488495] [node061:15456:0]         mxm.c:185  MXM  WARN  The 'ulimit -s' on the system is set to 'unlimited'. This may have negative performance implications. Please set the heap size to the default value (10240) 
[1444153288.465849] [node061:15458:0]         sys.c:719  MXM  WARN  Conflicting CPU frequencies detected, using: 2575.03
[1444153288.491912] [node061:15458:0]         mxm.c:185  MXM  WARN  The 'ulimit -s' on the system is set to 'unlimited'. This may have negative performance implications. Please set the heap size to the default value (10240) 
[1444153288.464455] [node061:15457:0]         sys.c:719  MXM  WARN  Conflicting CPU frequencies detected, using: 2575.03
[1444153288.486804] [node061:15457:0]         mxm.c:185  MXM  WARN  The 'ulimit -s' on the system is set to 'unlimited'. This may have negative performance implications. Please set the heap size to the default value (10240) 
[1444153288.466384] [node061:15462:0]         sys.c:719  MXM  WARN  Conflicting CPU frequencies detected, using: 2575.03
[1444153288.492389] [node061:15462:0]         mxm.c:185  MXM  WARN  The 'ulimit -s' on the system is set to 'unlimited'. This may have negative performance implications. Please set the heap size to the default value (10240) 
[1444153288.466370] [node061:15459:0]         sys.c:719  MXM  WARN  Conflicting CPU frequencies detected, using: 2575.03
[1444153288.500172] [node061:15459:0]         mxm.c:185  MXM  WARN  The 'ulimit -s' on the system is set to 'unlimited'. This may have negative performance implications. Please set the heap size to the default value (10240) 
[1444153288.794145] [node062:10665:0]         sys.c:719  MXM  WARN  Conflicting CPU frequencies detected, using: 1797.38
[1444153288.802378] [node062:10665:0]         mxm.c:185  MXM  WARN  The 'ulimit -s' on the system is set to 'unlimited'. This may have negative performance implications. Please set the heap size to the default value (10240) 
[1444153288.794785] [node062:10666:0]         sys.c:719  MXM  WARN  Conflicting CPU frequencies detected, using: 1803.56
[1444153288.803199] [node062:10666:0]         mxm.c:185  MXM  WARN  The 'ulimit -s' on the system is set to 'unlimited'. This may have negative performance implications. Please set the heap size to the default value (10240) 
[1444153288.808476] [node062:10698:0]         sys.c:719  MXM  WARN  Conflicting CPU frequencies detected, using: 1893.84
[1444153288.816467] [node062:10698:0]         mxm.c:185  MXM  WARN  The 'ulimit -s' on the system is set to 'unlimited'. This may have negative performance implications. Please set the heap size to the default value (10240) 
[1444153288.844409] [node063:16998:0]         sys.c:719  MXM  WARN  Conflicting CPU frequencies detected, using: 2671.03
[1444153288.848747] [node063:16998:0]         mxm.c:185  MXM  WARN  The 'ulimit -s' on the system is set to 'unlimited'. This may have negative performance implications. Please set the heap size to the default value (10240) 
[1444153288.859533] [node062:10720:0]         sys.c:719  MXM  WARN  Conflicting CPU frequencies detected, using: 2387.62
[1444153288.864833] [node062:10720:0]         mxm.c:185  MXM  WARN  The 'ulimit -s' on the system is set to 'unlimited'. This may have negative performance implications. Please set the heap size to the default value (10240) 
[1444153288.853129] [node062:10713:0]         sys.c:719  MXM  WARN  Conflicting CPU frequencies detected, using: 2099.25
[1444153288.860814] [node062:10713:0]         mxm.c:185  MXM  WARN  The 'ulimit -s' on the system is set to 'unlimited'. This may have negative performance implications. Please set the heap size to the default value (10240) 
[1444153288.853669] [node062:10718:0]         sys.c:719  MXM  WARN  Conflicting CPU frequencies detected, using: 2099.25
[1444153288.861583] [node062:10718:0]         mxm.c:185  MXM  WARN  The 'ulimit -s' on the system is set to 'unlimited'. This may have negative performance implications. Please set the heap size to the default value (10240) 
[1444153288.944820] [node063:17022:0]         sys.c:719  MXM  WARN  Conflicting CPU frequencies detected, using: 2000.72
[1444153288.948930] [node063:17022:0]         mxm.c:185  MXM  WARN  The 'ulimit -s' on the system is set to 'unlimited'. This may have negative performance implications. Please set the heap size to the default value (10240) 
[1444153288.954494] [node063:17036:0]         sys.c:719  MXM  WARN  Conflicting CPU frequencies detected, using: 2012.16
[1444153288.958651] [node063:17036:0]         mxm.c:185  MXM  WARN  The 'ulimit -s' on the system is set to 'unlimited'. This may have negative performance implications. Please set the heap size to the default value (10240) 
[1444153288.954797] [node062:10808:0]         sys.c:719  MXM  WARN  Conflicting CPU frequencies detected, using: 2400.19
[1444153288.960516] [node062:10808:0]         mxm.c:185  MXM  WARN  The 'ulimit -s' on the system is set to 'unlimited'. This may have negative performance implications. Please set the heap size to the default value (10240) 
[1444153288.987306] [node063:17053:0]         sys.c:719  MXM  WARN  Conflicting CPU frequencies detected, using: 2257.03
[1444153288.990602] [node063:17053:0]         mxm.c:185  MXM  WARN  The 'ulimit -s' on the system is set to 'unlimited'. This may have negative performance implications. Please set the heap size to the default value (10240) 
[1444153288.975281] [node068:3084 :0]         sys.c:719  MXM  WARN  Conflicting CPU frequencies detected, using: 2210.25
[1444153288.981241] [node068:3084 :0]         mxm.c:185  MXM  WARN  The 'ulimit -s' on the system is set to 'unlimited'. This may have negative performance implications. Please set the heap size to the default value (10240) 
[1444153288.977579] [node065:16877:0]         sys.c:719  MXM  WARN  Conflicting CPU frequencies detected, using: 1691.81
[1444153288.982310] [node065:16877:0]         mxm.c:185  MXM  WARN  The 'ulimit -s' on the system is set to 'unlimited'. This may have negative performance implications. Please set the heap size to the default value (10240) 
[1444153289.017719] [node063:17085:0]         sys.c:719  MXM  WARN  Conflicting CPU frequencies detected, using: 2396.34
[1444153289.020773] [node063:17085:0]         mxm.c:185  MXM  WARN  The 'ulimit -s' on the system is set to 'unlimited'. This may have negative performance implications. Please set the heap size to the default value (10240) 
[1444153289.056874] [node063:17110:0]         sys.c:719  MXM  WARN  Conflicting CPU frequencies detected, using: 2400.00
[1444153289.060272] [node063:17110:0]         mxm.c:185  MXM  WARN  The 'ulimit -s' on the system is set to 'unlimited'. This may have negative performance implications. Please set the heap size to the default value (10240) 
[1444153289.032653] [node068:3111 :0]         sys.c:719  MXM  WARN  Conflicting CPU frequencies detected, using: 2067.00
[1444153289.038986] [node068:3111 :0]         mxm.c:185  MXM  WARN  The 'ulimit -s' on the system is set to 'unlimited'. This may have negative performance implications. Please set the heap size to the default value (10240) 
[1444153289.042902] [node068:3110 :0]         sys.c:719  MXM  WARN  Conflicting CPU frequencies detected, using: 2381.72
[1444153289.050962] [node068:3110 :0]         mxm.c:185  MXM  WARN  The 'ulimit -s' on the system is set to 'unlimited'. This may have negative performance implications. Please set the heap size to the default value (10240) 
[1444153289.038806] [node065:16899:0]         sys.c:719  MXM  WARN  Conflicting CPU frequencies detected, using: 1900.03
[1444153289.042697] [node065:16899:0]         mxm.c:185  MXM  WARN  The 'ulimit -s' on the system is set to 'unlimited'. This may have negative performance implications. Please set the heap size to the default value (10240) 
[1444153289.040332] [node065:16900:0]         sys.c:719  MXM  WARN  Conflicting CPU frequencies detected, using: 1900.03
[1444153289.044416] [node065:16900:0]         mxm.c:185  MXM  WARN  The 'ulimit -s' on the system is set to 'unlimited'. This may have negative performance implications. Please set the heap size to the default value (10240) 
[1444153289.057630] [node062:10832:0]         sys.c:719  MXM  WARN  Conflicting CPU frequencies detected, using: 2392.41
[1444153289.063159] [node062:10832:0]         mxm.c:185  MXM  WARN  The 'ulimit -s' on the system is set to 'unlimited'. This may have negative performance implications. Please set the heap size to the default value (10240) 
[1444153289.046870] [node067:2040 :0]         sys.c:719  MXM  WARN  Conflicting CPU frequencies detected, using: 1559.72
[1444153289.053299] [node067:2040 :0]         mxm.c:185  MXM  WARN  The 'ulimit -s' on the system is set to 'unlimited'. This may have negative performance implications. Please set the heap size to the default value (10240) 
[1444153289.059386] [node064:20665:0]         sys.c:719  MXM  WARN  Conflicting CPU frequencies detected, using: 1523.72
[1444153289.064908] [node064:20665:0]         mxm.c:185  MXM  WARN  The 'ulimit -s' on the system is set to 'unlimited'. This may have negative performance implications. Please set the heap size to the default value (10240) 
[1444153289.084387] [node068:3150 :0]         sys.c:719  MXM  WARN  Conflicting CPU frequencies detected, using: 2399.91
[1444153289.089997] [node068:3150 :0]         mxm.c:185  MXM  WARN  The 'ulimit -s' on the system is set to 'unlimited'. This may have negative performance implications. Please set the heap size to the default value (10240) 
[1444153289.089061] [node068:3149 :0]         sys.c:719  MXM  WARN  Conflicting CPU frequencies detected, using: 2399.91
[1444153289.094349] [node068:3149 :0]         mxm.c:185  MXM  WARN  The 'ulimit -s' on the system is set to 'unlimited'. This may have negative performance implications. Please set the heap size to the default value (10240) 
[1444153289.082912] [node062:10849:0]         sys.c:719  MXM  WARN  Conflicting CPU frequencies detected, using: 1838.34
[1444153289.088925] [node062:10849:0]         mxm.c:185  MXM  WARN  The 'ulimit -s' on the system is set to 'unlimited'. This may have negative performance implications. Please set the heap size to the default value (10240) 
[1444153289.094853] [node065:16943:0]         sys.c:719  MXM  WARN  Conflicting CPU frequencies detected, using: 2193.09
[1444153289.099038] [node065:16943:0]         mxm.c:185  MXM  WARN  The 'ulimit -s' on the system is set to 'unlimited'. This may have negative performance implications. Please set the heap size to the default value (10240) 
[1444153289.081076] [node064:20682:0]         sys.c:719  MXM  WARN  Conflicting CPU frequencies detected, using: 1865.53
[1444153289.086523] [node064:20682:0]         mxm.c:185  MXM  WARN  The 'ulimit -s' on the system is set to 'unlimited'. This may have negative performance implications. Please set the heap size to the default value (10240) 
[1444153289.113257] [node063:17141:0]         sys.c:719  MXM  WARN  Conflicting CPU frequencies detected, using: 2400.00
[1444153289.116014] [node063:17141:0]         mxm.c:185  MXM  WARN  The 'ulimit -s' on the system is set to 'unlimited'. This may have negative performance implications. Please set the heap size to the default value (10240) 
[1444153289.090107] [node067:2057 :0]         sys.c:719  MXM  WARN  Conflicting CPU frequencies detected, using: 1836.75
[1444153289.096925] [node067:2057 :0]         mxm.c:185  MXM  WARN  The 'ulimit -s' on the system is set to 'unlimited'. This may have negative performance implications. Please set the heap size to the default value (10240) 
[1444153289.097371] [node066:2552 :0]         sys.c:719  MXM  WARN  Conflicting CPU frequencies detected, using: 1996.31
[1444153289.104787] [node066:2552 :0]         mxm.c:185  MXM  WARN  The 'ulimit -s' on the system is set to 'unlimited'. This may have negative performance implications. Please set the heap size to the default value (10240) 
[1444153289.131745] [node063:17159:0]         sys.c:719  MXM  WARN  Conflicting CPU frequencies detected, using: 2400.00
[1444153289.135360] [node063:17159:0]         mxm.c:185  MXM  WARN  The 'ulimit -s' on the system is set to 'unlimited'. This may have negative performance implications. Please set the heap size to the default value (10240) 
[1444153289.107824] [node066:2559 :0]         sys.c:719  MXM  WARN  Conflicting CPU frequencies detected, using: 2096.25
[1444153289.116219] [node066:2559 :0]         mxm.c:185  MXM  WARN  The 'ulimit -s' on the system is set to 'unlimited'. This may have negative performance implications. Please set the heap size to the default value (10240) 
[1444153289.119989] [node064:20705:0]         sys.c:719  MXM  WARN  Conflicting CPU frequencies detected, using: 2160.47
[1444153289.127266] [node064:20705:0]         mxm.c:185  MXM  WARN  The 'ulimit -s' on the system is set to 'unlimited'. This may have negative performance implications. Please set the heap size to the default value (10240) 
[1444153289.140445] [node065:16966:0]         sys.c:719  MXM  WARN  Conflicting CPU frequencies detected, using: 2399.91
[1444153289.143967] [node065:16966:0]         mxm.c:185  MXM  WARN  The 'ulimit -s' on the system is set to 'unlimited'. This may have negative performance implications. Please set the heap size to the default value (10240) 
[1444153289.142621] [node063:17163:0]         sys.c:719  MXM  WARN  Conflicting CPU frequencies detected, using: 2400.00
[1444153289.146358] [node063:17163:0]         mxm.c:185  MXM  WARN  The 'ulimit -s' on the system is set to 'unlimited'. This may have negative performance implications. Please set the heap size to the default value (10240) 
[1444153289.140757] [node066:2586 :0]         sys.c:719  MXM  WARN  Conflicting CPU frequencies detected, using: 2394.75
[1444153289.147777] [node066:2586 :0]         mxm.c:185  MXM  WARN  The 'ulimit -s' on the system is set to 'unlimited'. This may have negative performance implications. Please set the heap size to the default value (10240) 
[1444153289.157512] [node063:17190:0]         sys.c:719  MXM  WARN  Conflicting CPU frequencies detected, using: 2400.00
[1444153289.160491] [node063:17190:0]         mxm.c:185  MXM  WARN  The 'ulimit -s' on the system is set to 'unlimited'. This may have negative performance implications. Please set the heap size to the default value (10240) 
[1444153289.167466] [node065:16978:0]         sys.c:719  MXM  WARN  Conflicting CPU frequencies detected, using: 2400.00
[1444153289.171024] [node065:16978:0]         mxm.c:185  MXM  WARN  The 'ulimit -s' on the system is set to 'unlimited'. This may have negative performance implications. Please set the heap size to the default value (10240) 
[1444153289.165924] [node063:17211:0]         sys.c:719  MXM  WARN  Conflicting CPU frequencies detected, using: 2400.00
[1444153289.169814] [node063:17211:0]         mxm.c:185  MXM  WARN  The 'ulimit -s' on the system is set to 'unlimited'. This may have negative performance implications. Please set the heap size to the default value (10240) 
[1444153289.178407] [node065:16977:0]         sys.c:719  MXM  WARN  Conflicting CPU frequencies detected, using: 2400.00
[1444153289.181716] [node065:16977:0]         mxm.c:185  MXM  WARN  The 'ulimit -s' on the system is set to 'unlimited'. This may have negative performance implications. Please set the heap size to the default value (10240) 
[1444153289.165408] [node062:10883:0]         sys.c:719  MXM  WARN  Conflicting CPU frequencies detected, using: 2400.00
[1444153289.170833] [node062:10883:0]         mxm.c:185  MXM  WARN  The 'ulimit -s' on the system is set to 'unlimited'. This may have negative performance implications. Please set the heap size to the default value (10240) 
[1444153289.174652] [node068:3204 :0]         sys.c:719  MXM  WARN  Conflicting CPU frequencies detected, using: 2400.00
[1444153289.180348] [node068:3204 :0]         mxm.c:185  MXM  WARN  The 'ulimit -s' on the system is set to 'unlimited'. This may have negative performance implications. Please set the heap size to the default value (10240) 
[1444153289.180974] [node065:16975:0]         sys.c:719  MXM  WARN  Conflicting CPU frequencies detected, using: 2400.00
[1444153289.184192] [node065:16975:0]         mxm.c:185  MXM  WARN  The 'ulimit -s' on the system is set to 'unlimited'. This may have negative performance implications. Please set the heap size to the default value (10240) 
[1444153289.160311] [node062:10881:0]         sys.c:719  MXM  WARN  Conflicting CPU frequencies detected, using: 2400.00
[1444153289.166395] [node062:10881:0]         mxm.c:185  MXM  WARN  The 'ulimit -s' on the system is set to 'unlimited'. This may have negative performance implications. Please set the heap size to the default value (10240) 
[1444153289.184638] [node063:17232:0]         sys.c:719  MXM  WARN  Conflicting CPU frequencies detected, using: 2400.00
[1444153289.188650] [node063:17232:0]         mxm.c:185  MXM  WARN  The 'ulimit -s' on the system is set to 'unlimited'. This may have negative performance implications. Please set the heap size to the default value (10240) 
[1444153289.166586] [node062:10882:0]         sys.c:719  MXM  WARN  Conflicting CPU frequencies detected, using: 2400.00
[1444153289.174008] [node062:10882:0]         mxm.c:185  MXM  WARN  The 'ulimit -s' on the system is set to 'unlimited'. This may have negative performance implications. Please set the heap size to the default value (10240) 
[1444153289.195165] [node065:17042:0]         sys.c:719  MXM  WARN  Conflicting CPU frequencies detected, using: 2400.00
[1444153289.198582] [node065:17042:0]         mxm.c:185  MXM  WARN  The 'ulimit -s' on the system is set to 'unlimited'. This may have negative performance implications. Please set the heap size to the default value (10240) 
[1444153289.195568] [node065:17041:0]         sys.c:719  MXM  WARN  Conflicting CPU frequencies detected, using: 2400.00
[1444153289.198671] [node065:17041:0]         mxm.c:185  MXM  WARN  The 'ulimit -s' on the system is set to 'unlimited'. This may have negative performance implications. Please set the heap size to the default value (10240) 
[1444153289.185603] [node068:3207 :0]         sys.c:719  MXM  WARN  Conflicting CPU frequencies detected, using: 2399.91
[1444153289.191032] [node068:3207 :0]         mxm.c:185  MXM  WARN  The 'ulimit -s' on the system is set to 'unlimited'. This may have negative performance implications. Please set the heap size to the default value (10240) 
[1444153289.203872] [node065:17075:0]         sys.c:719  MXM  WARN  Conflicting CPU frequencies detected, using: 2400.00
[1444153289.206626] [node065:17075:0]         mxm.c:185  MXM  WARN  The 'ulimit -s' on the system is set to 'unlimited'. This may have negative performance implications. Please set the heap size to the default value (10240) 
[1444153289.202262] [node065:17083:0]         sys.c:719  MXM  WARN  Conflicting CPU frequencies detected, using: 2400.00
[1444153289.205678] [node065:17083:0]         mxm.c:185  MXM  WARN  The 'ulimit -s' on the system is set to 'unlimited'. This may have negative performance implications. Please set the heap size to the default value (10240) 
[1444153289.191947] [node068:3205 :0]         sys.c:719  MXM  WARN  Conflicting CPU frequencies detected, using: 2400.00
[1444153289.197632] [node068:3205 :0]         mxm.c:185  MXM  WARN  The 'ulimit -s' on the system is set to 'unlimited'. This may have negative performance implications. Please set the heap size to the default value (10240) 
[1444153289.203954] [node067:2093 :0]         sys.c:719  MXM  WARN  Conflicting CPU frequencies detected, using: 2400.00
[1444153289.210161] [node067:2093 :0]         mxm.c:185  MXM  WARN  The 'ulimit -s' on the system is set to 'unlimited'. This may have negative performance implications. Please set the heap size to the default value (10240) 
[1444153289.209760] [node066:2595 :0]         sys.c:719  MXM  WARN  Conflicting CPU frequencies detected, using: 2400.00
[1444153289.214841] [node066:2595 :0]         mxm.c:185  MXM  WARN  The 'ulimit -s' on the system is set to 'unlimited'. This may have negative performance implications. Please set the heap size to the default value (10240) 
[1444153289.212955] [node066:2594 :0]         sys.c:719  MXM  WARN  Conflicting CPU frequencies detected, using: 2400.00
[1444153289.220381] [node066:2594 :0]         mxm.c:185  MXM  WARN  The 'ulimit -s' on the system is set to 'unlimited'. This may have negative performance implications. Please set the heap size to the default value (10240) 
[1444153289.195555] [node068:3232 :0]         sys.c:719  MXM  WARN  Conflicting CPU frequencies detected, using: 2400.00
[1444153289.206054] [node068:3232 :0]         mxm.c:185  MXM  WARN  The 'ulimit -s' on the system is set to 'unlimited'. This may have negative performance implications. Please set the heap size to the default value (10240) 
[1444153289.204986] [node068:3300 :0]         sys.c:719  MXM  WARN  Conflicting CPU frequencies detected, using: 2400.00
[1444153289.218310] [node068:3300 :0]         mxm.c:185  MXM  WARN  The 'ulimit -s' on the system is set to 'unlimited'. This may have negative performance implications. Please set the heap size to the default value (10240) 
[1444153289.197396] [node068:3219 :0]         sys.c:719  MXM  WARN  Conflicting CPU frequencies detected, using: 2400.00
[1444153289.215876] [node068:3219 :0]         mxm.c:185  MXM  WARN  The 'ulimit -s' on the system is set to 'unlimited'. This may have negative performance implications. Please set the heap size to the default value (10240) 
[1444153289.202477] [node068:3299 :0]         sys.c:719  MXM  WARN  Conflicting CPU frequencies detected, using: 2400.00
[1444153289.219829] [node068:3299 :0]         mxm.c:185  MXM  WARN  The 'ulimit -s' on the system is set to 'unlimited'. This may have negative performance implications. Please set the heap size to the default value (10240) 
[1444153289.214141] [node066:2596 :0]         sys.c:719  MXM  WARN  Conflicting CPU frequencies detected, using: 2400.00
[1444153289.222183] [node066:2596 :0]         mxm.c:185  MXM  WARN  The 'ulimit -s' on the system is set to 'unlimited'. This may have negative performance implications. Please set the heap size to the default value (10240) 
[1444153289.221517] [node067:2094 :0]         sys.c:719  MXM  WARN  Conflicting CPU frequencies detected, using: 2400.00
[1444153289.231139] [node067:2094 :0]         mxm.c:185  MXM  WARN  The 'ulimit -s' on the system is set to 'unlimited'. This may have negative performance implications. Please set the heap size to the default value (10240) 
[1444153289.227923] [node066:2631 :0]         sys.c:719  MXM  WARN  Conflicting CPU frequencies detected, using: 2400.00
[1444153289.244605] [node066:2631 :0]         mxm.c:185  MXM  WARN  The 'ulimit -s' on the system is set to 'unlimited'. This may have negative performance implications. Please set the heap size to the default value (10240) 
[1444153289.220704] [node067:2092 :0]         sys.c:719  MXM  WARN  Conflicting CPU frequencies detected, using: 2400.00
[1444153289.230422] [node067:2092 :0]         mxm.c:185  MXM  WARN  The 'ulimit -s' on the system is set to 'unlimited'. This may have negative performance implications. Please set the heap size to the default value (10240) 
[1444153289.230867] [node067:2135 :0]         sys.c:719  MXM  WARN  Conflicting CPU frequencies detected, using: 2399.91
[1444153289.238976] [node067:2135 :0]         mxm.c:185  MXM  WARN  The 'ulimit -s' on the system is set to 'unlimited'. This may have negative performance implications. Please set the heap size to the default value (10240) 
[1444153289.235082] [node064:20734:0]         sys.c:719  MXM  WARN  Conflicting CPU frequencies detected, using: 2400.00
[1444153289.241930] [node064:20734:0]         mxm.c:185  MXM  WARN  The 'ulimit -s' on the system is set to 'unlimited'. This may have negative performance implications. Please set the heap size to the default value (10240) 
[1444153289.231929] [node066:2757 :0]         sys.c:719  MXM  WARN  Conflicting CPU frequencies detected, using: 2400.00
[1444153289.251344] [node066:2757 :0]         mxm.c:185  MXM  WARN  The 'ulimit -s' on the system is set to 'unlimited'. This may have negative performance implications. Please set the heap size to the default value (10240) 
[1444153289.238142] [node067:2133 :0]         sys.c:719  MXM  WARN  Conflicting CPU frequencies detected, using: 2400.00
[1444153289.259672] [node067:2133 :0]         mxm.c:185  MXM  WARN  The 'ulimit -s' on the system is set to 'unlimited'. This may have negative performance implications. Please set the heap size to the default value (10240) 
[1444153289.233593] [node067:2134 :0]         sys.c:719  MXM  WARN  Conflicting CPU frequencies detected, using: 2400.00
[1444153289.248915] [node067:2134 :0]         mxm.c:185  MXM  WARN  The 'ulimit -s' on the system is set to 'unlimited'. This may have negative performance implications. Please set the heap size to the default value (10240) 
[1444153289.248556] [node064:20850:0]         sys.c:719  MXM  WARN  Conflicting CPU frequencies detected, using: 2399.91
[1444153289.260263] [node064:20850:0]         mxm.c:185  MXM  WARN  The 'ulimit -s' on the system is set to 'unlimited'. This may have negative performance implications. Please set the heap size to the default value (10240) 
[1444153289.237192] [node067:2136 :0]         sys.c:719  MXM  WARN  Conflicting CPU frequencies detected, using: 2400.00
[1444153289.261154] [node067:2136 :0]         mxm.c:185  MXM  WARN  The 'ulimit -s' on the system is set to 'unlimited'. This may have negative performance implications. Please set the heap size to the default value (10240) 
[1444153289.240263] [node064:20737:0]         sys.c:719  MXM  WARN  Conflicting CPU frequencies detected, using: 2399.91
[1444153289.253040] [node064:20737:0]         mxm.c:185  MXM  WARN  The 'ulimit -s' on the system is set to 'unlimited'. This may have negative performance implications. Please set the heap size to the default value (10240) 
[1444153289.241530] [node064:20736:0]         sys.c:719  MXM  WARN  Conflicting CPU frequencies detected, using: 2399.91
[1444153289.255516] [node064:20736:0]         mxm.c:185  MXM  WARN  The 'ulimit -s' on the system is set to 'unlimited'. This may have negative performance implications. Please set the heap size to the default value (10240) 
[1444153289.221406] [node067:2101 :0]         sys.c:719  MXM  WARN  Conflicting CPU frequencies detected, using: 2400.00
[1444153289.231911] [node067:2101 :0]         mxm.c:185  MXM  WARN  The 'ulimit -s' on the system is set to 'unlimited'. This may have negative performance implications. Please set the heap size to the default value (10240) 
[1444153289.226386] [node066:2637 :0]         sys.c:719  MXM  WARN  Conflicting CPU frequencies detected, using: 2400.00
[1444153289.237383] [node066:2637 :0]         mxm.c:185  MXM  WARN  The 'ulimit -s' on the system is set to 'unlimited'. This may have negative performance implications. Please set the heap size to the default value (10240) 
[1444153289.224813] [node066:2633 :0]         sys.c:719  MXM  WARN  Conflicting CPU frequencies detected, using: 2400.00
[1444153289.249516] [node066:2633 :0]         mxm.c:185  MXM  WARN  The 'ulimit -s' on the system is set to 'unlimited'. This may have negative performance implications. Please set the heap size to the default value (10240) 
[1444153289.224928] [node066:2636 :0]         sys.c:719  MXM  WARN  Conflicting CPU frequencies detected, using: 2400.00
[1444153289.252079] [node066:2636 :0]         mxm.c:185  MXM  WARN  The 'ulimit -s' on the system is set to 'unlimited'. This may have negative performance implications. Please set the heap size to the default value (10240) 
[1444153289.231758] [node066:2630 :0]         sys.c:719  MXM  WARN  Conflicting CPU frequencies detected, using: 2400.00
[1444153289.259687] [node066:2630 :0]         mxm.c:185  MXM  WARN  The 'ulimit -s' on the system is set to 'unlimited'. This may have negative performance implications. Please set the heap size to the default value (10240) 
[1444153289.239591] [node064:20735:0]         sys.c:719  MXM  WARN  Conflicting CPU frequencies detected, using: 2399.91
[1444153289.257015] [node064:20735:0]         mxm.c:185  MXM  WARN  The 'ulimit -s' on the system is set to 'unlimited'. This may have negative performance implications. Please set the heap size to the default value (10240) 
[1444153289.236413] [node067:2275 :0]         sys.c:719  MXM  WARN  Conflicting CPU frequencies detected, using: 2400.00
[1444153289.266207] [node067:2275 :0]         mxm.c:185  MXM  WARN  The 'ulimit -s' on the system is set to 'unlimited'. This may have negative performance implications. Please set the heap size to the default value (10240) 
[1444153289.239239] [node067:2208 :0]         sys.c:719  MXM  WARN  Conflicting CPU frequencies detected, using: 2400.00
[1444153289.263862] [node067:2208 :0]         mxm.c:185  MXM  WARN  The 'ulimit -s' on the system is set to 'unlimited'. This may have negative performance implications. Please set the heap size to the default value (10240) 
[1444153289.243590] [node064:20848:0]         sys.c:719  MXM  WARN  Conflicting CPU frequencies detected, using: 2399.91
[1444153289.277031] [node064:20848:0]         mxm.c:185  MXM  WARN  The 'ulimit -s' on the system is set to 'unlimited'. This may have negative performance implications. Please set the heap size to the default value (10240) 
[1444153289.238129] [node064:20738:0]         sys.c:719  MXM  WARN  Conflicting CPU frequencies detected, using: 2399.91
[1444153289.273695] [node064:20738:0]         mxm.c:185  MXM  WARN  The 'ulimit -s' on the system is set to 'unlimited'. This may have negative performance implications. Please set the heap size to the default value (10240) 
[1444153289.242223] [node064:20771:0]         sys.c:719  MXM  WARN  Conflicting CPU frequencies detected, using: 2399.91
[1444153289.266982] [node064:20771:0]         mxm.c:185  MXM  WARN  The 'ulimit -s' on the system is set to 'unlimited'. This may have negative performance implications. Please set the heap size to the default value (10240) 
[1444153289.242429] [node064:20739:0]         sys.c:719  MXM  WARN  Conflicting CPU frequencies detected, using: 2399.91
[1444153289.275499] [node064:20739:0]         mxm.c:185  MXM  WARN  The 'ulimit -s' on the system is set to 'unlimited'. This may have negative performance implications. Please set the heap size to the default value (10240) 
UPCR: UPC thread  5 of 96 on node061 (pshm node 0 of 8, process  5 of 96, pid=15458)
UPCR: UPC thread  7 of 96 on node061 (pshm node 0 of 8, process  7 of 96, pid=15460)
UPCR: UPC thread 11 of 96 on node061 (pshm node 0 of 8, process 11 of 96, pid=15464)
UPCR: UPC thread  9 of 96 on node061 (pshm node 0 of 8, process  9 of 96, pid=15462)
UPCR: UPC thread 10 of 96 on node061 (pshm node 0 of 8, process 10 of 96, pid=15463)
UPCR: UPC thread  6 of 96 on node061 (pshm node 0 of 8, process  6 of 96, pid=15459)
UPCR: UPC thread  0 of 96 on node061 (pshm node 0 of 8, process  0 of 96, pid=15453)
UPCR: UPC thread  1 of 96 on node061 (pshm node 0 of 8, process  1 of 96, pid=15454)
UPCR: UPC thread  4 of 96 on node061 (pshm node 0 of 8, process  4 of 96, pid=15457)
UPCR: UPC thread  8 of 96 on node061 (pshm node 0 of 8, process  8 of 96, pid=15461)
UPCR: UPC thread  3 of 96 on node061 (pshm node 0 of 8, process  3 of 96, pid=15456)
UPCR: UPC thread  2 of 96 on node061 (pshm node 0 of 8, process  2 of 96, pid=15455)
UPCR: UPC thread 49 of 96 on node065 (pshm node 4 of 8, process 49 of 96, pid=16975)
UPCR: UPC thread 50 of 96 on node065 (pshm node 4 of 8, process 50 of 96, pid=17083)
UPCR: UPC thread 51 of 96 on node065 (pshm node 4 of 8, process 51 of 96, pid=16899)
UPCR: UPC thread 48 of 96 on node065 (pshm node 4 of 8, process 48 of 96, pid=17041)
UPCR: UPC thread 52 of 96 on node065 (pshm node 4 of 8, process 52 of 96, pid=16943)
UPCR: UPC thread 54 of 96 on node065 (pshm node 4 of 8, process 54 of 96, pid=17042)
UPCR: UPC thread 55 of 96 on node065 (pshm node 4 of 8, process 55 of 96, pid=16900)
UPCR: UPC thread 53 of 96 on node065 (pshm node 4 of 8, process 53 of 96, pid=17075)
UPCR: UPC thread 57 of 96 on node065 (pshm node 4 of 8, process 57 of 96, pid=16877)
UPCR: UPC thread 59 of 96 on node065 (pshm node 4 of 8, process 59 of 96, pid=16978)
UPCR: UPC thread 89 of 96 on node068 (pshm node 7 of 8, process 89 of 96, pid=3232)
UPCR: UPC thread 17 of 96 on node062 (pshm node 1 of 8, process 17 of 96, pid=10665)
UPCR: UPC thread 58 of 96 on node065 (pshm node 4 of 8, process 58 of 96, pid=16966)
UPCR: UPC thread 84 of 96 on node068 (pshm node 7 of 8, process 84 of 96, pid=3084)
UPCR: UPC thread 93 of 96 on node068 (pshm node 7 of 8, process 93 of 96, pid=3299)
UPCR: UPC thread 88 of 96 on node068 (pshm node 7 of 8, process 88 of 96, pid=3205)
UPCR: UPC thread 85 of 96 on node068 (pshm node 7 of 8, process 85 of 96, pid=3111)
UPCR: UPC thread 22 of 96 on node062 (pshm node 1 of 8, process 22 of 96, pid=10713)
UPCR: UPC thread 15 of 96 on node062 (pshm node 1 of 8, process 15 of 96, pid=10808)
UPCR: UPC thread 13 of 96 on node062 (pshm node 1 of 8, process 13 of 96, pid=10849)
UPCR: UPC thread 90 of 96 on node068 (pshm node 7 of 8, process 90 of 96, pid=3204)
UPCR: UPC thread 20 of 96 on node062 (pshm node 1 of 8, process 20 of 96, pid=10666)
UPCR: UPC thread 95 of 96 on node068 (pshm node 7 of 8, process 95 of 96, pid=3150)
UPCR: UPC thread 42 of 96 on node064 (pshm node 3 of 8, process 42 of 96, pid=20736)
UPCR: UPC thread 19 of 96 on node062 (pshm node 1 of 8, process 19 of 96, pid=10832)
UPCR: UPC thread 24 of 96 on node063 (pshm node 2 of 8, process 24 of 96, pid=17110)
UPCR: UPC thread 46 of 96 on node064 (pshm node 3 of 8, process 46 of 96, pid=20734)
UPCR: UPC thread 94 of 96 on node068 (pshm node 7 of 8, process 94 of 96, pid=3219)
UPCR: UPC thread 16 of 96 on node062 (pshm node 1 of 8, process 16 of 96, pid=10881)
UPCR: UPC thread 47 of 96 on node064 (pshm node 3 of 8, process 47 of 96, pid=20848)
UPCR: UPC thread 67 of 96 on node066 (pshm node 5 of 8, process 67 of 96, pid=2633)
UPCR: UPC thread 37 of 96 on node064 (pshm node 3 of 8, process 37 of 96, pid=20771)
UPCR: UPC thread 34 of 96 on node063 (pshm node 2 of 8, process 34 of 96, pid=17085)
UPCR: UPC thread 21 of 96 on node062 (pshm node 1 of 8, process 21 of 96, pid=10882)
UPCR: UPC thread 43 of 96 on node064 (pshm node 3 of 8, process 43 of 96, pid=20739)
UPCR: UPC thread 78 of 96 on node067 (pshm node 6 of 8, process 78 of 96, pid=2134)
UPCR: UPC thread 66 of 96 on node066 (pshm node 5 of 8, process 66 of 96, pid=2552)
UPCR: UPC thread 40 of 96 on node064 (pshm node 3 of 8, process 40 of 96, pid=20665)
UPCR: UPC thread 65 of 96 on node066 (pshm node 5 of 8, process 65 of 96, pid=2559)
UPCR: UPC thread 25 of 96 on node063 (pshm node 2 of 8, process 25 of 96, pid=17232)
UPCR: UPC thread 80 of 96 on node067 (pshm node 6 of 8, process 80 of 96, pid=2092)
UPCR: UPC thread 56 of 96 on node065 (pshm node 4 of 8, process 56 of 96, pid=16977)
UPCR: UPC thread 27 of 96 on node063 (pshm node 2 of 8, process 27 of 96, pid=17141)
UPCR: UPC thread 12 of 96 on node062 (pshm node 1 of 8, process 12 of 96, pid=10720)
UPCR: UPC thread 86 of 96 on node068 (pshm node 7 of 8, process 86 of 96, pid=3149)
UPCR: UPC thread 44 of 96 on node064 (pshm node 3 of 8, process 44 of 96, pid=20850)
UPCR: UPC thread 35 of 96 on node063 (pshm node 2 of 8, process 35 of 96, pid=17190)
UPCR: UPC thread 77 of 96 on node067 (pshm node 6 of 8, process 77 of 96, pid=2040)
UPCR: UPC thread 83 of 96 on node067 (pshm node 6 of 8, process 83 of 96, pid=2275)
UPCR: UPC thread 87 of 96 on node068 (pshm node 7 of 8, process 87 of 96, pid=3110)
UPCR: UPC thread 73 of 96 on node067 (pshm node 6 of 8, process 73 of 96, pid=2057)
UPCR: UPC thread 74 of 96 on node067 (pshm node 6 of 8, process 74 of 96, pid=2136)
UPCR: UPC thread 76 of 96 on node067 (pshm node 6 of 8, process 76 of 96, pid=2208)
UPCR: UPC thread 68 of 96 on node066 (pshm node 5 of 8, process 68 of 96, pid=2596)
UPCR: UPC thread 63 of 96 on node066 (pshm node 5 of 8, process 63 of 96, pid=2595)
UPCR: UPC thread 92 of 96 on node068 (pshm node 7 of 8, process 92 of 96, pid=3300)
UPCR: UPC thread 33 of 96 on node063 (pshm node 2 of 8, process 33 of 96, pid=17163)
UPCR: UPC thread 14 of 96 on node062 (pshm node 1 of 8, process 14 of 96, pid=10698)
UPCR: UPC thread 71 of 96 on node066 (pshm node 5 of 8, process 71 of 96, pid=2636)
UPCR: UPC thread 72 of 96 on node067 (pshm node 6 of 8, process 72 of 96, pid=2093)
UPCR: UPC thread 30 of 96 on node063 (pshm node 2 of 8, process 30 of 96, pid=17053)
UPCR: UPC thread 79 of 96 on node067 (pshm node 6 of 8, process 79 of 96, pid=2101)
UPCR: UPC thread 45 of 96 on node064 (pshm node 3 of 8, process 45 of 96, pid=20705)
UPCR: UPC thread 61 of 96 on node066 (pshm node 5 of 8, process 61 of 96, pid=2637)
UPCR: UPC thread 70 of 96 on node066 (pshm node 5 of 8, process 70 of 96, pid=2631)
UPCR: UPC thread 60 of 96 on node066 (pshm node 5 of 8, process 60 of 96, pid=2594)
UPCR: UPC thread 23 of 96 on node062 (pshm node 1 of 8, process 23 of 96, pid=10883)
UPCR: UPC thread 31 of 96 on node063 (pshm node 2 of 8, process 31 of 96, pid=17036)
UPCR: UPC thread 82 of 96 on node067 (pshm node 6 of 8, process 82 of 96, pid=2135)
UPCR: UPC thread 75 of 96 on node067 (pshm node 6 of 8, process 75 of 96, pid=2094)
UPCR: UPC thread 29 of 96 on node063 (pshm node 2 of 8, process 29 of 96, pid=17022)
UPCR: UPC thread 36 of 96 on node064 (pshm node 3 of 8, process 36 of 96, pid=20738)
UPCR: UPC thread 39 of 96 on node064 (pshm node 3 of 8, process 39 of 96, pid=20682)
UPCR: UPC thread 18 of 96 on node062 (pshm node 1 of 8, process 18 of 96, pid=10718)
UPCR: UPC thread 81 of 96 on node067 (pshm node 6 of 8, process 81 of 96, pid=2133)
UPCR: UPC thread 64 of 96 on node066 (pshm node 5 of 8, process 64 of 96, pid=2630)
UPCR: UPC thread 38 of 96 on node064 (pshm node 3 of 8, process 38 of 96, pid=20735)
UPCR: UPC thread 69 of 96 on node066 (pshm node 5 of 8, process 69 of 96, pid=2586)
UPCR: UPC thread 41 of 96 on node064 (pshm node 3 of 8, process 41 of 96, pid=20737)
UPCR: UPC thread 26 of 96 on node063 (pshm node 2 of 8, process 26 of 96, pid=17159)
UPCR: UPC thread 62 of 96 on node066 (pshm node 5 of 8, process 62 of 96, pid=2757)
UPCR: UPC thread 28 of 96 on node063 (pshm node 2 of 8, process 28 of 96, pid=16998)
UPCR: UPC thread 32 of 96 on node063 (pshm node 2 of 8, process 32 of 96, pid=17211)
UPCR: UPC thread 91 of 96 on node068 (pshm node 7 of 8, process 91 of 96, pid=3207)
Initializing models/schedule_world.2.8-rgs.bdd!
Vector size: 28
Bits per integer: 8
Number of BDD variables: 224
Loading initial states: 
Initial states loaded... 
Loading transition relations... 
28 integers per state, 8 bits per integer, 26 transition groups
BDD nodes:
Initial states: 224 BDD nodes
Transition 0: 230 BDD nodes
Transition 1: 113 BDD nodes
Transition 2: 96 BDD nodes
Transition 3: 96 BDD nodes
Transition 4: 107 BDD nodes
Transition 5: 139 BDD nodes
Transition 6: 96 BDD nodes
Transition 7: 123 BDD nodes
Transition 8: 91 BDD nodes
Transition 9: 848 BDD nodes
Transition 10: 141 BDD nodes
Transition 11: 154 BDD nodes
Transition 12: 281 BDD nodes
Transition 13: 234 BDD nodes
Transition 14: 96 BDD nodes
Transition 15: 113 BDD nodes
Transition 16: 95 BDD nodes
Transition 17: 112 BDD nodes
Transition 18: 96 BDD nodes
Transition 19: 123 BDD nodes
Transition 20: 96 BDD nodes
Transition 21: 107 BDD nodes
Transition 22: 91 BDD nodes
Transition 23: 123 BDD nodes
Transition 24: 91 BDD nodes
Transition 25: 107 BDD nodes
Level 1... done. 
Level 2... done. 
Level 3... done. 
Level 4... done. 
Level 5... done. 
Level 6... done. 
Level 7... done. 
Level 8... done. 
Level 9... done. 
Level 10... done. 
Level 11... done. 
Level 12... done. 
Level 13... done. 
Level 14... done. 
Level 15... done. 
Level 16... done. 
Level 17... done. 
Level 18... done. 
PAR Time: 4.128987
Final states: 1570340 states
Final states: 18779 BDD nodes
[1444153288.446477] [node061:15408:0]         sys.c:719  MXM  WARN  Conflicting CPU frequencies detected, using: 3201.84
