[1444153669.105819] [node009:5357 :0]         sys.c:719  MXM  WARN  Conflicting CPU frequencies detected, using: 1387.59
[1444153669.143957] [node009:5357 :0]         mxm.c:185  MXM  WARN  The 'ulimit -s' on the system is set to 'unlimited'. This may have negative performance implications. Please set the heap size to the default value (10240) 
[1444153669.107303] [node009:5358 :0]         sys.c:719  MXM  WARN  Conflicting CPU frequencies detected, using: 1387.59
[1444153669.152577] [node009:5358 :0]         mxm.c:185  MXM  WARN  The 'ulimit -s' on the system is set to 'unlimited'. This may have negative performance implications. Please set the heap size to the default value (10240) 
[1444153669.107137] [node009:5359 :0]         sys.c:719  MXM  WARN  Conflicting CPU frequencies detected, using: 1387.59
[1444153669.158337] [node009:5359 :0]         mxm.c:185  MXM  WARN  The 'ulimit -s' on the system is set to 'unlimited'. This may have negative performance implications. Please set the heap size to the default value (10240) 
[1444153669.107060] [node009:5363 :0]         sys.c:719  MXM  WARN  Conflicting CPU frequencies detected, using: 1387.59
[1444153669.153569] [node009:5363 :0]         mxm.c:185  MXM  WARN  The 'ulimit -s' on the system is set to 'unlimited'. This may have negative performance implications. Please set the heap size to the default value (10240) 
[1444153669.106022] [node009:5361 :0]         sys.c:719  MXM  WARN  Conflicting CPU frequencies detected, using: 1387.59
[1444153669.150625] [node009:5361 :0]         mxm.c:185  MXM  WARN  The 'ulimit -s' on the system is set to 'unlimited'. This may have negative performance implications. Please set the heap size to the default value (10240) 
[1444153669.108759] [node009:5362 :0]         sys.c:719  MXM  WARN  Conflicting CPU frequencies detected, using: 1387.59
[1444153669.159083] [node009:5362 :0]         mxm.c:185  MXM  WARN  The 'ulimit -s' on the system is set to 'unlimited'. This may have negative performance implications. Please set the heap size to the default value (10240) 
[1444153669.106031] [node009:5356 :0]         sys.c:719  MXM  WARN  Conflicting CPU frequencies detected, using: 1387.59
[1444153669.157356] [node009:5356 :0]         mxm.c:185  MXM  WARN  The 'ulimit -s' on the system is set to 'unlimited'. This may have negative performance implications. Please set the heap size to the default value (10240) 
[1444153669.107114] [node009:5360 :0]         sys.c:719  MXM  WARN  Conflicting CPU frequencies detected, using: 1387.59
[1444153669.171186] [node009:5360 :0]         mxm.c:185  MXM  WARN  The 'ulimit -s' on the system is set to 'unlimited'. This may have negative performance implications. Please set the heap size to the default value (10240) 
[1444153669.456140] [node010:27987:0]         sys.c:719  MXM  WARN  Conflicting CPU frequencies detected, using: 1590.84
[1444153669.460668] [node010:27987:0]         mxm.c:185  MXM  WARN  The 'ulimit -s' on the system is set to 'unlimited'. This may have negative performance implications. Please set the heap size to the default value (10240) 
[1444153669.475015] [node010:28002:0]         sys.c:719  MXM  WARN  Conflicting CPU frequencies detected, using: 1490.91
[1444153669.479083] [node010:28002:0]         mxm.c:185  MXM  WARN  The 'ulimit -s' on the system is set to 'unlimited'. This may have negative performance implications. Please set the heap size to the default value (10240) 
[1444153669.584707] [node010:28037:0]         sys.c:719  MXM  WARN  Conflicting CPU frequencies detected, using: 1899.94
[1444153669.588598] [node010:28037:0]         mxm.c:185  MXM  WARN  The 'ulimit -s' on the system is set to 'unlimited'. This may have negative performance implications. Please set the heap size to the default value (10240) 
[1444153669.586012] [node010:28036:0]         sys.c:719  MXM  WARN  Conflicting CPU frequencies detected, using: 1899.94
[1444153669.589412] [node010:28036:0]         mxm.c:185  MXM  WARN  The 'ulimit -s' on the system is set to 'unlimited'. This may have negative performance implications. Please set the heap size to the default value (10240) 
[1444153669.617227] [node011:13823:0]         sys.c:719  MXM  WARN  Conflicting CPU frequencies detected, using: 1446.66
[1444153669.623379] [node011:13823:0]         mxm.c:185  MXM  WARN  The 'ulimit -s' on the system is set to 'unlimited'. This may have negative performance implications. Please set the heap size to the default value (10240) 
[1444153669.615621] [node010:28070:0]         sys.c:719  MXM  WARN  Conflicting CPU frequencies detected, using: 2186.81
[1444153669.619451] [node010:28070:0]         mxm.c:185  MXM  WARN  The 'ulimit -s' on the system is set to 'unlimited'. This may have negative performance implications. Please set the heap size to the default value (10240) 
[1444153669.641151] [node012:22831:0]         sys.c:719  MXM  WARN  Conflicting CPU frequencies detected, using: 1456.50
[1444153669.647581] [node012:22831:0]         mxm.c:185  MXM  WARN  The 'ulimit -s' on the system is set to 'unlimited'. This may have negative performance implications. Please set the heap size to the default value (10240) 
[1444153669.627866] [node010:28076:0]         sys.c:719  MXM  WARN  Conflicting CPU frequencies detected, using: 2186.81
[1444153669.631767] [node010:28076:0]         mxm.c:185  MXM  WARN  The 'ulimit -s' on the system is set to 'unlimited'. This may have negative performance implications. Please set the heap size to the default value (10240) 
[1444153669.653408] [node010:28116:0]         sys.c:719  MXM  WARN  Conflicting CPU frequencies detected, using: 2186.81
[1444153669.657215] [node010:28116:0]         mxm.c:185  MXM  WARN  The 'ulimit -s' on the system is set to 'unlimited'. This may have negative performance implications. Please set the heap size to the default value (10240) 
[1444153669.662132] [node011:13840:0]         sys.c:719  MXM  WARN  Conflicting CPU frequencies detected, using: 1500.00
[1444153669.668520] [node011:13840:0]         mxm.c:185  MXM  WARN  The 'ulimit -s' on the system is set to 'unlimited'. This may have negative performance implications. Please set the heap size to the default value (10240) 
[1444153669.723998] [node012:22854:0]         sys.c:719  MXM  WARN  Conflicting CPU frequencies detected, using: 1491.00
[1444153669.731034] [node012:22854:0]         mxm.c:185  MXM  WARN  The 'ulimit -s' on the system is set to 'unlimited'. This may have negative performance implications. Please set the heap size to the default value (10240) 
[1444153669.837033] [node012:22879:0]         sys.c:719  MXM  WARN  Conflicting CPU frequencies detected, using: 1591.69
[1444153669.843197] [node012:22879:0]         mxm.c:185  MXM  WARN  The 'ulimit -s' on the system is set to 'unlimited'. This may have negative performance implications. Please set the heap size to the default value (10240) 
[1444153669.988518] [node027:23539:0]         sys.c:719  MXM  WARN  Conflicting CPU frequencies detected, using: 1351.69
[1444153669.992896] [node027:23539:0]         mxm.c:185  MXM  WARN  The 'ulimit -s' on the system is set to 'unlimited'. This may have negative performance implications. Please set the heap size to the default value (10240) 
[1444153669.994538] [node013:1775 :0]         sys.c:719  MXM  WARN  Conflicting CPU frequencies detected, using: 1497.75
[1444153670.000622] [node013:1775 :0]         mxm.c:185  MXM  WARN  The 'ulimit -s' on the system is set to 'unlimited'. This may have negative performance implications. Please set the heap size to the default value (10240) 
[1444153669.964671] [node028:14324:0]         sys.c:719  MXM  WARN  Conflicting CPU frequencies detected, using: 1497.00
[1444153669.968672] [node028:14324:0]         mxm.c:185  MXM  WARN  The 'ulimit -s' on the system is set to 'unlimited'. This may have negative performance implications. Please set the heap size to the default value (10240) 
[1444153669.964855] [node028:14323:0]         sys.c:719  MXM  WARN  Conflicting CPU frequencies detected, using: 1497.00
[1444153669.968871] [node028:14323:0]         mxm.c:185  MXM  WARN  The 'ulimit -s' on the system is set to 'unlimited'. This may have negative performance implications. Please set the heap size to the default value (10240) 
[1444153670.008837] [node023:25484:0]         sys.c:719  MXM  WARN  Conflicting CPU frequencies detected, using: 1391.16
[1444153670.015076] [node023:25484:0]         mxm.c:185  MXM  WARN  The 'ulimit -s' on the system is set to 'unlimited'. This may have negative performance implications. Please set the heap size to the default value (10240) 
[1444153669.991383] [node025:8389 :0]         sys.c:719  MXM  WARN  Conflicting CPU frequencies detected, using: 1785.19
[1444153669.995736] [node025:8389 :0]         mxm.c:185  MXM  WARN  The 'ulimit -s' on the system is set to 'unlimited'. This may have negative performance implications. Please set the heap size to the default value (10240) 
[1444153669.993828] [node025:8390 :0]         sys.c:719  MXM  WARN  Conflicting CPU frequencies detected, using: 1785.19
[1444153669.997322] [node025:8390 :0]         mxm.c:185  MXM  WARN  The 'ulimit -s' on the system is set to 'unlimited'. This may have negative performance implications. Please set the heap size to the default value (10240) 
[1444153670.016913] [node013:1792 :0]         sys.c:719  MXM  WARN  Conflicting CPU frequencies detected, using: 1690.03
[1444153670.022936] [node013:1792 :0]         mxm.c:185  MXM  WARN  The 'ulimit -s' on the system is set to 'unlimited'. This may have negative performance implications. Please set the heap size to the default value (10240) 
[1444153670.057037] [node027:23563:0]         sys.c:719  MXM  WARN  Conflicting CPU frequencies detected, using: 1955.62
[1444153670.060908] [node027:23563:0]         mxm.c:185  MXM  WARN  The 'ulimit -s' on the system is set to 'unlimited'. This may have negative performance implications. Please set the heap size to the default value (10240) 
[1444153670.060859] [node027:23561:0]         sys.c:719  MXM  WARN  Conflicting CPU frequencies detected, using: 1955.62
[1444153670.064689] [node027:23561:0]         mxm.c:185  MXM  WARN  The 'ulimit -s' on the system is set to 'unlimited'. This may have negative performance implications. Please set the heap size to the default value (10240) 
[1444153670.053997] [node026:29848:0]         sys.c:719  MXM  WARN  Conflicting CPU frequencies detected, using: 1510.69
[1444153670.058249] [node026:29848:0]         mxm.c:185  MXM  WARN  The 'ulimit -s' on the system is set to 'unlimited'. This may have negative performance implications. Please set the heap size to the default value (10240) 
[1444153670.098938] [node023:25507:0]         sys.c:719  MXM  WARN  Conflicting CPU frequencies detected, using: 1399.50
[1444153670.105296] [node023:25507:0]         mxm.c:185  MXM  WARN  The 'ulimit -s' on the system is set to 'unlimited'. This may have negative performance implications. Please set the heap size to the default value (10240) 
[1444153670.077245] [node029:12857:0]         sys.c:719  MXM  WARN  Conflicting CPU frequencies detected, using: 2099.72
[1444153670.081110] [node029:12857:0]         mxm.c:185  MXM  WARN  The 'ulimit -s' on the system is set to 'unlimited'. This may have negative performance implications. Please set the heap size to the default value (10240) 
[1444153670.078546] [node029:12849:0]         sys.c:719  MXM  WARN  Conflicting CPU frequencies detected, using: 2099.72
[1444153670.081416] [node029:12849:0]         mxm.c:185  MXM  WARN  The 'ulimit -s' on the system is set to 'unlimited'. This may have negative performance implications. Please set the heap size to the default value (10240) 
[1444153670.074540] [node029:12848:0]         sys.c:719  MXM  WARN  Conflicting CPU frequencies detected, using: 2099.72
[1444153670.078143] [node029:12848:0]         mxm.c:185  MXM  WARN  The 'ulimit -s' on the system is set to 'unlimited'. This may have negative performance implications. Please set the heap size to the default value (10240) 
[1444153670.083639] [node029:12893:0]         sys.c:719  MXM  WARN  Conflicting CPU frequencies detected, using: 2099.72
[1444153670.090339] [node029:12893:0]         mxm.c:185  MXM  WARN  The 'ulimit -s' on the system is set to 'unlimited'. This may have negative performance implications. Please set the heap size to the default value (10240) 
[1444153670.095639] [node025:8436 :0]         sys.c:719  MXM  WARN  Conflicting CPU frequencies detected, using: 2400.00
[1444153670.099754] [node025:8436 :0]         mxm.c:185  MXM  WARN  The 'ulimit -s' on the system is set to 'unlimited'. This may have negative performance implications. Please set the heap size to the default value (10240) 
[1444153670.087586] [node024:17620:0]         sys.c:719  MXM  WARN  Conflicting CPU frequencies detected, using: 1593.47
[1444153670.092353] [node024:17620:0]         mxm.c:185  MXM  WARN  The 'ulimit -s' on the system is set to 'unlimited'. This may have negative performance implications. Please set the heap size to the default value (10240) 
[1444153670.103461] [node021:26592:0]         sys.c:719  MXM  WARN  Conflicting CPU frequencies detected, using: 2112.94
[1444153670.107779] [node021:26592:0]         mxm.c:185  MXM  WARN  The 'ulimit -s' on the system is set to 'unlimited'. This may have negative performance implications. Please set the heap size to the default value (10240) 
[1444153670.110410] [node028:14370:0]         sys.c:719  MXM  WARN  Conflicting CPU frequencies detected, using: 1539.00
[1444153670.114516] [node028:14370:0]         mxm.c:185  MXM  WARN  The 'ulimit -s' on the system is set to 'unlimited'. This may have negative performance implications. Please set the heap size to the default value (10240) 
[1444153670.181204] [node025:8460 :0]         sys.c:719  MXM  WARN  Conflicting CPU frequencies detected, using: 2400.00
[1444153670.183860] [node025:8460 :0]         mxm.c:185  MXM  WARN  The 'ulimit -s' on the system is set to 'unlimited'. This may have negative performance implications. Please set the heap size to the default value (10240) 
[1444153670.184508] [node025:8472 :0]         sys.c:719  MXM  WARN  Conflicting CPU frequencies detected, using: 2399.91
[1444153670.187662] [node025:8472 :0]         mxm.c:185  MXM  WARN  The 'ulimit -s' on the system is set to 'unlimited'. This may have negative performance implications. Please set the heap size to the default value (10240) 
[1444153670.172651] [node029:12943:0]         sys.c:719  MXM  WARN  Conflicting CPU frequencies detected, using: 2383.59
[1444153670.176104] [node029:12943:0]         mxm.c:185  MXM  WARN  The 'ulimit -s' on the system is set to 'unlimited'. This may have negative performance implications. Please set the heap size to the default value (10240) 
[1444153670.171916] [node025:8461 :0]         sys.c:719  MXM  WARN  Conflicting CPU frequencies detected, using: 2400.00
[1444153670.176946] [node025:8461 :0]         mxm.c:185  MXM  WARN  The 'ulimit -s' on the system is set to 'unlimited'. This may have negative performance implications. Please set the heap size to the default value (10240) 
[1444153670.173976] [node010:28156:0]         sys.c:719  MXM  WARN  Conflicting CPU frequencies detected, using: 1904.53
[1444153670.178054] [node010:28156:0]         mxm.c:185  MXM  WARN  The 'ulimit -s' on the system is set to 'unlimited'. This may have negative performance implications. Please set the heap size to the default value (10240) 
[1444153670.161175] [node011:13871:0]         sys.c:719  MXM  WARN  Conflicting CPU frequencies detected, using: 1500.94
[1444153670.167584] [node011:13871:0]         mxm.c:185  MXM  WARN  The 'ulimit -s' on the system is set to 'unlimited'. This may have negative performance implications. Please set the heap size to the default value (10240) 
[1444153670.177538] [node024:17643:0]         sys.c:719  MXM  WARN  Conflicting CPU frequencies detected, using: 1488.94
[1444153670.181729] [node024:17643:0]         mxm.c:185  MXM  WARN  The 'ulimit -s' on the system is set to 'unlimited'. This may have negative performance implications. Please set the heap size to the default value (10240) 
[1444153670.177184] [node022:21039:0]         sys.c:719  MXM  WARN  Conflicting CPU frequencies detected, using: 1764.47
[1444153670.183171] [node022:21039:0]         mxm.c:185  MXM  WARN  The 'ulimit -s' on the system is set to 'unlimited'. This may have negative performance implications. Please set the heap size to the default value (10240) 
[1444153670.188981] [node026:29872:0]         sys.c:719  MXM  WARN  Conflicting CPU frequencies detected, using: 1500.00
[1444153670.193174] [node026:29872:0]         mxm.c:185  MXM  WARN  The 'ulimit -s' on the system is set to 'unlimited'. This may have negative performance implications. Please set the heap size to the default value (10240) 
[1444153670.195668] [node026:29878:0]         sys.c:719  MXM  WARN  Conflicting CPU frequencies detected, using: 1595.91
[1444153670.199590] [node026:29878:0]         mxm.c:185  MXM  WARN  The 'ulimit -s' on the system is set to 'unlimited'. This may have negative performance implications. Please set the heap size to the default value (10240) 
[1444153670.195307] [node014:31989:0]         sys.c:719  MXM  WARN  Conflicting CPU frequencies detected, using: 1507.31
[1444153670.199074] [node014:31989:0]         mxm.c:185  MXM  WARN  The 'ulimit -s' on the system is set to 'unlimited'. This may have negative performance implications. Please set the heap size to the default value (10240) 
[1444153670.190433] [node014:31984:0]         sys.c:719  MXM  WARN  Conflicting CPU frequencies detected, using: 1495.88
[1444153670.194689] [node014:31984:0]         mxm.c:185  MXM  WARN  The 'ulimit -s' on the system is set to 'unlimited'. This may have negative performance implications. Please set the heap size to the default value (10240) 
[1444153670.200406] [node027:23611:0]         sys.c:719  MXM  WARN  Conflicting CPU frequencies detected, using: 1587.94
[1444153670.204563] [node027:23611:0]         mxm.c:185  MXM  WARN  The 'ulimit -s' on the system is set to 'unlimited'. This may have negative performance implications. Please set the heap size to the default value (10240) 
[1444153670.197619] [node021:26615:0]         sys.c:719  MXM  WARN  Conflicting CPU frequencies detected, using: 1476.28
[1444153670.202218] [node021:26615:0]         mxm.c:185  MXM  WARN  The 'ulimit -s' on the system is set to 'unlimited'. This may have negative performance implications. Please set the heap size to the default value (10240) 
[1444153670.201494] [node014:32000:0]         sys.c:719  MXM  WARN  Conflicting CPU frequencies detected, using: 1549.12
[1444153670.206025] [node014:32000:0]         mxm.c:185  MXM  WARN  The 'ulimit -s' on the system is set to 'unlimited'. This may have negative performance implications. Please set the heap size to the default value (10240) 
[1444153670.209247] [node011:13890:0]         sys.c:719  MXM  WARN  Conflicting CPU frequencies detected, using: 2068.59
[1444153670.216870] [node011:13890:0]         mxm.c:185  MXM  WARN  The 'ulimit -s' on the system is set to 'unlimited'. This may have negative performance implications. Please set the heap size to the default value (10240) 
[1444153670.209998] [node011:13889:0]         sys.c:719  MXM  WARN  Conflicting CPU frequencies detected, using: 2068.59
[1444153670.217658] [node011:13889:0]         mxm.c:185  MXM  WARN  The 'ulimit -s' on the system is set to 'unlimited'. This may have negative performance implications. Please set the heap size to the default value (10240) 
[1444153670.202432] [node012:22903:0]         sys.c:719  MXM  WARN  Conflicting CPU frequencies detected, using: 1590.56
[1444153670.208161] [node012:22903:0]         mxm.c:185  MXM  WARN  The 'ulimit -s' on the system is set to 'unlimited'. This may have negative performance implications. Please set the heap size to the default value (10240) 
[1444153670.231524] [node024:17665:0]         sys.c:719  MXM  WARN  Conflicting CPU frequencies detected, using: 1999.97
[1444153670.236151] [node024:17665:0]         mxm.c:185  MXM  WARN  The 'ulimit -s' on the system is set to 'unlimited'. This may have negative performance implications. Please set the heap size to the default value (10240) 
[1444153670.207286] [node020:20154:0]         sys.c:719  MXM  WARN  Conflicting CPU frequencies detected, using: 1499.53
[1444153670.213373] [node020:20154:0]         mxm.c:185  MXM  WARN  The 'ulimit -s' on the system is set to 'unlimited'. This may have negative performance implications. Please set the heap size to the default value (10240) 
[1444153670.237126] [node025:8516 :0]         sys.c:719  MXM  WARN  Conflicting CPU frequencies detected, using: 2400.00
[1444153670.241078] [node025:8516 :0]         mxm.c:185  MXM  WARN  The 'ulimit -s' on the system is set to 'unlimited'. This may have negative performance implications. Please set the heap size to the default value (10240) 
[1444153670.220646] [node023:25533:0]         sys.c:719  MXM  WARN  Conflicting CPU frequencies detected, using: 1579.69
[1444153670.226511] [node023:25533:0]         mxm.c:185  MXM  WARN  The 'ulimit -s' on the system is set to 'unlimited'. This may have negative performance implications. Please set the heap size to the default value (10240) 
[1444153670.231386] [node012:22920:0]         sys.c:719  MXM  WARN  Conflicting CPU frequencies detected, using: 1765.22
[1444153670.238087] [node012:22920:0]         mxm.c:185  MXM  WARN  The 'ulimit -s' on the system is set to 'unlimited'. This may have negative performance implications. Please set the heap size to the default value (10240) 
[1444153670.231015] [node022:21057:0]         sys.c:719  MXM  WARN  Conflicting CPU frequencies detected, using: 1598.16
[1444153670.236885] [node022:21057:0]         mxm.c:185  MXM  WARN  The 'ulimit -s' on the system is set to 'unlimited'. This may have negative performance implications. Please set the heap size to the default value (10240) 
[1444153670.272352] [node025:8550 :0]         sys.c:719  MXM  WARN  Conflicting CPU frequencies detected, using: 2399.91
[1444153670.276131] [node025:8550 :0]         mxm.c:185  MXM  WARN  The 'ulimit -s' on the system is set to 'unlimited'. This may have negative performance implications. Please set the heap size to the default value (10240) 
[1444153670.279054] [node027:23634:0]         sys.c:719  MXM  WARN  Conflicting CPU frequencies detected, using: 1994.16
[1444153670.283271] [node027:23634:0]         mxm.c:185  MXM  WARN  The 'ulimit -s' on the system is set to 'unlimited'. This may have negative performance implications. Please set the heap size to the default value (10240) 
[1444153670.274292] [node026:29918:0]         sys.c:719  MXM  WARN  Conflicting CPU frequencies detected, using: 2041.88
[1444153670.277635] [node026:29918:0]         mxm.c:185  MXM  WARN  The 'ulimit -s' on the system is set to 'unlimited'. This may have negative performance implications. Please set the heap size to the default value (10240) 
[1444153670.273288] [node020:20177:0]         sys.c:719  MXM  WARN  Conflicting CPU frequencies detected, using: 2097.56
[1444153670.279608] [node020:20177:0]         mxm.c:185  MXM  WARN  The 'ulimit -s' on the system is set to 'unlimited'. This may have negative performance implications. Please set the heap size to the default value (10240) 
[1444153670.290630] [node021:26640:0]         sys.c:719  MXM  WARN  Conflicting CPU frequencies detected, using: 2090.16
[1444153670.293939] [node021:26640:0]         mxm.c:185  MXM  WARN  The 'ulimit -s' on the system is set to 'unlimited'. This may have negative performance implications. Please set the heap size to the default value (10240) 
[1444153670.296301] [node024:17690:0]         sys.c:719  MXM  WARN  Conflicting CPU frequencies detected, using: 2371.50
[1444153670.299454] [node024:17690:0]         mxm.c:185  MXM  WARN  The 'ulimit -s' on the system is set to 'unlimited'. This may have negative performance implications. Please set the heap size to the default value (10240) 
[1444153670.292498] [node026:29928:0]         sys.c:719  MXM  WARN  Conflicting CPU frequencies detected, using: 2097.28
[1444153670.296368] [node026:29928:0]         mxm.c:185  MXM  WARN  The 'ulimit -s' on the system is set to 'unlimited'. This may have negative performance implications. Please set the heap size to the default value (10240) 
[1444153670.291602] [node021:26641:0]         sys.c:719  MXM  WARN  Conflicting CPU frequencies detected, using: 2090.16
[1444153670.295138] [node021:26641:0]         mxm.c:185  MXM  WARN  The 'ulimit -s' on the system is set to 'unlimited'. This may have negative performance implications. Please set the heap size to the default value (10240) 
[1444153670.297911] [node028:14396:0]         sys.c:719  MXM  WARN  Conflicting CPU frequencies detected, using: 1935.19
[1444153670.301264] [node028:14396:0]         mxm.c:185  MXM  WARN  The 'ulimit -s' on the system is set to 'unlimited'. This may have negative performance implications. Please set the heap size to the default value (10240) 
[1444153670.298446] [node028:14395:0]         sys.c:719  MXM  WARN  Conflicting CPU frequencies detected, using: 1935.19
[1444153670.301728] [node028:14395:0]         mxm.c:185  MXM  WARN  The 'ulimit -s' on the system is set to 'unlimited'. This may have negative performance implications. Please set the heap size to the default value (10240) 
[1444153670.286630] [node013:1831 :0]         sys.c:719  MXM  WARN  Conflicting CPU frequencies detected, using: 2190.66
[1444153670.292030] [node013:1831 :0]         mxm.c:185  MXM  WARN  The 'ulimit -s' on the system is set to 'unlimited'. This may have negative performance implications. Please set the heap size to the default value (10240) 
[1444153670.300093] [node027:23649:0]         sys.c:719  MXM  WARN  Conflicting CPU frequencies detected, using: 2091.94
[1444153670.304395] [node027:23649:0]         mxm.c:185  MXM  WARN  The 'ulimit -s' on the system is set to 'unlimited'. This may have negative performance implications. Please set the heap size to the default value (10240) 
[1444153670.303001] [node026:29943:0]         sys.c:719  MXM  WARN  Conflicting CPU frequencies detected, using: 2106.28
[1444153670.306529] [node026:29943:0]         mxm.c:185  MXM  WARN  The 'ulimit -s' on the system is set to 'unlimited'. This may have negative performance implications. Please set the heap size to the default value (10240) 
[1444153670.296065] [node013:1829 :0]         sys.c:719  MXM  WARN  Conflicting CPU frequencies detected, using: 2190.66
[1444153670.302974] [node013:1829 :0]         mxm.c:185  MXM  WARN  The 'ulimit -s' on the system is set to 'unlimited'. This may have negative performance implications. Please set the heap size to the default value (10240) 
[1444153670.295322] [node011:13944:0]         sys.c:719  MXM  WARN  Conflicting CPU frequencies detected, using: 2397.28
[1444153670.303460] [node011:13944:0]         mxm.c:185  MXM  WARN  The 'ulimit -s' on the system is set to 'unlimited'. This may have negative performance implications. Please set the heap size to the default value (10240) 
[1444153670.302251] [node026:29942:0]         sys.c:719  MXM  WARN  Conflicting CPU frequencies detected, using: 2097.28
[1444153670.305136] [node026:29942:0]         mxm.c:185  MXM  WARN  The 'ulimit -s' on the system is set to 'unlimited'. This may have negative performance implications. Please set the heap size to the default value (10240) 
[1444153670.311200] [node021:26665:0]         sys.c:719  MXM  WARN  Conflicting CPU frequencies detected, using: 2090.16
[1444153670.314143] [node021:26665:0]         mxm.c:185  MXM  WARN  The 'ulimit -s' on the system is set to 'unlimited'. This may have negative performance implications. Please set the heap size to the default value (10240) 
[1444153670.319518] [node024:17699:0]         sys.c:719  MXM  WARN  Conflicting CPU frequencies detected, using: 2400.00
[1444153670.322051] [node024:17699:0]         mxm.c:185  MXM  WARN  The 'ulimit -s' on the system is set to 'unlimited'. This may have negative performance implications. Please set the heap size to the default value (10240) 
[1444153670.303142] [node027:23652:0]         sys.c:719  MXM  WARN  Conflicting CPU frequencies detected, using: 2091.94
[1444153670.306776] [node027:23652:0]         mxm.c:185  MXM  WARN  The 'ulimit -s' on the system is set to 'unlimited'. This may have negative performance implications. Please set the heap size to the default value (10240) 
[1444153670.303892] [node027:23655:0]         sys.c:719  MXM  WARN  Conflicting CPU frequencies detected, using: 2091.94
[1444153670.307422] [node027:23655:0]         mxm.c:185  MXM  WARN  The 'ulimit -s' on the system is set to 'unlimited'. This may have negative performance implications. Please set the heap size to the default value (10240) 
[1444153670.305075] [node020:20185:0]         sys.c:719  MXM  WARN  Conflicting CPU frequencies detected, using: 2296.88
[1444153670.311496] [node020:20185:0]         mxm.c:185  MXM  WARN  The 'ulimit -s' on the system is set to 'unlimited'. This may have negative performance implications. Please set the heap size to the default value (10240) 
[1444153670.315900] [node026:29989:0]         sys.c:719  MXM  WARN  Conflicting CPU frequencies detected, using: 2293.97
[1444153670.318887] [node026:29989:0]         mxm.c:185  MXM  WARN  The 'ulimit -s' on the system is set to 'unlimited'. This may have negative performance implications. Please set the heap size to the default value (10240) 
[1444153670.318562] [node021:26725:0]         sys.c:719  MXM  WARN  Conflicting CPU frequencies detected, using: 2384.25
[1444153670.321499] [node021:26725:0]         mxm.c:185  MXM  WARN  The 'ulimit -s' on the system is set to 'unlimited'. This may have negative performance implications. Please set the heap size to the default value (10240) 
[1444153670.313039] [node021:26663:0]         sys.c:719  MXM  WARN  Conflicting CPU frequencies detected, using: 2090.16
[1444153670.316650] [node021:26663:0]         mxm.c:185  MXM  WARN  The 'ulimit -s' on the system is set to 'unlimited'. This may have negative performance implications. Please set the heap size to the default value (10240) 
[1444153670.314965] [node021:26661:0]         sys.c:719  MXM  WARN  Conflicting CPU frequencies detected, using: 2384.25
[1444153670.318886] [node021:26661:0]         mxm.c:185  MXM  WARN  The 'ulimit -s' on the system is set to 'unlimited'. This may have negative performance implications. Please set the heap size to the default value (10240) 
[1444153670.315465] [node028:14419:0]         sys.c:719  MXM  WARN  Conflicting CPU frequencies detected, using: 1999.97
[1444153670.319043] [node028:14419:0]         mxm.c:185  MXM  WARN  The 'ulimit -s' on the system is set to 'unlimited'. This may have negative performance implications. Please set the heap size to the default value (10240) 
[1444153670.318231] [node028:14421:0]         sys.c:719  MXM  WARN  Conflicting CPU frequencies detected, using: 1999.97
[1444153670.320809] [node028:14421:0]         mxm.c:185  MXM  WARN  The 'ulimit -s' on the system is set to 'unlimited'. This may have negative performance implications. Please set the heap size to the default value (10240) 
[1444153670.324274] [node024:17701:0]         sys.c:719  MXM  WARN  Conflicting CPU frequencies detected, using: 2400.00
[1444153670.327163] [node024:17701:0]         mxm.c:185  MXM  WARN  The 'ulimit -s' on the system is set to 'unlimited'. This may have negative performance implications. Please set the heap size to the default value (10240) 
[1444153670.315824] [node014:32057:0]         sys.c:719  MXM  WARN  Conflicting CPU frequencies detected, using: 2198.81
[1444153670.319582] [node014:32057:0]         mxm.c:185  MXM  WARN  The 'ulimit -s' on the system is set to 'unlimited'. This may have negative performance implications. Please set the heap size to the default value (10240) 
[1444153670.322432] [node028:14422:0]         sys.c:719  MXM  WARN  Conflicting CPU frequencies detected, using: 2121.09
[1444153670.325786] [node028:14422:0]         mxm.c:185  MXM  WARN  The 'ulimit -s' on the system is set to 'unlimited'. This may have negative performance implications. Please set the heap size to the default value (10240) 
[1444153670.321924] [node024:17760:0]         sys.c:719  MXM  WARN  Conflicting CPU frequencies detected, using: 2400.00
[1444153670.325236] [node024:17760:0]         mxm.c:185  MXM  WARN  The 'ulimit -s' on the system is set to 'unlimited'. This may have negative performance implications. Please set the heap size to the default value (10240) 
[1444153670.318633] [node024:17691:0]         sys.c:719  MXM  WARN  Conflicting CPU frequencies detected, using: 2400.00
[1444153670.322168] [node024:17691:0]         mxm.c:185  MXM  WARN  The 'ulimit -s' on the system is set to 'unlimited'. This may have negative performance implications. Please set the heap size to the default value (10240) 
[1444153670.305821] [node029:12969:0]         sys.c:719  MXM  WARN  Conflicting CPU frequencies detected, using: 1687.88
[1444153670.309517] [node029:12969:0]         mxm.c:185  MXM  WARN  The 'ulimit -s' on the system is set to 'unlimited'. This may have negative performance implications. Please set the heap size to the default value (10240) 
[1444153670.295125] [node011:13943:0]         sys.c:719  MXM  WARN  Conflicting CPU frequencies detected, using: 2397.28
[1444153670.305223] [node011:13943:0]         mxm.c:185  MXM  WARN  The 'ulimit -s' on the system is set to 'unlimited'. This may have negative performance implications. Please set the heap size to the default value (10240) 
[1444153670.301895] [node012:22952:0]         sys.c:719  MXM  WARN  Conflicting CPU frequencies detected, using: 1918.59
[1444153670.308096] [node012:22952:0]         mxm.c:185  MXM  WARN  The 'ulimit -s' on the system is set to 'unlimited'. This may have negative performance implications. Please set the heap size to the default value (10240) 
[1444153670.301769] [node029:12968:0]         sys.c:719  MXM  WARN  Conflicting CPU frequencies detected, using: 1687.88
[1444153670.305900] [node029:12968:0]         mxm.c:185  MXM  WARN  The 'ulimit -s' on the system is set to 'unlimited'. This may have negative performance implications. Please set the heap size to the default value (10240) 
[1444153670.325355] [node014:32058:0]         sys.c:719  MXM  WARN  Conflicting CPU frequencies detected, using: 2198.81
[1444153670.328878] [node014:32058:0]         mxm.c:185  MXM  WARN  The 'ulimit -s' on the system is set to 'unlimited'. This may have negative performance implications. Please set the heap size to the default value (10240) 
[1444153670.297120] [node011:13974:0]         sys.c:719  MXM  WARN  Conflicting CPU frequencies detected, using: 2392.03
[1444153670.307461] [node011:13974:0]         mxm.c:185  MXM  WARN  The 'ulimit -s' on the system is set to 'unlimited'. This may have negative performance implications. Please set the heap size to the default value (10240) 
[1444153670.298559] [node012:22949:0]         sys.c:719  MXM  WARN  Conflicting CPU frequencies detected, using: 1918.59
[1444153670.304499] [node012:22949:0]         mxm.c:185  MXM  WARN  The 'ulimit -s' on the system is set to 'unlimited'. This may have negative performance implications. Please set the heap size to the default value (10240) 
[1444153670.331573] [node014:32071:0]         sys.c:719  MXM  WARN  Conflicting CPU frequencies detected, using: 2196.84
[1444153670.334956] [node014:32071:0]         mxm.c:185  MXM  WARN  The 'ulimit -s' on the system is set to 'unlimited'. This may have negative performance implications. Please set the heap size to the default value (10240) 
[1444153670.308887] [node012:22967:0]         sys.c:719  MXM  WARN  Conflicting CPU frequencies detected, using: 1903.97
[1444153670.316728] [node012:22967:0]         mxm.c:185  MXM  WARN  The 'ulimit -s' on the system is set to 'unlimited'. This may have negative performance implications. Please set the heap size to the default value (10240) 
[1444153670.321831] [node023:25557:0]         sys.c:719  MXM  WARN  Conflicting CPU frequencies detected, using: 2194.12
[1444153670.327670] [node023:25557:0]         mxm.c:185  MXM  WARN  The 'ulimit -s' on the system is set to 'unlimited'. This may have negative performance implications. Please set the heap size to the default value (10240) 
[1444153670.318569] [node013:1845 :0]         sys.c:719  MXM  WARN  Conflicting CPU frequencies detected, using: 2386.88
[1444153670.324410] [node013:1845 :0]         mxm.c:185  MXM  WARN  The 'ulimit -s' on the system is set to 'unlimited'. This may have negative performance implications. Please set the heap size to the default value (10240) 
[1444153670.327388] [node013:1861 :0]         sys.c:719  MXM  WARN  Conflicting CPU frequencies detected, using: 2386.88
[1444153670.336357] [node013:1861 :0]         mxm.c:185  MXM  WARN  The 'ulimit -s' on the system is set to 'unlimited'. This may have negative performance implications. Please set the heap size to the default value (10240) 
[1444153670.331806] [node013:1915 :0]         sys.c:719  MXM  WARN  Conflicting CPU frequencies detected, using: 2386.88
[1444153670.341201] [node013:1915 :0]         mxm.c:185  MXM  WARN  The 'ulimit -s' on the system is set to 'unlimited'. This may have negative performance implications. Please set the heap size to the default value (10240) 
[1444153670.334237] [node014:32069:0]         sys.c:719  MXM  WARN  Conflicting CPU frequencies detected, using: 2196.84
[1444153670.337673] [node014:32069:0]         mxm.c:185  MXM  WARN  The 'ulimit -s' on the system is set to 'unlimited'. This may have negative performance implications. Please set the heap size to the default value (10240) 
[1444153670.329205] [node013:1862 :0]         sys.c:719  MXM  WARN  Conflicting CPU frequencies detected, using: 2386.88
[1444153670.339655] [node013:1862 :0]         mxm.c:185  MXM  WARN  The 'ulimit -s' on the system is set to 'unlimited'. This may have negative performance implications. Please set the heap size to the default value (10240) 
[1444153670.331384] [node014:32070:0]         sys.c:719  MXM  WARN  Conflicting CPU frequencies detected, using: 2196.84
[1444153670.335519] [node014:32070:0]         mxm.c:185  MXM  WARN  The 'ulimit -s' on the system is set to 'unlimited'. This may have negative performance implications. Please set the heap size to the default value (10240) 
[1444153670.333774] [node029:13001:0]         sys.c:719  MXM  WARN  Conflicting CPU frequencies detected, using: 1716.09
[1444153670.337876] [node029:13001:0]         mxm.c:185  MXM  WARN  The 'ulimit -s' on the system is set to 'unlimited'. This may have negative performance implications. Please set the heap size to the default value (10240) 
[1444153670.335093] [node023:25563:0]         sys.c:719  MXM  WARN  Conflicting CPU frequencies detected, using: 2393.91
[1444153670.344068] [node023:25563:0]         mxm.c:185  MXM  WARN  The 'ulimit -s' on the system is set to 'unlimited'. This may have negative performance implications. Please set the heap size to the default value (10240) 
[1444153670.341252] [node020:20192:0]         sys.c:719  MXM  WARN  Conflicting CPU frequencies detected, using: 2399.91
[1444153670.346012] [node020:20192:0]         mxm.c:185  MXM  WARN  The 'ulimit -s' on the system is set to 'unlimited'. This may have negative performance implications. Please set the heap size to the default value (10240) 
[1444153670.335751] [node023:25583:0]         sys.c:719  MXM  WARN  Conflicting CPU frequencies detected, using: 2393.91
[1444153670.348087] [node023:25583:0]         mxm.c:185  MXM  WARN  The 'ulimit -s' on the system is set to 'unlimited'. This may have negative performance implications. Please set the heap size to the default value (10240) 
[1444153670.348127] [node020:20216:0]         sys.c:719  MXM  WARN  Conflicting CPU frequencies detected, using: 2399.91
[1444153670.359754] [node020:20216:0]         mxm.c:185  MXM  WARN  The 'ulimit -s' on the system is set to 'unlimited'. This may have negative performance implications. Please set the heap size to the default value (10240) 
[1444153670.348512] [node020:20206:0]         sys.c:719  MXM  WARN  Conflicting CPU frequencies detected, using: 2399.91
[1444153670.360746] [node020:20206:0]         mxm.c:185  MXM  WARN  The 'ulimit -s' on the system is set to 'unlimited'. This may have negative performance implications. Please set the heap size to the default value (10240) 
[1444153670.338250] [node023:25564:0]         sys.c:719  MXM  WARN  Conflicting CPU frequencies detected, using: 2393.91
[1444153670.349620] [node023:25564:0]         mxm.c:185  MXM  WARN  The 'ulimit -s' on the system is set to 'unlimited'. This may have negative performance implications. Please set the heap size to the default value (10240) 
[1444153670.336702] [node023:25565:0]         sys.c:719  MXM  WARN  Conflicting CPU frequencies detected, using: 2393.91
[1444153670.348901] [node023:25565:0]         mxm.c:185  MXM  WARN  The 'ulimit -s' on the system is set to 'unlimited'. This may have negative performance implications. Please set the heap size to the default value (10240) 
[1444153670.352472] [node020:20215:0]         sys.c:719  MXM  WARN  Conflicting CPU frequencies detected, using: 2399.91
[1444153670.363804] [node020:20215:0]         mxm.c:185  MXM  WARN  The 'ulimit -s' on the system is set to 'unlimited'. This may have negative performance implications. Please set the heap size to the default value (10240) 
[1444153670.353250] [node020:20202:0]         sys.c:719  MXM  WARN  Conflicting CPU frequencies detected, using: 2399.91
[1444153670.366413] [node020:20202:0]         mxm.c:185  MXM  WARN  The 'ulimit -s' on the system is set to 'unlimited'. This may have negative performance implications. Please set the heap size to the default value (10240) 
[1444153670.343484] [node022:21090:0]         sys.c:719  MXM  WARN  Conflicting CPU frequencies detected, using: 2400.00
[1444153670.354708] [node022:21090:0]         mxm.c:185  MXM  WARN  The 'ulimit -s' on the system is set to 'unlimited'. This may have negative performance implications. Please set the heap size to the default value (10240) 
[1444153670.343919] [node022:21091:0]         sys.c:719  MXM  WARN  Conflicting CPU frequencies detected, using: 2400.00
[1444153670.357970] [node022:21091:0]         mxm.c:185  MXM  WARN  The 'ulimit -s' on the system is set to 'unlimited'. This may have negative performance implications. Please set the heap size to the default value (10240) 
[1444153670.350985] [node022:21157:0]         sys.c:719  MXM  WARN  Conflicting CPU frequencies detected, using: 2400.00
[1444153670.366804] [node022:21157:0]         mxm.c:185  MXM  WARN  The 'ulimit -s' on the system is set to 'unlimited'. This may have negative performance implications. Please set the heap size to the default value (10240) 
[1444153670.343672] [node022:21089:0]         sys.c:719  MXM  WARN  Conflicting CPU frequencies detected, using: 2400.00
[1444153670.359458] [node022:21089:0]         mxm.c:185  MXM  WARN  The 'ulimit -s' on the system is set to 'unlimited'. This may have negative performance implications. Please set the heap size to the default value (10240) 
[1444153670.346541] [node022:21092:0]         sys.c:719  MXM  WARN  Conflicting CPU frequencies detected, using: 2400.00
[1444153670.360996] [node022:21092:0]         mxm.c:185  MXM  WARN  The 'ulimit -s' on the system is set to 'unlimited'. This may have negative performance implications. Please set the heap size to the default value (10240) 
[1444153670.347508] [node022:21156:0]         sys.c:719  MXM  WARN  Conflicting CPU frequencies detected, using: 2400.00
[1444153670.362732] [node022:21156:0]         mxm.c:185  MXM  WARN  The 'ulimit -s' on the system is set to 'unlimited'. This may have negative performance implications. Please set the heap size to the default value (10240) 
UPCR: UPC thread   5 of 128 on node009 (pshm node  0 of 16, process   5 of 128, pid=5361)
UPCR: UPC thread   4 of 128 on node009 (pshm node  0 of 16, process   4 of 128, pid=5360)
UPCR: UPC thread   0 of 128 on node009 (pshm node  0 of 16, process   0 of 128, pid=5356)
UPCR: UPC thread   6 of 128 on node009 (pshm node  0 of 16, process   6 of 128, pid=5362)
UPCR: UPC thread   1 of 128 on node009 (pshm node  0 of 16, process   1 of 128, pid=5357)
UPCR: UPC thread   7 of 128 on node009 (pshm node  0 of 16, process   7 of 128, pid=5363)
UPCR: UPC thread   3 of 128 on node009 (pshm node  0 of 16, process   3 of 128, pid=5359)
UPCR: UPC thread   2 of 128 on node009 (pshm node  0 of 16, process   2 of 128, pid=5358)
UPCR: UPC thread 126 of 128 on node029 (pshm node 15 of 16, process 126 of 128, pid=12969)
UPCR: UPC thread 123 of 128 on node029 (pshm node 15 of 16, process 123 of 128, pid=12893)
UPCR: UPC thread  75 of 128 on node023 (pshm node  9 of 16, process  75 of 128, pid=25507)
UPCR: UPC thread  73 of 128 on node023 (pshm node  9 of 16, process  73 of 128, pid=25565)
UPCR: UPC thread  72 of 128 on node023 (pshm node  9 of 16, process  72 of 128, pid=25484)
UPCR: UPC thread 127 of 128 on node029 (pshm node 15 of 16, process 127 of 128, pid=12849)
UPCR: UPC thread 105 of 128 on node027 (pshm node 13 of 16, process 105 of 128, pid=23649)
UPCR: UPC thread 124 of 128 on node029 (pshm node 15 of 16, process 124 of 128, pid=12943)
UPCR: UPC thread 122 of 128 on node029 (pshm node 15 of 16, process 122 of 128, pid=12857)
UPCR: UPC thread  27 of 128 on node012 (pshm node  3 of 16, process  27 of 128, pid=22831)
UPCR: UPC thread 125 of 128 on node029 (pshm node 15 of 16, process 125 of 128, pid=13001)
UPCR: UPC thread 120 of 128 on node029 (pshm node 15 of 16, process 120 of 128, pid=12968)
UPCR: UPC thread  40 of 128 on node014 (pshm node  5 of 16, process  40 of 128, pid=32058)
UPCR: UPC thread 109 of 128 on node027 (pshm node 13 of 16, process 109 of 128, pid=23652)
UPCR: UPC thread   9 of 128 on node010 (pshm node  1 of 16, process   9 of 128, pid=28070)
UPCR: UPC thread  56 of 128 on node021 (pshm node  7 of 16, process  56 of 128, pid=26641)
UPCR: UPC thread  95 of 128 on node025 (pshm node 11 of 16, process  95 of 128, pid=8389)
UPCR: UPC thread  59 of 128 on node021 (pshm node  7 of 16, process  59 of 128, pid=26615)
UPCR: UPC thread  12 of 128 on node010 (pshm node  1 of 16, process  12 of 128, pid=27987)
UPCR: UPC thread  79 of 128 on node023 (pshm node  9 of 16, process  79 of 128, pid=25563)
UPCR: UPC thread  43 of 128 on node014 (pshm node  5 of 16, process  43 of 128, pid=32071)
UPCR: UPC thread 121 of 128 on node029 (pshm node 15 of 16, process 121 of 128, pid=12848)
UPCR: UPC thread  11 of 128 on node010 (pshm node  1 of 16, process  11 of 128, pid=28036)
UPCR: UPC thread  89 of 128 on node025 (pshm node 11 of 16, process  89 of 128, pid=8461)
UPCR: UPC thread  10 of 128 on node010 (pshm node  1 of 16, process  10 of 128, pid=28076)
UPCR: UPC thread  88 of 128 on node025 (pshm node 11 of 16, process  88 of 128, pid=8436)
UPCR: UPC thread  92 of 128 on node025 (pshm node 11 of 16, process  92 of 128, pid=8460)
UPCR: UPC thread  63 of 128 on node021 (pshm node  7 of 16, process  63 of 128, pid=26592)
UPCR: UPC thread  74 of 128 on node023 (pshm node  9 of 16, process  74 of 128, pid=25583)
UPCR: UPC thread  30 of 128 on node012 (pshm node  3 of 16, process  30 of 128, pid=22949)
UPCR: UPC thread  15 of 128 on node010 (pshm node  1 of 16, process  15 of 128, pid=28156)
UPCR: UPC thread  44 of 128 on node014 (pshm node  5 of 16, process  44 of 128, pid=31989)
UPCR: UPC thread  31 of 128 on node012 (pshm node  3 of 16, process  31 of 128, pid=22903)
UPCR: UPC thread 108 of 128 on node027 (pshm node 13 of 16, process 108 of 128, pid=23655)
UPCR: UPC thread  93 of 128 on node025 (pshm node 11 of 16, process  93 of 128, pid=8550)
UPCR: UPC thread  34 of 128 on node013 (pshm node  4 of 16, process  34 of 128, pid=1861)
UPCR: UPC thread  25 of 128 on node012 (pshm node  3 of 16, process  25 of 128, pid=22879)
UPCR: UPC thread 104 of 128 on node027 (pshm node 13 of 16, process 104 of 128, pid=23563)
UPCR: UPC thread 107 of 128 on node027 (pshm node 13 of 16, process 107 of 128, pid=23539)
UPCR: UPC thread  46 of 128 on node014 (pshm node  5 of 16, process  46 of 128, pid=32070)
UPCR: UPC thread  29 of 128 on node012 (pshm node  3 of 16, process  29 of 128, pid=22967)
UPCR: UPC thread  13 of 128 on node010 (pshm node  1 of 16, process  13 of 128, pid=28002)
UPCR: UPC thread 106 of 128 on node027 (pshm node 13 of 16, process 106 of 128, pid=23634)
UPCR: UPC thread 103 of 128 on node026 (pshm node 12 of 16, process 103 of 128, pid=29848)
UPCR: UPC thread 110 of 128 on node027 (pshm node 13 of 16, process 110 of 128, pid=23611)
UPCR: UPC thread  65 of 128 on node022 (pshm node  8 of 16, process  65 of 128, pid=21157)
UPCR: UPC thread  91 of 128 on node025 (pshm node 11 of 16, process  91 of 128, pid=8390)
UPCR: UPC thread  39 of 128 on node013 (pshm node  4 of 16, process  39 of 128, pid=1829)
UPCR: UPC thread  37 of 128 on node013 (pshm node  4 of 16, process  37 of 128, pid=1862)
UPCR: UPC thread  58 of 128 on node021 (pshm node  7 of 16, process  58 of 128, pid=26640)
UPCR: UPC thread  47 of 128 on node014 (pshm node  5 of 16, process  47 of 128, pid=32000)
UPCR: UPC thread  23 of 128 on node011 (pshm node  2 of 16, process  23 of 128, pid=13944)
UPCR: UPC thread  81 of 128 on node024 (pshm node 10 of 16, process  81 of 128, pid=17690)
UPCR: UPC thread  41 of 128 on node014 (pshm node  5 of 16, process  41 of 128, pid=31984)
UPCR: UPC thread 102 of 128 on node026 (pshm node 12 of 16, process 102 of 128, pid=29878)
UPCR: UPC thread  26 of 128 on node012 (pshm node  3 of 16, process  26 of 128, pid=22854)
UPCR: UPC thread 101 of 128 on node026 (pshm node 12 of 16, process 101 of 128, pid=29943)
UPCR: UPC thread  94 of 128 on node025 (pshm node 11 of 16, process  94 of 128, pid=8516)
UPCR: UPC thread  77 of 128 on node023 (pshm node  9 of 16, process  77 of 128, pid=25564)
UPCR: UPC thread 100 of 128 on node026 (pshm node 12 of 16, process 100 of 128, pid=29942)
UPCR: UPC thread  62 of 128 on node021 (pshm node  7 of 16, process  62 of 128, pid=26725)
UPCR: UPC thread  97 of 128 on node026 (pshm node 12 of 16, process  97 of 128, pid=29989)
UPCR: UPC thread 117 of 128 on node028 (pshm node 14 of 16, process 117 of 128, pid=14422)
UPCR: UPC thread  22 of 128 on node011 (pshm node  2 of 16, process  22 of 128, pid=13890)
UPCR: UPC thread  78 of 128 on node023 (pshm node  9 of 16, process  78 of 128, pid=25557)
UPCR: UPC thread  36 of 128 on node013 (pshm node  4 of 16, process  36 of 128, pid=1775)
UPCR: UPC thread  90 of 128 on node025 (pshm node 11 of 16, process  90 of 128, pid=8472)
UPCR: UPC thread  76 of 128 on node023 (pshm node  9 of 16, process  76 of 128, pid=25533)
UPCR: UPC thread  54 of 128 on node020 (pshm node  6 of 16, process  54 of 128, pid=20206)
UPCR: UPC thread 119 of 128 on node028 (pshm node 14 of 16, process 119 of 128, pid=14421)
UPCR: UPC thread  21 of 128 on node011 (pshm node  2 of 16, process  21 of 128, pid=13974)
UPCR: UPC thread 113 of 128 on node028 (pshm node 14 of 16, process 113 of 128, pid=14323)
UPCR: UPC thread  19 of 128 on node011 (pshm node  2 of 16, process  19 of 128, pid=13823)
UPCR: UPC thread  48 of 128 on node020 (pshm node  6 of 16, process  48 of 128, pid=20177)
UPCR: UPC thread  71 of 128 on node022 (pshm node  8 of 16, process  71 of 128, pid=21156)
UPCR: UPC thread  24 of 128 on node012 (pshm node  3 of 16, process  24 of 128, pid=22920)
UPCR: UPC thread  50 of 128 on node020 (pshm node  6 of 16, process  50 of 128, pid=20192)
UPCR: UPC thread 118 of 128 on node028 (pshm node 14 of 16, process 118 of 128, pid=14396)
UPCR: UPC thread  16 of 128 on node011 (pshm node  2 of 16, process  16 of 128, pid=13871)
UPCR: UPC thread 112 of 128 on node028 (pshm node 14 of 16, process 112 of 128, pid=14419)
UPCR: UPC thread  85 of 128 on node024 (pshm node 10 of 16, process  85 of 128, pid=17760)
UPCR: UPC thread  55 of 128 on node020 (pshm node  6 of 16, process  55 of 128, pid=20185)
UPCR: UPC thread  38 of 128 on node013 (pshm node  4 of 16, process  38 of 128, pid=1915)
UPCR: UPC thread  69 of 128 on node022 (pshm node  8 of 16, process  69 of 128, pid=21090)
UPCR: UPC thread  60 of 128 on node021 (pshm node  7 of 16, process  60 of 128, pid=26661)
UPCR: UPC thread 111 of 128 on node027 (pshm node 13 of 16, process 111 of 128, pid=23561)
UPCR: UPC thread 116 of 128 on node028 (pshm node 14 of 16, process 116 of 128, pid=14370)
UPCR: UPC thread  84 of 128 on node024 (pshm node 10 of 16, process  84 of 128, pid=17701)
UPCR: UPC thread  52 of 128 on node020 (pshm node  6 of 16, process  52 of 128, pid=20215)
UPCR: UPC thread  49 of 128 on node020 (pshm node  6 of 16, process  49 of 128, pid=20202)
UPCR: UPC thread  66 of 128 on node022 (pshm node  8 of 16, process  66 of 128, pid=21092)
UPCR: UPC thread  17 of 128 on node011 (pshm node  2 of 16, process  17 of 128, pid=13889)
UPCR: UPC thread  42 of 128 on node014 (pshm node  5 of 16, process  42 of 128, pid=32069)
UPCR: UPC thread 115 of 128 on node028 (pshm node 14 of 16, process 115 of 128, pid=14395)
UPCR: UPC thread  99 of 128 on node026 (pshm node 12 of 16, process  99 of 128, pid=29918)
UPCR: UPC thread  35 of 128 on node013 (pshm node  4 of 16, process  35 of 128, pid=1845)
UPCR: UPC thread  20 of 128 on node011 (pshm node  2 of 16, process  20 of 128, pid=13943)
UPCR: UPC thread  82 of 128 on node024 (pshm node 10 of 16, process  82 of 128, pid=17643)
UPCR: UPC thread  61 of 128 on node021 (pshm node  7 of 16, process  61 of 128, pid=26663)
UPCR: UPC thread  28 of 128 on node012 (pshm node  3 of 16, process  28 of 128, pid=22952)
UPCR: UPC thread  45 of 128 on node014 (pshm node  5 of 16, process  45 of 128, pid=32057)
UPCR: UPC thread  67 of 128 on node022 (pshm node  8 of 16, process  67 of 128, pid=21039)
UPCR: UPC thread  51 of 128 on node020 (pshm node  6 of 16, process  51 of 128, pid=20216)
UPCR: UPC thread  53 of 128 on node020 (pshm node  6 of 16, process  53 of 128, pid=20154)
UPCR: UPC thread  96 of 128 on node026 (pshm node 12 of 16, process  96 of 128, pid=29928)
UPCR: UPC thread  18 of 128 on node011 (pshm node  2 of 16, process  18 of 128, pid=13840)
UPCR: UPC thread  87 of 128 on node024 (pshm node 10 of 16, process  87 of 128, pid=17665)
UPCR: UPC thread  32 of 128 on node013 (pshm node  4 of 16, process  32 of 128, pid=1831)
UPCR: UPC thread  57 of 128 on node021 (pshm node  7 of 16, process  57 of 128, pid=26665)
UPCR: UPC thread  98 of 128 on node026 (pshm node 12 of 16, process  98 of 128, pid=29872)
UPCR: UPC thread  64 of 128 on node022 (pshm node  8 of 16, process  64 of 128, pid=21089)
UPCR: UPC thread  68 of 128 on node022 (pshm node  8 of 16, process  68 of 128, pid=21091)
UPCR: UPC thread 114 of 128 on node028 (pshm node 14 of 16, process 114 of 128, pid=14324)
UPCR: UPC thread  83 of 128 on node024 (pshm node 10 of 16, process  83 of 128, pid=17691)
UPCR: UPC thread  33 of 128 on node013 (pshm node  4 of 16, process  33 of 128, pid=1792)
UPCR: UPC thread   8 of 128 on node010 (pshm node  1 of 16, process   8 of 128, pid=28116)
UPCR: UPC thread  70 of 128 on node022 (pshm node  8 of 16, process  70 of 128, pid=21057)
UPCR: UPC thread  80 of 128 on node024 (pshm node 10 of 16, process  80 of 128, pid=17620)
UPCR: UPC thread  14 of 128 on node010 (pshm node  1 of 16, process  14 of 128, pid=28037)
UPCR: UPC thread  86 of 128 on node024 (pshm node 10 of 16, process  86 of 128, pid=17699)
Initializing models/schedule_world.2.8-rgs.bdd!
Vector size: 28
Bits per integer: 8
Number of BDD variables: 224
Loading initial states: 
Initial states loaded... 
Loading transition relations... 
28 integers per state, 8 bits per integer, 26 transition groups
BDD nodes:
Initial states: 224 BDD nodes
Transition 0: 230 BDD nodes
Transition 1: 113 BDD nodes
Transition 2: 96 BDD nodes
Transition 3: 96 BDD nodes
Transition 4: 107 BDD nodes
Transition 5: 139 BDD nodes
Transition 6: 96 BDD nodes
Transition 7: 123 BDD nodes
Transition 8: 91 BDD nodes
Transition 9: 848 BDD nodes
Transition 10: 141 BDD nodes
Transition 11: 154 BDD nodes
Transition 12: 281 BDD nodes
Transition 13: 234 BDD nodes
Transition 14: 96 BDD nodes
Transition 15: 113 BDD nodes
Transition 16: 95 BDD nodes
Transition 17: 112 BDD nodes
Transition 18: 96 BDD nodes
Transition 19: 123 BDD nodes
Transition 20: 96 BDD nodes
Transition 21: 107 BDD nodes
Transition 22: 91 BDD nodes
Transition 23: 123 BDD nodes
Transition 24: 91 BDD nodes
Transition 25: 107 BDD nodes
Level 1... done. 
Level 2... done. 
Level 3... done. 
Level 4... done. 
Level 5... done. 
Level 6... done. 
Level 7... done. 
Level 8... done. 
Level 9... done. 
Level 10... done. 
Level 11... done. 
Level 12... done. 
Level 13... done. 
Level 14... done. 
Level 15... done. 
Level 16... done. 
Level 17... done. 
Level 18... done. 
PAR Time: 4.636230
Final states: 1570340 states
Final states: 18779 BDD nodes
[1444153669.088340] [node009:5311 :0]         sys.c:719  MXM  WARN  Conflicting CPU frequencies detected, using: 1399.88
