[1444153488.752826] [node009:4421 :0]         sys.c:719  MXM  WARN  Conflicting CPU frequencies detected, using: 3108.94
[1444153488.808625] [node009:4421 :0]         mxm.c:185  MXM  WARN  The 'ulimit -s' on the system is set to 'unlimited'. This may have negative performance implications. Please set the heap size to the default value (10240) 
[1444153488.754469] [node009:4425 :0]         sys.c:719  MXM  WARN  Conflicting CPU frequencies detected, using: 3108.94
[1444153488.813354] [node009:4425 :0]         mxm.c:185  MXM  WARN  The 'ulimit -s' on the system is set to 'unlimited'. This may have negative performance implications. Please set the heap size to the default value (10240) 
[1444153488.753611] [node009:4423 :0]         sys.c:719  MXM  WARN  Conflicting CPU frequencies detected, using: 3108.94
[1444153488.818111] [node009:4423 :0]         mxm.c:185  MXM  WARN  The 'ulimit -s' on the system is set to 'unlimited'. This may have negative performance implications. Please set the heap size to the default value (10240) 
[1444153488.752757] [node009:4422 :0]         sys.c:719  MXM  WARN  Conflicting CPU frequencies detected, using: 3108.94
[1444153488.828591] [node009:4422 :0]         mxm.c:185  MXM  WARN  The 'ulimit -s' on the system is set to 'unlimited'. This may have negative performance implications. Please set the heap size to the default value (10240) 
[1444153488.753793] [node009:4426 :0]         sys.c:719  MXM  WARN  Conflicting CPU frequencies detected, using: 3108.94
[1444153488.832150] [node009:4426 :0]         mxm.c:185  MXM  WARN  The 'ulimit -s' on the system is set to 'unlimited'. This may have negative performance implications. Please set the heap size to the default value (10240) 
[1444153488.755113] [node009:4427 :0]         sys.c:719  MXM  WARN  Conflicting CPU frequencies detected, using: 3108.94
[1444153488.832153] [node009:4427 :0]         mxm.c:185  MXM  WARN  The 'ulimit -s' on the system is set to 'unlimited'. This may have negative performance implications. Please set the heap size to the default value (10240) 
[1444153488.752861] [node009:4417 :0]         sys.c:719  MXM  WARN  Conflicting CPU frequencies detected, using: 3108.94
[1444153488.832829] [node009:4417 :0]         mxm.c:185  MXM  WARN  The 'ulimit -s' on the system is set to 'unlimited'. This may have negative performance implications. Please set the heap size to the default value (10240) 
[1444153488.753632] [node009:4420 :0]         sys.c:719  MXM  WARN  Conflicting CPU frequencies detected, using: 3108.94
[1444153488.834637] [node009:4420 :0]         mxm.c:185  MXM  WARN  The 'ulimit -s' on the system is set to 'unlimited'. This may have negative performance implications. Please set the heap size to the default value (10240) 
[1444153488.755395] [node009:4428 :0]         sys.c:719  MXM  WARN  Conflicting CPU frequencies detected, using: 3108.94
[1444153488.827822] [node009:4428 :0]         mxm.c:185  MXM  WARN  The 'ulimit -s' on the system is set to 'unlimited'. This may have negative performance implications. Please set the heap size to the default value (10240) 
[1444153488.751779] [node009:4424 :0]         sys.c:719  MXM  WARN  Conflicting CPU frequencies detected, using: 3180.19
[1444153488.822834] [node009:4424 :0]         mxm.c:185  MXM  WARN  The 'ulimit -s' on the system is set to 'unlimited'. This may have negative performance implications. Please set the heap size to the default value (10240) 
[1444153488.753969] [node009:4418 :0]         sys.c:719  MXM  WARN  Conflicting CPU frequencies detected, using: 3108.94
[1444153488.838660] [node009:4418 :0]         mxm.c:185  MXM  WARN  The 'ulimit -s' on the system is set to 'unlimited'. This may have negative performance implications. Please set the heap size to the default value (10240) 
[1444153488.755068] [node009:4419 :0]         sys.c:719  MXM  WARN  Conflicting CPU frequencies detected, using: 3108.94
[1444153488.837074] [node009:4419 :0]         mxm.c:185  MXM  WARN  The 'ulimit -s' on the system is set to 'unlimited'. This may have negative performance implications. Please set the heap size to the default value (10240) 
[1444153489.190412] [node010:26886:0]         sys.c:719  MXM  WARN  Conflicting CPU frequencies detected, using: 2490.66
[1444153489.194659] [node010:26886:0]         mxm.c:185  MXM  WARN  The 'ulimit -s' on the system is set to 'unlimited'. This may have negative performance implications. Please set the heap size to the default value (10240) 
[1444153489.211753] [node011:12718:0]         sys.c:719  MXM  WARN  Conflicting CPU frequencies detected, using: 1694.72
[1444153489.219768] [node011:12718:0]         mxm.c:185  MXM  WARN  The 'ulimit -s' on the system is set to 'unlimited'. This may have negative performance implications. Please set the heap size to the default value (10240) 
[1444153489.213236] [node011:12717:0]         sys.c:719  MXM  WARN  Conflicting CPU frequencies detected, using: 1694.72
[1444153489.220537] [node011:12717:0]         mxm.c:185  MXM  WARN  The 'ulimit -s' on the system is set to 'unlimited'. This may have negative performance implications. Please set the heap size to the default value (10240) 
[1444153489.276964] [node010:26909:0]         sys.c:719  MXM  WARN  Conflicting CPU frequencies detected, using: 1790.06
[1444153489.281355] [node010:26909:0]         mxm.c:185  MXM  WARN  The 'ulimit -s' on the system is set to 'unlimited'. This may have negative performance implications. Please set the heap size to the default value (10240) 
[1444153489.301508] [node010:26927:0]         sys.c:719  MXM  WARN  Conflicting CPU frequencies detected, using: 1750.88
[1444153489.306610] [node010:26927:0]         mxm.c:185  MXM  WARN  The 'ulimit -s' on the system is set to 'unlimited'. This may have negative performance implications. Please set the heap size to the default value (10240) 
[1444153489.549978] [node021:25488:0]         sys.c:719  MXM  WARN  Conflicting CPU frequencies detected, using: 2306.44
[1444153489.553850] [node021:25488:0]         mxm.c:185  MXM  WARN  The 'ulimit -s' on the system is set to 'unlimited'. This may have negative performance implications. Please set the heap size to the default value (10240) 
[1444153489.562191] [node021:25496:0]         sys.c:719  MXM  WARN  Conflicting CPU frequencies detected, using: 2306.44
[1444153489.565520] [node021:25496:0]         mxm.c:185  MXM  WARN  The 'ulimit -s' on the system is set to 'unlimited'. This may have negative performance implications. Please set the heap size to the default value (10240) 
[1444153489.548206] [node012:21728:0]         sys.c:719  MXM  WARN  Conflicting CPU frequencies detected, using: 1835.06
[1444153489.554104] [node012:21728:0]         mxm.c:185  MXM  WARN  The 'ulimit -s' on the system is set to 'unlimited'. This may have negative performance implications. Please set the heap size to the default value (10240) 
[1444153489.552581] [node066:3917 :0]         sys.c:719  MXM  WARN  Conflicting CPU frequencies detected, using: 1695.84
[1444153489.559095] [node066:3917 :0]         mxm.c:185  MXM  WARN  The 'ulimit -s' on the system is set to 'unlimited'. This may have negative performance implications. Please set the heap size to the default value (10240) 
[1444153489.585393] [node012:21745:0]         sys.c:719  MXM  WARN  Conflicting CPU frequencies detected, using: 1835.06
[1444153489.591276] [node012:21745:0]         mxm.c:185  MXM  WARN  The 'ulimit -s' on the system is set to 'unlimited'. This may have negative performance implications. Please set the heap size to the default value (10240) 
[1444153489.610297] [node065:18223:0]         sys.c:719  MXM  WARN  Conflicting CPU frequencies detected, using: 1742.72
[1444153489.615108] [node065:18223:0]         mxm.c:185  MXM  WARN  The 'ulimit -s' on the system is set to 'unlimited'. This may have negative performance implications. Please set the heap size to the default value (10240) 
[1444153489.610122] [node065:18222:0]         sys.c:719  MXM  WARN  Conflicting CPU frequencies detected, using: 1742.72
[1444153489.614307] [node065:18222:0]         mxm.c:185  MXM  WARN  The 'ulimit -s' on the system is set to 'unlimited'. This may have negative performance implications. Please set the heap size to the default value (10240) 
[1444153489.610849] [node066:3937 :0]         sys.c:719  MXM  WARN  Conflicting CPU frequencies detected, using: 1995.94
[1444153489.618184] [node066:3937 :0]         mxm.c:185  MXM  WARN  The 'ulimit -s' on the system is set to 'unlimited'. This may have negative performance implications. Please set the heap size to the default value (10240) 
[1444153489.616401] [node066:3938 :0]         sys.c:719  MXM  WARN  Conflicting CPU frequencies detected, using: 1995.94
[1444153489.622569] [node066:3938 :0]         mxm.c:185  MXM  WARN  The 'ulimit -s' on the system is set to 'unlimited'. This may have negative performance implications. Please set the heap size to the default value (10240) 
[1444153489.610559] [node066:3936 :0]         sys.c:719  MXM  WARN  Conflicting CPU frequencies detected, using: 1995.94
[1444153489.618979] [node066:3936 :0]         mxm.c:185  MXM  WARN  The 'ulimit -s' on the system is set to 'unlimited'. This may have negative performance implications. Please set the heap size to the default value (10240) 
[1444153489.619633] [node065:18233:0]         sys.c:719  MXM  WARN  Conflicting CPU frequencies detected, using: 1742.72
[1444153489.624731] [node065:18233:0]         mxm.c:185  MXM  WARN  The 'ulimit -s' on the system is set to 'unlimited'. This may have negative performance implications. Please set the heap size to the default value (10240) 
[1444153489.666602] [node066:4004 :0]         sys.c:719  MXM  WARN  Conflicting CPU frequencies detected, using: 2293.41
[1444153489.671546] [node066:4004 :0]         mxm.c:185  MXM  WARN  The 'ulimit -s' on the system is set to 'unlimited'. This may have negative performance implications. Please set the heap size to the default value (10240) 
[1444153489.695371] [node022:19934:0]         sys.c:719  MXM  WARN  Conflicting CPU frequencies detected, using: 1437.28
[1444153489.701748] [node022:19934:0]         mxm.c:185  MXM  WARN  The 'ulimit -s' on the system is set to 'unlimited'. This may have negative performance implications. Please set the heap size to the default value (10240) 
[1444153489.691603] [node066:4026 :0]         sys.c:719  MXM  WARN  Conflicting CPU frequencies detected, using: 2399.91
[1444153489.697549] [node066:4026 :0]         mxm.c:185  MXM  WARN  The 'ulimit -s' on the system is set to 'unlimited'. This may have negative performance implications. Please set the heap size to the default value (10240) 
[1444153489.717971] [node013:649  :0]         sys.c:719  MXM  WARN  Conflicting CPU frequencies detected, using: 1563.47
[1444153489.723978] [node013:649  :0]         mxm.c:185  MXM  WARN  The 'ulimit -s' on the system is set to 'unlimited'. This may have negative performance implications. Please set the heap size to the default value (10240) 
[1444153489.691362] [node023:24380:0]         sys.c:719  MXM  WARN  Conflicting CPU frequencies detected, using: 1683.47
[1444153489.696835] [node023:24380:0]         mxm.c:185  MXM  WARN  The 'ulimit -s' on the system is set to 'unlimited'. This may have negative performance implications. Please set the heap size to the default value (10240) 
[1444153489.706001] [node066:4044 :0]         sys.c:719  MXM  WARN  Conflicting CPU frequencies detected, using: 2381.91
[1444153489.712371] [node066:4044 :0]         mxm.c:185  MXM  WARN  The 'ulimit -s' on the system is set to 'unlimited'. This may have negative performance implications. Please set the heap size to the default value (10240) 
[1444153489.707996] [node066:4043 :0]         sys.c:719  MXM  WARN  Conflicting CPU frequencies detected, using: 2381.91
[1444153489.714626] [node066:4043 :0]         mxm.c:185  MXM  WARN  The 'ulimit -s' on the system is set to 'unlimited'. This may have negative performance implications. Please set the heap size to the default value (10240) 
[1444153489.712408] [node023:24388:0]         sys.c:719  MXM  WARN  Conflicting CPU frequencies detected, using: 2096.53
[1444153489.719792] [node023:24388:0]         mxm.c:185  MXM  WARN  The 'ulimit -s' on the system is set to 'unlimited'. This may have negative performance implications. Please set the heap size to the default value (10240) 
[1444153489.702080] [node014:30882:0]         sys.c:719  MXM  WARN  Conflicting CPU frequencies detected, using: 1591.97
[1444153489.706432] [node014:30882:0]         mxm.c:185  MXM  WARN  The 'ulimit -s' on the system is set to 'unlimited'. This may have negative performance implications. Please set the heap size to the default value (10240) 
[1444153489.713495] [node023:24407:0]         sys.c:719  MXM  WARN  Conflicting CPU frequencies detected, using: 2096.53
[1444153489.723883] [node023:24407:0]         mxm.c:185  MXM  WARN  The 'ulimit -s' on the system is set to 'unlimited'. This may have negative performance implications. Please set the heap size to the default value (10240) 
[1444153489.713430] [node023:24389:0]         sys.c:719  MXM  WARN  Conflicting CPU frequencies detected, using: 2096.53
[1444153489.724672] [node023:24389:0]         mxm.c:185  MXM  WARN  The 'ulimit -s' on the system is set to 'unlimited'. This may have negative performance implications. Please set the heap size to the default value (10240) 
[1444153489.711769] [node011:12766:0]         sys.c:719  MXM  WARN  Conflicting CPU frequencies detected, using: 1794.47
[1444153489.719358] [node011:12766:0]         mxm.c:185  MXM  WARN  The 'ulimit -s' on the system is set to 'unlimited'. This may have negative performance implications. Please set the heap size to the default value (10240) 
[1444153489.712601] [node011:12765:0]         sys.c:719  MXM  WARN  Conflicting CPU frequencies detected, using: 1794.47
[1444153489.720150] [node011:12765:0]         mxm.c:185  MXM  WARN  The 'ulimit -s' on the system is set to 'unlimited'. This may have negative performance implications. Please set the heap size to the default value (10240) 
[1444153489.748996] [node065:18295:0]         sys.c:719  MXM  WARN  Conflicting CPU frequencies detected, using: 2110.22
[1444153489.753064] [node065:18295:0]         mxm.c:185  MXM  WARN  The 'ulimit -s' on the system is set to 'unlimited'. This may have negative performance implications. Please set the heap size to the default value (10240) 
[1444153489.748957] [node065:18294:0]         sys.c:719  MXM  WARN  Conflicting CPU frequencies detected, using: 2110.22
[1444153489.752865] [node065:18294:0]         mxm.c:185  MXM  WARN  The 'ulimit -s' on the system is set to 'unlimited'. This may have negative performance implications. Please set the heap size to the default value (10240) 
[1444153489.728262] [node012:21776:0]         sys.c:719  MXM  WARN  Conflicting CPU frequencies detected, using: 1770.66
[1444153489.734334] [node012:21776:0]         mxm.c:185  MXM  WARN  The 'ulimit -s' on the system is set to 'unlimited'. This may have negative performance implications. Please set the heap size to the default value (10240) 
[1444153489.746045] [node011:12798:0]         sys.c:719  MXM  WARN  Conflicting CPU frequencies detected, using: 1858.41
[1444153489.753011] [node011:12798:0]         mxm.c:185  MXM  WARN  The 'ulimit -s' on the system is set to 'unlimited'. This may have negative performance implications. Please set the heap size to the default value (10240) 
[1444153489.750322] [node022:19951:0]         sys.c:719  MXM  WARN  Conflicting CPU frequencies detected, using: 1800.00
[1444153489.756266] [node022:19951:0]         mxm.c:185  MXM  WARN  The 'ulimit -s' on the system is set to 'unlimited'. This may have negative performance implications. Please set the heap size to the default value (10240) 
[1444153489.737803] [node012:21790:0]         sys.c:719  MXM  WARN  Conflicting CPU frequencies detected, using: 1784.62
[1444153489.745237] [node012:21790:0]         mxm.c:185  MXM  WARN  The 'ulimit -s' on the system is set to 'unlimited'. This may have negative performance implications. Please set the heap size to the default value (10240) 
[1444153489.745038] [node013:666  :0]         sys.c:719  MXM  WARN  Conflicting CPU frequencies detected, using: 1800.00
[1444153489.752744] [node013:666  :0]         mxm.c:185  MXM  WARN  The 'ulimit -s' on the system is set to 'unlimited'. This may have negative performance implications. Please set the heap size to the default value (10240) 
[1444153489.779271] [node065:18327:0]         sys.c:719  MXM  WARN  Conflicting CPU frequencies detected, using: 2317.69
[1444153489.782742] [node065:18327:0]         mxm.c:185  MXM  WARN  The 'ulimit -s' on the system is set to 'unlimited'. This may have negative performance implications. Please set the heap size to the default value (10240) 
[1444153489.791819] [node065:18334:0]         sys.c:719  MXM  WARN  Conflicting CPU frequencies detected, using: 2396.44
[1444153489.795311] [node065:18334:0]         mxm.c:185  MXM  WARN  The 'ulimit -s' on the system is set to 'unlimited'. This may have negative performance implications. Please set the heap size to the default value (10240) 
[1444153489.786023] [node012:21814:0]         sys.c:719  MXM  WARN  Conflicting CPU frequencies detected, using: 2381.62
[1444153489.791860] [node012:21814:0]         mxm.c:185  MXM  WARN  The 'ulimit -s' on the system is set to 'unlimited'. This may have negative performance implications. Please set the heap size to the default value (10240) 
[1444153489.790599] [node012:21818:0]         sys.c:719  MXM  WARN  Conflicting CPU frequencies detected, using: 2381.62
[1444153489.796918] [node012:21818:0]         mxm.c:185  MXM  WARN  The 'ulimit -s' on the system is set to 'unlimited'. This may have negative performance implications. Please set the heap size to the default value (10240) 
[1444153489.801915] [node065:18364:0]         sys.c:719  MXM  WARN  Conflicting CPU frequencies detected, using: 2399.91
[1444153489.805140] [node065:18364:0]         mxm.c:185  MXM  WARN  The 'ulimit -s' on the system is set to 'unlimited'. This may have negative performance implications. Please set the heap size to the default value (10240) 
[1444153489.787194] [node013:689  :0]         sys.c:719  MXM  WARN  Conflicting CPU frequencies detected, using: 2199.75
[1444153489.793570] [node013:689  :0]         mxm.c:185  MXM  WARN  The 'ulimit -s' on the system is set to 'unlimited'. This may have negative performance implications. Please set the heap size to the default value (10240) 
[1444153489.792263] [node021:25536:0]         sys.c:719  MXM  WARN  Conflicting CPU frequencies detected, using: 1792.69
[1444153489.796609] [node021:25536:0]         mxm.c:185  MXM  WARN  The 'ulimit -s' on the system is set to 'unlimited'. This may have negative performance implications. Please set the heap size to the default value (10240) 
[1444153489.796537] [node013:696  :0]         sys.c:719  MXM  WARN  Conflicting CPU frequencies detected, using: 2240.72
[1444153489.804518] [node013:696  :0]         mxm.c:185  MXM  WARN  The 'ulimit -s' on the system is set to 'unlimited'. This may have negative performance implications. Please set the heap size to the default value (10240) 
[1444153489.790299] [node022:19976:0]         sys.c:719  MXM  WARN  Conflicting CPU frequencies detected, using: 2099.44
[1444153489.796940] [node022:19976:0]         mxm.c:185  MXM  WARN  The 'ulimit -s' on the system is set to 'unlimited'. This may have negative performance implications. Please set the heap size to the default value (10240) 
[1444153489.793262] [node022:19977:0]         sys.c:719  MXM  WARN  Conflicting CPU frequencies detected, using: 2099.44
[1444153489.799450] [node022:19977:0]         mxm.c:185  MXM  WARN  The 'ulimit -s' on the system is set to 'unlimited'. This may have negative performance implications. Please set the heap size to the default value (10240) 
[1444153489.794223] [node010:26958:0]         sys.c:719  MXM  WARN  Conflicting CPU frequencies detected, using: 1864.50
[1444153489.798128] [node010:26958:0]         mxm.c:185  MXM  WARN  The 'ulimit -s' on the system is set to 'unlimited'. This may have negative performance implications. Please set the heap size to the default value (10240) 
[1444153489.798327] [node022:19988:0]         sys.c:719  MXM  WARN  Conflicting CPU frequencies detected, using: 2195.91
[1444153489.806699] [node022:19988:0]         mxm.c:185  MXM  WARN  The 'ulimit -s' on the system is set to 'unlimited'. This may have negative performance implications. Please set the heap size to the default value (10240) 
[1444153489.787765] [node020:19051:0]         sys.c:719  MXM  WARN  Conflicting CPU frequencies detected, using: 1727.16
[1444153489.794648] [node020:19051:0]         mxm.c:185  MXM  WARN  The 'ulimit -s' on the system is set to 'unlimited'. This may have negative performance implications. Please set the heap size to the default value (10240) 
[1444153489.806797] [node010:26976:0]         sys.c:719  MXM  WARN  Conflicting CPU frequencies detected, using: 1912.88
[1444153489.810996] [node010:26976:0]         mxm.c:185  MXM  WARN  The 'ulimit -s' on the system is set to 'unlimited'. This may have negative performance implications. Please set the heap size to the default value (10240) 
[1444153489.829397] [node065:18389:0]         sys.c:719  MXM  WARN  Conflicting CPU frequencies detected, using: 2400.00
[1444153489.832346] [node065:18389:0]         mxm.c:185  MXM  WARN  The 'ulimit -s' on the system is set to 'unlimited'. This may have negative performance implications. Please set the heap size to the default value (10240) 
[1444153489.829395] [node065:18388:0]         sys.c:719  MXM  WARN  Conflicting CPU frequencies detected, using: 2400.00
[1444153489.832445] [node065:18388:0]         mxm.c:185  MXM  WARN  The 'ulimit -s' on the system is set to 'unlimited'. This may have negative performance implications. Please set the heap size to the default value (10240) 
[1444153489.802365] [node010:26964:0]         sys.c:719  MXM  WARN  Conflicting CPU frequencies detected, using: 1899.94
[1444153489.807488] [node010:26964:0]         mxm.c:185  MXM  WARN  The 'ulimit -s' on the system is set to 'unlimited'. This may have negative performance implications. Please set the heap size to the default value (10240) 
[1444153489.836456] [node010:27009:0]         sys.c:719  MXM  WARN  Conflicting CPU frequencies detected, using: 2042.25
[1444153489.839793] [node010:27009:0]         mxm.c:185  MXM  WARN  The 'ulimit -s' on the system is set to 'unlimited'. This may have negative performance implications. Please set the heap size to the default value (10240) 
[1444153489.834640] [node014:30906:0]         sys.c:719  MXM  WARN  Conflicting CPU frequencies detected, using: 2007.75
[1444153489.839490] [node014:30906:0]         mxm.c:185  MXM  WARN  The 'ulimit -s' on the system is set to 'unlimited'. This may have negative performance implications. Please set the heap size to the default value (10240) 
[1444153489.844604] [node065:18436:0]         sys.c:719  MXM  WARN  Conflicting CPU frequencies detected, using: 2400.00
[1444153489.847759] [node065:18436:0]         mxm.c:185  MXM  WARN  The 'ulimit -s' on the system is set to 'unlimited'. This may have negative performance implications. Please set the heap size to the default value (10240) 
[1444153489.834444] [node023:24477:0]         sys.c:719  MXM  WARN  Conflicting CPU frequencies detected, using: 2400.09
[1444153489.840845] [node023:24477:0]         mxm.c:185  MXM  WARN  The 'ulimit -s' on the system is set to 'unlimited'. This may have negative performance implications. Please set the heap size to the default value (10240) 
[1444153489.834546] [node066:4110 :0]         sys.c:719  MXM  WARN  Conflicting CPU frequencies detected, using: 2400.00
[1444153489.840158] [node066:4110 :0]         mxm.c:185  MXM  WARN  The 'ulimit -s' on the system is set to 'unlimited'. This may have negative performance implications. Please set the heap size to the default value (10240) 
[1444153489.849275] [node021:25556:0]         sys.c:719  MXM  WARN  Conflicting CPU frequencies detected, using: 2298.75
[1444153489.853013] [node021:25556:0]         mxm.c:185  MXM  WARN  The 'ulimit -s' on the system is set to 'unlimited'. This may have negative performance implications. Please set the heap size to the default value (10240) 
[1444153489.846239] [node021:25557:0]         sys.c:719  MXM  WARN  Conflicting CPU frequencies detected, using: 2197.59
[1444153489.850256] [node021:25557:0]         mxm.c:185  MXM  WARN  The 'ulimit -s' on the system is set to 'unlimited'. This may have negative performance implications. Please set the heap size to the default value (10240) 
[1444153489.836663] [node022:20032:0]         sys.c:719  MXM  WARN  Conflicting CPU frequencies detected, using: 2395.22
[1444153489.843074] [node022:20032:0]         mxm.c:185  MXM  WARN  The 'ulimit -s' on the system is set to 'unlimited'. This may have negative performance implications. Please set the heap size to the default value (10240) 
[1444153489.851999] [node010:27015:0]         sys.c:719  MXM  WARN  Conflicting CPU frequencies detected, using: 2193.84
[1444153489.855583] [node010:27015:0]         mxm.c:185  MXM  WARN  The 'ulimit -s' on the system is set to 'unlimited'. This may have negative performance implications. Please set the heap size to the default value (10240) 
[1444153489.840511] [node013:731  :0]         sys.c:719  MXM  WARN  Conflicting CPU frequencies detected, using: 2400.00
[1444153489.847672] [node013:731  :0]         mxm.c:185  MXM  WARN  The 'ulimit -s' on the system is set to 'unlimited'. This may have negative performance implications. Please set the heap size to the default value (10240) 
[1444153489.843697] [node023:24483:0]         sys.c:719  MXM  WARN  Conflicting CPU frequencies detected, using: 2400.09
[1444153489.850988] [node023:24483:0]         mxm.c:185  MXM  WARN  The 'ulimit -s' on the system is set to 'unlimited'. This may have negative performance implications. Please set the heap size to the default value (10240) 
[1444153489.837058] [node011:12837:0]         sys.c:719  MXM  WARN  Conflicting CPU frequencies detected, using: 2396.34
[1444153489.844176] [node011:12837:0]         mxm.c:185  MXM  WARN  The 'ulimit -s' on the system is set to 'unlimited'. This may have negative performance implications. Please set the heap size to the default value (10240) 
[1444153489.836669] [node066:4111 :0]         sys.c:719  MXM  WARN  Conflicting CPU frequencies detected, using: 2400.00
[1444153489.843404] [node066:4111 :0]         mxm.c:185  MXM  WARN  The 'ulimit -s' on the system is set to 'unlimited'. This may have negative performance implications. Please set the heap size to the default value (10240) 
[1444153489.850753] [node011:12838:0]         sys.c:719  MXM  WARN  Conflicting CPU frequencies detected, using: 2400.00
[1444153489.856703] [node011:12838:0]         mxm.c:185  MXM  WARN  The 'ulimit -s' on the system is set to 'unlimited'. This may have negative performance implications. Please set the heap size to the default value (10240) 
[1444153489.862307] [node014:30918:0]         sys.c:719  MXM  WARN  Conflicting CPU frequencies detected, using: 2392.50
[1444153489.867040] [node014:30918:0]         mxm.c:185  MXM  WARN  The 'ulimit -s' on the system is set to 'unlimited'. This may have negative performance implications. Please set the heap size to the default value (10240) 
[1444153489.841720] [node013:737  :0]         sys.c:719  MXM  WARN  Conflicting CPU frequencies detected, using: 2400.00
[1444153489.850180] [node013:737  :0]         mxm.c:185  MXM  WARN  The 'ulimit -s' on the system is set to 'unlimited'. This may have negative performance implications. Please set the heap size to the default value (10240) 
[1444153489.845929] [node013:733  :0]         sys.c:719  MXM  WARN  Conflicting CPU frequencies detected, using: 2400.00
[1444153489.853671] [node013:733  :0]         mxm.c:185  MXM  WARN  The 'ulimit -s' on the system is set to 'unlimited'. This may have negative performance implications. Please set the heap size to the default value (10240) 
[1444153489.862155] [node010:27029:0]         sys.c:719  MXM  WARN  Conflicting CPU frequencies detected, using: 2194.41
[1444153489.865331] [node010:27029:0]         mxm.c:185  MXM  WARN  The 'ulimit -s' on the system is set to 'unlimited'. This may have negative performance implications. Please set the heap size to the default value (10240) 
[1444153489.840921] [node020:19071:0]         sys.c:719  MXM  WARN  Conflicting CPU frequencies detected, using: 2011.03
[1444153489.850475] [node020:19071:0]         mxm.c:185  MXM  WARN  The 'ulimit -s' on the system is set to 'unlimited'. This may have negative performance implications. Please set the heap size to the default value (10240) 
[1444153489.850113] [node066:4145 :0]         sys.c:719  MXM  WARN  Conflicting CPU frequencies detected, using: 2400.00
[1444153489.856397] [node066:4145 :0]         mxm.c:185  MXM  WARN  The 'ulimit -s' on the system is set to 'unlimited'. This may have negative performance implications. Please set the heap size to the default value (10240) 
[1444153489.864721] [node022:20046:0]         sys.c:719  MXM  WARN  Conflicting CPU frequencies detected, using: 2400.00
[1444153489.870326] [node022:20046:0]         mxm.c:185  MXM  WARN  The 'ulimit -s' on the system is set to 'unlimited'. This may have negative performance implications. Please set the heap size to the default value (10240) 
[1444153489.841469] [node020:19072:0]         sys.c:719  MXM  WARN  Conflicting CPU frequencies detected, using: 2011.03
[1444153489.852195] [node020:19072:0]         mxm.c:185  MXM  WARN  The 'ulimit -s' on the system is set to 'unlimited'. This may have negative performance implications. Please set the heap size to the default value (10240) 
[1444153489.857605] [node012:21862:0]         sys.c:719  MXM  WARN  Conflicting CPU frequencies detected, using: 2313.47
[1444153489.864130] [node012:21862:0]         mxm.c:185  MXM  WARN  The 'ulimit -s' on the system is set to 'unlimited'. This may have negative performance implications. Please set the heap size to the default value (10240) 
[1444153489.856415] [node066:4146 :0]         sys.c:719  MXM  WARN  Conflicting CPU frequencies detected, using: 2400.00
[1444153489.861818] [node066:4146 :0]         mxm.c:185  MXM  WARN  The 'ulimit -s' on the system is set to 'unlimited'. This may have negative performance implications. Please set the heap size to the default value (10240) 
[1444153489.875406] [node010:27074:0]         sys.c:719  MXM  WARN  Conflicting CPU frequencies detected, using: 2377.88
[1444153489.878907] [node010:27074:0]         mxm.c:185  MXM  WARN  The 'ulimit -s' on the system is set to 'unlimited'. This may have negative performance implications. Please set the heap size to the default value (10240) 
[1444153489.858662] [node012:21864:0]         sys.c:719  MXM  WARN  Conflicting CPU frequencies detected, using: 2313.47
[1444153489.866579] [node012:21864:0]         mxm.c:185  MXM  WARN  The 'ulimit -s' on the system is set to 'unlimited'. This may have negative performance implications. Please set the heap size to the default value (10240) 
[1444153489.842826] [node020:19070:0]         sys.c:719  MXM  WARN  Conflicting CPU frequencies detected, using: 2011.03
[1444153489.854095] [node020:19070:0]         mxm.c:185  MXM  WARN  The 'ulimit -s' on the system is set to 'unlimited'. This may have negative performance implications. Please set the heap size to the default value (10240) 
[1444153489.861831] [node012:21863:0]         sys.c:719  MXM  WARN  Conflicting CPU frequencies detected, using: 2400.00
[1444153489.869237] [node012:21863:0]         mxm.c:185  MXM  WARN  The 'ulimit -s' on the system is set to 'unlimited'. This may have negative performance implications. Please set the heap size to the default value (10240) 
[1444153489.877295] [node010:27073:0]         sys.c:719  MXM  WARN  Conflicting CPU frequencies detected, using: 2377.88
[1444153489.880256] [node010:27073:0]         mxm.c:185  MXM  WARN  The 'ulimit -s' on the system is set to 'unlimited'. This may have negative performance implications. Please set the heap size to the default value (10240) 
[1444153489.869011] [node022:20047:0]         sys.c:719  MXM  WARN  Conflicting CPU frequencies detected, using: 2400.00
[1444153489.873929] [node022:20047:0]         mxm.c:185  MXM  WARN  The 'ulimit -s' on the system is set to 'unlimited'. This may have negative performance implications. Please set the heap size to the default value (10240) 
[1444153489.875085] [node010:27051:0]         sys.c:719  MXM  WARN  Conflicting CPU frequencies detected, using: 2377.88
[1444153489.879017] [node010:27051:0]         mxm.c:185  MXM  WARN  The 'ulimit -s' on the system is set to 'unlimited'. This may have negative performance implications. Please set the heap size to the default value (10240) 
[1444153489.879005] [node013:789  :0]         sys.c:719  MXM  WARN  Conflicting CPU frequencies detected, using: 2400.28
[1444153489.883840] [node013:789  :0]         mxm.c:185  MXM  WARN  The 'ulimit -s' on the system is set to 'unlimited'. This may have negative performance implications. Please set the heap size to the default value (10240) 
[1444153489.891993] [node065:18480:0]         sys.c:719  MXM  WARN  Conflicting CPU frequencies detected, using: 2400.00
[1444153489.895162] [node065:18480:0]         mxm.c:185  MXM  WARN  The 'ulimit -s' on the system is set to 'unlimited'. This may have negative performance implications. Please set the heap size to the default value (10240) 
[1444153489.899940] [node014:30927:0]         sys.c:719  MXM  WARN  Conflicting CPU frequencies detected, using: 2399.91
[1444153489.903679] [node014:30927:0]         mxm.c:185  MXM  WARN  The 'ulimit -s' on the system is set to 'unlimited'. This may have negative performance implications. Please set the heap size to the default value (10240) 
[1444153489.878259] [node012:21923:0]         sys.c:719  MXM  WARN  Conflicting CPU frequencies detected, using: 2400.00
[1444153489.885509] [node012:21923:0]         mxm.c:185  MXM  WARN  The 'ulimit -s' on the system is set to 'unlimited'. This may have negative performance implications. Please set the heap size to the default value (10240) 
[1444153489.878519] [node012:21924:0]         sys.c:719  MXM  WARN  Conflicting CPU frequencies detected, using: 2400.00
[1444153489.886437] [node012:21924:0]         mxm.c:185  MXM  WARN  The 'ulimit -s' on the system is set to 'unlimited'. This may have negative performance implications. Please set the heap size to the default value (10240) 
[1444153489.882913] [node012:21925:0]         sys.c:719  MXM  WARN  Conflicting CPU frequencies detected, using: 2400.00
[1444153489.895567] [node012:21925:0]         mxm.c:185  MXM  WARN  The 'ulimit -s' on the system is set to 'unlimited'. This may have negative performance implications. Please set the heap size to the default value (10240) 
[1444153489.886926] [node013:804  :0]         sys.c:719  MXM  WARN  Conflicting CPU frequencies detected, using: 2400.00
[1444153489.895897] [node013:804  :0]         mxm.c:185  MXM  WARN  The 'ulimit -s' on the system is set to 'unlimited'. This may have negative performance implications. Please set the heap size to the default value (10240) 
[1444153489.883788] [node022:20101:0]         sys.c:719  MXM  WARN  Conflicting CPU frequencies detected, using: 2400.00
[1444153489.891465] [node022:20101:0]         mxm.c:185  MXM  WARN  The 'ulimit -s' on the system is set to 'unlimited'. This may have negative performance implications. Please set the heap size to the default value (10240) 
[1444153489.914487] [node021:25587:0]         sys.c:719  MXM  WARN  Conflicting CPU frequencies detected, using: 2400.00
[1444153489.917811] [node021:25587:0]         mxm.c:185  MXM  WARN  The 'ulimit -s' on the system is set to 'unlimited'. This may have negative performance implications. Please set the heap size to the default value (10240) 
[1444153489.883887] [node022:20099:0]         sys.c:719  MXM  WARN  Conflicting CPU frequencies detected, using: 2400.00
[1444153489.893013] [node022:20099:0]         mxm.c:185  MXM  WARN  The 'ulimit -s' on the system is set to 'unlimited'. This may have negative performance implications. Please set the heap size to the default value (10240) 
[1444153489.876470] [node022:20054:0]         sys.c:719  MXM  WARN  Conflicting CPU frequencies detected, using: 2399.91
[1444153489.882806] [node022:20054:0]         mxm.c:185  MXM  WARN  The 'ulimit -s' on the system is set to 'unlimited'. This may have negative performance implications. Please set the heap size to the default value (10240) 
[1444153489.898874] [node023:24504:0]         sys.c:719  MXM  WARN  Conflicting CPU frequencies detected, using: 2400.00
[1444153489.904313] [node023:24504:0]         mxm.c:185  MXM  WARN  The 'ulimit -s' on the system is set to 'unlimited'. This may have negative performance implications. Please set the heap size to the default value (10240) 
[1444153489.888853] [node013:802  :0]         sys.c:719  MXM  WARN  Conflicting CPU frequencies detected, using: 2400.00
[1444153489.899651] [node013:802  :0]         mxm.c:185  MXM  WARN  The 'ulimit -s' on the system is set to 'unlimited'. This may have negative performance implications. Please set the heap size to the default value (10240) 
[1444153489.889529] [node013:805  :0]         sys.c:719  MXM  WARN  Conflicting CPU frequencies detected, using: 2400.00
[1444153489.900627] [node013:805  :0]         mxm.c:185  MXM  WARN  The 'ulimit -s' on the system is set to 'unlimited'. This may have negative performance implications. Please set the heap size to the default value (10240) 
[1444153489.920499] [node021:25600:0]         sys.c:719  MXM  WARN  Conflicting CPU frequencies detected, using: 2399.91
[1444153489.923565] [node021:25600:0]         mxm.c:185  MXM  WARN  The 'ulimit -s' on the system is set to 'unlimited'. This may have negative performance implications. Please set the heap size to the default value (10240) 
[1444153489.892379] [node011:12857:0]         sys.c:719  MXM  WARN  Conflicting CPU frequencies detected, using: 2253.28
[1444153489.897739] [node011:12857:0]         mxm.c:185  MXM  WARN  The 'ulimit -s' on the system is set to 'unlimited'. This may have negative performance implications. Please set the heap size to the default value (10240) 
[1444153489.890054] [node013:873  :0]         sys.c:719  MXM  WARN  Conflicting CPU frequencies detected, using: 2400.00
[1444153489.904660] [node013:873  :0]         mxm.c:185  MXM  WARN  The 'ulimit -s' on the system is set to 'unlimited'. This may have negative performance implications. Please set the heap size to the default value (10240) 
[1444153489.886815] [node022:20162:0]         sys.c:719  MXM  WARN  Conflicting CPU frequencies detected, using: 2400.00
[1444153489.896515] [node022:20162:0]         mxm.c:185  MXM  WARN  The 'ulimit -s' on the system is set to 'unlimited'. This may have negative performance implications. Please set the heap size to the default value (10240) 
[1444153489.897046] [node011:12874:0]         sys.c:719  MXM  WARN  Conflicting CPU frequencies detected, using: 2212.12
[1444153489.904707] [node011:12874:0]         mxm.c:185  MXM  WARN  The 'ulimit -s' on the system is set to 'unlimited'. This may have negative performance implications. Please set the heap size to the default value (10240) 
[1444153489.899206] [node023:24493:0]         sys.c:719  MXM  WARN  Conflicting CPU frequencies detected, using: 2400.00
[1444153489.907326] [node023:24493:0]         mxm.c:185  MXM  WARN  The 'ulimit -s' on the system is set to 'unlimited'. This may have negative performance implications. Please set the heap size to the default value (10240) 
[1444153489.926079] [node021:25659:0]         sys.c:719  MXM  WARN  Conflicting CPU frequencies detected, using: 2400.00
[1444153489.929836] [node021:25659:0]         mxm.c:185  MXM  WARN  The 'ulimit -s' on the system is set to 'unlimited'. This may have negative performance implications. Please set the heap size to the default value (10240) 
[1444153489.926718] [node021:25603:0]         sys.c:719  MXM  WARN  Conflicting CPU frequencies detected, using: 2400.00
[1444153489.930058] [node021:25603:0]         mxm.c:185  MXM  WARN  The 'ulimit -s' on the system is set to 'unlimited'. This may have negative performance implications. Please set the heap size to the default value (10240) 
[1444153489.926519] [node021:25601:0]         sys.c:719  MXM  WARN  Conflicting CPU frequencies detected, using: 2400.00
[1444153489.930149] [node021:25601:0]         mxm.c:185  MXM  WARN  The 'ulimit -s' on the system is set to 'unlimited'. This may have negative performance implications. Please set the heap size to the default value (10240) 
[1444153489.925769] [node021:25602:0]         sys.c:719  MXM  WARN  Conflicting CPU frequencies detected, using: 2399.91
[1444153489.930245] [node021:25602:0]         mxm.c:185  MXM  WARN  The 'ulimit -s' on the system is set to 'unlimited'. This may have negative performance implications. Please set the heap size to the default value (10240) 
[1444153489.900299] [node011:12881:0]         sys.c:719  MXM  WARN  Conflicting CPU frequencies detected, using: 2212.12
[1444153489.911353] [node011:12881:0]         mxm.c:185  MXM  WARN  The 'ulimit -s' on the system is set to 'unlimited'. This may have negative performance implications. Please set the heap size to the default value (10240) 
[1444153489.906768] [node023:24535:0]         sys.c:719  MXM  WARN  Conflicting CPU frequencies detected, using: 2400.00
[1444153489.917183] [node023:24535:0]         mxm.c:185  MXM  WARN  The 'ulimit -s' on the system is set to 'unlimited'. This may have negative performance implications. Please set the heap size to the default value (10240) 
[1444153489.904299] [node023:24511:0]         sys.c:719  MXM  WARN  Conflicting CPU frequencies detected, using: 2400.00
[1444153489.912308] [node023:24511:0]         mxm.c:185  MXM  WARN  The 'ulimit -s' on the system is set to 'unlimited'. This may have negative performance implications. Please set the heap size to the default value (10240) 
[1444153489.933545] [node021:25695:0]         sys.c:719  MXM  WARN  Conflicting CPU frequencies detected, using: 2400.00
[1444153489.937528] [node021:25695:0]         mxm.c:185  MXM  WARN  The 'ulimit -s' on the system is set to 'unlimited'. This may have negative performance implications. Please set the heap size to the default value (10240) 
[1444153489.899533] [node011:12877:0]         sys.c:719  MXM  WARN  Conflicting CPU frequencies detected, using: 2212.12
[1444153489.914516] [node011:12877:0]         mxm.c:185  MXM  WARN  The 'ulimit -s' on the system is set to 'unlimited'. This may have negative performance implications. Please set the heap size to the default value (10240) 
[1444153489.897734] [node011:12858:0]         sys.c:719  MXM  WARN  Conflicting CPU frequencies detected, using: 2212.12
[1444153489.912978] [node011:12858:0]         mxm.c:185  MXM  WARN  The 'ulimit -s' on the system is set to 'unlimited'. This may have negative performance implications. Please set the heap size to the default value (10240) 
[1444153489.938494] [node014:30943:0]         sys.c:719  MXM  WARN  Conflicting CPU frequencies detected, using: 2400.00
[1444153489.941309] [node014:30943:0]         mxm.c:185  MXM  WARN  The 'ulimit -s' on the system is set to 'unlimited'. This may have negative performance implications. Please set the heap size to the default value (10240) 
[1444153489.938087] [node014:30941:0]         sys.c:719  MXM  WARN  Conflicting CPU frequencies detected, using: 2400.00
[1444153489.940991] [node014:30941:0]         mxm.c:185  MXM  WARN  The 'ulimit -s' on the system is set to 'unlimited'. This may have negative performance implications. Please set the heap size to the default value (10240) 
[1444153489.938977] [node014:30942:0]         sys.c:719  MXM  WARN  Conflicting CPU frequencies detected, using: 2400.00
[1444153489.942140] [node014:30942:0]         mxm.c:185  MXM  WARN  The 'ulimit -s' on the system is set to 'unlimited'. This may have negative performance implications. Please set the heap size to the default value (10240) 
[1444153489.912749] [node023:24576:0]         sys.c:719  MXM  WARN  Conflicting CPU frequencies detected, using: 2400.00
[1444153489.929011] [node023:24576:0]         mxm.c:185  MXM  WARN  The 'ulimit -s' on the system is set to 'unlimited'. This may have negative performance implications. Please set the heap size to the default value (10240) 
[1444153489.952631] [node014:31004:0]         sys.c:719  MXM  WARN  Conflicting CPU frequencies detected, using: 2400.00
[1444153489.955983] [node014:31004:0]         mxm.c:185  MXM  WARN  The 'ulimit -s' on the system is set to 'unlimited'. This may have negative performance implications. Please set the heap size to the default value (10240) 
[1444153489.915170] [node023:24551:0]         sys.c:719  MXM  WARN  Conflicting CPU frequencies detected, using: 2400.00
[1444153489.930635] [node023:24551:0]         mxm.c:185  MXM  WARN  The 'ulimit -s' on the system is set to 'unlimited'. This may have negative performance implications. Please set the heap size to the default value (10240) 
[1444153489.957758] [node014:31033:0]         sys.c:719  MXM  WARN  Conflicting CPU frequencies detected, using: 2400.00
[1444153489.962270] [node014:31033:0]         mxm.c:185  MXM  WARN  The 'ulimit -s' on the system is set to 'unlimited'. This may have negative performance implications. Please set the heap size to the default value (10240) 
[1444153489.959383] [node014:31037:0]         sys.c:719  MXM  WARN  Conflicting CPU frequencies detected, using: 2400.00
[1444153489.963134] [node014:31037:0]         mxm.c:185  MXM  WARN  The 'ulimit -s' on the system is set to 'unlimited'. This may have negative performance implications. Please set the heap size to the default value (10240) 
[1444153489.959564] [node014:31015:0]         sys.c:719  MXM  WARN  Conflicting CPU frequencies detected, using: 2400.00
[1444153489.963439] [node014:31015:0]         mxm.c:185  MXM  WARN  The 'ulimit -s' on the system is set to 'unlimited'. This may have negative performance implications. Please set the heap size to the default value (10240) 
[1444153489.958632] [node014:31027:0]         sys.c:719  MXM  WARN  Conflicting CPU frequencies detected, using: 2400.00
[1444153489.962682] [node014:31027:0]         mxm.c:185  MXM  WARN  The 'ulimit -s' on the system is set to 'unlimited'. This may have negative performance implications. Please set the heap size to the default value (10240) 
[1444153489.940461] [node020:19131:0]         sys.c:719  MXM  WARN  Conflicting CPU frequencies detected, using: 2400.00
[1444153489.952058] [node020:19131:0]         mxm.c:185  MXM  WARN  The 'ulimit -s' on the system is set to 'unlimited'. This may have negative performance implications. Please set the heap size to the default value (10240) 
[1444153489.940024] [node020:19133:0]         sys.c:719  MXM  WARN  Conflicting CPU frequencies detected, using: 2400.00
[1444153489.956815] [node020:19133:0]         mxm.c:185  MXM  WARN  The 'ulimit -s' on the system is set to 'unlimited'. This may have negative performance implications. Please set the heap size to the default value (10240) 
[1444153489.941070] [node020:19135:0]         sys.c:719  MXM  WARN  Conflicting CPU frequencies detected, using: 2400.00
[1444153489.966364] [node020:19135:0]         mxm.c:185  MXM  WARN  The 'ulimit -s' on the system is set to 'unlimited'. This may have negative performance implications. Please set the heap size to the default value (10240) 
[1444153489.941452] [node020:19255:0]         sys.c:719  MXM  WARN  Conflicting CPU frequencies detected, using: 2400.00
[1444153489.961482] [node020:19255:0]         mxm.c:185  MXM  WARN  The 'ulimit -s' on the system is set to 'unlimited'. This may have negative performance implications. Please set the heap size to the default value (10240) 
[1444153489.944101] [node020:19134:0]         sys.c:719  MXM  WARN  Conflicting CPU frequencies detected, using: 2400.00
[1444153489.964706] [node020:19134:0]         mxm.c:185  MXM  WARN  The 'ulimit -s' on the system is set to 'unlimited'. This may have negative performance implications. Please set the heap size to the default value (10240) 
[1444153489.942732] [node020:19132:0]         sys.c:719  MXM  WARN  Conflicting CPU frequencies detected, using: 2400.00
[1444153489.967346] [node020:19132:0]         mxm.c:185  MXM  WARN  The 'ulimit -s' on the system is set to 'unlimited'. This may have negative performance implications. Please set the heap size to the default value (10240) 
[1444153489.940667] [node020:19137:0]         sys.c:719  MXM  WARN  Conflicting CPU frequencies detected, using: 2400.00
[1444153489.969717] [node020:19137:0]         mxm.c:185  MXM  WARN  The 'ulimit -s' on the system is set to 'unlimited'. This may have negative performance implications. Please set the heap size to the default value (10240) 
[1444153489.947422] [node020:19136:0]         sys.c:719  MXM  WARN  Conflicting CPU frequencies detected, using: 2400.00
[1444153489.969003] [node020:19136:0]         mxm.c:185  MXM  WARN  The 'ulimit -s' on the system is set to 'unlimited'. This may have negative performance implications. Please set the heap size to the default value (10240) 
UPCR: UPC thread   0 of 144 on node009 (pshm node  0 of 12, process   0 of 144, pid=4417)
UPCR: UPC thread  44 of 144 on node012 (pshm node  3 of 12, process  44 of 144, pid=21862)
UPCR: UPC thread  85 of 144 on node021 (pshm node  7 of 12, process  85 of 144, pid=25600)
UPCR: UPC thread  89 of 144 on node021 (pshm node  7 of 12, process  89 of 144, pid=25603)
UPCR: UPC thread  36 of 144 on node012 (pshm node  3 of 12, process  36 of 144, pid=21728)
UPCR: UPC thread  86 of 144 on node021 (pshm node  7 of 12, process  86 of 144, pid=25602)
UPCR: UPC thread  41 of 144 on node012 (pshm node  3 of 12, process  41 of 144, pid=21924)
UPCR: UPC thread  47 of 144 on node012 (pshm node  3 of 12, process  47 of 144, pid=21923)
UPCR: UPC thread  40 of 144 on node012 (pshm node  3 of 12, process  40 of 144, pid=21864)
UPCR: UPC thread  37 of 144 on node012 (pshm node  3 of 12, process  37 of 144, pid=21790)
UPCR: UPC thread   7 of 144 on node009 (pshm node  0 of 12, process   7 of 144, pid=4424)
UPCR: UPC thread  43 of 144 on node012 (pshm node  3 of 12, process  43 of 144, pid=21863)
UPCR: UPC thread  93 of 144 on node021 (pshm node  7 of 12, process  93 of 144, pid=25496)
UPCR: UPC thread  94 of 144 on node021 (pshm node  7 of 12, process  94 of 144, pid=25536)
UPCR: UPC thread  39 of 144 on node012 (pshm node  3 of 12, process  39 of 144, pid=21818)
UPCR: UPC thread  38 of 144 on node012 (pshm node  3 of 12, process  38 of 144, pid=21814)
UPCR: UPC thread  90 of 144 on node021 (pshm node  7 of 12, process  90 of 144, pid=25557)
UPCR: UPC thread  92 of 144 on node021 (pshm node  7 of 12, process  92 of 144, pid=25488)
UPCR: UPC thread  46 of 144 on node012 (pshm node  3 of 12, process  46 of 144, pid=21745)
UPCR: UPC thread   2 of 144 on node009 (pshm node  0 of 12, process   2 of 144, pid=4419)
UPCR: UPC thread  45 of 144 on node012 (pshm node  3 of 12, process  45 of 144, pid=21925)
UPCR: UPC thread 130 of 144 on node065 (pshm node 10 of 12, process 130 of 144, pid=18436)
UPCR: UPC thread 128 of 144 on node065 (pshm node 10 of 12, process 128 of 144, pid=18222)
UPCR: UPC thread 121 of 144 on node065 (pshm node 10 of 12, process 121 of 144, pid=18364)
UPCR: UPC thread 125 of 144 on node065 (pshm node 10 of 12, process 125 of 144, pid=18389)
UPCR: UPC thread  35 of 144 on node011 (pshm node  2 of 12, process  35 of 144, pid=12877)
UPCR: UPC thread 120 of 144 on node065 (pshm node 10 of 12, process 120 of 144, pid=18480)
UPCR: UPC thread  79 of 144 on node020 (pshm node  6 of 12, process  79 of 144, pid=19131)
UPCR: UPC thread 126 of 144 on node065 (pshm node 10 of 12, process 126 of 144, pid=18327)
UPCR: UPC thread 111 of 144 on node023 (pshm node  9 of 12, process 111 of 144, pid=24511)
UPCR: UPC thread  91 of 144 on node021 (pshm node  7 of 12, process  91 of 144, pid=25587)
UPCR: UPC thread  87 of 144 on node021 (pshm node  7 of 12, process  87 of 144, pid=25659)
UPCR: UPC thread   4 of 144 on node009 (pshm node  0 of 12, process   4 of 144, pid=4421)
UPCR: UPC thread 129 of 144 on node065 (pshm node 10 of 12, process 129 of 144, pid=18294)
UPCR: UPC thread  27 of 144 on node011 (pshm node  2 of 12, process  27 of 144, pid=12838)
UPCR: UPC thread  42 of 144 on node012 (pshm node  3 of 12, process  42 of 144, pid=21776)
UPCR: UPC thread  30 of 144 on node011 (pshm node  2 of 12, process  30 of 144, pid=12857)
UPCR: UPC thread  83 of 144 on node020 (pshm node  6 of 12, process  83 of 144, pid=19070)
UPCR: UPC thread 124 of 144 on node065 (pshm node 10 of 12, process 124 of 144, pid=18295)
UPCR: UPC thread 123 of 144 on node065 (pshm node 10 of 12, process 123 of 144, pid=18388)
UPCR: UPC thread  76 of 144 on node020 (pshm node  6 of 12, process  76 of 144, pid=19134)
UPCR: UPC thread  28 of 144 on node011 (pshm node  2 of 12, process  28 of 144, pid=12881)
UPCR: UPC thread  77 of 144 on node020 (pshm node  6 of 12, process  77 of 144, pid=19137)
UPCR: UPC thread  29 of 144 on node011 (pshm node  2 of 12, process  29 of 144, pid=12874)
UPCR: UPC thread  31 of 144 on node011 (pshm node  2 of 12, process  31 of 144, pid=12717)
UPCR: UPC thread  82 of 144 on node020 (pshm node  6 of 12, process  82 of 144, pid=19072)
UPCR: UPC thread 122 of 144 on node065 (pshm node 10 of 12, process 122 of 144, pid=18334)
UPCR: UPC thread 127 of 144 on node065 (pshm node 10 of 12, process 127 of 144, pid=18223)
UPCR: UPC thread 142 of 144 on node066 (pshm node 11 of 12, process 142 of 144, pid=3936)
UPCR: UPC thread 138 of 144 on node066 (pshm node 11 of 12, process 138 of 144, pid=4111)
UPCR: UPC thread   6 of 144 on node009 (pshm node  0 of 12, process   6 of 144, pid=4423)
UPCR: UPC thread  50 of 144 on node013 (pshm node  4 of 12, process  50 of 144, pid=731)
UPCR: UPC thread  25 of 144 on node011 (pshm node  2 of 12, process  25 of 144, pid=12858)
UPCR: UPC thread  57 of 144 on node013 (pshm node  4 of 12, process  57 of 144, pid=805)
UPCR: UPC thread   8 of 144 on node009 (pshm node  0 of 12, process   8 of 144, pid=4425)
UPCR: UPC thread   9 of 144 on node009 (pshm node  0 of 12, process   9 of 144, pid=4426)
UPCR: UPC thread  74 of 144 on node020 (pshm node  6 of 12, process  74 of 144, pid=19071)
UPCR: UPC thread 131 of 144 on node065 (pshm node 10 of 12, process 131 of 144, pid=18233)
UPCR: UPC thread 106 of 144 on node022 (pshm node  8 of 12, process 106 of 144, pid=19951)
UPCR: UPC thread 143 of 144 on node066 (pshm node 11 of 12, process 143 of 144, pid=4146)
UPCR: UPC thread  99 of 144 on node022 (pshm node  8 of 12, process  99 of 144, pid=20162)
UPCR: UPC thread  53 of 144 on node013 (pshm node  4 of 12, process  53 of 144, pid=804)
UPCR: UPC thread  68 of 144 on node014 (pshm node  5 of 12, process  68 of 144, pid=31037)
UPCR: UPC thread 137 of 144 on node066 (pshm node 11 of 12, process 137 of 144, pid=4004)
UPCR: UPC thread  24 of 144 on node011 (pshm node  2 of 12, process  24 of 144, pid=12766)
UPCR: UPC thread  78 of 144 on node020 (pshm node  6 of 12, process  78 of 144, pid=19132)
UPCR: UPC thread  48 of 144 on node013 (pshm node  4 of 12, process  48 of 144, pid=737)
UPCR: UPC thread  73 of 144 on node020 (pshm node  6 of 12, process  73 of 144, pid=19136)
UPCR: UPC thread  10 of 144 on node009 (pshm node  0 of 12, process  10 of 144, pid=4427)
UPCR: UPC thread  33 of 144 on node011 (pshm node  2 of 12, process  33 of 144, pid=12718)
UPCR: UPC thread  80 of 144 on node020 (pshm node  6 of 12, process  80 of 144, pid=19051)
UPCR: UPC thread  62 of 144 on node014 (pshm node  5 of 12, process  62 of 144, pid=30927)
UPCR: UPC thread 105 of 144 on node022 (pshm node  8 of 12, process 105 of 144, pid=19976)
UPCR: UPC thread  72 of 144 on node020 (pshm node  6 of 12, process  72 of 144, pid=19133)
UPCR: UPC thread 132 of 144 on node066 (pshm node 11 of 12, process 132 of 144, pid=4026)
UPCR: UPC thread  56 of 144 on node013 (pshm node  4 of 12, process  56 of 144, pid=689)
UPCR: UPC thread  70 of 144 on node014 (pshm node  5 of 12, process  70 of 144, pid=30918)
UPCR: UPC thread  58 of 144 on node013 (pshm node  4 of 12, process  58 of 144, pid=649)
UPCR: UPC thread  49 of 144 on node013 (pshm node  4 of 12, process  49 of 144, pid=802)
UPCR: UPC thread  51 of 144 on node013 (pshm node  4 of 12, process  51 of 144, pid=733)
UPCR: UPC thread  34 of 144 on node011 (pshm node  2 of 12, process  34 of 144, pid=12837)
UPCR: UPC thread 117 of 144 on node023 (pshm node  9 of 12, process 117 of 144, pid=24380)
UPCR: UPC thread  81 of 144 on node020 (pshm node  6 of 12, process  81 of 144, pid=19135)
UPCR: UPC thread  22 of 144 on node010 (pshm node  1 of 12, process  22 of 144, pid=27051)
UPCR: UPC thread 133 of 144 on node066 (pshm node 11 of 12, process 133 of 144, pid=3917)
UPCR: UPC thread  63 of 144 on node014 (pshm node  5 of 12, process  63 of 144, pid=30906)
UPCR: UPC thread  60 of 144 on node014 (pshm node  5 of 12, process  60 of 144, pid=31027)
UPCR: UPC thread 104 of 144 on node022 (pshm node  8 of 12, process 104 of 144, pid=19934)
UPCR: UPC thread 102 of 144 on node022 (pshm node  8 of 12, process 102 of 144, pid=20047)
UPCR: UPC thread 135 of 144 on node066 (pshm node 11 of 12, process 135 of 144, pid=3938)
UPCR: UPC thread 100 of 144 on node022 (pshm node  8 of 12, process 100 of 144, pid=20099)
UPCR: UPC thread  52 of 144 on node013 (pshm node  4 of 12, process  52 of 144, pid=696)
UPCR: UPC thread  13 of 144 on node010 (pshm node  1 of 12, process  13 of 144, pid=27015)
UPCR: UPC thread  54 of 144 on node013 (pshm node  4 of 12, process  54 of 144, pid=666)
UPCR: UPC thread  65 of 144 on node014 (pshm node  5 of 12, process  65 of 144, pid=30882)
UPCR: UPC thread  61 of 144 on node014 (pshm node  5 of 12, process  61 of 144, pid=30941)
UPCR: UPC thread 112 of 144 on node023 (pshm node  9 of 12, process 112 of 144, pid=24389)
UPCR: UPC thread  26 of 144 on node011 (pshm node  2 of 12, process  26 of 144, pid=12798)
UPCR: UPC thread 113 of 144 on node023 (pshm node  9 of 12, process 113 of 144, pid=24493)
UPCR: UPC thread 119 of 144 on node023 (pshm node  9 of 12, process 119 of 144, pid=24504)
UPCR: UPC thread  19 of 144 on node010 (pshm node  1 of 12, process  19 of 144, pid=27074)
UPCR: UPC thread 109 of 144 on node023 (pshm node  9 of 12, process 109 of 144, pid=24551)
UPCR: UPC thread  64 of 144 on node014 (pshm node  5 of 12, process  64 of 144, pid=30943)
UPCR: UPC thread 139 of 144 on node066 (pshm node 11 of 12, process 139 of 144, pid=4044)
UPCR: UPC thread  17 of 144 on node010 (pshm node  1 of 12, process  17 of 144, pid=26927)
UPCR: UPC thread  97 of 144 on node022 (pshm node  8 of 12, process  97 of 144, pid=19988)
UPCR: UPC thread  32 of 144 on node011 (pshm node  2 of 12, process  32 of 144, pid=12765)
UPCR: UPC thread 115 of 144 on node023 (pshm node  9 of 12, process 115 of 144, pid=24477)
UPCR: UPC thread  21 of 144 on node010 (pshm node  1 of 12, process  21 of 144, pid=27029)
UPCR: UPC thread 103 of 144 on node022 (pshm node  8 of 12, process 103 of 144, pid=20054)
UPCR: UPC thread  66 of 144 on node014 (pshm node  5 of 12, process  66 of 144, pid=30942)
UPCR: UPC thread  55 of 144 on node013 (pshm node  4 of 12, process  55 of 144, pid=873)
UPCR: UPC thread 114 of 144 on node023 (pshm node  9 of 12, process 114 of 144, pid=24407)
UPCR: UPC thread 141 of 144 on node066 (pshm node 11 of 12, process 141 of 144, pid=4110)
UPCR: UPC thread  15 of 144 on node010 (pshm node  1 of 12, process  15 of 144, pid=27073)
UPCR: UPC thread  98 of 144 on node022 (pshm node  8 of 12, process  98 of 144, pid=20046)
UPCR: UPC thread  12 of 144 on node010 (pshm node  1 of 12, process  12 of 144, pid=26958)
UPCR: UPC thread 108 of 144 on node023 (pshm node  9 of 12, process 108 of 144, pid=24535)
UPCR: UPC thread 118 of 144 on node023 (pshm node  9 of 12, process 118 of 144, pid=24483)
UPCR: UPC thread  59 of 144 on node013 (pshm node  4 of 12, process  59 of 144, pid=789)
UPCR: UPC thread  18 of 144 on node010 (pshm node  1 of 12, process  18 of 144, pid=26964)
UPCR: UPC thread 116 of 144 on node023 (pshm node  9 of 12, process 116 of 144, pid=24576)
UPCR: UPC thread  69 of 144 on node014 (pshm node  5 of 12, process  69 of 144, pid=31004)
UPCR: UPC thread 136 of 144 on node066 (pshm node 11 of 12, process 136 of 144, pid=4043)
UPCR: UPC thread  14 of 144 on node010 (pshm node  1 of 12, process  14 of 144, pid=26886)
UPCR: UPC thread  20 of 144 on node010 (pshm node  1 of 12, process  20 of 144, pid=26976)
UPCR: UPC thread 107 of 144 on node022 (pshm node  8 of 12, process 107 of 144, pid=20101)
UPCR: UPC thread  96 of 144 on node022 (pshm node  8 of 12, process  96 of 144, pid=20032)
UPCR: UPC thread 140 of 144 on node066 (pshm node 11 of 12, process 140 of 144, pid=4145)
UPCR: UPC thread  23 of 144 on node010 (pshm node  1 of 12, process  23 of 144, pid=26909)
UPCR: UPC thread 110 of 144 on node023 (pshm node  9 of 12, process 110 of 144, pid=24388)
UPCR: UPC thread 101 of 144 on node022 (pshm node  8 of 12, process 101 of 144, pid=19977)
UPCR: UPC thread  67 of 144 on node014 (pshm node  5 of 12, process  67 of 144, pid=31015)
UPCR: UPC thread  16 of 144 on node010 (pshm node  1 of 12, process  16 of 144, pid=27009)
UPCR: UPC thread 134 of 144 on node066 (pshm node 11 of 12, process 134 of 144, pid=3937)
UPCR: UPC thread  75 of 144 on node020 (pshm node  6 of 12, process  75 of 144, pid=19255)
UPCR: UPC thread  71 of 144 on node014 (pshm node  5 of 12, process  71 of 144, pid=31033)
UPCR: UPC thread   1 of 144 on node009 (pshm node  0 of 12, process   1 of 144, pid=4418)
UPCR: UPC thread  11 of 144 on node009 (pshm node  0 of 12, process  11 of 144, pid=4428)
UPCR: UPC thread   5 of 144 on node009 (pshm node  0 of 12, process   5 of 144, pid=4422)
UPCR: UPC thread   3 of 144 on node009 (pshm node  0 of 12, process   3 of 144, pid=4420)
UPCR: UPC thread  84 of 144 on node021 (pshm node  7 of 12, process  84 of 144, pid=25601)
UPCR: UPC thread  88 of 144 on node021 (pshm node  7 of 12, process  88 of 144, pid=25556)
UPCR: UPC thread  95 of 144 on node021 (pshm node  7 of 12, process  95 of 144, pid=25695)
Initializing models/schedule_world.2.8-rgs.bdd!
Vector size: 28
Bits per integer: 8
Number of BDD variables: 224
Loading initial states: 
Initial states loaded... 
Loading transition relations... 
28 integers per state, 8 bits per integer, 26 transition groups
BDD nodes:
Initial states: 224 BDD nodes
Transition 0: 230 BDD nodes
Transition 1: 113 BDD nodes
Transition 2: 96 BDD nodes
Transition 3: 96 BDD nodes
Transition 4: 107 BDD nodes
Transition 5: 139 BDD nodes
Transition 6: 96 BDD nodes
Transition 7: 123 BDD nodes
Transition 8: 91 BDD nodes
Transition 9: 848 BDD nodes
Transition 10: 141 BDD nodes
Transition 11: 154 BDD nodes
Transition 12: 281 BDD nodes
Transition 13: 234 BDD nodes
Transition 14: 96 BDD nodes
Transition 15: 113 BDD nodes
Transition 16: 95 BDD nodes
Transition 17: 112 BDD nodes
Transition 18: 96 BDD nodes
Transition 19: 123 BDD nodes
Transition 20: 96 BDD nodes
Transition 21: 107 BDD nodes
Transition 22: 91 BDD nodes
Transition 23: 123 BDD nodes
Transition 24: 91 BDD nodes
Transition 25: 107 BDD nodes
Level 1... done. 
Level 2... done. 
Level 3... done. 
Level 4... done. 
Level 5... done. 
Level 6... done. 
Level 7... done. 
Level 8... done. 
Level 9... done. 
Level 10... done. 
Level 11... done. 
Level 12... done. 
Level 13... done. 
Level 14... done. 
Level 15... done. 
Level 16... done. 
Level 17... done. 
Level 18... done. 
PAR Time: 3.384214
Final states: 1570340 states
Final states: 18779 BDD nodes
[1444153488.735305] [node009:4372 :0]         sys.c:719  MXM  WARN  Conflicting CPU frequencies detected, using: 3180.19
