[1444153108.167144] [node009:2696 :0]         sys.c:719  MXM  WARN  Conflicting CPU frequencies detected, using: 1536.47
[1444153108.168670] [node009:2705 :0]         sys.c:719  MXM  WARN  Conflicting CPU frequencies detected, using: 1536.47
[1444153108.169460] [node009:2709 :0]         sys.c:719  MXM  WARN  Conflicting CPU frequencies detected, using: 1465.88
[1444153108.169019] [node009:2707 :0]         sys.c:719  MXM  WARN  Conflicting CPU frequencies detected, using: 1536.47
[1444153108.166229] [node009:2697 :0]         sys.c:719  MXM  WARN  Conflicting CPU frequencies detected, using: 1536.47
[1444153108.189495] [node009:2697 :0]         mxm.c:185  MXM  WARN  The 'ulimit -s' on the system is set to 'unlimited'. This may have negative performance implications. Please set the heap size to the default value (10240) 
[1444153108.166072] [node009:2695 :0]         sys.c:719  MXM  WARN  Conflicting CPU frequencies detected, using: 1536.47
[1444153108.185502] [node009:2695 :0]         mxm.c:185  MXM  WARN  The 'ulimit -s' on the system is set to 'unlimited'. This may have negative performance implications. Please set the heap size to the default value (10240) 
[1444153108.168375] [node009:2702 :0]         sys.c:719  MXM  WARN  Conflicting CPU frequencies detected, using: 1536.47
[1444153108.211887] [node009:2702 :0]         mxm.c:185  MXM  WARN  The 'ulimit -s' on the system is set to 'unlimited'. This may have negative performance implications. Please set the heap size to the default value (10240) 
[1444153108.170267] [node009:2708 :0]         sys.c:719  MXM  WARN  Conflicting CPU frequencies detected, using: 1465.88
[1444153108.215913] [node009:2708 :0]         mxm.c:185  MXM  WARN  The 'ulimit -s' on the system is set to 'unlimited'. This may have negative performance implications. Please set the heap size to the default value (10240) 
[1444153108.167013] [node009:2698 :0]         sys.c:719  MXM  WARN  Conflicting CPU frequencies detected, using: 1536.47
[1444153108.228654] [node009:2698 :0]         mxm.c:185  MXM  WARN  The 'ulimit -s' on the system is set to 'unlimited'. This may have negative performance implications. Please set the heap size to the default value (10240) 
[1444153108.166491] [node009:2694 :0]         sys.c:719  MXM  WARN  Conflicting CPU frequencies detected, using: 1536.47
[1444153108.203601] [node009:2694 :0]         mxm.c:185  MXM  WARN  The 'ulimit -s' on the system is set to 'unlimited'. This may have negative performance implications. Please set the heap size to the default value (10240) 
[1444153108.167626] [node009:2703 :0]         sys.c:719  MXM  WARN  Conflicting CPU frequencies detected, using: 1536.47
[1444153108.231376] [node009:2703 :0]         mxm.c:185  MXM  WARN  The 'ulimit -s' on the system is set to 'unlimited'. This may have negative performance implications. Please set the heap size to the default value (10240) 
[1444153108.167637] [node009:2704 :0]         sys.c:719  MXM  WARN  Conflicting CPU frequencies detected, using: 1536.47
[1444153108.224794] [node009:2704 :0]         mxm.c:185  MXM  WARN  The 'ulimit -s' on the system is set to 'unlimited'. This may have negative performance implications. Please set the heap size to the default value (10240) 
[1444153108.167197] [node009:2699 :0]         sys.c:719  MXM  WARN  Conflicting CPU frequencies detected, using: 1536.47
[1444153108.232156] [node009:2699 :0]         mxm.c:185  MXM  WARN  The 'ulimit -s' on the system is set to 'unlimited'. This may have negative performance implications. Please set the heap size to the default value (10240) 
[1444153108.241571] [node009:2707 :0]         mxm.c:185  MXM  WARN  The 'ulimit -s' on the system is set to 'unlimited'. This may have negative performance implications. Please set the heap size to the default value (10240) 
[1444153108.168208] [node009:2706 :0]         sys.c:719  MXM  WARN  Conflicting CPU frequencies detected, using: 1536.47
[1444153108.234716] [node009:2706 :0]         mxm.c:185  MXM  WARN  The 'ulimit -s' on the system is set to 'unlimited'. This may have negative performance implications. Please set the heap size to the default value (10240) 
[1444153108.244095] [node009:2709 :0]         mxm.c:185  MXM  WARN  The 'ulimit -s' on the system is set to 'unlimited'. This may have negative performance implications. Please set the heap size to the default value (10240) 
[1444153108.168043] [node009:2701 :0]         sys.c:719  MXM  WARN  Conflicting CPU frequencies detected, using: 1536.47
[1444153108.216710] [node009:2701 :0]         mxm.c:185  MXM  WARN  The 'ulimit -s' on the system is set to 'unlimited'. This may have negative performance implications. Please set the heap size to the default value (10240) 
[1444153108.259465] [node009:2696 :0]         mxm.c:185  MXM  WARN  The 'ulimit -s' on the system is set to 'unlimited'. This may have negative performance implications. Please set the heap size to the default value (10240) 
[1444153108.263161] [node009:2705 :0]         mxm.c:185  MXM  WARN  The 'ulimit -s' on the system is set to 'unlimited'. This may have negative performance implications. Please set the heap size to the default value (10240) 
[1444153108.167436] [node009:2700 :0]         sys.c:719  MXM  WARN  Conflicting CPU frequencies detected, using: 1536.47
[1444153108.227919] [node009:2700 :0]         mxm.c:185  MXM  WARN  The 'ulimit -s' on the system is set to 'unlimited'. This may have negative performance implications. Please set the heap size to the default value (10240) 
[1444153108.457055] [node010:24496:0]         sys.c:719  MXM  WARN  Conflicting CPU frequencies detected, using: 2297.91
[1444153108.460634] [node010:24496:0]         mxm.c:185  MXM  WARN  The 'ulimit -s' on the system is set to 'unlimited'. This may have negative performance implications. Please set the heap size to the default value (10240) 
[1444153108.508500] [node010:24515:0]         sys.c:719  MXM  WARN  Conflicting CPU frequencies detected, using: 2400.00
[1444153108.513885] [node010:24515:0]         mxm.c:185  MXM  WARN  The 'ulimit -s' on the system is set to 'unlimited'. This may have negative performance implications. Please set the heap size to the default value (10240) 
[1444153108.508464] [node010:24514:0]         sys.c:719  MXM  WARN  Conflicting CPU frequencies detected, using: 2400.00
[1444153108.513657] [node010:24514:0]         mxm.c:185  MXM  WARN  The 'ulimit -s' on the system is set to 'unlimited'. This may have negative performance implications. Please set the heap size to the default value (10240) 
[1444153108.508682] [node010:24520:0]         sys.c:719  MXM  WARN  Conflicting CPU frequencies detected, using: 2400.00
[1444153108.513778] [node010:24520:0]         mxm.c:185  MXM  WARN  The 'ulimit -s' on the system is set to 'unlimited'. This may have negative performance implications. Please set the heap size to the default value (10240) 
[1444153108.565623] [node010:24572:0]         sys.c:719  MXM  WARN  Conflicting CPU frequencies detected, using: 2400.00
[1444153108.570138] [node010:24572:0]         mxm.c:185  MXM  WARN  The 'ulimit -s' on the system is set to 'unlimited'. This may have negative performance implications. Please set the heap size to the default value (10240) 
[1444153108.545233] [node012:19344:0]         sys.c:719  MXM  WARN  Conflicting CPU frequencies detected, using: 2400.00
[1444153108.554858] [node012:19344:0]         mxm.c:185  MXM  WARN  The 'ulimit -s' on the system is set to 'unlimited'. This may have negative performance implications. Please set the heap size to the default value (10240) 
[1444153108.545263] [node012:19345:0]         sys.c:719  MXM  WARN  Conflicting CPU frequencies detected, using: 2400.00
[1444153108.555547] [node012:19345:0]         mxm.c:185  MXM  WARN  The 'ulimit -s' on the system is set to 'unlimited'. This may have negative performance implications. Please set the heap size to the default value (10240) 
[1444153108.551343] [node012:19363:0]         sys.c:719  MXM  WARN  Conflicting CPU frequencies detected, using: 2400.00
[1444153108.559124] [node012:19363:0]         mxm.c:185  MXM  WARN  The 'ulimit -s' on the system is set to 'unlimited'. This may have negative performance implications. Please set the heap size to the default value (10240) 
[1444153108.567231] [node011:10327:0]         sys.c:719  MXM  WARN  Conflicting CPU frequencies detected, using: 2400.00
[1444153108.575234] [node011:10327:0]         mxm.c:185  MXM  WARN  The 'ulimit -s' on the system is set to 'unlimited'. This may have negative performance implications. Please set the heap size to the default value (10240) 
[1444153108.601755] [node010:24571:0]         sys.c:719  MXM  WARN  Conflicting CPU frequencies detected, using: 2400.09
[1444153108.606092] [node010:24571:0]         mxm.c:185  MXM  WARN  The 'ulimit -s' on the system is set to 'unlimited'. This may have negative performance implications. Please set the heap size to the default value (10240) 
[1444153108.602366] [node012:19386:0]         sys.c:719  MXM  WARN  Conflicting CPU frequencies detected, using: 2400.00
[1444153108.609442] [node012:19386:0]         mxm.c:185  MXM  WARN  The 'ulimit -s' on the system is set to 'unlimited'. This may have negative performance implications. Please set the heap size to the default value (10240) 
[1444153108.612799] [node012:19385:0]         sys.c:719  MXM  WARN  Conflicting CPU frequencies detected, using: 2400.00
[1444153108.620916] [node012:19385:0]         mxm.c:185  MXM  WARN  The 'ulimit -s' on the system is set to 'unlimited'. This may have negative performance implications. Please set the heap size to the default value (10240) 
[1444153108.625915] [node010:24581:0]         sys.c:719  MXM  WARN  Conflicting CPU frequencies detected, using: 2400.00
[1444153108.628986] [node010:24581:0]         mxm.c:185  MXM  WARN  The 'ulimit -s' on the system is set to 'unlimited'. This may have negative performance implications. Please set the heap size to the default value (10240) 
[1444153108.633180] [node010:24586:0]         sys.c:719  MXM  WARN  Conflicting CPU frequencies detected, using: 2400.00
[1444153108.637184] [node010:24586:0]         mxm.c:185  MXM  WARN  The 'ulimit -s' on the system is set to 'unlimited'. This may have negative performance implications. Please set the heap size to the default value (10240) 
[1444153108.635416] [node010:24587:0]         sys.c:719  MXM  WARN  Conflicting CPU frequencies detected, using: 2400.00
[1444153108.639361] [node010:24587:0]         mxm.c:185  MXM  WARN  The 'ulimit -s' on the system is set to 'unlimited'. This may have negative performance implications. Please set the heap size to the default value (10240) 
[1444153108.641910] [node010:24607:0]         sys.c:719  MXM  WARN  Conflicting CPU frequencies detected, using: 2400.00
[1444153108.644762] [node010:24607:0]         mxm.c:185  MXM  WARN  The 'ulimit -s' on the system is set to 'unlimited'. This may have negative performance implications. Please set the heap size to the default value (10240) 
[1444153108.644282] [node010:24622:0]         sys.c:719  MXM  WARN  Conflicting CPU frequencies detected, using: 2400.00
[1444153108.647376] [node010:24622:0]         mxm.c:185  MXM  WARN  The 'ulimit -s' on the system is set to 'unlimited'. This may have negative performance implications. Please set the heap size to the default value (10240) 
[1444153108.643865] [node010:24623:0]         sys.c:719  MXM  WARN  Conflicting CPU frequencies detected, using: 2400.00
[1444153108.647255] [node010:24623:0]         mxm.c:185  MXM  WARN  The 'ulimit -s' on the system is set to 'unlimited'. This may have negative performance implications. Please set the heap size to the default value (10240) 
[1444153108.650187] [node010:24741:0]         sys.c:719  MXM  WARN  Conflicting CPU frequencies detected, using: 2400.00
[1444153108.653949] [node010:24741:0]         mxm.c:185  MXM  WARN  The 'ulimit -s' on the system is set to 'unlimited'. This may have negative performance implications. Please set the heap size to the default value (10240) 
[1444153108.649044] [node010:24708:0]         sys.c:719  MXM  WARN  Conflicting CPU frequencies detected, using: 2400.00
[1444153108.652612] [node010:24708:0]         mxm.c:185  MXM  WARN  The 'ulimit -s' on the system is set to 'unlimited'. This may have negative performance implications. Please set the heap size to the default value (10240) 
[1444153108.649160] [node010:24715:0]         sys.c:719  MXM  WARN  Conflicting CPU frequencies detected, using: 2400.00
[1444153108.652461] [node010:24715:0]         mxm.c:185  MXM  WARN  The 'ulimit -s' on the system is set to 'unlimited'. This may have negative performance implications. Please set the heap size to the default value (10240) 
[1444153108.651045] [node010:24744:0]         sys.c:719  MXM  WARN  Conflicting CPU frequencies detected, using: 2400.00
[1444153108.654182] [node010:24744:0]         mxm.c:185  MXM  WARN  The 'ulimit -s' on the system is set to 'unlimited'. This may have negative performance implications. Please set the heap size to the default value (10240) 
[1444153108.650079] [node011:10336:0]         sys.c:719  MXM  WARN  Conflicting CPU frequencies detected, using: 2400.09
[1444153108.656203] [node011:10336:0]         mxm.c:185  MXM  WARN  The 'ulimit -s' on the system is set to 'unlimited'. This may have negative performance implications. Please set the heap size to the default value (10240) 
[1444153108.658081] [node012:19413:0]         sys.c:719  MXM  WARN  Conflicting CPU frequencies detected, using: 2400.00
[1444153108.663495] [node012:19413:0]         mxm.c:185  MXM  WARN  The 'ulimit -s' on the system is set to 'unlimited'. This may have negative performance implications. Please set the heap size to the default value (10240) 
[1444153108.657023] [node011:10335:0]         sys.c:719  MXM  WARN  Conflicting CPU frequencies detected, using: 2400.00
[1444153108.663772] [node011:10335:0]         mxm.c:185  MXM  WARN  The 'ulimit -s' on the system is set to 'unlimited'. This may have negative performance implications. Please set the heap size to the default value (10240) 
[1444153108.672033] [node011:10338:0]         sys.c:719  MXM  WARN  Conflicting CPU frequencies detected, using: 2400.00
[1444153108.678042] [node011:10338:0]         mxm.c:185  MXM  WARN  The 'ulimit -s' on the system is set to 'unlimited'. This may have negative performance implications. Please set the heap size to the default value (10240) 
[1444153108.670911] [node012:19414:0]         sys.c:719  MXM  WARN  Conflicting CPU frequencies detected, using: 2400.00
[1444153108.675901] [node012:19414:0]         mxm.c:185  MXM  WARN  The 'ulimit -s' on the system is set to 'unlimited'. This may have negative performance implications. Please set the heap size to the default value (10240) 
[1444153108.682707] [node011:10358:0]         sys.c:719  MXM  WARN  Conflicting CPU frequencies detected, using: 2400.00
[1444153108.693599] [node011:10358:0]         mxm.c:185  MXM  WARN  The 'ulimit -s' on the system is set to 'unlimited'. This may have negative performance implications. Please set the heap size to the default value (10240) 
[1444153108.685666] [node012:19441:0]         sys.c:719  MXM  WARN  Conflicting CPU frequencies detected, using: 2400.00
[1444153108.691654] [node012:19441:0]         mxm.c:185  MXM  WARN  The 'ulimit -s' on the system is set to 'unlimited'. This may have negative performance implications. Please set the heap size to the default value (10240) 
[1444153108.678081] [node012:19442:0]         sys.c:719  MXM  WARN  Conflicting CPU frequencies detected, using: 2400.00
[1444153108.685605] [node012:19442:0]         mxm.c:185  MXM  WARN  The 'ulimit -s' on the system is set to 'unlimited'. This may have negative performance implications. Please set the heap size to the default value (10240) 
[1444153108.691441] [node012:19514:0]         sys.c:719  MXM  WARN  Conflicting CPU frequencies detected, using: 2400.00
[1444153108.701342] [node012:19514:0]         mxm.c:185  MXM  WARN  The 'ulimit -s' on the system is set to 'unlimited'. This may have negative performance implications. Please set the heap size to the default value (10240) 
[1444153108.682931] [node011:10373:0]         sys.c:719  MXM  WARN  Conflicting CPU frequencies detected, using: 2400.00
[1444153108.704792] [node011:10373:0]         mxm.c:185  MXM  WARN  The 'ulimit -s' on the system is set to 'unlimited'. This may have negative performance implications. Please set the heap size to the default value (10240) 
[1444153108.697650] [node012:19524:0]         sys.c:719  MXM  WARN  Conflicting CPU frequencies detected, using: 2400.00
[1444153108.717567] [node012:19524:0]         mxm.c:185  MXM  WARN  The 'ulimit -s' on the system is set to 'unlimited'. This may have negative performance implications. Please set the heap size to the default value (10240) 
[1444153108.702233] [node011:10448:0]         sys.c:719  MXM  WARN  Conflicting CPU frequencies detected, using: 2400.00
[1444153108.714618] [node011:10448:0]         mxm.c:185  MXM  WARN  The 'ulimit -s' on the system is set to 'unlimited'. This may have negative performance implications. Please set the heap size to the default value (10240) 
[1444153108.685236] [node011:10382:0]         sys.c:719  MXM  WARN  Conflicting CPU frequencies detected, using: 2400.00
[1444153108.702212] [node011:10382:0]         mxm.c:185  MXM  WARN  The 'ulimit -s' on the system is set to 'unlimited'. This may have negative performance implications. Please set the heap size to the default value (10240) 
[1444153108.691458] [node012:19505:0]         sys.c:719  MXM  WARN  Conflicting CPU frequencies detected, using: 2400.00
[1444153108.722475] [node012:19505:0]         mxm.c:185  MXM  WARN  The 'ulimit -s' on the system is set to 'unlimited'. This may have negative performance implications. Please set the heap size to the default value (10240) 
[1444153108.685167] [node011:10368:0]         sys.c:719  MXM  WARN  Conflicting CPU frequencies detected, using: 2400.00
[1444153108.699834] [node011:10368:0]         mxm.c:185  MXM  WARN  The 'ulimit -s' on the system is set to 'unlimited'. This may have negative performance implications. Please set the heap size to the default value (10240) 
[1444153108.693255] [node012:19430:0]         sys.c:719  MXM  WARN  Conflicting CPU frequencies detected, using: 2400.00
[1444153108.720960] [node012:19430:0]         mxm.c:185  MXM  WARN  The 'ulimit -s' on the system is set to 'unlimited'. This may have negative performance implications. Please set the heap size to the default value (10240) 
[1444153108.703095] [node011:10459:0]         sys.c:719  MXM  WARN  Conflicting CPU frequencies detected, using: 2400.00
[1444153108.744521] [node011:10459:0]         mxm.c:185  MXM  WARN  The 'ulimit -s' on the system is set to 'unlimited'. This may have negative performance implications. Please set the heap size to the default value (10240) 
[1444153108.705070] [node011:10543:0]         sys.c:719  MXM  WARN  Conflicting CPU frequencies detected, using: 2400.00
[1444153108.737724] [node011:10543:0]         mxm.c:185  MXM  WARN  The 'ulimit -s' on the system is set to 'unlimited'. This may have negative performance implications. Please set the heap size to the default value (10240) 
[1444153108.693024] [node011:10475:0]         sys.c:719  MXM  WARN  Conflicting CPU frequencies detected, using: 2400.00
[1444153108.717857] [node011:10475:0]         mxm.c:185  MXM  WARN  The 'ulimit -s' on the system is set to 'unlimited'. This may have negative performance implications. Please set the heap size to the default value (10240) 
[1444153108.697701] [node012:19437:0]         sys.c:719  MXM  WARN  Conflicting CPU frequencies detected, using: 2400.00
[1444153108.725962] [node012:19437:0]         mxm.c:185  MXM  WARN  The 'ulimit -s' on the system is set to 'unlimited'. This may have negative performance implications. Please set the heap size to the default value (10240) 
[1444153108.705424] [node011:10402:0]         sys.c:719  MXM  WARN  Conflicting CPU frequencies detected, using: 2400.00
[1444153108.732020] [node011:10402:0]         mxm.c:185  MXM  WARN  The 'ulimit -s' on the system is set to 'unlimited'. This may have negative performance implications. Please set the heap size to the default value (10240) 
[1444153108.690330] [node012:19502:0]         sys.c:719  MXM  WARN  Conflicting CPU frequencies detected, using: 2400.00
[1444153108.708040] [node012:19502:0]         mxm.c:185  MXM  WARN  The 'ulimit -s' on the system is set to 'unlimited'. This may have negative performance implications. Please set the heap size to the default value (10240) 
[1444153108.692008] [node012:19433:0]         sys.c:719  MXM  WARN  Conflicting CPU frequencies detected, using: 2400.00
[1444153108.715964] [node012:19433:0]         mxm.c:185  MXM  WARN  The 'ulimit -s' on the system is set to 'unlimited'. This may have negative performance implications. Please set the heap size to the default value (10240) 
[1444153108.703111] [node011:10466:0]         sys.c:719  MXM  WARN  Conflicting CPU frequencies detected, using: 2400.00
[1444153108.743782] [node011:10466:0]         mxm.c:185  MXM  WARN  The 'ulimit -s' on the system is set to 'unlimited'. This may have negative performance implications. Please set the heap size to the default value (10240) 
[1444153108.704368] [node011:10554:0]         sys.c:719  MXM  WARN  Conflicting CPU frequencies detected, using: 2400.00
[1444153108.752106] [node011:10554:0]         mxm.c:185  MXM  WARN  The 'ulimit -s' on the system is set to 'unlimited'. This may have negative performance implications. Please set the heap size to the default value (10240) 
[1444153108.696838] [node011:10520:0]         sys.c:719  MXM  WARN  Conflicting CPU frequencies detected, using: 2400.00
[1444153108.732724] [node011:10520:0]         mxm.c:185  MXM  WARN  The 'ulimit -s' on the system is set to 'unlimited'. This may have negative performance implications. Please set the heap size to the default value (10240) 
UPCR: UPC thread  5 of 64 on node009 (pshm node 0 of 4, process  5 of 64, pid=2699)
UPCR: UPC thread  6 of 64 on node009 (pshm node 0 of 4, process  6 of 64, pid=2700)
UPCR: UPC thread 14 of 64 on node009 (pshm node 0 of 4, process 14 of 64, pid=2708)
UPCR: UPC thread  3 of 64 on node009 (pshm node 0 of 4, process  3 of 64, pid=2697)
UPCR: UPC thread 15 of 64 on node009 (pshm node 0 of 4, process 15 of 64, pid=2709)
UPCR: UPC thread 13 of 64 on node009 (pshm node 0 of 4, process 13 of 64, pid=2707)
UPCR: UPC thread 27 of 64 on node010 (pshm node 1 of 4, process 27 of 64, pid=24571)
UPCR: UPC thread  8 of 64 on node009 (pshm node 0 of 4, process  8 of 64, pid=2702)
UPCR: UPC thread 61 of 64 on node012 (pshm node 3 of 4, process 61 of 64, pid=19363)
UPCR: UPC thread 11 of 64 on node009 (pshm node 0 of 4, process 11 of 64, pid=2705)
UPCR: UPC thread 17 of 64 on node010 (pshm node 1 of 4, process 17 of 64, pid=24496)
UPCR: UPC thread 49 of 64 on node012 (pshm node 3 of 4, process 49 of 64, pid=19442)
UPCR: UPC thread 51 of 64 on node012 (pshm node 3 of 4, process 51 of 64, pid=19433)
UPCR: UPC thread 60 of 64 on node012 (pshm node 3 of 4, process 60 of 64, pid=19505)
UPCR: UPC thread 50 of 64 on node012 (pshm node 3 of 4, process 50 of 64, pid=19413)
UPCR: UPC thread 55 of 64 on node012 (pshm node 3 of 4, process 55 of 64, pid=19344)
UPCR: UPC thread 52 of 64 on node012 (pshm node 3 of 4, process 52 of 64, pid=19386)
UPCR: UPC thread 48 of 64 on node012 (pshm node 3 of 4, process 48 of 64, pid=19385)
UPCR: UPC thread 58 of 64 on node012 (pshm node 3 of 4, process 58 of 64, pid=19514)
UPCR: UPC thread 23 of 64 on node010 (pshm node 1 of 4, process 23 of 64, pid=24622)
UPCR: UPC thread 63 of 64 on node012 (pshm node 3 of 4, process 63 of 64, pid=19430)
UPCR: UPC thread 62 of 64 on node012 (pshm node 3 of 4, process 62 of 64, pid=19502)
UPCR: UPC thread  2 of 64 on node009 (pshm node 0 of 4, process  2 of 64, pid=2696)
UPCR: UPC thread 59 of 64 on node012 (pshm node 3 of 4, process 59 of 64, pid=19524)
UPCR: UPC thread 57 of 64 on node012 (pshm node 3 of 4, process 57 of 64, pid=19414)
UPCR: UPC thread  4 of 64 on node009 (pshm node 0 of 4, process  4 of 64, pid=2698)
UPCR: UPC thread 54 of 64 on node012 (pshm node 3 of 4, process 54 of 64, pid=19345)
UPCR: UPC thread 53 of 64 on node012 (pshm node 3 of 4, process 53 of 64, pid=19441)
UPCR: UPC thread 56 of 64 on node012 (pshm node 3 of 4, process 56 of 64, pid=19437)
UPCR: UPC thread 12 of 64 on node009 (pshm node 0 of 4, process 12 of 64, pid=2706)
UPCR: UPC thread  0 of 64 on node009 (pshm node 0 of 4, process  0 of 64, pid=2694)
UPCR: UPC thread  7 of 64 on node009 (pshm node 0 of 4, process  7 of 64, pid=2701)
UPCR: UPC thread  1 of 64 on node009 (pshm node 0 of 4, process  1 of 64, pid=2695)
UPCR: UPC thread 31 of 64 on node010 (pshm node 1 of 4, process 31 of 64, pid=24744)
UPCR: UPC thread 34 of 64 on node011 (pshm node 2 of 4, process 34 of 64, pid=10382)
UPCR: UPC thread 33 of 64 on node011 (pshm node 2 of 4, process 33 of 64, pid=10543)
UPCR: UPC thread 19 of 64 on node010 (pshm node 1 of 4, process 19 of 64, pid=24520)
UPCR: UPC thread 29 of 64 on node010 (pshm node 1 of 4, process 29 of 64, pid=24581)
UPCR: UPC thread 28 of 64 on node010 (pshm node 1 of 4, process 28 of 64, pid=24586)
UPCR: UPC thread 45 of 64 on node011 (pshm node 2 of 4, process 45 of 64, pid=10554)
UPCR: UPC thread 42 of 64 on node011 (pshm node 2 of 4, process 42 of 64, pid=10336)
UPCR: UPC thread 30 of 64 on node010 (pshm node 1 of 4, process 30 of 64, pid=24708)
UPCR: UPC thread 46 of 64 on node011 (pshm node 2 of 4, process 46 of 64, pid=10520)
UPCR: UPC thread 40 of 64 on node011 (pshm node 2 of 4, process 40 of 64, pid=10373)
UPCR: UPC thread 47 of 64 on node011 (pshm node 2 of 4, process 47 of 64, pid=10327)
UPCR: UPC thread 43 of 64 on node011 (pshm node 2 of 4, process 43 of 64, pid=10338)
UPCR: UPC thread 18 of 64 on node010 (pshm node 1 of 4, process 18 of 64, pid=24514)
UPCR: UPC thread 37 of 64 on node011 (pshm node 2 of 4, process 37 of 64, pid=10448)
UPCR: UPC thread 39 of 64 on node011 (pshm node 2 of 4, process 39 of 64, pid=10358)
UPCR: UPC thread 35 of 64 on node011 (pshm node 2 of 4, process 35 of 64, pid=10402)
UPCR: UPC thread 10 of 64 on node009 (pshm node 0 of 4, process 10 of 64, pid=2704)
UPCR: UPC thread 32 of 64 on node011 (pshm node 2 of 4, process 32 of 64, pid=10475)
UPCR: UPC thread 20 of 64 on node010 (pshm node 1 of 4, process 20 of 64, pid=24623)
UPCR: UPC thread 44 of 64 on node011 (pshm node 2 of 4, process 44 of 64, pid=10368)
UPCR: UPC thread 26 of 64 on node010 (pshm node 1 of 4, process 26 of 64, pid=24715)
UPCR: UPC thread 36 of 64 on node011 (pshm node 2 of 4, process 36 of 64, pid=10335)
UPCR: UPC thread 24 of 64 on node010 (pshm node 1 of 4, process 24 of 64, pid=24587)
UPCR: UPC thread 21 of 64 on node010 (pshm node 1 of 4, process 21 of 64, pid=24572)
UPCR: UPC thread 38 of 64 on node011 (pshm node 2 of 4, process 38 of 64, pid=10466)
UPCR: UPC thread  9 of 64 on node009 (pshm node 0 of 4, process  9 of 64, pid=2703)
UPCR: UPC thread 22 of 64 on node010 (pshm node 1 of 4, process 22 of 64, pid=24741)
UPCR: UPC thread 25 of 64 on node010 (pshm node 1 of 4, process 25 of 64, pid=24607)
UPCR: UPC thread 16 of 64 on node010 (pshm node 1 of 4, process 16 of 64, pid=24515)
UPCR: UPC thread 41 of 64 on node011 (pshm node 2 of 4, process 41 of 64, pid=10459)
Initializing models/schedule_world.2.8-rgs.bdd!
Vector size: 28
Bits per integer: 8
Number of BDD variables: 224
Loading initial states: 
Initial states loaded... 
Loading transition relations... 
28 integers per state, 8 bits per integer, 26 transition groups
BDD nodes:
Initial states: 224 BDD nodes
Transition 0: 230 BDD nodes
Transition 1: 113 BDD nodes
Transition 2: 96 BDD nodes
Transition 3: 96 BDD nodes
Transition 4: 107 BDD nodes
Transition 5: 139 BDD nodes
Transition 6: 96 BDD nodes
Transition 7: 123 BDD nodes
Transition 8: 91 BDD nodes
Transition 9: 848 BDD nodes
Transition 10: 141 BDD nodes
Transition 11: 154 BDD nodes
Transition 12: 281 BDD nodes
Transition 13: 234 BDD nodes
Transition 14: 96 BDD nodes
Transition 15: 113 BDD nodes
Transition 16: 95 BDD nodes
Transition 17: 112 BDD nodes
Transition 18: 96 BDD nodes
Transition 19: 123 BDD nodes
Transition 20: 96 BDD nodes
Transition 21: 107 BDD nodes
Transition 22: 91 BDD nodes
Transition 23: 123 BDD nodes
Transition 24: 91 BDD nodes
Transition 25: 107 BDD nodes
Level 1... done. 
Level 2... done. 
Level 3... done. 
Level 4... done. 
Level 5... done. 
Level 6... done. 
Level 7... done. 
Level 8... done. 
Level 9... done. 
Level 10... done. 
Level 11... done. 
Level 12... done. 
Level 13... done. 
Level 14... done. 
Level 15... done. 
Level 16... done. 
Level 17... done. 
Level 18... done. 
PAR Time: 5.413340
Final states: 1570340 states
Final states: 18779 BDD nodes
[1444153108.148635] [node009:2649 :0]         sys.c:719  MXM  WARN  Conflicting CPU frequencies detected, using: 2596.69
