[1443351310.529973] [node008:24285:0]         sys.c:719  MXM  WARN  Conflicting CPU frequencies detected, using: 1788.66
[1443351310.585335] [node008:24285:0]         mxm.c:185  MXM  WARN  The 'ulimit -s' on the system is set to 'unlimited'. This may have negative performance implications. Please set the heap size to the default value (10240) 
[1443351310.530022] [node008:24286:0]         sys.c:719  MXM  WARN  Conflicting CPU frequencies detected, using: 1788.66
[1443351310.583608] [node008:24286:0]         mxm.c:185  MXM  WARN  The 'ulimit -s' on the system is set to 'unlimited'. This may have negative performance implications. Please set the heap size to the default value (10240) 
[1443351310.531254] [node008:24283:0]         sys.c:719  MXM  WARN  Conflicting CPU frequencies detected, using: 1788.66
[1443351310.599049] [node008:24283:0]         mxm.c:185  MXM  WARN  The 'ulimit -s' on the system is set to 'unlimited'. This may have negative performance implications. Please set the heap size to the default value (10240) 
[1443351310.530510] [node008:24284:0]         sys.c:719  MXM  WARN  Conflicting CPU frequencies detected, using: 1788.66
[1443351310.590113] [node008:24284:0]         mxm.c:185  MXM  WARN  The 'ulimit -s' on the system is set to 'unlimited'. This may have negative performance implications. Please set the heap size to the default value (10240) 
[1443351310.532763] [node008:24287:0]         sys.c:719  MXM  WARN  Conflicting CPU frequencies detected, using: 1788.66
[1443351310.600548] [node008:24287:0]         mxm.c:185  MXM  WARN  The 'ulimit -s' on the system is set to 'unlimited'. This may have negative performance implications. Please set the heap size to the default value (10240) 
[1443351310.531931] [node008:24290:0]         sys.c:719  MXM  WARN  Conflicting CPU frequencies detected, using: 1788.66
[1443351310.603897] [node008:24290:0]         mxm.c:185  MXM  WARN  The 'ulimit -s' on the system is set to 'unlimited'. This may have negative performance implications. Please set the heap size to the default value (10240) 
[1443351310.532705] [node008:24288:0]         sys.c:719  MXM  WARN  Conflicting CPU frequencies detected, using: 1788.66
[1443351310.605086] [node008:24288:0]         mxm.c:185  MXM  WARN  The 'ulimit -s' on the system is set to 'unlimited'. This may have negative performance implications. Please set the heap size to the default value (10240) 
[1443351310.532763] [node008:24289:0]         sys.c:719  MXM  WARN  Conflicting CPU frequencies detected, using: 1788.66
[1443351310.606308] [node008:24289:0]         mxm.c:185  MXM  WARN  The 'ulimit -s' on the system is set to 'unlimited'. This may have negative performance implications. Please set the heap size to the default value (10240) 
[1443351310.906604] [node009:11922:0]         sys.c:719  MXM  WARN  Conflicting CPU frequencies detected, using: 2399.91
[1443351310.912800] [node009:11922:0]         mxm.c:185  MXM  WARN  The 'ulimit -s' on the system is set to 'unlimited'. This may have negative performance implications. Please set the heap size to the default value (10240) 
[1443351310.963129] [node009:11943:0]         sys.c:719  MXM  WARN  Conflicting CPU frequencies detected, using: 2399.91
[1443351310.969440] [node009:11943:0]         mxm.c:185  MXM  WARN  The 'ulimit -s' on the system is set to 'unlimited'. This may have negative performance implications. Please set the heap size to the default value (10240) 
[1443351311.014792] [node009:11968:0]         sys.c:719  MXM  WARN  Conflicting CPU frequencies detected, using: 2299.97
[1443351311.020740] [node009:11968:0]         mxm.c:185  MXM  WARN  The 'ulimit -s' on the system is set to 'unlimited'. This may have negative performance implications. Please set the heap size to the default value (10240) 
[1443351311.035651] [node009:11987:0]         sys.c:719  MXM  WARN  Conflicting CPU frequencies detected, using: 2400.38
[1443351311.041105] [node009:11987:0]         mxm.c:185  MXM  WARN  The 'ulimit -s' on the system is set to 'unlimited'. This may have negative performance implications. Please set the heap size to the default value (10240) 
[1443351311.074167] [node009:12009:0]         sys.c:719  MXM  WARN  Conflicting CPU frequencies detected, using: 2400.19
[1443351311.079965] [node009:12009:0]         mxm.c:185  MXM  WARN  The 'ulimit -s' on the system is set to 'unlimited'. This may have negative performance implications. Please set the heap size to the default value (10240) 
[1443351311.222320] [node011:10083:0]         sys.c:719  MXM  WARN  Conflicting CPU frequencies detected, using: 1480.97
[1443351311.228750] [node011:10083:0]         mxm.c:185  MXM  WARN  The 'ulimit -s' on the system is set to 'unlimited'. This may have negative performance implications. Please set the heap size to the default value (10240) 
[1443351311.259935] [node054:3836 :0]         sys.c:719  MXM  WARN  Conflicting CPU frequencies detected, using: 2858.06
[1443351311.266486] [node054:3836 :0]         mxm.c:185  MXM  WARN  The 'ulimit -s' on the system is set to 'unlimited'. This may have negative performance implications. Please set the heap size to the default value (10240) 
[1443351311.272471] [node009:12043:0]         sys.c:719  MXM  WARN  Conflicting CPU frequencies detected, using: 1892.34
[1443351311.278614] [node009:12043:0]         mxm.c:185  MXM  WARN  The 'ulimit -s' on the system is set to 'unlimited'. This may have negative performance implications. Please set the heap size to the default value (10240) 
[1443351311.324268] [node010:1918 :0]         sys.c:719  MXM  WARN  Conflicting CPU frequencies detected, using: 2083.03
[1443351311.328529] [node010:1918 :0]         mxm.c:185  MXM  WARN  The 'ulimit -s' on the system is set to 'unlimited'. This may have negative performance implications. Please set the heap size to the default value (10240) 
[1443351311.465024] [node011:10107:0]         sys.c:719  MXM  WARN  Conflicting CPU frequencies detected, using: 1391.34
[1443351311.471337] [node011:10107:0]         mxm.c:185  MXM  WARN  The 'ulimit -s' on the system is set to 'unlimited'. This may have negative performance implications. Please set the heap size to the default value (10240) 
[1443351311.475217] [node067:18889:0]         sys.c:719  MXM  WARN  Conflicting CPU frequencies detected, using: 2131.59
[1443351311.481251] [node067:18889:0]         mxm.c:185  MXM  WARN  The 'ulimit -s' on the system is set to 'unlimited'. This may have negative performance implications. Please set the heap size to the default value (10240) 
[1443351311.488351] [node064:22788:0]         sys.c:719  MXM  WARN  Conflicting CPU frequencies detected, using: 1500.00
[1443351311.493971] [node064:22788:0]         mxm.c:185  MXM  WARN  The 'ulimit -s' on the system is set to 'unlimited'. This may have negative performance implications. Please set the heap size to the default value (10240) 
[1443351311.535416] [node065:7730 :0]         sys.c:719  MXM  WARN  Conflicting CPU frequencies detected, using: 1399.97
[1443351311.540366] [node065:7730 :0]         mxm.c:185  MXM  WARN  The 'ulimit -s' on the system is set to 'unlimited'. This may have negative performance implications. Please set the heap size to the default value (10240) 
[1443351311.526208] [node064:22806:0]         sys.c:719  MXM  WARN  Conflicting CPU frequencies detected, using: 1689.75
[1443351311.531478] [node064:22806:0]         mxm.c:185  MXM  WARN  The 'ulimit -s' on the system is set to 'unlimited'. This may have negative performance implications. Please set the heap size to the default value (10240) 
[1443351311.531497] [node064:22810:0]         sys.c:719  MXM  WARN  Conflicting CPU frequencies detected, using: 1699.97
[1443351311.537247] [node064:22810:0]         mxm.c:185  MXM  WARN  The 'ulimit -s' on the system is set to 'unlimited'. This may have negative performance implications. Please set the heap size to the default value (10240) 
[1443351311.530652] [node067:18910:0]         sys.c:719  MXM  WARN  Conflicting CPU frequencies detected, using: 1572.75
[1443351311.537063] [node067:18910:0]         mxm.c:185  MXM  WARN  The 'ulimit -s' on the system is set to 'unlimited'. This may have negative performance implications. Please set the heap size to the default value (10240) 
[1443351311.575692] [node053:10160:0]         sys.c:719  MXM  WARN  Conflicting CPU frequencies detected, using: 1698.66
[1443351311.579578] [node053:10160:0]         mxm.c:185  MXM  WARN  The 'ulimit -s' on the system is set to 'unlimited'. This may have negative performance implications. Please set the heap size to the default value (10240) 
[1443351311.575907] [node011:10133:0]         sys.c:719  MXM  WARN  Conflicting CPU frequencies detected, using: 1935.75
[1443351311.582604] [node011:10133:0]         mxm.c:185  MXM  WARN  The 'ulimit -s' on the system is set to 'unlimited'. This may have negative performance implications. Please set the heap size to the default value (10240) 
[1443351311.567612] [node010:1942 :0]         sys.c:719  MXM  WARN  Conflicting CPU frequencies detected, using: 1453.59
[1443351311.571638] [node010:1942 :0]         mxm.c:185  MXM  WARN  The 'ulimit -s' on the system is set to 'unlimited'. This may have negative performance implications. Please set the heap size to the default value (10240) 
[1443351311.578787] [node011:10132:0]         sys.c:719  MXM  WARN  Conflicting CPU frequencies detected, using: 1935.75
[1443351311.585612] [node011:10132:0]         mxm.c:185  MXM  WARN  The 'ulimit -s' on the system is set to 'unlimited'. This may have negative performance implications. Please set the heap size to the default value (10240) 
[1443351311.572570] [node009:12067:0]         sys.c:719  MXM  WARN  Conflicting CPU frequencies detected, using: 1684.22
[1443351311.578878] [node009:12067:0]         mxm.c:185  MXM  WARN  The 'ulimit -s' on the system is set to 'unlimited'. This may have negative performance implications. Please set the heap size to the default value (10240) 
[1443351311.598838] [node061:9454 :0]         sys.c:719  MXM  WARN  Conflicting CPU frequencies detected, using: 1700.06
[1443351311.602698] [node061:9454 :0]         mxm.c:185  MXM  WARN  The 'ulimit -s' on the system is set to 'unlimited'. This may have negative performance implications. Please set the heap size to the default value (10240) 
[1443351311.604899] [node060:17899:0]         sys.c:719  MXM  WARN  Conflicting CPU frequencies detected, using: 3156.47
[1443351311.609004] [node060:17899:0]         mxm.c:185  MXM  WARN  The 'ulimit -s' on the system is set to 'unlimited'. This may have negative performance implications. Please set the heap size to the default value (10240) 
[1443351311.606523] [node011:10165:0]         sys.c:719  MXM  WARN  Conflicting CPU frequencies detected, using: 2170.78
[1443351311.613203] [node011:10165:0]         mxm.c:185  MXM  WARN  The 'ulimit -s' on the system is set to 'unlimited'. This may have negative performance implications. Please set the heap size to the default value (10240) 
[1443351311.592933] [node063:9769 :0]         sys.c:719  MXM  WARN  Conflicting CPU frequencies detected, using: 1599.94
[1443351311.597085] [node063:9769 :0]         mxm.c:185  MXM  WARN  The 'ulimit -s' on the system is set to 'unlimited'. This may have negative performance implications. Please set the heap size to the default value (10240) 
[1443351311.613634] [node063:9786 :0]         sys.c:719  MXM  WARN  Conflicting CPU frequencies detected, using: 1887.09
[1443351311.617926] [node063:9786 :0]         mxm.c:185  MXM  WARN  The 'ulimit -s' on the system is set to 'unlimited'. This may have negative performance implications. Please set the heap size to the default value (10240) 
[1443351311.624387] [node060:17909:0]         sys.c:719  MXM  WARN  Conflicting CPU frequencies detected, using: 3156.47
[1443351311.629866] [node060:17909:0]         mxm.c:185  MXM  WARN  The 'ulimit -s' on the system is set to 'unlimited'. This may have negative performance implications. Please set the heap size to the default value (10240) 
[1443351311.625750] [node053:10185:0]         sys.c:719  MXM  WARN  Conflicting CPU frequencies detected, using: 1729.03
[1443351311.629428] [node053:10185:0]         mxm.c:185  MXM  WARN  The 'ulimit -s' on the system is set to 'unlimited'. This may have negative performance implications. Please set the heap size to the default value (10240) 
[1443351311.622287] [node065:7753 :0]         sys.c:719  MXM  WARN  Conflicting CPU frequencies detected, using: 1597.50
[1443351311.626046] [node065:7753 :0]         mxm.c:185  MXM  WARN  The 'ulimit -s' on the system is set to 'unlimited'. This may have negative performance implications. Please set the heap size to the default value (10240) 
[1443351311.613438] [node010:1959 :0]         sys.c:719  MXM  WARN  Conflicting CPU frequencies detected, using: 1491.00
[1443351311.617497] [node010:1959 :0]         mxm.c:185  MXM  WARN  The 'ulimit -s' on the system is set to 'unlimited'. This may have negative performance implications. Please set the heap size to the default value (10240) 
[1443351311.634329] [node063:9804 :0]         sys.c:719  MXM  WARN  Conflicting CPU frequencies detected, using: 1887.09
[1443351311.637861] [node063:9804 :0]         mxm.c:185  MXM  WARN  The 'ulimit -s' on the system is set to 'unlimited'. This may have negative performance implications. Please set the heap size to the default value (10240) 
[1443351311.616213] [node064:22860:0]         sys.c:719  MXM  WARN  Conflicting CPU frequencies detected, using: 1882.78
[1443351311.622163] [node064:22860:0]         mxm.c:185  MXM  WARN  The 'ulimit -s' on the system is set to 'unlimited'. This may have negative performance implications. Please set the heap size to the default value (10240) 
[1443351311.617044] [node059:15286:0]         sys.c:719  MXM  WARN  Conflicting CPU frequencies detected, using: 1564.31
[1443351311.621066] [node059:15286:0]         mxm.c:185  MXM  WARN  The 'ulimit -s' on the system is set to 'unlimited'. This may have negative performance implications. Please set the heap size to the default value (10240) 
[1443351311.620991] [node057:19196:0]         sys.c:719  MXM  WARN  Conflicting CPU frequencies detected, using: 1494.00
[1443351311.625145] [node057:19196:0]         mxm.c:185  MXM  WARN  The 'ulimit -s' on the system is set to 'unlimited'. This may have negative performance implications. Please set the heap size to the default value (10240) 
[1443351311.639196] [node065:7772 :0]         sys.c:719  MXM  WARN  Conflicting CPU frequencies detected, using: 1742.44
[1443351311.642655] [node065:7772 :0]         mxm.c:185  MXM  WARN  The 'ulimit -s' on the system is set to 'unlimited'. This may have negative performance implications. Please set the heap size to the default value (10240) 
[1443351311.625487] [node057:19202:0]         sys.c:719  MXM  WARN  Conflicting CPU frequencies detected, using: 1494.00
[1443351311.629223] [node057:19202:0]         mxm.c:185  MXM  WARN  The 'ulimit -s' on the system is set to 'unlimited'. This may have negative performance implications. Please set the heap size to the default value (10240) 
[1443351311.625944] [node053:10179:0]         sys.c:719  MXM  WARN  Conflicting CPU frequencies detected, using: 1729.03
[1443351311.630236] [node053:10179:0]         mxm.c:185  MXM  WARN  The 'ulimit -s' on the system is set to 'unlimited'. This may have negative performance implications. Please set the heap size to the default value (10240) 
[1443351311.627932] [node053:10178:0]         sys.c:719  MXM  WARN  Conflicting CPU frequencies detected, using: 1729.03
[1443351311.631883] [node053:10178:0]         mxm.c:185  MXM  WARN  The 'ulimit -s' on the system is set to 'unlimited'. This may have negative performance implications. Please set the heap size to the default value (10240) 
[1443351311.658369] [node053:10234:0]         sys.c:719  MXM  WARN  Conflicting CPU frequencies detected, using: 2155.50
[1443351311.662411] [node053:10234:0]         mxm.c:185  MXM  WARN  The 'ulimit -s' on the system is set to 'unlimited'. This may have negative performance implications. Please set the heap size to the default value (10240) 
[1443351311.632937] [node067:18937:0]         sys.c:719  MXM  WARN  Conflicting CPU frequencies detected, using: 1475.44
[1443351311.639172] [node067:18937:0]         mxm.c:185  MXM  WARN  The 'ulimit -s' on the system is set to 'unlimited'. This may have negative performance implications. Please set the heap size to the default value (10240) 
[1443351311.660837] [node059:15303:0]         sys.c:719  MXM  WARN  Conflicting CPU frequencies detected, using: 1697.53
[1443351311.664548] [node059:15303:0]         mxm.c:185  MXM  WARN  The 'ulimit -s' on the system is set to 'unlimited'. This may have negative performance implications. Please set the heap size to the default value (10240) 
[1443351311.685728] [node055:3888 :0]         sys.c:719  MXM  WARN  Conflicting CPU frequencies detected, using: 1533.47
[1443351311.692507] [node055:3888 :0]         mxm.c:185  MXM  WARN  The 'ulimit -s' on the system is set to 'unlimited'. This may have negative performance implications. Please set the heap size to the default value (10240) 
[1443351311.668119] [node011:10199:0]         sys.c:719  MXM  WARN  Conflicting CPU frequencies detected, using: 2287.12
[1443351311.673901] [node011:10199:0]         mxm.c:185  MXM  WARN  The 'ulimit -s' on the system is set to 'unlimited'. This may have negative performance implications. Please set the heap size to the default value (10240) 
[1443351311.669227] [node010:1987 :0]         sys.c:719  MXM  WARN  Conflicting CPU frequencies detected, using: 1699.97
[1443351311.673156] [node010:1987 :0]         mxm.c:185  MXM  WARN  The 'ulimit -s' on the system is set to 'unlimited'. This may have negative performance implications. Please set the heap size to the default value (10240) 
[1443351311.649411] [node068:19999:0]         sys.c:719  MXM  WARN  Conflicting CPU frequencies detected, using: 1596.47
[1443351311.655879] [node068:19999:0]         mxm.c:185  MXM  WARN  The 'ulimit -s' on the system is set to 'unlimited'. This may have negative performance implications. Please set the heap size to the default value (10240) 
[1443351311.686596] [node059:15326:0]         sys.c:719  MXM  WARN  Conflicting CPU frequencies detected, using: 1767.19
[1443351311.690368] [node059:15326:0]         mxm.c:185  MXM  WARN  The 'ulimit -s' on the system is set to 'unlimited'. This may have negative performance implications. Please set the heap size to the default value (10240) 
[1443351311.706557] [node061:9478 :0]         sys.c:719  MXM  WARN  Conflicting CPU frequencies detected, using: 2400.00
[1443351311.710244] [node061:9478 :0]         mxm.c:185  MXM  WARN  The 'ulimit -s' on the system is set to 'unlimited'. This may have negative performance implications. Please set the heap size to the default value (10240) 
[1443351311.710840] [node065:7801 :0]         sys.c:719  MXM  WARN  Conflicting CPU frequencies detected, using: 2154.47
[1443351311.714838] [node065:7801 :0]         mxm.c:185  MXM  WARN  The 'ulimit -s' on the system is set to 'unlimited'. This may have negative performance implications. Please set the heap size to the default value (10240) 
[1443351311.675991] [node009:12091:0]         sys.c:719  MXM  WARN  Conflicting CPU frequencies detected, using: 1497.00
[1443351311.682207] [node009:12091:0]         mxm.c:185  MXM  WARN  The 'ulimit -s' on the system is set to 'unlimited'. This may have negative performance implications. Please set the heap size to the default value (10240) 
[1443351311.691605] [node054:3860 :0]         sys.c:719  MXM  WARN  Conflicting CPU frequencies detected, using: 1699.97
[1443351311.699582] [node054:3860 :0]         mxm.c:185  MXM  WARN  The 'ulimit -s' on the system is set to 'unlimited'. This may have negative performance implications. Please set the heap size to the default value (10240) 
[1443351311.710379] [node067:18960:0]         sys.c:719  MXM  WARN  Conflicting CPU frequencies detected, using: 1988.25
[1443351311.715733] [node067:18960:0]         mxm.c:185  MXM  WARN  The 'ulimit -s' on the system is set to 'unlimited'. This may have negative performance implications. Please set the heap size to the default value (10240) 
[1443351311.729901] [node063:9841 :0]         sys.c:719  MXM  WARN  Conflicting CPU frequencies detected, using: 2282.91
[1443351311.733361] [node063:9841 :0]         mxm.c:185  MXM  WARN  The 'ulimit -s' on the system is set to 'unlimited'. This may have negative performance implications. Please set the heap size to the default value (10240) 
[1443351311.710547] [node066:20493:0]         sys.c:719  MXM  WARN  Conflicting CPU frequencies detected, using: 1826.06
[1443351311.716591] [node066:20493:0]         mxm.c:185  MXM  WARN  The 'ulimit -s' on the system is set to 'unlimited'. This may have negative performance implications. Please set the heap size to the default value (10240) 
[1443351311.736152] [node065:7820 :0]         sys.c:719  MXM  WARN  Conflicting CPU frequencies detected, using: 2196.66
[1443351311.739788] [node065:7820 :0]         mxm.c:185  MXM  WARN  The 'ulimit -s' on the system is set to 'unlimited'. This may have negative performance implications. Please set the heap size to the default value (10240) 
[1443351311.722811] [node067:18973:0]         sys.c:719  MXM  WARN  Conflicting CPU frequencies detected, using: 1989.28
[1443351311.728357] [node067:18973:0]         mxm.c:185  MXM  WARN  The 'ulimit -s' on the system is set to 'unlimited'. This may have negative performance implications. Please set the heap size to the default value (10240) 
[1443351311.742348] [node053:10289:0]         sys.c:719  MXM  WARN  Conflicting CPU frequencies detected, using: 2400.09
[1443351311.745466] [node053:10289:0]         mxm.c:185  MXM  WARN  The 'ulimit -s' on the system is set to 'unlimited'. This may have negative performance implications. Please set the heap size to the default value (10240) 
[1443351311.743764] [node061:9495 :0]         sys.c:719  MXM  WARN  Conflicting CPU frequencies detected, using: 2400.00
[1443351311.747081] [node061:9495 :0]         mxm.c:185  MXM  WARN  The 'ulimit -s' on the system is set to 'unlimited'. This may have negative performance implications. Please set the heap size to the default value (10240) 
[1443351311.733175] [node055:3905 :0]         sys.c:719  MXM  WARN  Conflicting CPU frequencies detected, using: 2010.38
[1443351311.740042] [node055:3905 :0]         mxm.c:185  MXM  WARN  The 'ulimit -s' on the system is set to 'unlimited'. This may have negative performance implications. Please set the heap size to the default value (10240) 
[1443351311.731901] [node057:19244:0]         sys.c:719  MXM  WARN  Conflicting CPU frequencies detected, using: 1921.59
[1443351311.736074] [node057:19244:0]         mxm.c:185  MXM  WARN  The 'ulimit -s' on the system is set to 'unlimited'. This may have negative performance implications. Please set the heap size to the default value (10240) 
[1443351311.714805] [node056:15601:0]         sys.c:719  MXM  WARN  Conflicting CPU frequencies detected, using: 1686.84
[1443351311.720384] [node056:15601:0]         mxm.c:185  MXM  WARN  The 'ulimit -s' on the system is set to 'unlimited'. This may have negative performance implications. Please set the heap size to the default value (10240) 
[1443351311.755899] [node059:15361:0]         sys.c:719  MXM  WARN  Conflicting CPU frequencies detected, using: 2289.75
[1443351311.758914] [node059:15361:0]         mxm.c:185  MXM  WARN  The 'ulimit -s' on the system is set to 'unlimited'. This may have negative performance implications. Please set the heap size to the default value (10240) 
[1443351311.746650] [node010:2014 :0]         sys.c:719  MXM  WARN  Conflicting CPU frequencies detected, using: 2345.16
[1443351311.750202] [node010:2014 :0]         mxm.c:185  MXM  WARN  The 'ulimit -s' on the system is set to 'unlimited'. This may have negative performance implications. Please set the heap size to the default value (10240) 
[1443351311.751462] [node065:7834 :0]         sys.c:719  MXM  WARN  Conflicting CPU frequencies detected, using: 2364.75
[1443351311.755512] [node065:7834 :0]         mxm.c:185  MXM  WARN  The 'ulimit -s' on the system is set to 'unlimited'. This may have negative performance implications. Please set the heap size to the default value (10240) 
[1443351311.745051] [node067:18992:0]         sys.c:719  MXM  WARN  Conflicting CPU frequencies detected, using: 2097.00
[1443351311.750334] [node067:18992:0]         mxm.c:185  MXM  WARN  The 'ulimit -s' on the system is set to 'unlimited'. This may have negative performance implications. Please set the heap size to the default value (10240) 
[1443351311.729629] [node068:20022:0]         sys.c:719  MXM  WARN  Conflicting CPU frequencies detected, using: 1809.09
[1443351311.736002] [node068:20022:0]         mxm.c:185  MXM  WARN  The 'ulimit -s' on the system is set to 'unlimited'. This may have negative performance implications. Please set the heap size to the default value (10240) 
[1443351311.760421] [node059:15357:0]         sys.c:719  MXM  WARN  Conflicting CPU frequencies detected, using: 2296.41
[1443351311.763035] [node059:15357:0]         mxm.c:185  MXM  WARN  The 'ulimit -s' on the system is set to 'unlimited'. This may have negative performance implications. Please set the heap size to the default value (10240) 
[1443351311.752581] [node060:17947:0]         sys.c:719  MXM  WARN  Conflicting CPU frequencies detected, using: 2086.59
[1443351311.756337] [node060:17947:0]         mxm.c:185  MXM  WARN  The 'ulimit -s' on the system is set to 'unlimited'. This may have negative performance implications. Please set the heap size to the default value (10240) 
[1443351311.750672] [node057:19256:0]         sys.c:719  MXM  WARN  Conflicting CPU frequencies detected, using: 1986.38
[1443351311.754344] [node057:19256:0]         mxm.c:185  MXM  WARN  The 'ulimit -s' on the system is set to 'unlimited'. This may have negative performance implications. Please set the heap size to the default value (10240) 
[1443351311.753882] [node060:17951:0]         sys.c:719  MXM  WARN  Conflicting CPU frequencies detected, using: 2086.59
[1443351311.757399] [node060:17951:0]         mxm.c:185  MXM  WARN  The 'ulimit -s' on the system is set to 'unlimited'. This may have negative performance implications. Please set the heap size to the default value (10240) 
[1443351311.759427] [node061:9504 :0]         sys.c:719  MXM  WARN  Conflicting CPU frequencies detected, using: 2400.00
[1443351311.763035] [node061:9504 :0]         mxm.c:185  MXM  WARN  The 'ulimit -s' on the system is set to 'unlimited'. This may have negative performance implications. Please set the heap size to the default value (10240) 
[1443351311.762190] [node061:9518 :0]         sys.c:719  MXM  WARN  Conflicting CPU frequencies detected, using: 2400.00
[1443351311.765022] [node061:9518 :0]         mxm.c:185  MXM  WARN  The 'ulimit -s' on the system is set to 'unlimited'. This may have negative performance implications. Please set the heap size to the default value (10240) 
[1443351311.739624] [node068:20028:0]         sys.c:719  MXM  WARN  Conflicting CPU frequencies detected, using: 1900.03
[1443351311.747026] [node068:20028:0]         mxm.c:185  MXM  WARN  The 'ulimit -s' on the system is set to 'unlimited'. This may have negative performance implications. Please set the heap size to the default value (10240) 
[1443351311.755403] [node010:2021 :0]         sys.c:719  MXM  WARN  Conflicting CPU frequencies detected, using: 2345.16
[1443351311.758301] [node010:2021 :0]         mxm.c:185  MXM  WARN  The 'ulimit -s' on the system is set to 'unlimited'. This may have negative performance implications. Please set the heap size to the default value (10240) 
[1443351311.753174] [node011:10227:0]         sys.c:719  MXM  WARN  Conflicting CPU frequencies detected, using: 2400.00
[1443351311.758765] [node011:10227:0]         mxm.c:185  MXM  WARN  The 'ulimit -s' on the system is set to 'unlimited'. This may have negative performance implications. Please set the heap size to the default value (10240) 
[1443351311.763932] [node061:9505 :0]         sys.c:719  MXM  WARN  Conflicting CPU frequencies detected, using: 2399.91
[1443351311.767001] [node061:9505 :0]         mxm.c:185  MXM  WARN  The 'ulimit -s' on the system is set to 'unlimited'. This may have negative performance implications. Please set the heap size to the default value (10240) 
[1443351311.753466] [node055:3922 :0]         sys.c:719  MXM  WARN  Conflicting CPU frequencies detected, using: 2196.56
[1443351311.759784] [node055:3922 :0]         mxm.c:185  MXM  WARN  The 'ulimit -s' on the system is set to 'unlimited'. This may have negative performance implications. Please set the heap size to the default value (10240) 
[1443351311.770662] [node053:10307:0]         sys.c:719  MXM  WARN  Conflicting CPU frequencies detected, using: 2400.00
[1443351311.774822] [node053:10307:0]         mxm.c:185  MXM  WARN  The 'ulimit -s' on the system is set to 'unlimited'. This may have negative performance implications. Please set the heap size to the default value (10240) 
[1443351311.772223] [node063:9858 :0]         sys.c:719  MXM  WARN  Conflicting CPU frequencies detected, using: 2399.44
[1443351311.775653] [node063:9858 :0]         mxm.c:185  MXM  WARN  The 'ulimit -s' on the system is set to 'unlimited'. This may have negative performance implications. Please set the heap size to the default value (10240) 
[1443351311.781246] [node065:7862 :0]         sys.c:719  MXM  WARN  Conflicting CPU frequencies detected, using: 2399.91
[1443351311.784241] [node065:7862 :0]         mxm.c:185  MXM  WARN  The 'ulimit -s' on the system is set to 'unlimited'. This may have negative performance implications. Please set the heap size to the default value (10240) 
[1443351311.759296] [node064:22886:0]         sys.c:719  MXM  WARN  Conflicting CPU frequencies detected, using: 1799.06
[1443351311.764910] [node064:22886:0]         mxm.c:185  MXM  WARN  The 'ulimit -s' on the system is set to 'unlimited'. This may have negative performance implications. Please set the heap size to the default value (10240) 
[1443351311.762940] [node054:3878 :0]         sys.c:719  MXM  WARN  Conflicting CPU frequencies detected, using: 2298.84
[1443351311.770539] [node054:3878 :0]         mxm.c:185  MXM  WARN  The 'ulimit -s' on the system is set to 'unlimited'. This may have negative performance implications. Please set the heap size to the default value (10240) 
[1443351311.755971] [node066:20510:0]         sys.c:719  MXM  WARN  Conflicting CPU frequencies detected, using: 2121.75
[1443351311.765072] [node066:20510:0]         mxm.c:185  MXM  WARN  The 'ulimit -s' on the system is set to 'unlimited'. This may have negative performance implications. Please set the heap size to the default value (10240) 
[1443351311.783191] [node065:7860 :0]         sys.c:719  MXM  WARN  Conflicting CPU frequencies detected, using: 2399.91
[1443351311.785788] [node065:7860 :0]         mxm.c:185  MXM  WARN  The 'ulimit -s' on the system is set to 'unlimited'. This may have negative performance implications. Please set the heap size to the default value (10240) 
[1443351311.781531] [node061:9569 :0]         sys.c:719  MXM  WARN  Conflicting CPU frequencies detected, using: 2400.00
[1443351311.785385] [node061:9569 :0]         mxm.c:185  MXM  WARN  The 'ulimit -s' on the system is set to 'unlimited'. This may have negative performance implications. Please set the heap size to the default value (10240) 
[1443351311.759801] [node056:15618:0]         sys.c:719  MXM  WARN  Conflicting CPU frequencies detected, using: 2095.97
[1443351311.766342] [node056:15618:0]         mxm.c:185  MXM  WARN  The 'ulimit -s' on the system is set to 'unlimited'. This may have negative performance implications. Please set the heap size to the default value (10240) 
[1443351311.781977] [node063:9866 :0]         sys.c:719  MXM  WARN  Conflicting CPU frequencies detected, using: 2400.00
[1443351311.785810] [node063:9866 :0]         mxm.c:185  MXM  WARN  The 'ulimit -s' on the system is set to 'unlimited'. This may have negative performance implications. Please set the heap size to the default value (10240) 
[1443351311.764255] [node054:3879 :0]         sys.c:719  MXM  WARN  Conflicting CPU frequencies detected, using: 2398.03
[1443351311.771540] [node054:3879 :0]         mxm.c:185  MXM  WARN  The 'ulimit -s' on the system is set to 'unlimited'. This may have negative performance implications. Please set the heap size to the default value (10240) 
[1443351311.757582] [node066:20511:0]         sys.c:719  MXM  WARN  Conflicting CPU frequencies detected, using: 2121.75
[1443351311.767577] [node066:20511:0]         mxm.c:185  MXM  WARN  The 'ulimit -s' on the system is set to 'unlimited'. This may have negative performance implications. Please set the heap size to the default value (10240) 
[1443351311.787160] [node053:10308:0]         sys.c:719  MXM  WARN  Conflicting CPU frequencies detected, using: 2399.91
[1443351311.791289] [node053:10308:0]         mxm.c:185  MXM  WARN  The 'ulimit -s' on the system is set to 'unlimited'. This may have negative performance implications. Please set the heap size to the default value (10240) 
[1443351311.780290] [node010:2051 :0]         sys.c:719  MXM  WARN  Conflicting CPU frequencies detected, using: 2400.00
[1443351311.784072] [node010:2051 :0]         mxm.c:185  MXM  WARN  The 'ulimit -s' on the system is set to 'unlimited'. This may have negative performance implications. Please set the heap size to the default value (10240) 
[1443351311.787055] [node010:2058 :0]         sys.c:719  MXM  WARN  Conflicting CPU frequencies detected, using: 2400.00
[1443351311.790138] [node010:2058 :0]         mxm.c:185  MXM  WARN  The 'ulimit -s' on the system is set to 'unlimited'. This may have negative performance implications. Please set the heap size to the default value (10240) 
[1443351311.784654] [node057:19278:0]         sys.c:719  MXM  WARN  Conflicting CPU frequencies detected, using: 2097.47
[1443351311.788376] [node057:19278:0]         mxm.c:185  MXM  WARN  The 'ulimit -s' on the system is set to 'unlimited'. This may have negative performance implications. Please set the heap size to the default value (10240) 
[1443351311.787569] [node063:9886 :0]         sys.c:719  MXM  WARN  Conflicting CPU frequencies detected, using: 2400.00
[1443351311.791794] [node063:9886 :0]         mxm.c:185  MXM  WARN  The 'ulimit -s' on the system is set to 'unlimited'. This may have negative performance implications. Please set the heap size to the default value (10240) 
[1443351311.796484] [node059:15395:0]         sys.c:719  MXM  WARN  Conflicting CPU frequencies detected, using: 2400.00
[1443351311.799410] [node059:15395:0]         mxm.c:185  MXM  WARN  The 'ulimit -s' on the system is set to 'unlimited'. This may have negative performance implications. Please set the heap size to the default value (10240) 
[1443351311.764035] [node062:2265 :0]         sys.c:719  MXM  WARN  Conflicting CPU frequencies detected, using: 1799.16
[1443351311.771053] [node062:2265 :0]         mxm.c:185  MXM  WARN  The 'ulimit -s' on the system is set to 'unlimited'. This may have negative performance implications. Please set the heap size to the default value (10240) 
[1443351311.773625] [node062:2280 :0]         sys.c:719  MXM  WARN  Conflicting CPU frequencies detected, using: 1899.94
[1443351311.780933] [node062:2280 :0]         mxm.c:185  MXM  WARN  The 'ulimit -s' on the system is set to 'unlimited'. This may have negative performance implications. Please set the heap size to the default value (10240) 
[1443351311.797128] [node063:9903 :0]         sys.c:719  MXM  WARN  Conflicting CPU frequencies detected, using: 2400.00
[1443351311.800176] [node063:9903 :0]         mxm.c:185  MXM  WARN  The 'ulimit -s' on the system is set to 'unlimited'. This may have negative performance implications. Please set the heap size to the default value (10240) 
[1443351311.767449] [node062:2266 :0]         sys.c:719  MXM  WARN  Conflicting CPU frequencies detected, using: 1799.16
[1443351311.774018] [node062:2266 :0]         mxm.c:185  MXM  WARN  The 'ulimit -s' on the system is set to 'unlimited'. This may have negative performance implications. Please set the heap size to the default value (10240) 
[1443351311.777575] [node054:3897 :0]         sys.c:719  MXM  WARN  Conflicting CPU frequencies detected, using: 2398.03
[1443351311.786259] [node054:3897 :0]         mxm.c:185  MXM  WARN  The 'ulimit -s' on the system is set to 'unlimited'. This may have negative performance implications. Please set the heap size to the default value (10240) 
[1443351311.800349] [node061:9593 :0]         sys.c:719  MXM  WARN  Conflicting CPU frequencies detected, using: 2400.09
[1443351311.803376] [node061:9593 :0]         mxm.c:185  MXM  WARN  The 'ulimit -s' on the system is set to 'unlimited'. This may have negative performance implications. Please set the heap size to the default value (10240) 
[1443351311.796753] [node060:17983:0]         sys.c:719  MXM  WARN  Conflicting CPU frequencies detected, using: 2400.00
[1443351311.800022] [node060:17983:0]         mxm.c:185  MXM  WARN  The 'ulimit -s' on the system is set to 'unlimited'. This may have negative performance implications. Please set the heap size to the default value (10240) 
[1443351311.758551] [node066:20530:0]         sys.c:719  MXM  WARN  Conflicting CPU frequencies detected, using: 2121.75
[1443351311.769099] [node066:20530:0]         mxm.c:185  MXM  WARN  The 'ulimit -s' on the system is set to 'unlimited'. This may have negative performance implications. Please set the heap size to the default value (10240) 
[1443351311.788692] [node067:19024:0]         sys.c:719  MXM  WARN  Conflicting CPU frequencies detected, using: 2399.91
[1443351311.794535] [node067:19024:0]         mxm.c:185  MXM  WARN  The 'ulimit -s' on the system is set to 'unlimited'. This may have negative performance implications. Please set the heap size to the default value (10240) 
[1443351311.799415] [node059:15396:0]         sys.c:719  MXM  WARN  Conflicting CPU frequencies detected, using: 2400.00
[1443351311.802476] [node059:15396:0]         mxm.c:185  MXM  WARN  The 'ulimit -s' on the system is set to 'unlimited'. This may have negative performance implications. Please set the heap size to the default value (10240) 
[1443351311.798599] [node059:15397:0]         sys.c:719  MXM  WARN  Conflicting CPU frequencies detected, using: 2400.00
[1443351311.801579] [node059:15397:0]         mxm.c:185  MXM  WARN  The 'ulimit -s' on the system is set to 'unlimited'. This may have negative performance implications. Please set the heap size to the default value (10240) 
[1443351311.793637] [node067:19041:0]         sys.c:719  MXM  WARN  Conflicting CPU frequencies detected, using: 2399.91
[1443351311.798520] [node067:19041:0]         mxm.c:185  MXM  WARN  The 'ulimit -s' on the system is set to 'unlimited'. This may have negative performance implications. Please set the heap size to the default value (10240) 
[1443351311.758824] [node066:20509:0]         sys.c:719  MXM  WARN  Conflicting CPU frequencies detected, using: 2121.75
[1443351311.771707] [node066:20509:0]         mxm.c:185  MXM  WARN  The 'ulimit -s' on the system is set to 'unlimited'. This may have negative performance implications. Please set the heap size to the default value (10240) 
[1443351311.803916] [node058:16962:0]         sys.c:719  MXM  WARN  Conflicting CPU frequencies detected, using: 2081.16
[1443351311.807078] [node058:16962:0]         mxm.c:185  MXM  WARN  The 'ulimit -s' on the system is set to 'unlimited'. This may have negative performance implications. Please set the heap size to the default value (10240) 
[1443351311.791831] [node011:10244:0]         sys.c:719  MXM  WARN  Conflicting CPU frequencies detected, using: 2299.97
[1443351311.797918] [node011:10244:0]         mxm.c:185  MXM  WARN  The 'ulimit -s' on the system is set to 'unlimited'. This may have negative performance implications. Please set the heap size to the default value (10240) 
[1443351311.787982] [node064:22894:0]         sys.c:719  MXM  WARN  Conflicting CPU frequencies detected, using: 1996.12
[1443351311.794532] [node064:22894:0]         mxm.c:185  MXM  WARN  The 'ulimit -s' on the system is set to 'unlimited'. This may have negative performance implications. Please set the heap size to the default value (10240) 
[1443351311.779359] [node054:3898 :0]         sys.c:719  MXM  WARN  Conflicting CPU frequencies detected, using: 2378.06
[1443351311.789470] [node054:3898 :0]         mxm.c:185  MXM  WARN  The 'ulimit -s' on the system is set to 'unlimited'. This may have negative performance implications. Please set the heap size to the default value (10240) 
[1443351311.805150] [node057:19294:0]         sys.c:719  MXM  WARN  Conflicting CPU frequencies detected, using: 2316.56
[1443351311.808467] [node057:19294:0]         mxm.c:185  MXM  WARN  The 'ulimit -s' on the system is set to 'unlimited'. This may have negative performance implications. Please set the heap size to the default value (10240) 
[1443351311.789661] [node062:2306 :0]         sys.c:719  MXM  WARN  Conflicting CPU frequencies detected, using: 1998.19
[1443351311.795817] [node062:2306 :0]         mxm.c:185  MXM  WARN  The 'ulimit -s' on the system is set to 'unlimited'. This may have negative performance implications. Please set the heap size to the default value (10240) 
[1443351311.780967] [node054:3899 :0]         sys.c:719  MXM  WARN  Conflicting CPU frequencies detected, using: 2378.06
[1443351311.790190] [node054:3899 :0]         mxm.c:185  MXM  WARN  The 'ulimit -s' on the system is set to 'unlimited'. This may have negative performance implications. Please set the heap size to the default value (10240) 
[1443351311.793250] [node064:22907:0]         sys.c:719  MXM  WARN  Conflicting CPU frequencies detected, using: 2064.28
[1443351311.798436] [node064:22907:0]         mxm.c:185  MXM  WARN  The 'ulimit -s' on the system is set to 'unlimited'. This may have negative performance implications. Please set the heap size to the default value (10240) 
[1443351311.773151] [node066:20584:0]         sys.c:719  MXM  WARN  Conflicting CPU frequencies detected, using: 2199.94
[1443351311.785973] [node066:20584:0]         mxm.c:185  MXM  WARN  The 'ulimit -s' on the system is set to 'unlimited'. This may have negative performance implications. Please set the heap size to the default value (10240) 
[1443351311.776141] [node066:20590:0]         sys.c:719  MXM  WARN  Conflicting CPU frequencies detected, using: 2199.94
[1443351311.787497] [node066:20590:0]         mxm.c:185  MXM  WARN  The 'ulimit -s' on the system is set to 'unlimited'. This may have negative performance implications. Please set the heap size to the default value (10240) 
[1443351311.808719] [node057:19296:0]         sys.c:719  MXM  WARN  Conflicting CPU frequencies detected, using: 2316.56
[1443351311.811988] [node057:19296:0]         mxm.c:185  MXM  WARN  The 'ulimit -s' on the system is set to 'unlimited'. This may have negative performance implications. Please set the heap size to the default value (10240) 
[1443351311.812784] [node057:19295:0]         sys.c:719  MXM  WARN  Conflicting CPU frequencies detected, using: 2316.56
[1443351311.815655] [node057:19295:0]         mxm.c:185  MXM  WARN  The 'ulimit -s' on the system is set to 'unlimited'. This may have negative performance implications. Please set the heap size to the default value (10240) 
[1443351311.807217] [node058:16995:0]         sys.c:719  MXM  WARN  Conflicting CPU frequencies detected, using: 2081.16
[1443351311.810268] [node058:16995:0]         mxm.c:185  MXM  WARN  The 'ulimit -s' on the system is set to 'unlimited'. This may have negative performance implications. Please set the heap size to the default value (10240) 
[1443351311.804438] [node058:16961:0]         sys.c:719  MXM  WARN  Conflicting CPU frequencies detected, using: 2081.16
[1443351311.808127] [node058:16961:0]         mxm.c:185  MXM  WARN  The 'ulimit -s' on the system is set to 'unlimited'. This may have negative performance implications. Please set the heap size to the default value (10240) 
[1443351311.795226] [node054:3969 :0]         sys.c:719  MXM  WARN  Conflicting CPU frequencies detected, using: 2397.66
[1443351311.805150] [node054:3969 :0]         mxm.c:185  MXM  WARN  The 'ulimit -s' on the system is set to 'unlimited'. This may have negative performance implications. Please set the heap size to the default value (10240) 
[1443351311.809916] [node060:17982:0]         sys.c:719  MXM  WARN  Conflicting CPU frequencies detected, using: 2400.00
[1443351311.813912] [node060:17982:0]         mxm.c:185  MXM  WARN  The 'ulimit -s' on the system is set to 'unlimited'. This may have negative performance implications. Please set the heap size to the default value (10240) 
[1443351311.810103] [node055:3950 :0]         sys.c:719  MXM  WARN  Conflicting CPU frequencies detected, using: 2399.91
[1443351311.815283] [node055:3950 :0]         mxm.c:185  MXM  WARN  The 'ulimit -s' on the system is set to 'unlimited'. This may have negative performance implications. Please set the heap size to the default value (10240) 
[1443351311.793475] [node066:20616:0]         sys.c:719  MXM  WARN  Conflicting CPU frequencies detected, using: 2291.62
[1443351311.804997] [node066:20616:0]         mxm.c:185  MXM  WARN  The 'ulimit -s' on the system is set to 'unlimited'. This may have negative performance implications. Please set the heap size to the default value (10240) 
[1443351311.797299] [node068:20061:0]         sys.c:719  MXM  WARN  Conflicting CPU frequencies detected, using: 2291.25
[1443351311.804069] [node068:20061:0]         mxm.c:185  MXM  WARN  The 'ulimit -s' on the system is set to 'unlimited'. This may have negative performance implications. Please set the heap size to the default value (10240) 
[1443351311.798842] [node064:22913:0]         sys.c:719  MXM  WARN  Conflicting CPU frequencies detected, using: 2064.28
[1443351311.805992] [node064:22913:0]         mxm.c:185  MXM  WARN  The 'ulimit -s' on the system is set to 'unlimited'. This may have negative performance implications. Please set the heap size to the default value (10240) 
[1443351311.797718] [node068:20060:0]         sys.c:719  MXM  WARN  Conflicting CPU frequencies detected, using: 2291.25
[1443351311.805888] [node068:20060:0]         mxm.c:185  MXM  WARN  The 'ulimit -s' on the system is set to 'unlimited'. This may have negative performance implications. Please set the heap size to the default value (10240) 
[1443351311.806157] [node068:20075:0]         sys.c:719  MXM  WARN  Conflicting CPU frequencies detected, using: 2291.25
[1443351311.814138] [node068:20075:0]         mxm.c:185  MXM  WARN  The 'ulimit -s' on the system is set to 'unlimited'. This may have negative performance implications. Please set the heap size to the default value (10240) 
[1443351311.832079] [node058:17005:0]         sys.c:719  MXM  WARN  Conflicting CPU frequencies detected, using: 2400.00
[1443351311.835161] [node058:17005:0]         mxm.c:185  MXM  WARN  The 'ulimit -s' on the system is set to 'unlimited'. This may have negative performance implications. Please set the heap size to the default value (10240) 
[1443351311.809173] [node062:2326 :0]         sys.c:719  MXM  WARN  Conflicting CPU frequencies detected, using: 2283.56
[1443351311.817831] [node062:2326 :0]         mxm.c:185  MXM  WARN  The 'ulimit -s' on the system is set to 'unlimited'. This may have negative performance implications. Please set the heap size to the default value (10240) 
[1443351311.808700] [node062:2327 :0]         sys.c:719  MXM  WARN  Conflicting CPU frequencies detected, using: 2283.56
[1443351311.819339] [node062:2327 :0]         mxm.c:185  MXM  WARN  The 'ulimit -s' on the system is set to 'unlimited'. This may have negative performance implications. Please set the heap size to the default value (10240) 
[1443351311.836740] [node058:17006:0]         sys.c:719  MXM  WARN  Conflicting CPU frequencies detected, using: 2400.00
[1443351311.839722] [node058:17006:0]         mxm.c:185  MXM  WARN  The 'ulimit -s' on the system is set to 'unlimited'. This may have negative performance implications. Please set the heap size to the default value (10240) 
[1443351311.818087] [node062:2392 :0]         sys.c:719  MXM  WARN  Conflicting CPU frequencies detected, using: 2286.38
[1443351311.827885] [node062:2392 :0]         mxm.c:185  MXM  WARN  The 'ulimit -s' on the system is set to 'unlimited'. This may have negative performance implications. Please set the heap size to the default value (10240) 
[1443351311.812778] [node068:20123:0]         sys.c:719  MXM  WARN  Conflicting CPU frequencies detected, using: 2396.62
[1443351311.824034] [node068:20123:0]         mxm.c:185  MXM  WARN  The 'ulimit -s' on the system is set to 'unlimited'. This may have negative performance implications. Please set the heap size to the default value (10240) 
[1443351311.839396] [node058:17007:0]         sys.c:719  MXM  WARN  Conflicting CPU frequencies detected, using: 2400.00
[1443351311.842407] [node058:17007:0]         mxm.c:185  MXM  WARN  The 'ulimit -s' on the system is set to 'unlimited'. This may have negative performance implications. Please set the heap size to the default value (10240) 
[1443351311.825973] [node060:18031:0]         sys.c:719  MXM  WARN  Conflicting CPU frequencies detected, using: 2400.00
[1443351311.829735] [node060:18031:0]         mxm.c:185  MXM  WARN  The 'ulimit -s' on the system is set to 'unlimited'. This may have negative performance implications. Please set the heap size to the default value (10240) 
[1443351311.824028] [node060:18024:0]         sys.c:719  MXM  WARN  Conflicting CPU frequencies detected, using: 2400.00
[1443351311.828111] [node060:18024:0]         mxm.c:185  MXM  WARN  The 'ulimit -s' on the system is set to 'unlimited'. This may have negative performance implications. Please set the heap size to the default value (10240) 
[1443351311.823513] [node056:15640:0]         sys.c:719  MXM  WARN  Conflicting CPU frequencies detected, using: 2400.00
[1443351311.829908] [node056:15640:0]         mxm.c:185  MXM  WARN  The 'ulimit -s' on the system is set to 'unlimited'. This may have negative performance implications. Please set the heap size to the default value (10240) 
[1443351311.836051] [node058:17004:0]         sys.c:719  MXM  WARN  Conflicting CPU frequencies detected, using: 2400.00
[1443351311.839526] [node058:17004:0]         mxm.c:185  MXM  WARN  The 'ulimit -s' on the system is set to 'unlimited'. This may have negative performance implications. Please set the heap size to the default value (10240) 
[1443351311.811382] [node062:2341 :0]         sys.c:719  MXM  WARN  Conflicting CPU frequencies detected, using: 2283.56
[1443351311.820959] [node062:2341 :0]         mxm.c:185  MXM  WARN  The 'ulimit -s' on the system is set to 'unlimited'. This may have negative performance implications. Please set the heap size to the default value (10240) 
[1443351311.813919] [node068:20103:0]         sys.c:719  MXM  WARN  Conflicting CPU frequencies detected, using: 2396.62
[1443351311.824791] [node068:20103:0]         mxm.c:185  MXM  WARN  The 'ulimit -s' on the system is set to 'unlimited'. This may have negative performance implications. Please set the heap size to the default value (10240) 
[1443351311.834867] [node055:3963 :0]         sys.c:719  MXM  WARN  Conflicting CPU frequencies detected, using: 2399.91
[1443351311.841169] [node055:3963 :0]         mxm.c:185  MXM  WARN  The 'ulimit -s' on the system is set to 'unlimited'. This may have negative performance implications. Please set the heap size to the default value (10240) 
[1443351311.824685] [node056:15643:0]         sys.c:719  MXM  WARN  Conflicting CPU frequencies detected, using: 2400.00
[1443351311.833984] [node056:15643:0]         mxm.c:185  MXM  WARN  The 'ulimit -s' on the system is set to 'unlimited'. This may have negative performance implications. Please set the heap size to the default value (10240) 
[1443351311.827168] [node056:15651:0]         sys.c:719  MXM  WARN  Conflicting CPU frequencies detected, using: 2399.91
[1443351311.834741] [node056:15651:0]         mxm.c:185  MXM  WARN  The 'ulimit -s' on the system is set to 'unlimited'. This may have negative performance implications. Please set the heap size to the default value (10240) 
[1443351311.839020] [node055:3964 :0]         sys.c:719  MXM  WARN  Conflicting CPU frequencies detected, using: 2400.00
[1443351311.849364] [node055:3964 :0]         mxm.c:185  MXM  WARN  The 'ulimit -s' on the system is set to 'unlimited'. This may have negative performance implications. Please set the heap size to the default value (10240) 
[1443351311.836620] [node055:3960 :0]         sys.c:719  MXM  WARN  Conflicting CPU frequencies detected, using: 2399.91
[1443351311.846006] [node055:3960 :0]         mxm.c:185  MXM  WARN  The 'ulimit -s' on the system is set to 'unlimited'. This may have negative performance implications. Please set the heap size to the default value (10240) 
[1443351311.839309] [node055:3962 :0]         sys.c:719  MXM  WARN  Conflicting CPU frequencies detected, using: 2400.00
[1443351311.852800] [node055:3962 :0]         mxm.c:185  MXM  WARN  The 'ulimit -s' on the system is set to 'unlimited'. This may have negative performance implications. Please set the heap size to the default value (10240) 
[1443351311.833833] [node056:15731:0]         sys.c:719  MXM  WARN  Conflicting CPU frequencies detected, using: 2399.91
[1443351311.843976] [node056:15731:0]         mxm.c:185  MXM  WARN  The 'ulimit -s' on the system is set to 'unlimited'. This may have negative performance implications. Please set the heap size to the default value (10240) 
[1443351311.875609] [node058:17092:0]         sys.c:719  MXM  WARN  Conflicting CPU frequencies detected, using: 2400.00
[1443351311.878319] [node058:17092:0]         mxm.c:185  MXM  WARN  The 'ulimit -s' on the system is set to 'unlimited'. This may have negative performance implications. Please set the heap size to the default value (10240) 
[1443351311.835524] [node056:15657:0]         sys.c:719  MXM  WARN  Conflicting CPU frequencies detected, using: 2399.91
[1443351311.850684] [node056:15657:0]         mxm.c:185  MXM  WARN  The 'ulimit -s' on the system is set to 'unlimited'. This may have negative performance implications. Please set the heap size to the default value (10240) 
[1443351311.836858] [node056:15652:0]         sys.c:719  MXM  WARN  Conflicting CPU frequencies detected, using: 2399.91
[1443351311.852194] [node056:15652:0]         mxm.c:185  MXM  WARN  The 'ulimit -s' on the system is set to 'unlimited'. This may have negative performance implications. Please set the heap size to the default value (10240) 
UPCR: UPC thread   2 of 160 on node008 (pshm node  0 of 20, process   2 of 160, pid=24285)
UPCR: UPC thread   5 of 160 on node008 (pshm node  0 of 20, process   5 of 160, pid=24288)
UPCR: UPC thread   0 of 160 on node008 (pshm node  0 of 20, process   0 of 160, pid=24283)
UPCR: UPC thread   7 of 160 on node008 (pshm node  0 of 20, process   7 of 160, pid=24290)
UPCR: UPC thread   1 of 160 on node008 (pshm node  0 of 20, process   1 of 160, pid=24284)
UPCR: UPC thread   3 of 160 on node008 (pshm node  0 of 20, process   3 of 160, pid=24286)
UPCR: UPC thread   6 of 160 on node008 (pshm node  0 of 20, process   6 of 160, pid=24289)
UPCR: UPC thread   4 of 160 on node008 (pshm node  0 of 20, process   4 of 160, pid=24287)
UPCR: UPC thread 158 of 160 on node068 (pshm node 19 of 20, process 158 of 160, pid=20060)
UPCR: UPC thread 121 of 160 on node064 (pshm node 15 of 20, process 121 of 160, pid=22788)
UPCR: UPC thread  91 of 160 on node060 (pshm node 11 of 20, process  91 of 160, pid=17982)
UPCR: UPC thread  88 of 160 on node060 (pshm node 11 of 20, process  88 of 160, pid=18031)
UPCR: UPC thread 127 of 160 on node064 (pshm node 15 of 20, process 127 of 160, pid=22913)
UPCR: UPC thread 156 of 160 on node068 (pshm node 19 of 20, process 156 of 160, pid=20075)
UPCR: UPC thread 155 of 160 on node068 (pshm node 19 of 20, process 155 of 160, pid=20061)
UPCR: UPC thread  65 of 160 on node057 (pshm node  8 of 20, process  65 of 160, pid=19196)
UPCR: UPC thread 104 of 160 on node062 (pshm node 13 of 20, process 104 of 160, pid=2266)
UPCR: UPC thread  57 of 160 on node056 (pshm node  7 of 20, process  57 of 160, pid=15640)
UPCR: UPC thread 117 of 160 on node063 (pshm node 14 of 20, process 117 of 160, pid=9903)
UPCR: UPC thread 123 of 160 on node064 (pshm node 15 of 20, process 123 of 160, pid=22907)
UPCR: UPC thread  90 of 160 on node060 (pshm node 11 of 20, process  90 of 160, pid=17909)
UPCR: UPC thread 105 of 160 on node062 (pshm node 13 of 20, process 105 of 160, pid=2327)
UPCR: UPC thread 135 of 160 on node065 (pshm node 16 of 20, process 135 of 160, pid=7730)
UPCR: UPC thread  24 of 160 on node011 (pshm node  3 of 20, process  24 of 160, pid=10083)
UPCR: UPC thread  72 of 160 on node058 (pshm node  9 of 20, process  72 of 160, pid=17092)
UPCR: UPC thread 152 of 160 on node068 (pshm node 19 of 20, process 152 of 160, pid=20022)
UPCR: UPC thread  11 of 160 on node009 (pshm node  1 of 20, process  11 of 160, pid=11922)
UPCR: UPC thread 110 of 160 on node062 (pshm node 13 of 20, process 110 of 160, pid=2326)
UPCR: UPC thread  12 of 160 on node009 (pshm node  1 of 20, process  12 of 160, pid=11987)
UPCR: UPC thread 113 of 160 on node063 (pshm node 14 of 20, process 113 of 160, pid=9804)
UPCR: UPC thread  93 of 160 on node060 (pshm node 11 of 20, process  93 of 160, pid=17899)
UPCR: UPC thread  63 of 160 on node056 (pshm node  7 of 20, process  63 of 160, pid=15652)
UPCR: UPC thread 139 of 160 on node066 (pshm node 17 of 20, process 139 of 160, pid=20511)
UPCR: UPC thread  70 of 160 on node057 (pshm node  8 of 20, process  70 of 160, pid=19278)
UPCR: UPC thread 120 of 160 on node064 (pshm node 15 of 20, process 120 of 160, pid=22886)
UPCR: UPC thread 153 of 160 on node068 (pshm node 19 of 20, process 153 of 160, pid=20123)
UPCR: UPC thread 138 of 160 on node066 (pshm node 17 of 20, process 138 of 160, pid=20509)
UPCR: UPC thread  97 of 160 on node061 (pshm node 12 of 20, process  97 of 160, pid=9505)
UPCR: UPC thread  62 of 160 on node056 (pshm node  7 of 20, process  62 of 160, pid=15618)
UPCR: UPC thread  79 of 160 on node058 (pshm node  9 of 20, process  79 of 160, pid=17004)
UPCR: UPC thread  10 of 160 on node009 (pshm node  1 of 20, process  10 of 160, pid=12067)
UPCR: UPC thread   9 of 160 on node009 (pshm node  1 of 20, process   9 of 160, pid=12043)
UPCR: UPC thread 140 of 160 on node066 (pshm node 17 of 20, process 140 of 160, pid=20616)
UPCR: UPC thread 154 of 160 on node068 (pshm node 19 of 20, process 154 of 160, pid=19999)
UPCR: UPC thread 126 of 160 on node064 (pshm node 15 of 20, process 126 of 160, pid=22860)
UPCR: UPC thread 136 of 160 on node066 (pshm node 17 of 20, process 136 of 160, pid=20584)
UPCR: UPC thread  26 of 160 on node011 (pshm node  3 of 20, process  26 of 160, pid=10227)
UPCR: UPC thread 130 of 160 on node065 (pshm node 16 of 20, process 130 of 160, pid=7820)
UPCR: UPC thread  95 of 160 on node060 (pshm node 11 of 20, process  95 of 160, pid=17947)
UPCR: UPC thread 103 of 160 on node061 (pshm node 12 of 20, process 103 of 160, pid=9593)
UPCR: UPC thread 119 of 160 on node063 (pshm node 14 of 20, process 119 of 160, pid=9886)
UPCR: UPC thread 101 of 160 on node061 (pshm node 12 of 20, process 101 of 160, pid=9495)
UPCR: UPC thread  30 of 160 on node011 (pshm node  3 of 20, process  30 of 160, pid=10199)
UPCR: UPC thread  13 of 160 on node009 (pshm node  1 of 20, process  13 of 160, pid=11968)
UPCR: UPC thread  32 of 160 on node053 (pshm node  4 of 20, process  32 of 160, pid=10307)
UPCR: UPC thread 132 of 160 on node065 (pshm node 16 of 20, process 132 of 160, pid=7753)
UPCR: UPC thread  31 of 160 on node011 (pshm node  3 of 20, process  31 of 160, pid=10107)
UPCR: UPC thread 122 of 160 on node064 (pshm node 15 of 20, process 122 of 160, pid=22894)
UPCR: UPC thread  75 of 160 on node058 (pshm node  9 of 20, process  75 of 160, pid=16962)
UPCR: UPC thread  39 of 160 on node053 (pshm node  4 of 20, process  39 of 160, pid=10178)
UPCR: UPC thread  74 of 160 on node058 (pshm node  9 of 20, process  74 of 160, pid=17005)
UPCR: UPC thread  58 of 160 on node056 (pshm node  7 of 20, process  58 of 160, pid=15657)
UPCR: UPC thread  56 of 160 on node056 (pshm node  7 of 20, process  56 of 160, pid=15601)
UPCR: UPC thread  40 of 160 on node054 (pshm node  5 of 20, process  40 of 160, pid=3879)
UPCR: UPC thread 150 of 160 on node067 (pshm node 18 of 20, process 150 of 160, pid=18992)
UPCR: UPC thread 100 of 160 on node061 (pshm node 12 of 20, process 100 of 160, pid=9504)
UPCR: UPC thread  27 of 160 on node011 (pshm node  3 of 20, process  27 of 160, pid=10132)
UPCR: UPC thread 114 of 160 on node063 (pshm node 14 of 20, process 114 of 160, pid=9786)
UPCR: UPC thread  34 of 160 on node053 (pshm node  4 of 20, process  34 of 160, pid=10185)
UPCR: UPC thread  29 of 160 on node011 (pshm node  3 of 20, process  29 of 160, pid=10244)
UPCR: UPC thread  87 of 160 on node059 (pshm node 10 of 20, process  87 of 160, pid=15397)
UPCR: UPC thread 131 of 160 on node065 (pshm node 16 of 20, process 131 of 160, pid=7772)
UPCR: UPC thread  43 of 160 on node054 (pshm node  5 of 20, process  43 of 160, pid=3899)
UPCR: UPC thread  14 of 160 on node009 (pshm node  1 of 20, process  14 of 160, pid=11943)
UPCR: UPC thread  49 of 160 on node055 (pshm node  6 of 20, process  49 of 160, pid=3922)
UPCR: UPC thread 112 of 160 on node063 (pshm node 14 of 20, process 112 of 160, pid=9769)
UPCR: UPC thread 111 of 160 on node062 (pshm node 13 of 20, process 111 of 160, pid=2341)
UPCR: UPC thread  99 of 160 on node061 (pshm node 12 of 20, process  99 of 160, pid=9454)
UPCR: UPC thread 102 of 160 on node061 (pshm node 12 of 20, process 102 of 160, pid=9569)
UPCR: UPC thread  60 of 160 on node056 (pshm node  7 of 20, process  60 of 160, pid=15643)
UPCR: UPC thread 115 of 160 on node063 (pshm node 14 of 20, process 115 of 160, pid=9858)
UPCR: UPC thread  76 of 160 on node058 (pshm node  9 of 20, process  76 of 160, pid=17007)
UPCR: UPC thread  64 of 160 on node057 (pshm node  8 of 20, process  64 of 160, pid=19202)
UPCR: UPC thread 142 of 160 on node066 (pshm node 17 of 20, process 142 of 160, pid=20510)
UPCR: UPC thread 151 of 160 on node067 (pshm node 18 of 20, process 151 of 160, pid=19024)
UPCR: UPC thread  23 of 160 on node010 (pshm node  2 of 20, process  23 of 160, pid=2051)
UPCR: UPC thread  77 of 160 on node058 (pshm node  9 of 20, process  77 of 160, pid=16995)
UPCR: UPC thread  68 of 160 on node057 (pshm node  8 of 20, process  68 of 160, pid=19296)
UPCR: UPC thread  96 of 160 on node061 (pshm node 12 of 20, process  96 of 160, pid=9478)
UPCR: UPC thread  21 of 160 on node010 (pshm node  2 of 20, process  21 of 160, pid=1987)
UPCR: UPC thread 125 of 160 on node064 (pshm node 15 of 20, process 125 of 160, pid=22810)
UPCR: UPC thread  66 of 160 on node057 (pshm node  8 of 20, process  66 of 160, pid=19295)
UPCR: UPC thread  73 of 160 on node058 (pshm node  9 of 20, process  73 of 160, pid=17006)
UPCR: UPC thread 133 of 160 on node065 (pshm node 16 of 20, process 133 of 160, pid=7801)
UPCR: UPC thread  25 of 160 on node011 (pshm node  3 of 20, process  25 of 160, pid=10133)
UPCR: UPC thread 129 of 160 on node065 (pshm node 16 of 20, process 129 of 160, pid=7834)
UPCR: UPC thread  94 of 160 on node060 (pshm node 11 of 20, process  94 of 160, pid=17983)
UPCR: UPC thread  71 of 160 on node057 (pshm node  8 of 20, process  71 of 160, pid=19294)
UPCR: UPC thread 107 of 160 on node062 (pshm node 13 of 20, process 107 of 160, pid=2265)
UPCR: UPC thread 141 of 160 on node066 (pshm node 17 of 20, process 141 of 160, pid=20590)
UPCR: UPC thread  16 of 160 on node010 (pshm node  2 of 20, process  16 of 160, pid=1918)
UPCR: UPC thread  53 of 160 on node055 (pshm node  6 of 20, process  53 of 160, pid=3963)
UPCR: UPC thread  20 of 160 on node010 (pshm node  2 of 20, process  20 of 160, pid=1942)
UPCR: UPC thread 128 of 160 on node065 (pshm node 16 of 20, process 128 of 160, pid=7860)
UPCR: UPC thread  83 of 160 on node059 (pshm node 10 of 20, process  83 of 160, pid=15357)
UPCR: UPC thread  15 of 160 on node009 (pshm node  1 of 20, process  15 of 160, pid=12091)
UPCR: UPC thread  89 of 160 on node060 (pshm node 11 of 20, process  89 of 160, pid=17951)
UPCR: UPC thread 108 of 160 on node062 (pshm node 13 of 20, process 108 of 160, pid=2392)
UPCR: UPC thread 106 of 160 on node062 (pshm node 13 of 20, process 106 of 160, pid=2280)
UPCR: UPC thread 118 of 160 on node063 (pshm node 14 of 20, process 118 of 160, pid=9841)
UPCR: UPC thread  84 of 160 on node059 (pshm node 10 of 20, process  84 of 160, pid=15303)
UPCR: UPC thread  61 of 160 on node056 (pshm node  7 of 20, process  61 of 160, pid=15731)
UPCR: UPC thread  18 of 160 on node010 (pshm node  2 of 20, process  18 of 160, pid=1959)
UPCR: UPC thread  92 of 160 on node060 (pshm node 11 of 20, process  92 of 160, pid=18024)
UPCR: UPC thread  17 of 160 on node010 (pshm node  2 of 20, process  17 of 160, pid=2014)
UPCR: UPC thread  36 of 160 on node053 (pshm node  4 of 20, process  36 of 160, pid=10160)
UPCR: UPC thread 143 of 160 on node066 (pshm node 17 of 20, process 143 of 160, pid=20530)
UPCR: UPC thread  33 of 160 on node053 (pshm node  4 of 20, process  33 of 160, pid=10179)
UPCR: UPC thread  38 of 160 on node053 (pshm node  4 of 20, process  38 of 160, pid=10308)
UPCR: UPC thread  81 of 160 on node059 (pshm node 10 of 20, process  81 of 160, pid=15395)
UPCR: UPC thread  22 of 160 on node010 (pshm node  2 of 20, process  22 of 160, pid=2021)
UPCR: UPC thread  80 of 160 on node059 (pshm node 10 of 20, process  80 of 160, pid=15361)
UPCR: UPC thread 157 of 160 on node068 (pshm node 19 of 20, process 157 of 160, pid=20103)
UPCR: UPC thread 137 of 160 on node066 (pshm node 17 of 20, process 137 of 160, pid=20493)
UPCR: UPC thread 159 of 160 on node068 (pshm node 19 of 20, process 159 of 160, pid=20028)
UPCR: UPC thread 109 of 160 on node062 (pshm node 13 of 20, process 109 of 160, pid=2306)
UPCR: UPC thread  69 of 160 on node057 (pshm node  8 of 20, process  69 of 160, pid=19256)
UPCR: UPC thread 149 of 160 on node067 (pshm node 18 of 20, process 149 of 160, pid=18973)
UPCR: UPC thread  47 of 160 on node054 (pshm node  5 of 20, process  47 of 160, pid=3878)
UPCR: UPC thread  78 of 160 on node058 (pshm node  9 of 20, process  78 of 160, pid=16961)
UPCR: UPC thread 116 of 160 on node063 (pshm node 14 of 20, process 116 of 160, pid=9866)
UPCR: UPC thread  28 of 160 on node011 (pshm node  3 of 20, process  28 of 160, pid=10165)
UPCR: UPC thread  86 of 160 on node059 (pshm node 10 of 20, process  86 of 160, pid=15326)
UPCR: UPC thread  41 of 160 on node054 (pshm node  5 of 20, process  41 of 160, pid=3836)
UPCR: UPC thread 145 of 160 on node067 (pshm node 18 of 20, process 145 of 160, pid=18937)
UPCR: UPC thread   8 of 160 on node009 (pshm node  1 of 20, process   8 of 160, pid=12009)
UPCR: UPC thread 147 of 160 on node067 (pshm node 18 of 20, process 147 of 160, pid=18960)
UPCR: UPC thread  50 of 160 on node055 (pshm node  6 of 20, process  50 of 160, pid=3905)
UPCR: UPC thread  67 of 160 on node057 (pshm node  8 of 20, process  67 of 160, pid=19244)
UPCR: UPC thread  82 of 160 on node059 (pshm node 10 of 20, process  82 of 160, pid=15286)
UPCR: UPC thread  35 of 160 on node053 (pshm node  4 of 20, process  35 of 160, pid=10289)
UPCR: UPC thread 146 of 160 on node067 (pshm node 18 of 20, process 146 of 160, pid=19041)
UPCR: UPC thread  98 of 160 on node061 (pshm node 12 of 20, process  98 of 160, pid=9518)
UPCR: UPC thread  59 of 160 on node056 (pshm node  7 of 20, process  59 of 160, pid=15651)
UPCR: UPC thread  37 of 160 on node053 (pshm node  4 of 20, process  37 of 160, pid=10234)
UPCR: UPC thread 134 of 160 on node065 (pshm node 16 of 20, process 134 of 160, pid=7862)
UPCR: UPC thread  54 of 160 on node055 (pshm node  6 of 20, process  54 of 160, pid=3960)
UPCR: UPC thread  55 of 160 on node055 (pshm node  6 of 20, process  55 of 160, pid=3888)
UPCR: UPC thread  45 of 160 on node054 (pshm node  5 of 20, process  45 of 160, pid=3897)
UPCR: UPC thread 148 of 160 on node067 (pshm node 18 of 20, process 148 of 160, pid=18910)
UPCR: UPC thread  85 of 160 on node059 (pshm node 10 of 20, process  85 of 160, pid=15396)
UPCR: UPC thread  42 of 160 on node054 (pshm node  5 of 20, process  42 of 160, pid=3969)
UPCR: UPC thread  19 of 160 on node010 (pshm node  2 of 20, process  19 of 160, pid=2058)
UPCR: UPC thread  51 of 160 on node055 (pshm node  6 of 20, process  51 of 160, pid=3964)
UPCR: UPC thread 124 of 160 on node064 (pshm node 15 of 20, process 124 of 160, pid=22806)
UPCR: UPC thread  44 of 160 on node054 (pshm node  5 of 20, process  44 of 160, pid=3898)
UPCR: UPC thread  52 of 160 on node055 (pshm node  6 of 20, process  52 of 160, pid=3962)
UPCR: UPC thread  46 of 160 on node054 (pshm node  5 of 20, process  46 of 160, pid=3860)
UPCR: UPC thread  48 of 160 on node055 (pshm node  6 of 20, process  48 of 160, pid=3950)
UPCR: UPC thread 144 of 160 on node067 (pshm node 18 of 20, process 144 of 160, pid=18889)
Initializing models/anderson.8.4-rgs.bdd!
Vector size: 22
Bits per integer: 4
Number of BDD variables: 88
Loading initial states: 
Initial states loaded... 
Loading transition relations... 
22 integers per state, 4 bits per integer, 21 transition groups
BDD nodes:
Initial states: 88 BDD nodes
Transition 0: 789 BDD nodes
Transition 1: 114 BDD nodes
Transition 2: 32 BDD nodes
Transition 3: 847 BDD nodes
Transition 4: 209 BDD nodes
Transition 5: 33 BDD nodes
Transition 6: 847 BDD nodes
Transition 7: 209 BDD nodes
Transition 8: 33 BDD nodes
Transition 9: 767 BDD nodes
Transition 10: 709 BDD nodes
Transition 11: 709 BDD nodes
Transition 12: 709 BDD nodes
Transition 13: 114 BDD nodes
Transition 14: 32 BDD nodes
Transition 15: 156 BDD nodes
Transition 16: 156 BDD nodes
Transition 17: 156 BDD nodes
Transition 18: 33 BDD nodes
Transition 19: 33 BDD nodes
Transition 20: 33 BDD nodes
Level 1... done. 
Level 2... done. 
Level 3... done. 
Level 4... done. 
Level 5... done. 
Level 6... done. 
Level 7... done. 
Level 8... done. 
Level 9... done. 
Level 10... done. 
Level 11... done. 
Level 12... done. 
Level 13... done. 
Level 14... done. 
Level 15... done. 
Level 16... done. 
Level 17... done. 
Level 18... done. 
Level 19... done. 
Level 20... done. 
Level 21... done. 
Level 22... done. 
Level 23... done. 
Level 24... done. 
Level 25... done. 
Level 26... done. 
Level 27... done. 
Level 28... done. 
Level 29... done. 
Level 30... done. 
Level 31... done. 
Level 32... done. 
Level 33... done. 
Level 34... done. 
Level 35... done. 
Level 36... done. 
Level 37... done. 
Level 38... done. 
Level 39... done. 
Level 40... done. 
Level 41... done. 
Level 42... done. 
Level 43... done. 
Level 44... done. 
Level 45... done. 
Level 46... done. 
Level 47... done. 
Level 48... done. 
Level 49... done. 
Level 50... done. 
Level 51... done. 
Level 52... done. 
Level 53... done. 
Level 54... done. 
Level 55... done. 
Level 56... done. 
Level 57... done. 
Level 58... done. 
Level 59... done. 
Level 60... done. 
Level 61... done. 
Level 62... done. 
Level 63... done. 
Level 64... done. 
Level 65... done. 
Level 66... done. 
Level 67... done. 
Level 68... done. 
Level 69... done. 
Level 70... done. 
Level 71... done. 
Level 72... done. 
Level 73... done. 
Level 74... done. 
Level 75... done. 
Level 76... done. 
Level 77... done. 
Level 78... done. 
Level 79... done. 
Level 80... done. 
Level 81... done. 
Level 82... done. 
Level 83... done. 
Level 84... done. 
Level 85... done. 
Level 86... done. 
Level 87... done. 
Level 88... done. 
Level 89... done. 
Level 90... done. 
Level 91... done. 
Level 92... done. 
Level 93... done. 
Level 94... done. 
Level 95... done. 
Level 96... done. 
Level 97... done. 
Level 98... done. 
Level 99... done. 
Level 100... done. 
Level 101... done. 
Level 102... done. 
Level 103... done. 
Level 104... done. 
Level 105... done. 
Level 106... done. 
Level 107... done. 
Level 108... done. 
Level 109... done. 
Level 110... done. 
Level 111... done. 
Level 112... done. 
Level 113... done. 
Level 114... done. 
Level 115... done. 
Level 116... done. 
Level 117... done. 
Level 118... done. 
Level 119... done. 
Level 120... done. 
Level 121... done. 
Level 122... done. 
Level 123... done. 
Level 124... done. 
Level 125... done. 
Level 126... done. 
Level 127... done. 
Level 128... done. 
Level 129... done. 
Level 130... done. 
Level 131... done. 
Level 132... done. 
Level 133... done. 
Level 134... done. 
Level 135... done. 
Level 136... done. 
Level 137... done. 
Level 138... done. 
Level 139... done. 
Level 140... done. 
Level 141... done. 
Level 142... done. 
Level 143... done. 
Level 144... done. 
Level 145... done. 
Level 146... done. 
Level 147... done. 
Level 148... done. 
Level 149... done. 
Level 150... done. 
Level 151... done. 
Level 152... done. 
Level 153... done. 
Level 154... done. 
Level 155... done. 
Level 156... done. 
Level 157... done. 
Level 158... done. 
Level 159... done. 
Level 160... done. 
Level 161... done. 
Level 162... done. 
Level 163... done. 
Level 164... done. 
Level 165... done. 
Level 166... done. 
Level 167... done. 
Level 168... done. 
Level 169... done. 
Level 170... done. 
Level 171... done. 
Level 172... done. 
Level 173... done. 
Level 174... done. 
Level 175... done. 
Level 176... done. 
Level 177... done. 
Level 178... done. 
Level 179... done. 
Level 180... done. 
Level 181... done. 
Level 182... done. 
Level 183... done. 
Level 184... done. 
Level 185... done. 
Level 186... done. 
Level 187... done. 
Level 188... done. 
Level 189... done. 
Level 190... done. 
Level 191... done. 
Level 192... done. 
Level 193... done. 
Level 194... done. 
Level 195... done. 
Level 196... done. 
Level 197... done. 
Level 198... done. 
Level 199... done. 
Level 200... done. 
Level 201... done. 
Level 202... done. 
Level 203... done. 
Level 204... done. 
Level 205... done. 
Level 206... done. 
Level 207... done. 
Level 208... done. 
Level 209... done. 
Level 210... done. 
Level 211... done. 
Level 212... done. 
Level 213... done. 
Level 214... done. 
Level 215... done. 
Level 216... done. 
Level 217... done. 
Level 218... done. 
Level 219... done. 
Level 220... done. 
Level 221... done. 
Level 222... done. 
Level 223... done. 
Level 224... done. 
Level 225... done. 
Level 226... done. 
Level 227... done. 
Level 228... done. 
Level 229... done. 
Level 230... done. 
Level 231... done. 
Level 232... done. 
Level 233... done. 
Level 234... done. 
Level 235... done. 
Level 236... done. 
Level 237... done. 
Level 238... done. 
Level 239... done. 
Level 240... done. 
Level 241... done. 
Level 242... done. 
Level 243... done. 
Level 244... done. 
Level 245... done. 
Level 246... done. 
PAR Time: 37.582690
Final states: 538699029 states
Final states: 288013 BDD nodes
[1443351310.512941] [node008:24238:0]         sys.c:719  MXM  WARN  Conflicting CPU frequencies detected, using: 2842.31
