[1443995076.503942] [node001:30059:0]         sys.c:719  MXM  WARN  Conflicting CPU frequencies detected, using: 1622.16
[1443995076.516138] [node001:30059:0]         mxm.c:185  MXM  WARN  The 'ulimit -s' on the system is set to 'unlimited'. This may have negative performance implications. Please set the heap size to the default value (10240) 
[1443995076.830626] [node013:7820 :0]         sys.c:719  MXM  WARN  Conflicting CPU frequencies detected, using: 1399.03
[1443995076.836872] [node013:7820 :0]         mxm.c:185  MXM  WARN  The 'ulimit -s' on the system is set to 'unlimited'. This may have negative performance implications. Please set the heap size to the default value (10240) 
[1443995076.818696] [node008:16580:0]         sys.c:719  MXM  WARN  Conflicting CPU frequencies detected, using: 3179.06
[1443995076.826009] [node008:16580:0]         mxm.c:185  MXM  WARN  The 'ulimit -s' on the system is set to 'unlimited'. This may have negative performance implications. Please set the heap size to the default value (10240) 
[1443995076.849760] [node049:18106:0]         sys.c:719  MXM  WARN  Conflicting CPU frequencies detected, using: 1397.81
[1443995076.854098] [node049:18106:0]         mxm.c:185  MXM  WARN  The 'ulimit -s' on the system is set to 'unlimited'. This may have negative performance implications. Please set the heap size to the default value (10240) 
[1443995076.830118] [node037:26728:0]         sys.c:719  MXM  WARN  Conflicting CPU frequencies detected, using: 2279.91
[1443995076.835510] [node037:26728:0]         mxm.c:185  MXM  WARN  The 'ulimit -s' on the system is set to 'unlimited'. This may have negative performance implications. Please set the heap size to the default value (10240) 
[1443995076.834020] [node033:28667:0]         sys.c:719  MXM  WARN  Conflicting CPU frequencies detected, using: 3199.97
[1443995076.840484] [node033:28667:0]         mxm.c:185  MXM  WARN  The 'ulimit -s' on the system is set to 'unlimited'. This may have negative performance implications. Please set the heap size to the default value (10240) 
[1443995076.861228] [node002:30990:0]         sys.c:719  MXM  WARN  Conflicting CPU frequencies detected, using: 1397.72
[1443995076.865674] [node002:30990:0]         mxm.c:185  MXM  WARN  The 'ulimit -s' on the system is set to 'unlimited'. This may have negative performance implications. Please set the heap size to the default value (10240) 
[1443995076.832264] [node004:14942:0]         sys.c:719  MXM  WARN  Conflicting CPU frequencies detected, using: 2284.31
[1443995076.836693] [node004:14942:0]         mxm.c:185  MXM  WARN  The 'ulimit -s' on the system is set to 'unlimited'. This may have negative performance implications. Please set the heap size to the default value (10240) 
[1443995076.836356] [node031:28642:0]         sys.c:719  MXM  WARN  Conflicting CPU frequencies detected, using: 3150.19
[1443995076.842873] [node031:28642:0]         mxm.c:185  MXM  WARN  The 'ulimit -s' on the system is set to 'unlimited'. This may have negative performance implications. Please set the heap size to the default value (10240) 
[1443995076.820408] [node028:7693 :0]         sys.c:719  MXM  WARN  Conflicting CPU frequencies detected, using: 1420.22
[1443995076.824706] [node028:7693 :0]         mxm.c:185  MXM  WARN  The 'ulimit -s' on the system is set to 'unlimited'. This may have negative performance implications. Please set the heap size to the default value (10240) 
[1443995076.838732] [node011:26103:0]         sys.c:719  MXM  WARN  Conflicting CPU frequencies detected, using: 3105.56
[1443995076.844740] [node011:26103:0]         mxm.c:185  MXM  WARN  The 'ulimit -s' on the system is set to 'unlimited'. This may have negative performance implications. Please set the heap size to the default value (10240) 
[1443995076.828180] [node003:22533:0]         sys.c:719  MXM  WARN  Conflicting CPU frequencies detected, using: 1581.94
[1443995076.832432] [node003:22533:0]         mxm.c:185  MXM  WARN  The 'ulimit -s' on the system is set to 'unlimited'. This may have negative performance implications. Please set the heap size to the default value (10240) 
[1443995076.844397] [node009:20409:0]         sys.c:719  MXM  WARN  Conflicting CPU frequencies detected, using: 3134.44
[1443995076.850873] [node009:20409:0]         mxm.c:185  MXM  WARN  The 'ulimit -s' on the system is set to 'unlimited'. This may have negative performance implications. Please set the heap size to the default value (10240) 
[1443995076.868941] [node068:30225:0]         sys.c:719  MXM  WARN  Conflicting CPU frequencies detected, using: 1298.62
[1443995076.875546] [node068:30225:0]         mxm.c:185  MXM  WARN  The 'ulimit -s' on the system is set to 'unlimited'. This may have negative performance implications. Please set the heap size to the default value (10240) 
[1443995076.830201] [node014:13062:0]         sys.c:719  MXM  WARN  Conflicting CPU frequencies detected, using: 1400.91
[1443995076.834284] [node014:13062:0]         mxm.c:185  MXM  WARN  The 'ulimit -s' on the system is set to 'unlimited'. This may have negative performance implications. Please set the heap size to the default value (10240) 
[1443995076.848387] [node012:5859 :0]         sys.c:719  MXM  WARN  Conflicting CPU frequencies detected, using: 2848.69
[1443995076.854744] [node012:5859 :0]         mxm.c:185  MXM  WARN  The 'ulimit -s' on the system is set to 'unlimited'. This may have negative performance implications. Please set the heap size to the default value (10240) 
[1443995076.850176] [node032:27973:0]         sys.c:719  MXM  WARN  Conflicting CPU frequencies detected, using: 3075.56
[1443995076.856350] [node032:27973:0]         mxm.c:185  MXM  WARN  The 'ulimit -s' on the system is set to 'unlimited'. This may have negative performance implications. Please set the heap size to the default value (10240) 
[1443995076.847529] [node063:6753 :0]         sys.c:719  MXM  WARN  Conflicting CPU frequencies detected, using: 2324.81
[1443995076.851905] [node063:6753 :0]         mxm.c:185  MXM  WARN  The 'ulimit -s' on the system is set to 'unlimited'. This may have negative performance implications. Please set the heap size to the default value (10240) 
[1443995076.883920] [node007:28838:0]         sys.c:719  MXM  WARN  Conflicting CPU frequencies detected, using: 1393.97
[1443995076.888147] [node007:28838:0]         mxm.c:185  MXM  WARN  The 'ulimit -s' on the system is set to 'unlimited'. This may have negative performance implications. Please set the heap size to the default value (10240) 
[1443995076.840907] [node030:20501:0]         sys.c:719  MXM  WARN  Conflicting CPU frequencies detected, using: 1699.97
[1443995076.847158] [node030:20501:0]         mxm.c:185  MXM  WARN  The 'ulimit -s' on the system is set to 'unlimited'. This may have negative performance implications. Please set the heap size to the default value (10240) 
[1443995076.855009] [node058:25943:0]         sys.c:719  MXM  WARN  Conflicting CPU frequencies detected, using: 1968.75
[1443995076.859250] [node058:25943:0]         mxm.c:185  MXM  WARN  The 'ulimit -s' on the system is set to 'unlimited'. This may have negative performance implications. Please set the heap size to the default value (10240) 
[1443995076.870595] [node065:11409:0]         sys.c:719  MXM  WARN  Conflicting CPU frequencies detected, using: 2946.09
[1443995076.875056] [node065:11409:0]         mxm.c:185  MXM  WARN  The 'ulimit -s' on the system is set to 'unlimited'. This may have negative performance implications. Please set the heap size to the default value (10240) 
[1443995076.897635] [node035:26559:0]         sys.c:719  MXM  WARN  Conflicting CPU frequencies detected, using: 1399.03
[1443995076.901875] [node035:26559:0]         mxm.c:185  MXM  WARN  The 'ulimit -s' on the system is set to 'unlimited'. This may have negative performance implications. Please set the heap size to the default value (10240) 
[1443995076.897407] [node052:6122 :0]         sys.c:719  MXM  WARN  Conflicting CPU frequencies detected, using: 1526.62
[1443995076.901749] [node052:6122 :0]         mxm.c:185  MXM  WARN  The 'ulimit -s' on the system is set to 'unlimited'. This may have negative performance implications. Please set the heap size to the default value (10240) 
[1443995076.912528] [node005:8619 :0]         sys.c:719  MXM  WARN  Conflicting CPU frequencies detected, using: 1399.97
[1443995076.916932] [node005:8619 :0]         mxm.c:185  MXM  WARN  The 'ulimit -s' on the system is set to 'unlimited'. This may have negative performance implications. Please set the heap size to the default value (10240) 
[1443995076.887109] [node029:8974 :0]         sys.c:719  MXM  WARN  Conflicting CPU frequencies detected, using: 3021.56
[1443995076.891991] [node029:8974 :0]         mxm.c:185  MXM  WARN  The 'ulimit -s' on the system is set to 'unlimited'. This may have negative performance implications. Please set the heap size to the default value (10240) 
[1443995076.912644] [node042:20108:0]         sys.c:719  MXM  WARN  Conflicting CPU frequencies detected, using: 1500.00
[1443995076.918815] [node042:20108:0]         mxm.c:185  MXM  WARN  The 'ulimit -s' on the system is set to 'unlimited'. This may have negative performance implications. Please set the heap size to the default value (10240) 
[1443995076.910929] [node054:21195:0]         sys.c:719  MXM  WARN  Conflicting CPU frequencies detected, using: 1328.16
[1443995076.918327] [node054:21195:0]         mxm.c:185  MXM  WARN  The 'ulimit -s' on the system is set to 'unlimited'. This may have negative performance implications. Please set the heap size to the default value (10240) 
[1443995076.889670] [node059:23951:0]         sys.c:719  MXM  WARN  Conflicting CPU frequencies detected, using: 2368.31
[1443995076.893983] [node059:23951:0]         mxm.c:185  MXM  WARN  The 'ulimit -s' on the system is set to 'unlimited'. This may have negative performance implications. Please set the heap size to the default value (10240) 
[1443995076.893622] [node040:26437:0]         sys.c:719  MXM  WARN  Conflicting CPU frequencies detected, using: 3198.75
[1443995076.899955] [node040:26437:0]         mxm.c:185  MXM  WARN  The 'ulimit -s' on the system is set to 'unlimited'. This may have negative performance implications. Please set the heap size to the default value (10240) 
[1443995076.874659] [node060:28957:0]         sys.c:719  MXM  WARN  Conflicting CPU frequencies detected, using: 1561.50
[1443995076.879061] [node060:28957:0]         mxm.c:185  MXM  WARN  The 'ulimit -s' on the system is set to 'unlimited'. This may have negative performance implications. Please set the heap size to the default value (10240) 
[1443995076.877100] [node048:19665:0]         sys.c:719  MXM  WARN  Conflicting CPU frequencies detected, using: 1522.97
[1443995076.881496] [node048:19665:0]         mxm.c:185  MXM  WARN  The 'ulimit -s' on the system is set to 'unlimited'. This may have negative performance implications. Please set the heap size to the default value (10240) 
[1443995076.898257] [node010:9500 :0]         sys.c:719  MXM  WARN  Conflicting CPU frequencies detected, using: 2356.22
[1443995076.902676] [node010:9500 :0]         mxm.c:185  MXM  WARN  The 'ulimit -s' on the system is set to 'unlimited'. This may have negative performance implications. Please set the heap size to the default value (10240) 
[1443995076.897977] [node067:29192:0]         sys.c:719  MXM  WARN  Conflicting CPU frequencies detected, using: 2680.78
[1443995076.904300] [node067:29192:0]         mxm.c:185  MXM  WARN  The 'ulimit -s' on the system is set to 'unlimited'. This may have negative performance implications. Please set the heap size to the default value (10240) 
[1443995076.892102] [node041:21221:0]         sys.c:719  MXM  WARN  Conflicting CPU frequencies detected, using: 1837.12
[1443995076.898234] [node041:21221:0]         mxm.c:185  MXM  WARN  The 'ulimit -s' on the system is set to 'unlimited'. This may have negative performance implications. Please set the heap size to the default value (10240) 
[1443995076.910286] [node043:21788:0]         sys.c:719  MXM  WARN  Conflicting CPU frequencies detected, using: 3004.03
[1443995076.916368] [node043:21788:0]         mxm.c:185  MXM  WARN  The 'ulimit -s' on the system is set to 'unlimited'. This may have negative performance implications. Please set the heap size to the default value (10240) 
[1443995076.906729] [node036:25344:0]         sys.c:719  MXM  WARN  Conflicting CPU frequencies detected, using: 2248.50
[1443995076.911013] [node036:25344:0]         mxm.c:185  MXM  WARN  The 'ulimit -s' on the system is set to 'unlimited'. This may have negative performance implications. Please set the heap size to the default value (10240) 
[1443995076.938791] [node006:642  :0]         sys.c:719  MXM  WARN  Conflicting CPU frequencies detected, using: 1393.41
[1443995076.943135] [node006:642  :0]         mxm.c:185  MXM  WARN  The 'ulimit -s' on the system is set to 'unlimited'. This may have negative performance implications. Please set the heap size to the default value (10240) 
[1443995076.934375] [node062:32444:0]         sys.c:719  MXM  WARN  Conflicting CPU frequencies detected, using: 1588.41
[1443995076.941429] [node062:32444:0]         mxm.c:185  MXM  WARN  The 'ulimit -s' on the system is set to 'unlimited'. This may have negative performance implications. Please set the heap size to the default value (10240) 
[1443995076.895989] [node051:13465:0]         sys.c:719  MXM  WARN  Conflicting CPU frequencies detected, using: 1390.41
[1443995076.900970] [node051:13465:0]         mxm.c:185  MXM  WARN  The 'ulimit -s' on the system is set to 'unlimited'. This may have negative performance implications. Please set the heap size to the default value (10240) 
[1443995076.907997] [node044:21973:0]         sys.c:719  MXM  WARN  Conflicting CPU frequencies detected, using: 2188.31
[1443995076.914394] [node044:21973:0]         mxm.c:185  MXM  WARN  The 'ulimit -s' on the system is set to 'unlimited'. This may have negative performance implications. Please set the heap size to the default value (10240) 
[1443995076.910473] [node039:24030:0]         sys.c:719  MXM  WARN  Conflicting CPU frequencies detected, using: 2328.09
[1443995076.916987] [node039:24030:0]         mxm.c:185  MXM  WARN  The 'ulimit -s' on the system is set to 'unlimited'. This may have negative performance implications. Please set the heap size to the default value (10240) 
[1443995076.901695] [node055:21778:0]         sys.c:719  MXM  WARN  Conflicting CPU frequencies detected, using: 1884.09
[1443995076.908301] [node055:21778:0]         mxm.c:185  MXM  WARN  The 'ulimit -s' on the system is set to 'unlimited'. This may have negative performance implications. Please set the heap size to the default value (10240) 
[1443995076.958360] [node050:15340:0]         sys.c:719  MXM  WARN  Conflicting CPU frequencies detected, using: 1395.84
[1443995076.962709] [node050:15340:0]         mxm.c:185  MXM  WARN  The 'ulimit -s' on the system is set to 'unlimited'. This may have negative performance implications. Please set the heap size to the default value (10240) 
[1443995076.961089] [node053:24245:0]         sys.c:719  MXM  WARN  Conflicting CPU frequencies detected, using: 1358.81
[1443995076.965592] [node053:24245:0]         mxm.c:185  MXM  WARN  The 'ulimit -s' on the system is set to 'unlimited'. This may have negative performance implications. Please set the heap size to the default value (10240) 
[1443995076.933725] [node056:23036:0]         sys.c:719  MXM  WARN  Conflicting CPU frequencies detected, using: 2304.00
[1443995076.940501] [node056:23036:0]         mxm.c:185  MXM  WARN  The 'ulimit -s' on the system is set to 'unlimited'. This may have negative performance implications. Please set the heap size to the default value (10240) 
[1443995076.940577] [node038:19593:0]         sys.c:719  MXM  WARN  Conflicting CPU frequencies detected, using: 1741.41
[1443995076.947050] [node038:19593:0]         mxm.c:185  MXM  WARN  The 'ulimit -s' on the system is set to 'unlimited'. This may have negative performance implications. Please set the heap size to the default value (10240) 
[1443995076.960527] [node061:5564 :0]         sys.c:719  MXM  WARN  Conflicting CPU frequencies detected, using: 2744.72
[1443995076.964809] [node061:5564 :0]         mxm.c:185  MXM  WARN  The 'ulimit -s' on the system is set to 'unlimited'. This may have negative performance implications. Please set the heap size to the default value (10240) 
[1443995076.960087] [node066:29990:0]         sys.c:719  MXM  WARN  Conflicting CPU frequencies detected, using: 3107.62
[1443995076.966641] [node066:29990:0]         mxm.c:185  MXM  WARN  The 'ulimit -s' on the system is set to 'unlimited'. This may have negative performance implications. Please set the heap size to the default value (10240) 
[1443995076.950807] [node046:24654:0]         sys.c:719  MXM  WARN  Conflicting CPU frequencies detected, using: 1398.47
[1443995076.955110] [node046:24654:0]         mxm.c:185  MXM  WARN  The 'ulimit -s' on the system is set to 'unlimited'. This may have negative performance implications. Please set the heap size to the default value (10240) 
[1443995076.960211] [node047:22950:0]         sys.c:719  MXM  WARN  Conflicting CPU frequencies detected, using: 1548.84
[1443995076.964481] [node047:22950:0]         mxm.c:185  MXM  WARN  The 'ulimit -s' on the system is set to 'unlimited'. This may have negative performance implications. Please set the heap size to the default value (10240) 
[1443995076.983915] [node027:19534:0]         sys.c:719  MXM  WARN  Conflicting CPU frequencies detected, using: 2839.41
[1443995076.988285] [node027:19534:0]         mxm.c:185  MXM  WARN  The 'ulimit -s' on the system is set to 'unlimited'. This may have negative performance implications. Please set the heap size to the default value (10240) 
[1443995076.989169] [node057:31840:0]         sys.c:719  MXM  WARN  Conflicting CPU frequencies detected, using: 3199.97
[1443995076.993560] [node057:31840:0]         mxm.c:185  MXM  WARN  The 'ulimit -s' on the system is set to 'unlimited'. This may have negative performance implications. Please set the heap size to the default value (10240) 
[1443995076.984872] [node064:10813:0]         sys.c:719  MXM  WARN  Conflicting CPU frequencies detected, using: 3197.06
[1443995076.991160] [node064:10813:0]         mxm.c:185  MXM  WARN  The 'ulimit -s' on the system is set to 'unlimited'. This may have negative performance implications. Please set the heap size to the default value (10240) 
[1443995076.985033] [node034:22779:0]         sys.c:719  MXM  WARN  Conflicting CPU frequencies detected, using: 3121.22
[1443995076.991910] [node034:22779:0]         mxm.c:185  MXM  WARN  The 'ulimit -s' on the system is set to 'unlimited'. This may have negative performance implications. Please set the heap size to the default value (10240) 
[1443995077.032726] [node045:20251:0]         sys.c:719  MXM  WARN  Conflicting CPU frequencies detected, using: 1339.88
[1443995077.039250] [node045:20251:0]         mxm.c:185  MXM  WARN  The 'ulimit -s' on the system is set to 'unlimited'. This may have negative performance implications. Please set the heap size to the default value (10240) 
UPCR: UPC thread  0 of 56 on node001 (pshm node  0 of 56, process  0 of 56, pid=30059)
UPCR: UPC thread 40 of 56 on node053 (pshm node 40 of 56, process 40 of 56, pid=24245)
UPCR: UPC thread 22 of 56 on node035 (pshm node 22 of 56, process 22 of 56, pid=26559)
UPCR: UPC thread 14 of 56 on node027 (pshm node 14 of 56, process 14 of 56, pid=19534)
UPCR: UPC thread 18 of 56 on node031 (pshm node 18 of 56, process 18 of 56, pid=28642)
UPCR: UPC thread 46 of 56 on node059 (pshm node 46 of 56, process 46 of 56, pid=23951)
UPCR: UPC thread 42 of 56 on node055 (pshm node 42 of 56, process 42 of 56, pid=21778)
UPCR: UPC thread 26 of 56 on node039 (pshm node 26 of 56, process 26 of 56, pid=24030)
UPCR: UPC thread 24 of 56 on node037 (pshm node 24 of 56, process 24 of 56, pid=26728)
UPCR: UPC thread 39 of 56 on node052 (pshm node 39 of 56, process 39 of 56, pid=6122)
UPCR: UPC thread 44 of 56 on node057 (pshm node 44 of 56, process 44 of 56, pid=31840)
UPCR: UPC thread 38 of 56 on node051 (pshm node 38 of 56, process 38 of 56, pid=13465)
UPCR: UPC thread 16 of 56 on node029 (pshm node 16 of 56, process 16 of 56, pid=8974)
UPCR: UPC thread 32 of 56 on node045 (pshm node 32 of 56, process 32 of 56, pid=20251)
UPCR: UPC thread 50 of 56 on node063 (pshm node 50 of 56, process 50 of 56, pid=6753)
UPCR: UPC thread 30 of 56 on node043 (pshm node 30 of 56, process 30 of 56, pid=21788)
UPCR: UPC thread 34 of 56 on node047 (pshm node 34 of 56, process 34 of 56, pid=22950)
UPCR: UPC thread 37 of 56 on node050 (pshm node 37 of 56, process 37 of 56, pid=15340)
UPCR: UPC thread 31 of 56 on node044 (pshm node 31 of 56, process 31 of 56, pid=21973)
UPCR: UPC thread 19 of 56 on node032 (pshm node 19 of 56, process 19 of 56, pid=27973)
UPCR: UPC thread 23 of 56 on node036 (pshm node 23 of 56, process 23 of 56, pid=25344)
UPCR: UPC thread  8 of 56 on node009 (pshm node  8 of 56, process  8 of 56, pid=20409)
UPCR: UPC thread 43 of 56 on node056 (pshm node 43 of 56, process 43 of 56, pid=23036)
UPCR: UPC thread 45 of 56 on node058 (pshm node 45 of 56, process 45 of 56, pid=25943)
UPCR: UPC thread 28 of 56 on node041 (pshm node 28 of 56, process 28 of 56, pid=21221)
UPCR: UPC thread 13 of 56 on node014 (pshm node 13 of 56, process 13 of 56, pid=13062)
UPCR: UPC thread  3 of 56 on node004 (pshm node  3 of 56, process  3 of 56, pid=14942)
UPCR: UPC thread 51 of 56 on node064 (pshm node 51 of 56, process 51 of 56, pid=10813)
UPCR: UPC thread 25 of 56 on node038 (pshm node 25 of 56, process 25 of 56, pid=19593)
UPCR: UPC thread 20 of 56 on node033 (pshm node 20 of 56, process 20 of 56, pid=28667)
UPCR: UPC thread  1 of 56 on node002 (pshm node  1 of 56, process  1 of 56, pid=30990)
UPCR: UPC thread 36 of 56 on node049 (pshm node 36 of 56, process 36 of 56, pid=18106)
UPCR: UPC thread 53 of 56 on node066 (pshm node 53 of 56, process 53 of 56, pid=29990)
UPCR: UPC thread  6 of 56 on node007 (pshm node  6 of 56, process  6 of 56, pid=28838)
UPCR: UPC thread 55 of 56 on node068 (pshm node 55 of 56, process 55 of 56, pid=30225)
UPCR: UPC thread 27 of 56 on node040 (pshm node 27 of 56, process 27 of 56, pid=26437)
UPCR: UPC thread  5 of 56 on node006 (pshm node  5 of 56, process  5 of 56, pid=642)
UPCR: UPC thread 35 of 56 on node048 (pshm node 35 of 56, process 35 of 56, pid=19665)
UPCR: UPC thread 33 of 56 on node046 (pshm node 33 of 56, process 33 of 56, pid=24654)
UPCR: UPC thread 11 of 56 on node012 (pshm node 11 of 56, process 11 of 56, pid=5859)
UPCR: UPC thread 21 of 56 on node034 (pshm node 21 of 56, process 21 of 56, pid=22779)
UPCR: UPC thread 47 of 56 on node060 (pshm node 47 of 56, process 47 of 56, pid=28957)
UPCR: UPC thread 15 of 56 on node028 (pshm node 15 of 56, process 15 of 56, pid=7693)
UPCR: UPC thread 10 of 56 on node011 (pshm node 10 of 56, process 10 of 56, pid=26103)
UPCR: UPC thread  4 of 56 on node005 (pshm node  4 of 56, process  4 of 56, pid=8619)
UPCR: UPC thread 48 of 56 on node061 (pshm node 48 of 56, process 48 of 56, pid=5564)
UPCR: UPC thread 54 of 56 on node067 (pshm node 54 of 56, process 54 of 56, pid=29192)
UPCR: UPC thread 17 of 56 on node030 (pshm node 17 of 56, process 17 of 56, pid=20501)
UPCR: UPC thread 29 of 56 on node042 (pshm node 29 of 56, process 29 of 56, pid=20108)
UPCR: UPC thread 49 of 56 on node062 (pshm node 49 of 56, process 49 of 56, pid=32444)
UPCR: UPC thread 52 of 56 on node065 (pshm node 52 of 56, process 52 of 56, pid=11409)
UPCR: UPC thread  2 of 56 on node003 (pshm node  2 of 56, process  2 of 56, pid=22533)
UPCR: UPC thread 12 of 56 on node013 (pshm node 12 of 56, process 12 of 56, pid=7820)
UPCR: UPC thread  7 of 56 on node008 (pshm node  7 of 56, process  7 of 56, pid=16580)
UPCR: UPC thread 41 of 56 on node054 (pshm node 41 of 56, process 41 of 56, pid=21195)
UPCR: UPC thread  9 of 56 on node010 (pshm node  9 of 56, process  9 of 56, pid=9500)
Initializing models/collision.4.9-rgs.bdd!
Vector size: 22
Bits per integer: 9
Number of BDD variables: 198
Loading initial states: 
Initial states loaded... 
Loading transition relations... 
22 integers per state, 9 bits per integer, 29 transition groups
BDD nodes:
Initial states: 198 BDD nodes
Transition 0: 526 BDD nodes
Transition 1: 281 BDD nodes
Transition 2: 134 BDD nodes
Transition 3: 651 BDD nodes
Transition 4: 670 BDD nodes
Transition 5: 629 BDD nodes
Transition 6: 672 BDD nodes
Transition 7: 124 BDD nodes
Transition 8: 61 BDD nodes
Transition 9: 71 BDD nodes
Transition 10: 71 BDD nodes
Transition 11: 71 BDD nodes
Transition 12: 71 BDD nodes
Transition 13: 71 BDD nodes
Transition 14: 60 BDD nodes
Transition 15: 88 BDD nodes
Transition 16: 71 BDD nodes
Transition 17: 64 BDD nodes
Transition 18: 88 BDD nodes
Transition 19: 74 BDD nodes
Transition 20: 60 BDD nodes
Transition 21: 86 BDD nodes
Transition 22: 71 BDD nodes
Transition 23: 60 BDD nodes
Transition 24: 88 BDD nodes
Transition 25: 36 BDD nodes
Transition 26: 36 BDD nodes
Transition 27: 36 BDD nodes
Transition 28: 36 BDD nodes
Level 1... done. 
Level 2... done. 
Level 3... done. 
Level 4... done. 
Level 5... done. 
Level 6... done. 
Level 7... done. 
Level 8... done. 
Level 9... done. 
Level 10... done. 
Level 11... done. 
Level 12... done. 
Level 13... done. 
Level 14... done. 
Level 15... done. 
Level 16... done. 
Level 17... done. 
Level 18... done. 
Level 19... done. 
Level 20... done. 
Level 21... done. 
Level 22... done. 
Level 23... done. 
Level 24... done. 
Level 25... done. 
Level 26... done. 
Level 27... done. 
Level 28... done. 
Level 29... done. 
Level 30... done. 
Level 31... done. 
Level 32... done. 
Level 33... done. 
Level 34... done. 
Level 35... done. 
Level 36... done. 
Level 37... done. 
Level 38... done. 
Level 39... done. 
Level 40... done. 
Level 41... done. 
Level 42... done. 
Level 43... done. 
Level 44... done. 
Level 45... done. 
Level 46... done. 
Level 47... done. 
Level 48... done. 
Level 49... done. 
Level 50... done. 
Level 51... done. 
Level 52... done. 
Level 53... done. 
Level 54... done. 
Level 55... done. 
Level 56... done. 
Level 57... done. 
Level 58... done. 
Level 59... done. 
Level 60... done. 
Level 61... done. 
Level 62... done. 
Level 63... done. 
Level 64... done. 
Level 65... done. 
Level 66... done. 
Level 67... done. 
Level 68... done. 
Level 69... done. 
Level 70... done. 
Level 71... done. 
Level 72... done. 
Level 73... done. 
Level 74... done. 
Level 75... done. 
Level 76... done. 
Level 77... done. 
Level 78... done. 
Level 79... done. 
Level 80... done. 
Level 81... done. 
Level 82... done. 
Level 83... done. 
Level 84... done. 
Level 85... done. 
Level 86... done. 
Level 87... done. 
Level 88... done. 
Level 89... done. 
Level 90... done. 
Level 91... done. 
Level 92... done. 
Level 93... done. 
Level 94... done. 
Level 95... done. 
Level 96... done. 
Level 97... done. 
Level 98... done. 
Level 99... done. 
Level 100... done. 
Level 101... done. 
Level 102... done. 
Level 103... done. 
Level 104... done. 
Level 105... done. 
Level 106... done. 
Level 107... done. 
Level 108... done. 
Level 109... done. 
Level 110... done. 
Level 111... done. 
Level 112... done. 
Level 113... done. 
Level 114... done. 
Level 115... done. 
Level 116... done. 
Level 117... done. 
Level 118... done. 
Level 119... done. 
Level 120... done. 
Level 121... done. 
Level 122... done. 
Level 123... done. 
Level 124... done. 
Level 125... done. 
Level 126... done. 
Level 127... done. 
Level 128... done. 
Level 129... done. 
Level 130... done. 
Level 131... done. 
Level 132... done. 
Level 133... done. 
Level 134... done. 
Level 135... done. 
Level 136... done. 
Level 137... done. 
Level 138... done. 
Level 139... done. 
Level 140... done. 
Level 141... done. 
Level 142... done. 
Level 143... done. 
Level 144... done. 
Level 145... done. 
Level 146... done. 
Level 147... done. 
Level 148... done. 
Level 149... done. 
Level 150... done. 
Level 151... done. 
Level 152... done. 
Level 153... done. 
Level 154... done. 
Level 155... done. 
Level 156... done. 
Level 157... done. 
Level 158... done. 
Level 159... done. 
Level 160... done. 
Level 161... done. 
Level 162... done. 
Level 163... done. 
Level 164... done. 
Level 165... done. 
Level 166... done. 
Level 167... done. 
Level 168... done. 
PAR Time: 118.643762
Final states: 41465543 states
Final states: 29791 BDD nodes
[1443995076.487686] [node001:30014:0]         sys.c:719  MXM  WARN  Conflicting CPU frequencies detected, using: 1641.75
