[1443867983.630033] [node008:12551:0]         sys.c:719  MXM  WARN  Conflicting CPU frequencies detected, using: 1299.84
[1443867983.637500] [node008:12551:0]         mxm.c:185  MXM  WARN  The 'ulimit -s' on the system is set to 'unlimited'. This may have negative performance implications. Please set the heap size to the default value (10240) 
[1443867983.630231] [node008:12550:0]         sys.c:719  MXM  WARN  Conflicting CPU frequencies detected, using: 1299.84
[1443867983.638256] [node008:12550:0]         mxm.c:185  MXM  WARN  The 'ulimit -s' on the system is set to 'unlimited'. This may have negative performance implications. Please set the heap size to the default value (10240) 
[1443867983.856746] [node012:26440:0]         sys.c:719  MXM  WARN  Conflicting CPU frequencies detected, using: 1596.28
[1443867983.864789] [node012:26440:0]         mxm.c:185  MXM  WARN  The 'ulimit -s' on the system is set to 'unlimited'. This may have negative performance implications. Please set the heap size to the default value (10240) 
[1443867983.861373] [node010:27554:0]         sys.c:719  MXM  WARN  Conflicting CPU frequencies detected, using: 1671.75
[1443867983.864761] [node010:27554:0]         mxm.c:185  MXM  WARN  The 'ulimit -s' on the system is set to 'unlimited'. This may have negative performance implications. Please set the heap size to the default value (10240) 
[1443867983.856325] [node012:26441:0]         sys.c:719  MXM  WARN  Conflicting CPU frequencies detected, using: 1596.28
[1443867983.863964] [node012:26441:0]         mxm.c:185  MXM  WARN  The 'ulimit -s' on the system is set to 'unlimited'. This may have negative performance implications. Please set the heap size to the default value (10240) 
[1443867983.860099] [node010:27553:0]         sys.c:719  MXM  WARN  Conflicting CPU frequencies detected, using: 1671.75
[1443867983.864632] [node010:27553:0]         mxm.c:185  MXM  WARN  The 'ulimit -s' on the system is set to 'unlimited'. This may have negative performance implications. Please set the heap size to the default value (10240) 
[1443867983.850670] [node015:13697:0]         sys.c:719  MXM  WARN  Conflicting CPU frequencies detected, using: 1565.62
[1443867983.859113] [node015:13697:0]         mxm.c:185  MXM  WARN  The 'ulimit -s' on the system is set to 'unlimited'. This may have negative performance implications. Please set the heap size to the default value (10240) 
[1443867983.854505] [node009:4387 :0]         sys.c:719  MXM  WARN  Conflicting CPU frequencies detected, using: 1587.84
[1443867983.863176] [node009:4387 :0]         mxm.c:185  MXM  WARN  The 'ulimit -s' on the system is set to 'unlimited'. This may have negative performance implications. Please set the heap size to the default value (10240) 
[1443867983.850321] [node015:13696:0]         sys.c:719  MXM  WARN  Conflicting CPU frequencies detected, using: 1565.62
[1443867983.858342] [node015:13696:0]         mxm.c:185  MXM  WARN  The 'ulimit -s' on the system is set to 'unlimited'. This may have negative performance implications. Please set the heap size to the default value (10240) 
[1443867983.853590] [node009:4388 :0]         sys.c:719  MXM  WARN  Conflicting CPU frequencies detected, using: 1587.84
[1443867983.860958] [node009:4388 :0]         mxm.c:185  MXM  WARN  The 'ulimit -s' on the system is set to 'unlimited'. This may have negative performance implications. Please set the heap size to the default value (10240) 
[1443867983.848974] [node013:25563:0]         sys.c:719  MXM  WARN  Conflicting CPU frequencies detected, using: 1510.03
[1443867983.857544] [node013:25563:0]         mxm.c:185  MXM  WARN  The 'ulimit -s' on the system is set to 'unlimited'. This may have negative performance implications. Please set the heap size to the default value (10240) 
[1443867983.848893] [node013:25561:0]         sys.c:719  MXM  WARN  Conflicting CPU frequencies detected, using: 1510.03
[1443867983.856780] [node013:25561:0]         mxm.c:185  MXM  WARN  The 'ulimit -s' on the system is set to 'unlimited'. This may have negative performance implications. Please set the heap size to the default value (10240) 
[1443867983.861383] [node014:1139 :0]         sys.c:719  MXM  WARN  Conflicting CPU frequencies detected, using: 1599.56
[1443867983.865591] [node014:1139 :0]         mxm.c:185  MXM  WARN  The 'ulimit -s' on the system is set to 'unlimited'. This may have negative performance implications. Please set the heap size to the default value (10240) 
[1443867983.862641] [node014:1140 :0]         sys.c:719  MXM  WARN  Conflicting CPU frequencies detected, using: 1599.56
[1443867983.866275] [node014:1140 :0]         mxm.c:185  MXM  WARN  The 'ulimit -s' on the system is set to 'unlimited'. This may have negative performance implications. Please set the heap size to the default value (10240) 
[1443867983.858019] [node011:11378:0]         sys.c:719  MXM  WARN  Conflicting CPU frequencies detected, using: 1597.31
[1443867983.866249] [node011:11378:0]         mxm.c:185  MXM  WARN  The 'ulimit -s' on the system is set to 'unlimited'. This may have negative performance implications. Please set the heap size to the default value (10240) 
[1443867983.857382] [node011:11377:0]         sys.c:719  MXM  WARN  Conflicting CPU frequencies detected, using: 1597.31
[1443867983.864348] [node011:11377:0]         mxm.c:185  MXM  WARN  The 'ulimit -s' on the system is set to 'unlimited'. This may have negative performance implications. Please set the heap size to the default value (10240) 
UPCR: UPC thread  0 of 16 on node008 (pshm node 0 of 8, process  0 of 16, pid=12550)
UPCR: UPC thread  1 of 16 on node008 (pshm node 0 of 8, process  1 of 16, pid=12551)
UPCR: UPC thread 15 of 16 on node015 (pshm node 7 of 8, process 15 of 16, pid=13696)
UPCR: UPC thread 14 of 16 on node015 (pshm node 7 of 8, process 14 of 16, pid=13697)
UPCR: UPC thread 11 of 16 on node013 (pshm node 5 of 8, process 11 of 16, pid=25561)
UPCR: UPC thread  7 of 16 on node011 (pshm node 3 of 8, process  7 of 16, pid=11378)
UPCR: UPC thread  9 of 16 on node012 (pshm node 4 of 8, process  9 of 16, pid=26441)
UPCR: UPC thread 10 of 16 on node013 (pshm node 5 of 8, process 10 of 16, pid=25563)
UPCR: UPC thread  8 of 16 on node012 (pshm node 4 of 8, process  8 of 16, pid=26440)
UPCR: UPC thread  6 of 16 on node011 (pshm node 3 of 8, process  6 of 16, pid=11377)
UPCR: UPC thread  2 of 16 on node009 (pshm node 1 of 8, process  2 of 16, pid=4387)
UPCR: UPC thread  3 of 16 on node009 (pshm node 1 of 8, process  3 of 16, pid=4388)
UPCR: UPC thread 12 of 16 on node014 (pshm node 6 of 8, process 12 of 16, pid=1139)
UPCR: UPC thread 13 of 16 on node014 (pshm node 6 of 8, process 13 of 16, pid=1140)
UPCR: UPC thread  4 of 16 on node010 (pshm node 2 of 8, process  4 of 16, pid=27553)
UPCR: UPC thread  5 of 16 on node010 (pshm node 2 of 8, process  5 of 16, pid=27554)
Initializing models/at.6.8-rgs.bdd!
Vector size: 14
Bits per integer: 8
Number of BDD variables: 112
Loading initial states: 
Initial states loaded... 
Loading transition relations... 
14 integers per state, 8 bits per integer, 26 transition groups
BDD nodes:
Initial states: 112 BDD nodes
Transition 0: 276 BDD nodes
Transition 1: 199 BDD nodes
Transition 2: 90 BDD nodes
Transition 3: 172 BDD nodes
Transition 4: 32 BDD nodes
Transition 5: 32 BDD nodes
Transition 6: 197 BDD nodes
Transition 7: 90 BDD nodes
Transition 8: 169 BDD nodes
Transition 9: 32 BDD nodes
Transition 10: 32 BDD nodes
Transition 11: 206 BDD nodes
Transition 12: 206 BDD nodes
Transition 13: 256 BDD nodes
Transition 14: 76 BDD nodes
Transition 15: 32 BDD nodes
Transition 16: 76 BDD nodes
Transition 17: 32 BDD nodes
Transition 18: 76 BDD nodes
Transition 19: 32 BDD nodes
Transition 20: 150 BDD nodes
Transition 21: 32 BDD nodes
Transition 22: 137 BDD nodes
Transition 23: 126 BDD nodes
Transition 24: 32 BDD nodes
Transition 25: 32 BDD nodes
Level 1... done. 
Level 2... done. 
Level 3... done. 
Level 4... done. 
Level 5... done. 
Level 6... done. 
Level 7... done. 
Level 8... done. 
Level 9... done. 
Level 10... done. 
Level 11... done. 
Level 12... done. 
Level 13... done. 
Level 14... done. 
Level 15... done. 
Level 16... done. 
Level 17... done. 
Level 18... done. 
Level 19... done. 
Level 20... done. 
Level 21... done. 
Level 22... done. 
Level 23... done. 
Level 24... done. 
Level 25... done. 
Level 26... done. 
Level 27... done. 
Level 28... done. 
Level 29... done. 
Level 30... done. 
Level 31... done. 
Level 32... done. 
Level 33... done. 
Level 34... done. 
Level 35... done. 
Level 36... done. 
Level 37... done. 
Level 38... done. 
Level 39... done. 
Level 40... done. 
Level 41... done. 
Level 42... done. 
Level 43... done. 
Level 44... done. 
Level 45... done. 
Level 46... done. 
Level 47... done. 
Level 48... done. 
Level 49... done. 
Level 50... done. 
Level 51... done. 
Level 52... done. 
Level 53... done. 
Level 54... done. 
Level 55... done. 
Level 56... done. 
Level 57... done. 
Level 58... done. 
Level 59... done. 
Level 60... done. 
Level 61... done. 
Level 62... done. 
Level 63... done. 
Level 64... done. 
Level 65... done. 
Level 66... done. 
Level 67... done. 
Level 68... done. 
Level 69... done. 
Level 70... done. 
Level 71... done. 
Level 72... done. 
Level 73... done. 
Level 74... done. 
Level 75... done. 
Level 76... done. 
Level 77... done. 
Level 78... done. 
Level 79... done. 
Level 80... done. 
Level 81... done. 
Level 82... done. 
Level 83... done. 
Level 84... done. 
Level 85... done. 
Level 86... done. 
Level 87... done. 
Level 88... done. 
Level 89... done. 
Level 90... done. 
Level 91... done. 
Level 92... done. 
Level 93... done. 
Level 94... done. 
Level 95... done. 
PAR Time: 235.083322
Final states: 160589600 states
Final states: 424124 BDD nodes
[1443867983.613135] [node008:12505:0]         sys.c:719  MXM  WARN  Conflicting CPU frequencies detected, using: 1586.25
