[1443873687.480525] [node008:18750:0]         sys.c:719  MXM  WARN  Conflicting CPU frequencies detected, using: 2683.88
[1443873687.493555] [node008:18750:0]         mxm.c:185  MXM  WARN  The 'ulimit -s' on the system is set to 'unlimited'. This may have negative performance implications. Please set the heap size to the default value (10240) 
[1443873687.481604] [node008:18749:0]         sys.c:719  MXM  WARN  Conflicting CPU frequencies detected, using: 2683.88
[1443873687.496170] [node008:18749:0]         mxm.c:185  MXM  WARN  The 'ulimit -s' on the system is set to 'unlimited'. This may have negative performance implications. Please set the heap size to the default value (10240) 
[1443873687.762557] [node013:31519:0]         sys.c:719  MXM  WARN  Conflicting CPU frequencies detected, using: 1482.00
[1443873687.769194] [node013:31519:0]         mxm.c:185  MXM  WARN  The 'ulimit -s' on the system is set to 'unlimited'. This may have negative performance implications. Please set the heap size to the default value (10240) 
[1443873687.766468] [node016:28297:0]         sys.c:719  MXM  WARN  Conflicting CPU frequencies detected, using: 1800.00
[1443873687.770469] [node016:28297:0]         mxm.c:185  MXM  WARN  The 'ulimit -s' on the system is set to 'unlimited'. This may have negative performance implications. Please set the heap size to the default value (10240) 
[1443873687.776211] [node016:28311:0]         sys.c:719  MXM  WARN  Conflicting CPU frequencies detected, using: 1800.00
[1443873687.779524] [node016:28311:0]         mxm.c:185  MXM  WARN  The 'ulimit -s' on the system is set to 'unlimited'. This may have negative performance implications. Please set the heap size to the default value (10240) 
[1443873687.757702] [node009:10365:0]         sys.c:719  MXM  WARN  Conflicting CPU frequencies detected, using: 1783.69
[1443873687.763751] [node009:10365:0]         mxm.c:185  MXM  WARN  The 'ulimit -s' on the system is set to 'unlimited'. This may have negative performance implications. Please set the heap size to the default value (10240) 
[1443873687.759826] [node012:32402:0]         sys.c:719  MXM  WARN  Conflicting CPU frequencies detected, using: 1597.03
[1443873687.766188] [node012:32402:0]         mxm.c:185  MXM  WARN  The 'ulimit -s' on the system is set to 'unlimited'. This may have negative performance implications. Please set the heap size to the default value (10240) 
[1443873687.762413] [node012:32409:0]         sys.c:719  MXM  WARN  Conflicting CPU frequencies detected, using: 1597.03
[1443873687.769541] [node012:32409:0]         mxm.c:185  MXM  WARN  The 'ulimit -s' on the system is set to 'unlimited'. This may have negative performance implications. Please set the heap size to the default value (10240) 
[1443873687.777778] [node009:10382:0]         sys.c:719  MXM  WARN  Conflicting CPU frequencies detected, using: 1678.31
[1443873687.783391] [node009:10382:0]         mxm.c:185  MXM  WARN  The 'ulimit -s' on the system is set to 'unlimited'. This may have negative performance implications. Please set the heap size to the default value (10240) 
[1443873687.784920] [node013:31536:0]         sys.c:719  MXM  WARN  Conflicting CPU frequencies detected, using: 1494.47
[1443873687.790990] [node013:31536:0]         mxm.c:185  MXM  WARN  The 'ulimit -s' on the system is set to 'unlimited'. This may have negative performance implications. Please set the heap size to the default value (10240) 
[1443873688.205249] [node014:7206 :0]         sys.c:719  MXM  WARN  Conflicting CPU frequencies detected, using: 3013.41
[1443873688.210098] [node014:7206 :0]         mxm.c:185  MXM  WARN  The 'ulimit -s' on the system is set to 'unlimited'. This may have negative performance implications. Please set the heap size to the default value (10240) 
[1443873688.205532] [node014:7213 :0]         sys.c:719  MXM  WARN  Conflicting CPU frequencies detected, using: 3013.41
[1443873688.210241] [node014:7213 :0]         mxm.c:185  MXM  WARN  The 'ulimit -s' on the system is set to 'unlimited'. This may have negative performance implications. Please set the heap size to the default value (10240) 
[1443873688.227231] [node023:22668:0]         sys.c:719  MXM  WARN  Conflicting CPU frequencies detected, using: 1523.25
[1443873688.234310] [node023:22668:0]         mxm.c:185  MXM  WARN  The 'ulimit -s' on the system is set to 'unlimited'. This may have negative performance implications. Please set the heap size to the default value (10240) 
[1443873688.229862] [node023:22658:0]         sys.c:719  MXM  WARN  Conflicting CPU frequencies detected, using: 1523.25
[1443873688.236780] [node023:22658:0]         mxm.c:185  MXM  WARN  The 'ulimit -s' on the system is set to 'unlimited'. This may have negative performance implications. Please set the heap size to the default value (10240) 
[1443873688.227442] [node020:5879 :0]         sys.c:719  MXM  WARN  Conflicting CPU frequencies detected, using: 1550.44
[1443873688.235368] [node020:5879 :0]         mxm.c:185  MXM  WARN  The 'ulimit -s' on the system is set to 'unlimited'. This may have negative performance implications. Please set the heap size to the default value (10240) 
[1443873688.227588] [node020:5862 :0]         sys.c:719  MXM  WARN  Conflicting CPU frequencies detected, using: 1550.44
[1443873688.236118] [node020:5862 :0]         mxm.c:185  MXM  WARN  The 'ulimit -s' on the system is set to 'unlimited'. This may have negative performance implications. Please set the heap size to the default value (10240) 
[1443873688.227330] [node010:1092 :0]         sys.c:719  MXM  WARN  Conflicting CPU frequencies detected, using: 3196.50
[1443873688.231984] [node010:1092 :0]         mxm.c:185  MXM  WARN  The 'ulimit -s' on the system is set to 'unlimited'. This may have negative performance implications. Please set the heap size to the default value (10240) 
[1443873688.227330] [node010:1078 :0]         sys.c:719  MXM  WARN  Conflicting CPU frequencies detected, using: 3196.50
[1443873688.232159] [node010:1078 :0]         mxm.c:185  MXM  WARN  The 'ulimit -s' on the system is set to 'unlimited'. This may have negative performance implications. Please set the heap size to the default value (10240) 
[1443873688.351789] [node011:17393:0]         sys.c:719  MXM  WARN  Conflicting CPU frequencies detected, using: 2975.62
[1443873688.360094] [node011:17393:0]         mxm.c:185  MXM  WARN  The 'ulimit -s' on the system is set to 'unlimited'. This may have negative performance implications. Please set the heap size to the default value (10240) 
[1443873688.352312] [node011:17376:0]         sys.c:719  MXM  WARN  Conflicting CPU frequencies detected, using: 2975.62
[1443873688.361078] [node011:17376:0]         mxm.c:185  MXM  WARN  The 'ulimit -s' on the system is set to 'unlimited'. This may have negative performance implications. Please set the heap size to the default value (10240) 
[1443873688.397661] [node056:20570:0]         sys.c:719  MXM  WARN  Conflicting CPU frequencies detected, using: 1558.03
[1443873688.406484] [node056:20570:0]         mxm.c:185  MXM  WARN  The 'ulimit -s' on the system is set to 'unlimited'. This may have negative performance implications. Please set the heap size to the default value (10240) 
[1443873688.397508] [node056:20574:0]         sys.c:719  MXM  WARN  Conflicting CPU frequencies detected, using: 1558.03
[1443873688.405710] [node056:20574:0]         mxm.c:185  MXM  WARN  The 'ulimit -s' on the system is set to 'unlimited'. This may have negative performance implications. Please set the heap size to the default value (10240) 
[1443873688.373437] [node018:26549:0]         sys.c:719  MXM  WARN  Conflicting CPU frequencies detected, using: 2851.97
[1443873688.380153] [node018:26549:0]         mxm.c:185  MXM  WARN  The 'ulimit -s' on the system is set to 'unlimited'. This may have negative performance implications. Please set the heap size to the default value (10240) 
[1443873688.369424] [node018:26550:0]         sys.c:719  MXM  WARN  Conflicting CPU frequencies detected, using: 2851.97
[1443873688.376471] [node018:26550:0]         mxm.c:185  MXM  WARN  The 'ulimit -s' on the system is set to 'unlimited'. This may have negative performance implications. Please set the heap size to the default value (10240) 
[1443873688.400841] [node017:10543:0]         sys.c:719  MXM  WARN  Conflicting CPU frequencies detected, using: 1394.72
[1443873688.409136] [node017:10543:0]         mxm.c:185  MXM  WARN  The 'ulimit -s' on the system is set to 'unlimited'. This may have negative performance implications. Please set the heap size to the default value (10240) 
[1443873688.400964] [node017:10542:0]         sys.c:719  MXM  WARN  Conflicting CPU frequencies detected, using: 1394.72
[1443873688.409897] [node017:10542:0]         mxm.c:185  MXM  WARN  The 'ulimit -s' on the system is set to 'unlimited'. This may have negative performance implications. Please set the heap size to the default value (10240) 
[1443873688.389551] [node019:9640 :0]         sys.c:719  MXM  WARN  Conflicting CPU frequencies detected, using: 3118.41
[1443873688.393726] [node019:9640 :0]         mxm.c:185  MXM  WARN  The 'ulimit -s' on the system is set to 'unlimited'. This may have negative performance implications. Please set the heap size to the default value (10240) 
[1443873688.389496] [node019:9623 :0]         sys.c:719  MXM  WARN  Conflicting CPU frequencies detected, using: 3118.41
[1443873688.393825] [node019:9623 :0]         mxm.c:185  MXM  WARN  The 'ulimit -s' on the system is set to 'unlimited'. This may have negative performance implications. Please set the heap size to the default value (10240) 
[1443873688.434321] [node015:19661:0]         sys.c:719  MXM  WARN  Conflicting CPU frequencies detected, using: 1363.50
[1443873688.442916] [node015:19661:0]         mxm.c:185  MXM  WARN  The 'ulimit -s' on the system is set to 'unlimited'. This may have negative performance implications. Please set the heap size to the default value (10240) 
[1443873688.434321] [node015:19660:0]         sys.c:719  MXM  WARN  Conflicting CPU frequencies detected, using: 1363.50
[1443873688.443684] [node015:19660:0]         mxm.c:185  MXM  WARN  The 'ulimit -s' on the system is set to 'unlimited'. This may have negative performance implications. Please set the heap size to the default value (10240) 
[1443873688.437759] [node055:17331:0]         sys.c:719  MXM  WARN  Conflicting CPU frequencies detected, using: 1586.81
[1443873688.446243] [node055:17331:0]         mxm.c:185  MXM  WARN  The 'ulimit -s' on the system is set to 'unlimited'. This may have negative performance implications. Please set the heap size to the default value (10240) 
[1443873688.438369] [node055:17339:0]         sys.c:719  MXM  WARN  Conflicting CPU frequencies detected, using: 1586.81
[1443873688.447213] [node055:17339:0]         mxm.c:185  MXM  WARN  The 'ulimit -s' on the system is set to 'unlimited'. This may have negative performance implications. Please set the heap size to the default value (10240) 
[1443873688.408718] [node057:31603:0]         sys.c:719  MXM  WARN  Conflicting CPU frequencies detected, using: 1499.62
[1443873688.412979] [node057:31603:0]         mxm.c:185  MXM  WARN  The 'ulimit -s' on the system is set to 'unlimited'. This may have negative performance implications. Please set the heap size to the default value (10240) 
[1443873688.408660] [node057:31608:0]         sys.c:719  MXM  WARN  Conflicting CPU frequencies detected, using: 1499.62
[1443873688.413278] [node057:31608:0]         mxm.c:185  MXM  WARN  The 'ulimit -s' on the system is set to 'unlimited'. This may have negative performance implications. Please set the heap size to the default value (10240) 
[1443873688.453548] [node054:16829:0]         sys.c:719  MXM  WARN  Conflicting CPU frequencies detected, using: 1595.62
[1443873688.461564] [node054:16829:0]         mxm.c:185  MXM  WARN  The 'ulimit -s' on the system is set to 'unlimited'. This may have negative performance implications. Please set the heap size to the default value (10240) 
[1443873688.473345] [node021:14642:0]         sys.c:719  MXM  WARN  Conflicting CPU frequencies detected, using: 1396.31
[1443873688.477738] [node021:14642:0]         mxm.c:185  MXM  WARN  The 'ulimit -s' on the system is set to 'unlimited'. This may have negative performance implications. Please set the heap size to the default value (10240) 
[1443873688.473707] [node021:14638:0]         sys.c:719  MXM  WARN  Conflicting CPU frequencies detected, using: 1396.31
[1443873688.477812] [node021:14638:0]         mxm.c:185  MXM  WARN  The 'ulimit -s' on the system is set to 'unlimited'. This may have negative performance implications. Please set the heap size to the default value (10240) 
[1443873688.471870] [node022:9185 :0]         sys.c:719  MXM  WARN  Conflicting CPU frequencies detected, using: 1499.44
[1443873688.480126] [node022:9185 :0]         mxm.c:185  MXM  WARN  The 'ulimit -s' on the system is set to 'unlimited'. This may have negative performance implications. Please set the heap size to the default value (10240) 
[1443873688.471935] [node022:9181 :0]         sys.c:719  MXM  WARN  Conflicting CPU frequencies detected, using: 1499.44
[1443873688.480861] [node022:9181 :0]         mxm.c:185  MXM  WARN  The 'ulimit -s' on the system is set to 'unlimited'. This may have negative performance implications. Please set the heap size to the default value (10240) 
[1443873688.454319] [node054:16817:0]         sys.c:719  MXM  WARN  Conflicting CPU frequencies detected, using: 1595.62
[1443873688.462336] [node054:16817:0]         mxm.c:185  MXM  WARN  The 'ulimit -s' on the system is set to 'unlimited'. This may have negative performance implications. Please set the heap size to the default value (10240) 
[1443873688.498211] [node059:23787:0]         sys.c:719  MXM  WARN  Conflicting CPU frequencies detected, using: 1486.97
[1443873688.503177] [node059:23787:0]         mxm.c:185  MXM  WARN  The 'ulimit -s' on the system is set to 'unlimited'. This may have negative performance implications. Please set the heap size to the default value (10240) 
[1443873688.441506] [node058:25698:0]         sys.c:719  MXM  WARN  Conflicting CPU frequencies detected, using: 1479.00
[1443873688.446450] [node058:25698:0]         mxm.c:185  MXM  WARN  The 'ulimit -s' on the system is set to 'unlimited'. This may have negative performance implications. Please set the heap size to the default value (10240) 
[1443873688.442080] [node058:25712:0]         sys.c:719  MXM  WARN  Conflicting CPU frequencies detected, using: 1479.00
[1443873688.446544] [node058:25712:0]         mxm.c:185  MXM  WARN  The 'ulimit -s' on the system is set to 'unlimited'. This may have negative performance implications. Please set the heap size to the default value (10240) 
[1443873688.498948] [node059:23788:0]         sys.c:719  MXM  WARN  Conflicting CPU frequencies detected, using: 1486.97
[1443873688.503536] [node059:23788:0]         mxm.c:185  MXM  WARN  The 'ulimit -s' on the system is set to 'unlimited'. This may have negative performance implications. Please set the heap size to the default value (10240) 
[1443873688.487054] [node060:28270:0]         sys.c:719  MXM  WARN  Conflicting CPU frequencies detected, using: 1583.53
[1443873688.491569] [node060:28270:0]         mxm.c:185  MXM  WARN  The 'ulimit -s' on the system is set to 'unlimited'. This may have negative performance implications. Please set the heap size to the default value (10240) 
[1443873688.487145] [node060:28287:0]         sys.c:719  MXM  WARN  Conflicting CPU frequencies detected, using: 1583.53
[1443873688.491675] [node060:28287:0]         mxm.c:185  MXM  WARN  The 'ulimit -s' on the system is set to 'unlimited'. This may have negative performance implications. Please set the heap size to the default value (10240) 
[1443873688.446350] [node053:20506:0]         sys.c:719  MXM  WARN  Conflicting CPU frequencies detected, using: 1397.91
[1443873688.451088] [node053:20506:0]         mxm.c:185  MXM  WARN  The 'ulimit -s' on the system is set to 'unlimited'. This may have negative performance implications. Please set the heap size to the default value (10240) 
[1443873688.446928] [node053:20521:0]         sys.c:719  MXM  WARN  Conflicting CPU frequencies detected, using: 1397.91
[1443873688.451202] [node053:20521:0]         mxm.c:185  MXM  WARN  The 'ulimit -s' on the system is set to 'unlimited'. This may have negative performance implications. Please set the heap size to the default value (10240) 
UPCR: UPC thread  0 of 48 on node008 (pshm node  0 of 24, process  0 of 48, pid=18749)
UPCR: UPC thread  1 of 48 on node008 (pshm node  0 of 24, process  1 of 48, pid=18750)
UPCR: UPC thread 39 of 48 on node056 (pshm node 19 of 24, process 39 of 48, pid=20574)
UPCR: UPC thread 14 of 48 on node015 (pshm node  7 of 24, process 14 of 48, pid=19661)
UPCR: UPC thread  4 of 48 on node010 (pshm node  2 of 24, process  4 of 48, pid=1078)
UPCR: UPC thread 46 of 48 on node060 (pshm node 23 of 24, process 46 of 48, pid=28270)
UPCR: UPC thread 41 of 48 on node057 (pshm node 20 of 24, process 41 of 48, pid=31603)
UPCR: UPC thread 36 of 48 on node055 (pshm node 18 of 24, process 36 of 48, pid=17339)
UPCR: UPC thread 26 of 48 on node021 (pshm node 13 of 24, process 26 of 48, pid=14642)
UPCR: UPC thread 10 of 48 on node013 (pshm node  5 of 24, process 10 of 48, pid=31519)
UPCR: UPC thread 42 of 48 on node058 (pshm node 21 of 24, process 42 of 48, pid=25698)
UPCR: UPC thread 19 of 48 on node017 (pshm node  9 of 24, process 19 of 48, pid=10542)
UPCR: UPC thread 22 of 48 on node019 (pshm node 11 of 24, process 22 of 48, pid=9623)
UPCR: UPC thread  9 of 48 on node012 (pshm node  4 of 24, process  9 of 48, pid=32402)
UPCR: UPC thread 33 of 48 on node053 (pshm node 16 of 24, process 33 of 48, pid=20506)
UPCR: UPC thread 20 of 48 on node018 (pshm node 10 of 24, process 20 of 48, pid=26549)
UPCR: UPC thread 11 of 48 on node013 (pshm node  5 of 24, process 11 of 48, pid=31536)
UPCR: UPC thread 28 of 48 on node022 (pshm node 14 of 24, process 28 of 48, pid=9185)
UPCR: UPC thread  2 of 48 on node009 (pshm node  1 of 24, process  2 of 48, pid=10365)
UPCR: UPC thread  5 of 48 on node010 (pshm node  2 of 24, process  5 of 48, pid=1092)
UPCR: UPC thread 29 of 48 on node022 (pshm node 14 of 24, process 29 of 48, pid=9181)
UPCR: UPC thread 34 of 48 on node054 (pshm node 17 of 24, process 34 of 48, pid=16817)
UPCR: UPC thread 32 of 48 on node053 (pshm node 16 of 24, process 32 of 48, pid=20521)
UPCR: UPC thread 40 of 48 on node057 (pshm node 20 of 24, process 40 of 48, pid=31608)
UPCR: UPC thread 47 of 48 on node060 (pshm node 23 of 24, process 47 of 48, pid=28287)
UPCR: UPC thread 35 of 48 on node054 (pshm node 17 of 24, process 35 of 48, pid=16829)
UPCR: UPC thread 18 of 48 on node017 (pshm node  9 of 24, process 18 of 48, pid=10543)
UPCR: UPC thread 37 of 48 on node055 (pshm node 18 of 24, process 37 of 48, pid=17331)
UPCR: UPC thread 15 of 48 on node015 (pshm node  7 of 24, process 15 of 48, pid=19660)
UPCR: UPC thread 38 of 48 on node056 (pshm node 19 of 24, process 38 of 48, pid=20570)
UPCR: UPC thread 13 of 48 on node014 (pshm node  6 of 24, process 13 of 48, pid=7213)
UPCR: UPC thread 31 of 48 on node023 (pshm node 15 of 24, process 31 of 48, pid=22668)
UPCR: UPC thread 44 of 48 on node059 (pshm node 22 of 24, process 44 of 48, pid=23787)
UPCR: UPC thread 43 of 48 on node058 (pshm node 21 of 24, process 43 of 48, pid=25712)
UPCR: UPC thread 27 of 48 on node021 (pshm node 13 of 24, process 27 of 48, pid=14638)
UPCR: UPC thread  8 of 48 on node012 (pshm node  4 of 24, process  8 of 48, pid=32409)
UPCR: UPC thread 16 of 48 on node016 (pshm node  8 of 24, process 16 of 48, pid=28297)
UPCR: UPC thread 21 of 48 on node018 (pshm node 10 of 24, process 21 of 48, pid=26550)
UPCR: UPC thread 30 of 48 on node023 (pshm node 15 of 24, process 30 of 48, pid=22658)
UPCR: UPC thread 17 of 48 on node016 (pshm node  8 of 24, process 17 of 48, pid=28311)
UPCR: UPC thread 45 of 48 on node059 (pshm node 22 of 24, process 45 of 48, pid=23788)
UPCR: UPC thread 12 of 48 on node014 (pshm node  6 of 24, process 12 of 48, pid=7206)
UPCR: UPC thread  7 of 48 on node011 (pshm node  3 of 24, process  7 of 48, pid=17393)
UPCR: UPC thread 24 of 48 on node020 (pshm node 12 of 24, process 24 of 48, pid=5879)
UPCR: UPC thread  6 of 48 on node011 (pshm node  3 of 24, process  6 of 48, pid=17376)
UPCR: UPC thread 25 of 48 on node020 (pshm node 12 of 24, process 25 of 48, pid=5862)
UPCR: UPC thread  3 of 48 on node009 (pshm node  1 of 24, process  3 of 48, pid=10382)
UPCR: UPC thread 23 of 48 on node019 (pshm node 11 of 24, process 23 of 48, pid=9640)
Initializing models/at.6.8-rgs.bdd!
Vector size: 14
Bits per integer: 8
Number of BDD variables: 112
Loading initial states: 
Initial states loaded... 
Loading transition relations... 
14 integers per state, 8 bits per integer, 26 transition groups
BDD nodes:
Initial states: 112 BDD nodes
Transition 0: 276 BDD nodes
Transition 1: 199 BDD nodes
Transition 2: 90 BDD nodes
Transition 3: 172 BDD nodes
Transition 4: 32 BDD nodes
Transition 5: 32 BDD nodes
Transition 6: 197 BDD nodes
Transition 7: 90 BDD nodes
Transition 8: 169 BDD nodes
Transition 9: 32 BDD nodes
Transition 10: 32 BDD nodes
Transition 11: 206 BDD nodes
Transition 12: 206 BDD nodes
Transition 13: 256 BDD nodes
Transition 14: 76 BDD nodes
Transition 15: 32 BDD nodes
Transition 16: 76 BDD nodes
Transition 17: 32 BDD nodes
Transition 18: 76 BDD nodes
Transition 19: 32 BDD nodes
Transition 20: 150 BDD nodes
Transition 21: 32 BDD nodes
Transition 22: 137 BDD nodes
Transition 23: 126 BDD nodes
Transition 24: 32 BDD nodes
Transition 25: 32 BDD nodes
Level 1... done. 
Level 2... done. 
Level 3... done. 
Level 4... done. 
Level 5... done. 
Level 6... done. 
Level 7... done. 
Level 8... done. 
Level 9... done. 
Level 10... done. 
Level 11... done. 
Level 12... done. 
Level 13... done. 
Level 14... done. 
Level 15... done. 
Level 16... done. 
Level 17... done. 
Level 18... done. 
Level 19... done. 
Level 20... done. 
Level 21... done. 
Level 22... done. 
Level 23... done. 
Level 24... done. 
Level 25... done. 
Level 26... done. 
Level 27... done. 
Level 28... done. 
Level 29... done. 
Level 30... done. 
Level 31... done. 
Level 32... done. 
Level 33... done. 
Level 34... done. 
Level 35... done. 
Level 36... done. 
Level 37... done. 
Level 38... done. 
Level 39... done. 
Level 40... done. 
Level 41... done. 
Level 42... done. 
Level 43... done. 
Level 44... done. 
Level 45... done. 
Level 46... done. 
Level 47... done. 
Level 48... done. 
Level 49... done. 
Level 50... done. 
Level 51... done. 
Level 52... done. 
Level 53... done. 
Level 54... done. 
Level 55... done. 
Level 56... done. 
Level 57... done. 
Level 58... done. 
Level 59... done. 
Level 60... done. 
Level 61... done. 
Level 62... done. 
Level 63... done. 
Level 64... done. 
Level 65... done. 
Level 66... done. 
Level 67... done. 
Level 68... done. 
Level 69... done. 
Level 70... done. 
Level 71... done. 
Level 72... done. 
Level 73... done. 
Level 74... done. 
Level 75... done. 
Level 76... done. 
Level 77... done. 
Level 78... done. 
Level 79... done. 
Level 80... done. 
Level 81... done. 
Level 82... done. 
Level 83... done. 
Level 84... done. 
Level 85... done. 
Level 86... done. 
Level 87... done. 
Level 88... done. 
Level 89... done. 
Level 90... done. 
Level 91... done. 
Level 92... done. 
Level 93... done. 
Level 94... done. 
Level 95... done. 
PAR Time: 103.135662
Final states: 160589600 states
Final states: 424124 BDD nodes
[1443873687.463602] [node008:18704:0]         sys.c:719  MXM  WARN  Conflicting CPU frequencies detected, using: 2518.59
