[1443867368.285930] [node053:12481:0]         sys.c:719  MXM  WARN  Conflicting CPU frequencies detected, using: 1599.94
[1443867368.301858] [node053:12481:0]         mxm.c:185  MXM  WARN  The 'ulimit -s' on the system is set to 'unlimited'. This may have negative performance implications. Please set the heap size to the default value (10240) 
[1443867368.286268] [node053:12482:0]         sys.c:719  MXM  WARN  Conflicting CPU frequencies detected, using: 1599.94
[1443867368.308019] [node053:12482:0]         mxm.c:185  MXM  WARN  The 'ulimit -s' on the system is set to 'unlimited'. This may have negative performance implications. Please set the heap size to the default value (10240) 
[1443867368.290764] [node053:12483:0]         sys.c:719  MXM  WARN  Conflicting CPU frequencies detected, using: 1658.44
[1443867368.302746] [node053:12483:0]         mxm.c:185  MXM  WARN  The 'ulimit -s' on the system is set to 'unlimited'. This may have negative performance implications. Please set the heap size to the default value (10240) 
[1443867368.287693] [node053:12490:0]         sys.c:719  MXM  WARN  Conflicting CPU frequencies detected, using: 1599.94
[1443867368.301943] [node053:12490:0]         mxm.c:185  MXM  WARN  The 'ulimit -s' on the system is set to 'unlimited'. This may have negative performance implications. Please set the heap size to the default value (10240) 
[1443867368.289151] [node053:12493:0]         sys.c:719  MXM  WARN  Conflicting CPU frequencies detected, using: 1599.94
[1443867368.302116] [node053:12493:0]         mxm.c:185  MXM  WARN  The 'ulimit -s' on the system is set to 'unlimited'. This may have negative performance implications. Please set the heap size to the default value (10240) 
[1443867368.290269] [node053:12492:0]         sys.c:719  MXM  WARN  Conflicting CPU frequencies detected, using: 1658.44
[1443867368.313453] [node053:12492:0]         mxm.c:185  MXM  WARN  The 'ulimit -s' on the system is set to 'unlimited'. This may have negative performance implications. Please set the heap size to the default value (10240) 
[1443867368.292407] [node053:12487:0]         sys.c:719  MXM  WARN  Conflicting CPU frequencies detected, using: 1658.44
[1443867368.304166] [node053:12487:0]         mxm.c:185  MXM  WARN  The 'ulimit -s' on the system is set to 'unlimited'. This may have negative performance implications. Please set the heap size to the default value (10240) 
[1443867368.287105] [node053:12488:0]         sys.c:719  MXM  WARN  Conflicting CPU frequencies detected, using: 1599.94
[1443867368.308323] [node053:12488:0]         mxm.c:185  MXM  WARN  The 'ulimit -s' on the system is set to 'unlimited'. This may have negative performance implications. Please set the heap size to the default value (10240) 
[1443867368.290535] [node053:12494:0]         sys.c:719  MXM  WARN  Conflicting CPU frequencies detected, using: 1658.44
[1443867368.304271] [node053:12494:0]         mxm.c:185  MXM  WARN  The 'ulimit -s' on the system is set to 'unlimited'. This may have negative performance implications. Please set the heap size to the default value (10240) 
[1443867368.292341] [node053:12495:0]         sys.c:719  MXM  WARN  Conflicting CPU frequencies detected, using: 1658.44
[1443867368.305873] [node053:12495:0]         mxm.c:185  MXM  WARN  The 'ulimit -s' on the system is set to 'unlimited'. This may have negative performance implications. Please set the heap size to the default value (10240) 
[1443867368.288483] [node053:12491:0]         sys.c:719  MXM  WARN  Conflicting CPU frequencies detected, using: 1599.94
[1443867368.307365] [node053:12491:0]         mxm.c:185  MXM  WARN  The 'ulimit -s' on the system is set to 'unlimited'. This may have negative performance implications. Please set the heap size to the default value (10240) 
[1443867368.288419] [node053:12480:0]         sys.c:719  MXM  WARN  Conflicting CPU frequencies detected, using: 1599.94
[1443867368.303260] [node053:12480:0]         mxm.c:185  MXM  WARN  The 'ulimit -s' on the system is set to 'unlimited'. This may have negative performance implications. Please set the heap size to the default value (10240) 
[1443867368.290391] [node053:12484:0]         sys.c:719  MXM  WARN  Conflicting CPU frequencies detected, using: 1658.44
[1443867368.300706] [node053:12484:0]         mxm.c:185  MXM  WARN  The 'ulimit -s' on the system is set to 'unlimited'. This may have negative performance implications. Please set the heap size to the default value (10240) 
[1443867368.288676] [node053:12489:0]         sys.c:719  MXM  WARN  Conflicting CPU frequencies detected, using: 1599.94
[1443867368.303364] [node053:12489:0]         mxm.c:185  MXM  WARN  The 'ulimit -s' on the system is set to 'unlimited'. This may have negative performance implications. Please set the heap size to the default value (10240) 
[1443867368.287274] [node053:12486:0]         sys.c:719  MXM  WARN  Conflicting CPU frequencies detected, using: 1599.94
[1443867368.306100] [node053:12486:0]         mxm.c:185  MXM  WARN  The 'ulimit -s' on the system is set to 'unlimited'. This may have negative performance implications. Please set the heap size to the default value (10240) 
[1443867368.292172] [node053:12485:0]         sys.c:719  MXM  WARN  Conflicting CPU frequencies detected, using: 1658.44
[1443867368.303661] [node053:12485:0]         mxm.c:185  MXM  WARN  The 'ulimit -s' on the system is set to 'unlimited'. This may have negative performance implications. Please set the heap size to the default value (10240) 
[1443867368.569352] [node055:8311 :0]         sys.c:719  MXM  WARN  Conflicting CPU frequencies detected, using: 2400.00
[1443867368.577845] [node055:8311 :0]         mxm.c:185  MXM  WARN  The 'ulimit -s' on the system is set to 'unlimited'. This may have negative performance implications. Please set the heap size to the default value (10240) 
[1443867368.566751] [node055:8307 :0]         sys.c:719  MXM  WARN  Conflicting CPU frequencies detected, using: 2400.00
[1443867368.576021] [node055:8307 :0]         mxm.c:185  MXM  WARN  The 'ulimit -s' on the system is set to 'unlimited'. This may have negative performance implications. Please set the heap size to the default value (10240) 
[1443867368.625338] [node054:7813 :0]         sys.c:719  MXM  WARN  Conflicting CPU frequencies detected, using: 2400.00
[1443867368.634781] [node054:7813 :0]         mxm.c:185  MXM  WARN  The 'ulimit -s' on the system is set to 'unlimited'. This may have negative performance implications. Please set the heap size to the default value (10240) 
[1443867368.626013] [node054:7814 :0]         sys.c:719  MXM  WARN  Conflicting CPU frequencies detected, using: 2400.00
[1443867368.637856] [node054:7814 :0]         mxm.c:185  MXM  WARN  The 'ulimit -s' on the system is set to 'unlimited'. This may have negative performance implications. Please set the heap size to the default value (10240) 
[1443867368.626576] [node054:7812 :0]         sys.c:719  MXM  WARN  Conflicting CPU frequencies detected, using: 2400.00
[1443867368.638579] [node054:7812 :0]         mxm.c:185  MXM  WARN  The 'ulimit -s' on the system is set to 'unlimited'. This may have negative performance implications. Please set the heap size to the default value (10240) 
[1443867368.661115] [node056:11640:0]         sys.c:719  MXM  WARN  Conflicting CPU frequencies detected, using: 2400.00
[1443867368.668676] [node056:11640:0]         mxm.c:185  MXM  WARN  The 'ulimit -s' on the system is set to 'unlimited'. This may have negative performance implications. Please set the heap size to the default value (10240) 
[1443867368.665407] [node055:8340 :0]         sys.c:719  MXM  WARN  Conflicting CPU frequencies detected, using: 2400.00
[1443867368.672893] [node055:8340 :0]         mxm.c:185  MXM  WARN  The 'ulimit -s' on the system is set to 'unlimited'. This may have negative performance implications. Please set the heap size to the default value (10240) 
[1443867368.667629] [node055:8339 :0]         sys.c:719  MXM  WARN  Conflicting CPU frequencies detected, using: 2400.00
[1443867368.675353] [node055:8339 :0]         mxm.c:185  MXM  WARN  The 'ulimit -s' on the system is set to 'unlimited'. This may have negative performance implications. Please set the heap size to the default value (10240) 
[1443867368.689082] [node054:7861 :0]         sys.c:719  MXM  WARN  Conflicting CPU frequencies detected, using: 2400.28
[1443867368.694141] [node054:7861 :0]         mxm.c:185  MXM  WARN  The 'ulimit -s' on the system is set to 'unlimited'. This may have negative performance implications. Please set the heap size to the default value (10240) 
[1443867368.704625] [node056:11649:0]         sys.c:719  MXM  WARN  Conflicting CPU frequencies detected, using: 2400.00
[1443867368.710151] [node056:11649:0]         mxm.c:185  MXM  WARN  The 'ulimit -s' on the system is set to 'unlimited'. This may have negative performance implications. Please set the heap size to the default value (10240) 
[1443867368.710194] [node055:8353 :0]         sys.c:719  MXM  WARN  Conflicting CPU frequencies detected, using: 2400.09
[1443867368.717104] [node055:8353 :0]         mxm.c:185  MXM  WARN  The 'ulimit -s' on the system is set to 'unlimited'. This may have negative performance implications. Please set the heap size to the default value (10240) 
[1443867368.710046] [node055:8352 :0]         sys.c:719  MXM  WARN  Conflicting CPU frequencies detected, using: 2400.09
[1443867368.717873] [node055:8352 :0]         mxm.c:185  MXM  WARN  The 'ulimit -s' on the system is set to 'unlimited'. This may have negative performance implications. Please set the heap size to the default value (10240) 
[1443867368.711997] [node056:11648:0]         sys.c:719  MXM  WARN  Conflicting CPU frequencies detected, using: 2400.00
[1443867368.718937] [node056:11648:0]         mxm.c:185  MXM  WARN  The 'ulimit -s' on the system is set to 'unlimited'. This may have negative performance implications. Please set the heap size to the default value (10240) 
[1443867368.717772] [node056:11646:0]         sys.c:719  MXM  WARN  Conflicting CPU frequencies detected, using: 2400.00
[1443867368.723116] [node056:11646:0]         mxm.c:185  MXM  WARN  The 'ulimit -s' on the system is set to 'unlimited'. This may have negative performance implications. Please set the heap size to the default value (10240) 
[1443867368.723392] [node056:11669:0]         sys.c:719  MXM  WARN  Conflicting CPU frequencies detected, using: 2400.09
[1443867368.729958] [node056:11669:0]         mxm.c:185  MXM  WARN  The 'ulimit -s' on the system is set to 'unlimited'. This may have negative performance implications. Please set the heap size to the default value (10240) 
[1443867368.701309] [node054:7870 :0]         sys.c:719  MXM  WARN  Conflicting CPU frequencies detected, using: 2400.00
[1443867368.709819] [node054:7870 :0]         mxm.c:185  MXM  WARN  The 'ulimit -s' on the system is set to 'unlimited'. This may have negative performance implications. Please set the heap size to the default value (10240) 
[1443867368.701006] [node054:7891 :0]         sys.c:719  MXM  WARN  Conflicting CPU frequencies detected, using: 2400.00
[1443867368.707335] [node054:7891 :0]         mxm.c:185  MXM  WARN  The 'ulimit -s' on the system is set to 'unlimited'. This may have negative performance implications. Please set the heap size to the default value (10240) 
[1443867368.706121] [node054:7874 :0]         sys.c:719  MXM  WARN  Conflicting CPU frequencies detected, using: 2400.00
[1443867368.713708] [node054:7874 :0]         mxm.c:185  MXM  WARN  The 'ulimit -s' on the system is set to 'unlimited'. This may have negative performance implications. Please set the heap size to the default value (10240) 
[1443867368.739736] [node055:8417 :0]         sys.c:719  MXM  WARN  Conflicting CPU frequencies detected, using: 2400.00
[1443867368.765972] [node055:8417 :0]         mxm.c:185  MXM  WARN  The 'ulimit -s' on the system is set to 'unlimited'. This may have negative performance implications. Please set the heap size to the default value (10240) 
[1443867368.738049] [node055:8403 :0]         sys.c:719  MXM  WARN  Conflicting CPU frequencies detected, using: 2400.00
[1443867368.745007] [node055:8403 :0]         mxm.c:185  MXM  WARN  The 'ulimit -s' on the system is set to 'unlimited'. This may have negative performance implications. Please set the heap size to the default value (10240) 
[1443867368.712214] [node054:8029 :0]         sys.c:719  MXM  WARN  Conflicting CPU frequencies detected, using: 2400.00
[1443867368.771199] [node054:8029 :0]         mxm.c:185  MXM  WARN  The 'ulimit -s' on the system is set to 'unlimited'. This may have negative performance implications. Please set the heap size to the default value (10240) 
[1443867368.732385] [node055:8375 :0]         sys.c:719  MXM  WARN  Conflicting CPU frequencies detected, using: 2400.00
[1443867368.738523] [node055:8375 :0]         mxm.c:185  MXM  WARN  The 'ulimit -s' on the system is set to 'unlimited'. This may have negative performance implications. Please set the heap size to the default value (10240) 
[1443867368.739714] [node056:11787:0]         sys.c:719  MXM  WARN  Conflicting CPU frequencies detected, using: 2400.00
[1443867368.762287] [node056:11787:0]         mxm.c:185  MXM  WARN  The 'ulimit -s' on the system is set to 'unlimited'. This may have negative performance implications. Please set the heap size to the default value (10240) 
[1443867368.746799] [node055:8449 :0]         sys.c:719  MXM  WARN  Conflicting CPU frequencies detected, using: 2400.00
[1443867368.761944] [node055:8449 :0]         mxm.c:185  MXM  WARN  The 'ulimit -s' on the system is set to 'unlimited'. This may have negative performance implications. Please set the heap size to the default value (10240) 
[1443867368.747437] [node056:11720:0]         sys.c:719  MXM  WARN  Conflicting CPU frequencies detected, using: 2400.00
[1443867368.794770] [node056:11720:0]         mxm.c:185  MXM  WARN  The 'ulimit -s' on the system is set to 'unlimited'. This may have negative performance implications. Please set the heap size to the default value (10240) 
[1443867368.747429] [node055:8446 :0]         sys.c:719  MXM  WARN  Conflicting CPU frequencies detected, using: 2400.00
[1443867368.768458] [node055:8446 :0]         mxm.c:185  MXM  WARN  The 'ulimit -s' on the system is set to 'unlimited'. This may have negative performance implications. Please set the heap size to the default value (10240) 
[1443867368.740011] [node056:11675:0]         sys.c:719  MXM  WARN  Conflicting CPU frequencies detected, using: 2400.00
[1443867368.763040] [node056:11675:0]         mxm.c:185  MXM  WARN  The 'ulimit -s' on the system is set to 'unlimited'. This may have negative performance implications. Please set the heap size to the default value (10240) 
[1443867368.747685] [node056:11826:0]         sys.c:719  MXM  WARN  Conflicting CPU frequencies detected, using: 2400.00
[1443867368.789990] [node056:11826:0]         mxm.c:185  MXM  WARN  The 'ulimit -s' on the system is set to 'unlimited'. This may have negative performance implications. Please set the heap size to the default value (10240) 
[1443867368.752762] [node055:8448 :0]         sys.c:719  MXM  WARN  Conflicting CPU frequencies detected, using: 2400.00
[1443867368.775116] [node055:8448 :0]         mxm.c:185  MXM  WARN  The 'ulimit -s' on the system is set to 'unlimited'. This may have negative performance implications. Please set the heap size to the default value (10240) 
[1443867368.718434] [node054:7893 :0]         sys.c:719  MXM  WARN  Conflicting CPU frequencies detected, using: 2400.00
[1443867368.739901] [node054:7893 :0]         mxm.c:185  MXM  WARN  The 'ulimit -s' on the system is set to 'unlimited'. This may have negative performance implications. Please set the heap size to the default value (10240) 
[1443867368.747614] [node056:11847:0]         sys.c:719  MXM  WARN  Conflicting CPU frequencies detected, using: 2400.00
[1443867368.782086] [node056:11847:0]         mxm.c:185  MXM  WARN  The 'ulimit -s' on the system is set to 'unlimited'. This may have negative performance implications. Please set the heap size to the default value (10240) 
[1443867368.739551] [node056:11689:0]         sys.c:719  MXM  WARN  Conflicting CPU frequencies detected, using: 2400.00
[1443867368.772877] [node056:11689:0]         mxm.c:185  MXM  WARN  The 'ulimit -s' on the system is set to 'unlimited'. This may have negative performance implications. Please set the heap size to the default value (10240) 
[1443867368.710386] [node054:7894 :0]         sys.c:719  MXM  WARN  Conflicting CPU frequencies detected, using: 2400.00
[1443867368.742207] [node054:7894 :0]         mxm.c:185  MXM  WARN  The 'ulimit -s' on the system is set to 'unlimited'. This may have negative performance implications. Please set the heap size to the default value (10240) 
[1443867368.711402] [node054:7871 :0]         sys.c:719  MXM  WARN  Conflicting CPU frequencies detected, using: 2400.00
[1443867368.738191] [node054:7871 :0]         mxm.c:185  MXM  WARN  The 'ulimit -s' on the system is set to 'unlimited'. This may have negative performance implications. Please set the heap size to the default value (10240) 
[1443867368.714507] [node054:8052 :0]         sys.c:719  MXM  WARN  Conflicting CPU frequencies detected, using: 2400.00
[1443867368.758001] [node054:8052 :0]         mxm.c:185  MXM  WARN  The 'ulimit -s' on the system is set to 'unlimited'. This may have negative performance implications. Please set the heap size to the default value (10240) 
[1443867368.744680] [node055:8401 :0]         sys.c:719  MXM  WARN  Conflicting CPU frequencies detected, using: 2400.00
[1443867368.769235] [node055:8401 :0]         mxm.c:185  MXM  WARN  The 'ulimit -s' on the system is set to 'unlimited'. This may have negative performance implications. Please set the heap size to the default value (10240) 
[1443867368.739615] [node056:11683:0]         sys.c:719  MXM  WARN  Conflicting CPU frequencies detected, using: 2400.00
[1443867368.761638] [node056:11683:0]         mxm.c:185  MXM  WARN  The 'ulimit -s' on the system is set to 'unlimited'. This may have negative performance implications. Please set the heap size to the default value (10240) 
[1443867368.717312] [node054:7892 :0]         sys.c:719  MXM  WARN  Conflicting CPU frequencies detected, using: 2400.00
[1443867368.752131] [node054:7892 :0]         mxm.c:185  MXM  WARN  The 'ulimit -s' on the system is set to 'unlimited'. This may have negative performance implications. Please set the heap size to the default value (10240) 
[1443867368.744263] [node055:8445 :0]         sys.c:719  MXM  WARN  Conflicting CPU frequencies detected, using: 2400.00
[1443867368.760429] [node055:8445 :0]         mxm.c:185  MXM  WARN  The 'ulimit -s' on the system is set to 'unlimited'. This may have negative performance implications. Please set the heap size to the default value (10240) 
[1443867368.709462] [node054:7875 :0]         sys.c:719  MXM  WARN  Conflicting CPU frequencies detected, using: 2400.00
[1443867368.736686] [node054:7875 :0]         mxm.c:185  MXM  WARN  The 'ulimit -s' on the system is set to 'unlimited'. This may have negative performance implications. Please set the heap size to the default value (10240) 
[1443867368.747824] [node056:11786:0]         sys.c:719  MXM  WARN  Conflicting CPU frequencies detected, using: 2400.00
[1443867368.778954] [node056:11786:0]         mxm.c:185  MXM  WARN  The 'ulimit -s' on the system is set to 'unlimited'. This may have negative performance implications. Please set the heap size to the default value (10240) 
[1443867368.710339] [node054:7880 :0]         sys.c:719  MXM  WARN  Conflicting CPU frequencies detected, using: 2400.00
[1443867368.757236] [node054:7880 :0]         mxm.c:185  MXM  WARN  The 'ulimit -s' on the system is set to 'unlimited'. This may have negative performance implications. Please set the heap size to the default value (10240) 
[1443867368.711440] [node054:7881 :0]         sys.c:719  MXM  WARN  Conflicting CPU frequencies detected, using: 2400.00
[1443867368.749842] [node054:7881 :0]         mxm.c:185  MXM  WARN  The 'ulimit -s' on the system is set to 'unlimited'. This may have negative performance implications. Please set the heap size to the default value (10240) 
[1443867368.746511] [node056:11721:0]         sys.c:719  MXM  WARN  Conflicting CPU frequencies detected, using: 2400.00
[1443867368.771379] [node056:11721:0]         mxm.c:185  MXM  WARN  The 'ulimit -s' on the system is set to 'unlimited'. This may have negative performance implications. Please set the heap size to the default value (10240) 
[1443867368.747393] [node055:8443 :0]         sys.c:719  MXM  WARN  Conflicting CPU frequencies detected, using: 2400.00
[1443867368.775880] [node055:8443 :0]         mxm.c:185  MXM  WARN  The 'ulimit -s' on the system is set to 'unlimited'. This may have negative performance implications. Please set the heap size to the default value (10240) 
[1443867368.750330] [node055:8441 :0]         sys.c:719  MXM  WARN  Conflicting CPU frequencies detected, using: 2400.00
[1443867368.794640] [node055:8441 :0]         mxm.c:185  MXM  WARN  The 'ulimit -s' on the system is set to 'unlimited'. This may have negative performance implications. Please set the heap size to the default value (10240) 
[1443867368.746509] [node056:11725:0]         sys.c:719  MXM  WARN  Conflicting CPU frequencies detected, using: 2400.00
[1443867368.796404] [node056:11725:0]         mxm.c:185  MXM  WARN  The 'ulimit -s' on the system is set to 'unlimited'. This may have negative performance implications. Please set the heap size to the default value (10240) 
[1443867368.739471] [node056:11718:0]         sys.c:719  MXM  WARN  Conflicting CPU frequencies detected, using: 2400.00
[1443867368.759212] [node056:11718:0]         mxm.c:185  MXM  WARN  The 'ulimit -s' on the system is set to 'unlimited'. This may have negative performance implications. Please set the heap size to the default value (10240) 
UPCR: UPC thread  9 of 64 on node053 (pshm node 0 of 4, process  9 of 64, pid=12489)
UPCR: UPC thread  5 of 64 on node053 (pshm node 0 of 4, process  5 of 64, pid=12485)
UPCR: UPC thread 11 of 64 on node053 (pshm node 0 of 4, process 11 of 64, pid=12491)
UPCR: UPC thread  2 of 64 on node053 (pshm node 0 of 4, process  2 of 64, pid=12482)
UPCR: UPC thread 12 of 64 on node053 (pshm node 0 of 4, process 12 of 64, pid=12492)
UPCR: UPC thread  7 of 64 on node053 (pshm node 0 of 4, process  7 of 64, pid=12487)
UPCR: UPC thread  0 of 64 on node053 (pshm node 0 of 4, process  0 of 64, pid=12480)
UPCR: UPC thread  8 of 64 on node053 (pshm node 0 of 4, process  8 of 64, pid=12488)
UPCR: UPC thread 15 of 64 on node053 (pshm node 0 of 4, process 15 of 64, pid=12495)
UPCR: UPC thread  4 of 64 on node053 (pshm node 0 of 4, process  4 of 64, pid=12484)
UPCR: UPC thread  6 of 64 on node053 (pshm node 0 of 4, process  6 of 64, pid=12486)
UPCR: UPC thread 14 of 64 on node053 (pshm node 0 of 4, process 14 of 64, pid=12494)
UPCR: UPC thread 10 of 64 on node053 (pshm node 0 of 4, process 10 of 64, pid=12490)
UPCR: UPC thread 13 of 64 on node053 (pshm node 0 of 4, process 13 of 64, pid=12493)
UPCR: UPC thread  1 of 64 on node053 (pshm node 0 of 4, process  1 of 64, pid=12481)
UPCR: UPC thread  3 of 64 on node053 (pshm node 0 of 4, process  3 of 64, pid=12483)
UPCR: UPC thread 34 of 64 on node055 (pshm node 2 of 4, process 34 of 64, pid=8353)
UPCR: UPC thread 44 of 64 on node055 (pshm node 2 of 4, process 44 of 64, pid=8445)
UPCR: UPC thread 47 of 64 on node055 (pshm node 2 of 4, process 47 of 64, pid=8446)
UPCR: UPC thread 33 of 64 on node055 (pshm node 2 of 4, process 33 of 64, pid=8375)
UPCR: UPC thread 32 of 64 on node055 (pshm node 2 of 4, process 32 of 64, pid=8352)
UPCR: UPC thread 39 of 64 on node055 (pshm node 2 of 4, process 39 of 64, pid=8449)
UPCR: UPC thread 38 of 64 on node055 (pshm node 2 of 4, process 38 of 64, pid=8403)
UPCR: UPC thread 41 of 64 on node055 (pshm node 2 of 4, process 41 of 64, pid=8443)
UPCR: UPC thread 45 of 64 on node055 (pshm node 2 of 4, process 45 of 64, pid=8441)
UPCR: UPC thread 43 of 64 on node055 (pshm node 2 of 4, process 43 of 64, pid=8448)
UPCR: UPC thread 40 of 64 on node055 (pshm node 2 of 4, process 40 of 64, pid=8311)
UPCR: UPC thread 46 of 64 on node055 (pshm node 2 of 4, process 46 of 64, pid=8340)
UPCR: UPC thread 37 of 64 on node055 (pshm node 2 of 4, process 37 of 64, pid=8417)
UPCR: UPC thread 35 of 64 on node055 (pshm node 2 of 4, process 35 of 64, pid=8307)
UPCR: UPC thread 42 of 64 on node055 (pshm node 2 of 4, process 42 of 64, pid=8339)
UPCR: UPC thread 62 of 64 on node056 (pshm node 3 of 4, process 62 of 64, pid=11718)
UPCR: UPC thread 63 of 64 on node056 (pshm node 3 of 4, process 63 of 64, pid=11648)
UPCR: UPC thread 36 of 64 on node055 (pshm node 2 of 4, process 36 of 64, pid=8401)
UPCR: UPC thread 58 of 64 on node056 (pshm node 3 of 4, process 58 of 64, pid=11675)
UPCR: UPC thread 50 of 64 on node056 (pshm node 3 of 4, process 50 of 64, pid=11720)
UPCR: UPC thread 55 of 64 on node056 (pshm node 3 of 4, process 55 of 64, pid=11683)
UPCR: UPC thread 51 of 64 on node056 (pshm node 3 of 4, process 51 of 64, pid=11649)
UPCR: UPC thread 57 of 64 on node056 (pshm node 3 of 4, process 57 of 64, pid=11646)
UPCR: UPC thread 54 of 64 on node056 (pshm node 3 of 4, process 54 of 64, pid=11847)
UPCR: UPC thread 61 of 64 on node056 (pshm node 3 of 4, process 61 of 64, pid=11725)
UPCR: UPC thread 56 of 64 on node056 (pshm node 3 of 4, process 56 of 64, pid=11640)
UPCR: UPC thread 59 of 64 on node056 (pshm node 3 of 4, process 59 of 64, pid=11826)
UPCR: UPC thread 49 of 64 on node056 (pshm node 3 of 4, process 49 of 64, pid=11721)
UPCR: UPC thread 48 of 64 on node056 (pshm node 3 of 4, process 48 of 64, pid=11669)
UPCR: UPC thread 53 of 64 on node056 (pshm node 3 of 4, process 53 of 64, pid=11689)
UPCR: UPC thread 19 of 64 on node054 (pshm node 1 of 4, process 19 of 64, pid=7861)
UPCR: UPC thread 17 of 64 on node054 (pshm node 1 of 4, process 17 of 64, pid=7813)
UPCR: UPC thread 52 of 64 on node056 (pshm node 3 of 4, process 52 of 64, pid=11786)
UPCR: UPC thread 30 of 64 on node054 (pshm node 1 of 4, process 30 of 64, pid=7892)
UPCR: UPC thread 26 of 64 on node054 (pshm node 1 of 4, process 26 of 64, pid=7881)
UPCR: UPC thread 18 of 64 on node054 (pshm node 1 of 4, process 18 of 64, pid=7894)
UPCR: UPC thread 31 of 64 on node054 (pshm node 1 of 4, process 31 of 64, pid=8029)
UPCR: UPC thread 22 of 64 on node054 (pshm node 1 of 4, process 22 of 64, pid=7814)
UPCR: UPC thread 21 of 64 on node054 (pshm node 1 of 4, process 21 of 64, pid=7893)
UPCR: UPC thread 27 of 64 on node054 (pshm node 1 of 4, process 27 of 64, pid=7891)
UPCR: UPC thread 28 of 64 on node054 (pshm node 1 of 4, process 28 of 64, pid=7871)
UPCR: UPC thread 16 of 64 on node054 (pshm node 1 of 4, process 16 of 64, pid=7874)
UPCR: UPC thread 29 of 64 on node054 (pshm node 1 of 4, process 29 of 64, pid=7875)
UPCR: UPC thread 20 of 64 on node054 (pshm node 1 of 4, process 20 of 64, pid=7870)
UPCR: UPC thread 23 of 64 on node054 (pshm node 1 of 4, process 23 of 64, pid=8052)
UPCR: UPC thread 25 of 64 on node054 (pshm node 1 of 4, process 25 of 64, pid=7812)
UPCR: UPC thread 60 of 64 on node056 (pshm node 3 of 4, process 60 of 64, pid=11787)
UPCR: UPC thread 24 of 64 on node054 (pshm node 1 of 4, process 24 of 64, pid=7880)
Initializing models/at.6.8-rgs.bdd!
Vector size: 14
Bits per integer: 8
Number of BDD variables: 112
Loading initial states: 
Initial states loaded... 
Loading transition relations... 
14 integers per state, 8 bits per integer, 26 transition groups
BDD nodes:
Initial states: 112 BDD nodes
Transition 0: 276 BDD nodes
Transition 1: 199 BDD nodes
Transition 2: 90 BDD nodes
Transition 3: 172 BDD nodes
Transition 4: 32 BDD nodes
Transition 5: 32 BDD nodes
Transition 6: 197 BDD nodes
Transition 7: 90 BDD nodes
Transition 8: 169 BDD nodes
Transition 9: 32 BDD nodes
Transition 10: 32 BDD nodes
Transition 11: 206 BDD nodes
Transition 12: 206 BDD nodes
Transition 13: 256 BDD nodes
Transition 14: 76 BDD nodes
Transition 15: 32 BDD nodes
Transition 16: 76 BDD nodes
Transition 17: 32 BDD nodes
Transition 18: 76 BDD nodes
Transition 19: 32 BDD nodes
Transition 20: 150 BDD nodes
Transition 21: 32 BDD nodes
Transition 22: 137 BDD nodes
Transition 23: 126 BDD nodes
Transition 24: 32 BDD nodes
Transition 25: 32 BDD nodes
Level 1... done. 
Level 2... done. 
Level 3... done. 
Level 4... done. 
Level 5... done. 
Level 6... done. 
Level 7... done. 
Level 8... done. 
Level 9... done. 
Level 10... done. 
Level 11... done. 
Level 12... done. 
Level 13... done. 
Level 14... done. 
Level 15... done. 
Level 16... done. 
Level 17... done. 
Level 18... done. 
Level 19... done. 
Level 20... done. 
Level 21... done. 
Level 22... done. 
Level 23... done. 
Level 24... done. 
Level 25... done. 
Level 26... done. 
Level 27... done. 
Level 28... done. 
Level 29... done. 
Level 30... done. 
Level 31... done. 
Level 32... done. 
Level 33... done. 
Level 34... done. 
Level 35... done. 
Level 36... done. 
Level 37... done. 
Level 38... done. 
Level 39... done. 
Level 40... done. 
Level 41... done. 
Level 42... done. 
Level 43... done. 
Level 44... done. 
Level 45... done. 
Level 46... done. 
Level 47... done. 
Level 48... done. 
Level 49... done. 
Level 50... done. 
Level 51... done. 
Level 52... done. 
Level 53... done. 
Level 54... done. 
Level 55... done. 
Level 56... done. 
Level 57... done. 
Level 58... done. 
Level 59... done. 
Level 60... done. 
Level 61... done. 
Level 62... done. 
Level 63... done. 
Level 64... done. 
Level 65... done. 
Level 66... done. 
Level 67... done. 
Level 68... done. 
Level 69... done. 
Level 70... done. 
Level 71... done. 
Level 72... done. 
Level 73... done. 
Level 74... done. 
Level 75... done. 
Level 76... done. 
Level 77... done. 
Level 78... done. 
Level 79... done. 
Level 80... done. 
Level 81... done. 
Level 82... done. 
Level 83... done. 
Level 84... done. 
Level 85... done. 
Level 86... done. 
Level 87... done. 
Level 88... done. 
Level 89... done. 
Level 90... done. 
Level 91... done. 
Level 92... done. 
Level 93... done. 
Level 94... done. 
Level 95... done. 
PAR Time: 75.932269
Final states: 160589600 states
Final states: 424124 BDD nodes
[1443867368.267942] [node053:12435:0]         sys.c:719  MXM  WARN  Conflicting CPU frequencies detected, using: 1518.94
