[1444093272.662916] [node008:9824 :0]         sys.c:719  MXM  WARN  Conflicting CPU frequencies detected, using: 1299.75
[1444093272.687601] [node008:9824 :0]         mxm.c:185  MXM  WARN  The 'ulimit -s' on the system is set to 'unlimited'. This may have negative performance implications. Please set the heap size to the default value (10240) 
[1444093272.664512] [node008:9823 :0]         sys.c:719  MXM  WARN  Conflicting CPU frequencies detected, using: 1393.88
[1444093272.690422] [node008:9823 :0]         mxm.c:185  MXM  WARN  The 'ulimit -s' on the system is set to 'unlimited'. This may have negative performance implications. Please set the heap size to the default value (10240) 
[1444093273.280377] [node013:7480 :0]         sys.c:719  MXM  WARN  Conflicting CPU frequencies detected, using: 1299.84
[1444093273.286736] [node013:7480 :0]         mxm.c:185  MXM  WARN  The 'ulimit -s' on the system is set to 'unlimited'. This may have negative performance implications. Please set the heap size to the default value (10240) 
[1444093273.309923] [node009:9983 :0]         sys.c:719  MXM  WARN  Conflicting CPU frequencies detected, using: 1399.97
[1444093273.316326] [node009:9983 :0]         mxm.c:185  MXM  WARN  The 'ulimit -s' on the system is set to 'unlimited'. This may have negative performance implications. Please set the heap size to the default value (10240) 
[1444093273.315174] [node023:31016:0]         sys.c:719  MXM  WARN  Conflicting CPU frequencies detected, using: 1394.81
[1444093273.321379] [node023:31016:0]         mxm.c:185  MXM  WARN  The 'ulimit -s' on the system is set to 'unlimited'. This may have negative performance implications. Please set the heap size to the default value (10240) 
[1444093273.287609] [node022:26685:0]         sys.c:719  MXM  WARN  Conflicting CPU frequencies detected, using: 2399.91
[1444093273.293714] [node022:26685:0]         mxm.c:185  MXM  WARN  The 'ulimit -s' on the system is set to 'unlimited'. This may have negative performance implications. Please set the heap size to the default value (10240) 
[1444093273.282011] [node010:30617:0]         sys.c:719  MXM  WARN  Conflicting CPU frequencies detected, using: 1494.56
[1444093273.286120] [node010:30617:0]         mxm.c:185  MXM  WARN  The 'ulimit -s' on the system is set to 'unlimited'. This may have negative performance implications. Please set the heap size to the default value (10240) 
[1444093273.346802] [node015:10926:0]         sys.c:719  MXM  WARN  Conflicting CPU frequencies detected, using: 1393.59
[1444093273.352775] [node015:10926:0]         mxm.c:185  MXM  WARN  The 'ulimit -s' on the system is set to 'unlimited'. This may have negative performance implications. Please set the heap size to the default value (10240) 
[1444093273.348197] [node034:11855:0]         sys.c:719  MXM  WARN  Conflicting CPU frequencies detected, using: 1437.56
[1444093273.354185] [node034:11855:0]         mxm.c:185  MXM  WARN  The 'ulimit -s' on the system is set to 'unlimited'. This may have negative performance implications. Please set the heap size to the default value (10240) 
[1444093273.317589] [node016:15883:0]         sys.c:719  MXM  WARN  Conflicting CPU frequencies detected, using: 1992.56
[1444093273.321845] [node016:15883:0]         mxm.c:185  MXM  WARN  The 'ulimit -s' on the system is set to 'unlimited'. This may have negative performance implications. Please set the heap size to the default value (10240) 
[1444093273.329981] [node017:31863:0]         sys.c:719  MXM  WARN  Conflicting CPU frequencies detected, using: 2765.81
[1444093273.336280] [node017:31863:0]         mxm.c:185  MXM  WARN  The 'ulimit -s' on the system is set to 'unlimited'. This may have negative performance implications. Please set the heap size to the default value (10240) 
[1444093273.359624] [node067:18848:0]         sys.c:719  MXM  WARN  Conflicting CPU frequencies detected, using: 1399.69
[1444093273.366027] [node067:18848:0]         mxm.c:185  MXM  WARN  The 'ulimit -s' on the system is set to 'unlimited'. This may have negative performance implications. Please set the heap size to the default value (10240) 
[1444093273.356629] [node031:18079:0]         sys.c:719  MXM  WARN  Conflicting CPU frequencies detected, using: 1487.72
[1444093273.363111] [node031:18079:0]         mxm.c:185  MXM  WARN  The 'ulimit -s' on the system is set to 'unlimited'. This may have negative performance implications. Please set the heap size to the default value (10240) 
[1444093273.342233] [node018:15851:0]         sys.c:719  MXM  WARN  Conflicting CPU frequencies detected, using: 2399.72
[1444093273.348537] [node018:15851:0]         mxm.c:185  MXM  WARN  The 'ulimit -s' on the system is set to 'unlimited'. This may have negative performance implications. Please set the heap size to the default value (10240) 
[1444093273.356090] [node037:15834:0]         sys.c:719  MXM  WARN  Conflicting CPU frequencies detected, using: 2899.69
[1444093273.360509] [node037:15834:0]         mxm.c:185  MXM  WARN  The 'ulimit -s' on the system is set to 'unlimited'. This may have negative performance implications. Please set the heap size to the default value (10240) 
[1444093273.390615] [node009:10006:0]         sys.c:719  MXM  WARN  Conflicting CPU frequencies detected, using: 1411.22
[1444093273.396633] [node009:10006:0]         mxm.c:185  MXM  WARN  The 'ulimit -s' on the system is set to 'unlimited'. This may have negative performance implications. Please set the heap size to the default value (10240) 
[1444093273.354933] [node016:15900:0]         sys.c:719  MXM  WARN  Conflicting CPU frequencies detected, using: 1486.22
[1444093273.359218] [node016:15900:0]         mxm.c:185  MXM  WARN  The 'ulimit -s' on the system is set to 'unlimited'. This may have negative performance implications. Please set the heap size to the default value (10240) 
[1444093273.358695] [node010:30640:0]         sys.c:719  MXM  WARN  Conflicting CPU frequencies detected, using: 1494.56
[1444093273.362827] [node010:30640:0]         mxm.c:185  MXM  WARN  The 'ulimit -s' on the system is set to 'unlimited'. This may have negative performance implications. Please set the heap size to the default value (10240) 
[1444093273.403895] [node045:7761 :0]         sys.c:719  MXM  WARN  Conflicting CPU frequencies detected, using: 1399.97
[1444093273.410067] [node045:7761 :0]         mxm.c:185  MXM  WARN  The 'ulimit -s' on the system is set to 'unlimited'. This may have negative performance implications. Please set the heap size to the default value (10240) 
[1444093273.385768] [node017:31884:0]         sys.c:719  MXM  WARN  Conflicting CPU frequencies detected, using: 2765.81
[1444093273.391480] [node017:31884:0]         mxm.c:185  MXM  WARN  The 'ulimit -s' on the system is set to 'unlimited'. This may have negative performance implications. Please set the heap size to the default value (10240) 
[1444093273.370297] [node014:5505 :0]         sys.c:719  MXM  WARN  Conflicting CPU frequencies detected, using: 1492.97
[1444093273.375028] [node014:5505 :0]         mxm.c:185  MXM  WARN  The 'ulimit -s' on the system is set to 'unlimited'. This may have negative performance implications. Please set the heap size to the default value (10240) 
[1444093273.362295] [node032:16756:0]         sys.c:719  MXM  WARN  Conflicting CPU frequencies detected, using: 1674.19
[1444093273.368561] [node032:16756:0]         mxm.c:185  MXM  WARN  The 'ulimit -s' on the system is set to 'unlimited'. This may have negative performance implications. Please set the heap size to the default value (10240) 
[1444093273.372760] [node035:15429:0]         sys.c:719  MXM  WARN  Conflicting CPU frequencies detected, using: 1598.53
[1444093273.376848] [node035:15429:0]         mxm.c:185  MXM  WARN  The 'ulimit -s' on the system is set to 'unlimited'. This may have negative performance implications. Please set the heap size to the default value (10240) 
[1444093273.385077] [node014:5519 :0]         sys.c:719  MXM  WARN  Conflicting CPU frequencies detected, using: 1525.88
[1444093273.389378] [node014:5519 :0]         mxm.c:185  MXM  WARN  The 'ulimit -s' on the system is set to 'unlimited'. This may have negative performance implications. Please set the heap size to the default value (10240) 
[1444093273.382737] [node019:30522:0]         sys.c:719  MXM  WARN  Conflicting CPU frequencies detected, using: 1454.81
[1444093273.386985] [node019:30522:0]         mxm.c:185  MXM  WARN  The 'ulimit -s' on the system is set to 'unlimited'. This may have negative performance implications. Please set the heap size to the default value (10240) 
[1444093273.400747] [node035:15446:0]         sys.c:719  MXM  WARN  Conflicting CPU frequencies detected, using: 1598.53
[1444093273.404954] [node035:15446:0]         mxm.c:185  MXM  WARN  The 'ulimit -s' on the system is set to 'unlimited'. This may have negative performance implications. Please set the heap size to the default value (10240) 
[1444093273.422349] [node021:30469:0]         sys.c:719  MXM  WARN  Conflicting CPU frequencies detected, using: 3183.84
[1444093273.426812] [node021:30469:0]         mxm.c:185  MXM  WARN  The 'ulimit -s' on the system is set to 'unlimited'. This may have negative performance implications. Please set the heap size to the default value (10240) 
[1444093273.422845] [node021:30470:0]         sys.c:719  MXM  WARN  Conflicting CPU frequencies detected, using: 3183.84
[1444093273.427019] [node021:30470:0]         mxm.c:185  MXM  WARN  The 'ulimit -s' on the system is set to 'unlimited'. This may have negative performance implications. Please set the heap size to the default value (10240) 
[1444093273.394991] [node055:13607:0]         sys.c:719  MXM  WARN  Conflicting CPU frequencies detected, using: 1515.94
[1444093273.400903] [node055:13607:0]         mxm.c:185  MXM  WARN  The 'ulimit -s' on the system is set to 'unlimited'. This may have negative performance implications. Please set the heap size to the default value (10240) 
[1444093273.403429] [node013:7504 :0]         sys.c:719  MXM  WARN  Conflicting CPU frequencies detected, using: 1694.44
[1444093273.409765] [node013:7504 :0]         mxm.c:185  MXM  WARN  The 'ulimit -s' on the system is set to 'unlimited'. This may have negative performance implications. Please set the heap size to the default value (10240) 
[1444093273.410840] [node057:22900:0]         sys.c:719  MXM  WARN  Conflicting CPU frequencies detected, using: 1699.97
[1444093273.414539] [node057:22900:0]         mxm.c:185  MXM  WARN  The 'ulimit -s' on the system is set to 'unlimited'. This may have negative performance implications. Please set the heap size to the default value (10240) 
[1444093273.416331] [node034:11878:0]         sys.c:719  MXM  WARN  Conflicting CPU frequencies detected, using: 1923.09
[1444093273.422470] [node034:11878:0]         mxm.c:185  MXM  WARN  The 'ulimit -s' on the system is set to 'unlimited'. This may have negative performance implications. Please set the heap size to the default value (10240) 
[1444093273.426039] [node020:25238:0]         sys.c:719  MXM  WARN  Conflicting CPU frequencies detected, using: 2967.28
[1444093273.432494] [node020:25238:0]         mxm.c:185  MXM  WARN  The 'ulimit -s' on the system is set to 'unlimited'. This may have negative performance implications. Please set the heap size to the default value (10240) 
[1444093273.452675] [node030:10029:0]         sys.c:719  MXM  WARN  Conflicting CPU frequencies detected, using: 1596.28
[1444093273.458950] [node030:10029:0]         mxm.c:185  MXM  WARN  The 'ulimit -s' on the system is set to 'unlimited'. This may have negative performance implications. Please set the heap size to the default value (10240) 
[1444093273.425779] [node019:30543:0]         sys.c:719  MXM  WARN  Conflicting CPU frequencies detected, using: 1464.75
[1444093273.429743] [node019:30543:0]         mxm.c:185  MXM  WARN  The 'ulimit -s' on the system is set to 'unlimited'. This may have negative performance implications. Please set the heap size to the default value (10240) 
[1444093273.421794] [node015:10949:0]         sys.c:719  MXM  WARN  Conflicting CPU frequencies detected, using: 1564.59
[1444093273.428183] [node015:10949:0]         mxm.c:185  MXM  WARN  The 'ulimit -s' on the system is set to 'unlimited'. This may have negative performance implications. Please set the heap size to the default value (10240) 
[1444093273.425768] [node065:933  :0]         sys.c:719  MXM  WARN  Conflicting CPU frequencies detected, using: 1498.03
[1444093273.430440] [node065:933  :0]         mxm.c:185  MXM  WARN  The 'ulimit -s' on the system is set to 'unlimited'. This may have negative performance implications. Please set the heap size to the default value (10240) 
[1444093273.465415] [node066:19457:0]         sys.c:719  MXM  WARN  Conflicting CPU frequencies detected, using: 1426.78
[1444093273.471377] [node066:19457:0]         mxm.c:185  MXM  WARN  The 'ulimit -s' on the system is set to 'unlimited'. This may have negative performance implications. Please set the heap size to the default value (10240) 
[1444093273.470972] [node064:1383 :0]         sys.c:719  MXM  WARN  Conflicting CPU frequencies detected, using: 1497.09
[1444093273.477247] [node064:1383 :0]         mxm.c:185  MXM  WARN  The 'ulimit -s' on the system is set to 'unlimited'. This may have negative performance implications. Please set the heap size to the default value (10240) 
[1444093273.435999] [node061:28518:0]         sys.c:719  MXM  WARN  Conflicting CPU frequencies detected, using: 1581.66
[1444093273.440240] [node061:28518:0]         mxm.c:185  MXM  WARN  The 'ulimit -s' on the system is set to 'unlimited'. This may have negative performance implications. Please set the heap size to the default value (10240) 
[1444093273.424241] [node012:27475:0]         sys.c:719  MXM  WARN  Conflicting CPU frequencies detected, using: 1496.91
[1444093273.430378] [node012:27475:0]         mxm.c:185  MXM  WARN  The 'ulimit -s' on the system is set to 'unlimited'. This may have negative performance implications. Please set the heap size to the default value (10240) 
[1444093273.472647] [node055:13630:0]         sys.c:719  MXM  WARN  Conflicting CPU frequencies detected, using: 1515.94
[1444093273.479322] [node055:13630:0]         mxm.c:185  MXM  WARN  The 'ulimit -s' on the system is set to 'unlimited'. This may have negative performance implications. Please set the heap size to the default value (10240) 
[1444093273.476269] [node023:31040:0]         sys.c:719  MXM  WARN  Conflicting CPU frequencies detected, using: 1394.81
[1444093273.482267] [node023:31040:0]         mxm.c:185  MXM  WARN  The 'ulimit -s' on the system is set to 'unlimited'. This may have negative performance implications. Please set the heap size to the default value (10240) 
[1444093273.446135] [node018:15875:0]         sys.c:719  MXM  WARN  Conflicting CPU frequencies detected, using: 2399.72
[1444093273.452667] [node018:15875:0]         mxm.c:185  MXM  WARN  The 'ulimit -s' on the system is set to 'unlimited'. This may have negative performance implications. Please set the heap size to the default value (10240) 
[1444093273.479185] [node067:18872:0]         sys.c:719  MXM  WARN  Conflicting CPU frequencies detected, using: 1467.28
[1444093273.485301] [node067:18872:0]         mxm.c:185  MXM  WARN  The 'ulimit -s' on the system is set to 'unlimited'. This may have negative performance implications. Please set the heap size to the default value (10240) 
[1444093273.460124] [node062:23569:0]         sys.c:719  MXM  WARN  Conflicting CPU frequencies detected, using: 3011.72
[1444093273.467260] [node062:23569:0]         mxm.c:185  MXM  WARN  The 'ulimit -s' on the system is set to 'unlimited'. This may have negative performance implications. Please set the heap size to the default value (10240) 
[1444093273.449055] [node037:15857:0]         sys.c:719  MXM  WARN  Conflicting CPU frequencies detected, using: 1575.19
[1444093273.453206] [node037:15857:0]         mxm.c:185  MXM  WARN  The 'ulimit -s' on the system is set to 'unlimited'. This may have negative performance implications. Please set the heap size to the default value (10240) 
[1444093273.465277] [node020:25255:0]         sys.c:719  MXM  WARN  Conflicting CPU frequencies detected, using: 2967.28
[1444093273.471641] [node020:25255:0]         mxm.c:185  MXM  WARN  The 'ulimit -s' on the system is set to 'unlimited'. This may have negative performance implications. Please set the heap size to the default value (10240) 
[1444093273.466111] [node062:23581:0]         sys.c:719  MXM  WARN  Conflicting CPU frequencies detected, using: 3011.72
[1444093273.471577] [node062:23581:0]         mxm.c:185  MXM  WARN  The 'ulimit -s' on the system is set to 'unlimited'. This may have negative performance implications. Please set the heap size to the default value (10240) 
[1444093273.444417] [node011:18164:0]         sys.c:719  MXM  WARN  Conflicting CPU frequencies detected, using: 1695.56
[1444093273.450766] [node011:18164:0]         mxm.c:185  MXM  WARN  The 'ulimit -s' on the system is set to 'unlimited'. This may have negative performance implications. Please set the heap size to the default value (10240) 
[1444093273.453787] [node061:28535:0]         sys.c:719  MXM  WARN  Conflicting CPU frequencies detected, using: 1581.66
[1444093273.458084] [node061:28535:0]         mxm.c:185  MXM  WARN  The 'ulimit -s' on the system is set to 'unlimited'. This may have negative performance implications. Please set the heap size to the default value (10240) 
[1444093273.484774] [node039:12908:0]         sys.c:719  MXM  WARN  Conflicting CPU frequencies detected, using: 1493.44
[1444093273.492542] [node039:12908:0]         mxm.c:185  MXM  WARN  The 'ulimit -s' on the system is set to 'unlimited'. This may have negative performance implications. Please set the heap size to the default value (10240) 
[1444093273.444716] [node044:9520 :0]         sys.c:719  MXM  WARN  Conflicting CPU frequencies detected, using: 1799.16
[1444093273.451432] [node044:9520 :0]         mxm.c:185  MXM  WARN  The 'ulimit -s' on the system is set to 'unlimited'. This may have negative performance implications. Please set the heap size to the default value (10240) 
[1444093273.484849] [node039:12907:0]         sys.c:719  MXM  WARN  Conflicting CPU frequencies detected, using: 1493.44
[1444093273.493245] [node039:12907:0]         mxm.c:185  MXM  WARN  The 'ulimit -s' on the system is set to 'unlimited'. This may have negative performance implications. Please set the heap size to the default value (10240) 
[1444093273.459165] [node065:950  :0]         sys.c:719  MXM  WARN  Conflicting CPU frequencies detected, using: 1498.03
[1444093273.463645] [node065:950  :0]         mxm.c:185  MXM  WARN  The 'ulimit -s' on the system is set to 'unlimited'. This may have negative performance implications. Please set the heap size to the default value (10240) 
[1444093273.493015] [node068:19870:0]         sys.c:719  MXM  WARN  Conflicting CPU frequencies detected, using: 1598.34
[1444093273.501332] [node068:19870:0]         mxm.c:185  MXM  WARN  The 'ulimit -s' on the system is set to 'unlimited'. This may have negative performance implications. Please set the heap size to the default value (10240) 
[1444093273.478007] [node057:22921:0]         sys.c:719  MXM  WARN  Conflicting CPU frequencies detected, using: 1786.69
[1444093273.481755] [node057:22921:0]         mxm.c:185  MXM  WARN  The 'ulimit -s' on the system is set to 'unlimited'. This may have negative performance implications. Please set the heap size to the default value (10240) 
[1444093273.464024] [node044:9534 :0]         sys.c:719  MXM  WARN  Conflicting CPU frequencies detected, using: 1799.16
[1444093273.469853] [node044:9534 :0]         mxm.c:185  MXM  WARN  The 'ulimit -s' on the system is set to 'unlimited'. This may have negative performance implications. Please set the heap size to the default value (10240) 
[1444093273.475058] [node043:9696 :0]         sys.c:719  MXM  WARN  Conflicting CPU frequencies detected, using: 2787.84
[1444093273.481233] [node043:9696 :0]         mxm.c:185  MXM  WARN  The 'ulimit -s' on the system is set to 'unlimited'. This may have negative performance implications. Please set the heap size to the default value (10240) 
[1444093273.474680] [node022:26709:0]         sys.c:719  MXM  WARN  Conflicting CPU frequencies detected, using: 2399.91
[1444093273.480827] [node022:26709:0]         mxm.c:185  MXM  WARN  The 'ulimit -s' on the system is set to 'unlimited'. This may have negative performance implications. Please set the heap size to the default value (10240) 
[1444093273.479267] [node043:9700 :0]         sys.c:719  MXM  WARN  Conflicting CPU frequencies detected, using: 2787.84
[1444093273.485175] [node043:9700 :0]         mxm.c:185  MXM  WARN  The 'ulimit -s' on the system is set to 'unlimited'. This may have negative performance implications. Please set the heap size to the default value (10240) 
[1444093273.472858] [node058:17426:0]         sys.c:719  MXM  WARN  Conflicting CPU frequencies detected, using: 1397.44
[1444093273.476934] [node058:17426:0]         mxm.c:185  MXM  WARN  The 'ulimit -s' on the system is set to 'unlimited'. This may have negative performance implications. Please set the heap size to the default value (10240) 
[1444093273.471995] [node012:27493:0]         sys.c:719  MXM  WARN  Conflicting CPU frequencies detected, using: 1597.88
[1444093273.477654] [node012:27493:0]         mxm.c:185  MXM  WARN  The 'ulimit -s' on the system is set to 'unlimited'. This may have negative performance implications. Please set the heap size to the default value (10240) 
[1444093273.470211] [node053:15654:0]         sys.c:719  MXM  WARN  Conflicting CPU frequencies detected, using: 1599.84
[1444093273.474833] [node053:15654:0]         mxm.c:185  MXM  WARN  The 'ulimit -s' on the system is set to 'unlimited'. This may have negative performance implications. Please set the heap size to the default value (10240) 
[1444093273.470599] [node053:15651:0]         sys.c:719  MXM  WARN  Conflicting CPU frequencies detected, using: 1599.84
[1444093273.475041] [node053:15651:0]         mxm.c:185  MXM  WARN  The 'ulimit -s' on the system is set to 'unlimited'. This may have negative performance implications. Please set the heap size to the default value (10240) 
[1444093273.481270] [node054:13013:0]         sys.c:719  MXM  WARN  Conflicting CPU frequencies detected, using: 2591.62
[1444093273.489553] [node054:13013:0]         mxm.c:185  MXM  WARN  The 'ulimit -s' on the system is set to 'unlimited'. This may have negative performance implications. Please set the heap size to the default value (10240) 
[1444093273.471668] [node032:16780:0]         sys.c:719  MXM  WARN  Conflicting CPU frequencies detected, using: 1674.19
[1444093273.477596] [node032:16780:0]         mxm.c:185  MXM  WARN  The 'ulimit -s' on the system is set to 'unlimited'. This may have negative performance implications. Please set the heap size to the default value (10240) 
[1444093273.467621] [node011:18178:0]         sys.c:719  MXM  WARN  Conflicting CPU frequencies detected, using: 1695.56
[1444093273.474030] [node011:18178:0]         mxm.c:185  MXM  WARN  The 'ulimit -s' on the system is set to 'unlimited'. This may have negative performance implications. Please set the heap size to the default value (10240) 
[1444093273.480716] [node054:13014:0]         sys.c:719  MXM  WARN  Conflicting CPU frequencies detected, using: 2591.62
[1444093273.488816] [node054:13014:0]         mxm.c:185  MXM  WARN  The 'ulimit -s' on the system is set to 'unlimited'. This may have negative performance implications. Please set the heap size to the default value (10240) 
[1444093273.481051] [node042:7672 :0]         sys.c:719  MXM  WARN  Conflicting CPU frequencies detected, using: 1918.12
[1444093273.487207] [node042:7672 :0]         mxm.c:185  MXM  WARN  The 'ulimit -s' on the system is set to 'unlimited'. This may have negative performance implications. Please set the heap size to the default value (10240) 
[1444093273.485986] [node059:15478:0]         sys.c:719  MXM  WARN  Conflicting CPU frequencies detected, using: 1599.94
[1444093273.489475] [node059:15478:0]         mxm.c:185  MXM  WARN  The 'ulimit -s' on the system is set to 'unlimited'. This may have negative performance implications. Please set the heap size to the default value (10240) 
[1444093273.495246] [node060:20748:0]         sys.c:719  MXM  WARN  Conflicting CPU frequencies detected, using: 1793.91
[1444093273.498467] [node060:20748:0]         mxm.c:185  MXM  WARN  The 'ulimit -s' on the system is set to 'unlimited'. This may have negative performance implications. Please set the heap size to the default value (10240) 
[1444093273.484634] [node059:15479:0]         sys.c:719  MXM  WARN  Conflicting CPU frequencies detected, using: 1599.94
[1444093273.488763] [node059:15479:0]         mxm.c:185  MXM  WARN  The 'ulimit -s' on the system is set to 'unlimited'. This may have negative performance implications. Please set the heap size to the default value (10240) 
[1444093273.521484] [node045:7785 :0]         sys.c:719  MXM  WARN  Conflicting CPU frequencies detected, using: 1399.88
[1444093273.527437] [node045:7785 :0]         mxm.c:185  MXM  WARN  The 'ulimit -s' on the system is set to 'unlimited'. This may have negative performance implications. Please set the heap size to the default value (10240) 
[1444093273.493981] [node060:20747:0]         sys.c:719  MXM  WARN  Conflicting CPU frequencies detected, using: 1793.91
[1444093273.497690] [node060:20747:0]         mxm.c:185  MXM  WARN  The 'ulimit -s' on the system is set to 'unlimited'. This may have negative performance implications. Please set the heap size to the default value (10240) 
[1444093273.482608] [node038:8154 :0]         sys.c:719  MXM  WARN  Conflicting CPU frequencies detected, using: 1986.94
[1444093273.490347] [node038:8154 :0]         mxm.c:185  MXM  WARN  The 'ulimit -s' on the system is set to 'unlimited'. This may have negative performance implications. Please set the heap size to the default value (10240) 
[1444093273.523109] [node040:15467:0]         sys.c:719  MXM  WARN  Conflicting CPU frequencies detected, using: 1582.41
[1444093273.529499] [node040:15467:0]         mxm.c:185  MXM  WARN  The 'ulimit -s' on the system is set to 'unlimited'. This may have negative performance implications. Please set the heap size to the default value (10240) 
[1444093273.482514] [node038:8158 :0]         sys.c:719  MXM  WARN  Conflicting CPU frequencies detected, using: 1986.94
[1444093273.491120] [node038:8158 :0]         mxm.c:185  MXM  WARN  The 'ulimit -s' on the system is set to 'unlimited'. This may have negative performance implications. Please set the heap size to the default value (10240) 
[1444093273.493813] [node063:30050:0]         sys.c:719  MXM  WARN  Conflicting CPU frequencies detected, using: 1534.12
[1444093273.498398] [node063:30050:0]         mxm.c:185  MXM  WARN  The 'ulimit -s' on the system is set to 'unlimited'. This may have negative performance implications. Please set the heap size to the default value (10240) 
[1444093273.494121] [node042:7686 :0]         sys.c:719  MXM  WARN  Conflicting CPU frequencies detected, using: 1918.12
[1444093273.500367] [node042:7686 :0]         mxm.c:185  MXM  WARN  The 'ulimit -s' on the system is set to 'unlimited'. This may have negative performance implications. Please set the heap size to the default value (10240) 
[1444093273.522807] [node041:9913 :0]         sys.c:719  MXM  WARN  Conflicting CPU frequencies detected, using: 1499.53
[1444093273.530484] [node041:9913 :0]         mxm.c:185  MXM  WARN  The 'ulimit -s' on the system is set to 'unlimited'. This may have negative performance implications. Please set the heap size to the default value (10240) 
[1444093273.504599] [node036:13920:0]         sys.c:719  MXM  WARN  Conflicting CPU frequencies detected, using: 2950.41
[1444093273.508963] [node036:13920:0]         mxm.c:185  MXM  WARN  The 'ulimit -s' on the system is set to 'unlimited'. This may have negative performance implications. Please set the heap size to the default value (10240) 
[1444093273.523091] [node041:9912 :0]         sys.c:719  MXM  WARN  Conflicting CPU frequencies detected, using: 1499.53
[1444093273.531272] [node041:9912 :0]         mxm.c:185  MXM  WARN  The 'ulimit -s' on the system is set to 'unlimited'. This may have negative performance implications. Please set the heap size to the default value (10240) 
[1444093273.494712] [node058:17443:0]         sys.c:719  MXM  WARN  Conflicting CPU frequencies detected, using: 1399.97
[1444093273.499173] [node058:17443:0]         mxm.c:185  MXM  WARN  The 'ulimit -s' on the system is set to 'unlimited'. This may have negative performance implications. Please set the heap size to the default value (10240) 
[1444093273.482617] [node064:1395 :0]         sys.c:719  MXM  WARN  Conflicting CPU frequencies detected, using: 1497.09
[1444093273.489378] [node064:1395 :0]         mxm.c:185  MXM  WARN  The 'ulimit -s' on the system is set to 'unlimited'. This may have negative performance implications. Please set the heap size to the default value (10240) 
[1444093273.493767] [node063:30051:0]         sys.c:719  MXM  WARN  Conflicting CPU frequencies detected, using: 1534.12
[1444093273.498511] [node063:30051:0]         mxm.c:185  MXM  WARN  The 'ulimit -s' on the system is set to 'unlimited'. This may have negative performance implications. Please set the heap size to the default value (10240) 
[1444093273.486936] [node033:17859:0]         sys.c:719  MXM  WARN  Conflicting CPU frequencies detected, using: 1952.91
[1444093273.495133] [node033:17859:0]         mxm.c:185  MXM  WARN  The 'ulimit -s' on the system is set to 'unlimited'. This may have negative performance implications. Please set the heap size to the default value (10240) 
[1444093273.486676] [node033:17858:0]         sys.c:719  MXM  WARN  Conflicting CPU frequencies detected, using: 1952.91
[1444093273.494401] [node033:17858:0]         mxm.c:185  MXM  WARN  The 'ulimit -s' on the system is set to 'unlimited'. This may have negative performance implications. Please set the heap size to the default value (10240) 
[1444093273.494410] [node056:13131:0]         sys.c:719  MXM  WARN  Conflicting CPU frequencies detected, using: 1682.25
[1444093273.502672] [node056:13131:0]         mxm.c:185  MXM  WARN  The 'ulimit -s' on the system is set to 'unlimited'. This may have negative performance implications. Please set the heap size to the default value (10240) 
[1444093273.499349] [node031:18103:0]         sys.c:719  MXM  WARN  Conflicting CPU frequencies detected, using: 1697.81
[1444093273.505199] [node031:18103:0]         mxm.c:185  MXM  WARN  The 'ulimit -s' on the system is set to 'unlimited'. This may have negative performance implications. Please set the heap size to the default value (10240) 
[1444093273.493098] [node068:19871:0]         sys.c:719  MXM  WARN  Conflicting CPU frequencies detected, using: 1638.56
[1444093273.500601] [node068:19871:0]         mxm.c:185  MXM  WARN  The 'ulimit -s' on the system is set to 'unlimited'. This may have negative performance implications. Please set the heap size to the default value (10240) 
[1444093273.494410] [node056:13130:0]         sys.c:719  MXM  WARN  Conflicting CPU frequencies detected, using: 1682.25
[1444093273.503399] [node056:13130:0]         mxm.c:185  MXM  WARN  The 'ulimit -s' on the system is set to 'unlimited'. This may have negative performance implications. Please set the heap size to the default value (10240) 
[1444093273.543921] [node036:13930:0]         sys.c:719  MXM  WARN  Conflicting CPU frequencies detected, using: 2950.41
[1444093273.548244] [node036:13930:0]         mxm.c:185  MXM  WARN  The 'ulimit -s' on the system is set to 'unlimited'. This may have negative performance implications. Please set the heap size to the default value (10240) 
[1444093273.518833] [node030:10050:0]         sys.c:719  MXM  WARN  Conflicting CPU frequencies detected, using: 1668.66
[1444093273.525076] [node030:10050:0]         mxm.c:185  MXM  WARN  The 'ulimit -s' on the system is set to 'unlimited'. This may have negative performance implications. Please set the heap size to the default value (10240) 
[1444093273.520275] [node066:19478:0]         sys.c:719  MXM  WARN  Conflicting CPU frequencies detected, using: 1603.97
[1444093273.526814] [node066:19478:0]         mxm.c:185  MXM  WARN  The 'ulimit -s' on the system is set to 'unlimited'. This may have negative performance implications. Please set the heap size to the default value (10240) 
[1444093273.526876] [node040:15461:0]         sys.c:719  MXM  WARN  Conflicting CPU frequencies detected, using: 1582.41
[1444093273.533135] [node040:15461:0]         mxm.c:185  MXM  WARN  The 'ulimit -s' on the system is set to 'unlimited'. This may have negative performance implications. Please set the heap size to the default value (10240) 
UPCR: UPC thread 22 of 96 on node019 (pshm node 11 of 48, process 22 of 96, pid=30522)
UPCR: UPC thread 54 of 96 on node041 (pshm node 27 of 48, process 54 of 96, pid=9912)
UPCR: UPC thread  0 of 96 on node008 (pshm node  0 of 48, process  0 of 96, pid=9823)
UPCR: UPC thread  1 of 96 on node008 (pshm node  0 of 48, process  1 of 96, pid=9824)
UPCR: UPC thread 23 of 96 on node019 (pshm node 11 of 48, process 23 of 96, pid=30543)
UPCR: UPC thread 39 of 96 on node033 (pshm node 19 of 48, process 39 of 96, pid=17858)
UPCR: UPC thread 15 of 96 on node015 (pshm node  7 of 48, process 15 of 96, pid=10926)
UPCR: UPC thread 41 of 96 on node034 (pshm node 20 of 48, process 41 of 96, pid=11855)
UPCR: UPC thread 55 of 96 on node041 (pshm node 27 of 48, process 55 of 96, pid=9913)
UPCR: UPC thread 51 of 96 on node039 (pshm node 25 of 48, process 51 of 96, pid=12908)
UPCR: UPC thread 58 of 96 on node043 (pshm node 29 of 48, process 58 of 96, pid=9696)
UPCR: UPC thread 73 of 96 on node057 (pshm node 36 of 48, process 73 of 96, pid=22900)
UPCR: UPC thread 43 of 96 on node035 (pshm node 21 of 48, process 43 of 96, pid=15446)
UPCR: UPC thread 35 of 96 on node031 (pshm node 17 of 48, process 35 of 96, pid=18103)
UPCR: UPC thread  6 of 96 on node011 (pshm node  3 of 48, process  6 of 96, pid=18178)
UPCR: UPC thread 74 of 96 on node058 (pshm node 37 of 48, process 74 of 96, pid=17443)
UPCR: UPC thread 25 of 96 on node020 (pshm node 12 of 48, process 25 of 96, pid=25255)
UPCR: UPC thread  2 of 96 on node009 (pshm node  1 of 48, process  2 of 96, pid=9983)
UPCR: UPC thread 63 of 96 on node045 (pshm node 31 of 48, process 63 of 96, pid=7761)
UPCR: UPC thread 34 of 96 on node031 (pshm node 17 of 48, process 34 of 96, pid=18079)
UPCR: UPC thread 85 of 96 on node063 (pshm node 42 of 48, process 85 of 96, pid=30051)
UPCR: UPC thread 83 of 96 on node062 (pshm node 41 of 48, process 83 of 96, pid=23569)
UPCR: UPC thread  7 of 96 on node011 (pshm node  3 of 48, process  7 of 96, pid=18164)
UPCR: UPC thread 20 of 96 on node018 (pshm node 10 of 48, process 20 of 96, pid=15851)
UPCR: UPC thread 68 of 96 on node055 (pshm node 34 of 48, process 68 of 96, pid=13630)
UPCR: UPC thread 69 of 96 on node055 (pshm node 34 of 48, process 69 of 96, pid=13607)
UPCR: UPC thread 33 of 96 on node030 (pshm node 16 of 48, process 33 of 96, pid=10029)
UPCR: UPC thread 84 of 96 on node063 (pshm node 42 of 48, process 84 of 96, pid=30050)
UPCR: UPC thread 88 of 96 on node065 (pshm node 44 of 48, process 88 of 96, pid=933)
UPCR: UPC thread  9 of 96 on node012 (pshm node  4 of 48, process  9 of 96, pid=27475)
UPCR: UPC thread 14 of 96 on node015 (pshm node  7 of 48, process 14 of 96, pid=10949)
UPCR: UPC thread 90 of 96 on node066 (pshm node 45 of 48, process 90 of 96, pid=19457)
UPCR: UPC thread 62 of 96 on node045 (pshm node 31 of 48, process 62 of 96, pid=7785)
UPCR: UPC thread 11 of 96 on node013 (pshm node  5 of 48, process 11 of 96, pid=7480)
UPCR: UPC thread 37 of 96 on node032 (pshm node 18 of 48, process 37 of 96, pid=16780)
UPCR: UPC thread 21 of 96 on node018 (pshm node 10 of 48, process 21 of 96, pid=15875)
UPCR: UPC thread 66 of 96 on node054 (pshm node 33 of 48, process 66 of 96, pid=13014)
UPCR: UPC thread 67 of 96 on node054 (pshm node 33 of 48, process 67 of 96, pid=13013)
UPCR: UPC thread 28 of 96 on node022 (pshm node 14 of 48, process 28 of 96, pid=26709)
UPCR: UPC thread 78 of 96 on node060 (pshm node 39 of 48, process 78 of 96, pid=20747)
UPCR: UPC thread 89 of 96 on node065 (pshm node 44 of 48, process 89 of 96, pid=950)
UPCR: UPC thread  4 of 96 on node010 (pshm node  2 of 48, process  4 of 96, pid=30640)
UPCR: UPC thread  3 of 96 on node009 (pshm node  1 of 48, process  3 of 96, pid=10006)
UPCR: UPC thread 52 of 96 on node040 (pshm node 26 of 48, process 52 of 96, pid=15461)
UPCR: UPC thread 82 of 96 on node062 (pshm node 41 of 48, process 82 of 96, pid=23581)
UPCR: UPC thread 71 of 96 on node056 (pshm node 35 of 48, process 71 of 96, pid=13130)
UPCR: UPC thread 29 of 96 on node022 (pshm node 14 of 48, process 29 of 96, pid=26685)
UPCR: UPC thread 36 of 96 on node032 (pshm node 18 of 48, process 36 of 96, pid=16756)
UPCR: UPC thread 53 of 96 on node040 (pshm node 26 of 48, process 53 of 96, pid=15467)
UPCR: UPC thread 46 of 96 on node037 (pshm node 23 of 48, process 46 of 96, pid=15834)
UPCR: UPC thread 92 of 96 on node067 (pshm node 46 of 48, process 92 of 96, pid=18848)
UPCR: UPC thread  5 of 96 on node010 (pshm node  2 of 48, process  5 of 96, pid=30617)
UPCR: UPC thread 17 of 96 on node016 (pshm node  8 of 48, process 17 of 96, pid=15883)
UPCR: UPC thread 80 of 96 on node061 (pshm node 40 of 48, process 80 of 96, pid=28535)
UPCR: UPC thread 31 of 96 on node023 (pshm node 15 of 48, process 31 of 96, pid=31040)
UPCR: UPC thread 27 of 96 on node021 (pshm node 13 of 48, process 27 of 96, pid=30469)
UPCR: UPC thread 91 of 96 on node066 (pshm node 45 of 48, process 91 of 96, pid=19478)
UPCR: UPC thread 18 of 96 on node017 (pshm node  9 of 48, process 18 of 96, pid=31863)
UPCR: UPC thread 93 of 96 on node067 (pshm node 46 of 48, process 93 of 96, pid=18872)
UPCR: UPC thread 61 of 96 on node044 (pshm node 30 of 48, process 61 of 96, pid=9520)
UPCR: UPC thread 70 of 96 on node056 (pshm node 35 of 48, process 70 of 96, pid=13131)
UPCR: UPC thread 95 of 96 on node068 (pshm node 47 of 48, process 95 of 96, pid=19871)
UPCR: UPC thread 32 of 96 on node030 (pshm node 16 of 48, process 32 of 96, pid=10050)
UPCR: UPC thread 86 of 96 on node064 (pshm node 43 of 48, process 86 of 96, pid=1395)
UPCR: UPC thread 94 of 96 on node068 (pshm node 47 of 48, process 94 of 96, pid=19870)
UPCR: UPC thread 24 of 96 on node020 (pshm node 12 of 48, process 24 of 96, pid=25238)
UPCR: UPC thread 30 of 96 on node023 (pshm node 15 of 48, process 30 of 96, pid=31016)
UPCR: UPC thread 75 of 96 on node058 (pshm node 37 of 48, process 75 of 96, pid=17426)
UPCR: UPC thread 76 of 96 on node059 (pshm node 38 of 48, process 76 of 96, pid=15478)
UPCR: UPC thread 48 of 96 on node038 (pshm node 24 of 48, process 48 of 96, pid=8158)
UPCR: UPC thread 45 of 96 on node036 (pshm node 22 of 48, process 45 of 96, pid=13930)
UPCR: UPC thread 60 of 96 on node044 (pshm node 30 of 48, process 60 of 96, pid=9534)
UPCR: UPC thread 44 of 96 on node036 (pshm node 22 of 48, process 44 of 96, pid=13920)
UPCR: UPC thread 77 of 96 on node059 (pshm node 38 of 48, process 77 of 96, pid=15479)
UPCR: UPC thread 87 of 96 on node064 (pshm node 43 of 48, process 87 of 96, pid=1383)
UPCR: UPC thread 13 of 96 on node014 (pshm node  6 of 48, process 13 of 96, pid=5519)
UPCR: UPC thread 12 of 96 on node014 (pshm node  6 of 48, process 12 of 96, pid=5505)
UPCR: UPC thread 81 of 96 on node061 (pshm node 40 of 48, process 81 of 96, pid=28518)
UPCR: UPC thread 64 of 96 on node053 (pshm node 32 of 48, process 64 of 96, pid=15651)
UPCR: UPC thread 26 of 96 on node021 (pshm node 13 of 48, process 26 of 96, pid=30470)
UPCR: UPC thread 79 of 96 on node060 (pshm node 39 of 48, process 79 of 96, pid=20748)
UPCR: UPC thread 72 of 96 on node057 (pshm node 36 of 48, process 72 of 96, pid=22921)
UPCR: UPC thread 42 of 96 on node035 (pshm node 21 of 48, process 42 of 96, pid=15429)
UPCR: UPC thread 49 of 96 on node038 (pshm node 24 of 48, process 49 of 96, pid=8154)
UPCR: UPC thread 65 of 96 on node053 (pshm node 32 of 48, process 65 of 96, pid=15654)
UPCR: UPC thread 57 of 96 on node042 (pshm node 28 of 48, process 57 of 96, pid=7686)
UPCR: UPC thread 16 of 96 on node016 (pshm node  8 of 48, process 16 of 96, pid=15900)
UPCR: UPC thread 40 of 96 on node034 (pshm node 20 of 48, process 40 of 96, pid=11878)
UPCR: UPC thread 38 of 96 on node033 (pshm node 19 of 48, process 38 of 96, pid=17859)
UPCR: UPC thread 59 of 96 on node043 (pshm node 29 of 48, process 59 of 96, pid=9700)
UPCR: UPC thread 56 of 96 on node042 (pshm node 28 of 48, process 56 of 96, pid=7672)
UPCR: UPC thread 50 of 96 on node039 (pshm node 25 of 48, process 50 of 96, pid=12907)
UPCR: UPC thread 47 of 96 on node037 (pshm node 23 of 48, process 47 of 96, pid=15857)
UPCR: UPC thread 10 of 96 on node013 (pshm node  5 of 48, process 10 of 96, pid=7504)
UPCR: UPC thread  8 of 96 on node012 (pshm node  4 of 48, process  8 of 96, pid=27493)
UPCR: UPC thread 19 of 96 on node017 (pshm node  9 of 48, process 19 of 96, pid=31884)
Initializing models/collision.5.9-rgs.bdd!
Vector size: 22
Bits per integer: 9
Number of BDD variables: 198
Loading initial states: 
Initial states loaded... 
Loading transition relations... 
22 integers per state, 9 bits per integer, 29 transition groups
BDD nodes:
Initial states: 198 BDD nodes
Transition 0: 526 BDD nodes
Transition 1: 404 BDD nodes
Transition 2: 80 BDD nodes
Transition 3: 651 BDD nodes
Transition 4: 670 BDD nodes
Transition 5: 629 BDD nodes
Transition 6: 565 BDD nodes
Transition 7: 124 BDD nodes
Transition 8: 61 BDD nodes
Transition 9: 112 BDD nodes
Transition 10: 121 BDD nodes
Transition 11: 117 BDD nodes
Transition 12: 123 BDD nodes
Transition 13: 71 BDD nodes
Transition 14: 60 BDD nodes
Transition 15: 88 BDD nodes
Transition 16: 36 BDD nodes
Transition 17: 71 BDD nodes
Transition 18: 64 BDD nodes
Transition 19: 88 BDD nodes
Transition 20: 36 BDD nodes
Transition 21: 74 BDD nodes
Transition 22: 60 BDD nodes
Transition 23: 86 BDD nodes
Transition 24: 36 BDD nodes
Transition 25: 71 BDD nodes
Transition 26: 60 BDD nodes
Transition 27: 96 BDD nodes
Transition 28: 36 BDD nodes
Level 1... done. 
Level 2... done. 
Level 3... done. 
Level 4... done. 
Level 5... done. 
Level 6... done. 
Level 7... done. 
Level 8... done. 
Level 9... done. 
Level 10... done. 
Level 11... done. 
Level 12... done. 
Level 13... done. 
Level 14... done. 
Level 15... done. 
Level 16... done. 
Level 17... done. 
Level 18... done. 
Level 19... done. 
Level 20... done. 
Level 21... done. 
Level 22... done. 
Level 23... done. 
Level 24... done. 
Level 25... done. 
Level 26... done. 
Level 27... done. 
Level 28... done. 
Level 29... done. 
Level 30... done. 
Level 31... done. 
Level 32... done. 
Level 33... done. 
Level 34... done. 
Level 35... done. 
Level 36... done. 
Level 37... done. 
Level 38... done. 
Level 39... done. 
Level 40... done. 
Level 41... done. 
Level 42... done. 
Level 43... done. 
Level 44... done. 
Level 45... done. 
Level 46... done. 
Level 47... done. 
Level 48... done. 
Level 49... done. 
Level 50... done. 
Level 51... done. 
Level 52... done. 
Level 53... done. 
Level 54... done. 
Level 55... done. 
Level 56... done. 
Level 57... done. 
Level 58... done. 
Level 59... done. 
Level 60... done. 
Level 61... done. 
Level 62... done. 
Level 63... done. 
Level 64... done. 
Level 65... done. 
Level 66... done. 
Level 67... done. 
Level 68... done. 
Level 69... done. 
Level 70... done. 
Level 71... done. 
Level 72... done. 
Level 73... done. 
Level 74... done. 
Level 75... done. 
Level 76... done. 
Level 77... done. 
Level 78... done. 
Level 79... done. 
Level 80... done. 
Level 81... done. 
Level 82... done. 
Level 83... done. 
Level 84... done. 
Level 85... done. 
Level 86... done. 
Level 87... done. 
Level 88... done. 
Level 89... done. 
Level 90... done. 
Level 91... done. 
Level 92... done. 
Level 93... done. 
Level 94... done. 
Level 95... done. 
Level 96... done. 
Level 97... done. 
Level 98... done. 
Level 99... done. 
Level 100... done. 
Level 101... done. 
Level 102... done. 
Level 103... done. 
Level 104... done. 
Level 105... done. 
Level 106... done. 
Level 107... done. 
Level 108... done. 
Level 109... done. 
Level 110... done. 
Level 111... done. 
Level 112... done. 
Level 113... done. 
Level 114... done. 
Level 115... done. 
Level 116... done. 
Level 117... done. 
Level 118... done. 
Level 119... done. 
Level 120... done. 
Level 121... done. 
Level 122... done. 
Level 123... done. 
Level 124... done. 
Level 125... done. 
Level 126... done. 
Level 127... done. 
Level 128... done. 
Level 129... done. 
Level 130... done. 
Level 131... done. 
Level 132... done. 
Level 133... done. 
Level 134... done. 
Level 135... done. 
Level 136... done. 
Level 137... done. 
Level 138... done. 
Level 139... done. 
Level 140... done. 
Level 141... done. 
Level 142... done. 
Level 143... done. 
Level 144... done. 
Level 145... done. 
Level 146... done. 
Level 147... done. 
Level 148... done. 
Level 149... done. 
Level 150... done. 
Level 151... done. 
Level 152... done. 
Level 153... done. 
Level 154... done. 
Level 155... done. 
Level 156... done. 
Level 157... done. 
Level 158... done. 
Level 159... done. 
Level 160... done. 
Level 161... done. 
Level 162... done. 
Level 163... done. 
Level 164... done. 
Level 165... done. 
Level 166... done. 
Level 167... done. 
Level 168... done. 
Level 169... done. 
Level 170... done. 
Level 171... done. 
Level 172... done. 
Level 173... done. 
Level 174... done. 
Level 175... done. 
Level 176... done. 
Level 177... done. 
Level 178... done. 
Level 179... done. 
Level 180... done. 
Level 181... done. 
PAR Time: 204.821837
Final states: 431965993 states
Final states: 34341 BDD nodes
[1444093272.644245] [node008:9778 :0]         sys.c:719  MXM  WARN  Conflicting CPU frequencies detected, using: 1299.75
