[1444083533.791701] [node008:27336:0]         sys.c:719  MXM  WARN  Conflicting CPU frequencies detected, using: 2433.94
[1444083533.801855] [node008:27336:0]         mxm.c:185  MXM  WARN  The 'ulimit -s' on the system is set to 'unlimited'. This may have negative performance implications. Please set the heap size to the default value (10240) 
[1444083533.793146] [node008:27335:0]         sys.c:719  MXM  WARN  Conflicting CPU frequencies detected, using: 2433.94
[1444083533.802936] [node008:27335:0]         mxm.c:185  MXM  WARN  The 'ulimit -s' on the system is set to 'unlimited'. This may have negative performance implications. Please set the heap size to the default value (10240) 
[1444083534.047997] [node013:27146:0]         sys.c:719  MXM  WARN  Conflicting CPU frequencies detected, using: 1555.41
[1444083534.056163] [node013:27146:0]         mxm.c:185  MXM  WARN  The 'ulimit -s' on the system is set to 'unlimited'. This may have negative performance implications. Please set the heap size to the default value (10240) 
[1444083534.047792] [node013:27147:0]         sys.c:719  MXM  WARN  Conflicting CPU frequencies detected, using: 1555.41
[1444083534.056956] [node013:27147:0]         mxm.c:185  MXM  WARN  The 'ulimit -s' on the system is set to 'unlimited'. This may have negative performance implications. Please set the heap size to the default value (10240) 
[1444083534.017450] [node009:29645:0]         sys.c:719  MXM  WARN  Conflicting CPU frequencies detected, using: 1797.38
[1444083534.023475] [node009:29645:0]         mxm.c:185  MXM  WARN  The 'ulimit -s' on the system is set to 'unlimited'. This may have negative performance implications. Please set the heap size to the default value (10240) 
[1444083534.037227] [node009:29659:0]         sys.c:719  MXM  WARN  Conflicting CPU frequencies detected, using: 1899.94
[1444083534.042667] [node009:29659:0]         mxm.c:185  MXM  WARN  The 'ulimit -s' on the system is set to 'unlimited'. This may have negative performance implications. Please set the heap size to the default value (10240) 
[1444083534.062605] [node022:13959:0]         sys.c:719  MXM  WARN  Conflicting CPU frequencies detected, using: 1593.38
[1444083534.071091] [node022:13959:0]         mxm.c:185  MXM  WARN  The 'ulimit -s' on the system is set to 'unlimited'. This may have negative performance implications. Please set the heap size to the default value (10240) 
[1444083534.047260] [node023:18292:0]         sys.c:719  MXM  WARN  Conflicting CPU frequencies detected, using: 3171.28
[1444083534.054263] [node023:18292:0]         mxm.c:185  MXM  WARN  The 'ulimit -s' on the system is set to 'unlimited'. This may have negative performance implications. Please set the heap size to the default value (10240) 
[1444083534.043528] [node023:18288:0]         sys.c:719  MXM  WARN  Conflicting CPU frequencies detected, using: 3171.28
[1444083534.049925] [node023:18288:0]         mxm.c:185  MXM  WARN  The 'ulimit -s' on the system is set to 'unlimited'. This may have negative performance implications. Please set the heap size to the default value (10240) 
[1444083534.045305] [node015:30599:0]         sys.c:719  MXM  WARN  Conflicting CPU frequencies detected, using: 2024.91
[1444083534.052795] [node015:30599:0]         mxm.c:185  MXM  WARN  The 'ulimit -s' on the system is set to 'unlimited'. This may have negative performance implications. Please set the heap size to the default value (10240) 
[1444083534.076198] [node017:19134:0]         sys.c:719  MXM  WARN  Conflicting CPU frequencies detected, using: 1566.19
[1444083534.084473] [node017:19134:0]         mxm.c:185  MXM  WARN  The 'ulimit -s' on the system is set to 'unlimited'. This may have negative performance implications. Please set the heap size to the default value (10240) 
[1444083534.045695] [node015:30598:0]         sys.c:719  MXM  WARN  Conflicting CPU frequencies detected, using: 2024.91
[1444083534.053540] [node015:30598:0]         mxm.c:185  MXM  WARN  The 'ulimit -s' on the system is set to 'unlimited'. This may have negative performance implications. Please set the heap size to the default value (10240) 
[1444083534.062753] [node022:13958:0]         sys.c:719  MXM  WARN  Conflicting CPU frequencies detected, using: 1593.38
[1444083534.070323] [node022:13958:0]         mxm.c:185  MXM  WARN  The 'ulimit -s' on the system is set to 'unlimited'. This may have negative performance implications. Please set the heap size to the default value (10240) 
[1444083534.076246] [node017:19135:0]         sys.c:719  MXM  WARN  Conflicting CPU frequencies detected, using: 1566.19
[1444083534.083722] [node017:19135:0]         mxm.c:185  MXM  WARN  The 'ulimit -s' on the system is set to 'unlimited'. This may have negative performance implications. Please set the heap size to the default value (10240) 
[1444083534.072478] [node010:17973:0]         sys.c:719  MXM  WARN  Conflicting CPU frequencies detected, using: 1498.97
[1444083534.076698] [node010:17973:0]         mxm.c:185  MXM  WARN  The 'ulimit -s' on the system is set to 'unlimited'. This may have negative performance implications. Please set the heap size to the default value (10240) 
[1444083534.074943] [node010:17974:0]         sys.c:719  MXM  WARN  Conflicting CPU frequencies detected, using: 1498.97
[1444083534.078662] [node010:17974:0]         mxm.c:185  MXM  WARN  The 'ulimit -s' on the system is set to 'unlimited'. This may have negative performance implications. Please set the heap size to the default value (10240) 
[1444083534.071524] [node021:17813:0]         sys.c:719  MXM  WARN  Conflicting CPU frequencies detected, using: 1583.34
[1444083534.075672] [node021:17813:0]         mxm.c:185  MXM  WARN  The 'ulimit -s' on the system is set to 'unlimited'. This may have negative performance implications. Please set the heap size to the default value (10240) 
[1444083534.056516] [node019:17848:0]         sys.c:719  MXM  WARN  Conflicting CPU frequencies detected, using: 1621.22
[1444083534.060892] [node019:17848:0]         mxm.c:185  MXM  WARN  The 'ulimit -s' on the system is set to 'unlimited'. This may have negative performance implications. Please set the heap size to the default value (10240) 
[1444083534.071344] [node016:2900 :0]         sys.c:719  MXM  WARN  Conflicting CPU frequencies detected, using: 1566.56
[1444083534.075512] [node016:2900 :0]         mxm.c:185  MXM  WARN  The 'ulimit -s' on the system is set to 'unlimited'. This may have negative performance implications. Please set the heap size to the default value (10240) 
[1444083534.062490] [node011:5473 :0]         sys.c:719  MXM  WARN  Conflicting CPU frequencies detected, using: 3186.38
[1444083534.071364] [node011:5473 :0]         mxm.c:185  MXM  WARN  The 'ulimit -s' on the system is set to 'unlimited'. This may have negative performance implications. Please set the heap size to the default value (10240) 
[1444083534.067935] [node016:2905 :0]         sys.c:719  MXM  WARN  Conflicting CPU frequencies detected, using: 1566.56
[1444083534.072295] [node016:2905 :0]         mxm.c:185  MXM  WARN  The 'ulimit -s' on the system is set to 'unlimited'. This may have negative performance implications. Please set the heap size to the default value (10240) 
[1444083534.063937] [node014:25160:0]         sys.c:719  MXM  WARN  Conflicting CPU frequencies detected, using: 1641.47
[1444083534.068258] [node014:25160:0]         mxm.c:185  MXM  WARN  The 'ulimit -s' on the system is set to 'unlimited'. This may have negative performance implications. Please set the heap size to the default value (10240) 
[1444083534.064620] [node014:25161:0]         sys.c:719  MXM  WARN  Conflicting CPU frequencies detected, using: 1641.47
[1444083534.068768] [node014:25161:0]         mxm.c:185  MXM  WARN  The 'ulimit -s' on the system is set to 'unlimited'. This may have negative performance implications. Please set the heap size to the default value (10240) 
[1444083534.062759] [node011:5474 :0]         sys.c:719  MXM  WARN  Conflicting CPU frequencies detected, using: 3186.38
[1444083534.070602] [node011:5474 :0]         mxm.c:185  MXM  WARN  The 'ulimit -s' on the system is set to 'unlimited'. This may have negative performance implications. Please set the heap size to the default value (10240) 
[1444083534.056278] [node019:17844:0]         sys.c:719  MXM  WARN  Conflicting CPU frequencies detected, using: 1621.22
[1444083534.061011] [node019:17844:0]         mxm.c:185  MXM  WARN  The 'ulimit -s' on the system is set to 'unlimited'. This may have negative performance implications. Please set the heap size to the default value (10240) 
[1444083534.087432] [node018:3159 :0]         sys.c:719  MXM  WARN  Conflicting CPU frequencies detected, using: 1495.50
[1444083534.095238] [node018:3159 :0]         mxm.c:185  MXM  WARN  The 'ulimit -s' on the system is set to 'unlimited'. This may have negative performance implications. Please set the heap size to the default value (10240) 
[1444083534.087444] [node018:3160 :0]         sys.c:719  MXM  WARN  Conflicting CPU frequencies detected, using: 1495.50
[1444083534.096005] [node018:3160 :0]         mxm.c:185  MXM  WARN  The 'ulimit -s' on the system is set to 'unlimited'. This may have negative performance implications. Please set the heap size to the default value (10240) 
[1444083534.055998] [node020:12571:0]         sys.c:719  MXM  WARN  Conflicting CPU frequencies detected, using: 3024.19
[1444083534.064349] [node020:12571:0]         mxm.c:185  MXM  WARN  The 'ulimit -s' on the system is set to 'unlimited'. This may have negative performance implications. Please set the heap size to the default value (10240) 
[1444083534.056544] [node020:12565:0]         sys.c:719  MXM  WARN  Conflicting CPU frequencies detected, using: 3024.19
[1444083534.065110] [node020:12565:0]         mxm.c:185  MXM  WARN  The 'ulimit -s' on the system is set to 'unlimited'. This may have negative performance implications. Please set the heap size to the default value (10240) 
[1444083534.067090] [node028:17214:0]         sys.c:719  MXM  WARN  Conflicting CPU frequencies detected, using: 2977.22
[1444083534.071152] [node028:17214:0]         mxm.c:185  MXM  WARN  The 'ulimit -s' on the system is set to 'unlimited'. This may have negative performance implications. Please set the heap size to the default value (10240) 
[1444083534.072244] [node021:17809:0]         sys.c:719  MXM  WARN  Conflicting CPU frequencies detected, using: 1583.34
[1444083534.076150] [node021:17809:0]         mxm.c:185  MXM  WARN  The 'ulimit -s' on the system is set to 'unlimited'. This may have negative performance implications. Please set the heap size to the default value (10240) 
[1444083534.065329] [node028:17215:0]         sys.c:719  MXM  WARN  Conflicting CPU frequencies detected, using: 2977.22
[1444083534.069070] [node028:17215:0]         mxm.c:185  MXM  WARN  The 'ulimit -s' on the system is set to 'unlimited'. This may have negative performance implications. Please set the heap size to the default value (10240) 
UPCR: UPC thread 28 of 32 on node023 (pshm node 14 of 16, process 28 of 32, pid=18288)
UPCR: UPC thread 29 of 32 on node023 (pshm node 14 of 16, process 29 of 32, pid=18292)
UPCR: UPC thread  0 of 32 on node008 (pshm node  0 of 16, process  0 of 32, pid=27335)
UPCR: UPC thread  1 of 32 on node008 (pshm node  0 of 16, process  1 of 32, pid=27336)
UPCR: UPC thread 27 of 32 on node022 (pshm node 13 of 16, process 27 of 32, pid=13958)
UPCR: UPC thread 24 of 32 on node021 (pshm node 12 of 16, process 24 of 32, pid=17813)
UPCR: UPC thread 15 of 32 on node016 (pshm node  7 of 16, process 15 of 32, pid=2905)
UPCR: UPC thread  4 of 32 on node010 (pshm node  2 of 16, process  4 of 32, pid=17973)
UPCR: UPC thread 25 of 32 on node021 (pshm node 12 of 16, process 25 of 32, pid=17809)
UPCR: UPC thread 20 of 32 on node019 (pshm node 10 of 16, process 20 of 32, pid=17848)
UPCR: UPC thread 26 of 32 on node022 (pshm node 13 of 16, process 26 of 32, pid=13959)
UPCR: UPC thread 14 of 32 on node016 (pshm node  7 of 16, process 14 of 32, pid=2900)
UPCR: UPC thread 10 of 32 on node014 (pshm node  5 of 16, process 10 of 32, pid=25160)
UPCR: UPC thread 21 of 32 on node019 (pshm node 10 of 16, process 21 of 32, pid=17844)
UPCR: UPC thread 11 of 32 on node014 (pshm node  5 of 16, process 11 of 32, pid=25161)
UPCR: UPC thread 31 of 32 on node028 (pshm node 15 of 16, process 31 of 32, pid=17214)
UPCR: UPC thread 13 of 32 on node015 (pshm node  6 of 16, process 13 of 32, pid=30598)
UPCR: UPC thread  8 of 32 on node013 (pshm node  4 of 16, process  8 of 32, pid=27147)
UPCR: UPC thread 30 of 32 on node028 (pshm node 15 of 16, process 30 of 32, pid=17215)
UPCR: UPC thread 12 of 32 on node015 (pshm node  6 of 16, process 12 of 32, pid=30599)
UPCR: UPC thread 19 of 32 on node018 (pshm node  9 of 16, process 19 of 32, pid=3160)
UPCR: UPC thread  9 of 32 on node013 (pshm node  4 of 16, process  9 of 32, pid=27146)
UPCR: UPC thread 18 of 32 on node018 (pshm node  9 of 16, process 18 of 32, pid=3159)
UPCR: UPC thread  2 of 32 on node009 (pshm node  1 of 16, process  2 of 32, pid=29645)
UPCR: UPC thread  5 of 32 on node010 (pshm node  2 of 16, process  5 of 32, pid=17974)
UPCR: UPC thread  3 of 32 on node009 (pshm node  1 of 16, process  3 of 32, pid=29659)
UPCR: UPC thread 16 of 32 on node017 (pshm node  8 of 16, process 16 of 32, pid=19135)
UPCR: UPC thread 17 of 32 on node017 (pshm node  8 of 16, process 17 of 32, pid=19134)
UPCR: UPC thread 22 of 32 on node020 (pshm node 11 of 16, process 22 of 32, pid=12571)
UPCR: UPC thread 23 of 32 on node020 (pshm node 11 of 16, process 23 of 32, pid=12565)
UPCR: UPC thread  6 of 32 on node011 (pshm node  3 of 16, process  6 of 32, pid=5474)
UPCR: UPC thread  7 of 32 on node011 (pshm node  3 of 16, process  7 of 32, pid=5473)
Initializing models/collision.5.9-rgs.bdd!
Vector size: 22
Bits per integer: 9
Number of BDD variables: 198
Loading initial states: 
Initial states loaded... 
Loading transition relations... 
22 integers per state, 9 bits per integer, 29 transition groups
BDD nodes:
Initial states: 198 BDD nodes
Transition 0: 526 BDD nodes
Transition 1: 404 BDD nodes
Transition 2: 80 BDD nodes
Transition 3: 651 BDD nodes
Transition 4: 670 BDD nodes
Transition 5: 629 BDD nodes
Transition 6: 565 BDD nodes
Transition 7: 124 BDD nodes
Transition 8: 61 BDD nodes
Transition 9: 112 BDD nodes
Transition 10: 121 BDD nodes
Transition 11: 117 BDD nodes
Transition 12: 123 BDD nodes
Transition 13: 71 BDD nodes
Transition 14: 60 BDD nodes
Transition 15: 88 BDD nodes
Transition 16: 36 BDD nodes
Transition 17: 71 BDD nodes
Transition 18: 64 BDD nodes
Transition 19: 88 BDD nodes
Transition 20: 36 BDD nodes
Transition 21: 74 BDD nodes
Transition 22: 60 BDD nodes
Transition 23: 86 BDD nodes
Transition 24: 36 BDD nodes
Transition 25: 71 BDD nodes
Transition 26: 60 BDD nodes
Transition 27: 96 BDD nodes
Transition 28: 36 BDD nodes
Level 1... done. 
Level 2... done. 
Level 3... done. 
Level 4... done. 
Level 5... done. 
Level 6... done. 
Level 7... done. 
Level 8... done. 
Level 9... done. 
Level 10... done. 
Level 11... done. 
Level 12... done. 
Level 13... done. 
Level 14... done. 
Level 15... done. 
Level 16... done. 
Level 17... done. 
Level 18... done. 
Level 19... done. 
Level 20... done. 
Level 21... done. 
Level 22... done. 
Level 23... done. 
Level 24... done. 
Level 25... done. 
Level 26... done. 
Level 27... done. 
Level 28... done. 
Level 29... done. 
Level 30... done. 
Level 31... done. 
Level 32... done. 
Level 33... done. 
Level 34... done. 
Level 35... done. 
Level 36... done. 
Level 37... done. 
Level 38... done. 
Level 39... done. 
Level 40... done. 
Level 41... done. 
Level 42... done. 
Level 43... done. 
Level 44... done. 
Level 45... done. 
Level 46... done. 
Level 47... done. 
Level 48... done. 
Level 49... done. 
Level 50... done. 
Level 51... done. 
Level 52... done. 
Level 53... done. 
Level 54... done. 
Level 55... done. 
Level 56... done. 
Level 57... done. 
Level 58... done. 
Level 59... done. 
Level 60... done. 
Level 61... done. 
Level 62... done. 
Level 63... done. 
Level 64... done. 
Level 65... done. 
Level 66... done. 
Level 67... done. 
Level 68... done. 
Level 69... done. 
Level 70... done. 
Level 71... done. 
Level 72... done. 
Level 73... done. 
Level 74... done. 
Level 75... done. 
Level 76... done. 
Level 77... done. 
Level 78... done. 
Level 79... done. 
Level 80... done. 
Level 81... done. 
Level 82... done. 
Level 83... done. 
Level 84... done. 
Level 85... done. 
Level 86... done. 
Level 87... done. 
Level 88... done. 
Level 89... done. 
Level 90... done. 
Level 91... done. 
Level 92... done. 
Level 93... done. 
Level 94... done. 
Level 95... done. 
Level 96... done. 
Level 97... done. 
Level 98... done. 
Level 99... done. 
Level 100... done. 
Level 101... done. 
Level 102... done. 
Level 103... done. 
Level 104... done. 
Level 105... done. 
Level 106... done. 
Level 107... done. 
Level 108... done. 
Level 109... done. 
Level 110... done. 
Level 111... done. 
Level 112... done. 
Level 113... done. 
Level 114... done. 
Level 115... done. 
Level 116... done. 
Level 117... done. 
Level 118... done. 
Level 119... done. 
Level 120... done. 
Level 121... done. 
Level 122... done. 
Level 123... done. 
Level 124... done. 
Level 125... done. 
Level 126... done. 
Level 127... done. 
Level 128... done. 
Level 129... done. 
Level 130... done. 
Level 131... done. 
Level 132... done. 
Level 133... done. 
Level 134... done. 
Level 135... done. 
Level 136... done. 
Level 137... done. 
Level 138... done. 
Level 139... done. 
Level 140... done. 
Level 141... done. 
Level 142... done. 
Level 143... done. 
Level 144... done. 
Level 145... done. 
Level 146... done. 
Level 147... done. 
Level 148... done. 
Level 149... done. 
Level 150... done. 
Level 151... done. 
Level 152... done. 
Level 153... done. 
Level 154... done. 
Level 155... done. 
Level 156... done. 
Level 157... done. 
Level 158... done. 
Level 159... done. 
Level 160... done. 
Level 161... done. 
Level 162... done. 
Level 163... done. 
Level 164... done. 
Level 165... done. 
Level 166... done. 
Level 167... done. 
Level 168... done. 
Level 169... done. 
Level 170... done. 
Level 171... done. 
Level 172... done. 
Level 173... done. 
Level 174... done. 
Level 175... done. 
Level 176... done. 
Level 177... done. 
Level 178... done. 
Level 179... done. 
Level 180... done. 
Level 181... done. 
PAR Time: 576.417339
Final states: 431965993 states
Final states: 34341 BDD nodes
[1444083533.774810] [node008:27290:0]         sys.c:719  MXM  WARN  Conflicting CPU frequencies detected, using: 2599.97
