[1443989923.488447] [node053:10786:0]         sys.c:719  MXM  WARN  Conflicting CPU frequencies detected, using: 1647.84
[1443989923.534410] [node053:10786:0]         mxm.c:185  MXM  WARN  The 'ulimit -s' on the system is set to 'unlimited'. This may have negative performance implications. Please set the heap size to the default value (10240) 
[1443989923.488714] [node053:10788:0]         sys.c:719  MXM  WARN  Conflicting CPU frequencies detected, using: 1647.84
[1443989923.537542] [node053:10788:0]         mxm.c:185  MXM  WARN  The 'ulimit -s' on the system is set to 'unlimited'. This may have negative performance implications. Please set the heap size to the default value (10240) 
[1443989923.488447] [node053:10784:0]         sys.c:719  MXM  WARN  Conflicting CPU frequencies detected, using: 1647.84
[1443989923.537295] [node053:10784:0]         mxm.c:185  MXM  WARN  The 'ulimit -s' on the system is set to 'unlimited'. This may have negative performance implications. Please set the heap size to the default value (10240) 
[1443989923.488102] [node053:10787:0]         sys.c:719  MXM  WARN  Conflicting CPU frequencies detected, using: 1647.84
[1443989923.528648] [node053:10787:0]         mxm.c:185  MXM  WARN  The 'ulimit -s' on the system is set to 'unlimited'. This may have negative performance implications. Please set the heap size to the default value (10240) 
[1443989923.489123] [node053:10792:0]         sys.c:719  MXM  WARN  Conflicting CPU frequencies detected, using: 1647.84
[1443989923.540995] [node053:10792:0]         mxm.c:185  MXM  WARN  The 'ulimit -s' on the system is set to 'unlimited'. This may have negative performance implications. Please set the heap size to the default value (10240) 
[1443989923.489239] [node053:10794:0]         sys.c:719  MXM  WARN  Conflicting CPU frequencies detected, using: 1647.84
[1443989923.543296] [node053:10794:0]         mxm.c:185  MXM  WARN  The 'ulimit -s' on the system is set to 'unlimited'. This may have negative performance implications. Please set the heap size to the default value (10240) 
[1443989923.489402] [node053:10791:0]         sys.c:719  MXM  WARN  Conflicting CPU frequencies detected, using: 1647.84
[1443989923.544165] [node053:10791:0]         mxm.c:185  MXM  WARN  The 'ulimit -s' on the system is set to 'unlimited'. This may have negative performance implications. Please set the heap size to the default value (10240) 
[1443989923.489300] [node053:10793:0]         sys.c:719  MXM  WARN  Conflicting CPU frequencies detected, using: 1647.84
[1443989923.542676] [node053:10793:0]         mxm.c:185  MXM  WARN  The 'ulimit -s' on the system is set to 'unlimited'. This may have negative performance implications. Please set the heap size to the default value (10240) 
[1443989923.489123] [node053:10790:0]         sys.c:719  MXM  WARN  Conflicting CPU frequencies detected, using: 1647.84
[1443989923.543234] [node053:10790:0]         mxm.c:185  MXM  WARN  The 'ulimit -s' on the system is set to 'unlimited'. This may have negative performance implications. Please set the heap size to the default value (10240) 
[1443989923.495127] [node053:10795:0]         sys.c:719  MXM  WARN  Conflicting CPU frequencies detected, using: 1581.38
[1443989923.542885] [node053:10795:0]         mxm.c:185  MXM  WARN  The 'ulimit -s' on the system is set to 'unlimited'. This may have negative performance implications. Please set the heap size to the default value (10240) 
[1443989923.487779] [node053:10783:0]         sys.c:719  MXM  WARN  Conflicting CPU frequencies detected, using: 1647.84
[1443989923.528858] [node053:10783:0]         mxm.c:185  MXM  WARN  The 'ulimit -s' on the system is set to 'unlimited'. This may have negative performance implications. Please set the heap size to the default value (10240) 
[1443989923.488725] [node053:10789:0]         sys.c:719  MXM  WARN  Conflicting CPU frequencies detected, using: 1647.84
[1443989923.535905] [node053:10789:0]         mxm.c:185  MXM  WARN  The 'ulimit -s' on the system is set to 'unlimited'. This may have negative performance implications. Please set the heap size to the default value (10240) 
[1443989923.792765] [node054:7381 :0]         sys.c:719  MXM  WARN  Conflicting CPU frequencies detected, using: 1832.62
[1443989923.798636] [node054:7381 :0]         mxm.c:185  MXM  WARN  The 'ulimit -s' on the system is set to 'unlimited'. This may have negative performance implications. Please set the heap size to the default value (10240) 
[1443989923.800609] [node054:7391 :0]         sys.c:719  MXM  WARN  Conflicting CPU frequencies detected, using: 1832.62
[1443989923.807495] [node054:7391 :0]         mxm.c:185  MXM  WARN  The 'ulimit -s' on the system is set to 'unlimited'. This may have negative performance implications. Please set the heap size to the default value (10240) 
[1443989923.820864] [node054:7411 :0]         sys.c:719  MXM  WARN  Conflicting CPU frequencies detected, using: 1997.91
[1443989923.828075] [node054:7411 :0]         mxm.c:185  MXM  WARN  The 'ulimit -s' on the system is set to 'unlimited'. This may have negative performance implications. Please set the heap size to the default value (10240) 
[1443989923.825735] [node054:7414 :0]         sys.c:719  MXM  WARN  Conflicting CPU frequencies detected, using: 1997.91
[1443989923.832570] [node054:7414 :0]         mxm.c:185  MXM  WARN  The 'ulimit -s' on the system is set to 'unlimited'. This may have negative performance implications. Please set the heap size to the default value (10240) 
[1443989923.926151] [node054:7477 :0]         sys.c:719  MXM  WARN  Conflicting CPU frequencies detected, using: 2056.03
[1443989923.932112] [node054:7477 :0]         mxm.c:185  MXM  WARN  The 'ulimit -s' on the system is set to 'unlimited'. This may have negative performance implications. Please set the heap size to the default value (10240) 
[1443989924.013479] [node054:7500 :0]         sys.c:719  MXM  WARN  Conflicting CPU frequencies detected, using: 1995.00
[1443989924.019202] [node054:7500 :0]         mxm.c:185  MXM  WARN  The 'ulimit -s' on the system is set to 'unlimited'. This may have negative performance implications. Please set the heap size to the default value (10240) 
[1443989924.027105] [node054:7509 :0]         sys.c:719  MXM  WARN  Conflicting CPU frequencies detected, using: 1995.00
[1443989924.033243] [node054:7509 :0]         mxm.c:185  MXM  WARN  The 'ulimit -s' on the system is set to 'unlimited'. This may have negative performance implications. Please set the heap size to the default value (10240) 
[1443989924.042128] [node054:7521 :0]         sys.c:719  MXM  WARN  Conflicting CPU frequencies detected, using: 1979.34
[1443989924.048476] [node054:7521 :0]         mxm.c:185  MXM  WARN  The 'ulimit -s' on the system is set to 'unlimited'. This may have negative performance implications. Please set the heap size to the default value (10240) 
[1443989924.050334] [node055:7966 :0]         sys.c:719  MXM  WARN  Conflicting CPU frequencies detected, using: 1482.19
[1443989924.056821] [node055:7966 :0]         mxm.c:185  MXM  WARN  The 'ulimit -s' on the system is set to 'unlimited'. This may have negative performance implications. Please set the heap size to the default value (10240) 
[1443989924.132377] [node054:7575 :0]         sys.c:719  MXM  WARN  Conflicting CPU frequencies detected, using: 2400.00
[1443989924.137690] [node054:7575 :0]         mxm.c:185  MXM  WARN  The 'ulimit -s' on the system is set to 'unlimited'. This may have negative performance implications. Please set the heap size to the default value (10240) 
[1443989924.136887] [node054:7607 :0]         sys.c:719  MXM  WARN  Conflicting CPU frequencies detected, using: 2400.00
[1443989924.143249] [node054:7607 :0]         mxm.c:185  MXM  WARN  The 'ulimit -s' on the system is set to 'unlimited'. This may have negative performance implications. Please set the heap size to the default value (10240) 
[1443989924.140788] [node054:7573 :0]         sys.c:719  MXM  WARN  Conflicting CPU frequencies detected, using: 2400.00
[1443989924.148281] [node054:7573 :0]         mxm.c:185  MXM  WARN  The 'ulimit -s' on the system is set to 'unlimited'. This may have negative performance implications. Please set the heap size to the default value (10240) 
[1443989924.138332] [node055:7990 :0]         sys.c:719  MXM  WARN  Conflicting CPU frequencies detected, using: 1803.00
[1443989924.144104] [node055:7990 :0]         mxm.c:185  MXM  WARN  The 'ulimit -s' on the system is set to 'unlimited'. This may have negative performance implications. Please set the heap size to the default value (10240) 
[1443989924.178784] [node056:9303 :0]         sys.c:719  MXM  WARN  Conflicting CPU frequencies detected, using: 1530.84
[1443989924.185519] [node056:9303 :0]         mxm.c:185  MXM  WARN  The 'ulimit -s' on the system is set to 'unlimited'. This may have negative performance implications. Please set the heap size to the default value (10240) 
[1443989924.145178] [node055:7991 :0]         sys.c:719  MXM  WARN  Conflicting CPU frequencies detected, using: 1803.00
[1443989924.151865] [node055:7991 :0]         mxm.c:185  MXM  WARN  The 'ulimit -s' on the system is set to 'unlimited'. This may have negative performance implications. Please set the heap size to the default value (10240) 
[1443989924.151550] [node055:8010 :0]         sys.c:719  MXM  WARN  Conflicting CPU frequencies detected, using: 1803.00
[1443989924.157955] [node055:8010 :0]         mxm.c:185  MXM  WARN  The 'ulimit -s' on the system is set to 'unlimited'. This may have negative performance implications. Please set the heap size to the default value (10240) 
[1443989924.347215] [node054:7645 :0]         sys.c:719  MXM  WARN  Conflicting CPU frequencies detected, using: 2374.78
[1443989924.353354] [node054:7645 :0]         mxm.c:185  MXM  WARN  The 'ulimit -s' on the system is set to 'unlimited'. This may have negative performance implications. Please set the heap size to the default value (10240) 
[1443989924.348556] [node056:9327 :0]         sys.c:719  MXM  WARN  Conflicting CPU frequencies detected, using: 1492.12
[1443989924.355039] [node056:9327 :0]         mxm.c:185  MXM  WARN  The 'ulimit -s' on the system is set to 'unlimited'. This may have negative performance implications. Please set the heap size to the default value (10240) 
[1443989924.383476] [node056:9344 :0]         sys.c:719  MXM  WARN  Conflicting CPU frequencies detected, using: 1696.03
[1443989924.389951] [node056:9344 :0]         mxm.c:185  MXM  WARN  The 'ulimit -s' on the system is set to 'unlimited'. This may have negative performance implications. Please set the heap size to the default value (10240) 
[1443989924.407107] [node055:8062 :0]         sys.c:719  MXM  WARN  Conflicting CPU frequencies detected, using: 2194.31
[1443989924.412776] [node055:8062 :0]         mxm.c:185  MXM  WARN  The 'ulimit -s' on the system is set to 'unlimited'. This may have negative performance implications. Please set the heap size to the default value (10240) 
[1443989924.419288] [node057:18038:0]         sys.c:719  MXM  WARN  Conflicting CPU frequencies detected, using: 2599.88
[1443989924.423870] [node057:18038:0]         mxm.c:185  MXM  WARN  The 'ulimit -s' on the system is set to 'unlimited'. This may have negative performance implications. Please set the heap size to the default value (10240) 
[1443989924.418250] [node061:24097:0]         sys.c:719  MXM  WARN  Conflicting CPU frequencies detected, using: 2602.31
[1443989924.422015] [node061:24097:0]         mxm.c:185  MXM  WARN  The 'ulimit -s' on the system is set to 'unlimited'. This may have negative performance implications. Please set the heap size to the default value (10240) 
[1443989924.419408] [node056:9367 :0]         sys.c:719  MXM  WARN  Conflicting CPU frequencies detected, using: 1885.41
[1443989924.424875] [node056:9367 :0]         mxm.c:185  MXM  WARN  The 'ulimit -s' on the system is set to 'unlimited'. This may have negative performance implications. Please set the heap size to the default value (10240) 
[1443989924.434003] [node055:8079 :0]         sys.c:719  MXM  WARN  Conflicting CPU frequencies detected, using: 2400.00
[1443989924.440754] [node055:8079 :0]         mxm.c:185  MXM  WARN  The 'ulimit -s' on the system is set to 'unlimited'. This may have negative performance implications. Please set the heap size to the default value (10240) 
[1443989924.416689] [node064:29486:0]         sys.c:719  MXM  WARN  Conflicting CPU frequencies detected, using: 1597.78
[1443989924.422979] [node064:29486:0]         mxm.c:185  MXM  WARN  The 'ulimit -s' on the system is set to 'unlimited'. This may have negative performance implications. Please set the heap size to the default value (10240) 
[1443989924.428737] [node056:9375 :0]         sys.c:719  MXM  WARN  Conflicting CPU frequencies detected, using: 1889.62
[1443989924.435560] [node056:9375 :0]         mxm.c:185  MXM  WARN  The 'ulimit -s' on the system is set to 'unlimited'. This may have negative performance implications. Please set the heap size to the default value (10240) 
[1443989924.437516] [node056:9396 :0]         sys.c:719  MXM  WARN  Conflicting CPU frequencies detected, using: 1987.59
[1443989924.444520] [node056:9396 :0]         mxm.c:185  MXM  WARN  The 'ulimit -s' on the system is set to 'unlimited'. This may have negative performance implications. Please set the heap size to the default value (10240) 
[1443989924.443440] [node058:12148:0]         sys.c:719  MXM  WARN  Conflicting CPU frequencies detected, using: 1645.22
[1443989924.447605] [node058:12148:0]         mxm.c:185  MXM  WARN  The 'ulimit -s' on the system is set to 'unlimited'. This may have negative performance implications. Please set the heap size to the default value (10240) 
[1443989924.460699] [node058:12162:0]         sys.c:719  MXM  WARN  Conflicting CPU frequencies detected, using: 1795.88
[1443989924.464403] [node058:12162:0]         mxm.c:185  MXM  WARN  The 'ulimit -s' on the system is set to 'unlimited'. This may have negative performance implications. Please set the heap size to the default value (10240) 
[1443989924.459965] [node060:15127:0]         sys.c:719  MXM  WARN  Conflicting CPU frequencies detected, using: 1999.97
[1443989924.463905] [node060:15127:0]         mxm.c:185  MXM  WARN  The 'ulimit -s' on the system is set to 'unlimited'. This may have negative performance implications. Please set the heap size to the default value (10240) 
[1443989924.456789] [node060:15126:0]         sys.c:719  MXM  WARN  Conflicting CPU frequencies detected, using: 1880.44
[1443989924.460701] [node060:15126:0]         mxm.c:185  MXM  WARN  The 'ulimit -s' on the system is set to 'unlimited'. This may have negative performance implications. Please set the heap size to the default value (10240) 
[1443989924.476927] [node060:15159:0]         sys.c:719  MXM  WARN  Conflicting CPU frequencies detected, using: 2099.91
[1443989924.480086] [node060:15159:0]         mxm.c:185  MXM  WARN  The 'ulimit -s' on the system is set to 'unlimited'. This may have negative performance implications. Please set the heap size to the default value (10240) 
[1443989924.477099] [node058:12179:0]         sys.c:719  MXM  WARN  Conflicting CPU frequencies detected, using: 1999.97
[1443989924.480683] [node058:12179:0]         mxm.c:185  MXM  WARN  The 'ulimit -s' on the system is set to 'unlimited'. This may have negative performance implications. Please set the heap size to the default value (10240) 
[1443989924.495822] [node062:18759:0]         sys.c:719  MXM  WARN  Conflicting CPU frequencies detected, using: 1514.44
[1443989924.501938] [node062:18759:0]         mxm.c:185  MXM  WARN  The 'ulimit -s' on the system is set to 'unlimited'. This may have negative performance implications. Please set the heap size to the default value (10240) 
[1443989924.485443] [node061:24121:0]         sys.c:719  MXM  WARN  Conflicting CPU frequencies detected, using: 2600.62
[1443989924.489031] [node061:24121:0]         mxm.c:185  MXM  WARN  The 'ulimit -s' on the system is set to 'unlimited'. This may have negative performance implications. Please set the heap size to the default value (10240) 
[1443989924.483326] [node059:10156:0]         sys.c:719  MXM  WARN  Conflicting CPU frequencies detected, using: 1995.84
[1443989924.487820] [node059:10156:0]         mxm.c:185  MXM  WARN  The 'ulimit -s' on the system is set to 'unlimited'. This may have negative performance implications. Please set the heap size to the default value (10240) 
[1443989924.493690] [node058:12194:0]         sys.c:719  MXM  WARN  Conflicting CPU frequencies detected, using: 2099.91
[1443989924.496751] [node058:12194:0]         mxm.c:185  MXM  WARN  The 'ulimit -s' on the system is set to 'unlimited'. This may have negative performance implications. Please set the heap size to the default value (10240) 
[1443989924.495424] [node057:18059:0]         sys.c:719  MXM  WARN  Conflicting CPU frequencies detected, using: 2399.44
[1443989924.499966] [node057:18059:0]         mxm.c:185  MXM  WARN  The 'ulimit -s' on the system is set to 'unlimited'. This may have negative performance implications. Please set the heap size to the default value (10240) 
[1443989924.496572] [node058:12193:0]         sys.c:719  MXM  WARN  Conflicting CPU frequencies detected, using: 2099.91
[1443989924.500717] [node058:12193:0]         mxm.c:185  MXM  WARN  The 'ulimit -s' on the system is set to 'unlimited'. This may have negative performance implications. Please set the heap size to the default value (10240) 
[1443989924.485634] [node063:25305:0]         sys.c:719  MXM  WARN  Conflicting CPU frequencies detected, using: 1898.91
[1443989924.489033] [node063:25305:0]         mxm.c:185  MXM  WARN  The 'ulimit -s' on the system is set to 'unlimited'. This may have negative performance implications. Please set the heap size to the default value (10240) 
[1443989924.505507] [node057:18067:0]         sys.c:719  MXM  WARN  Conflicting CPU frequencies detected, using: 2400.00
[1443989924.509715] [node057:18067:0]         mxm.c:185  MXM  WARN  The 'ulimit -s' on the system is set to 'unlimited'. This may have negative performance implications. Please set the heap size to the default value (10240) 
[1443989924.492425] [node055:8106 :0]         sys.c:719  MXM  WARN  Conflicting CPU frequencies detected, using: 2400.00
[1443989924.498426] [node055:8106 :0]         mxm.c:185  MXM  WARN  The 'ulimit -s' on the system is set to 'unlimited'. This may have negative performance implications. Please set the heap size to the default value (10240) 
[1443989924.501789] [node063:25313:0]         sys.c:719  MXM  WARN  Conflicting CPU frequencies detected, using: 1999.97
[1443989924.505436] [node063:25313:0]         mxm.c:185  MXM  WARN  The 'ulimit -s' on the system is set to 'unlimited'. This may have negative performance implications. Please set the heap size to the default value (10240) 
[1443989924.501729] [node063:25312:0]         sys.c:719  MXM  WARN  Conflicting CPU frequencies detected, using: 1999.97
[1443989924.506126] [node063:25312:0]         mxm.c:185  MXM  WARN  The 'ulimit -s' on the system is set to 'unlimited'. This may have negative performance implications. Please set the heap size to the default value (10240) 
[1443989924.496513] [node061:24129:0]         sys.c:719  MXM  WARN  Conflicting CPU frequencies detected, using: 2605.41
[1443989924.500782] [node061:24129:0]         mxm.c:185  MXM  WARN  The 'ulimit -s' on the system is set to 'unlimited'. This may have negative performance implications. Please set the heap size to the default value (10240) 
[1443989924.494270] [node055:8115 :0]         sys.c:719  MXM  WARN  Conflicting CPU frequencies detected, using: 2400.00
[1443989924.501302] [node055:8115 :0]         mxm.c:185  MXM  WARN  The 'ulimit -s' on the system is set to 'unlimited'. This may have negative performance implications. Please set the heap size to the default value (10240) 
[1443989924.506755] [node058:12226:0]         sys.c:719  MXM  WARN  Conflicting CPU frequencies detected, using: 2130.00
[1443989924.510470] [node058:12226:0]         mxm.c:185  MXM  WARN  The 'ulimit -s' on the system is set to 'unlimited'. This may have negative performance implications. Please set the heap size to the default value (10240) 
[1443989924.505294] [node059:10173:0]         sys.c:719  MXM  WARN  Conflicting CPU frequencies detected, using: 2218.59
[1443989924.510423] [node059:10173:0]         mxm.c:185  MXM  WARN  The 'ulimit -s' on the system is set to 'unlimited'. This may have negative performance implications. Please set the heap size to the default value (10240) 
[1443989924.502296] [node063:25336:0]         sys.c:719  MXM  WARN  Conflicting CPU frequencies detected, using: 1999.97
[1443989924.507394] [node063:25336:0]         mxm.c:185  MXM  WARN  The 'ulimit -s' on the system is set to 'unlimited'. This may have negative performance implications. Please set the heap size to the default value (10240) 
[1443989924.510251] [node058:12227:0]         sys.c:719  MXM  WARN  Conflicting CPU frequencies detected, using: 2199.94
[1443989924.514312] [node058:12227:0]         mxm.c:185  MXM  WARN  The 'ulimit -s' on the system is set to 'unlimited'. This may have negative performance implications. Please set the heap size to the default value (10240) 
[1443989924.522629] [node058:12288:0]         sys.c:719  MXM  WARN  Conflicting CPU frequencies detected, using: 2289.66
[1443989924.525581] [node058:12288:0]         mxm.c:185  MXM  WARN  The 'ulimit -s' on the system is set to 'unlimited'. This may have negative performance implications. Please set the heap size to the default value (10240) 
[1443989924.521057] [node058:12268:0]         sys.c:719  MXM  WARN  Conflicting CPU frequencies detected, using: 2289.66
[1443989924.524121] [node058:12268:0]         mxm.c:185  MXM  WARN  The 'ulimit -s' on the system is set to 'unlimited'. This may have negative performance implications. Please set the heap size to the default value (10240) 
[1443989924.520221] [node060:15186:0]         sys.c:719  MXM  WARN  Conflicting CPU frequencies detected, using: 2400.00
[1443989924.524645] [node060:15186:0]         mxm.c:185  MXM  WARN  The 'ulimit -s' on the system is set to 'unlimited'. This may have negative performance implications. Please set the heap size to the default value (10240) 
[1443989924.521241] [node060:15192:0]         sys.c:719  MXM  WARN  Conflicting CPU frequencies detected, using: 2400.00
[1443989924.525613] [node060:15192:0]         mxm.c:185  MXM  WARN  The 'ulimit -s' on the system is set to 'unlimited'. This may have negative performance implications. Please set the heap size to the default value (10240) 
[1443989924.523367] [node059:10189:0]         sys.c:719  MXM  WARN  Conflicting CPU frequencies detected, using: 2316.19
[1443989924.527163] [node059:10189:0]         mxm.c:185  MXM  WARN  The 'ulimit -s' on the system is set to 'unlimited'. This may have negative performance implications. Please set the heap size to the default value (10240) 
[1443989924.505877] [node055:8124 :0]         sys.c:719  MXM  WARN  Conflicting CPU frequencies detected, using: 2400.00
[1443989924.513019] [node055:8124 :0]         mxm.c:185  MXM  WARN  The 'ulimit -s' on the system is set to 'unlimited'. This may have negative performance implications. Please set the heap size to the default value (10240) 
[1443989924.523538] [node059:10181:0]         sys.c:719  MXM  WARN  Conflicting CPU frequencies detected, using: 2316.19
[1443989924.528778] [node059:10181:0]         mxm.c:185  MXM  WARN  The 'ulimit -s' on the system is set to 'unlimited'. This may have negative performance implications. Please set the heap size to the default value (10240) 
[1443989924.534039] [node057:18066:0]         sys.c:719  MXM  WARN  Conflicting CPU frequencies detected, using: 2400.00
[1443989924.537754] [node057:18066:0]         mxm.c:185  MXM  WARN  The 'ulimit -s' on the system is set to 'unlimited'. This may have negative performance implications. Please set the heap size to the default value (10240) 
[1443989924.514395] [node055:8148 :0]         sys.c:719  MXM  WARN  Conflicting CPU frequencies detected, using: 2400.00
[1443989924.520901] [node055:8148 :0]         mxm.c:185  MXM  WARN  The 'ulimit -s' on the system is set to 'unlimited'. This may have negative performance implications. Please set the heap size to the default value (10240) 
[1443989924.542427] [node058:12324:0]         sys.c:719  MXM  WARN  Conflicting CPU frequencies detected, using: 2399.81
[1443989924.545327] [node058:12324:0]         mxm.c:185  MXM  WARN  The 'ulimit -s' on the system is set to 'unlimited'. This may have negative performance implications. Please set the heap size to the default value (10240) 
[1443989924.525040] [node055:8169 :0]         sys.c:719  MXM  WARN  Conflicting CPU frequencies detected, using: 2400.00
[1443989924.533054] [node055:8169 :0]         mxm.c:185  MXM  WARN  The 'ulimit -s' on the system is set to 'unlimited'. This may have negative performance implications. Please set the heap size to the default value (10240) 
[1443989924.530115] [node056:9451 :0]         sys.c:719  MXM  WARN  Conflicting CPU frequencies detected, using: 2400.00
[1443989924.535423] [node056:9451 :0]         mxm.c:185  MXM  WARN  The 'ulimit -s' on the system is set to 'unlimited'. This may have negative performance implications. Please set the heap size to the default value (10240) 
[1443989924.535806] [node056:9447 :0]         sys.c:719  MXM  WARN  Conflicting CPU frequencies detected, using: 2400.00
[1443989924.541669] [node056:9447 :0]         mxm.c:185  MXM  WARN  The 'ulimit -s' on the system is set to 'unlimited'. This may have negative performance implications. Please set the heap size to the default value (10240) 
[1443989924.550510] [node058:12338:0]         sys.c:719  MXM  WARN  Conflicting CPU frequencies detected, using: 2399.81
[1443989924.553370] [node058:12338:0]         mxm.c:185  MXM  WARN  The 'ulimit -s' on the system is set to 'unlimited'. This may have negative performance implications. Please set the heap size to the default value (10240) 
[1443989924.550427] [node058:12337:0]         sys.c:719  MXM  WARN  Conflicting CPU frequencies detected, using: 2399.81
[1443989924.553461] [node058:12337:0]         mxm.c:185  MXM  WARN  The 'ulimit -s' on the system is set to 'unlimited'. This may have negative performance implications. Please set the heap size to the default value (10240) 
[1443989924.554833] [node063:25381:0]         sys.c:719  MXM  WARN  Conflicting CPU frequencies detected, using: 2400.00
[1443989924.558608] [node063:25381:0]         mxm.c:185  MXM  WARN  The 'ulimit -s' on the system is set to 'unlimited'. This may have negative performance implications. Please set the heap size to the default value (10240) 
[1443989924.556874] [node057:18091:0]         sys.c:719  MXM  WARN  Conflicting CPU frequencies detected, using: 2400.00
[1443989924.559806] [node057:18091:0]         mxm.c:185  MXM  WARN  The 'ulimit -s' on the system is set to 'unlimited'. This may have negative performance implications. Please set the heap size to the default value (10240) 
[1443989924.553099] [node059:10227:0]         sys.c:719  MXM  WARN  Conflicting CPU frequencies detected, using: 2400.00
[1443989924.556835] [node059:10227:0]         mxm.c:185  MXM  WARN  The 'ulimit -s' on the system is set to 'unlimited'. This may have negative performance implications. Please set the heap size to the default value (10240) 
[1443989924.562361] [node057:18090:0]         sys.c:719  MXM  WARN  Conflicting CPU frequencies detected, using: 2400.00
[1443989924.565445] [node057:18090:0]         mxm.c:185  MXM  WARN  The 'ulimit -s' on the system is set to 'unlimited'. This may have negative performance implications. Please set the heap size to the default value (10240) 
[1443989924.561404] [node057:18133:0]         sys.c:719  MXM  WARN  Conflicting CPU frequencies detected, using: 2400.00
[1443989924.564529] [node057:18133:0]         mxm.c:185  MXM  WARN  The 'ulimit -s' on the system is set to 'unlimited'. This may have negative performance implications. Please set the heap size to the default value (10240) 
[1443989924.552650] [node055:8205 :0]         sys.c:719  MXM  WARN  Conflicting CPU frequencies detected, using: 2400.00
[1443989924.558279] [node055:8205 :0]         mxm.c:185  MXM  WARN  The 'ulimit -s' on the system is set to 'unlimited'. This may have negative performance implications. Please set the heap size to the default value (10240) 
[1443989924.562618] [node059:10226:0]         sys.c:719  MXM  WARN  Conflicting CPU frequencies detected, using: 2400.00
[1443989924.566286] [node059:10226:0]         mxm.c:185  MXM  WARN  The 'ulimit -s' on the system is set to 'unlimited'. This may have negative performance implications. Please set the heap size to the default value (10240) 
[1443989924.564381] [node061:24166:0]         sys.c:719  MXM  WARN  Conflicting CPU frequencies detected, using: 2400.00
[1443989924.568362] [node061:24166:0]         mxm.c:185  MXM  WARN  The 'ulimit -s' on the system is set to 'unlimited'. This may have negative performance implications. Please set the heap size to the default value (10240) 
[1443989924.561230] [node063:25380:0]         sys.c:719  MXM  WARN  Conflicting CPU frequencies detected, using: 2400.00
[1443989924.565686] [node063:25380:0]         mxm.c:185  MXM  WARN  The 'ulimit -s' on the system is set to 'unlimited'. This may have negative performance implications. Please set the heap size to the default value (10240) 
[1443989924.552649] [node062:18782:0]         sys.c:719  MXM  WARN  Conflicting CPU frequencies detected, using: 2092.69
[1443989924.559840] [node062:18782:0]         mxm.c:185  MXM  WARN  The 'ulimit -s' on the system is set to 'unlimited'. This may have negative performance implications. Please set the heap size to the default value (10240) 
[1443989924.577401] [node057:18195:0]         sys.c:719  MXM  WARN  Conflicting CPU frequencies detected, using: 2400.00
[1443989924.580086] [node057:18195:0]         mxm.c:185  MXM  WARN  The 'ulimit -s' on the system is set to 'unlimited'. This may have negative performance implications. Please set the heap size to the default value (10240) 
[1443989924.576549] [node057:18171:0]         sys.c:719  MXM  WARN  Conflicting CPU frequencies detected, using: 2400.00
[1443989924.579375] [node057:18171:0]         mxm.c:185  MXM  WARN  The 'ulimit -s' on the system is set to 'unlimited'. This may have negative performance implications. Please set the heap size to the default value (10240) 
[1443989924.571559] [node057:18157:0]         sys.c:719  MXM  WARN  Conflicting CPU frequencies detected, using: 2400.00
[1443989924.574804] [node057:18157:0]         mxm.c:185  MXM  WARN  The 'ulimit -s' on the system is set to 'unlimited'. This may have negative performance implications. Please set the heap size to the default value (10240) 
[1443989924.580724] [node057:18250:0]         sys.c:719  MXM  WARN  Conflicting CPU frequencies detected, using: 2400.00
[1443989924.583746] [node057:18250:0]         mxm.c:185  MXM  WARN  The 'ulimit -s' on the system is set to 'unlimited'. This may have negative performance implications. Please set the heap size to the default value (10240) 
[1443989924.582763] [node059:10238:0]         sys.c:719  MXM  WARN  Conflicting CPU frequencies detected, using: 2400.00
[1443989924.586080] [node059:10238:0]         mxm.c:185  MXM  WARN  The 'ulimit -s' on the system is set to 'unlimited'. This may have negative performance implications. Please set the heap size to the default value (10240) 
[1443989924.575947] [node057:18192:0]         sys.c:719  MXM  WARN  Conflicting CPU frequencies detected, using: 2400.00
[1443989924.579642] [node057:18192:0]         mxm.c:185  MXM  WARN  The 'ulimit -s' on the system is set to 'unlimited'. This may have negative performance implications. Please set the heap size to the default value (10240) 
[1443989924.586984] [node060:15232:0]         sys.c:719  MXM  WARN  Conflicting CPU frequencies detected, using: 2400.00
[1443989924.589899] [node060:15232:0]         mxm.c:185  MXM  WARN  The 'ulimit -s' on the system is set to 'unlimited'. This may have negative performance implications. Please set the heap size to the default value (10240) 
[1443989924.567861] [node062:18790:0]         sys.c:719  MXM  WARN  Conflicting CPU frequencies detected, using: 2197.78
[1443989924.575421] [node062:18790:0]         mxm.c:185  MXM  WARN  The 'ulimit -s' on the system is set to 'unlimited'. This may have negative performance implications. Please set the heap size to the default value (10240) 
[1443989924.565144] [node056:9474 :0]         sys.c:719  MXM  WARN  Conflicting CPU frequencies detected, using: 2400.00
[1443989924.574981] [node056:9474 :0]         mxm.c:185  MXM  WARN  The 'ulimit -s' on the system is set to 'unlimited'. This may have negative performance implications. Please set the heap size to the default value (10240) 
[1443989924.593521] [node060:15234:0]         sys.c:719  MXM  WARN  Conflicting CPU frequencies detected, using: 2400.00
[1443989924.596846] [node060:15234:0]         mxm.c:185  MXM  WARN  The 'ulimit -s' on the system is set to 'unlimited'. This may have negative performance implications. Please set the heap size to the default value (10240) 
[1443989924.594538] [node060:15233:0]         sys.c:719  MXM  WARN  Conflicting CPU frequencies detected, using: 2400.00
[1443989924.597334] [node060:15233:0]         mxm.c:185  MXM  WARN  The 'ulimit -s' on the system is set to 'unlimited'. This may have negative performance implications. Please set the heap size to the default value (10240) 
[1443989924.593018] [node060:15242:0]         sys.c:719  MXM  WARN  Conflicting CPU frequencies detected, using: 2400.00
[1443989924.596413] [node060:15242:0]         mxm.c:185  MXM  WARN  The 'ulimit -s' on the system is set to 'unlimited'. This may have negative performance implications. Please set the heap size to the default value (10240) 
[1443989924.586584] [node062:18806:0]         sys.c:719  MXM  WARN  Conflicting CPU frequencies detected, using: 2296.78
[1443989924.592972] [node062:18806:0]         mxm.c:185  MXM  WARN  The 'ulimit -s' on the system is set to 'unlimited'. This may have negative performance implications. Please set the heap size to the default value (10240) 
[1443989924.562245] [node056:9473 :0]         sys.c:719  MXM  WARN  Conflicting CPU frequencies detected, using: 2400.00
[1443989924.574236] [node056:9473 :0]         mxm.c:185  MXM  WARN  The 'ulimit -s' on the system is set to 'unlimited'. This may have negative performance implications. Please set the heap size to the default value (10240) 
[1443989924.561371] [node056:9475 :0]         sys.c:719  MXM  WARN  Conflicting CPU frequencies detected, using: 2400.00
[1443989924.575731] [node056:9475 :0]         mxm.c:185  MXM  WARN  The 'ulimit -s' on the system is set to 'unlimited'. This may have negative performance implications. Please set the heap size to the default value (10240) 
[1443989924.562897] [node056:9472 :0]         sys.c:719  MXM  WARN  Conflicting CPU frequencies detected, using: 2400.00
[1443989924.576530] [node056:9472 :0]         mxm.c:185  MXM  WARN  The 'ulimit -s' on the system is set to 'unlimited'. This may have negative performance implications. Please set the heap size to the default value (10240) 
[1443989924.602180] [node060:15269:0]         sys.c:719  MXM  WARN  Conflicting CPU frequencies detected, using: 2400.00
[1443989924.604835] [node060:15269:0]         mxm.c:185  MXM  WARN  The 'ulimit -s' on the system is set to 'unlimited'. This may have negative performance implications. Please set the heap size to the default value (10240) 
[1443989924.600409] [node060:15268:0]         sys.c:719  MXM  WARN  Conflicting CPU frequencies detected, using: 2400.00
[1443989924.604019] [node060:15268:0]         mxm.c:185  MXM  WARN  The 'ulimit -s' on the system is set to 'unlimited'. This may have negative performance implications. Please set the heap size to the default value (10240) 
[1443989924.599777] [node060:15308:0]         sys.c:719  MXM  WARN  Conflicting CPU frequencies detected, using: 2400.00
[1443989924.603835] [node060:15308:0]         mxm.c:185  MXM  WARN  The 'ulimit -s' on the system is set to 'unlimited'. This may have negative performance implications. Please set the heap size to the default value (10240) 
[1443989924.605999] [node059:10288:0]         sys.c:719  MXM  WARN  Conflicting CPU frequencies detected, using: 2400.00
[1443989924.608784] [node059:10288:0]         mxm.c:185  MXM  WARN  The 'ulimit -s' on the system is set to 'unlimited'. This may have negative performance implications. Please set the heap size to the default value (10240) 
[1443989924.604782] [node059:10285:0]         sys.c:719  MXM  WARN  Conflicting CPU frequencies detected, using: 2400.00
[1443989924.607644] [node059:10285:0]         mxm.c:185  MXM  WARN  The 'ulimit -s' on the system is set to 'unlimited'. This may have negative performance implications. Please set the heap size to the default value (10240) 
[1443989924.611899] [node063:25430:0]         sys.c:719  MXM  WARN  Conflicting CPU frequencies detected, using: 2400.00
[1443989924.614405] [node063:25430:0]         mxm.c:185  MXM  WARN  The 'ulimit -s' on the system is set to 'unlimited'. This may have negative performance implications. Please set the heap size to the default value (10240) 
[1443989924.609580] [node063:25421:0]         sys.c:719  MXM  WARN  Conflicting CPU frequencies detected, using: 2400.00
[1443989924.612348] [node063:25421:0]         mxm.c:185  MXM  WARN  The 'ulimit -s' on the system is set to 'unlimited'. This may have negative performance implications. Please set the heap size to the default value (10240) 
[1443989924.613372] [node063:25413:0]         sys.c:719  MXM  WARN  Conflicting CPU frequencies detected, using: 2400.00
[1443989924.616719] [node063:25413:0]         mxm.c:185  MXM  WARN  The 'ulimit -s' on the system is set to 'unlimited'. This may have negative performance implications. Please set the heap size to the default value (10240) 
[1443989924.610700] [node059:10287:0]         sys.c:719  MXM  WARN  Conflicting CPU frequencies detected, using: 2400.00
[1443989924.613523] [node059:10287:0]         mxm.c:185  MXM  WARN  The 'ulimit -s' on the system is set to 'unlimited'. This may have negative performance implications. Please set the heap size to the default value (10240) 
[1443989924.615393] [node063:25423:0]         sys.c:719  MXM  WARN  Conflicting CPU frequencies detected, using: 2400.00
[1443989924.618871] [node063:25423:0]         mxm.c:185  MXM  WARN  The 'ulimit -s' on the system is set to 'unlimited'. This may have negative performance implications. Please set the heap size to the default value (10240) 
[1443989924.611305] [node059:10281:0]         sys.c:719  MXM  WARN  Conflicting CPU frequencies detected, using: 2400.00
[1443989924.614772] [node059:10281:0]         mxm.c:185  MXM  WARN  The 'ulimit -s' on the system is set to 'unlimited'. This may have negative performance implications. Please set the heap size to the default value (10240) 
[1443989924.608471] [node059:10289:0]         sys.c:719  MXM  WARN  Conflicting CPU frequencies detected, using: 2400.00
[1443989924.611857] [node059:10289:0]         mxm.c:185  MXM  WARN  The 'ulimit -s' on the system is set to 'unlimited'. This may have negative performance implications. Please set the heap size to the default value (10240) 
[1443989924.618199] [node063:25497:0]         sys.c:719  MXM  WARN  Conflicting CPU frequencies detected, using: 2400.00
[1443989924.620937] [node063:25497:0]         mxm.c:185  MXM  WARN  The 'ulimit -s' on the system is set to 'unlimited'. This may have negative performance implications. Please set the heap size to the default value (10240) 
[1443989924.610561] [node062:18816:0]         sys.c:719  MXM  WARN  Conflicting CPU frequencies detected, using: 2399.91
[1443989924.618289] [node062:18816:0]         mxm.c:185  MXM  WARN  The 'ulimit -s' on the system is set to 'unlimited'. This may have negative performance implications. Please set the heap size to the default value (10240) 
[1443989924.617437] [node063:25517:0]         sys.c:719  MXM  WARN  Conflicting CPU frequencies detected, using: 2400.00
[1443989924.620865] [node063:25517:0]         mxm.c:185  MXM  WARN  The 'ulimit -s' on the system is set to 'unlimited'. This may have negative performance implications. Please set the heap size to the default value (10240) 
[1443989924.626258] [node061:24177:0]         sys.c:719  MXM  WARN  Conflicting CPU frequencies detected, using: 2400.00
[1443989924.629778] [node061:24177:0]         mxm.c:185  MXM  WARN  The 'ulimit -s' on the system is set to 'unlimited'. This may have negative performance implications. Please set the heap size to the default value (10240) 
[1443989924.612462] [node064:29514:0]         sys.c:719  MXM  WARN  Conflicting CPU frequencies detected, using: 2400.09
[1443989924.617794] [node064:29514:0]         mxm.c:185  MXM  WARN  The 'ulimit -s' on the system is set to 'unlimited'. This may have negative performance implications. Please set the heap size to the default value (10240) 
[1443989924.624324] [node061:24176:0]         sys.c:719  MXM  WARN  Conflicting CPU frequencies detected, using: 2400.00
[1443989924.629431] [node061:24176:0]         mxm.c:185  MXM  WARN  The 'ulimit -s' on the system is set to 'unlimited'. This may have negative performance implications. Please set the heap size to the default value (10240) 
[1443989924.615119] [node064:29511:0]         sys.c:719  MXM  WARN  Conflicting CPU frequencies detected, using: 2400.09
[1443989924.621542] [node064:29511:0]         mxm.c:185  MXM  WARN  The 'ulimit -s' on the system is set to 'unlimited'. This may have negative performance implications. Please set the heap size to the default value (10240) 
[1443989924.628337] [node064:29516:0]         sys.c:719  MXM  WARN  Conflicting CPU frequencies detected, using: 2400.09
[1443989924.633603] [node064:29516:0]         mxm.c:185  MXM  WARN  The 'ulimit -s' on the system is set to 'unlimited'. This may have negative performance implications. Please set the heap size to the default value (10240) 
[1443989924.640904] [node061:24217:0]         sys.c:719  MXM  WARN  Conflicting CPU frequencies detected, using: 2400.47
[1443989924.643631] [node061:24217:0]         mxm.c:185  MXM  WARN  The 'ulimit -s' on the system is set to 'unlimited'. This may have negative performance implications. Please set the heap size to the default value (10240) 
[1443989924.640255] [node061:24200:0]         sys.c:719  MXM  WARN  Conflicting CPU frequencies detected, using: 2400.47
[1443989924.643250] [node061:24200:0]         mxm.c:185  MXM  WARN  The 'ulimit -s' on the system is set to 'unlimited'. This may have negative performance implications. Please set the heap size to the default value (10240) 
[1443989924.639918] [node061:24198:0]         sys.c:719  MXM  WARN  Conflicting CPU frequencies detected, using: 2400.47
[1443989924.643367] [node061:24198:0]         mxm.c:185  MXM  WARN  The 'ulimit -s' on the system is set to 'unlimited'. This may have negative performance implications. Please set the heap size to the default value (10240) 
[1443989924.644450] [node061:24232:0]         sys.c:719  MXM  WARN  Conflicting CPU frequencies detected, using: 2400.47
[1443989924.647156] [node061:24232:0]         mxm.c:185  MXM  WARN  The 'ulimit -s' on the system is set to 'unlimited'. This may have negative performance implications. Please set the heap size to the default value (10240) 
[1443989924.645617] [node061:24298:0]         sys.c:719  MXM  WARN  Conflicting CPU frequencies detected, using: 2400.47
[1443989924.650200] [node061:24298:0]         mxm.c:185  MXM  WARN  The 'ulimit -s' on the system is set to 'unlimited'. This may have negative performance implications. Please set the heap size to the default value (10240) 
[1443989924.642243] [node061:24197:0]         sys.c:719  MXM  WARN  Conflicting CPU frequencies detected, using: 2400.47
[1443989924.646449] [node061:24197:0]         mxm.c:185  MXM  WARN  The 'ulimit -s' on the system is set to 'unlimited'. This may have negative performance implications. Please set the heap size to the default value (10240) 
[1443989924.633280] [node064:29517:0]         sys.c:719  MXM  WARN  Conflicting CPU frequencies detected, using: 2400.09
[1443989924.639867] [node064:29517:0]         mxm.c:185  MXM  WARN  The 'ulimit -s' on the system is set to 'unlimited'. This may have negative performance implications. Please set the heap size to the default value (10240) 
[1443989924.638271] [node064:29539:0]         sys.c:719  MXM  WARN  Conflicting CPU frequencies detected, using: 2400.09
[1443989924.651430] [node064:29539:0]         mxm.c:185  MXM  WARN  The 'ulimit -s' on the system is set to 'unlimited'. This may have negative performance implications. Please set the heap size to the default value (10240) 
[1443989924.638227] [node064:29537:0]         sys.c:719  MXM  WARN  Conflicting CPU frequencies detected, using: 2400.09
[1443989924.648936] [node064:29537:0]         mxm.c:185  MXM  WARN  The 'ulimit -s' on the system is set to 'unlimited'. This may have negative performance implications. Please set the heap size to the default value (10240) 
[1443989924.653510] [node064:29627:0]         sys.c:719  MXM  WARN  Conflicting CPU frequencies detected, using: 2400.09
[1443989924.669313] [node064:29627:0]         mxm.c:185  MXM  WARN  The 'ulimit -s' on the system is set to 'unlimited'. This may have negative performance implications. Please set the heap size to the default value (10240) 
[1443989924.666423] [node062:18851:0]         sys.c:719  MXM  WARN  Conflicting CPU frequencies detected, using: 2400.00
[1443989924.671888] [node062:18851:0]         mxm.c:185  MXM  WARN  The 'ulimit -s' on the system is set to 'unlimited'. This may have negative performance implications. Please set the heap size to the default value (10240) 
[1443989924.650771] [node064:29608:0]         sys.c:719  MXM  WARN  Conflicting CPU frequencies detected, using: 2400.09
[1443989924.668629] [node064:29608:0]         mxm.c:185  MXM  WARN  The 'ulimit -s' on the system is set to 'unlimited'. This may have negative performance implications. Please set the heap size to the default value (10240) 
[1443989924.653593] [node064:29610:0]         sys.c:719  MXM  WARN  Conflicting CPU frequencies detected, using: 2400.09
[1443989924.674405] [node064:29610:0]         mxm.c:185  MXM  WARN  The 'ulimit -s' on the system is set to 'unlimited'. This may have negative performance implications. Please set the heap size to the default value (10240) 
[1443989924.668791] [node062:18846:0]         sys.c:719  MXM  WARN  Conflicting CPU frequencies detected, using: 2400.00
[1443989924.676618] [node062:18846:0]         mxm.c:185  MXM  WARN  The 'ulimit -s' on the system is set to 'unlimited'. This may have negative performance implications. Please set the heap size to the default value (10240) 
[1443989924.670801] [node062:18853:0]         sys.c:719  MXM  WARN  Conflicting CPU frequencies detected, using: 2400.00
[1443989924.682243] [node062:18853:0]         mxm.c:185  MXM  WARN  The 'ulimit -s' on the system is set to 'unlimited'. This may have negative performance implications. Please set the heap size to the default value (10240) 
[1443989924.672711] [node062:18876:0]         sys.c:719  MXM  WARN  Conflicting CPU frequencies detected, using: 2400.00
[1443989924.686507] [node062:18876:0]         mxm.c:185  MXM  WARN  The 'ulimit -s' on the system is set to 'unlimited'. This may have negative performance implications. Please set the heap size to the default value (10240) 
[1443989924.675092] [node062:18856:0]         sys.c:719  MXM  WARN  Conflicting CPU frequencies detected, using: 2400.00
[1443989924.693922] [node062:18856:0]         mxm.c:185  MXM  WARN  The 'ulimit -s' on the system is set to 'unlimited'. This may have negative performance implications. Please set the heap size to the default value (10240) 
[1443989924.677131] [node062:18901:0]         sys.c:719  MXM  WARN  Conflicting CPU frequencies detected, using: 2400.00
[1443989924.698805] [node062:18901:0]         mxm.c:185  MXM  WARN  The 'ulimit -s' on the system is set to 'unlimited'. This may have negative performance implications. Please set the heap size to the default value (10240) 
[1443989924.671357] [node062:18845:0]         sys.c:719  MXM  WARN  Conflicting CPU frequencies detected, using: 2400.00
[1443989924.697168] [node062:18845:0]         mxm.c:185  MXM  WARN  The 'ulimit -s' on the system is set to 'unlimited'. This may have negative performance implications. Please set the heap size to the default value (10240) 
[1443989924.654801] [node064:29640:0]         sys.c:719  MXM  WARN  Conflicting CPU frequencies detected, using: 2400.09
[1443989924.678590] [node064:29640:0]         mxm.c:185  MXM  WARN  The 'ulimit -s' on the system is set to 'unlimited'. This may have negative performance implications. Please set the heap size to the default value (10240) 
[1443989924.655690] [node064:29609:0]         sys.c:719  MXM  WARN  Conflicting CPU frequencies detected, using: 2400.09
[1443989924.680176] [node064:29609:0]         mxm.c:185  MXM  WARN  The 'ulimit -s' on the system is set to 'unlimited'. This may have negative performance implications. Please set the heap size to the default value (10240) 
UPCR: UPC thread  70 of 144 on node058 (pshm node  5 of 12, process  70 of 144, pid=12162)
UPCR: UPC thread   2 of 144 on node053 (pshm node  0 of 12, process   2 of 144, pid=10786)
UPCR: UPC thread   9 of 144 on node053 (pshm node  0 of 12, process   9 of 144, pid=10793)
UPCR: UPC thread   6 of 144 on node053 (pshm node  0 of 12, process   6 of 144, pid=10790)
UPCR: UPC thread   5 of 144 on node053 (pshm node  0 of 12, process   5 of 144, pid=10789)
UPCR: UPC thread   0 of 144 on node053 (pshm node  0 of 12, process   0 of 144, pid=10783)
UPCR: UPC thread   3 of 144 on node053 (pshm node  0 of 12, process   3 of 144, pid=10787)
UPCR: UPC thread   8 of 144 on node053 (pshm node  0 of 12, process   8 of 144, pid=10792)
UPCR: UPC thread   7 of 144 on node053 (pshm node  0 of 12, process   7 of 144, pid=10791)
UPCR: UPC thread  89 of 144 on node060 (pshm node  7 of 12, process  89 of 144, pid=15234)
UPCR: UPC thread  75 of 144 on node059 (pshm node  6 of 12, process  75 of 144, pid=10285)
UPCR: UPC thread   1 of 144 on node053 (pshm node  0 of 12, process   1 of 144, pid=10784)
UPCR: UPC thread  59 of 144 on node057 (pshm node  4 of 12, process  59 of 144, pid=18066)
UPCR: UPC thread 133 of 144 on node064 (pshm node 11 of 12, process 133 of 144, pid=29511)
UPCR: UPC thread  86 of 144 on node060 (pshm node  7 of 12, process  86 of 144, pid=15192)
UPCR: UPC thread 123 of 144 on node063 (pshm node 10 of 12, process 123 of 144, pid=25305)
UPCR: UPC thread  87 of 144 on node060 (pshm node  7 of 12, process  87 of 144, pid=15159)
UPCR: UPC thread  12 of 144 on node054 (pshm node  1 of 12, process  12 of 144, pid=7414)
UPCR: UPC thread  80 of 144 on node059 (pshm node  6 of 12, process  80 of 144, pid=10189)
UPCR: UPC thread  97 of 144 on node061 (pshm node  8 of 12, process  97 of 144, pid=24197)
UPCR: UPC thread  33 of 144 on node055 (pshm node  2 of 12, process  33 of 144, pid=8124)
UPCR: UPC thread 134 of 144 on node064 (pshm node 11 of 12, process 134 of 144, pid=29610)
UPCR: UPC thread  17 of 144 on node054 (pshm node  1 of 12, process  17 of 144, pid=7381)
UPCR: UPC thread  72 of 144 on node059 (pshm node  6 of 12, process  72 of 144, pid=10289)
UPCR: UPC thread 105 of 144 on node061 (pshm node  8 of 12, process 105 of 144, pid=24097)
UPCR: UPC thread 130 of 144 on node063 (pshm node 10 of 12, process 130 of 144, pid=25421)
UPCR: UPC thread  82 of 144 on node059 (pshm node  6 of 12, process  82 of 144, pid=10281)
UPCR: UPC thread 125 of 144 on node063 (pshm node 10 of 12, process 125 of 144, pid=25430)
UPCR: UPC thread 129 of 144 on node063 (pshm node 10 of 12, process 129 of 144, pid=25413)
UPCR: UPC thread 139 of 144 on node064 (pshm node 11 of 12, process 139 of 144, pid=29609)
UPCR: UPC thread 137 of 144 on node064 (pshm node 11 of 12, process 137 of 144, pid=29640)
UPCR: UPC thread 138 of 144 on node064 (pshm node 11 of 12, process 138 of 144, pid=29539)
UPCR: UPC thread 126 of 144 on node063 (pshm node 10 of 12, process 126 of 144, pid=25336)
UPCR: UPC thread  28 of 144 on node055 (pshm node  2 of 12, process  28 of 144, pid=7991)
UPCR: UPC thread 127 of 144 on node063 (pshm node 10 of 12, process 127 of 144, pid=25313)
UPCR: UPC thread 103 of 144 on node061 (pshm node  8 of 12, process 103 of 144, pid=24177)
UPCR: UPC thread  15 of 144 on node054 (pshm node  1 of 12, process  15 of 144, pid=7521)
UPCR: UPC thread 115 of 144 on node062 (pshm node  9 of 12, process 115 of 144, pid=18759)
UPCR: UPC thread 118 of 144 on node062 (pshm node  9 of 12, process 118 of 144, pid=18851)
UPCR: UPC thread  20 of 144 on node054 (pshm node  1 of 12, process  20 of 144, pid=7477)
UPCR: UPC thread 135 of 144 on node064 (pshm node 11 of 12, process 135 of 144, pid=29627)
UPCR: UPC thread  55 of 144 on node057 (pshm node  4 of 12, process  55 of 144, pid=18133)
UPCR: UPC thread 140 of 144 on node064 (pshm node 11 of 12, process 140 of 144, pid=29514)
UPCR: UPC thread  83 of 144 on node059 (pshm node  6 of 12, process  83 of 144, pid=10173)
UPCR: UPC thread  19 of 144 on node054 (pshm node  1 of 12, process  19 of 144, pid=7607)
UPCR: UPC thread 104 of 144 on node061 (pshm node  8 of 12, process 104 of 144, pid=24129)
UPCR: UPC thread  61 of 144 on node058 (pshm node  5 of 12, process  61 of 144, pid=12324)
UPCR: UPC thread  52 of 144 on node057 (pshm node  4 of 12, process  52 of 144, pid=18090)
UPCR: UPC thread  35 of 144 on node055 (pshm node  2 of 12, process  35 of 144, pid=8169)
UPCR: UPC thread  43 of 144 on node056 (pshm node  3 of 12, process  43 of 144, pid=9447)
UPCR: UPC thread 141 of 144 on node064 (pshm node 11 of 12, process 141 of 144, pid=29537)
UPCR: UPC thread  41 of 144 on node056 (pshm node  3 of 12, process  41 of 144, pid=9475)
UPCR: UPC thread 113 of 144 on node062 (pshm node  9 of 12, process 113 of 144, pid=18782)
UPCR: UPC thread 132 of 144 on node064 (pshm node 11 of 12, process 132 of 144, pid=29517)
UPCR: UPC thread  48 of 144 on node057 (pshm node  4 of 12, process  48 of 144, pid=18091)
UPCR: UPC thread 128 of 144 on node063 (pshm node 10 of 12, process 128 of 144, pid=25517)
UPCR: UPC thread 114 of 144 on node062 (pshm node  9 of 12, process 114 of 144, pid=18856)
UPCR: UPC thread  81 of 144 on node059 (pshm node  6 of 12, process  81 of 144, pid=10238)
UPCR: UPC thread  98 of 144 on node061 (pshm node  8 of 12, process  98 of 144, pid=24166)
UPCR: UPC thread  14 of 144 on node054 (pshm node  1 of 12, process  14 of 144, pid=7411)
UPCR: UPC thread  53 of 144 on node057 (pshm node  4 of 12, process  53 of 144, pid=18250)
UPCR: UPC thread 121 of 144 on node063 (pshm node 10 of 12, process 121 of 144, pid=25497)
UPCR: UPC thread  50 of 144 on node057 (pshm node  4 of 12, process  50 of 144, pid=18067)
UPCR: UPC thread 131 of 144 on node063 (pshm node 10 of 12, process 131 of 144, pid=25423)
UPCR: UPC thread  85 of 144 on node060 (pshm node  7 of 12, process  85 of 144, pid=15126)
UPCR: UPC thread 119 of 144 on node062 (pshm node  9 of 12, process 119 of 144, pid=18816)
UPCR: UPC thread 111 of 144 on node062 (pshm node  9 of 12, process 111 of 144, pid=18901)
UPCR: UPC thread 101 of 144 on node061 (pshm node  8 of 12, process 101 of 144, pid=24121)
UPCR: UPC thread  31 of 144 on node055 (pshm node  2 of 12, process  31 of 144, pid=8062)
UPCR: UPC thread  40 of 144 on node056 (pshm node  3 of 12, process  40 of 144, pid=9375)
UPCR: UPC thread  94 of 144 on node060 (pshm node  7 of 12, process  94 of 144, pid=15269)
UPCR: UPC thread  78 of 144 on node059 (pshm node  6 of 12, process  78 of 144, pid=10226)
UPCR: UPC thread 112 of 144 on node062 (pshm node  9 of 12, process 112 of 144, pid=18876)
UPCR: UPC thread 136 of 144 on node064 (pshm node 11 of 12, process 136 of 144, pid=29516)
UPCR: UPC thread  37 of 144 on node056 (pshm node  3 of 12, process  37 of 144, pid=9367)
UPCR: UPC thread  36 of 144 on node056 (pshm node  3 of 12, process  36 of 144, pid=9472)
UPCR: UPC thread  39 of 144 on node056 (pshm node  3 of 12, process  39 of 144, pid=9474)
UPCR: UPC thread  47 of 144 on node056 (pshm node  3 of 12, process  47 of 144, pid=9327)
UPCR: UPC thread  38 of 144 on node056 (pshm node  3 of 12, process  38 of 144, pid=9303)
UPCR: UPC thread 100 of 144 on node061 (pshm node  8 of 12, process 100 of 144, pid=24298)
UPCR: UPC thread  54 of 144 on node057 (pshm node  4 of 12, process  54 of 144, pid=18157)
UPCR: UPC thread  88 of 144 on node060 (pshm node  7 of 12, process  88 of 144, pid=15242)
UPCR: UPC thread  99 of 144 on node061 (pshm node  8 of 12, process  99 of 144, pid=24198)
UPCR: UPC thread  22 of 144 on node054 (pshm node  1 of 12, process  22 of 144, pid=7573)
UPCR: UPC thread  93 of 144 on node060 (pshm node  7 of 12, process  93 of 144, pid=15268)
UPCR: UPC thread  79 of 144 on node059 (pshm node  6 of 12, process  79 of 144, pid=10181)
UPCR: UPC thread  74 of 144 on node059 (pshm node  6 of 12, process  74 of 144, pid=10227)
UPCR: UPC thread 124 of 144 on node063 (pshm node 10 of 12, process 124 of 144, pid=25312)
UPCR: UPC thread  11 of 144 on node053 (pshm node  0 of 12, process  11 of 144, pid=10795)
UPCR: UPC thread  46 of 144 on node056 (pshm node  3 of 12, process  46 of 144, pid=9451)
UPCR: UPC thread 142 of 144 on node064 (pshm node 11 of 12, process 142 of 144, pid=29608)
UPCR: UPC thread  42 of 144 on node056 (pshm node  3 of 12, process  42 of 144, pid=9396)
UPCR: UPC thread  23 of 144 on node054 (pshm node  1 of 12, process  23 of 144, pid=7575)
UPCR: UPC thread  45 of 144 on node056 (pshm node  3 of 12, process  45 of 144, pid=9344)
UPCR: UPC thread 117 of 144 on node062 (pshm node  9 of 12, process 117 of 144, pid=18853)
UPCR: UPC thread  77 of 144 on node059 (pshm node  6 of 12, process  77 of 144, pid=10287)
UPCR: UPC thread  44 of 144 on node056 (pshm node  3 of 12, process  44 of 144, pid=9473)
UPCR: UPC thread  84 of 144 on node060 (pshm node  7 of 12, process  84 of 144, pid=15127)
UPCR: UPC thread 110 of 144 on node062 (pshm node  9 of 12, process 110 of 144, pid=18846)
UPCR: UPC thread 106 of 144 on node061 (pshm node  8 of 12, process 106 of 144, pid=24232)
UPCR: UPC thread  13 of 144 on node054 (pshm node  1 of 12, process  13 of 144, pid=7509)
UPCR: UPC thread  92 of 144 on node060 (pshm node  7 of 12, process  92 of 144, pid=15308)
UPCR: UPC thread 107 of 144 on node061 (pshm node  8 of 12, process 107 of 144, pid=24176)
UPCR: UPC thread  90 of 144 on node060 (pshm node  7 of 12, process  90 of 144, pid=15233)
UPCR: UPC thread  56 of 144 on node057 (pshm node  4 of 12, process  56 of 144, pid=18192)
UPCR: UPC thread  73 of 144 on node059 (pshm node  6 of 12, process  73 of 144, pid=10288)
UPCR: UPC thread  95 of 144 on node060 (pshm node  7 of 12, process  95 of 144, pid=15186)
UPCR: UPC thread 109 of 144 on node062 (pshm node  9 of 12, process 109 of 144, pid=18806)
UPCR: UPC thread  91 of 144 on node060 (pshm node  7 of 12, process  91 of 144, pid=15232)
UPCR: UPC thread  96 of 144 on node061 (pshm node  8 of 12, process  96 of 144, pid=24217)
UPCR: UPC thread 143 of 144 on node064 (pshm node 11 of 12, process 143 of 144, pid=29486)
UPCR: UPC thread  57 of 144 on node057 (pshm node  4 of 12, process  57 of 144, pid=18059)
UPCR: UPC thread 120 of 144 on node063 (pshm node 10 of 12, process 120 of 144, pid=25381)
UPCR: UPC thread  58 of 144 on node057 (pshm node  4 of 12, process  58 of 144, pid=18171)
UPCR: UPC thread 116 of 144 on node062 (pshm node  9 of 12, process 116 of 144, pid=18790)
UPCR: UPC thread 102 of 144 on node061 (pshm node  8 of 12, process 102 of 144, pid=24200)
UPCR: UPC thread  76 of 144 on node059 (pshm node  6 of 12, process  76 of 144, pid=10156)
UPCR: UPC thread  10 of 144 on node053 (pshm node  0 of 12, process  10 of 144, pid=10794)
UPCR: UPC thread  49 of 144 on node057 (pshm node  4 of 12, process  49 of 144, pid=18038)
UPCR: UPC thread  51 of 144 on node057 (pshm node  4 of 12, process  51 of 144, pid=18195)
UPCR: UPC thread 122 of 144 on node063 (pshm node 10 of 12, process 122 of 144, pid=25380)
UPCR: UPC thread  21 of 144 on node054 (pshm node  1 of 12, process  21 of 144, pid=7645)
UPCR: UPC thread   4 of 144 on node053 (pshm node  0 of 12, process   4 of 144, pid=10788)
UPCR: UPC thread  71 of 144 on node058 (pshm node  5 of 12, process  71 of 144, pid=12179)
UPCR: UPC thread  60 of 144 on node058 (pshm node  5 of 12, process  60 of 144, pid=12337)
UPCR: UPC thread  68 of 144 on node058 (pshm node  5 of 12, process  68 of 144, pid=12338)
UPCR: UPC thread  64 of 144 on node058 (pshm node  5 of 12, process  64 of 144, pid=12194)
UPCR: UPC thread  62 of 144 on node058 (pshm node  5 of 12, process  62 of 144, pid=12268)
UPCR: UPC thread  67 of 144 on node058 (pshm node  5 of 12, process  67 of 144, pid=12148)
UPCR: UPC thread  69 of 144 on node058 (pshm node  5 of 12, process  69 of 144, pid=12226)
UPCR: UPC thread  66 of 144 on node058 (pshm node  5 of 12, process  66 of 144, pid=12193)
UPCR: UPC thread  65 of 144 on node058 (pshm node  5 of 12, process  65 of 144, pid=12288)
UPCR: UPC thread  24 of 144 on node055 (pshm node  2 of 12, process  24 of 144, pid=7990)
UPCR: UPC thread  27 of 144 on node055 (pshm node  2 of 12, process  27 of 144, pid=8079)
UPCR: UPC thread  29 of 144 on node055 (pshm node  2 of 12, process  29 of 144, pid=8010)
UPCR: UPC thread  63 of 144 on node058 (pshm node  5 of 12, process  63 of 144, pid=12227)
UPCR: UPC thread  25 of 144 on node055 (pshm node  2 of 12, process  25 of 144, pid=8115)
UPCR: UPC thread  26 of 144 on node055 (pshm node  2 of 12, process  26 of 144, pid=7966)
UPCR: UPC thread  32 of 144 on node055 (pshm node  2 of 12, process  32 of 144, pid=8148)
UPCR: UPC thread  18 of 144 on node054 (pshm node  1 of 12, process  18 of 144, pid=7391)
UPCR: UPC thread  30 of 144 on node055 (pshm node  2 of 12, process  30 of 144, pid=8205)
UPCR: UPC thread  34 of 144 on node055 (pshm node  2 of 12, process  34 of 144, pid=8106)
UPCR: UPC thread  16 of 144 on node054 (pshm node  1 of 12, process  16 of 144, pid=7500)
UPCR: UPC thread 108 of 144 on node062 (pshm node  9 of 12, process 108 of 144, pid=18845)
Initializing models/collision.4.9-rgs.bdd!
Vector size: 22
Bits per integer: 9
Number of BDD variables: 198
Loading initial states: 
Initial states loaded... 
Loading transition relations... 
22 integers per state, 9 bits per integer, 29 transition groups
BDD nodes:
Initial states: 198 BDD nodes
Transition 0: 526 BDD nodes
Transition 1: 281 BDD nodes
Transition 2: 134 BDD nodes
Transition 3: 651 BDD nodes
Transition 4: 670 BDD nodes
Transition 5: 629 BDD nodes
Transition 6: 672 BDD nodes
Transition 7: 124 BDD nodes
Transition 8: 61 BDD nodes
Transition 9: 71 BDD nodes
Transition 10: 71 BDD nodes
Transition 11: 71 BDD nodes
Transition 12: 71 BDD nodes
Transition 13: 71 BDD nodes
Transition 14: 60 BDD nodes
Transition 15: 88 BDD nodes
Transition 16: 71 BDD nodes
Transition 17: 64 BDD nodes
Transition 18: 88 BDD nodes
Transition 19: 74 BDD nodes
Transition 20: 60 BDD nodes
Transition 21: 86 BDD nodes
Transition 22: 71 BDD nodes
Transition 23: 60 BDD nodes
Transition 24: 88 BDD nodes
Transition 25: 36 BDD nodes
Transition 26: 36 BDD nodes
Transition 27: 36 BDD nodes
Transition 28: 36 BDD nodes
Level 1... done. 
Level 2... done. 
Level 3... done. 
Level 4... done. 
Level 5... done. 
Level 6... done. 
Level 7... done. 
Level 8... done. 
Level 9... done. 
Level 10... done. 
Level 11... done. 
Level 12... done. 
Level 13... done. 
Level 14... done. 
Level 15... done. 
Level 16... done. 
Level 17... done. 
Level 18... done. 
Level 19... done. 
Level 20... done. 
Level 21... done. 
Level 22... done. 
Level 23... done. 
Level 24... done. 
Level 25... done. 
Level 26... done. 
Level 27... done. 
Level 28... done. 
Level 29... done. 
Level 30... done. 
Level 31... done. 
Level 32... done. 
Level 33... done. 
Level 34... done. 
Level 35... done. 
Level 36... done. 
Level 37... done. 
Level 38... done. 
Level 39... done. 
Level 40... done. 
Level 41... done. 
Level 42... done. 
Level 43... done. 
Level 44... done. 
Level 45... done. 
Level 46... done. 
Level 47... done. 
Level 48... done. 
Level 49... done. 
Level 50... done. 
Level 51... done. 
Level 52... done. 
Level 53... done. 
Level 54... done. 
Level 55... done. 
Level 56... done. 
Level 57... done. 
Level 58... done. 
Level 59... done. 
Level 60... done. 
Level 61... done. 
Level 62... done. 
Level 63... done. 
Level 64... done. 
Level 65... done. 
Level 66... done. 
Level 67... done. 
Level 68... done. 
Level 69... done. 
Level 70... done. 
Level 71... done. 
Level 72... done. 
Level 73... done. 
Level 74... done. 
Level 75... done. 
Level 76... done. 
Level 77... done. 
Level 78... done. 
Level 79... done. 
Level 80... done. 
Level 81... done. 
Level 82... done. 
Level 83... done. 
Level 84... done. 
Level 85... done. 
Level 86... done. 
Level 87... done. 
Level 88... done. 
Level 89... done. 
Level 90... done. 
Level 91... done. 
Level 92... done. 
Level 93... done. 
Level 94... done. 
Level 95... done. 
Level 96... done. 
Level 97... done. 
Level 98... done. 
Level 99... done. 
Level 100... done. 
Level 101... done. 
Level 102... done. 
Level 103... done. 
Level 104... done. 
Level 105... done. 
Level 106... done. 
Level 107... done. 
Level 108... done. 
Level 109... done. 
Level 110... done. 
Level 111... done. 
Level 112... done. 
Level 113... done. 
Level 114... done. 
Level 115... done. 
Level 116... done. 
Level 117... done. 
Level 118... done. 
Level 119... done. 
Level 120... done. 
Level 121... done. 
Level 122... done. 
Level 123... done. 
Level 124... done. 
Level 125... done. 
Level 126... done. 
Level 127... done. 
Level 128... done. 
Level 129... done. 
Level 130... done. 
Level 131... done. 
Level 132... done. 
Level 133... done. 
Level 134... done. 
Level 135... done. 
Level 136... done. 
Level 137... done. 
Level 138... done. 
Level 139... done. 
Level 140... done. 
Level 141... done. 
Level 142... done. 
Level 143... done. 
Level 144... done. 
Level 145... done. 
Level 146... done. 
Level 147... done. 
Level 148... done. 
Level 149... done. 
Level 150... done. 
Level 151... done. 
Level 152... done. 
Level 153... done. 
Level 154... done. 
Level 155... done. 
Level 156... done. 
Level 157... done. 
Level 158... done. 
Level 159... done. 
Level 160... done. 
Level 161... done. 
Level 162... done. 
Level 163... done. 
Level 164... done. 
Level 165... done. 
Level 166... done. 
Level 167... done. 
Level 168... done. 
PAR Time: 48.842343
Final states: 41465543 states
Final states: 29791 BDD nodes
[1443989923.468792] [node053:10738:0]         sys.c:719  MXM  WARN  Conflicting CPU frequencies detected, using: 2599.97
