[1443984735.994646] [node008:22178:0]         sys.c:719  MXM  WARN  Conflicting CPU frequencies detected, using: 2983.88
[1443984736.002641] [node008:22178:0]         mxm.c:185  MXM  WARN  The 'ulimit -s' on the system is set to 'unlimited'. This may have negative performance implications. Please set the heap size to the default value (10240) 
[1443984735.996103] [node008:22177:0]         sys.c:719  MXM  WARN  Conflicting CPU frequencies detected, using: 2983.88
[1443984736.013745] [node008:22177:0]         mxm.c:185  MXM  WARN  The 'ulimit -s' on the system is set to 'unlimited'. This may have negative performance implications. Please set the heap size to the default value (10240) 
[1443984735.995796] [node008:22179:0]         sys.c:719  MXM  WARN  Conflicting CPU frequencies detected, using: 2983.88
[1443984736.019389] [node008:22179:0]         mxm.c:185  MXM  WARN  The 'ulimit -s' on the system is set to 'unlimited'. This may have negative performance implications. Please set the heap size to the default value (10240) 
[1443984735.996040] [node008:22183:0]         sys.c:719  MXM  WARN  Conflicting CPU frequencies detected, using: 2983.88
[1443984736.022487] [node008:22183:0]         mxm.c:185  MXM  WARN  The 'ulimit -s' on the system is set to 'unlimited'. This may have negative performance implications. Please set the heap size to the default value (10240) 
[1443984735.994825] [node008:22176:0]         sys.c:719  MXM  WARN  Conflicting CPU frequencies detected, using: 2983.88
[1443984736.021231] [node008:22176:0]         mxm.c:185  MXM  WARN  The 'ulimit -s' on the system is set to 'unlimited'. This may have negative performance implications. Please set the heap size to the default value (10240) 
[1443984735.996277] [node008:22181:0]         sys.c:719  MXM  WARN  Conflicting CPU frequencies detected, using: 2983.88
[1443984736.018648] [node008:22181:0]         mxm.c:185  MXM  WARN  The 'ulimit -s' on the system is set to 'unlimited'. This may have negative performance implications. Please set the heap size to the default value (10240) 
[1443984735.995937] [node008:22182:0]         sys.c:719  MXM  WARN  Conflicting CPU frequencies detected, using: 2983.88
[1443984736.017880] [node008:22182:0]         mxm.c:185  MXM  WARN  The 'ulimit -s' on the system is set to 'unlimited'. This may have negative performance implications. Please set the heap size to the default value (10240) 
[1443984735.995332] [node008:22180:0]         sys.c:719  MXM  WARN  Conflicting CPU frequencies detected, using: 2983.88
[1443984736.025421] [node008:22180:0]         mxm.c:185  MXM  WARN  The 'ulimit -s' on the system is set to 'unlimited'. This may have negative performance implications. Please set the heap size to the default value (10240) 
[1443984736.210771] [node009:31135:0]         sys.c:719  MXM  WARN  Conflicting CPU frequencies detected, using: 1777.59
[1443984736.220323] [node009:31135:0]         mxm.c:185  MXM  WARN  The 'ulimit -s' on the system is set to 'unlimited'. This may have negative performance implications. Please set the heap size to the default value (10240) 
[1443984736.213793] [node009:31147:0]         sys.c:719  MXM  WARN  Conflicting CPU frequencies detected, using: 1792.69
[1443984736.223310] [node009:31147:0]         mxm.c:185  MXM  WARN  The 'ulimit -s' on the system is set to 'unlimited'. This may have negative performance implications. Please set the heap size to the default value (10240) 
[1443984736.213131] [node009:31148:0]         sys.c:719  MXM  WARN  Conflicting CPU frequencies detected, using: 1792.69
[1443984736.222554] [node009:31148:0]         mxm.c:185  MXM  WARN  The 'ulimit -s' on the system is set to 'unlimited'. This may have negative performance implications. Please set the heap size to the default value (10240) 
[1443984736.301234] [node009:31192:0]         sys.c:719  MXM  WARN  Conflicting CPU frequencies detected, using: 2250.94
[1443984736.309357] [node009:31192:0]         mxm.c:185  MXM  WARN  The 'ulimit -s' on the system is set to 'unlimited'. This may have negative performance implications. Please set the heap size to the default value (10240) 
[1443984736.292652] [node009:31191:0]         sys.c:719  MXM  WARN  Conflicting CPU frequencies detected, using: 2204.62
[1443984736.299188] [node009:31191:0]         mxm.c:185  MXM  WARN  The 'ulimit -s' on the system is set to 'unlimited'. This may have negative performance implications. Please set the heap size to the default value (10240) 
[1443984736.303276] [node009:31194:0]         sys.c:719  MXM  WARN  Conflicting CPU frequencies detected, using: 2250.94
[1443984736.315171] [node009:31194:0]         mxm.c:185  MXM  WARN  The 'ulimit -s' on the system is set to 'unlimited'. This may have negative performance implications. Please set the heap size to the default value (10240) 
[1443984736.303922] [node009:31193:0]         sys.c:719  MXM  WARN  Conflicting CPU frequencies detected, using: 2250.94
[1443984736.315923] [node009:31193:0]         mxm.c:185  MXM  WARN  The 'ulimit -s' on the system is set to 'unlimited'. This may have negative performance implications. Please set the heap size to the default value (10240) 
[1443984736.298170] [node009:31190:0]         sys.c:719  MXM  WARN  Conflicting CPU frequencies detected, using: 2250.94
[1443984736.303862] [node009:31190:0]         mxm.c:185  MXM  WARN  The 'ulimit -s' on the system is set to 'unlimited'. This may have negative performance implications. Please set the heap size to the default value (10240) 
UPCR: UPC thread  0 of 16 on node008 (pshm node 0 of 2, process  0 of 16, pid=22176)
UPCR: UPC thread  3 of 16 on node008 (pshm node 0 of 2, process  3 of 16, pid=22179)
UPCR: UPC thread  7 of 16 on node008 (pshm node 0 of 2, process  7 of 16, pid=22183)
UPCR: UPC thread  5 of 16 on node008 (pshm node 0 of 2, process  5 of 16, pid=22181)
UPCR: UPC thread  4 of 16 on node008 (pshm node 0 of 2, process  4 of 16, pid=22180)
UPCR: UPC thread  2 of 16 on node008 (pshm node 0 of 2, process  2 of 16, pid=22178)
UPCR: UPC thread  1 of 16 on node008 (pshm node 0 of 2, process  1 of 16, pid=22177)
UPCR: UPC thread  6 of 16 on node008 (pshm node 0 of 2, process  6 of 16, pid=22182)
UPCR: UPC thread 14 of 16 on node009 (pshm node 1 of 2, process 14 of 16, pid=31194)
UPCR: UPC thread 10 of 16 on node009 (pshm node 1 of 2, process 10 of 16, pid=31191)
UPCR: UPC thread 11 of 16 on node009 (pshm node 1 of 2, process 11 of 16, pid=31193)
UPCR: UPC thread  8 of 16 on node009 (pshm node 1 of 2, process  8 of 16, pid=31192)
UPCR: UPC thread 13 of 16 on node009 (pshm node 1 of 2, process 13 of 16, pid=31190)
UPCR: UPC thread 15 of 16 on node009 (pshm node 1 of 2, process 15 of 16, pid=31135)
UPCR: UPC thread 12 of 16 on node009 (pshm node 1 of 2, process 12 of 16, pid=31148)
UPCR: UPC thread  9 of 16 on node009 (pshm node 1 of 2, process  9 of 16, pid=31147)
Initializing models/collision.4.9-rgs.bdd!
Vector size: 22
Bits per integer: 9
Number of BDD variables: 198
Loading initial states: 
Initial states loaded... 
Loading transition relations... 
22 integers per state, 9 bits per integer, 29 transition groups
BDD nodes:
Initial states: 198 BDD nodes
Transition 0: 526 BDD nodes
Transition 1: 281 BDD nodes
Transition 2: 134 BDD nodes
Transition 3: 651 BDD nodes
Transition 4: 670 BDD nodes
Transition 5: 629 BDD nodes
Transition 6: 672 BDD nodes
Transition 7: 124 BDD nodes
Transition 8: 61 BDD nodes
Transition 9: 71 BDD nodes
Transition 10: 71 BDD nodes
Transition 11: 71 BDD nodes
Transition 12: 71 BDD nodes
Transition 13: 71 BDD nodes
Transition 14: 60 BDD nodes
Transition 15: 88 BDD nodes
Transition 16: 71 BDD nodes
Transition 17: 64 BDD nodes
Transition 18: 88 BDD nodes
Transition 19: 74 BDD nodes
Transition 20: 60 BDD nodes
Transition 21: 86 BDD nodes
Transition 22: 71 BDD nodes
Transition 23: 60 BDD nodes
Transition 24: 88 BDD nodes
Transition 25: 36 BDD nodes
Transition 26: 36 BDD nodes
Transition 27: 36 BDD nodes
Transition 28: 36 BDD nodes
Level 1... done. 
Level 2... done. 
Level 3... done. 
Level 4... done. 
Level 5... done. 
Level 6... done. 
Level 7... done. 
Level 8... done. 
Level 9... done. 
Level 10... done. 
Level 11... done. 
Level 12... done. 
Level 13... done. 
Level 14... done. 
Level 15... done. 
Level 16... done. 
Level 17... done. 
Level 18... done. 
Level 19... done. 
Level 20... done. 
Level 21... done. 
Level 22... done. 
Level 23... done. 
Level 24... done. 
Level 25... done. 
Level 26... done. 
Level 27... done. 
Level 28... done. 
Level 29... done. 
Level 30... done. 
Level 31... done. 
Level 32... done. 
Level 33... done. 
Level 34... done. 
Level 35... done. 
Level 36... done. 
Level 37... done. 
Level 38... done. 
Level 39... done. 
Level 40... done. 
Level 41... done. 
Level 42... done. 
Level 43... done. 
Level 44... done. 
Level 45... done. 
Level 46... done. 
Level 47... done. 
Level 48... done. 
Level 49... done. 
Level 50... done. 
Level 51... done. 
Level 52... done. 
Level 53... done. 
Level 54... done. 
Level 55... done. 
Level 56... done. 
Level 57... done. 
Level 58... done. 
Level 59... done. 
Level 60... done. 
Level 61... done. 
Level 62... done. 
Level 63... done. 
Level 64... done. 
Level 65... done. 
Level 66... done. 
Level 67... done. 
Level 68... done. 
Level 69... done. 
Level 70... done. 
Level 71... done. 
Level 72... done. 
Level 73... done. 
Level 74... done. 
Level 75... done. 
Level 76... done. 
Level 77... done. 
Level 78... done. 
Level 79... done. 
Level 80... done. 
Level 81... done. 
Level 82... done. 
Level 83... done. 
Level 84... done. 
Level 85... done. 
Level 86... done. 
Level 87... done. 
Level 88... done. 
Level 89... done. 
Level 90... done. 
Level 91... done. 
Level 92... done. 
Level 93... done. 
Level 94... done. 
Level 95... done. 
Level 96... done. 
Level 97... done. 
Level 98... done. 
Level 99... done. 
Level 100... done. 
Level 101... done. 
Level 102... done. 
Level 103... done. 
Level 104... done. 
Level 105... done. 
Level 106... done. 
Level 107... done. 
Level 108... done. 
Level 109... done. 
Level 110... done. 
Level 111... done. 
Level 112... done. 
Level 113... done. 
Level 114... done. 
Level 115... done. 
Level 116... done. 
Level 117... done. 
Level 118... done. 
Level 119... done. 
Level 120... done. 
Level 121... done. 
Level 122... done. 
Level 123... done. 
Level 124... done. 
Level 125... done. 
Level 126... done. 
Level 127... done. 
Level 128... done. 
Level 129... done. 
Level 130... done. 
Level 131... done. 
Level 132... done. 
Level 133... done. 
Level 134... done. 
Level 135... done. 
Level 136... done. 
Level 137... done. 
Level 138... done. 
Level 139... done. 
Level 140... done. 
Level 141... done. 
Level 142... done. 
Level 143... done. 
Level 144... done. 
Level 145... done. 
Level 146... done. 
Level 147... done. 
Level 148... done. 
Level 149... done. 
Level 150... done. 
Level 151... done. 
Level 152... done. 
Level 153... done. 
Level 154... done. 
Level 155... done. 
Level 156... done. 
Level 157... done. 
Level 158... done. 
Level 159... done. 
Level 160... done. 
Level 161... done. 
Level 162... done. 
Level 163... done. 
Level 164... done. 
Level 165... done. 
Level 166... done. 
Level 167... done. 
Level 168... done. 
PAR Time: 239.313431
Final states: 41465543 states
Final states: 29791 BDD nodes
[1443984735.977854] [node008:22131:0]         sys.c:719  MXM  WARN  Conflicting CPU frequencies detected, using: 3199.97
