[1443823210.188684] [node053:23589:0]         sys.c:719  MXM  WARN  Conflicting CPU frequencies detected, using: 1479.56
[1443823210.225542] [node053:23589:0]         mxm.c:185  MXM  WARN  The 'ulimit -s' on the system is set to 'unlimited'. This may have negative performance implications. Please set the heap size to the default value (10240) 
[1443823210.191186] [node053:23597:0]         sys.c:719  MXM  WARN  Conflicting CPU frequencies detected, using: 1479.56
[1443823210.226276] [node053:23597:0]         mxm.c:185  MXM  WARN  The 'ulimit -s' on the system is set to 'unlimited'. This may have negative performance implications. Please set the heap size to the default value (10240) 
[1443823210.188431] [node053:23586:0]         sys.c:719  MXM  WARN  Conflicting CPU frequencies detected, using: 1479.56
[1443823210.231665] [node053:23586:0]         mxm.c:185  MXM  WARN  The 'ulimit -s' on the system is set to 'unlimited'. This may have negative performance implications. Please set the heap size to the default value (10240) 
[1443823210.188669] [node053:23588:0]         sys.c:719  MXM  WARN  Conflicting CPU frequencies detected, using: 1479.56
[1443823210.225654] [node053:23588:0]         mxm.c:185  MXM  WARN  The 'ulimit -s' on the system is set to 'unlimited'. This may have negative performance implications. Please set the heap size to the default value (10240) 
[1443823210.189532] [node053:23592:0]         sys.c:719  MXM  WARN  Conflicting CPU frequencies detected, using: 1479.56
[1443823210.226511] [node053:23592:0]         mxm.c:185  MXM  WARN  The 'ulimit -s' on the system is set to 'unlimited'. This may have negative performance implications. Please set the heap size to the default value (10240) 
[1443823210.189739] [node053:23596:0]         sys.c:719  MXM  WARN  Conflicting CPU frequencies detected, using: 1479.56
[1443823210.225430] [node053:23596:0]         mxm.c:185  MXM  WARN  The 'ulimit -s' on the system is set to 'unlimited'. This may have negative performance implications. Please set the heap size to the default value (10240) 
[1443823210.190082] [node053:23595:0]         sys.c:719  MXM  WARN  Conflicting CPU frequencies detected, using: 1479.56
[1443823210.227419] [node053:23595:0]         mxm.c:185  MXM  WARN  The 'ulimit -s' on the system is set to 'unlimited'. This may have negative performance implications. Please set the heap size to the default value (10240) 
[1443823210.188668] [node053:23587:0]         sys.c:719  MXM  WARN  Conflicting CPU frequencies detected, using: 1479.56
[1443823210.228237] [node053:23587:0]         mxm.c:185  MXM  WARN  The 'ulimit -s' on the system is set to 'unlimited'. This may have negative performance implications. Please set the heap size to the default value (10240) 
[1443823210.188837] [node053:23590:0]         sys.c:719  MXM  WARN  Conflicting CPU frequencies detected, using: 1479.56
[1443823210.225923] [node053:23590:0]         mxm.c:185  MXM  WARN  The 'ulimit -s' on the system is set to 'unlimited'. This may have negative performance implications. Please set the heap size to the default value (10240) 
[1443823210.189366] [node053:23593:0]         sys.c:719  MXM  WARN  Conflicting CPU frequencies detected, using: 1479.56
[1443823210.224665] [node053:23593:0]         mxm.c:185  MXM  WARN  The 'ulimit -s' on the system is set to 'unlimited'. This may have negative performance implications. Please set the heap size to the default value (10240) 
[1443823210.188865] [node053:23591:0]         sys.c:719  MXM  WARN  Conflicting CPU frequencies detected, using: 1479.56
[1443823210.224407] [node053:23591:0]         mxm.c:185  MXM  WARN  The 'ulimit -s' on the system is set to 'unlimited'. This may have negative performance implications. Please set the heap size to the default value (10240) 
[1443823210.189458] [node053:23594:0]         sys.c:719  MXM  WARN  Conflicting CPU frequencies detected, using: 1479.56
[1443823210.227510] [node053:23594:0]         mxm.c:185  MXM  WARN  The 'ulimit -s' on the system is set to 'unlimited'. This may have negative performance implications. Please set the heap size to the default value (10240) 
[1443823210.530856] [node054:18690:0]         sys.c:719  MXM  WARN  Conflicting CPU frequencies detected, using: 1896.75
[1443823210.537117] [node054:18690:0]         mxm.c:185  MXM  WARN  The 'ulimit -s' on the system is set to 'unlimited'. This may have negative performance implications. Please set the heap size to the default value (10240) 
[1443823210.527406] [node054:18684:0]         sys.c:719  MXM  WARN  Conflicting CPU frequencies detected, using: 1683.84
[1443823210.533172] [node054:18684:0]         mxm.c:185  MXM  WARN  The 'ulimit -s' on the system is set to 'unlimited'. This may have negative performance implications. Please set the heap size to the default value (10240) 
[1443823210.568993] [node054:18718:0]         sys.c:719  MXM  WARN  Conflicting CPU frequencies detected, using: 2098.97
[1443823210.574850] [node054:18718:0]         mxm.c:185  MXM  WARN  The 'ulimit -s' on the system is set to 'unlimited'. This may have negative performance implications. Please set the heap size to the default value (10240) 
[1443823210.591850] [node055:19078:0]         sys.c:719  MXM  WARN  Conflicting CPU frequencies detected, using: 1333.50
[1443823210.598000] [node055:19078:0]         mxm.c:185  MXM  WARN  The 'ulimit -s' on the system is set to 'unlimited'. This may have negative performance implications. Please set the heap size to the default value (10240) 
[1443823210.590758] [node054:18738:0]         sys.c:719  MXM  WARN  Conflicting CPU frequencies detected, using: 2291.91
[1443823210.596972] [node054:18738:0]         mxm.c:185  MXM  WARN  The 'ulimit -s' on the system is set to 'unlimited'. This may have negative performance implications. Please set the heap size to the default value (10240) 
[1443823210.675682] [node054:18782:0]         sys.c:719  MXM  WARN  Conflicting CPU frequencies detected, using: 2400.09
[1443823210.680846] [node054:18782:0]         mxm.c:185  MXM  WARN  The 'ulimit -s' on the system is set to 'unlimited'. This may have negative performance implications. Please set the heap size to the default value (10240) 
[1443823210.683741] [node054:18781:0]         sys.c:719  MXM  WARN  Conflicting CPU frequencies detected, using: 2399.91
[1443823210.690784] [node054:18781:0]         mxm.c:185  MXM  WARN  The 'ulimit -s' on the system is set to 'unlimited'. This may have negative performance implications. Please set the heap size to the default value (10240) 
[1443823210.686681] [node055:19101:0]         sys.c:719  MXM  WARN  Conflicting CPU frequencies detected, using: 1475.25
[1443823210.692917] [node055:19101:0]         mxm.c:185  MXM  WARN  The 'ulimit -s' on the system is set to 'unlimited'. This may have negative performance implications. Please set the heap size to the default value (10240) 
[1443823210.775010] [node054:18828:0]         sys.c:719  MXM  WARN  Conflicting CPU frequencies detected, using: 2400.00
[1443823210.779805] [node054:18828:0]         mxm.c:185  MXM  WARN  The 'ulimit -s' on the system is set to 'unlimited'. This may have negative performance implications. Please set the heap size to the default value (10240) 
[1443823210.823283] [node054:18845:0]         sys.c:719  MXM  WARN  Conflicting CPU frequencies detected, using: 2397.94
[1443823210.828723] [node054:18845:0]         mxm.c:185  MXM  WARN  The 'ulimit -s' on the system is set to 'unlimited'. This may have negative performance implications. Please set the heap size to the default value (10240) 
[1443823210.796155] [node055:19126:0]         sys.c:719  MXM  WARN  Conflicting CPU frequencies detected, using: 1699.97
[1443823210.802024] [node055:19126:0]         mxm.c:185  MXM  WARN  The 'ulimit -s' on the system is set to 'unlimited'. This may have negative performance implications. Please set the heap size to the default value (10240) 
[1443823210.862841] [node064:23520:0]         sys.c:719  MXM  WARN  Conflicting CPU frequencies detected, using: 1498.31
[1443823210.869087] [node064:23520:0]         mxm.c:185  MXM  WARN  The 'ulimit -s' on the system is set to 'unlimited'. This may have negative performance implications. Please set the heap size to the default value (10240) 
[1443823210.832646] [node055:19143:0]         sys.c:719  MXM  WARN  Conflicting CPU frequencies detected, using: 1699.97
[1443823210.838591] [node055:19143:0]         mxm.c:185  MXM  WARN  The 'ulimit -s' on the system is set to 'unlimited'. This may have negative performance implications. Please set the heap size to the default value (10240) 
[1443823210.873946] [node054:18869:0]         sys.c:719  MXM  WARN  Conflicting CPU frequencies detected, using: 2400.00
[1443823210.879774] [node054:18869:0]         mxm.c:185  MXM  WARN  The 'ulimit -s' on the system is set to 'unlimited'. This may have negative performance implications. Please set the heap size to the default value (10240) 
[1443823210.863892] [node060:1231 :0]         sys.c:719  MXM  WARN  Conflicting CPU frequencies detected, using: 1548.84
[1443823210.867831] [node060:1231 :0]         mxm.c:185  MXM  WARN  The 'ulimit -s' on the system is set to 'unlimited'. This may have negative performance implications. Please set the heap size to the default value (10240) 
[1443823210.920671] [node055:19173:0]         sys.c:719  MXM  WARN  Conflicting CPU frequencies detected, using: 1579.69
[1443823210.926680] [node055:19173:0]         mxm.c:185  MXM  WARN  The 'ulimit -s' on the system is set to 'unlimited'. This may have negative performance implications. Please set the heap size to the default value (10240) 
[1443823210.926714] [node063:18101:0]         sys.c:719  MXM  WARN  Conflicting CPU frequencies detected, using: 1672.97
[1443823210.930723] [node063:18101:0]         mxm.c:185  MXM  WARN  The 'ulimit -s' on the system is set to 'unlimited'. This may have negative performance implications. Please set the heap size to the default value (10240) 
[1443823210.996791] [node056:23224:0]         sys.c:719  MXM  WARN  Conflicting CPU frequencies detected, using: 1615.78
[1443823211.002848] [node056:23224:0]         mxm.c:185  MXM  WARN  The 'ulimit -s' on the system is set to 'unlimited'. This may have negative performance implications. Please set the heap size to the default value (10240) 
[1443823210.978418] [node057:1355 :0]         sys.c:719  MXM  WARN  Conflicting CPU frequencies detected, using: 1473.66
[1443823210.982450] [node057:1355 :0]         mxm.c:185  MXM  WARN  The 'ulimit -s' on the system is set to 'unlimited'. This may have negative performance implications. Please set the heap size to the default value (10240) 
[1443823210.982059] [node061:17379:0]         sys.c:719  MXM  WARN  Conflicting CPU frequencies detected, using: 1644.00
[1443823210.986217] [node061:17379:0]         mxm.c:185  MXM  WARN  The 'ulimit -s' on the system is set to 'unlimited'. This may have negative performance implications. Please set the heap size to the default value (10240) 
[1443823210.989259] [node061:17386:0]         sys.c:719  MXM  WARN  Conflicting CPU frequencies detected, using: 1644.00
[1443823210.993865] [node061:17386:0]         mxm.c:185  MXM  WARN  The 'ulimit -s' on the system is set to 'unlimited'. This may have negative performance implications. Please set the heap size to the default value (10240) 
[1443823211.001196] [node055:19197:0]         sys.c:719  MXM  WARN  Conflicting CPU frequencies detected, using: 1886.34
[1443823211.008187] [node055:19197:0]         mxm.c:185  MXM  WARN  The 'ulimit -s' on the system is set to 'unlimited'. This may have negative performance implications. Please set the heap size to the default value (10240) 
[1443823211.002905] [node055:19201:0]         sys.c:719  MXM  WARN  Conflicting CPU frequencies detected, using: 1886.34
[1443823211.010055] [node055:19201:0]         mxm.c:185  MXM  WARN  The 'ulimit -s' on the system is set to 'unlimited'. This may have negative performance implications. Please set the heap size to the default value (10240) 
[1443823211.010376] [node057:1372 :0]         sys.c:719  MXM  WARN  Conflicting CPU frequencies detected, using: 1628.62
[1443823211.014427] [node057:1372 :0]         mxm.c:185  MXM  WARN  The 'ulimit -s' on the system is set to 'unlimited'. This may have negative performance implications. Please set the heap size to the default value (10240) 
[1443823211.001839] [node056:23227:0]         sys.c:719  MXM  WARN  Conflicting CPU frequencies detected, using: 1692.94
[1443823211.008851] [node056:23227:0]         mxm.c:185  MXM  WARN  The 'ulimit -s' on the system is set to 'unlimited'. This may have negative performance implications. Please set the heap size to the default value (10240) 
[1443823211.018626] [node063:18124:0]         sys.c:719  MXM  WARN  Conflicting CPU frequencies detected, using: 1672.97
[1443823211.022516] [node063:18124:0]         mxm.c:185  MXM  WARN  The 'ulimit -s' on the system is set to 'unlimited'. This may have negative performance implications. Please set the heap size to the default value (10240) 
[1443823211.056627] [node055:19235:0]         sys.c:719  MXM  WARN  Conflicting CPU frequencies detected, using: 2392.78
[1443823211.062222] [node055:19235:0]         mxm.c:185  MXM  WARN  The 'ulimit -s' on the system is set to 'unlimited'. This may have negative performance implications. Please set the heap size to the default value (10240) 
[1443823211.060858] [node060:1258 :0]         sys.c:719  MXM  WARN  Conflicting CPU frequencies detected, using: 1494.84
[1443823211.064983] [node060:1258 :0]         mxm.c:185  MXM  WARN  The 'ulimit -s' on the system is set to 'unlimited'. This may have negative performance implications. Please set the heap size to the default value (10240) 
[1443823211.087500] [node059:29406:0]         sys.c:719  MXM  WARN  Conflicting CPU frequencies detected, using: 1818.38
[1443823211.092283] [node059:29406:0]         mxm.c:185  MXM  WARN  The 'ulimit -s' on the system is set to 'unlimited'. This may have negative performance implications. Please set the heap size to the default value (10240) 
[1443823211.091820] [node063:18148:0]         sys.c:719  MXM  WARN  Conflicting CPU frequencies detected, using: 1717.97
[1443823211.095488] [node063:18148:0]         mxm.c:185  MXM  WARN  The 'ulimit -s' on the system is set to 'unlimited'. This may have negative performance implications. Please set the heap size to the default value (10240) 
[1443823211.088499] [node061:17427:0]         sys.c:719  MXM  WARN  Conflicting CPU frequencies detected, using: 1590.66
[1443823211.092356] [node061:17427:0]         mxm.c:185  MXM  WARN  The 'ulimit -s' on the system is set to 'unlimited'. This may have negative performance implications. Please set the heap size to the default value (10240) 
[1443823211.093115] [node057:1402 :0]         sys.c:719  MXM  WARN  Conflicting CPU frequencies detected, using: 2071.31
[1443823211.096547] [node057:1402 :0]         mxm.c:185  MXM  WARN  The 'ulimit -s' on the system is set to 'unlimited'. This may have negative performance implications. Please set the heap size to the default value (10240) 
[1443823211.078940] [node056:23270:0]         sys.c:719  MXM  WARN  Conflicting CPU frequencies detected, using: 1746.56
[1443823211.084489] [node056:23270:0]         mxm.c:185  MXM  WARN  The 'ulimit -s' on the system is set to 'unlimited'. This may have negative performance implications. Please set the heap size to the default value (10240) 
[1443823211.091805] [node054:18900:0]         sys.c:719  MXM  WARN  Conflicting CPU frequencies detected, using: 1600.12
[1443823211.097352] [node054:18900:0]         mxm.c:185  MXM  WARN  The 'ulimit -s' on the system is set to 'unlimited'. This may have negative performance implications. Please set the heap size to the default value (10240) 
[1443823211.100489] [node064:23544:0]         sys.c:719  MXM  WARN  Conflicting CPU frequencies detected, using: 1497.66
[1443823211.106683] [node064:23544:0]         mxm.c:185  MXM  WARN  The 'ulimit -s' on the system is set to 'unlimited'. This may have negative performance implications. Please set the heap size to the default value (10240) 
[1443823211.101974] [node054:18906:0]         sys.c:719  MXM  WARN  Conflicting CPU frequencies detected, using: 1600.12
[1443823211.108952] [node054:18906:0]         mxm.c:185  MXM  WARN  The 'ulimit -s' on the system is set to 'unlimited'. This may have negative performance implications. Please set the heap size to the default value (10240) 
[1443823211.128635] [node056:23289:0]         sys.c:719  MXM  WARN  Conflicting CPU frequencies detected, using: 2256.38
[1443823211.134473] [node056:23289:0]         mxm.c:185  MXM  WARN  The 'ulimit -s' on the system is set to 'unlimited'. This may have negative performance implications. Please set the heap size to the default value (10240) 
[1443823211.157096] [node055:19270:0]         sys.c:719  MXM  WARN  Conflicting CPU frequencies detected, using: 1934.72
[1443823211.163226] [node055:19270:0]         mxm.c:185  MXM  WARN  The 'ulimit -s' on the system is set to 'unlimited'. This may have negative performance implications. Please set the heap size to the default value (10240) 
[1443823211.185771] [node063:18176:0]         sys.c:719  MXM  WARN  Conflicting CPU frequencies detected, using: 2299.97
[1443823211.188448] [node063:18176:0]         mxm.c:185  MXM  WARN  The 'ulimit -s' on the system is set to 'unlimited'. This may have negative performance implications. Please set the heap size to the default value (10240) 
[1443823211.183771] [node063:18172:0]         sys.c:719  MXM  WARN  Conflicting CPU frequencies detected, using: 2284.22
[1443823211.187398] [node063:18172:0]         mxm.c:185  MXM  WARN  The 'ulimit -s' on the system is set to 'unlimited'. This may have negative performance implications. Please set the heap size to the default value (10240) 
[1443823211.187296] [node056:23315:0]         sys.c:719  MXM  WARN  Conflicting CPU frequencies detected, using: 2400.00
[1443823211.192532] [node056:23315:0]         mxm.c:185  MXM  WARN  The 'ulimit -s' on the system is set to 'unlimited'. This may have negative performance implications. Please set the heap size to the default value (10240) 
[1443823211.189376] [node058:31265:0]         sys.c:719  MXM  WARN  Conflicting CPU frequencies detected, using: 1993.78
[1443823211.192930] [node058:31265:0]         mxm.c:185  MXM  WARN  The 'ulimit -s' on the system is set to 'unlimited'. This may have negative performance implications. Please set the heap size to the default value (10240) 
[1443823211.193590] [node057:1428 :0]         sys.c:719  MXM  WARN  Conflicting CPU frequencies detected, using: 2400.00
[1443823211.197234] [node057:1428 :0]         mxm.c:185  MXM  WARN  The 'ulimit -s' on the system is set to 'unlimited'. This may have negative performance implications. Please set the heap size to the default value (10240) 
[1443823211.195505] [node063:18183:0]         sys.c:719  MXM  WARN  Conflicting CPU frequencies detected, using: 2399.25
[1443823211.199449] [node063:18183:0]         mxm.c:185  MXM  WARN  The 'ulimit -s' on the system is set to 'unlimited'. This may have negative performance implications. Please set the heap size to the default value (10240) 
[1443823211.187192] [node061:17451:0]         sys.c:719  MXM  WARN  Conflicting CPU frequencies detected, using: 1999.59
[1443823211.191086] [node061:17451:0]         mxm.c:185  MXM  WARN  The 'ulimit -s' on the system is set to 'unlimited'. This may have negative performance implications. Please set the heap size to the default value (10240) 
[1443823211.184451] [node058:31261:0]         sys.c:719  MXM  WARN  Conflicting CPU frequencies detected, using: 1924.22
[1443823211.188817] [node058:31261:0]         mxm.c:185  MXM  WARN  The 'ulimit -s' on the system is set to 'unlimited'. This may have negative performance implications. Please set the heap size to the default value (10240) 
[1443823211.205814] [node057:1441 :0]         sys.c:719  MXM  WARN  Conflicting CPU frequencies detected, using: 2400.00
[1443823211.208947] [node057:1441 :0]         mxm.c:185  MXM  WARN  The 'ulimit -s' on the system is set to 'unlimited'. This may have negative performance implications. Please set the heap size to the default value (10240) 
[1443823211.186656] [node064:23567:0]         sys.c:719  MXM  WARN  Conflicting CPU frequencies detected, using: 2220.56
[1443823211.192489] [node064:23567:0]         mxm.c:185  MXM  WARN  The 'ulimit -s' on the system is set to 'unlimited'. This may have negative performance implications. Please set the heap size to the default value (10240) 
[1443823211.195022] [node064:23575:0]         sys.c:719  MXM  WARN  Conflicting CPU frequencies detected, using: 2300.16
[1443823211.202360] [node064:23575:0]         mxm.c:185  MXM  WARN  The 'ulimit -s' on the system is set to 'unlimited'. This may have negative performance implications. Please set the heap size to the default value (10240) 
[1443823211.208176] [node058:31295:0]         sys.c:719  MXM  WARN  Conflicting CPU frequencies detected, using: 2096.25
[1443823211.211329] [node058:31295:0]         mxm.c:185  MXM  WARN  The 'ulimit -s' on the system is set to 'unlimited'. This may have negative performance implications. Please set the heap size to the default value (10240) 
[1443823211.197461] [node064:23574:0]         sys.c:719  MXM  WARN  Conflicting CPU frequencies detected, using: 2300.16
[1443823211.205805] [node064:23574:0]         mxm.c:185  MXM  WARN  The 'ulimit -s' on the system is set to 'unlimited'. This may have negative performance implications. Please set the heap size to the default value (10240) 
[1443823211.199228] [node059:29430:0]         sys.c:719  MXM  WARN  Conflicting CPU frequencies detected, using: 1818.38
[1443823211.203950] [node059:29430:0]         mxm.c:185  MXM  WARN  The 'ulimit -s' on the system is set to 'unlimited'. This may have negative performance implications. Please set the heap size to the default value (10240) 
[1443823211.214497] [node058:31300:0]         sys.c:719  MXM  WARN  Conflicting CPU frequencies detected, using: 2178.66
[1443823211.217765] [node058:31300:0]         mxm.c:185  MXM  WARN  The 'ulimit -s' on the system is set to 'unlimited'. This may have negative performance implications. Please set the heap size to the default value (10240) 
[1443823211.212992] [node056:23335:0]         sys.c:719  MXM  WARN  Conflicting CPU frequencies detected, using: 2400.00
[1443823211.219347] [node056:23335:0]         mxm.c:185  MXM  WARN  The 'ulimit -s' on the system is set to 'unlimited'. This may have negative performance implications. Please set the heap size to the default value (10240) 
[1443823211.231113] [node063:18224:0]         sys.c:719  MXM  WARN  Conflicting CPU frequencies detected, using: 2400.00
[1443823211.235885] [node063:18224:0]         mxm.c:185  MXM  WARN  The 'ulimit -s' on the system is set to 'unlimited'. This may have negative performance implications. Please set the heap size to the default value (10240) 
[1443823211.217731] [node062:11327:0]         sys.c:719  MXM  WARN  Conflicting CPU frequencies detected, using: 2195.72
[1443823211.224032] [node062:11327:0]         mxm.c:185  MXM  WARN  The 'ulimit -s' on the system is set to 'unlimited'. This may have negative performance implications. Please set the heap size to the default value (10240) 
[1443823211.241758] [node057:1471 :0]         sys.c:719  MXM  WARN  Conflicting CPU frequencies detected, using: 2400.00
[1443823211.244823] [node057:1471 :0]         mxm.c:185  MXM  WARN  The 'ulimit -s' on the system is set to 'unlimited'. This may have negative performance implications. Please set the heap size to the default value (10240) 
[1443823211.240038] [node057:1463 :0]         sys.c:719  MXM  WARN  Conflicting CPU frequencies detected, using: 2400.00
[1443823211.243404] [node057:1463 :0]         mxm.c:185  MXM  WARN  The 'ulimit -s' on the system is set to 'unlimited'. This may have negative performance implications. Please set the heap size to the default value (10240) 
[1443823211.241262] [node058:31331:0]         sys.c:719  MXM  WARN  Conflicting CPU frequencies detected, using: 2349.38
[1443823211.244625] [node058:31331:0]         mxm.c:185  MXM  WARN  The 'ulimit -s' on the system is set to 'unlimited'. This may have negative performance implications. Please set the heap size to the default value (10240) 
[1443823211.239626] [node057:1470 :0]         sys.c:719  MXM  WARN  Conflicting CPU frequencies detected, using: 2400.00
[1443823211.243061] [node057:1470 :0]         mxm.c:185  MXM  WARN  The 'ulimit -s' on the system is set to 'unlimited'. This may have negative performance implications. Please set the heap size to the default value (10240) 
[1443823211.240519] [node061:17473:0]         sys.c:719  MXM  WARN  Conflicting CPU frequencies detected, using: 2400.00
[1443823211.244664] [node061:17473:0]         mxm.c:185  MXM  WARN  The 'ulimit -s' on the system is set to 'unlimited'. This may have negative performance implications. Please set the heap size to the default value (10240) 
[1443823211.236062] [node059:29447:0]         sys.c:719  MXM  WARN  Conflicting CPU frequencies detected, using: 2093.16
[1443823211.240253] [node059:29447:0]         mxm.c:185  MXM  WARN  The 'ulimit -s' on the system is set to 'unlimited'. This may have negative performance implications. Please set the heap size to the default value (10240) 
[1443823211.242815] [node058:31346:0]         sys.c:719  MXM  WARN  Conflicting CPU frequencies detected, using: 2395.03
[1443823211.246317] [node058:31346:0]         mxm.c:185  MXM  WARN  The 'ulimit -s' on the system is set to 'unlimited'. This may have negative performance implications. Please set the heap size to the default value (10240) 
[1443823211.243109] [node058:31333:0]         sys.c:719  MXM  WARN  Conflicting CPU frequencies detected, using: 2395.03
[1443823211.246761] [node058:31333:0]         mxm.c:185  MXM  WARN  The 'ulimit -s' on the system is set to 'unlimited'. This may have negative performance implications. Please set the heap size to the default value (10240) 
[1443823211.242034] [node063:18242:0]         sys.c:719  MXM  WARN  Conflicting CPU frequencies detected, using: 2400.00
[1443823211.247167] [node063:18242:0]         mxm.c:185  MXM  WARN  The 'ulimit -s' on the system is set to 'unlimited'. This may have negative performance implications. Please set the heap size to the default value (10240) 
[1443823211.219543] [node064:23622:0]         sys.c:719  MXM  WARN  Conflicting CPU frequencies detected, using: 2400.00
[1443823211.233923] [node064:23622:0]         mxm.c:185  MXM  WARN  The 'ulimit -s' on the system is set to 'unlimited'. This may have negative performance implications. Please set the heap size to the default value (10240) 
[1443823211.219654] [node064:23621:0]         sys.c:719  MXM  WARN  Conflicting CPU frequencies detected, using: 2400.00
[1443823211.232371] [node064:23621:0]         mxm.c:185  MXM  WARN  The 'ulimit -s' on the system is set to 'unlimited'. This may have negative performance implications. Please set the heap size to the default value (10240) 
[1443823211.218213] [node064:23623:0]         sys.c:719  MXM  WARN  Conflicting CPU frequencies detected, using: 2400.00
[1443823211.228998] [node064:23623:0]         mxm.c:185  MXM  WARN  The 'ulimit -s' on the system is set to 'unlimited'. This may have negative performance implications. Please set the heap size to the default value (10240) 
[1443823211.229294] [node064:23676:0]         sys.c:719  MXM  WARN  Conflicting CPU frequencies detected, using: 2399.91
[1443823211.244037] [node064:23676:0]         mxm.c:185  MXM  WARN  The 'ulimit -s' on the system is set to 'unlimited'. This may have negative performance implications. Please set the heap size to the default value (10240) 
[1443823211.240491] [node056:23362:0]         sys.c:719  MXM  WARN  Conflicting CPU frequencies detected, using: 2399.91
[1443823211.248731] [node056:23362:0]         mxm.c:185  MXM  WARN  The 'ulimit -s' on the system is set to 'unlimited'. This may have negative performance implications. Please set the heap size to the default value (10240) 
[1443823211.241131] [node055:19293:0]         sys.c:719  MXM  WARN  Conflicting CPU frequencies detected, using: 2139.84
[1443823211.246789] [node055:19293:0]         mxm.c:185  MXM  WARN  The 'ulimit -s' on the system is set to 'unlimited'. This may have negative performance implications. Please set the heap size to the default value (10240) 
[1443823211.242948] [node056:23359:0]         sys.c:719  MXM  WARN  Conflicting CPU frequencies detected, using: 2399.91
[1443823211.250587] [node056:23359:0]         mxm.c:185  MXM  WARN  The 'ulimit -s' on the system is set to 'unlimited'. This may have negative performance implications. Please set the heap size to the default value (10240) 
[1443823211.259561] [node059:29460:0]         sys.c:719  MXM  WARN  Conflicting CPU frequencies detected, using: 2199.94
[1443823211.263677] [node059:29460:0]         mxm.c:185  MXM  WARN  The 'ulimit -s' on the system is set to 'unlimited'. This may have negative performance implications. Please set the heap size to the default value (10240) 
[1443823211.260834] [node059:29459:0]         sys.c:719  MXM  WARN  Conflicting CPU frequencies detected, using: 2199.94
[1443823211.264904] [node059:29459:0]         mxm.c:185  MXM  WARN  The 'ulimit -s' on the system is set to 'unlimited'. This may have negative performance implications. Please set the heap size to the default value (10240) 
[1443823211.268285] [node058:31401:0]         sys.c:719  MXM  WARN  Conflicting CPU frequencies detected, using: 2398.12
[1443823211.271157] [node058:31401:0]         mxm.c:185  MXM  WARN  The 'ulimit -s' on the system is set to 'unlimited'. This may have negative performance implications. Please set the heap size to the default value (10240) 
[1443823211.245468] [node055:19297:0]         sys.c:719  MXM  WARN  Conflicting CPU frequencies detected, using: 2139.84
[1443823211.251542] [node055:19297:0]         mxm.c:185  MXM  WARN  The 'ulimit -s' on the system is set to 'unlimited'. This may have negative performance implications. Please set the heap size to the default value (10240) 
[1443823211.256748] [node062:11344:0]         sys.c:719  MXM  WARN  Conflicting CPU frequencies detected, using: 2399.91
[1443823211.263433] [node062:11344:0]         mxm.c:185  MXM  WARN  The 'ulimit -s' on the system is set to 'unlimited'. This may have negative performance implications. Please set the heap size to the default value (10240) 
[1443823211.259630] [node056:23396:0]         sys.c:719  MXM  WARN  Conflicting CPU frequencies detected, using: 2400.00
[1443823211.265905] [node056:23396:0]         mxm.c:185  MXM  WARN  The 'ulimit -s' on the system is set to 'unlimited'. This may have negative performance implications. Please set the heap size to the default value (10240) 
[1443823211.262459] [node062:11353:0]         sys.c:719  MXM  WARN  Conflicting CPU frequencies detected, using: 2400.00
[1443823211.269060] [node062:11353:0]         mxm.c:185  MXM  WARN  The 'ulimit -s' on the system is set to 'unlimited'. This may have negative performance implications. Please set the heap size to the default value (10240) 
[1443823211.278714] [node060:1287 :0]         sys.c:719  MXM  WARN  Conflicting CPU frequencies detected, using: 2400.00
[1443823211.282943] [node060:1287 :0]         mxm.c:185  MXM  WARN  The 'ulimit -s' on the system is set to 'unlimited'. This may have negative performance implications. Please set the heap size to the default value (10240) 
[1443823211.268051] [node062:11354:0]         sys.c:719  MXM  WARN  Conflicting CPU frequencies detected, using: 2400.00
[1443823211.276153] [node062:11354:0]         mxm.c:185  MXM  WARN  The 'ulimit -s' on the system is set to 'unlimited'. This may have negative performance implications. Please set the heap size to the default value (10240) 
[1443823211.283205] [node057:1527 :0]         sys.c:719  MXM  WARN  Conflicting CPU frequencies detected, using: 2400.00
[1443823211.285980] [node057:1527 :0]         mxm.c:185  MXM  WARN  The 'ulimit -s' on the system is set to 'unlimited'. This may have negative performance implications. Please set the heap size to the default value (10240) 
[1443823211.287064] [node057:1540 :0]         sys.c:719  MXM  WARN  Conflicting CPU frequencies detected, using: 2400.00
[1443823211.289588] [node057:1540 :0]         mxm.c:185  MXM  WARN  The 'ulimit -s' on the system is set to 'unlimited'. This may have negative performance implications. Please set the heap size to the default value (10240) 
[1443823211.287678] [node057:1543 :0]         sys.c:719  MXM  WARN  Conflicting CPU frequencies detected, using: 2400.00
[1443823211.290486] [node057:1543 :0]         mxm.c:185  MXM  WARN  The 'ulimit -s' on the system is set to 'unlimited'. This may have negative performance implications. Please set the heap size to the default value (10240) 
[1443823211.290612] [node058:31417:0]         sys.c:719  MXM  WARN  Conflicting CPU frequencies detected, using: 2400.00
[1443823211.293707] [node058:31417:0]         mxm.c:185  MXM  WARN  The 'ulimit -s' on the system is set to 'unlimited'. This may have negative performance implications. Please set the heap size to the default value (10240) 
[1443823211.285930] [node057:1528 :0]         sys.c:719  MXM  WARN  Conflicting CPU frequencies detected, using: 2400.00
[1443823211.289467] [node057:1528 :0]         mxm.c:185  MXM  WARN  The 'ulimit -s' on the system is set to 'unlimited'. This may have negative performance implications. Please set the heap size to the default value (10240) 
[1443823211.274276] [node064:23721:0]         sys.c:719  MXM  WARN  Conflicting CPU frequencies detected, using: 2400.00
[1443823211.280364] [node064:23721:0]         mxm.c:185  MXM  WARN  The 'ulimit -s' on the system is set to 'unlimited'. This may have negative performance implications. Please set the heap size to the default value (10240) 
[1443823211.292738] [node058:31421:0]         sys.c:719  MXM  WARN  Conflicting CPU frequencies detected, using: 2400.19
[1443823211.295363] [node058:31421:0]         mxm.c:185  MXM  WARN  The 'ulimit -s' on the system is set to 'unlimited'. This may have negative performance implications. Please set the heap size to the default value (10240) 
[1443823211.286446] [node060:1286 :0]         sys.c:719  MXM  WARN  Conflicting CPU frequencies detected, using: 2400.00
[1443823211.291363] [node060:1286 :0]         mxm.c:185  MXM  WARN  The 'ulimit -s' on the system is set to 'unlimited'. This may have negative performance implications. Please set the heap size to the default value (10240) 
[1443823211.275758] [node064:23719:0]         sys.c:719  MXM  WARN  Conflicting CPU frequencies detected, using: 2400.00
[1443823211.284331] [node064:23719:0]         mxm.c:185  MXM  WARN  The 'ulimit -s' on the system is set to 'unlimited'. This may have negative performance implications. Please set the heap size to the default value (10240) 
[1443823211.297575] [node058:31446:0]         sys.c:719  MXM  WARN  Conflicting CPU frequencies detected, using: 2400.19
[1443823211.300428] [node058:31446:0]         mxm.c:185  MXM  WARN  The 'ulimit -s' on the system is set to 'unlimited'. This may have negative performance implications. Please set the heap size to the default value (10240) 
[1443823211.276418] [node064:23734:0]         sys.c:719  MXM  WARN  Conflicting CPU frequencies detected, using: 2400.00
[1443823211.285082] [node064:23734:0]         mxm.c:185  MXM  WARN  The 'ulimit -s' on the system is set to 'unlimited'. This may have negative performance implications. Please set the heap size to the default value (10240) 
[1443823211.276054] [node062:11352:0]         sys.c:719  MXM  WARN  Conflicting CPU frequencies detected, using: 2400.00
[1443823211.284062] [node062:11352:0]         mxm.c:185  MXM  WARN  The 'ulimit -s' on the system is set to 'unlimited'. This may have negative performance implications. Please set the heap size to the default value (10240) 
[1443823211.292888] [node058:31418:0]         sys.c:719  MXM  WARN  Conflicting CPU frequencies detected, using: 2400.19
[1443823211.296599] [node058:31418:0]         mxm.c:185  MXM  WARN  The 'ulimit -s' on the system is set to 'unlimited'. This may have negative performance implications. Please set the heap size to the default value (10240) 
[1443823211.282061] [node055:19328:0]         sys.c:719  MXM  WARN  Conflicting CPU frequencies detected, using: 2199.94
[1443823211.288273] [node055:19328:0]         mxm.c:185  MXM  WARN  The 'ulimit -s' on the system is set to 'unlimited'. This may have negative performance implications. Please set the heap size to the default value (10240) 
[1443823211.292677] [node056:23414:0]         sys.c:719  MXM  WARN  Conflicting CPU frequencies detected, using: 2399.91
[1443823211.297190] [node056:23414:0]         mxm.c:185  MXM  WARN  The 'ulimit -s' on the system is set to 'unlimited'. This may have negative performance implications. Please set the heap size to the default value (10240) 
[1443823211.287043] [node056:23411:0]         sys.c:719  MXM  WARN  Conflicting CPU frequencies detected, using: 2400.00
[1443823211.293250] [node056:23411:0]         mxm.c:185  MXM  WARN  The 'ulimit -s' on the system is set to 'unlimited'. This may have negative performance implications. Please set the heap size to the default value (10240) 
[1443823211.310035] [node063:18285:0]         sys.c:719  MXM  WARN  Conflicting CPU frequencies detected, using: 2400.00
[1443823211.313115] [node063:18285:0]         mxm.c:185  MXM  WARN  The 'ulimit -s' on the system is set to 'unlimited'. This may have negative performance implications. Please set the heap size to the default value (10240) 
[1443823211.314364] [node060:1289 :0]         sys.c:719  MXM  WARN  Conflicting CPU frequencies detected, using: 2399.91
[1443823211.317260] [node060:1289 :0]         mxm.c:185  MXM  WARN  The 'ulimit -s' on the system is set to 'unlimited'. This may have negative performance implications. Please set the heap size to the default value (10240) 
[1443823211.296831] [node056:23415:0]         sys.c:719  MXM  WARN  Conflicting CPU frequencies detected, using: 2400.00
[1443823211.304737] [node056:23415:0]         mxm.c:185  MXM  WARN  The 'ulimit -s' on the system is set to 'unlimited'. This may have negative performance implications. Please set the heap size to the default value (10240) 
[1443823211.315794] [node060:1295 :0]         sys.c:719  MXM  WARN  Conflicting CPU frequencies detected, using: 2400.00
[1443823211.318591] [node060:1295 :0]         mxm.c:185  MXM  WARN  The 'ulimit -s' on the system is set to 'unlimited'. This may have negative performance implications. Please set the heap size to the default value (10240) 
[1443823211.313757] [node063:18284:0]         sys.c:719  MXM  WARN  Conflicting CPU frequencies detected, using: 2400.00
[1443823211.316716] [node063:18284:0]         mxm.c:185  MXM  WARN  The 'ulimit -s' on the system is set to 'unlimited'. This may have negative performance implications. Please set the heap size to the default value (10240) 
[1443823211.275910] [node054:18949:0]         sys.c:719  MXM  WARN  Conflicting CPU frequencies detected, using: 1647.00
[1443823211.282028] [node054:18949:0]         mxm.c:185  MXM  WARN  The 'ulimit -s' on the system is set to 'unlimited'. This may have negative performance implications. Please set the heap size to the default value (10240) 
[1443823211.312996] [node063:18282:0]         sys.c:719  MXM  WARN  Conflicting CPU frequencies detected, using: 2400.00
[1443823211.316572] [node063:18282:0]         mxm.c:185  MXM  WARN  The 'ulimit -s' on the system is set to 'unlimited'. This may have negative performance implications. Please set the heap size to the default value (10240) 
[1443823211.317481] [node063:18283:0]         sys.c:719  MXM  WARN  Conflicting CPU frequencies detected, using: 2400.00
[1443823211.321403] [node063:18283:0]         mxm.c:185  MXM  WARN  The 'ulimit -s' on the system is set to 'unlimited'. This may have negative performance implications. Please set the heap size to the default value (10240) 
[1443823211.337361] [node061:17502:0]         sys.c:719  MXM  WARN  Conflicting CPU frequencies detected, using: 2400.00
[1443823211.340692] [node061:17502:0]         mxm.c:185  MXM  WARN  The 'ulimit -s' on the system is set to 'unlimited'. This may have negative performance implications. Please set the heap size to the default value (10240) 
[1443823211.342054] [node061:17503:0]         sys.c:719  MXM  WARN  Conflicting CPU frequencies detected, using: 2400.00
[1443823211.344846] [node061:17503:0]         mxm.c:185  MXM  WARN  The 'ulimit -s' on the system is set to 'unlimited'. This may have negative performance implications. Please set the heap size to the default value (10240) 
[1443823211.342018] [node059:29509:0]         sys.c:719  MXM  WARN  Conflicting CPU frequencies detected, using: 2400.00
[1443823211.345372] [node059:29509:0]         mxm.c:185  MXM  WARN  The 'ulimit -s' on the system is set to 'unlimited'. This may have negative performance implications. Please set the heap size to the default value (10240) 
[1443823211.343579] [node059:29508:0]         sys.c:719  MXM  WARN  Conflicting CPU frequencies detected, using: 2400.00
[1443823211.346584] [node059:29508:0]         mxm.c:185  MXM  WARN  The 'ulimit -s' on the system is set to 'unlimited'. This may have negative performance implications. Please set the heap size to the default value (10240) 
[1443823211.342423] [node061:17493:0]         sys.c:719  MXM  WARN  Conflicting CPU frequencies detected, using: 2400.00
[1443823211.345657] [node061:17493:0]         mxm.c:185  MXM  WARN  The 'ulimit -s' on the system is set to 'unlimited'. This may have negative performance implications. Please set the heap size to the default value (10240) 
[1443823211.345243] [node060:1354 :0]         sys.c:719  MXM  WARN  Conflicting CPU frequencies detected, using: 2400.00
[1443823211.348693] [node060:1354 :0]         mxm.c:185  MXM  WARN  The 'ulimit -s' on the system is set to 'unlimited'. This may have negative performance implications. Please set the heap size to the default value (10240) 
[1443823211.348285] [node060:1360 :0]         sys.c:719  MXM  WARN  Conflicting CPU frequencies detected, using: 2400.00
[1443823211.351499] [node060:1360 :0]         mxm.c:185  MXM  WARN  The 'ulimit -s' on the system is set to 'unlimited'. This may have negative performance implications. Please set the heap size to the default value (10240) 
[1443823211.346956] [node059:29523:0]         sys.c:719  MXM  WARN  Conflicting CPU frequencies detected, using: 2400.00
[1443823211.351015] [node059:29523:0]         mxm.c:185  MXM  WARN  The 'ulimit -s' on the system is set to 'unlimited'. This may have negative performance implications. Please set the heap size to the default value (10240) 
[1443823211.349046] [node059:29562:0]         sys.c:719  MXM  WARN  Conflicting CPU frequencies detected, using: 2400.00
[1443823211.352174] [node059:29562:0]         mxm.c:185  MXM  WARN  The 'ulimit -s' on the system is set to 'unlimited'. This may have negative performance implications. Please set the heap size to the default value (10240) 
[1443823211.351294] [node060:1363 :0]         sys.c:719  MXM  WARN  Conflicting CPU frequencies detected, using: 2400.00
[1443823211.354379] [node060:1363 :0]         mxm.c:185  MXM  WARN  The 'ulimit -s' on the system is set to 'unlimited'. This may have negative performance implications. Please set the heap size to the default value (10240) 
[1443823211.350663] [node061:17510:0]         sys.c:719  MXM  WARN  Conflicting CPU frequencies detected, using: 2400.00
[1443823211.353958] [node061:17510:0]         mxm.c:185  MXM  WARN  The 'ulimit -s' on the system is set to 'unlimited'. This may have negative performance implications. Please set the heap size to the default value (10240) 
[1443823211.356030] [node060:1391 :0]         sys.c:719  MXM  WARN  Conflicting CPU frequencies detected, using: 2400.00
[1443823211.358990] [node060:1391 :0]         mxm.c:185  MXM  WARN  The 'ulimit -s' on the system is set to 'unlimited'. This may have negative performance implications. Please set the heap size to the default value (10240) 
[1443823211.354456] [node060:1361 :0]         sys.c:719  MXM  WARN  Conflicting CPU frequencies detected, using: 2400.00
[1443823211.358109] [node060:1361 :0]         mxm.c:185  MXM  WARN  The 'ulimit -s' on the system is set to 'unlimited'. This may have negative performance implications. Please set the heap size to the default value (10240) 
[1443823211.346933] [node061:17504:0]         sys.c:719  MXM  WARN  Conflicting CPU frequencies detected, using: 2400.00
[1443823211.350471] [node061:17504:0]         mxm.c:185  MXM  WARN  The 'ulimit -s' on the system is set to 'unlimited'. This may have negative performance implications. Please set the heap size to the default value (10240) 
[1443823211.356442] [node060:1423 :0]         sys.c:719  MXM  WARN  Conflicting CPU frequencies detected, using: 2400.00
[1443823211.359843] [node060:1423 :0]         mxm.c:185  MXM  WARN  The 'ulimit -s' on the system is set to 'unlimited'. This may have negative performance implications. Please set the heap size to the default value (10240) 
[1443823211.353813] [node061:17511:0]         sys.c:719  MXM  WARN  Conflicting CPU frequencies detected, using: 2400.00
[1443823211.356970] [node061:17511:0]         mxm.c:185  MXM  WARN  The 'ulimit -s' on the system is set to 'unlimited'. This may have negative performance implications. Please set the heap size to the default value (10240) 
[1443823211.355931] [node059:29522:0]         sys.c:719  MXM  WARN  Conflicting CPU frequencies detected, using: 2399.91
[1443823211.359049] [node059:29522:0]         mxm.c:185  MXM  WARN  The 'ulimit -s' on the system is set to 'unlimited'. This may have negative performance implications. Please set the heap size to the default value (10240) 
[1443823211.352058] [node061:17508:0]         sys.c:719  MXM  WARN  Conflicting CPU frequencies detected, using: 2400.00
[1443823211.355296] [node061:17508:0]         mxm.c:185  MXM  WARN  The 'ulimit -s' on the system is set to 'unlimited'. This may have negative performance implications. Please set the heap size to the default value (10240) 
[1443823211.355983] [node059:29520:0]         sys.c:719  MXM  WARN  Conflicting CPU frequencies detected, using: 2399.91
[1443823211.359592] [node059:29520:0]         mxm.c:185  MXM  WARN  The 'ulimit -s' on the system is set to 'unlimited'. This may have negative performance implications. Please set the heap size to the default value (10240) 
[1443823211.357726] [node059:29514:0]         sys.c:719  MXM  WARN  Conflicting CPU frequencies detected, using: 2399.91
[1443823211.361380] [node059:29514:0]         mxm.c:185  MXM  WARN  The 'ulimit -s' on the system is set to 'unlimited'. This may have negative performance implications. Please set the heap size to the default value (10240) 
[1443823211.350924] [node062:11418:0]         sys.c:719  MXM  WARN  Conflicting CPU frequencies detected, using: 2400.00
[1443823211.361188] [node062:11418:0]         mxm.c:185  MXM  WARN  The 'ulimit -s' on the system is set to 'unlimited'. This may have negative performance implications. Please set the heap size to the default value (10240) 
[1443823211.352738] [node062:11426:0]         sys.c:719  MXM  WARN  Conflicting CPU frequencies detected, using: 2400.00
[1443823211.362711] [node062:11426:0]         mxm.c:185  MXM  WARN  The 'ulimit -s' on the system is set to 'unlimited'. This may have negative performance implications. Please set the heap size to the default value (10240) 
[1443823211.349438] [node062:11430:0]         sys.c:719  MXM  WARN  Conflicting CPU frequencies detected, using: 2400.00
[1443823211.356427] [node062:11430:0]         mxm.c:185  MXM  WARN  The 'ulimit -s' on the system is set to 'unlimited'. This may have negative performance implications. Please set the heap size to the default value (10240) 
[1443823211.357847] [node062:11525:0]         sys.c:719  MXM  WARN  Conflicting CPU frequencies detected, using: 2400.00
[1443823211.375243] [node062:11525:0]         mxm.c:185  MXM  WARN  The 'ulimit -s' on the system is set to 'unlimited'. This may have negative performance implications. Please set the heap size to the default value (10240) 
[1443823211.356333] [node062:11428:0]         sys.c:719  MXM  WARN  Conflicting CPU frequencies detected, using: 2400.00
[1443823211.376827] [node062:11428:0]         mxm.c:185  MXM  WARN  The 'ulimit -s' on the system is set to 'unlimited'. This may have negative performance implications. Please set the heap size to the default value (10240) 
[1443823211.351770] [node062:11431:0]         sys.c:719  MXM  WARN  Conflicting CPU frequencies detected, using: 2400.00
[1443823211.368386] [node062:11431:0]         mxm.c:185  MXM  WARN  The 'ulimit -s' on the system is set to 'unlimited'. This may have negative performance implications. Please set the heap size to the default value (10240) 
[1443823211.360367] [node062:11432:0]         sys.c:719  MXM  WARN  Conflicting CPU frequencies detected, using: 2400.00
[1443823211.383451] [node062:11432:0]         mxm.c:185  MXM  WARN  The 'ulimit -s' on the system is set to 'unlimited'. This may have negative performance implications. Please set the heap size to the default value (10240) 
UPCR: UPC thread   8 of 144 on node053 (pshm node  0 of 12, process   8 of 144, pid=23594)
UPCR: UPC thread   5 of 144 on node053 (pshm node  0 of 12, process   5 of 144, pid=23591)
UPCR: UPC thread   4 of 144 on node053 (pshm node  0 of 12, process   4 of 144, pid=23590)
UPCR: UPC thread   2 of 144 on node053 (pshm node  0 of 12, process   2 of 144, pid=23588)
UPCR: UPC thread   6 of 144 on node053 (pshm node  0 of 12, process   6 of 144, pid=23592)
UPCR: UPC thread   7 of 144 on node053 (pshm node  0 of 12, process   7 of 144, pid=23593)
UPCR: UPC thread   0 of 144 on node053 (pshm node  0 of 12, process   0 of 144, pid=23586)
UPCR: UPC thread  10 of 144 on node053 (pshm node  0 of 12, process  10 of 144, pid=23596)
UPCR: UPC thread   9 of 144 on node053 (pshm node  0 of 12, process   9 of 144, pid=23595)
UPCR: UPC thread   1 of 144 on node053 (pshm node  0 of 12, process   1 of 144, pid=23587)
UPCR: UPC thread   3 of 144 on node053 (pshm node  0 of 12, process   3 of 144, pid=23589)
UPCR: UPC thread  11 of 144 on node053 (pshm node  0 of 12, process  11 of 144, pid=23597)
UPCR: UPC thread  80 of 144 on node059 (pshm node  6 of 12, process  80 of 144, pid=29508)
UPCR: UPC thread 129 of 144 on node063 (pshm node 10 of 12, process 129 of 144, pid=18224)
UPCR: UPC thread  73 of 144 on node059 (pshm node  6 of 12, process  73 of 144, pid=29520)
UPCR: UPC thread 124 of 144 on node063 (pshm node 10 of 12, process 124 of 144, pid=18101)
UPCR: UPC thread  83 of 144 on node059 (pshm node  6 of 12, process  83 of 144, pid=29522)
UPCR: UPC thread  72 of 144 on node059 (pshm node  6 of 12, process  72 of 144, pid=29514)
UPCR: UPC thread  75 of 144 on node059 (pshm node  6 of 12, process  75 of 144, pid=29509)
UPCR: UPC thread  91 of 144 on node060 (pshm node  7 of 12, process  91 of 144, pid=1363)
UPCR: UPC thread  78 of 144 on node059 (pshm node  6 of 12, process  78 of 144, pid=29447)
UPCR: UPC thread  82 of 144 on node059 (pshm node  6 of 12, process  82 of 144, pid=29523)
UPCR: UPC thread  81 of 144 on node059 (pshm node  6 of 12, process  81 of 144, pid=29406)
UPCR: UPC thread 125 of 144 on node063 (pshm node 10 of 12, process 125 of 144, pid=18183)
UPCR: UPC thread  63 of 144 on node058 (pshm node  5 of 12, process  63 of 144, pid=31418)
UPCR: UPC thread  40 of 144 on node056 (pshm node  3 of 12, process  40 of 144, pid=23289)
UPCR: UPC thread  86 of 144 on node060 (pshm node  7 of 12, process  86 of 144, pid=1289)
UPCR: UPC thread  79 of 144 on node059 (pshm node  6 of 12, process  79 of 144, pid=29430)
UPCR: UPC thread  92 of 144 on node060 (pshm node  7 of 12, process  92 of 144, pid=1360)
UPCR: UPC thread  43 of 144 on node056 (pshm node  3 of 12, process  43 of 144, pid=23224)
UPCR: UPC thread  37 of 144 on node056 (pshm node  3 of 12, process  37 of 144, pid=23315)
UPCR: UPC thread  66 of 144 on node058 (pshm node  5 of 12, process  66 of 144, pid=31417)
UPCR: UPC thread  32 of 144 on node055 (pshm node  2 of 12, process  32 of 144, pid=19201)
UPCR: UPC thread  94 of 144 on node060 (pshm node  7 of 12, process  94 of 144, pid=1354)
UPCR: UPC thread  26 of 144 on node055 (pshm node  2 of 12, process  26 of 144, pid=19173)
UPCR: UPC thread  77 of 144 on node059 (pshm node  6 of 12, process  77 of 144, pid=29460)
UPCR: UPC thread  34 of 144 on node055 (pshm node  2 of 12, process  34 of 144, pid=19297)
UPCR: UPC thread 105 of 144 on node061 (pshm node  8 of 12, process 105 of 144, pid=17511)
UPCR: UPC thread  68 of 144 on node058 (pshm node  5 of 12, process  68 of 144, pid=31346)
UPCR: UPC thread  46 of 144 on node056 (pshm node  3 of 12, process  46 of 144, pid=23335)
UPCR: UPC thread  28 of 144 on node055 (pshm node  2 of 12, process  28 of 144, pid=19270)
UPCR: UPC thread 102 of 144 on node061 (pshm node  8 of 12, process 102 of 144, pid=17502)
UPCR: UPC thread  55 of 144 on node057 (pshm node  4 of 12, process  55 of 144, pid=1463)
UPCR: UPC thread 110 of 144 on node062 (pshm node  9 of 12, process 110 of 144, pid=11426)
UPCR: UPC thread  90 of 144 on node060 (pshm node  7 of 12, process  90 of 144, pid=1361)
UPCR: UPC thread 100 of 144 on node061 (pshm node  8 of 12, process 100 of 144, pid=17508)
UPCR: UPC thread  22 of 144 on node054 (pshm node  1 of 12, process  22 of 144, pid=18684)
UPCR: UPC thread  47 of 144 on node056 (pshm node  3 of 12, process  47 of 144, pid=23411)
UPCR: UPC thread 103 of 144 on node061 (pshm node  8 of 12, process 103 of 144, pid=17386)
UPCR: UPC thread  49 of 144 on node057 (pshm node  4 of 12, process  49 of 144, pid=1471)
UPCR: UPC thread  41 of 144 on node056 (pshm node  3 of 12, process  41 of 144, pid=23414)
UPCR: UPC thread  61 of 144 on node058 (pshm node  5 of 12, process  61 of 144, pid=31261)
UPCR: UPC thread  70 of 144 on node058 (pshm node  5 of 12, process  70 of 144, pid=31300)
UPCR: UPC thread  33 of 144 on node055 (pshm node  2 of 12, process  33 of 144, pid=19328)
UPCR: UPC thread  62 of 144 on node058 (pshm node  5 of 12, process  62 of 144, pid=31295)
UPCR: UPC thread 122 of 144 on node063 (pshm node 10 of 12, process 122 of 144, pid=18148)
UPCR: UPC thread 112 of 144 on node062 (pshm node  9 of 12, process 112 of 144, pid=11525)
UPCR: UPC thread  76 of 144 on node059 (pshm node  6 of 12, process  76 of 144, pid=29562)
UPCR: UPC thread  60 of 144 on node058 (pshm node  5 of 12, process  60 of 144, pid=31333)
UPCR: UPC thread 104 of 144 on node061 (pshm node  8 of 12, process 104 of 144, pid=17493)
UPCR: UPC thread  36 of 144 on node056 (pshm node  3 of 12, process  36 of 144, pid=23270)
UPCR: UPC thread  42 of 144 on node056 (pshm node  3 of 12, process  42 of 144, pid=23227)
UPCR: UPC thread  38 of 144 on node056 (pshm node  3 of 12, process  38 of 144, pid=23362)
UPCR: UPC thread  35 of 144 on node055 (pshm node  2 of 12, process  35 of 144, pid=19293)
UPCR: UPC thread  71 of 144 on node058 (pshm node  5 of 12, process  71 of 144, pid=31421)
UPCR: UPC thread  58 of 144 on node057 (pshm node  4 of 12, process  58 of 144, pid=1372)
UPCR: UPC thread  59 of 144 on node057 (pshm node  4 of 12, process  59 of 144, pid=1470)
UPCR: UPC thread  64 of 144 on node058 (pshm node  5 of 12, process  64 of 144, pid=31401)
UPCR: UPC thread 107 of 144 on node061 (pshm node  8 of 12, process 107 of 144, pid=17503)
UPCR: UPC thread  85 of 144 on node060 (pshm node  7 of 12, process  85 of 144, pid=1258)
UPCR: UPC thread 127 of 144 on node063 (pshm node 10 of 12, process 127 of 144, pid=18284)
UPCR: UPC thread  99 of 144 on node061 (pshm node  8 of 12, process  99 of 144, pid=17473)
UPCR: UPC thread  51 of 144 on node057 (pshm node  4 of 12, process  51 of 144, pid=1402)
UPCR: UPC thread  54 of 144 on node057 (pshm node  4 of 12, process  54 of 144, pid=1441)
UPCR: UPC thread  67 of 144 on node058 (pshm node  5 of 12, process  67 of 144, pid=31446)
UPCR: UPC thread  50 of 144 on node057 (pshm node  4 of 12, process  50 of 144, pid=1527)
UPCR: UPC thread 108 of 144 on node062 (pshm node  9 of 12, process 108 of 144, pid=11344)
UPCR: UPC thread 114 of 144 on node062 (pshm node  9 of 12, process 114 of 144, pid=11418)
UPCR: UPC thread  20 of 144 on node054 (pshm node  1 of 12, process  20 of 144, pid=18906)
UPCR: UPC thread  13 of 144 on node054 (pshm node  1 of 12, process  13 of 144, pid=18690)
UPCR: UPC thread  53 of 144 on node057 (pshm node  4 of 12, process  53 of 144, pid=1428)
UPCR: UPC thread 123 of 144 on node063 (pshm node 10 of 12, process 123 of 144, pid=18176)
UPCR: UPC thread 133 of 144 on node064 (pshm node 11 of 12, process 133 of 144, pid=23621)
UPCR: UPC thread  24 of 144 on node055 (pshm node  2 of 12, process  24 of 144, pid=19126)
UPCR: UPC thread  44 of 144 on node056 (pshm node  3 of 12, process  44 of 144, pid=23396)
UPCR: UPC thread 131 of 144 on node063 (pshm node 10 of 12, process 131 of 144, pid=18124)
UPCR: UPC thread  29 of 144 on node055 (pshm node  2 of 12, process  29 of 144, pid=19101)
UPCR: UPC thread  31 of 144 on node055 (pshm node  2 of 12, process  31 of 144, pid=19197)
UPCR: UPC thread  57 of 144 on node057 (pshm node  4 of 12, process  57 of 144, pid=1355)
UPCR: UPC thread 117 of 144 on node062 (pshm node  9 of 12, process 117 of 144, pid=11354)
UPCR: UPC thread  14 of 144 on node054 (pshm node  1 of 12, process  14 of 144, pid=18781)
UPCR: UPC thread  84 of 144 on node060 (pshm node  7 of 12, process  84 of 144, pid=1391)
UPCR: UPC thread 130 of 144 on node063 (pshm node 10 of 12, process 130 of 144, pid=18282)
UPCR: UPC thread 143 of 144 on node064 (pshm node 11 of 12, process 143 of 144, pid=23575)
UPCR: UPC thread 140 of 144 on node064 (pshm node 11 of 12, process 140 of 144, pid=23734)
UPCR: UPC thread  21 of 144 on node054 (pshm node  1 of 12, process  21 of 144, pid=18869)
UPCR: UPC thread  96 of 144 on node061 (pshm node  8 of 12, process  96 of 144, pid=17379)
UPCR: UPC thread 121 of 144 on node063 (pshm node 10 of 12, process 121 of 144, pid=18283)
UPCR: UPC thread 101 of 144 on node061 (pshm node  8 of 12, process 101 of 144, pid=17427)
UPCR: UPC thread  56 of 144 on node057 (pshm node  4 of 12, process  56 of 144, pid=1543)
UPCR: UPC thread 139 of 144 on node064 (pshm node 11 of 12, process 139 of 144, pid=23623)
UPCR: UPC thread  45 of 144 on node056 (pshm node  3 of 12, process  45 of 144, pid=23359)
UPCR: UPC thread  39 of 144 on node056 (pshm node  3 of 12, process  39 of 144, pid=23415)
UPCR: UPC thread 128 of 144 on node063 (pshm node 10 of 12, process 128 of 144, pid=18242)
UPCR: UPC thread  19 of 144 on node054 (pshm node  1 of 12, process  19 of 144, pid=18949)
UPCR: UPC thread  25 of 144 on node055 (pshm node  2 of 12, process  25 of 144, pid=19078)
UPCR: UPC thread  23 of 144 on node054 (pshm node  1 of 12, process  23 of 144, pid=18900)
UPCR: UPC thread  27 of 144 on node055 (pshm node  2 of 12, process  27 of 144, pid=19235)
UPCR: UPC thread 106 of 144 on node061 (pshm node  8 of 12, process 106 of 144, pid=17451)
UPCR: UPC thread  17 of 144 on node054 (pshm node  1 of 12, process  17 of 144, pid=18782)
UPCR: UPC thread 135 of 144 on node064 (pshm node 11 of 12, process 135 of 144, pid=23520)
UPCR: UPC thread 115 of 144 on node062 (pshm node  9 of 12, process 115 of 144, pid=11430)
UPCR: UPC thread 134 of 144 on node064 (pshm node 11 of 12, process 134 of 144, pid=23721)
UPCR: UPC thread  52 of 144 on node057 (pshm node  4 of 12, process  52 of 144, pid=1528)
UPCR: UPC thread 138 of 144 on node064 (pshm node 11 of 12, process 138 of 144, pid=23719)
UPCR: UPC thread  65 of 144 on node058 (pshm node  5 of 12, process  65 of 144, pid=31331)
UPCR: UPC thread 141 of 144 on node064 (pshm node 11 of 12, process 141 of 144, pid=23574)
UPCR: UPC thread  30 of 144 on node055 (pshm node  2 of 12, process  30 of 144, pid=19143)
UPCR: UPC thread 142 of 144 on node064 (pshm node 11 of 12, process 142 of 144, pid=23567)
UPCR: UPC thread  95 of 144 on node060 (pshm node  7 of 12, process  95 of 144, pid=1286)
UPCR: UPC thread 111 of 144 on node062 (pshm node  9 of 12, process 111 of 144, pid=11431)
UPCR: UPC thread  15 of 144 on node054 (pshm node  1 of 12, process  15 of 144, pid=18738)
UPCR: UPC thread  69 of 144 on node058 (pshm node  5 of 12, process  69 of 144, pid=31265)
UPCR: UPC thread  74 of 144 on node059 (pshm node  6 of 12, process  74 of 144, pid=29459)
UPCR: UPC thread  87 of 144 on node060 (pshm node  7 of 12, process  87 of 144, pid=1295)
UPCR: UPC thread  88 of 144 on node060 (pshm node  7 of 12, process  88 of 144, pid=1287)
UPCR: UPC thread  93 of 144 on node060 (pshm node  7 of 12, process  93 of 144, pid=1423)
UPCR: UPC thread 119 of 144 on node062 (pshm node  9 of 12, process 119 of 144, pid=11327)
UPCR: UPC thread 137 of 144 on node064 (pshm node 11 of 12, process 137 of 144, pid=23622)
UPCR: UPC thread  97 of 144 on node061 (pshm node  8 of 12, process  97 of 144, pid=17510)
UPCR: UPC thread  98 of 144 on node061 (pshm node  8 of 12, process  98 of 144, pid=17504)
UPCR: UPC thread 136 of 144 on node064 (pshm node 11 of 12, process 136 of 144, pid=23676)
UPCR: UPC thread  16 of 144 on node054 (pshm node  1 of 12, process  16 of 144, pid=18845)
UPCR: UPC thread  48 of 144 on node057 (pshm node  4 of 12, process  48 of 144, pid=1540)
UPCR: UPC thread 116 of 144 on node062 (pshm node  9 of 12, process 116 of 144, pid=11352)
UPCR: UPC thread 126 of 144 on node063 (pshm node 10 of 12, process 126 of 144, pid=18172)
UPCR: UPC thread 120 of 144 on node063 (pshm node 10 of 12, process 120 of 144, pid=18285)
UPCR: UPC thread  18 of 144 on node054 (pshm node  1 of 12, process  18 of 144, pid=18828)
UPCR: UPC thread  12 of 144 on node054 (pshm node  1 of 12, process  12 of 144, pid=18718)
UPCR: UPC thread 113 of 144 on node062 (pshm node  9 of 12, process 113 of 144, pid=11432)
UPCR: UPC thread  89 of 144 on node060 (pshm node  7 of 12, process  89 of 144, pid=1231)
UPCR: UPC thread 118 of 144 on node062 (pshm node  9 of 12, process 118 of 144, pid=11353)
UPCR: UPC thread 109 of 144 on node062 (pshm node  9 of 12, process 109 of 144, pid=11428)
UPCR: UPC thread 132 of 144 on node064 (pshm node 11 of 12, process 132 of 144, pid=23544)
Initializing models/at.5.8-rgs.bdd!
Vector size: 14
Bits per integer: 8
Number of BDD variables: 112
Loading initial states: 
Initial states loaded... 
Loading transition relations... 
14 integers per state, 8 bits per integer, 26 transition groups
BDD nodes:
Initial states: 112 BDD nodes
Transition 0: 288 BDD nodes
Transition 1: 205 BDD nodes
Transition 2: 94 BDD nodes
Transition 3: 181 BDD nodes
Transition 4: 32 BDD nodes
Transition 5: 32 BDD nodes
Transition 6: 203 BDD nodes
Transition 7: 94 BDD nodes
Transition 8: 178 BDD nodes
Transition 9: 32 BDD nodes
Transition 10: 32 BDD nodes
Transition 11: 213 BDD nodes
Transition 12: 213 BDD nodes
Transition 13: 274 BDD nodes
Transition 14: 81 BDD nodes
Transition 15: 32 BDD nodes
Transition 16: 81 BDD nodes
Transition 17: 32 BDD nodes
Transition 18: 81 BDD nodes
Transition 19: 32 BDD nodes
Transition 20: 159 BDD nodes
Transition 21: 32 BDD nodes
Transition 22: 146 BDD nodes
Transition 23: 135 BDD nodes
Transition 24: 32 BDD nodes
Transition 25: 32 BDD nodes
Level 1... done. 
Level 2... done. 
Level 3... done. 
Level 4... done. 
Level 5... done. 
Level 6... done. 
Level 7... done. 
Level 8... done. 
Level 9... done. 
Level 10... done. 
Level 11... done. 
Level 12... done. 
Level 13... done. 
Level 14... done. 
Level 15... done. 
Level 16... done. 
Level 17... done. 
Level 18... done. 
Level 19... done. 
Level 20... done. 
Level 21... done. 
Level 22... done. 
Level 23... done. 
Level 24... done. 
Level 25... done. 
Level 26... done. 
Level 27... done. 
Level 28... done. 
Level 29... done. 
Level 30... done. 
Level 31... done. 
Level 32... done. 
Level 33... done. 
Level 34... done. 
Level 35... done. 
Level 36... done. 
Level 37... done. 
Level 38... done. 
Level 39... done. 
Level 40... done. 
Level 41... done. 
Level 42... done. 
Level 43... done. 
Level 44... done. 
Level 45... done. 
Level 46... done. 
Level 47... done. 
Level 48... done. 
Level 49... done. 
Level 50... done. 
Level 51... done. 
PAR Time: 13.241775
Final states: 31999440 states
Final states: 159207 BDD nodes
[1443823210.170483] [node053:23541:0]         sys.c:719  MXM  WARN  Conflicting CPU frequencies detected, using: 1881.38
