[1444097780.309884] [node001:17627:0]         sys.c:719  MXM  WARN  Conflicting CPU frequencies detected, using: 1337.25
[1444097780.324679] [node001:17627:0]         mxm.c:185  MXM  WARN  The 'ulimit -s' on the system is set to 'unlimited'. This may have negative performance implications. Please set the heap size to the default value (10240) 
[1444097780.675588] [node008:24183:0]         sys.c:719  MXM  WARN  Conflicting CPU frequencies detected, using: 2827.31
[1444097780.681983] [node008:24183:0]         mxm.c:185  MXM  WARN  The 'ulimit -s' on the system is set to 'unlimited'. This may have negative performance implications. Please set the heap size to the default value (10240) 
[1444097780.696855] [node030:20446:0]         sys.c:719  MXM  WARN  Conflicting CPU frequencies detected, using: 2627.44
[1444097780.703438] [node030:20446:0]         mxm.c:185  MXM  WARN  The 'ulimit -s' on the system is set to 'unlimited'. This may have negative performance implications. Please set the heap size to the default value (10240) 
[1444097780.782034] [node064:8193 :0]         sys.c:719  MXM  WARN  Conflicting CPU frequencies detected, using: 1400.81
[1444097780.788272] [node064:8193 :0]         mxm.c:185  MXM  WARN  The 'ulimit -s' on the system is set to 'unlimited'. This may have negative performance implications. Please set the heap size to the default value (10240) 
[1444097780.774037] [node007:13789:0]         sys.c:719  MXM  WARN  Conflicting CPU frequencies detected, using: 2429.16
[1444097780.778369] [node007:13789:0]         mxm.c:185  MXM  WARN  The 'ulimit -s' on the system is set to 'unlimited'. This may have negative performance implications. Please set the heap size to the default value (10240) 
[1444097780.793156] [node014:15896:0]         sys.c:719  MXM  WARN  Conflicting CPU frequencies detected, using: 3199.97
[1444097780.797446] [node014:15896:0]         mxm.c:185  MXM  WARN  The 'ulimit -s' on the system is set to 'unlimited'. This may have negative performance implications. Please set the heap size to the default value (10240) 
[1444097780.794056] [node024:7056 :0]         sys.c:719  MXM  WARN  Conflicting CPU frequencies detected, using: 3169.50
[1444097780.798319] [node024:7056 :0]         mxm.c:185  MXM  WARN  The 'ulimit -s' on the system is set to 'unlimited'. This may have negative performance implications. Please set the heap size to the default value (10240) 
[1444097780.788172] [node029:32402:0]         sys.c:719  MXM  WARN  Conflicting CPU frequencies detected, using: 2531.62
[1444097780.792528] [node029:32402:0]         mxm.c:185  MXM  WARN  The 'ulimit -s' on the system is set to 'unlimited'. This may have negative performance implications. Please set the heap size to the default value (10240) 
[1444097780.809232] [node010:8694 :0]         sys.c:719  MXM  WARN  Conflicting CPU frequencies detected, using: 2984.72
[1444097780.813604] [node010:8694 :0]         mxm.c:185  MXM  WARN  The 'ulimit -s' on the system is set to 'unlimited'. This may have negative performance implications. Please set the heap size to the default value (10240) 
[1444097780.810768] [node021:8554 :0]         sys.c:719  MXM  WARN  Conflicting CPU frequencies detected, using: 2889.56
[1444097780.814954] [node021:8554 :0]         mxm.c:185  MXM  WARN  The 'ulimit -s' on the system is set to 'unlimited'. This may have negative performance implications. Please set the heap size to the default value (10240) 
[1444097780.803710] [node020:3324 :0]         sys.c:719  MXM  WARN  Conflicting CPU frequencies detected, using: 2565.66
[1444097780.810354] [node020:3324 :0]         mxm.c:185  MXM  WARN  The 'ulimit -s' on the system is set to 'unlimited'. This may have negative performance implications. Please set the heap size to the default value (10240) 
[1444097780.812589] [node005:26561:0]         sys.c:719  MXM  WARN  Conflicting CPU frequencies detected, using: 2738.44
[1444097780.816908] [node005:26561:0]         mxm.c:185  MXM  WARN  The 'ulimit -s' on the system is set to 'unlimited'. This may have negative performance implications. Please set the heap size to the default value (10240) 
[1444097780.805038] [node034:22257:0]         sys.c:719  MXM  WARN  Conflicting CPU frequencies detected, using: 2728.78
[1444097780.811486] [node034:22257:0]         mxm.c:185  MXM  WARN  The 'ulimit -s' on the system is set to 'unlimited'. This may have negative performance implications. Please set the heap size to the default value (10240) 
[1444097780.826274] [node003:9243 :0]         sys.c:719  MXM  WARN  Conflicting CPU frequencies detected, using: 2948.53
[1444097780.830421] [node003:9243 :0]         mxm.c:185  MXM  WARN  The 'ulimit -s' on the system is set to 'unlimited'. This may have negative performance implications. Please set the heap size to the default value (10240) 
[1444097780.832484] [node004:321  :0]         sys.c:719  MXM  WARN  Conflicting CPU frequencies detected, using: 2591.34
[1444097780.836806] [node004:321  :0]         mxm.c:185  MXM  WARN  The 'ulimit -s' on the system is set to 'unlimited'. This may have negative performance implications. Please set the heap size to the default value (10240) 
[1444097780.834763] [node035:25847:0]         sys.c:719  MXM  WARN  Conflicting CPU frequencies detected, using: 2644.88
[1444097780.839121] [node035:25847:0]         mxm.c:185  MXM  WARN  The 'ulimit -s' on the system is set to 'unlimited'. This may have negative performance implications. Please set the heap size to the default value (10240) 
[1444097780.829623] [node049:5024 :0]         sys.c:719  MXM  WARN  Conflicting CPU frequencies detected, using: 1943.34
[1444097780.834078] [node049:5024 :0]         mxm.c:185  MXM  WARN  The 'ulimit -s' on the system is set to 'unlimited'. This may have negative performance implications. Please set the heap size to the default value (10240) 
[1444097780.871438] [node058:24134:0]         sys.c:719  MXM  WARN  Conflicting CPU frequencies detected, using: 1399.50
[1444097780.875789] [node058:24134:0]         mxm.c:185  MXM  WARN  The 'ulimit -s' on the system is set to 'unlimited'. This may have negative performance implications. Please set the heap size to the default value (10240) 
[1444097780.829728] [node006:18062:0]         sys.c:719  MXM  WARN  Conflicting CPU frequencies detected, using: 1678.69
[1444097780.833936] [node006:18062:0]         mxm.c:185  MXM  WARN  The 'ulimit -s' on the system is set to 'unlimited'. This may have negative performance implications. Please set the heap size to the default value (10240) 
[1444097780.844749] [node017:9953 :0]         sys.c:719  MXM  WARN  Conflicting CPU frequencies detected, using: 2904.66
[1444097780.851531] [node017:9953 :0]         mxm.c:185  MXM  WARN  The 'ulimit -s' on the system is set to 'unlimited'. This may have negative performance implications. Please set the heap size to the default value (10240) 
[1444097780.862688] [node025:30050:0]         sys.c:719  MXM  WARN  Conflicting CPU frequencies detected, using: 2363.91
[1444097780.867275] [node025:30050:0]         mxm.c:185  MXM  WARN  The 'ulimit -s' on the system is set to 'unlimited'. This may have negative performance implications. Please set the heap size to the default value (10240) 
[1444097780.868834] [node027:10692:0]         sys.c:719  MXM  WARN  Conflicting CPU frequencies detected, using: 2400.00
[1444097780.873034] [node027:10692:0]         mxm.c:185  MXM  WARN  The 'ulimit -s' on the system is set to 'unlimited'. This may have negative performance implications. Please set the heap size to the default value (10240) 
[1444097780.895790] [node057:29625:0]         sys.c:719  MXM  WARN  Conflicting CPU frequencies detected, using: 1299.94
[1444097780.900146] [node057:29625:0]         mxm.c:185  MXM  WARN  The 'ulimit -s' on the system is set to 'unlimited'. This may have negative performance implications. Please set the heap size to the default value (10240) 
[1444097780.864903] [node023:9107 :0]         sys.c:719  MXM  WARN  Conflicting CPU frequencies detected, using: 2636.53
[1444097780.871663] [node023:9107 :0]         mxm.c:185  MXM  WARN  The 'ulimit -s' on the system is set to 'unlimited'. This may have negative performance implications. Please set the heap size to the default value (10240) 
[1444097780.868084] [node012:5550 :0]         sys.c:719  MXM  WARN  Conflicting CPU frequencies detected, using: 2688.09
[1444097780.874424] [node012:5550 :0]         mxm.c:185  MXM  WARN  The 'ulimit -s' on the system is set to 'unlimited'. This may have negative performance implications. Please set the heap size to the default value (10240) 
[1444097780.863927] [node041:20312:0]         sys.c:719  MXM  WARN  Conflicting CPU frequencies detected, using: 2821.41
[1444097780.870414] [node041:20312:0]         mxm.c:185  MXM  WARN  The 'ulimit -s' on the system is set to 'unlimited'. This may have negative performance implications. Please set the heap size to the default value (10240) 
[1444097780.886010] [node033:28260:0]         sys.c:719  MXM  WARN  Conflicting CPU frequencies detected, using: 2662.88
[1444097780.892201] [node033:28260:0]         mxm.c:185  MXM  WARN  The 'ulimit -s' on the system is set to 'unlimited'. This may have negative performance implications. Please set the heap size to the default value (10240) 
[1444097780.865651] [node015:21342:0]         sys.c:719  MXM  WARN  Conflicting CPU frequencies detected, using: 2031.38
[1444097780.872247] [node015:21342:0]         mxm.c:185  MXM  WARN  The 'ulimit -s' on the system is set to 'unlimited'. This may have negative performance implications. Please set the heap size to the default value (10240) 
[1444097780.876283] [node043:20120:0]         sys.c:719  MXM  WARN  Conflicting CPU frequencies detected, using: 3189.75
[1444097780.882383] [node043:20120:0]         mxm.c:185  MXM  WARN  The 'ulimit -s' on the system is set to 'unlimited'. This may have negative performance implications. Please set the heap size to the default value (10240) 
[1444097780.881551] [node016:26293:0]         sys.c:719  MXM  WARN  Conflicting CPU frequencies detected, using: 3132.84
[1444097780.886120] [node016:26293:0]         mxm.c:185  MXM  WARN  The 'ulimit -s' on the system is set to 'unlimited'. This may have negative performance implications. Please set the heap size to the default value (10240) 
[1444097780.882343] [node056:23480:0]         sys.c:719  MXM  WARN  Conflicting CPU frequencies detected, using: 2951.06
[1444097780.888463] [node056:23480:0]         mxm.c:185  MXM  WARN  The 'ulimit -s' on the system is set to 'unlimited'. This may have negative performance implications. Please set the heap size to the default value (10240) 
[1444097780.882796] [node002:18375:0]         sys.c:719  MXM  WARN  Conflicting CPU frequencies detected, using: 2780.72
[1444097780.887147] [node002:18375:0]         mxm.c:185  MXM  WARN  The 'ulimit -s' on the system is set to 'unlimited'. This may have negative performance implications. Please set the heap size to the default value (10240) 
[1444097780.876420] [node032:27188:0]         sys.c:719  MXM  WARN  Conflicting CPU frequencies detected, using: 2605.97
[1444097780.882668] [node032:27188:0]         mxm.c:185  MXM  WARN  The 'ulimit -s' on the system is set to 'unlimited'. This may have negative performance implications. Please set the heap size to the default value (10240) 
[1444097780.885992] [node018:26274:0]         sys.c:719  MXM  WARN  Conflicting CPU frequencies detected, using: 3176.06
[1444097780.892492] [node018:26274:0]         mxm.c:185  MXM  WARN  The 'ulimit -s' on the system is set to 'unlimited'. This may have negative performance implications. Please set the heap size to the default value (10240) 
[1444097780.878629] [node044:19919:0]         sys.c:719  MXM  WARN  Conflicting CPU frequencies detected, using: 2830.03
[1444097780.885171] [node044:19919:0]         mxm.c:185  MXM  WARN  The 'ulimit -s' on the system is set to 'unlimited'. This may have negative performance implications. Please set the heap size to the default value (10240) 
[1444097780.885168] [node013:17895:0]         sys.c:719  MXM  WARN  Conflicting CPU frequencies detected, using: 3081.38
[1444097780.891426] [node013:17895:0]         mxm.c:185  MXM  WARN  The 'ulimit -s' on the system is set to 'unlimited'. This may have negative performance implications. Please set the heap size to the default value (10240) 
[1444097780.902523] [node019:8626 :0]         sys.c:719  MXM  WARN  Conflicting CPU frequencies detected, using: 2839.03
[1444097780.906740] [node019:8626 :0]         mxm.c:185  MXM  WARN  The 'ulimit -s' on the system is set to 'unlimited'. This may have negative performance implications. Please set the heap size to the default value (10240) 
[1444097780.887988] [node039:23317:0]         sys.c:719  MXM  WARN  Conflicting CPU frequencies detected, using: 2785.59
[1444097780.894154] [node039:23317:0]         mxm.c:185  MXM  WARN  The 'ulimit -s' on the system is set to 'unlimited'. This may have negative performance implications. Please set the heap size to the default value (10240) 
[1444097780.904196] [node053:26085:0]         sys.c:719  MXM  WARN  Conflicting CPU frequencies detected, using: 2998.03
[1444097780.908619] [node053:26085:0]         mxm.c:185  MXM  WARN  The 'ulimit -s' on the system is set to 'unlimited'. This may have negative performance implications. Please set the heap size to the default value (10240) 
[1444097780.893685] [node031:28502:0]         sys.c:719  MXM  WARN  Conflicting CPU frequencies detected, using: 2727.09
[1444097780.900274] [node031:28502:0]         mxm.c:185  MXM  WARN  The 'ulimit -s' on the system is set to 'unlimited'. This may have negative performance implications. Please set the heap size to the default value (10240) 
[1444097780.905747] [node051:32674:0]         sys.c:719  MXM  WARN  Conflicting CPU frequencies detected, using: 2769.09
[1444097780.910020] [node051:32674:0]         mxm.c:185  MXM  WARN  The 'ulimit -s' on the system is set to 'unlimited'. This may have negative performance implications. Please set the heap size to the default value (10240) 
[1444097780.907027] [node037:26276:0]         sys.c:719  MXM  WARN  Conflicting CPU frequencies detected, using: 3001.88
[1444097780.911404] [node037:26276:0]         mxm.c:185  MXM  WARN  The 'ulimit -s' on the system is set to 'unlimited'. This may have negative performance implications. Please set the heap size to the default value (10240) 
[1444097780.896554] [node011:28617:0]         sys.c:719  MXM  WARN  Conflicting CPU frequencies detected, using: 2421.28
[1444097780.903125] [node011:28617:0]         mxm.c:185  MXM  WARN  The 'ulimit -s' on the system is set to 'unlimited'. This may have negative performance implications. Please set the heap size to the default value (10240) 
[1444097780.893922] [node059:22188:0]         sys.c:719  MXM  WARN  Conflicting CPU frequencies detected, using: 1396.12
[1444097780.898154] [node059:22188:0]         mxm.c:185  MXM  WARN  The 'ulimit -s' on the system is set to 'unlimited'. This may have negative performance implications. Please set the heap size to the default value (10240) 
[1444097780.901034] [node009:20402:0]         sys.c:719  MXM  WARN  Conflicting CPU frequencies detected, using: 2602.31
[1444097780.907210] [node009:20402:0]         mxm.c:185  MXM  WARN  The 'ulimit -s' on the system is set to 'unlimited'. This may have negative performance implications. Please set the heap size to the default value (10240) 
[1444097780.905485] [node038:18551:0]         sys.c:719  MXM  WARN  Conflicting CPU frequencies detected, using: 2711.34
[1444097780.912025] [node038:18551:0]         mxm.c:185  MXM  WARN  The 'ulimit -s' on the system is set to 'unlimited'. This may have negative performance implications. Please set the heap size to the default value (10240) 
[1444097780.892652] [node061:2877 :0]         sys.c:719  MXM  WARN  Conflicting CPU frequencies detected, using: 1380.75
[1444097780.896988] [node061:2877 :0]         mxm.c:185  MXM  WARN  The 'ulimit -s' on the system is set to 'unlimited'. This may have negative performance implications. Please set the heap size to the default value (10240) 
[1444097780.916854] [node022:4774 :0]         sys.c:719  MXM  WARN  Conflicting CPU frequencies detected, using: 2985.19
[1444097780.923145] [node022:4774 :0]         mxm.c:185  MXM  WARN  The 'ulimit -s' on the system is set to 'unlimited'. This may have negative performance implications. Please set the heap size to the default value (10240) 
[1444097780.920709] [node036:24326:0]         sys.c:719  MXM  WARN  Conflicting CPU frequencies detected, using: 3199.97
[1444097780.925139] [node036:24326:0]         mxm.c:185  MXM  WARN  The 'ulimit -s' on the system is set to 'unlimited'. This may have negative performance implications. Please set the heap size to the default value (10240) 
[1444097780.923845] [node045:18184:0]         sys.c:719  MXM  WARN  Conflicting CPU frequencies detected, using: 2666.81
[1444097780.930007] [node045:18184:0]         mxm.c:185  MXM  WARN  The 'ulimit -s' on the system is set to 'unlimited'. This may have negative performance implications. Please set the heap size to the default value (10240) 
[1444097780.930918] [node028:1232 :0]         sys.c:719  MXM  WARN  Conflicting CPU frequencies detected, using: 2789.62
[1444097780.935382] [node028:1232 :0]         mxm.c:185  MXM  WARN  The 'ulimit -s' on the system is set to 'unlimited'. This may have negative performance implications. Please set the heap size to the default value (10240) 
[1444097780.930546] [node047:9779 :0]         sys.c:719  MXM  WARN  Conflicting CPU frequencies detected, using: 2798.72
[1444097780.934787] [node047:9779 :0]         mxm.c:185  MXM  WARN  The 'ulimit -s' on the system is set to 'unlimited'. This may have negative performance implications. Please set the heap size to the default value (10240) 
[1444097780.932688] [node050:2199 :0]         sys.c:719  MXM  WARN  Conflicting CPU frequencies detected, using: 2956.31
[1444097780.936838] [node050:2199 :0]         mxm.c:185  MXM  WARN  The 'ulimit -s' on the system is set to 'unlimited'. This may have negative performance implications. Please set the heap size to the default value (10240) 
[1444097780.937662] [node046:11565:0]         sys.c:719  MXM  WARN  Conflicting CPU frequencies detected, using: 3130.88
[1444097780.942019] [node046:11565:0]         mxm.c:185  MXM  WARN  The 'ulimit -s' on the system is set to 'unlimited'. This may have negative performance implications. Please set the heap size to the default value (10240) 
[1444097780.933397] [node052:24618:0]         sys.c:719  MXM  WARN  Conflicting CPU frequencies detected, using: 2599.97
[1444097780.937647] [node052:24618:0]         mxm.c:185  MXM  WARN  The 'ulimit -s' on the system is set to 'unlimited'. This may have negative performance implications. Please set the heap size to the default value (10240) 
[1444097780.942976] [node048:6549 :0]         sys.c:719  MXM  WARN  Conflicting CPU frequencies detected, using: 2991.19
[1444097780.946410] [node048:6549 :0]         mxm.c:185  MXM  WARN  The 'ulimit -s' on the system is set to 'unlimited'. This may have negative performance implications. Please set the heap size to the default value (10240) 
[1444097780.948456] [node026:16797:0]         sys.c:719  MXM  WARN  Conflicting CPU frequencies detected, using: 2789.44
[1444097780.952807] [node026:16797:0]         mxm.c:185  MXM  WARN  The 'ulimit -s' on the system is set to 'unlimited'. This may have negative performance implications. Please set the heap size to the default value (10240) 
[1444097780.925452] [node054:23417:0]         sys.c:719  MXM  WARN  Conflicting CPU frequencies detected, using: 1589.72
[1444097780.932159] [node054:23417:0]         mxm.c:185  MXM  WARN  The 'ulimit -s' on the system is set to 'unlimited'. This may have negative performance implications. Please set the heap size to the default value (10240) 
[1444097780.938507] [node042:18082:0]         sys.c:719  MXM  WARN  Conflicting CPU frequencies detected, using: 2404.22
[1444097780.944795] [node042:18082:0]         mxm.c:185  MXM  WARN  The 'ulimit -s' on the system is set to 'unlimited'. This may have negative performance implications. Please set the heap size to the default value (10240) 
[1444097780.956409] [node055:24015:0]         sys.c:719  MXM  WARN  Conflicting CPU frequencies detected, using: 3182.34
[1444097780.962377] [node055:24015:0]         mxm.c:185  MXM  WARN  The 'ulimit -s' on the system is set to 'unlimited'. This may have negative performance implications. Please set the heap size to the default value (10240) 
[1444097780.946461] [node040:25897:0]         sys.c:719  MXM  WARN  Conflicting CPU frequencies detected, using: 2400.00
[1444097780.952958] [node040:25897:0]         mxm.c:185  MXM  WARN  The 'ulimit -s' on the system is set to 'unlimited'. This may have negative performance implications. Please set the heap size to the default value (10240) 
[1444097781.931989] [node062:30306:0]         sys.c:719  MXM  WARN  Conflicting CPU frequencies detected, using: 1494.28
[1444097781.938553] [node062:30306:0]         mxm.c:185  MXM  WARN  The 'ulimit -s' on the system is set to 'unlimited'. This may have negative performance implications. Please set the heap size to the default value (10240) 
[1444097781.956247] [node060:27499:0]         sys.c:719  MXM  WARN  Conflicting CPU frequencies detected, using: 1371.47
[1444097781.960821] [node060:27499:0]         mxm.c:185  MXM  WARN  The 'ulimit -s' on the system is set to 'unlimited'. This may have negative performance implications. Please set the heap size to the default value (10240) 
[1444097782.938513] [node063:4454 :0]         sys.c:719  MXM  WARN  Conflicting CPU frequencies detected, using: 1368.00
[1444097782.942647] [node063:4454 :0]         mxm.c:185  MXM  WARN  The 'ulimit -s' on the system is set to 'unlimited'. This may have negative performance implications. Please set the heap size to the default value (10240) 
UPCR: UPC thread  0 of 64 on node001 (pshm node  0 of 64, process  0 of 64, pid=17627)
UPCR: UPC thread 22 of 64 on node023 (pshm node 22 of 64, process 22 of 64, pid=9107)
UPCR: UPC thread 50 of 64 on node051 (pshm node 50 of 64, process 50 of 64, pid=32674)
UPCR: UPC thread 55 of 64 on node056 (pshm node 55 of 64, process 55 of 64, pid=23480)
UPCR: UPC thread 35 of 64 on node036 (pshm node 35 of 64, process 35 of 64, pid=24326)
UPCR: UPC thread 44 of 64 on node045 (pshm node 44 of 64, process 44 of 64, pid=18184)
UPCR: UPC thread  4 of 64 on node005 (pshm node  4 of 64, process  4 of 64, pid=26561)
UPCR: UPC thread 18 of 64 on node019 (pshm node 18 of 64, process 18 of 64, pid=8626)
UPCR: UPC thread 27 of 64 on node028 (pshm node 27 of 64, process 27 of 64, pid=1232)
UPCR: UPC thread 45 of 64 on node046 (pshm node 45 of 64, process 45 of 64, pid=11565)
UPCR: UPC thread 54 of 64 on node055 (pshm node 54 of 64, process 54 of 64, pid=24015)
UPCR: UPC thread 36 of 64 on node037 (pshm node 36 of 64, process 36 of 64, pid=26276)
UPCR: UPC thread 53 of 64 on node054 (pshm node 53 of 64, process 53 of 64, pid=23417)
UPCR: UPC thread 56 of 64 on node057 (pshm node 56 of 64, process 56 of 64, pid=29625)
UPCR: UPC thread  8 of 64 on node009 (pshm node  8 of 64, process  8 of 64, pid=20402)
UPCR: UPC thread 32 of 64 on node033 (pshm node 32 of 64, process 32 of 64, pid=28260)
UPCR: UPC thread 17 of 64 on node018 (pshm node 17 of 64, process 17 of 64, pid=26274)
UPCR: UPC thread 40 of 64 on node041 (pshm node 40 of 64, process 40 of 64, pid=20312)
UPCR: UPC thread 51 of 64 on node052 (pshm node 51 of 64, process 51 of 64, pid=24618)
UPCR: UPC thread 19 of 64 on node020 (pshm node 19 of 64, process 19 of 64, pid=3324)
UPCR: UPC thread 42 of 64 on node043 (pshm node 42 of 64, process 42 of 64, pid=20120)
UPCR: UPC thread 59 of 64 on node060 (pshm node 59 of 64, process 59 of 64, pid=27499)
UPCR: UPC thread 26 of 64 on node027 (pshm node 26 of 64, process 26 of 64, pid=10692)
UPCR: UPC thread 47 of 64 on node048 (pshm node 47 of 64, process 47 of 64, pid=6549)
UPCR: UPC thread 20 of 64 on node021 (pshm node 20 of 64, process 20 of 64, pid=8554)
UPCR: UPC thread 14 of 64 on node015 (pshm node 14 of 64, process 14 of 64, pid=21342)
UPCR: UPC thread  9 of 64 on node010 (pshm node  9 of 64, process  9 of 64, pid=8694)
UPCR: UPC thread 11 of 64 on node012 (pshm node 11 of 64, process 11 of 64, pid=5550)
UPCR: UPC thread 60 of 64 on node061 (pshm node 60 of 64, process 60 of 64, pid=2877)
UPCR: UPC thread  2 of 64 on node003 (pshm node  2 of 64, process  2 of 64, pid=9243)
UPCR: UPC thread 61 of 64 on node062 (pshm node 61 of 64, process 61 of 64, pid=30306)
UPCR: UPC thread 12 of 64 on node013 (pshm node 12 of 64, process 12 of 64, pid=17895)
UPCR: UPC thread 29 of 64 on node030 (pshm node 29 of 64, process 29 of 64, pid=20446)
UPCR: UPC thread  6 of 64 on node007 (pshm node  6 of 64, process  6 of 64, pid=13789)
UPCR: UPC thread 48 of 64 on node049 (pshm node 48 of 64, process 48 of 64, pid=5024)
UPCR: UPC thread  3 of 64 on node004 (pshm node  3 of 64, process  3 of 64, pid=321)
UPCR: UPC thread 49 of 64 on node050 (pshm node 49 of 64, process 49 of 64, pid=2199)
UPCR: UPC thread 16 of 64 on node017 (pshm node 16 of 64, process 16 of 64, pid=9953)
UPCR: UPC thread 37 of 64 on node038 (pshm node 37 of 64, process 37 of 64, pid=18551)
UPCR: UPC thread 15 of 64 on node016 (pshm node 15 of 64, process 15 of 64, pid=26293)
UPCR: UPC thread 43 of 64 on node044 (pshm node 43 of 64, process 43 of 64, pid=19919)
UPCR: UPC thread 63 of 64 on node064 (pshm node 63 of 64, process 63 of 64, pid=8193)
UPCR: UPC thread 62 of 64 on node063 (pshm node 62 of 64, process 62 of 64, pid=4454)
UPCR: UPC thread 46 of 64 on node047 (pshm node 46 of 64, process 46 of 64, pid=9779)
UPCR: UPC thread  5 of 64 on node006 (pshm node  5 of 64, process  5 of 64, pid=18062)
UPCR: UPC thread 33 of 64 on node034 (pshm node 33 of 64, process 33 of 64, pid=22257)
UPCR: UPC thread 24 of 64 on node025 (pshm node 24 of 64, process 24 of 64, pid=30050)
UPCR: UPC thread 34 of 64 on node035 (pshm node 34 of 64, process 34 of 64, pid=25847)
UPCR: UPC thread 57 of 64 on node058 (pshm node 57 of 64, process 57 of 64, pid=24134)
UPCR: UPC thread 31 of 64 on node032 (pshm node 31 of 64, process 31 of 64, pid=27188)
UPCR: UPC thread  7 of 64 on node008 (pshm node  7 of 64, process  7 of 64, pid=24183)
UPCR: UPC thread 58 of 64 on node059 (pshm node 58 of 64, process 58 of 64, pid=22188)
UPCR: UPC thread 25 of 64 on node026 (pshm node 25 of 64, process 25 of 64, pid=16797)
UPCR: UPC thread 23 of 64 on node024 (pshm node 23 of 64, process 23 of 64, pid=7056)
UPCR: UPC thread  1 of 64 on node002 (pshm node  1 of 64, process  1 of 64, pid=18375)
UPCR: UPC thread 30 of 64 on node031 (pshm node 30 of 64, process 30 of 64, pid=28502)
UPCR: UPC thread 41 of 64 on node042 (pshm node 41 of 64, process 41 of 64, pid=18082)
UPCR: UPC thread 10 of 64 on node011 (pshm node 10 of 64, process 10 of 64, pid=28617)
UPCR: UPC thread 38 of 64 on node039 (pshm node 38 of 64, process 38 of 64, pid=23317)
UPCR: UPC thread 28 of 64 on node029 (pshm node 28 of 64, process 28 of 64, pid=32402)
UPCR: UPC thread 21 of 64 on node022 (pshm node 21 of 64, process 21 of 64, pid=4774)
UPCR: UPC thread 13 of 64 on node014 (pshm node 13 of 64, process 13 of 64, pid=15896)
UPCR: UPC thread 52 of 64 on node053 (pshm node 52 of 64, process 52 of 64, pid=26085)
UPCR: UPC thread 39 of 64 on node040 (pshm node 39 of 64, process 39 of 64, pid=25897)
Initializing models/collision.5.9-rgs.bdd!
Vector size: 22
Bits per integer: 9
Number of BDD variables: 198
Loading initial states: 
Initial states loaded... 
Loading transition relations... 
22 integers per state, 9 bits per integer, 29 transition groups
BDD nodes:
Initial states: 198 BDD nodes
Transition 0: 526 BDD nodes
Transition 1: 404 BDD nodes
Transition 2: 80 BDD nodes
Transition 3: 651 BDD nodes
Transition 4: 670 BDD nodes
Transition 5: 629 BDD nodes
Transition 6: 565 BDD nodes
Transition 7: 124 BDD nodes
Transition 8: 61 BDD nodes
Transition 9: 112 BDD nodes
Transition 10: 121 BDD nodes
Transition 11: 117 BDD nodes
Transition 12: 123 BDD nodes
Transition 13: 71 BDD nodes
Transition 14: 60 BDD nodes
Transition 15: 88 BDD nodes
Transition 16: 36 BDD nodes
Transition 17: 71 BDD nodes
Transition 18: 64 BDD nodes
Transition 19: 88 BDD nodes
Transition 20: 36 BDD nodes
Transition 21: 74 BDD nodes
Transition 22: 60 BDD nodes
Transition 23: 86 BDD nodes
Transition 24: 36 BDD nodes
Transition 25: 71 BDD nodes
Transition 26: 60 BDD nodes
Transition 27: 96 BDD nodes
Transition 28: 36 BDD nodes
Level 1... done. 
Level 2... done. 
Level 3... done. 
Level 4... done. 
Level 5... done. 
Level 6... done. 
Level 7... done. 
Level 8... done. 
Level 9... done. 
Level 10... done. 
Level 11... done. 
Level 12... done. 
Level 13... done. 
Level 14... done. 
Level 15... done. 
Level 16... done. 
Level 17... done. 
Level 18... done. 
Level 19... done. 
Level 20... done. 
Level 21... done. 
Level 22... done. 
Level 23... done. 
Level 24... done. 
Level 25... done. 
Level 26... done. 
Level 27... done. 
Level 28... done. 
Level 29... done. 
Level 30... done. 
Level 31... done. 
Level 32... done. 
Level 33... done. 
Level 34... done. 
Level 35... done. 
Level 36... done. 
Level 37... done. 
Level 38... done. 
Level 39... done. 
Level 40... done. 
Level 41... done. 
Level 42... done. 
Level 43... done. 
Level 44... done. 
Level 45... done. 
Level 46... done. 
Level 47... done. 
Level 48... done. 
Level 49... done. 
Level 50... done. 
Level 51... done. 
Level 52... done. 
Level 53... done. 
Level 54... done. 
Level 55... done. 
Level 56... done. 
Level 57... done. 
Level 58... done. 
Level 59... done. 
Level 60... done. 
Level 61... done. 
Level 62... done. 
Level 63... done. 
Level 64... done. 
Level 65... done. 
Level 66... done. 
Level 67... done. 
Level 68... done. 
Level 69... done. 
Level 70... done. 
Level 71... done. 
Level 72... done. 
Level 73... done. 
Level 74... done. 
Level 75... done. 
Level 76... done. 
Level 77... done. 
Level 78... done. 
Level 79... done. 
Level 80... done. 
Level 81... done. 
Level 82... done. 
Level 83... done. 
Level 84... done. 
Level 85... done. 
Level 86... done. 
Level 87... done. 
Level 88... done. 
Level 89... done. 
Level 90... done. 
Level 91... done. 
Level 92... done. 
Level 93... done. 
Level 94... done. 
Level 95... done. 
Level 96... done. 
Level 97... done. 
Level 98... done. 
Level 99... done. 
Level 100... done. 
Level 101... done. 
Level 102... done. 
Level 103... done. 
Level 104... done. 
Level 105... done. 
Level 106... done. 
Level 107... done. 
Level 108... done. 
Level 109... done. 
Level 110... done. 
Level 111... done. 
Level 112... done. 
Level 113... done. 
Level 114... done. 
Level 115... done. 
Level 116... done. 
Level 117... done. 
Level 118... done. 
Level 119... done. 
Level 120... done. 
Level 121... done. 
Level 122... done. 
Level 123... done. 
Level 124... done. 
Level 125... done. 
Level 126... done. 
Level 127... done. 
Level 128... done. 
Level 129... done. 
Level 130... done. 
Level 131... done. 
Level 132... done. 
Level 133... done. 
Level 134... done. 
Level 135... done. 
Level 136... done. 
Level 137... done. 
Level 138... done. 
Level 139... done. 
Level 140... done. 
Level 141... done. 
Level 142... done. 
Level 143... done. 
Level 144... done. 
Level 145... done. 
Level 146... done. 
Level 147... done. 
Level 148... done. 
Level 149... done. 
Level 150... done. 
Level 151... done. 
Level 152... done. 
Level 153... done. 
Level 154... done. 
Level 155... done. 
Level 156... done. 
Level 157... done. 
Level 158... done. 
Level 159... done. 
Level 160... done. 
Level 161... done. 
Level 162... done. 
Level 163... done. 
Level 164... done. 
Level 165... done. 
Level 166... done. 
Level 167... done. 
Level 168... done. 
Level 169... done. 
Level 170... done. 
Level 171... done. 
Level 172... done. 
Level 173... done. 
Level 174... done. 
Level 175... done. 
Level 176... done. 
Level 177... done. 
Level 178... done. 
Level 179... done. 
Level 180... done. 
Level 181... done. 
PAR Time: 405.714198
Final states: 431965993 states
Final states: 34341 BDD nodes
[1444097780.291139] [node001:17582:0]         sys.c:719  MXM  WARN  Conflicting CPU frequencies detected, using: 3200.81
